[2025-03-31T21:20:42.004+0000] {processor.py:186} INFO - Started process (PID=90) to work on /home/airflow/.local/lib/python3.12/site-packages/airflow/example_dags/example_branch_labels.py
[2025-03-31T21:20:42.007+0000] {processor.py:914} INFO - Processing file /home/airflow/.local/lib/python3.12/site-packages/airflow/example_dags/example_branch_labels.py for tasks to queue
[2025-03-31T21:20:42.015+0000] {logging_mixin.py:190} INFO - [2025-03-31T21:20:42.015+0000] {dagbag.py:588} INFO - Filling up the DagBag from /home/airflow/.local/lib/python3.12/site-packages/airflow/example_dags/example_branch_labels.py
[2025-03-31T21:20:42.059+0000] {processor.py:925} INFO - DAG(s) 'example_branch_labels' retrieved from /home/airflow/.local/lib/python3.12/site-packages/airflow/example_dags/example_branch_labels.py
[2025-03-31T21:20:42.345+0000] {logging_mixin.py:190} INFO - [2025-03-31T21:20:42.344+0000] {override.py:1912} INFO - Created Permission View: can edit on DAG:example_branch_labels
[2025-03-31T21:20:42.366+0000] {logging_mixin.py:190} INFO - [2025-03-31T21:20:42.365+0000] {override.py:1912} INFO - Created Permission View: can delete on DAG:example_branch_labels
[2025-03-31T21:20:42.393+0000] {logging_mixin.py:190} INFO - [2025-03-31T21:20:42.392+0000] {override.py:1912} INFO - Created Permission View: can read on DAG:example_branch_labels
[2025-03-31T21:20:42.433+0000] {logging_mixin.py:190} INFO - [2025-03-31T21:20:42.433+0000] {override.py:1912} INFO - Created Permission View: menu access on DAG Run:example_branch_labels
[2025-03-31T21:20:42.450+0000] {logging_mixin.py:190} INFO - [2025-03-31T21:20:42.450+0000] {override.py:1912} INFO - Created Permission View: can delete on DAG Run:example_branch_labels
[2025-03-31T21:20:42.462+0000] {logging_mixin.py:190} INFO - [2025-03-31T21:20:42.462+0000] {override.py:1912} INFO - Created Permission View: can read on DAG Run:example_branch_labels
[2025-03-31T21:20:42.481+0000] {logging_mixin.py:190} INFO - [2025-03-31T21:20:42.481+0000] {override.py:1912} INFO - Created Permission View: can create on DAG Run:example_branch_labels
[2025-03-31T21:20:42.483+0000] {logging_mixin.py:190} INFO - [2025-03-31T21:20:42.482+0000] {dag.py:3239} INFO - Sync 1 DAGs
[2025-03-31T21:20:42.509+0000] {logging_mixin.py:190} INFO - [2025-03-31T21:20:42.509+0000] {dag.py:3262} INFO - Creating ORM DAG for example_branch_labels
[2025-03-31T21:20:42.532+0000] {logging_mixin.py:190} INFO - [2025-03-31T21:20:42.531+0000] {dag.py:4180} INFO - Setting next_dagrun for example_branch_labels to 2025-03-30 00:00:00+00:00, run_after=2025-03-31 00:00:00+00:00
[2025-03-31T21:20:42.565+0000] {processor.py:208} INFO - Processing /home/airflow/.local/lib/python3.12/site-packages/airflow/example_dags/example_branch_labels.py took 0.577 seconds
[2025-03-31T21:22:13.683+0000] {processor.py:186} INFO - Started process (PID=147) to work on /home/airflow/.local/lib/python3.12/site-packages/airflow/example_dags/example_branch_labels.py
[2025-03-31T21:22:13.685+0000] {processor.py:914} INFO - Processing file /home/airflow/.local/lib/python3.12/site-packages/airflow/example_dags/example_branch_labels.py for tasks to queue
[2025-03-31T21:22:13.693+0000] {logging_mixin.py:190} INFO - [2025-03-31T21:22:13.692+0000] {dagbag.py:588} INFO - Filling up the DagBag from /home/airflow/.local/lib/python3.12/site-packages/airflow/example_dags/example_branch_labels.py
[2025-03-31T21:22:13.744+0000] {processor.py:925} INFO - DAG(s) 'example_branch_labels' retrieved from /home/airflow/.local/lib/python3.12/site-packages/airflow/example_dags/example_branch_labels.py
[2025-03-31T21:22:13.843+0000] {logging_mixin.py:190} INFO - [2025-03-31T21:22:13.843+0000] {dag.py:3239} INFO - Sync 1 DAGs
[2025-03-31T21:22:13.895+0000] {logging_mixin.py:190} INFO - [2025-03-31T21:22:13.894+0000] {dag.py:4180} INFO - Setting next_dagrun for example_branch_labels to 2025-03-30 00:00:00+00:00, run_after=2025-03-31 00:00:00+00:00
[2025-03-31T21:22:13.928+0000] {processor.py:208} INFO - Processing /home/airflow/.local/lib/python3.12/site-packages/airflow/example_dags/example_branch_labels.py took 0.267 seconds
[2025-03-31T21:22:46.936+0000] {processor.py:186} INFO - Started process (PID=210) to work on /home/airflow/.local/lib/python3.12/site-packages/airflow/example_dags/example_branch_labels.py
[2025-03-31T21:22:46.938+0000] {processor.py:914} INFO - Processing file /home/airflow/.local/lib/python3.12/site-packages/airflow/example_dags/example_branch_labels.py for tasks to queue
[2025-03-31T21:22:46.942+0000] {logging_mixin.py:190} INFO - [2025-03-31T21:22:46.941+0000] {dagbag.py:588} INFO - Filling up the DagBag from /home/airflow/.local/lib/python3.12/site-packages/airflow/example_dags/example_branch_labels.py
[2025-03-31T21:22:46.959+0000] {processor.py:925} INFO - DAG(s) 'example_branch_labels' retrieved from /home/airflow/.local/lib/python3.12/site-packages/airflow/example_dags/example_branch_labels.py
[2025-03-31T21:22:46.991+0000] {logging_mixin.py:190} INFO - [2025-03-31T21:22:46.990+0000] {dag.py:3239} INFO - Sync 1 DAGs
[2025-03-31T21:22:47.034+0000] {logging_mixin.py:190} INFO - [2025-03-31T21:22:47.034+0000] {dag.py:4180} INFO - Setting next_dagrun for example_branch_labels to 2025-03-30 00:00:00+00:00, run_after=2025-03-31 00:00:00+00:00
[2025-03-31T21:22:47.064+0000] {processor.py:208} INFO - Processing /home/airflow/.local/lib/python3.12/site-packages/airflow/example_dags/example_branch_labels.py took 0.138 seconds
[2025-03-31T21:23:25.142+0000] {processor.py:186} INFO - Started process (PID=279) to work on /home/airflow/.local/lib/python3.12/site-packages/airflow/example_dags/example_branch_labels.py
[2025-03-31T21:23:25.144+0000] {processor.py:914} INFO - Processing file /home/airflow/.local/lib/python3.12/site-packages/airflow/example_dags/example_branch_labels.py for tasks to queue
[2025-03-31T21:23:25.149+0000] {logging_mixin.py:190} INFO - [2025-03-31T21:23:25.148+0000] {dagbag.py:588} INFO - Filling up the DagBag from /home/airflow/.local/lib/python3.12/site-packages/airflow/example_dags/example_branch_labels.py
[2025-03-31T21:23:25.179+0000] {processor.py:925} INFO - DAG(s) 'example_branch_labels' retrieved from /home/airflow/.local/lib/python3.12/site-packages/airflow/example_dags/example_branch_labels.py
[2025-03-31T21:23:25.250+0000] {logging_mixin.py:190} INFO - [2025-03-31T21:23:25.250+0000] {dag.py:3239} INFO - Sync 1 DAGs
[2025-03-31T21:23:25.389+0000] {logging_mixin.py:190} INFO - [2025-03-31T21:23:25.388+0000] {dag.py:4180} INFO - Setting next_dagrun for example_branch_labels to 2025-03-30 00:00:00+00:00, run_after=2025-03-31 00:00:00+00:00
[2025-03-31T21:23:25.445+0000] {processor.py:208} INFO - Processing /home/airflow/.local/lib/python3.12/site-packages/airflow/example_dags/example_branch_labels.py took 0.318 seconds
[2025-03-31T21:23:59.519+0000] {processor.py:186} INFO - Started process (PID=341) to work on /home/airflow/.local/lib/python3.12/site-packages/airflow/example_dags/example_branch_labels.py
[2025-03-31T21:23:59.525+0000] {processor.py:914} INFO - Processing file /home/airflow/.local/lib/python3.12/site-packages/airflow/example_dags/example_branch_labels.py for tasks to queue
[2025-03-31T21:23:59.547+0000] {logging_mixin.py:190} INFO - [2025-03-31T21:23:59.546+0000] {dagbag.py:588} INFO - Filling up the DagBag from /home/airflow/.local/lib/python3.12/site-packages/airflow/example_dags/example_branch_labels.py
[2025-03-31T21:23:59.612+0000] {processor.py:925} INFO - DAG(s) 'example_branch_labels' retrieved from /home/airflow/.local/lib/python3.12/site-packages/airflow/example_dags/example_branch_labels.py
[2025-03-31T21:23:59.702+0000] {logging_mixin.py:190} INFO - [2025-03-31T21:23:59.701+0000] {dag.py:3239} INFO - Sync 1 DAGs
[2025-03-31T21:23:59.791+0000] {logging_mixin.py:190} INFO - [2025-03-31T21:23:59.790+0000] {dag.py:4180} INFO - Setting next_dagrun for example_branch_labels to 2025-03-30 00:00:00+00:00, run_after=2025-03-31 00:00:00+00:00
[2025-03-31T21:23:59.861+0000] {processor.py:208} INFO - Processing /home/airflow/.local/lib/python3.12/site-packages/airflow/example_dags/example_branch_labels.py took 0.369 seconds
[2025-03-31T21:24:33.701+0000] {processor.py:186} INFO - Started process (PID=404) to work on /home/airflow/.local/lib/python3.12/site-packages/airflow/example_dags/example_branch_labels.py
[2025-03-31T21:24:33.712+0000] {processor.py:914} INFO - Processing file /home/airflow/.local/lib/python3.12/site-packages/airflow/example_dags/example_branch_labels.py for tasks to queue
[2025-03-31T21:24:33.750+0000] {logging_mixin.py:190} INFO - [2025-03-31T21:24:33.749+0000] {dagbag.py:588} INFO - Filling up the DagBag from /home/airflow/.local/lib/python3.12/site-packages/airflow/example_dags/example_branch_labels.py
[2025-03-31T21:24:33.813+0000] {processor.py:925} INFO - DAG(s) 'example_branch_labels' retrieved from /home/airflow/.local/lib/python3.12/site-packages/airflow/example_dags/example_branch_labels.py
[2025-03-31T21:24:34.006+0000] {logging_mixin.py:190} INFO - [2025-03-31T21:24:34.005+0000] {dag.py:3239} INFO - Sync 1 DAGs
[2025-03-31T21:24:34.213+0000] {logging_mixin.py:190} INFO - [2025-03-31T21:24:34.211+0000] {dag.py:4180} INFO - Setting next_dagrun for example_branch_labels to 2025-03-30 00:00:00+00:00, run_after=2025-03-31 00:00:00+00:00
[2025-03-31T21:24:34.327+0000] {processor.py:208} INFO - Processing /home/airflow/.local/lib/python3.12/site-packages/airflow/example_dags/example_branch_labels.py took 0.667 seconds
[2025-03-31T21:25:06.777+0000] {processor.py:186} INFO - Started process (PID=467) to work on /home/airflow/.local/lib/python3.12/site-packages/airflow/example_dags/example_branch_labels.py
[2025-03-31T21:25:06.779+0000] {processor.py:914} INFO - Processing file /home/airflow/.local/lib/python3.12/site-packages/airflow/example_dags/example_branch_labels.py for tasks to queue
[2025-03-31T21:25:06.786+0000] {logging_mixin.py:190} INFO - [2025-03-31T21:25:06.784+0000] {dagbag.py:588} INFO - Filling up the DagBag from /home/airflow/.local/lib/python3.12/site-packages/airflow/example_dags/example_branch_labels.py
[2025-03-31T21:25:06.819+0000] {processor.py:925} INFO - DAG(s) 'example_branch_labels' retrieved from /home/airflow/.local/lib/python3.12/site-packages/airflow/example_dags/example_branch_labels.py
[2025-03-31T21:25:06.930+0000] {logging_mixin.py:190} INFO - [2025-03-31T21:25:06.926+0000] {dag.py:3239} INFO - Sync 1 DAGs
[2025-03-31T21:25:07.197+0000] {logging_mixin.py:190} INFO - [2025-03-31T21:25:07.194+0000] {dag.py:4180} INFO - Setting next_dagrun for example_branch_labels to 2025-03-30 00:00:00+00:00, run_after=2025-03-31 00:00:00+00:00
[2025-03-31T21:25:07.298+0000] {processor.py:208} INFO - Processing /home/airflow/.local/lib/python3.12/site-packages/airflow/example_dags/example_branch_labels.py took 0.542 seconds
[2025-03-31T21:26:39.686+0000] {processor.py:186} INFO - Started process (PID=509) to work on /home/airflow/.local/lib/python3.12/site-packages/airflow/example_dags/example_branch_labels.py
[2025-03-31T21:26:39.695+0000] {processor.py:914} INFO - Processing file /home/airflow/.local/lib/python3.12/site-packages/airflow/example_dags/example_branch_labels.py for tasks to queue
[2025-03-31T21:26:39.717+0000] {logging_mixin.py:190} INFO - [2025-03-31T21:26:39.705+0000] {dagbag.py:588} INFO - Filling up the DagBag from /home/airflow/.local/lib/python3.12/site-packages/airflow/example_dags/example_branch_labels.py
[2025-03-31T21:26:39.838+0000] {processor.py:925} INFO - DAG(s) 'example_branch_labels' retrieved from /home/airflow/.local/lib/python3.12/site-packages/airflow/example_dags/example_branch_labels.py
[2025-03-31T21:26:40.065+0000] {logging_mixin.py:190} INFO - [2025-03-31T21:26:40.064+0000] {dag.py:3239} INFO - Sync 1 DAGs
[2025-03-31T21:26:40.187+0000] {logging_mixin.py:190} INFO - [2025-03-31T21:26:40.187+0000] {dag.py:4180} INFO - Setting next_dagrun for example_branch_labels to 2025-03-30 00:00:00+00:00, run_after=2025-03-31 00:00:00+00:00
[2025-03-31T21:26:40.234+0000] {processor.py:208} INFO - Processing /home/airflow/.local/lib/python3.12/site-packages/airflow/example_dags/example_branch_labels.py took 0.630 seconds
[2025-03-31T21:27:10.822+0000] {processor.py:186} INFO - Started process (PID=572) to work on /home/airflow/.local/lib/python3.12/site-packages/airflow/example_dags/example_branch_labels.py
[2025-03-31T21:27:10.824+0000] {processor.py:914} INFO - Processing file /home/airflow/.local/lib/python3.12/site-packages/airflow/example_dags/example_branch_labels.py for tasks to queue
[2025-03-31T21:27:10.829+0000] {logging_mixin.py:190} INFO - [2025-03-31T21:27:10.827+0000] {dagbag.py:588} INFO - Filling up the DagBag from /home/airflow/.local/lib/python3.12/site-packages/airflow/example_dags/example_branch_labels.py
[2025-03-31T21:27:10.850+0000] {processor.py:925} INFO - DAG(s) 'example_branch_labels' retrieved from /home/airflow/.local/lib/python3.12/site-packages/airflow/example_dags/example_branch_labels.py
[2025-03-31T21:27:10.946+0000] {logging_mixin.py:190} INFO - [2025-03-31T21:27:10.946+0000] {dag.py:3239} INFO - Sync 1 DAGs
[2025-03-31T21:27:11.000+0000] {logging_mixin.py:190} INFO - [2025-03-31T21:27:11.000+0000] {dag.py:4180} INFO - Setting next_dagrun for example_branch_labels to 2025-03-30 00:00:00+00:00, run_after=2025-03-31 00:00:00+00:00
[2025-03-31T21:27:11.050+0000] {processor.py:208} INFO - Processing /home/airflow/.local/lib/python3.12/site-packages/airflow/example_dags/example_branch_labels.py took 0.241 seconds
[2025-03-31T21:27:41.916+0000] {processor.py:186} INFO - Started process (PID=634) to work on /home/airflow/.local/lib/python3.12/site-packages/airflow/example_dags/example_branch_labels.py
[2025-03-31T21:27:41.921+0000] {processor.py:914} INFO - Processing file /home/airflow/.local/lib/python3.12/site-packages/airflow/example_dags/example_branch_labels.py for tasks to queue
[2025-03-31T21:27:41.934+0000] {logging_mixin.py:190} INFO - [2025-03-31T21:27:41.933+0000] {dagbag.py:588} INFO - Filling up the DagBag from /home/airflow/.local/lib/python3.12/site-packages/airflow/example_dags/example_branch_labels.py
[2025-03-31T21:27:41.970+0000] {processor.py:925} INFO - DAG(s) 'example_branch_labels' retrieved from /home/airflow/.local/lib/python3.12/site-packages/airflow/example_dags/example_branch_labels.py
[2025-03-31T21:27:42.013+0000] {logging_mixin.py:190} INFO - [2025-03-31T21:27:42.012+0000] {dag.py:3239} INFO - Sync 1 DAGs
[2025-03-31T21:27:42.062+0000] {logging_mixin.py:190} INFO - [2025-03-31T21:27:42.061+0000] {dag.py:4180} INFO - Setting next_dagrun for example_branch_labels to 2025-03-30 00:00:00+00:00, run_after=2025-03-31 00:00:00+00:00
[2025-03-31T21:27:42.095+0000] {processor.py:208} INFO - Processing /home/airflow/.local/lib/python3.12/site-packages/airflow/example_dags/example_branch_labels.py took 0.213 seconds
[2025-03-31T21:28:12.534+0000] {processor.py:186} INFO - Started process (PID=697) to work on /home/airflow/.local/lib/python3.12/site-packages/airflow/example_dags/example_branch_labels.py
[2025-03-31T21:28:12.537+0000] {processor.py:914} INFO - Processing file /home/airflow/.local/lib/python3.12/site-packages/airflow/example_dags/example_branch_labels.py for tasks to queue
[2025-03-31T21:28:12.540+0000] {logging_mixin.py:190} INFO - [2025-03-31T21:28:12.538+0000] {dagbag.py:588} INFO - Filling up the DagBag from /home/airflow/.local/lib/python3.12/site-packages/airflow/example_dags/example_branch_labels.py
[2025-03-31T21:28:12.562+0000] {processor.py:925} INFO - DAG(s) 'example_branch_labels' retrieved from /home/airflow/.local/lib/python3.12/site-packages/airflow/example_dags/example_branch_labels.py
[2025-03-31T21:28:12.610+0000] {logging_mixin.py:190} INFO - [2025-03-31T21:28:12.610+0000] {dag.py:3239} INFO - Sync 1 DAGs
[2025-03-31T21:28:12.659+0000] {logging_mixin.py:190} INFO - [2025-03-31T21:28:12.658+0000] {dag.py:4180} INFO - Setting next_dagrun for example_branch_labels to 2025-03-30 00:00:00+00:00, run_after=2025-03-31 00:00:00+00:00
[2025-03-31T21:28:12.698+0000] {processor.py:208} INFO - Processing /home/airflow/.local/lib/python3.12/site-packages/airflow/example_dags/example_branch_labels.py took 0.181 seconds
[2025-03-31T21:28:42.905+0000] {processor.py:186} INFO - Started process (PID=760) to work on /home/airflow/.local/lib/python3.12/site-packages/airflow/example_dags/example_branch_labels.py
[2025-03-31T21:28:42.908+0000] {processor.py:914} INFO - Processing file /home/airflow/.local/lib/python3.12/site-packages/airflow/example_dags/example_branch_labels.py for tasks to queue
[2025-03-31T21:28:42.916+0000] {logging_mixin.py:190} INFO - [2025-03-31T21:28:42.911+0000] {dagbag.py:588} INFO - Filling up the DagBag from /home/airflow/.local/lib/python3.12/site-packages/airflow/example_dags/example_branch_labels.py
[2025-03-31T21:28:42.964+0000] {processor.py:925} INFO - DAG(s) 'example_branch_labels' retrieved from /home/airflow/.local/lib/python3.12/site-packages/airflow/example_dags/example_branch_labels.py
[2025-03-31T21:28:43.009+0000] {logging_mixin.py:190} INFO - [2025-03-31T21:28:43.009+0000] {dag.py:3239} INFO - Sync 1 DAGs
[2025-03-31T21:28:43.052+0000] {logging_mixin.py:190} INFO - [2025-03-31T21:28:43.051+0000] {dag.py:4180} INFO - Setting next_dagrun for example_branch_labels to 2025-03-30 00:00:00+00:00, run_after=2025-03-31 00:00:00+00:00
[2025-03-31T21:28:43.109+0000] {processor.py:208} INFO - Processing /home/airflow/.local/lib/python3.12/site-packages/airflow/example_dags/example_branch_labels.py took 0.214 seconds
[2025-03-31T21:29:13.249+0000] {processor.py:186} INFO - Started process (PID=823) to work on /home/airflow/.local/lib/python3.12/site-packages/airflow/example_dags/example_branch_labels.py
[2025-03-31T21:29:13.253+0000] {processor.py:914} INFO - Processing file /home/airflow/.local/lib/python3.12/site-packages/airflow/example_dags/example_branch_labels.py for tasks to queue
[2025-03-31T21:29:13.256+0000] {logging_mixin.py:190} INFO - [2025-03-31T21:29:13.256+0000] {dagbag.py:588} INFO - Filling up the DagBag from /home/airflow/.local/lib/python3.12/site-packages/airflow/example_dags/example_branch_labels.py
[2025-03-31T21:29:13.283+0000] {processor.py:925} INFO - DAG(s) 'example_branch_labels' retrieved from /home/airflow/.local/lib/python3.12/site-packages/airflow/example_dags/example_branch_labels.py
[2025-03-31T21:29:13.338+0000] {logging_mixin.py:190} INFO - [2025-03-31T21:29:13.337+0000] {dag.py:3239} INFO - Sync 1 DAGs
[2025-03-31T21:29:13.400+0000] {logging_mixin.py:190} INFO - [2025-03-31T21:29:13.400+0000] {dag.py:4180} INFO - Setting next_dagrun for example_branch_labels to 2025-03-30 00:00:00+00:00, run_after=2025-03-31 00:00:00+00:00
[2025-03-31T21:29:13.445+0000] {processor.py:208} INFO - Processing /home/airflow/.local/lib/python3.12/site-packages/airflow/example_dags/example_branch_labels.py took 0.213 seconds
[2025-03-31T21:29:44.232+0000] {processor.py:186} INFO - Started process (PID=886) to work on /home/airflow/.local/lib/python3.12/site-packages/airflow/example_dags/example_branch_labels.py
[2025-03-31T21:29:44.234+0000] {processor.py:914} INFO - Processing file /home/airflow/.local/lib/python3.12/site-packages/airflow/example_dags/example_branch_labels.py for tasks to queue
[2025-03-31T21:29:44.239+0000] {logging_mixin.py:190} INFO - [2025-03-31T21:29:44.238+0000] {dagbag.py:588} INFO - Filling up the DagBag from /home/airflow/.local/lib/python3.12/site-packages/airflow/example_dags/example_branch_labels.py
[2025-03-31T21:29:44.265+0000] {processor.py:925} INFO - DAG(s) 'example_branch_labels' retrieved from /home/airflow/.local/lib/python3.12/site-packages/airflow/example_dags/example_branch_labels.py
[2025-03-31T21:29:44.340+0000] {logging_mixin.py:190} INFO - [2025-03-31T21:29:44.340+0000] {dag.py:3239} INFO - Sync 1 DAGs
[2025-03-31T21:29:44.437+0000] {logging_mixin.py:190} INFO - [2025-03-31T21:29:44.437+0000] {dag.py:4180} INFO - Setting next_dagrun for example_branch_labels to 2025-03-30 00:00:00+00:00, run_after=2025-03-31 00:00:00+00:00
[2025-03-31T21:29:44.497+0000] {processor.py:208} INFO - Processing /home/airflow/.local/lib/python3.12/site-packages/airflow/example_dags/example_branch_labels.py took 0.280 seconds
[2025-03-31T21:30:39.095+0000] {processor.py:186} INFO - Started process (PID=930) to work on /home/airflow/.local/lib/python3.12/site-packages/airflow/example_dags/example_branch_labels.py
[2025-03-31T21:30:39.105+0000] {processor.py:914} INFO - Processing file /home/airflow/.local/lib/python3.12/site-packages/airflow/example_dags/example_branch_labels.py for tasks to queue
[2025-03-31T21:30:39.109+0000] {logging_mixin.py:190} INFO - [2025-03-31T21:30:39.108+0000] {dagbag.py:588} INFO - Filling up the DagBag from /home/airflow/.local/lib/python3.12/site-packages/airflow/example_dags/example_branch_labels.py
[2025-03-31T21:30:39.147+0000] {processor.py:925} INFO - DAG(s) 'example_branch_labels' retrieved from /home/airflow/.local/lib/python3.12/site-packages/airflow/example_dags/example_branch_labels.py
[2025-03-31T21:30:39.218+0000] {logging_mixin.py:190} INFO - [2025-03-31T21:30:39.218+0000] {dag.py:3239} INFO - Sync 1 DAGs
[2025-03-31T21:30:39.340+0000] {logging_mixin.py:190} INFO - [2025-03-31T21:30:39.340+0000] {dag.py:4180} INFO - Setting next_dagrun for example_branch_labels to 2025-03-30 00:00:00+00:00, run_after=2025-03-31 00:00:00+00:00
[2025-03-31T21:30:39.425+0000] {processor.py:208} INFO - Processing /home/airflow/.local/lib/python3.12/site-packages/airflow/example_dags/example_branch_labels.py took 0.343 seconds
[2025-03-31T21:31:09.603+0000] {processor.py:186} INFO - Started process (PID=994) to work on /home/airflow/.local/lib/python3.12/site-packages/airflow/example_dags/example_branch_labels.py
[2025-03-31T21:31:09.604+0000] {processor.py:914} INFO - Processing file /home/airflow/.local/lib/python3.12/site-packages/airflow/example_dags/example_branch_labels.py for tasks to queue
[2025-03-31T21:31:09.609+0000] {logging_mixin.py:190} INFO - [2025-03-31T21:31:09.608+0000] {dagbag.py:588} INFO - Filling up the DagBag from /home/airflow/.local/lib/python3.12/site-packages/airflow/example_dags/example_branch_labels.py
[2025-03-31T21:31:09.627+0000] {processor.py:925} INFO - DAG(s) 'example_branch_labels' retrieved from /home/airflow/.local/lib/python3.12/site-packages/airflow/example_dags/example_branch_labels.py
[2025-03-31T21:31:09.663+0000] {logging_mixin.py:190} INFO - [2025-03-31T21:31:09.662+0000] {dag.py:3239} INFO - Sync 1 DAGs
[2025-03-31T21:31:09.703+0000] {logging_mixin.py:190} INFO - [2025-03-31T21:31:09.703+0000] {dag.py:4180} INFO - Setting next_dagrun for example_branch_labels to 2025-03-30 00:00:00+00:00, run_after=2025-03-31 00:00:00+00:00
[2025-03-31T21:31:09.733+0000] {processor.py:208} INFO - Processing /home/airflow/.local/lib/python3.12/site-packages/airflow/example_dags/example_branch_labels.py took 0.143 seconds
[2025-03-31T21:31:40.640+0000] {processor.py:186} INFO - Started process (PID=1058) to work on /home/airflow/.local/lib/python3.12/site-packages/airflow/example_dags/example_branch_labels.py
[2025-03-31T21:31:40.642+0000] {processor.py:914} INFO - Processing file /home/airflow/.local/lib/python3.12/site-packages/airflow/example_dags/example_branch_labels.py for tasks to queue
[2025-03-31T21:31:40.645+0000] {logging_mixin.py:190} INFO - [2025-03-31T21:31:40.644+0000] {dagbag.py:588} INFO - Filling up the DagBag from /home/airflow/.local/lib/python3.12/site-packages/airflow/example_dags/example_branch_labels.py
[2025-03-31T21:31:40.668+0000] {processor.py:925} INFO - DAG(s) 'example_branch_labels' retrieved from /home/airflow/.local/lib/python3.12/site-packages/airflow/example_dags/example_branch_labels.py
[2025-03-31T21:31:40.741+0000] {logging_mixin.py:190} INFO - [2025-03-31T21:31:40.741+0000] {dag.py:3239} INFO - Sync 1 DAGs
[2025-03-31T21:31:40.823+0000] {logging_mixin.py:190} INFO - [2025-03-31T21:31:40.823+0000] {dag.py:4180} INFO - Setting next_dagrun for example_branch_labels to 2025-03-30 00:00:00+00:00, run_after=2025-03-31 00:00:00+00:00
[2025-03-31T21:31:40.882+0000] {processor.py:208} INFO - Processing /home/airflow/.local/lib/python3.12/site-packages/airflow/example_dags/example_branch_labels.py took 0.259 seconds
[2025-03-31T21:32:11.064+0000] {processor.py:186} INFO - Started process (PID=1121) to work on /home/airflow/.local/lib/python3.12/site-packages/airflow/example_dags/example_branch_labels.py
[2025-03-31T21:32:11.067+0000] {processor.py:914} INFO - Processing file /home/airflow/.local/lib/python3.12/site-packages/airflow/example_dags/example_branch_labels.py for tasks to queue
[2025-03-31T21:32:11.074+0000] {logging_mixin.py:190} INFO - [2025-03-31T21:32:11.073+0000] {dagbag.py:588} INFO - Filling up the DagBag from /home/airflow/.local/lib/python3.12/site-packages/airflow/example_dags/example_branch_labels.py
[2025-03-31T21:32:11.095+0000] {processor.py:925} INFO - DAG(s) 'example_branch_labels' retrieved from /home/airflow/.local/lib/python3.12/site-packages/airflow/example_dags/example_branch_labels.py
[2025-03-31T21:32:11.139+0000] {logging_mixin.py:190} INFO - [2025-03-31T21:32:11.139+0000] {dag.py:3239} INFO - Sync 1 DAGs
[2025-03-31T21:32:11.195+0000] {logging_mixin.py:190} INFO - [2025-03-31T21:32:11.195+0000] {dag.py:4180} INFO - Setting next_dagrun for example_branch_labels to 2025-03-30 00:00:00+00:00, run_after=2025-03-31 00:00:00+00:00
[2025-03-31T21:32:11.236+0000] {processor.py:208} INFO - Processing /home/airflow/.local/lib/python3.12/site-packages/airflow/example_dags/example_branch_labels.py took 0.184 seconds
[2025-03-31T21:32:42.063+0000] {processor.py:186} INFO - Started process (PID=1184) to work on /home/airflow/.local/lib/python3.12/site-packages/airflow/example_dags/example_branch_labels.py
[2025-03-31T21:32:42.069+0000] {processor.py:914} INFO - Processing file /home/airflow/.local/lib/python3.12/site-packages/airflow/example_dags/example_branch_labels.py for tasks to queue
[2025-03-31T21:32:42.073+0000] {logging_mixin.py:190} INFO - [2025-03-31T21:32:42.073+0000] {dagbag.py:588} INFO - Filling up the DagBag from /home/airflow/.local/lib/python3.12/site-packages/airflow/example_dags/example_branch_labels.py
[2025-03-31T21:32:42.126+0000] {processor.py:925} INFO - DAG(s) 'example_branch_labels' retrieved from /home/airflow/.local/lib/python3.12/site-packages/airflow/example_dags/example_branch_labels.py
[2025-03-31T21:32:42.232+0000] {logging_mixin.py:190} INFO - [2025-03-31T21:32:42.232+0000] {dag.py:3239} INFO - Sync 1 DAGs
[2025-03-31T21:32:42.339+0000] {logging_mixin.py:190} INFO - [2025-03-31T21:32:42.338+0000] {dag.py:4180} INFO - Setting next_dagrun for example_branch_labels to 2025-03-30 00:00:00+00:00, run_after=2025-03-31 00:00:00+00:00
[2025-03-31T21:32:42.443+0000] {processor.py:208} INFO - Processing /home/airflow/.local/lib/python3.12/site-packages/airflow/example_dags/example_branch_labels.py took 0.411 seconds
[2025-03-31T21:33:12.972+0000] {processor.py:186} INFO - Started process (PID=1247) to work on /home/airflow/.local/lib/python3.12/site-packages/airflow/example_dags/example_branch_labels.py
[2025-03-31T21:33:12.974+0000] {processor.py:914} INFO - Processing file /home/airflow/.local/lib/python3.12/site-packages/airflow/example_dags/example_branch_labels.py for tasks to queue
[2025-03-31T21:33:12.978+0000] {logging_mixin.py:190} INFO - [2025-03-31T21:33:12.977+0000] {dagbag.py:588} INFO - Filling up the DagBag from /home/airflow/.local/lib/python3.12/site-packages/airflow/example_dags/example_branch_labels.py
[2025-03-31T21:33:13.018+0000] {processor.py:925} INFO - DAG(s) 'example_branch_labels' retrieved from /home/airflow/.local/lib/python3.12/site-packages/airflow/example_dags/example_branch_labels.py
[2025-03-31T21:33:13.104+0000] {logging_mixin.py:190} INFO - [2025-03-31T21:33:13.103+0000] {dag.py:3239} INFO - Sync 1 DAGs
[2025-03-31T21:33:13.245+0000] {logging_mixin.py:190} INFO - [2025-03-31T21:33:13.245+0000] {dag.py:4180} INFO - Setting next_dagrun for example_branch_labels to 2025-03-30 00:00:00+00:00, run_after=2025-03-31 00:00:00+00:00
[2025-03-31T21:33:13.316+0000] {processor.py:208} INFO - Processing /home/airflow/.local/lib/python3.12/site-packages/airflow/example_dags/example_branch_labels.py took 0.354 seconds
[2025-03-31T21:33:43.502+0000] {processor.py:186} INFO - Started process (PID=1311) to work on /home/airflow/.local/lib/python3.12/site-packages/airflow/example_dags/example_branch_labels.py
[2025-03-31T21:33:43.520+0000] {processor.py:914} INFO - Processing file /home/airflow/.local/lib/python3.12/site-packages/airflow/example_dags/example_branch_labels.py for tasks to queue
[2025-03-31T21:33:43.533+0000] {logging_mixin.py:190} INFO - [2025-03-31T21:33:43.531+0000] {dagbag.py:588} INFO - Filling up the DagBag from /home/airflow/.local/lib/python3.12/site-packages/airflow/example_dags/example_branch_labels.py
[2025-03-31T21:33:43.565+0000] {processor.py:925} INFO - DAG(s) 'example_branch_labels' retrieved from /home/airflow/.local/lib/python3.12/site-packages/airflow/example_dags/example_branch_labels.py
[2025-03-31T21:33:43.613+0000] {logging_mixin.py:190} INFO - [2025-03-31T21:33:43.612+0000] {dag.py:3239} INFO - Sync 1 DAGs
[2025-03-31T21:33:43.689+0000] {logging_mixin.py:190} INFO - [2025-03-31T21:33:43.687+0000] {dag.py:4180} INFO - Setting next_dagrun for example_branch_labels to 2025-03-30 00:00:00+00:00, run_after=2025-03-31 00:00:00+00:00
[2025-03-31T21:33:43.731+0000] {processor.py:208} INFO - Processing /home/airflow/.local/lib/python3.12/site-packages/airflow/example_dags/example_branch_labels.py took 0.240 seconds
[2025-03-31T21:34:14.142+0000] {processor.py:186} INFO - Started process (PID=1374) to work on /home/airflow/.local/lib/python3.12/site-packages/airflow/example_dags/example_branch_labels.py
[2025-03-31T21:34:14.146+0000] {processor.py:914} INFO - Processing file /home/airflow/.local/lib/python3.12/site-packages/airflow/example_dags/example_branch_labels.py for tasks to queue
[2025-03-31T21:34:14.149+0000] {logging_mixin.py:190} INFO - [2025-03-31T21:34:14.148+0000] {dagbag.py:588} INFO - Filling up the DagBag from /home/airflow/.local/lib/python3.12/site-packages/airflow/example_dags/example_branch_labels.py
[2025-03-31T21:34:14.189+0000] {processor.py:925} INFO - DAG(s) 'example_branch_labels' retrieved from /home/airflow/.local/lib/python3.12/site-packages/airflow/example_dags/example_branch_labels.py
[2025-03-31T21:34:14.256+0000] {logging_mixin.py:190} INFO - [2025-03-31T21:34:14.254+0000] {dag.py:3239} INFO - Sync 1 DAGs
[2025-03-31T21:34:14.326+0000] {logging_mixin.py:190} INFO - [2025-03-31T21:34:14.325+0000] {dag.py:4180} INFO - Setting next_dagrun for example_branch_labels to 2025-03-30 00:00:00+00:00, run_after=2025-03-31 00:00:00+00:00
[2025-03-31T21:34:14.399+0000] {processor.py:208} INFO - Processing /home/airflow/.local/lib/python3.12/site-packages/airflow/example_dags/example_branch_labels.py took 0.282 seconds
[2025-03-31T21:34:45.238+0000] {processor.py:186} INFO - Started process (PID=1437) to work on /home/airflow/.local/lib/python3.12/site-packages/airflow/example_dags/example_branch_labels.py
[2025-03-31T21:34:45.243+0000] {processor.py:914} INFO - Processing file /home/airflow/.local/lib/python3.12/site-packages/airflow/example_dags/example_branch_labels.py for tasks to queue
[2025-03-31T21:34:45.248+0000] {logging_mixin.py:190} INFO - [2025-03-31T21:34:45.247+0000] {dagbag.py:588} INFO - Filling up the DagBag from /home/airflow/.local/lib/python3.12/site-packages/airflow/example_dags/example_branch_labels.py
[2025-03-31T21:34:45.276+0000] {processor.py:925} INFO - DAG(s) 'example_branch_labels' retrieved from /home/airflow/.local/lib/python3.12/site-packages/airflow/example_dags/example_branch_labels.py
[2025-03-31T21:34:45.335+0000] {logging_mixin.py:190} INFO - [2025-03-31T21:34:45.334+0000] {dag.py:3239} INFO - Sync 1 DAGs
[2025-03-31T21:34:45.401+0000] {logging_mixin.py:190} INFO - [2025-03-31T21:34:45.401+0000] {dag.py:4180} INFO - Setting next_dagrun for example_branch_labels to 2025-03-30 00:00:00+00:00, run_after=2025-03-31 00:00:00+00:00
[2025-03-31T21:34:45.464+0000] {processor.py:208} INFO - Processing /home/airflow/.local/lib/python3.12/site-packages/airflow/example_dags/example_branch_labels.py took 0.243 seconds
[2025-03-31T21:35:16.453+0000] {processor.py:186} INFO - Started process (PID=1501) to work on /home/airflow/.local/lib/python3.12/site-packages/airflow/example_dags/example_branch_labels.py
[2025-03-31T21:35:16.455+0000] {processor.py:914} INFO - Processing file /home/airflow/.local/lib/python3.12/site-packages/airflow/example_dags/example_branch_labels.py for tasks to queue
[2025-03-31T21:35:16.466+0000] {logging_mixin.py:190} INFO - [2025-03-31T21:35:16.465+0000] {dagbag.py:588} INFO - Filling up the DagBag from /home/airflow/.local/lib/python3.12/site-packages/airflow/example_dags/example_branch_labels.py
[2025-03-31T21:35:16.498+0000] {processor.py:925} INFO - DAG(s) 'example_branch_labels' retrieved from /home/airflow/.local/lib/python3.12/site-packages/airflow/example_dags/example_branch_labels.py
[2025-03-31T21:35:16.574+0000] {logging_mixin.py:190} INFO - [2025-03-31T21:35:16.574+0000] {dag.py:3239} INFO - Sync 1 DAGs
[2025-03-31T21:35:16.637+0000] {logging_mixin.py:190} INFO - [2025-03-31T21:35:16.637+0000] {dag.py:4180} INFO - Setting next_dagrun for example_branch_labels to 2025-03-30 00:00:00+00:00, run_after=2025-03-31 00:00:00+00:00
[2025-03-31T21:35:16.704+0000] {processor.py:208} INFO - Processing /home/airflow/.local/lib/python3.12/site-packages/airflow/example_dags/example_branch_labels.py took 0.273 seconds
[2025-03-31T21:35:46.841+0000] {processor.py:186} INFO - Started process (PID=1565) to work on /home/airflow/.local/lib/python3.12/site-packages/airflow/example_dags/example_branch_labels.py
[2025-03-31T21:35:46.843+0000] {processor.py:914} INFO - Processing file /home/airflow/.local/lib/python3.12/site-packages/airflow/example_dags/example_branch_labels.py for tasks to queue
[2025-03-31T21:35:46.847+0000] {logging_mixin.py:190} INFO - [2025-03-31T21:35:46.846+0000] {dagbag.py:588} INFO - Filling up the DagBag from /home/airflow/.local/lib/python3.12/site-packages/airflow/example_dags/example_branch_labels.py
[2025-03-31T21:35:46.869+0000] {processor.py:925} INFO - DAG(s) 'example_branch_labels' retrieved from /home/airflow/.local/lib/python3.12/site-packages/airflow/example_dags/example_branch_labels.py
[2025-03-31T21:35:46.937+0000] {logging_mixin.py:190} INFO - [2025-03-31T21:35:46.937+0000] {dag.py:3239} INFO - Sync 1 DAGs
[2025-03-31T21:35:47.003+0000] {logging_mixin.py:190} INFO - [2025-03-31T21:35:47.002+0000] {dag.py:4180} INFO - Setting next_dagrun for example_branch_labels to 2025-03-30 00:00:00+00:00, run_after=2025-03-31 00:00:00+00:00
[2025-03-31T21:35:47.039+0000] {processor.py:208} INFO - Processing /home/airflow/.local/lib/python3.12/site-packages/airflow/example_dags/example_branch_labels.py took 0.209 seconds
[2025-03-31T21:36:17.778+0000] {processor.py:186} INFO - Started process (PID=1626) to work on /home/airflow/.local/lib/python3.12/site-packages/airflow/example_dags/example_branch_labels.py
[2025-03-31T21:36:17.781+0000] {processor.py:914} INFO - Processing file /home/airflow/.local/lib/python3.12/site-packages/airflow/example_dags/example_branch_labels.py for tasks to queue
[2025-03-31T21:36:17.787+0000] {logging_mixin.py:190} INFO - [2025-03-31T21:36:17.787+0000] {dagbag.py:588} INFO - Filling up the DagBag from /home/airflow/.local/lib/python3.12/site-packages/airflow/example_dags/example_branch_labels.py
[2025-03-31T21:36:17.815+0000] {processor.py:925} INFO - DAG(s) 'example_branch_labels' retrieved from /home/airflow/.local/lib/python3.12/site-packages/airflow/example_dags/example_branch_labels.py
[2025-03-31T21:36:17.883+0000] {logging_mixin.py:190} INFO - [2025-03-31T21:36:17.882+0000] {dag.py:3239} INFO - Sync 1 DAGs
[2025-03-31T21:36:17.951+0000] {logging_mixin.py:190} INFO - [2025-03-31T21:36:17.947+0000] {dag.py:4180} INFO - Setting next_dagrun for example_branch_labels to 2025-03-30 00:00:00+00:00, run_after=2025-03-31 00:00:00+00:00
[2025-03-31T21:36:18.001+0000] {processor.py:208} INFO - Processing /home/airflow/.local/lib/python3.12/site-packages/airflow/example_dags/example_branch_labels.py took 0.236 seconds
[2025-03-31T21:37:00.557+0000] {processor.py:186} INFO - Started process (PID=1661) to work on /home/airflow/.local/lib/python3.12/site-packages/airflow/example_dags/example_branch_labels.py
[2025-03-31T21:37:00.566+0000] {processor.py:914} INFO - Processing file /home/airflow/.local/lib/python3.12/site-packages/airflow/example_dags/example_branch_labels.py for tasks to queue
[2025-03-31T21:37:00.570+0000] {logging_mixin.py:190} INFO - [2025-03-31T21:37:00.570+0000] {dagbag.py:588} INFO - Filling up the DagBag from /home/airflow/.local/lib/python3.12/site-packages/airflow/example_dags/example_branch_labels.py
[2025-03-31T21:37:00.615+0000] {processor.py:925} INFO - DAG(s) 'example_branch_labels' retrieved from /home/airflow/.local/lib/python3.12/site-packages/airflow/example_dags/example_branch_labels.py
[2025-03-31T21:37:00.674+0000] {logging_mixin.py:190} INFO - [2025-03-31T21:37:00.674+0000] {dag.py:3239} INFO - Sync 1 DAGs
[2025-03-31T21:37:00.750+0000] {logging_mixin.py:190} INFO - [2025-03-31T21:37:00.749+0000] {dag.py:4180} INFO - Setting next_dagrun for example_branch_labels to 2025-03-30 00:00:00+00:00, run_after=2025-03-31 00:00:00+00:00
[2025-03-31T21:37:00.806+0000] {processor.py:208} INFO - Processing /home/airflow/.local/lib/python3.12/site-packages/airflow/example_dags/example_branch_labels.py took 0.268 seconds
[2025-03-31T21:37:32.193+0000] {processor.py:186} INFO - Started process (PID=1724) to work on /home/airflow/.local/lib/python3.12/site-packages/airflow/example_dags/example_branch_labels.py
[2025-03-31T21:37:32.195+0000] {processor.py:914} INFO - Processing file /home/airflow/.local/lib/python3.12/site-packages/airflow/example_dags/example_branch_labels.py for tasks to queue
[2025-03-31T21:37:32.198+0000] {logging_mixin.py:190} INFO - [2025-03-31T21:37:32.197+0000] {dagbag.py:588} INFO - Filling up the DagBag from /home/airflow/.local/lib/python3.12/site-packages/airflow/example_dags/example_branch_labels.py
[2025-03-31T21:37:32.217+0000] {processor.py:925} INFO - DAG(s) 'example_branch_labels' retrieved from /home/airflow/.local/lib/python3.12/site-packages/airflow/example_dags/example_branch_labels.py
[2025-03-31T21:37:32.263+0000] {logging_mixin.py:190} INFO - [2025-03-31T21:37:32.263+0000] {dag.py:3239} INFO - Sync 1 DAGs
[2025-03-31T21:37:32.307+0000] {logging_mixin.py:190} INFO - [2025-03-31T21:37:32.307+0000] {dag.py:4180} INFO - Setting next_dagrun for example_branch_labels to 2025-03-30 00:00:00+00:00, run_after=2025-03-31 00:00:00+00:00
[2025-03-31T21:37:32.340+0000] {processor.py:208} INFO - Processing /home/airflow/.local/lib/python3.12/site-packages/airflow/example_dags/example_branch_labels.py took 0.157 seconds
[2025-03-31T21:38:04.747+0000] {processor.py:186} INFO - Started process (PID=1786) to work on /home/airflow/.local/lib/python3.12/site-packages/airflow/example_dags/example_branch_labels.py
[2025-03-31T21:38:04.758+0000] {processor.py:914} INFO - Processing file /home/airflow/.local/lib/python3.12/site-packages/airflow/example_dags/example_branch_labels.py for tasks to queue
[2025-03-31T21:38:04.772+0000] {logging_mixin.py:190} INFO - [2025-03-31T21:38:04.767+0000] {dagbag.py:588} INFO - Filling up the DagBag from /home/airflow/.local/lib/python3.12/site-packages/airflow/example_dags/example_branch_labels.py
[2025-03-31T21:38:04.854+0000] {processor.py:925} INFO - DAG(s) 'example_branch_labels' retrieved from /home/airflow/.local/lib/python3.12/site-packages/airflow/example_dags/example_branch_labels.py
[2025-03-31T21:38:04.938+0000] {logging_mixin.py:190} INFO - [2025-03-31T21:38:04.937+0000] {dag.py:3239} INFO - Sync 1 DAGs
[2025-03-31T21:38:05.092+0000] {logging_mixin.py:190} INFO - [2025-03-31T21:38:05.092+0000] {dag.py:4180} INFO - Setting next_dagrun for example_branch_labels to 2025-03-30 00:00:00+00:00, run_after=2025-03-31 00:00:00+00:00
[2025-03-31T21:38:05.193+0000] {processor.py:208} INFO - Processing /home/airflow/.local/lib/python3.12/site-packages/airflow/example_dags/example_branch_labels.py took 0.468 seconds
[2025-03-31T21:38:37.635+0000] {processor.py:186} INFO - Started process (PID=1850) to work on /home/airflow/.local/lib/python3.12/site-packages/airflow/example_dags/example_branch_labels.py
[2025-03-31T21:38:37.637+0000] {processor.py:914} INFO - Processing file /home/airflow/.local/lib/python3.12/site-packages/airflow/example_dags/example_branch_labels.py for tasks to queue
[2025-03-31T21:38:37.644+0000] {logging_mixin.py:190} INFO - [2025-03-31T21:38:37.641+0000] {dagbag.py:588} INFO - Filling up the DagBag from /home/airflow/.local/lib/python3.12/site-packages/airflow/example_dags/example_branch_labels.py
[2025-03-31T21:38:37.678+0000] {processor.py:925} INFO - DAG(s) 'example_branch_labels' retrieved from /home/airflow/.local/lib/python3.12/site-packages/airflow/example_dags/example_branch_labels.py
[2025-03-31T21:38:37.737+0000] {logging_mixin.py:190} INFO - [2025-03-31T21:38:37.736+0000] {dag.py:3239} INFO - Sync 1 DAGs
[2025-03-31T21:38:37.809+0000] {logging_mixin.py:190} INFO - [2025-03-31T21:38:37.808+0000] {dag.py:4180} INFO - Setting next_dagrun for example_branch_labels to 2025-03-30 00:00:00+00:00, run_after=2025-03-31 00:00:00+00:00
[2025-03-31T21:38:37.865+0000] {processor.py:208} INFO - Processing /home/airflow/.local/lib/python3.12/site-packages/airflow/example_dags/example_branch_labels.py took 0.249 seconds
[2025-03-31T21:40:13.290+0000] {processor.py:186} INFO - Started process (PID=1896) to work on /home/airflow/.local/lib/python3.12/site-packages/airflow/example_dags/example_branch_labels.py
[2025-03-31T21:40:13.299+0000] {processor.py:914} INFO - Processing file /home/airflow/.local/lib/python3.12/site-packages/airflow/example_dags/example_branch_labels.py for tasks to queue
[2025-03-31T21:40:13.312+0000] {logging_mixin.py:190} INFO - [2025-03-31T21:40:13.309+0000] {dagbag.py:588} INFO - Filling up the DagBag from /home/airflow/.local/lib/python3.12/site-packages/airflow/example_dags/example_branch_labels.py
[2025-03-31T21:40:13.444+0000] {processor.py:925} INFO - DAG(s) 'example_branch_labels' retrieved from /home/airflow/.local/lib/python3.12/site-packages/airflow/example_dags/example_branch_labels.py
[2025-03-31T21:40:13.861+0000] {logging_mixin.py:190} INFO - [2025-03-31T21:40:13.846+0000] {dag.py:3239} INFO - Sync 1 DAGs
[2025-03-31T21:40:13.973+0000] {logging_mixin.py:190} INFO - [2025-03-31T21:40:13.972+0000] {dag.py:4180} INFO - Setting next_dagrun for example_branch_labels to 2025-03-30 00:00:00+00:00, run_after=2025-03-31 00:00:00+00:00
[2025-03-31T21:40:14.028+0000] {processor.py:208} INFO - Processing /home/airflow/.local/lib/python3.12/site-packages/airflow/example_dags/example_branch_labels.py took 0.765 seconds
[2025-03-31T21:40:44.865+0000] {processor.py:186} INFO - Started process (PID=1959) to work on /home/airflow/.local/lib/python3.12/site-packages/airflow/example_dags/example_branch_labels.py
[2025-03-31T21:40:44.871+0000] {processor.py:914} INFO - Processing file /home/airflow/.local/lib/python3.12/site-packages/airflow/example_dags/example_branch_labels.py for tasks to queue
[2025-03-31T21:40:44.876+0000] {logging_mixin.py:190} INFO - [2025-03-31T21:40:44.875+0000] {dagbag.py:588} INFO - Filling up the DagBag from /home/airflow/.local/lib/python3.12/site-packages/airflow/example_dags/example_branch_labels.py
[2025-03-31T21:40:44.933+0000] {processor.py:925} INFO - DAG(s) 'example_branch_labels' retrieved from /home/airflow/.local/lib/python3.12/site-packages/airflow/example_dags/example_branch_labels.py
[2025-03-31T21:40:44.995+0000] {logging_mixin.py:190} INFO - [2025-03-31T21:40:44.994+0000] {dag.py:3239} INFO - Sync 1 DAGs
[2025-03-31T21:40:45.132+0000] {logging_mixin.py:190} INFO - [2025-03-31T21:40:45.132+0000] {dag.py:4180} INFO - Setting next_dagrun for example_branch_labels to 2025-03-30 00:00:00+00:00, run_after=2025-03-31 00:00:00+00:00
[2025-03-31T21:40:45.236+0000] {processor.py:208} INFO - Processing /home/airflow/.local/lib/python3.12/site-packages/airflow/example_dags/example_branch_labels.py took 0.398 seconds
[2025-03-31T21:42:48.902+0000] {processor.py:186} INFO - Started process (PID=1994) to work on /home/airflow/.local/lib/python3.12/site-packages/airflow/example_dags/example_branch_labels.py
[2025-03-31T21:42:48.925+0000] {processor.py:914} INFO - Processing file /home/airflow/.local/lib/python3.12/site-packages/airflow/example_dags/example_branch_labels.py for tasks to queue
[2025-03-31T21:42:48.935+0000] {logging_mixin.py:190} INFO - [2025-03-31T21:42:48.931+0000] {dagbag.py:588} INFO - Filling up the DagBag from /home/airflow/.local/lib/python3.12/site-packages/airflow/example_dags/example_branch_labels.py
[2025-03-31T21:42:48.987+0000] {processor.py:925} INFO - DAG(s) 'example_branch_labels' retrieved from /home/airflow/.local/lib/python3.12/site-packages/airflow/example_dags/example_branch_labels.py
[2025-03-31T21:42:49.097+0000] {logging_mixin.py:190} INFO - [2025-03-31T21:42:49.097+0000] {dag.py:3239} INFO - Sync 1 DAGs
[2025-03-31T21:42:49.261+0000] {logging_mixin.py:190} INFO - [2025-03-31T21:42:49.258+0000] {dag.py:4180} INFO - Setting next_dagrun for example_branch_labels to 2025-03-30 00:00:00+00:00, run_after=2025-03-31 00:00:00+00:00
[2025-03-31T21:42:49.361+0000] {processor.py:208} INFO - Processing /home/airflow/.local/lib/python3.12/site-packages/airflow/example_dags/example_branch_labels.py took 0.498 seconds
[2025-03-31T21:43:48.489+0000] {processor.py:186} INFO - Started process (PID=2065) to work on /home/airflow/.local/lib/python3.12/site-packages/airflow/example_dags/example_branch_labels.py
[2025-03-31T21:43:48.493+0000] {processor.py:914} INFO - Processing file /home/airflow/.local/lib/python3.12/site-packages/airflow/example_dags/example_branch_labels.py for tasks to queue
[2025-03-31T21:43:48.499+0000] {logging_mixin.py:190} INFO - [2025-03-31T21:43:48.499+0000] {dagbag.py:588} INFO - Filling up the DagBag from /home/airflow/.local/lib/python3.12/site-packages/airflow/example_dags/example_branch_labels.py
[2025-03-31T21:43:48.558+0000] {processor.py:925} INFO - DAG(s) 'example_branch_labels' retrieved from /home/airflow/.local/lib/python3.12/site-packages/airflow/example_dags/example_branch_labels.py
[2025-03-31T21:43:48.612+0000] {logging_mixin.py:190} INFO - [2025-03-31T21:43:48.612+0000] {dag.py:3239} INFO - Sync 1 DAGs
[2025-03-31T21:43:48.698+0000] {logging_mixin.py:190} INFO - [2025-03-31T21:43:48.698+0000] {dag.py:4180} INFO - Setting next_dagrun for example_branch_labels to 2025-03-30 00:00:00+00:00, run_after=2025-03-31 00:00:00+00:00
[2025-03-31T21:43:48.751+0000] {processor.py:208} INFO - Processing /home/airflow/.local/lib/python3.12/site-packages/airflow/example_dags/example_branch_labels.py took 0.296 seconds
[2025-03-31T21:44:19.708+0000] {processor.py:186} INFO - Started process (PID=2129) to work on /home/airflow/.local/lib/python3.12/site-packages/airflow/example_dags/example_branch_labels.py
[2025-03-31T21:44:19.709+0000] {processor.py:914} INFO - Processing file /home/airflow/.local/lib/python3.12/site-packages/airflow/example_dags/example_branch_labels.py for tasks to queue
[2025-03-31T21:44:19.712+0000] {logging_mixin.py:190} INFO - [2025-03-31T21:44:19.711+0000] {dagbag.py:588} INFO - Filling up the DagBag from /home/airflow/.local/lib/python3.12/site-packages/airflow/example_dags/example_branch_labels.py
[2025-03-31T21:44:19.729+0000] {processor.py:925} INFO - DAG(s) 'example_branch_labels' retrieved from /home/airflow/.local/lib/python3.12/site-packages/airflow/example_dags/example_branch_labels.py
[2025-03-31T21:44:19.764+0000] {logging_mixin.py:190} INFO - [2025-03-31T21:44:19.764+0000] {dag.py:3239} INFO - Sync 1 DAGs
[2025-03-31T21:44:19.809+0000] {logging_mixin.py:190} INFO - [2025-03-31T21:44:19.809+0000] {dag.py:4180} INFO - Setting next_dagrun for example_branch_labels to 2025-03-30 00:00:00+00:00, run_after=2025-03-31 00:00:00+00:00
[2025-03-31T21:44:19.840+0000] {processor.py:208} INFO - Processing /home/airflow/.local/lib/python3.12/site-packages/airflow/example_dags/example_branch_labels.py took 0.142 seconds
[2025-03-31T21:44:50.941+0000] {processor.py:186} INFO - Started process (PID=2193) to work on /home/airflow/.local/lib/python3.12/site-packages/airflow/example_dags/example_branch_labels.py
[2025-03-31T21:44:50.943+0000] {processor.py:914} INFO - Processing file /home/airflow/.local/lib/python3.12/site-packages/airflow/example_dags/example_branch_labels.py for tasks to queue
[2025-03-31T21:44:50.945+0000] {logging_mixin.py:190} INFO - [2025-03-31T21:44:50.945+0000] {dagbag.py:588} INFO - Filling up the DagBag from /home/airflow/.local/lib/python3.12/site-packages/airflow/example_dags/example_branch_labels.py
[2025-03-31T21:44:50.964+0000] {processor.py:925} INFO - DAG(s) 'example_branch_labels' retrieved from /home/airflow/.local/lib/python3.12/site-packages/airflow/example_dags/example_branch_labels.py
[2025-03-31T21:44:51.007+0000] {logging_mixin.py:190} INFO - [2025-03-31T21:44:51.007+0000] {dag.py:3239} INFO - Sync 1 DAGs
[2025-03-31T21:44:51.049+0000] {logging_mixin.py:190} INFO - [2025-03-31T21:44:51.048+0000] {dag.py:4180} INFO - Setting next_dagrun for example_branch_labels to 2025-03-30 00:00:00+00:00, run_after=2025-03-31 00:00:00+00:00
[2025-03-31T21:44:51.083+0000] {processor.py:208} INFO - Processing /home/airflow/.local/lib/python3.12/site-packages/airflow/example_dags/example_branch_labels.py took 0.152 seconds
[2025-03-31T21:45:21.787+0000] {processor.py:186} INFO - Started process (PID=2256) to work on /home/airflow/.local/lib/python3.12/site-packages/airflow/example_dags/example_branch_labels.py
[2025-03-31T21:45:21.789+0000] {processor.py:914} INFO - Processing file /home/airflow/.local/lib/python3.12/site-packages/airflow/example_dags/example_branch_labels.py for tasks to queue
[2025-03-31T21:45:21.791+0000] {logging_mixin.py:190} INFO - [2025-03-31T21:45:21.791+0000] {dagbag.py:588} INFO - Filling up the DagBag from /home/airflow/.local/lib/python3.12/site-packages/airflow/example_dags/example_branch_labels.py
[2025-03-31T21:45:21.820+0000] {processor.py:925} INFO - DAG(s) 'example_branch_labels' retrieved from /home/airflow/.local/lib/python3.12/site-packages/airflow/example_dags/example_branch_labels.py
[2025-03-31T21:45:21.874+0000] {logging_mixin.py:190} INFO - [2025-03-31T21:45:21.874+0000] {dag.py:3239} INFO - Sync 1 DAGs
[2025-03-31T21:45:21.921+0000] {logging_mixin.py:190} INFO - [2025-03-31T21:45:21.921+0000] {dag.py:4180} INFO - Setting next_dagrun for example_branch_labels to 2025-03-30 00:00:00+00:00, run_after=2025-03-31 00:00:00+00:00
[2025-03-31T21:45:21.967+0000] {processor.py:208} INFO - Processing /home/airflow/.local/lib/python3.12/site-packages/airflow/example_dags/example_branch_labels.py took 0.191 seconds
[2025-03-31T21:49:14.730+0000] {processor.py:186} INFO - Started process (PID=2327) to work on /home/airflow/.local/lib/python3.12/site-packages/airflow/example_dags/example_branch_labels.py
[2025-03-31T21:49:14.748+0000] {processor.py:914} INFO - Processing file /home/airflow/.local/lib/python3.12/site-packages/airflow/example_dags/example_branch_labels.py for tasks to queue
[2025-03-31T21:49:14.754+0000] {logging_mixin.py:190} INFO - [2025-03-31T21:49:14.753+0000] {dagbag.py:588} INFO - Filling up the DagBag from /home/airflow/.local/lib/python3.12/site-packages/airflow/example_dags/example_branch_labels.py
[2025-03-31T21:49:14.815+0000] {processor.py:925} INFO - DAG(s) 'example_branch_labels' retrieved from /home/airflow/.local/lib/python3.12/site-packages/airflow/example_dags/example_branch_labels.py
[2025-03-31T21:49:14.943+0000] {logging_mixin.py:190} INFO - [2025-03-31T21:49:14.943+0000] {dag.py:3239} INFO - Sync 1 DAGs
[2025-03-31T21:49:15.041+0000] {logging_mixin.py:190} INFO - [2025-03-31T21:49:15.041+0000] {dag.py:4180} INFO - Setting next_dagrun for example_branch_labels to 2025-03-30 00:00:00+00:00, run_after=2025-03-31 00:00:00+00:00
[2025-03-31T21:49:15.133+0000] {processor.py:208} INFO - Processing /home/airflow/.local/lib/python3.12/site-packages/airflow/example_dags/example_branch_labels.py took 0.434 seconds
[2025-03-31T21:49:45.811+0000] {processor.py:186} INFO - Started process (PID=2391) to work on /home/airflow/.local/lib/python3.12/site-packages/airflow/example_dags/example_branch_labels.py
[2025-03-31T21:49:45.813+0000] {processor.py:914} INFO - Processing file /home/airflow/.local/lib/python3.12/site-packages/airflow/example_dags/example_branch_labels.py for tasks to queue
[2025-03-31T21:49:45.815+0000] {logging_mixin.py:190} INFO - [2025-03-31T21:49:45.814+0000] {dagbag.py:588} INFO - Filling up the DagBag from /home/airflow/.local/lib/python3.12/site-packages/airflow/example_dags/example_branch_labels.py
[2025-03-31T21:49:45.836+0000] {processor.py:925} INFO - DAG(s) 'example_branch_labels' retrieved from /home/airflow/.local/lib/python3.12/site-packages/airflow/example_dags/example_branch_labels.py
[2025-03-31T21:49:45.878+0000] {logging_mixin.py:190} INFO - [2025-03-31T21:49:45.877+0000] {dag.py:3239} INFO - Sync 1 DAGs
[2025-03-31T21:49:45.927+0000] {logging_mixin.py:190} INFO - [2025-03-31T21:49:45.927+0000] {dag.py:4180} INFO - Setting next_dagrun for example_branch_labels to 2025-03-30 00:00:00+00:00, run_after=2025-03-31 00:00:00+00:00
[2025-03-31T21:49:45.963+0000] {processor.py:208} INFO - Processing /home/airflow/.local/lib/python3.12/site-packages/airflow/example_dags/example_branch_labels.py took 0.166 seconds
[2025-03-31T21:50:16.604+0000] {processor.py:186} INFO - Started process (PID=2454) to work on /home/airflow/.local/lib/python3.12/site-packages/airflow/example_dags/example_branch_labels.py
[2025-03-31T21:50:16.607+0000] {processor.py:914} INFO - Processing file /home/airflow/.local/lib/python3.12/site-packages/airflow/example_dags/example_branch_labels.py for tasks to queue
[2025-03-31T21:50:16.614+0000] {logging_mixin.py:190} INFO - [2025-03-31T21:50:16.613+0000] {dagbag.py:588} INFO - Filling up the DagBag from /home/airflow/.local/lib/python3.12/site-packages/airflow/example_dags/example_branch_labels.py
[2025-03-31T21:50:16.644+0000] {processor.py:925} INFO - DAG(s) 'example_branch_labels' retrieved from /home/airflow/.local/lib/python3.12/site-packages/airflow/example_dags/example_branch_labels.py
[2025-03-31T21:50:16.729+0000] {logging_mixin.py:190} INFO - [2025-03-31T21:50:16.729+0000] {dag.py:3239} INFO - Sync 1 DAGs
[2025-03-31T21:50:16.790+0000] {logging_mixin.py:190} INFO - [2025-03-31T21:50:16.790+0000] {dag.py:4180} INFO - Setting next_dagrun for example_branch_labels to 2025-03-30 00:00:00+00:00, run_after=2025-03-31 00:00:00+00:00
[2025-03-31T21:50:16.833+0000] {processor.py:208} INFO - Processing /home/airflow/.local/lib/python3.12/site-packages/airflow/example_dags/example_branch_labels.py took 0.251 seconds
[2025-03-31T21:50:47.664+0000] {processor.py:186} INFO - Started process (PID=2517) to work on /home/airflow/.local/lib/python3.12/site-packages/airflow/example_dags/example_branch_labels.py
[2025-03-31T21:50:47.671+0000] {processor.py:914} INFO - Processing file /home/airflow/.local/lib/python3.12/site-packages/airflow/example_dags/example_branch_labels.py for tasks to queue
[2025-03-31T21:50:47.675+0000] {logging_mixin.py:190} INFO - [2025-03-31T21:50:47.674+0000] {dagbag.py:588} INFO - Filling up the DagBag from /home/airflow/.local/lib/python3.12/site-packages/airflow/example_dags/example_branch_labels.py
[2025-03-31T21:50:47.719+0000] {processor.py:925} INFO - DAG(s) 'example_branch_labels' retrieved from /home/airflow/.local/lib/python3.12/site-packages/airflow/example_dags/example_branch_labels.py
[2025-03-31T21:50:47.794+0000] {logging_mixin.py:190} INFO - [2025-03-31T21:50:47.793+0000] {dag.py:3239} INFO - Sync 1 DAGs
[2025-03-31T21:50:47.904+0000] {logging_mixin.py:190} INFO - [2025-03-31T21:50:47.903+0000] {dag.py:4180} INFO - Setting next_dagrun for example_branch_labels to 2025-03-30 00:00:00+00:00, run_after=2025-03-31 00:00:00+00:00
[2025-03-31T21:50:47.953+0000] {processor.py:208} INFO - Processing /home/airflow/.local/lib/python3.12/site-packages/airflow/example_dags/example_branch_labels.py took 0.316 seconds
[2025-03-31T21:51:18.228+0000] {processor.py:186} INFO - Started process (PID=2581) to work on /home/airflow/.local/lib/python3.12/site-packages/airflow/example_dags/example_branch_labels.py
[2025-03-31T21:51:18.245+0000] {processor.py:914} INFO - Processing file /home/airflow/.local/lib/python3.12/site-packages/airflow/example_dags/example_branch_labels.py for tasks to queue
[2025-03-31T21:51:18.276+0000] {logging_mixin.py:190} INFO - [2025-03-31T21:51:18.265+0000] {dagbag.py:588} INFO - Filling up the DagBag from /home/airflow/.local/lib/python3.12/site-packages/airflow/example_dags/example_branch_labels.py
[2025-03-31T21:51:18.319+0000] {processor.py:925} INFO - DAG(s) 'example_branch_labels' retrieved from /home/airflow/.local/lib/python3.12/site-packages/airflow/example_dags/example_branch_labels.py
[2025-03-31T21:51:18.537+0000] {logging_mixin.py:190} INFO - [2025-03-31T21:51:18.537+0000] {dag.py:3239} INFO - Sync 1 DAGs
[2025-03-31T21:51:18.665+0000] {logging_mixin.py:190} INFO - [2025-03-31T21:51:18.665+0000] {dag.py:4180} INFO - Setting next_dagrun for example_branch_labels to 2025-03-30 00:00:00+00:00, run_after=2025-03-31 00:00:00+00:00
[2025-03-31T21:51:18.783+0000] {processor.py:208} INFO - Processing /home/airflow/.local/lib/python3.12/site-packages/airflow/example_dags/example_branch_labels.py took 0.599 seconds
[2025-03-31T21:53:33.947+0000] {processor.py:186} INFO - Started process (PID=2649) to work on /home/airflow/.local/lib/python3.12/site-packages/airflow/example_dags/example_branch_labels.py
[2025-03-31T21:53:33.950+0000] {processor.py:914} INFO - Processing file /home/airflow/.local/lib/python3.12/site-packages/airflow/example_dags/example_branch_labels.py for tasks to queue
[2025-03-31T21:53:33.959+0000] {logging_mixin.py:190} INFO - [2025-03-31T21:53:33.955+0000] {dagbag.py:588} INFO - Filling up the DagBag from /home/airflow/.local/lib/python3.12/site-packages/airflow/example_dags/example_branch_labels.py
[2025-03-31T21:53:34.001+0000] {processor.py:925} INFO - DAG(s) 'example_branch_labels' retrieved from /home/airflow/.local/lib/python3.12/site-packages/airflow/example_dags/example_branch_labels.py
[2025-03-31T21:53:34.051+0000] {logging_mixin.py:190} INFO - [2025-03-31T21:53:34.050+0000] {dag.py:3239} INFO - Sync 1 DAGs
[2025-03-31T21:53:34.123+0000] {logging_mixin.py:190} INFO - [2025-03-31T21:53:34.122+0000] {dag.py:4180} INFO - Setting next_dagrun for example_branch_labels to 2025-03-30 00:00:00+00:00, run_after=2025-03-31 00:00:00+00:00
[2025-03-31T21:53:34.181+0000] {processor.py:208} INFO - Processing /home/airflow/.local/lib/python3.12/site-packages/airflow/example_dags/example_branch_labels.py took 0.251 seconds
[2025-03-31T21:55:15.672+0000] {processor.py:186} INFO - Started process (PID=2723) to work on /home/airflow/.local/lib/python3.12/site-packages/airflow/example_dags/example_branch_labels.py
[2025-03-31T21:55:15.675+0000] {processor.py:914} INFO - Processing file /home/airflow/.local/lib/python3.12/site-packages/airflow/example_dags/example_branch_labels.py for tasks to queue
[2025-03-31T21:55:15.684+0000] {logging_mixin.py:190} INFO - [2025-03-31T21:55:15.683+0000] {dagbag.py:588} INFO - Filling up the DagBag from /home/airflow/.local/lib/python3.12/site-packages/airflow/example_dags/example_branch_labels.py
[2025-03-31T21:55:15.711+0000] {processor.py:925} INFO - DAG(s) 'example_branch_labels' retrieved from /home/airflow/.local/lib/python3.12/site-packages/airflow/example_dags/example_branch_labels.py
[2025-03-31T21:55:15.765+0000] {logging_mixin.py:190} INFO - [2025-03-31T21:55:15.765+0000] {dag.py:3239} INFO - Sync 1 DAGs
[2025-03-31T21:55:15.816+0000] {logging_mixin.py:190} INFO - [2025-03-31T21:55:15.815+0000] {dag.py:4180} INFO - Setting next_dagrun for example_branch_labels to 2025-03-30 00:00:00+00:00, run_after=2025-03-31 00:00:00+00:00
[2025-03-31T21:55:15.849+0000] {processor.py:208} INFO - Processing /home/airflow/.local/lib/python3.12/site-packages/airflow/example_dags/example_branch_labels.py took 0.197 seconds
[2025-03-31T21:55:51.139+0000] {processor.py:186} INFO - Started process (PID=2787) to work on /home/airflow/.local/lib/python3.12/site-packages/airflow/example_dags/example_branch_labels.py
[2025-03-31T21:55:51.142+0000] {processor.py:914} INFO - Processing file /home/airflow/.local/lib/python3.12/site-packages/airflow/example_dags/example_branch_labels.py for tasks to queue
[2025-03-31T21:55:51.145+0000] {logging_mixin.py:190} INFO - [2025-03-31T21:55:51.144+0000] {dagbag.py:588} INFO - Filling up the DagBag from /home/airflow/.local/lib/python3.12/site-packages/airflow/example_dags/example_branch_labels.py
[2025-03-31T21:55:51.186+0000] {processor.py:925} INFO - DAG(s) 'example_branch_labels' retrieved from /home/airflow/.local/lib/python3.12/site-packages/airflow/example_dags/example_branch_labels.py
[2025-03-31T21:55:51.282+0000] {logging_mixin.py:190} INFO - [2025-03-31T21:55:51.281+0000] {dag.py:3239} INFO - Sync 1 DAGs
[2025-03-31T21:55:51.389+0000] {logging_mixin.py:190} INFO - [2025-03-31T21:55:51.388+0000] {dag.py:4180} INFO - Setting next_dagrun for example_branch_labels to 2025-03-30 00:00:00+00:00, run_after=2025-03-31 00:00:00+00:00
[2025-03-31T21:55:51.459+0000] {processor.py:208} INFO - Processing /home/airflow/.local/lib/python3.12/site-packages/airflow/example_dags/example_branch_labels.py took 0.346 seconds
[2025-03-31T21:57:13.220+0000] {processor.py:186} INFO - Started process (PID=2867) to work on /home/airflow/.local/lib/python3.12/site-packages/airflow/example_dags/example_branch_labels.py
[2025-03-31T21:57:13.227+0000] {processor.py:914} INFO - Processing file /home/airflow/.local/lib/python3.12/site-packages/airflow/example_dags/example_branch_labels.py for tasks to queue
[2025-03-31T21:57:13.232+0000] {logging_mixin.py:190} INFO - [2025-03-31T21:57:13.231+0000] {dagbag.py:588} INFO - Filling up the DagBag from /home/airflow/.local/lib/python3.12/site-packages/airflow/example_dags/example_branch_labels.py
[2025-03-31T21:57:13.257+0000] {processor.py:925} INFO - DAG(s) 'example_branch_labels' retrieved from /home/airflow/.local/lib/python3.12/site-packages/airflow/example_dags/example_branch_labels.py
[2025-03-31T21:57:13.320+0000] {logging_mixin.py:190} INFO - [2025-03-31T21:57:13.317+0000] {dag.py:3239} INFO - Sync 1 DAGs
[2025-03-31T21:57:13.399+0000] {logging_mixin.py:190} INFO - [2025-03-31T21:57:13.397+0000] {dag.py:4180} INFO - Setting next_dagrun for example_branch_labels to 2025-03-30 00:00:00+00:00, run_after=2025-03-31 00:00:00+00:00
[2025-03-31T21:57:13.466+0000] {processor.py:208} INFO - Processing /home/airflow/.local/lib/python3.12/site-packages/airflow/example_dags/example_branch_labels.py took 0.259 seconds
[2025-03-31T21:57:45.419+0000] {processor.py:186} INFO - Started process (PID=2931) to work on /home/airflow/.local/lib/python3.12/site-packages/airflow/example_dags/example_branch_labels.py
[2025-03-31T21:57:45.436+0000] {processor.py:914} INFO - Processing file /home/airflow/.local/lib/python3.12/site-packages/airflow/example_dags/example_branch_labels.py for tasks to queue
[2025-03-31T21:57:45.455+0000] {logging_mixin.py:190} INFO - [2025-03-31T21:57:45.441+0000] {dagbag.py:588} INFO - Filling up the DagBag from /home/airflow/.local/lib/python3.12/site-packages/airflow/example_dags/example_branch_labels.py
[2025-03-31T21:57:45.524+0000] {processor.py:925} INFO - DAG(s) 'example_branch_labels' retrieved from /home/airflow/.local/lib/python3.12/site-packages/airflow/example_dags/example_branch_labels.py
[2025-03-31T21:57:45.619+0000] {logging_mixin.py:190} INFO - [2025-03-31T21:57:45.619+0000] {dag.py:3239} INFO - Sync 1 DAGs
[2025-03-31T21:57:45.771+0000] {logging_mixin.py:190} INFO - [2025-03-31T21:57:45.770+0000] {dag.py:4180} INFO - Setting next_dagrun for example_branch_labels to 2025-03-30 00:00:00+00:00, run_after=2025-03-31 00:00:00+00:00
[2025-03-31T21:57:45.868+0000] {processor.py:208} INFO - Processing /home/airflow/.local/lib/python3.12/site-packages/airflow/example_dags/example_branch_labels.py took 0.473 seconds
[2025-03-31T21:58:16.299+0000] {processor.py:186} INFO - Started process (PID=2995) to work on /home/airflow/.local/lib/python3.12/site-packages/airflow/example_dags/example_branch_labels.py
[2025-03-31T21:58:16.303+0000] {processor.py:914} INFO - Processing file /home/airflow/.local/lib/python3.12/site-packages/airflow/example_dags/example_branch_labels.py for tasks to queue
[2025-03-31T21:58:16.308+0000] {logging_mixin.py:190} INFO - [2025-03-31T21:58:16.307+0000] {dagbag.py:588} INFO - Filling up the DagBag from /home/airflow/.local/lib/python3.12/site-packages/airflow/example_dags/example_branch_labels.py
[2025-03-31T21:58:16.353+0000] {processor.py:925} INFO - DAG(s) 'example_branch_labels' retrieved from /home/airflow/.local/lib/python3.12/site-packages/airflow/example_dags/example_branch_labels.py
[2025-03-31T21:58:16.434+0000] {logging_mixin.py:190} INFO - [2025-03-31T21:58:16.434+0000] {dag.py:3239} INFO - Sync 1 DAGs
[2025-03-31T21:58:16.488+0000] {logging_mixin.py:190} INFO - [2025-03-31T21:58:16.487+0000] {dag.py:4180} INFO - Setting next_dagrun for example_branch_labels to 2025-03-30 00:00:00+00:00, run_after=2025-03-31 00:00:00+00:00
[2025-03-31T21:58:16.542+0000] {processor.py:208} INFO - Processing /home/airflow/.local/lib/python3.12/site-packages/airflow/example_dags/example_branch_labels.py took 0.261 seconds
[2025-03-31T21:59:08.713+0000] {processor.py:186} INFO - Started process (PID=3060) to work on /home/airflow/.local/lib/python3.12/site-packages/airflow/example_dags/example_branch_labels.py
[2025-03-31T21:59:08.719+0000] {processor.py:914} INFO - Processing file /home/airflow/.local/lib/python3.12/site-packages/airflow/example_dags/example_branch_labels.py for tasks to queue
[2025-03-31T21:59:08.728+0000] {logging_mixin.py:190} INFO - [2025-03-31T21:59:08.725+0000] {dagbag.py:588} INFO - Filling up the DagBag from /home/airflow/.local/lib/python3.12/site-packages/airflow/example_dags/example_branch_labels.py
[2025-03-31T21:59:08.782+0000] {processor.py:925} INFO - DAG(s) 'example_branch_labels' retrieved from /home/airflow/.local/lib/python3.12/site-packages/airflow/example_dags/example_branch_labels.py
[2025-03-31T21:59:08.924+0000] {logging_mixin.py:190} INFO - [2025-03-31T21:59:08.914+0000] {dag.py:3239} INFO - Sync 1 DAGs
[2025-03-31T21:59:09.044+0000] {logging_mixin.py:190} INFO - [2025-03-31T21:59:09.044+0000] {dag.py:4180} INFO - Setting next_dagrun for example_branch_labels to 2025-03-30 00:00:00+00:00, run_after=2025-03-31 00:00:00+00:00
[2025-03-31T21:59:09.101+0000] {processor.py:208} INFO - Processing /home/airflow/.local/lib/python3.12/site-packages/airflow/example_dags/example_branch_labels.py took 0.405 seconds
[2025-03-31T21:59:39.926+0000] {processor.py:186} INFO - Started process (PID=3129) to work on /home/airflow/.local/lib/python3.12/site-packages/airflow/example_dags/example_branch_labels.py
[2025-03-31T21:59:39.928+0000] {processor.py:914} INFO - Processing file /home/airflow/.local/lib/python3.12/site-packages/airflow/example_dags/example_branch_labels.py for tasks to queue
[2025-03-31T21:59:39.932+0000] {logging_mixin.py:190} INFO - [2025-03-31T21:59:39.931+0000] {dagbag.py:588} INFO - Filling up the DagBag from /home/airflow/.local/lib/python3.12/site-packages/airflow/example_dags/example_branch_labels.py
[2025-03-31T21:59:39.948+0000] {processor.py:925} INFO - DAG(s) 'example_branch_labels' retrieved from /home/airflow/.local/lib/python3.12/site-packages/airflow/example_dags/example_branch_labels.py
[2025-03-31T21:59:39.988+0000] {logging_mixin.py:190} INFO - [2025-03-31T21:59:39.988+0000] {dag.py:3239} INFO - Sync 1 DAGs
[2025-03-31T21:59:40.036+0000] {logging_mixin.py:190} INFO - [2025-03-31T21:59:40.035+0000] {dag.py:4180} INFO - Setting next_dagrun for example_branch_labels to 2025-03-30 00:00:00+00:00, run_after=2025-03-31 00:00:00+00:00
[2025-03-31T21:59:40.078+0000] {processor.py:208} INFO - Processing /home/airflow/.local/lib/python3.12/site-packages/airflow/example_dags/example_branch_labels.py took 0.168 seconds
[2025-03-31T22:00:10.136+0000] {processor.py:186} INFO - Started process (PID=3191) to work on /home/airflow/.local/lib/python3.12/site-packages/airflow/example_dags/example_branch_labels.py
[2025-03-31T22:00:10.137+0000] {processor.py:914} INFO - Processing file /home/airflow/.local/lib/python3.12/site-packages/airflow/example_dags/example_branch_labels.py for tasks to queue
[2025-03-31T22:00:10.141+0000] {logging_mixin.py:190} INFO - [2025-03-31T22:00:10.140+0000] {dagbag.py:588} INFO - Filling up the DagBag from /home/airflow/.local/lib/python3.12/site-packages/airflow/example_dags/example_branch_labels.py
[2025-03-31T22:00:10.160+0000] {processor.py:925} INFO - DAG(s) 'example_branch_labels' retrieved from /home/airflow/.local/lib/python3.12/site-packages/airflow/example_dags/example_branch_labels.py
[2025-03-31T22:00:10.197+0000] {logging_mixin.py:190} INFO - [2025-03-31T22:00:10.196+0000] {dag.py:3239} INFO - Sync 1 DAGs
[2025-03-31T22:00:10.250+0000] {logging_mixin.py:190} INFO - [2025-03-31T22:00:10.250+0000] {dag.py:4180} INFO - Setting next_dagrun for example_branch_labels to 2025-03-30 00:00:00+00:00, run_after=2025-03-31 00:00:00+00:00
[2025-03-31T22:00:10.282+0000] {processor.py:208} INFO - Processing /home/airflow/.local/lib/python3.12/site-packages/airflow/example_dags/example_branch_labels.py took 0.158 seconds
[2025-03-31T22:00:42.480+0000] {processor.py:186} INFO - Started process (PID=3255) to work on /home/airflow/.local/lib/python3.12/site-packages/airflow/example_dags/example_branch_labels.py
[2025-03-31T22:00:42.483+0000] {processor.py:914} INFO - Processing file /home/airflow/.local/lib/python3.12/site-packages/airflow/example_dags/example_branch_labels.py for tasks to queue
[2025-03-31T22:00:42.489+0000] {logging_mixin.py:190} INFO - [2025-03-31T22:00:42.486+0000] {dagbag.py:588} INFO - Filling up the DagBag from /home/airflow/.local/lib/python3.12/site-packages/airflow/example_dags/example_branch_labels.py
[2025-03-31T22:00:42.515+0000] {processor.py:925} INFO - DAG(s) 'example_branch_labels' retrieved from /home/airflow/.local/lib/python3.12/site-packages/airflow/example_dags/example_branch_labels.py
[2025-03-31T22:00:42.602+0000] {logging_mixin.py:190} INFO - [2025-03-31T22:00:42.602+0000] {dag.py:3239} INFO - Sync 1 DAGs
[2025-03-31T22:00:42.683+0000] {logging_mixin.py:190} INFO - [2025-03-31T22:00:42.683+0000] {dag.py:4180} INFO - Setting next_dagrun for example_branch_labels to 2025-03-30 00:00:00+00:00, run_after=2025-03-31 00:00:00+00:00
[2025-03-31T22:00:42.737+0000] {processor.py:208} INFO - Processing /home/airflow/.local/lib/python3.12/site-packages/airflow/example_dags/example_branch_labels.py took 0.277 seconds
