[2025-03-31T21:20:43.375+0000] {processor.py:186} INFO - Started process (PID=94) to work on /home/airflow/.local/lib/python3.12/site-packages/airflow/example_dags/example_kubernetes_executor.py
[2025-03-31T21:20:43.378+0000] {processor.py:914} INFO - Processing file /home/airflow/.local/lib/python3.12/site-packages/airflow/example_dags/example_kubernetes_executor.py for tasks to queue
[2025-03-31T21:20:43.382+0000] {logging_mixin.py:190} INFO - [2025-03-31T21:20:43.382+0000] {dagbag.py:588} INFO - Filling up the DagBag from /home/airflow/.local/lib/python3.12/site-packages/airflow/example_dags/example_kubernetes_executor.py
[2025-03-31T21:20:43.429+0000] {processor.py:925} INFO - DAG(s) 'example_kubernetes_executor' retrieved from /home/airflow/.local/lib/python3.12/site-packages/airflow/example_dags/example_kubernetes_executor.py
[2025-03-31T21:20:43.710+0000] {logging_mixin.py:190} INFO - [2025-03-31T21:20:43.707+0000] {override.py:1912} INFO - Created Permission View: can edit on DAG:example_kubernetes_executor
[2025-03-31T21:20:43.760+0000] {logging_mixin.py:190} INFO - [2025-03-31T21:20:43.760+0000] {override.py:1912} INFO - Created Permission View: can delete on DAG:example_kubernetes_executor
[2025-03-31T21:20:43.838+0000] {logging_mixin.py:190} INFO - [2025-03-31T21:20:43.838+0000] {override.py:1912} INFO - Created Permission View: can read on DAG:example_kubernetes_executor
[2025-03-31T21:20:43.853+0000] {logging_mixin.py:190} INFO - [2025-03-31T21:20:43.853+0000] {override.py:1912} INFO - Created Permission View: menu access on DAG Run:example_kubernetes_executor
[2025-03-31T21:20:43.865+0000] {logging_mixin.py:190} INFO - [2025-03-31T21:20:43.865+0000] {override.py:1912} INFO - Created Permission View: can delete on DAG Run:example_kubernetes_executor
[2025-03-31T21:20:43.878+0000] {logging_mixin.py:190} INFO - [2025-03-31T21:20:43.878+0000] {override.py:1912} INFO - Created Permission View: can read on DAG Run:example_kubernetes_executor
[2025-03-31T21:20:43.889+0000] {logging_mixin.py:190} INFO - [2025-03-31T21:20:43.889+0000] {override.py:1912} INFO - Created Permission View: can create on DAG Run:example_kubernetes_executor
[2025-03-31T21:20:43.893+0000] {logging_mixin.py:190} INFO - [2025-03-31T21:20:43.892+0000] {dag.py:3239} INFO - Sync 1 DAGs
[2025-03-31T21:20:43.935+0000] {logging_mixin.py:190} INFO - [2025-03-31T21:20:43.935+0000] {dag.py:3262} INFO - Creating ORM DAG for example_kubernetes_executor
[2025-03-31T21:20:43.938+0000] {logging_mixin.py:190} INFO - [2025-03-31T21:20:43.937+0000] {dag.py:4180} INFO - Setting next_dagrun for example_kubernetes_executor to None, run_after=None
[2025-03-31T21:20:43.970+0000] {processor.py:208} INFO - Processing /home/airflow/.local/lib/python3.12/site-packages/airflow/example_dags/example_kubernetes_executor.py took 0.613 seconds
[2025-03-31T21:22:14.503+0000] {processor.py:186} INFO - Started process (PID=151) to work on /home/airflow/.local/lib/python3.12/site-packages/airflow/example_dags/example_kubernetes_executor.py
[2025-03-31T21:22:14.506+0000] {processor.py:914} INFO - Processing file /home/airflow/.local/lib/python3.12/site-packages/airflow/example_dags/example_kubernetes_executor.py for tasks to queue
[2025-03-31T21:22:14.519+0000] {logging_mixin.py:190} INFO - [2025-03-31T21:22:14.518+0000] {dagbag.py:588} INFO - Filling up the DagBag from /home/airflow/.local/lib/python3.12/site-packages/airflow/example_dags/example_kubernetes_executor.py
[2025-03-31T21:22:14.552+0000] {processor.py:925} INFO - DAG(s) 'example_kubernetes_executor' retrieved from /home/airflow/.local/lib/python3.12/site-packages/airflow/example_dags/example_kubernetes_executor.py
[2025-03-31T21:22:14.628+0000] {logging_mixin.py:190} INFO - [2025-03-31T21:22:14.627+0000] {dag.py:3239} INFO - Sync 1 DAGs
[2025-03-31T21:22:14.692+0000] {logging_mixin.py:190} INFO - [2025-03-31T21:22:14.691+0000] {dag.py:4180} INFO - Setting next_dagrun for example_kubernetes_executor to None, run_after=None
[2025-03-31T21:22:14.753+0000] {processor.py:208} INFO - Processing /home/airflow/.local/lib/python3.12/site-packages/airflow/example_dags/example_kubernetes_executor.py took 0.265 seconds
[2025-03-31T21:22:47.346+0000] {processor.py:186} INFO - Started process (PID=214) to work on /home/airflow/.local/lib/python3.12/site-packages/airflow/example_dags/example_kubernetes_executor.py
[2025-03-31T21:22:47.348+0000] {processor.py:914} INFO - Processing file /home/airflow/.local/lib/python3.12/site-packages/airflow/example_dags/example_kubernetes_executor.py for tasks to queue
[2025-03-31T21:22:47.352+0000] {logging_mixin.py:190} INFO - [2025-03-31T21:22:47.351+0000] {dagbag.py:588} INFO - Filling up the DagBag from /home/airflow/.local/lib/python3.12/site-packages/airflow/example_dags/example_kubernetes_executor.py
[2025-03-31T21:22:47.380+0000] {processor.py:925} INFO - DAG(s) 'example_kubernetes_executor' retrieved from /home/airflow/.local/lib/python3.12/site-packages/airflow/example_dags/example_kubernetes_executor.py
[2025-03-31T21:22:47.441+0000] {logging_mixin.py:190} INFO - [2025-03-31T21:22:47.440+0000] {dag.py:3239} INFO - Sync 1 DAGs
[2025-03-31T21:22:47.546+0000] {logging_mixin.py:190} INFO - [2025-03-31T21:22:47.545+0000] {dag.py:4180} INFO - Setting next_dagrun for example_kubernetes_executor to None, run_after=None
[2025-03-31T21:22:47.594+0000] {processor.py:208} INFO - Processing /home/airflow/.local/lib/python3.12/site-packages/airflow/example_dags/example_kubernetes_executor.py took 0.258 seconds
[2025-03-31T21:23:25.710+0000] {processor.py:186} INFO - Started process (PID=283) to work on /home/airflow/.local/lib/python3.12/site-packages/airflow/example_dags/example_kubernetes_executor.py
[2025-03-31T21:23:25.713+0000] {processor.py:914} INFO - Processing file /home/airflow/.local/lib/python3.12/site-packages/airflow/example_dags/example_kubernetes_executor.py for tasks to queue
[2025-03-31T21:23:25.719+0000] {logging_mixin.py:190} INFO - [2025-03-31T21:23:25.718+0000] {dagbag.py:588} INFO - Filling up the DagBag from /home/airflow/.local/lib/python3.12/site-packages/airflow/example_dags/example_kubernetes_executor.py
[2025-03-31T21:23:25.760+0000] {processor.py:925} INFO - DAG(s) 'example_kubernetes_executor' retrieved from /home/airflow/.local/lib/python3.12/site-packages/airflow/example_dags/example_kubernetes_executor.py
[2025-03-31T21:23:25.825+0000] {logging_mixin.py:190} INFO - [2025-03-31T21:23:25.825+0000] {dag.py:3239} INFO - Sync 1 DAGs
[2025-03-31T21:23:25.857+0000] {logging_mixin.py:190} INFO - [2025-03-31T21:23:25.856+0000] {dag.py:4180} INFO - Setting next_dagrun for example_kubernetes_executor to None, run_after=None
[2025-03-31T21:23:25.906+0000] {processor.py:208} INFO - Processing /home/airflow/.local/lib/python3.12/site-packages/airflow/example_dags/example_kubernetes_executor.py took 0.213 seconds
[2025-03-31T21:24:00.565+0000] {processor.py:186} INFO - Started process (PID=345) to work on /home/airflow/.local/lib/python3.12/site-packages/airflow/example_dags/example_kubernetes_executor.py
[2025-03-31T21:24:00.567+0000] {processor.py:914} INFO - Processing file /home/airflow/.local/lib/python3.12/site-packages/airflow/example_dags/example_kubernetes_executor.py for tasks to queue
[2025-03-31T21:24:00.574+0000] {logging_mixin.py:190} INFO - [2025-03-31T21:24:00.574+0000] {dagbag.py:588} INFO - Filling up the DagBag from /home/airflow/.local/lib/python3.12/site-packages/airflow/example_dags/example_kubernetes_executor.py
[2025-03-31T21:24:00.647+0000] {processor.py:925} INFO - DAG(s) 'example_kubernetes_executor' retrieved from /home/airflow/.local/lib/python3.12/site-packages/airflow/example_dags/example_kubernetes_executor.py
[2025-03-31T21:24:00.709+0000] {logging_mixin.py:190} INFO - [2025-03-31T21:24:00.708+0000] {dag.py:3239} INFO - Sync 1 DAGs
[2025-03-31T21:24:00.750+0000] {logging_mixin.py:190} INFO - [2025-03-31T21:24:00.749+0000] {dag.py:4180} INFO - Setting next_dagrun for example_kubernetes_executor to None, run_after=None
[2025-03-31T21:24:00.803+0000] {processor.py:208} INFO - Processing /home/airflow/.local/lib/python3.12/site-packages/airflow/example_dags/example_kubernetes_executor.py took 0.247 seconds
[2025-03-31T21:24:35.505+0000] {processor.py:186} INFO - Started process (PID=408) to work on /home/airflow/.local/lib/python3.12/site-packages/airflow/example_dags/example_kubernetes_executor.py
[2025-03-31T21:24:35.516+0000] {processor.py:914} INFO - Processing file /home/airflow/.local/lib/python3.12/site-packages/airflow/example_dags/example_kubernetes_executor.py for tasks to queue
[2025-03-31T21:24:35.540+0000] {logging_mixin.py:190} INFO - [2025-03-31T21:24:35.538+0000] {dagbag.py:588} INFO - Filling up the DagBag from /home/airflow/.local/lib/python3.12/site-packages/airflow/example_dags/example_kubernetes_executor.py
[2025-03-31T21:24:35.686+0000] {processor.py:925} INFO - DAG(s) 'example_kubernetes_executor' retrieved from /home/airflow/.local/lib/python3.12/site-packages/airflow/example_dags/example_kubernetes_executor.py
[2025-03-31T21:24:35.904+0000] {logging_mixin.py:190} INFO - [2025-03-31T21:24:35.903+0000] {dag.py:3239} INFO - Sync 1 DAGs
[2025-03-31T21:24:36.004+0000] {logging_mixin.py:190} INFO - [2025-03-31T21:24:36.004+0000] {dag.py:4180} INFO - Setting next_dagrun for example_kubernetes_executor to None, run_after=None
[2025-03-31T21:24:36.114+0000] {processor.py:208} INFO - Processing /home/airflow/.local/lib/python3.12/site-packages/airflow/example_dags/example_kubernetes_executor.py took 0.667 seconds
[2025-03-31T21:25:08.702+0000] {processor.py:186} INFO - Started process (PID=471) to work on /home/airflow/.local/lib/python3.12/site-packages/airflow/example_dags/example_kubernetes_executor.py
[2025-03-31T21:25:08.705+0000] {processor.py:914} INFO - Processing file /home/airflow/.local/lib/python3.12/site-packages/airflow/example_dags/example_kubernetes_executor.py for tasks to queue
[2025-03-31T21:25:08.719+0000] {logging_mixin.py:190} INFO - [2025-03-31T21:25:08.716+0000] {dagbag.py:588} INFO - Filling up the DagBag from /home/airflow/.local/lib/python3.12/site-packages/airflow/example_dags/example_kubernetes_executor.py
[2025-03-31T21:25:08.803+0000] {processor.py:925} INFO - DAG(s) 'example_kubernetes_executor' retrieved from /home/airflow/.local/lib/python3.12/site-packages/airflow/example_dags/example_kubernetes_executor.py
[2025-03-31T21:25:08.930+0000] {logging_mixin.py:190} INFO - [2025-03-31T21:25:08.927+0000] {dag.py:3239} INFO - Sync 1 DAGs
[2025-03-31T21:25:08.984+0000] {logging_mixin.py:190} INFO - [2025-03-31T21:25:08.983+0000] {dag.py:4180} INFO - Setting next_dagrun for example_kubernetes_executor to None, run_after=None
[2025-03-31T21:25:09.066+0000] {processor.py:208} INFO - Processing /home/airflow/.local/lib/python3.12/site-packages/airflow/example_dags/example_kubernetes_executor.py took 0.399 seconds
[2025-03-31T21:26:40.896+0000] {processor.py:186} INFO - Started process (PID=513) to work on /home/airflow/.local/lib/python3.12/site-packages/airflow/example_dags/example_kubernetes_executor.py
[2025-03-31T21:26:40.910+0000] {processor.py:914} INFO - Processing file /home/airflow/.local/lib/python3.12/site-packages/airflow/example_dags/example_kubernetes_executor.py for tasks to queue
[2025-03-31T21:26:40.914+0000] {logging_mixin.py:190} INFO - [2025-03-31T21:26:40.913+0000] {dagbag.py:588} INFO - Filling up the DagBag from /home/airflow/.local/lib/python3.12/site-packages/airflow/example_dags/example_kubernetes_executor.py
[2025-03-31T21:26:40.996+0000] {processor.py:925} INFO - DAG(s) 'example_kubernetes_executor' retrieved from /home/airflow/.local/lib/python3.12/site-packages/airflow/example_dags/example_kubernetes_executor.py
[2025-03-31T21:26:41.072+0000] {logging_mixin.py:190} INFO - [2025-03-31T21:26:41.071+0000] {dag.py:3239} INFO - Sync 1 DAGs
[2025-03-31T21:26:41.135+0000] {logging_mixin.py:190} INFO - [2025-03-31T21:26:41.135+0000] {dag.py:4180} INFO - Setting next_dagrun for example_kubernetes_executor to None, run_after=None
[2025-03-31T21:26:41.228+0000] {processor.py:208} INFO - Processing /home/airflow/.local/lib/python3.12/site-packages/airflow/example_dags/example_kubernetes_executor.py took 0.356 seconds
[2025-03-31T21:27:11.996+0000] {processor.py:186} INFO - Started process (PID=576) to work on /home/airflow/.local/lib/python3.12/site-packages/airflow/example_dags/example_kubernetes_executor.py
[2025-03-31T21:27:12.002+0000] {processor.py:914} INFO - Processing file /home/airflow/.local/lib/python3.12/site-packages/airflow/example_dags/example_kubernetes_executor.py for tasks to queue
[2025-03-31T21:27:12.006+0000] {logging_mixin.py:190} INFO - [2025-03-31T21:27:12.005+0000] {dagbag.py:588} INFO - Filling up the DagBag from /home/airflow/.local/lib/python3.12/site-packages/airflow/example_dags/example_kubernetes_executor.py
[2025-03-31T21:27:12.064+0000] {processor.py:925} INFO - DAG(s) 'example_kubernetes_executor' retrieved from /home/airflow/.local/lib/python3.12/site-packages/airflow/example_dags/example_kubernetes_executor.py
[2025-03-31T21:27:12.183+0000] {logging_mixin.py:190} INFO - [2025-03-31T21:27:12.183+0000] {dag.py:3239} INFO - Sync 1 DAGs
[2025-03-31T21:27:12.211+0000] {logging_mixin.py:190} INFO - [2025-03-31T21:27:12.211+0000] {dag.py:4180} INFO - Setting next_dagrun for example_kubernetes_executor to None, run_after=None
[2025-03-31T21:27:12.254+0000] {processor.py:208} INFO - Processing /home/airflow/.local/lib/python3.12/site-packages/airflow/example_dags/example_kubernetes_executor.py took 0.272 seconds
[2025-03-31T21:27:42.332+0000] {processor.py:186} INFO - Started process (PID=638) to work on /home/airflow/.local/lib/python3.12/site-packages/airflow/example_dags/example_kubernetes_executor.py
[2025-03-31T21:27:42.333+0000] {processor.py:914} INFO - Processing file /home/airflow/.local/lib/python3.12/site-packages/airflow/example_dags/example_kubernetes_executor.py for tasks to queue
[2025-03-31T21:27:42.338+0000] {logging_mixin.py:190} INFO - [2025-03-31T21:27:42.337+0000] {dagbag.py:588} INFO - Filling up the DagBag from /home/airflow/.local/lib/python3.12/site-packages/airflow/example_dags/example_kubernetes_executor.py
[2025-03-31T21:27:42.369+0000] {processor.py:925} INFO - DAG(s) 'example_kubernetes_executor' retrieved from /home/airflow/.local/lib/python3.12/site-packages/airflow/example_dags/example_kubernetes_executor.py
[2025-03-31T21:27:42.409+0000] {logging_mixin.py:190} INFO - [2025-03-31T21:27:42.409+0000] {dag.py:3239} INFO - Sync 1 DAGs
[2025-03-31T21:27:42.436+0000] {logging_mixin.py:190} INFO - [2025-03-31T21:27:42.436+0000] {dag.py:4180} INFO - Setting next_dagrun for example_kubernetes_executor to None, run_after=None
[2025-03-31T21:27:42.467+0000] {processor.py:208} INFO - Processing /home/airflow/.local/lib/python3.12/site-packages/airflow/example_dags/example_kubernetes_executor.py took 0.145 seconds
[2025-03-31T21:28:13.035+0000] {processor.py:186} INFO - Started process (PID=701) to work on /home/airflow/.local/lib/python3.12/site-packages/airflow/example_dags/example_kubernetes_executor.py
[2025-03-31T21:28:13.036+0000] {processor.py:914} INFO - Processing file /home/airflow/.local/lib/python3.12/site-packages/airflow/example_dags/example_kubernetes_executor.py for tasks to queue
[2025-03-31T21:28:13.042+0000] {logging_mixin.py:190} INFO - [2025-03-31T21:28:13.040+0000] {dagbag.py:588} INFO - Filling up the DagBag from /home/airflow/.local/lib/python3.12/site-packages/airflow/example_dags/example_kubernetes_executor.py
[2025-03-31T21:28:13.088+0000] {processor.py:925} INFO - DAG(s) 'example_kubernetes_executor' retrieved from /home/airflow/.local/lib/python3.12/site-packages/airflow/example_dags/example_kubernetes_executor.py
[2025-03-31T21:28:13.136+0000] {logging_mixin.py:190} INFO - [2025-03-31T21:28:13.136+0000] {dag.py:3239} INFO - Sync 1 DAGs
[2025-03-31T21:28:13.164+0000] {logging_mixin.py:190} INFO - [2025-03-31T21:28:13.164+0000] {dag.py:4180} INFO - Setting next_dagrun for example_kubernetes_executor to None, run_after=None
[2025-03-31T21:28:13.197+0000] {processor.py:208} INFO - Processing /home/airflow/.local/lib/python3.12/site-packages/airflow/example_dags/example_kubernetes_executor.py took 0.174 seconds
[2025-03-31T21:28:43.554+0000] {processor.py:186} INFO - Started process (PID=764) to work on /home/airflow/.local/lib/python3.12/site-packages/airflow/example_dags/example_kubernetes_executor.py
[2025-03-31T21:28:43.558+0000] {processor.py:914} INFO - Processing file /home/airflow/.local/lib/python3.12/site-packages/airflow/example_dags/example_kubernetes_executor.py for tasks to queue
[2025-03-31T21:28:43.561+0000] {logging_mixin.py:190} INFO - [2025-03-31T21:28:43.561+0000] {dagbag.py:588} INFO - Filling up the DagBag from /home/airflow/.local/lib/python3.12/site-packages/airflow/example_dags/example_kubernetes_executor.py
[2025-03-31T21:28:43.590+0000] {processor.py:925} INFO - DAG(s) 'example_kubernetes_executor' retrieved from /home/airflow/.local/lib/python3.12/site-packages/airflow/example_dags/example_kubernetes_executor.py
[2025-03-31T21:28:43.632+0000] {logging_mixin.py:190} INFO - [2025-03-31T21:28:43.632+0000] {dag.py:3239} INFO - Sync 1 DAGs
[2025-03-31T21:28:43.660+0000] {logging_mixin.py:190} INFO - [2025-03-31T21:28:43.659+0000] {dag.py:4180} INFO - Setting next_dagrun for example_kubernetes_executor to None, run_after=None
[2025-03-31T21:28:43.703+0000] {processor.py:208} INFO - Processing /home/airflow/.local/lib/python3.12/site-packages/airflow/example_dags/example_kubernetes_executor.py took 0.162 seconds
[2025-03-31T21:29:14.060+0000] {processor.py:186} INFO - Started process (PID=827) to work on /home/airflow/.local/lib/python3.12/site-packages/airflow/example_dags/example_kubernetes_executor.py
[2025-03-31T21:29:14.067+0000] {processor.py:914} INFO - Processing file /home/airflow/.local/lib/python3.12/site-packages/airflow/example_dags/example_kubernetes_executor.py for tasks to queue
[2025-03-31T21:29:14.072+0000] {logging_mixin.py:190} INFO - [2025-03-31T21:29:14.071+0000] {dagbag.py:588} INFO - Filling up the DagBag from /home/airflow/.local/lib/python3.12/site-packages/airflow/example_dags/example_kubernetes_executor.py
[2025-03-31T21:29:14.112+0000] {processor.py:925} INFO - DAG(s) 'example_kubernetes_executor' retrieved from /home/airflow/.local/lib/python3.12/site-packages/airflow/example_dags/example_kubernetes_executor.py
[2025-03-31T21:29:14.213+0000] {logging_mixin.py:190} INFO - [2025-03-31T21:29:14.213+0000] {dag.py:3239} INFO - Sync 1 DAGs
[2025-03-31T21:29:14.305+0000] {logging_mixin.py:190} INFO - [2025-03-31T21:29:14.295+0000] {dag.py:4180} INFO - Setting next_dagrun for example_kubernetes_executor to None, run_after=None
[2025-03-31T21:29:14.365+0000] {processor.py:208} INFO - Processing /home/airflow/.local/lib/python3.12/site-packages/airflow/example_dags/example_kubernetes_executor.py took 0.321 seconds
[2025-03-31T21:29:45.263+0000] {processor.py:186} INFO - Started process (PID=890) to work on /home/airflow/.local/lib/python3.12/site-packages/airflow/example_dags/example_kubernetes_executor.py
[2025-03-31T21:29:45.268+0000] {processor.py:914} INFO - Processing file /home/airflow/.local/lib/python3.12/site-packages/airflow/example_dags/example_kubernetes_executor.py for tasks to queue
[2025-03-31T21:29:45.275+0000] {logging_mixin.py:190} INFO - [2025-03-31T21:29:45.274+0000] {dagbag.py:588} INFO - Filling up the DagBag from /home/airflow/.local/lib/python3.12/site-packages/airflow/example_dags/example_kubernetes_executor.py
[2025-03-31T21:29:45.345+0000] {processor.py:925} INFO - DAG(s) 'example_kubernetes_executor' retrieved from /home/airflow/.local/lib/python3.12/site-packages/airflow/example_dags/example_kubernetes_executor.py
[2025-03-31T21:29:45.459+0000] {logging_mixin.py:190} INFO - [2025-03-31T21:29:45.459+0000] {dag.py:3239} INFO - Sync 1 DAGs
[2025-03-31T21:29:45.513+0000] {logging_mixin.py:190} INFO - [2025-03-31T21:29:45.513+0000] {dag.py:4180} INFO - Setting next_dagrun for example_kubernetes_executor to None, run_after=None
[2025-03-31T21:29:45.594+0000] {processor.py:208} INFO - Processing /home/airflow/.local/lib/python3.12/site-packages/airflow/example_dags/example_kubernetes_executor.py took 0.355 seconds
[2025-03-31T21:30:40.914+0000] {processor.py:186} INFO - Started process (PID=934) to work on /home/airflow/.local/lib/python3.12/site-packages/airflow/example_dags/example_kubernetes_executor.py
[2025-03-31T21:30:40.933+0000] {processor.py:914} INFO - Processing file /home/airflow/.local/lib/python3.12/site-packages/airflow/example_dags/example_kubernetes_executor.py for tasks to queue
[2025-03-31T21:30:40.940+0000] {logging_mixin.py:190} INFO - [2025-03-31T21:30:40.939+0000] {dagbag.py:588} INFO - Filling up the DagBag from /home/airflow/.local/lib/python3.12/site-packages/airflow/example_dags/example_kubernetes_executor.py
[2025-03-31T21:30:41.007+0000] {processor.py:925} INFO - DAG(s) 'example_kubernetes_executor' retrieved from /home/airflow/.local/lib/python3.12/site-packages/airflow/example_dags/example_kubernetes_executor.py
[2025-03-31T21:30:41.124+0000] {logging_mixin.py:190} INFO - [2025-03-31T21:30:41.123+0000] {dag.py:3239} INFO - Sync 1 DAGs
[2025-03-31T21:30:41.190+0000] {logging_mixin.py:190} INFO - [2025-03-31T21:30:41.190+0000] {dag.py:4180} INFO - Setting next_dagrun for example_kubernetes_executor to None, run_after=None
[2025-03-31T21:30:41.282+0000] {processor.py:208} INFO - Processing /home/airflow/.local/lib/python3.12/site-packages/airflow/example_dags/example_kubernetes_executor.py took 0.395 seconds
[2025-03-31T21:31:12.067+0000] {processor.py:186} INFO - Started process (PID=999) to work on /home/airflow/.local/lib/python3.12/site-packages/airflow/example_dags/example_kubernetes_executor.py
[2025-03-31T21:31:12.070+0000] {processor.py:914} INFO - Processing file /home/airflow/.local/lib/python3.12/site-packages/airflow/example_dags/example_kubernetes_executor.py for tasks to queue
[2025-03-31T21:31:12.073+0000] {logging_mixin.py:190} INFO - [2025-03-31T21:31:12.072+0000] {dagbag.py:588} INFO - Filling up the DagBag from /home/airflow/.local/lib/python3.12/site-packages/airflow/example_dags/example_kubernetes_executor.py
[2025-03-31T21:31:12.108+0000] {processor.py:925} INFO - DAG(s) 'example_kubernetes_executor' retrieved from /home/airflow/.local/lib/python3.12/site-packages/airflow/example_dags/example_kubernetes_executor.py
[2025-03-31T21:31:12.161+0000] {logging_mixin.py:190} INFO - [2025-03-31T21:31:12.161+0000] {dag.py:3239} INFO - Sync 1 DAGs
[2025-03-31T21:31:12.190+0000] {logging_mixin.py:190} INFO - [2025-03-31T21:31:12.190+0000] {dag.py:4180} INFO - Setting next_dagrun for example_kubernetes_executor to None, run_after=None
[2025-03-31T21:31:12.223+0000] {processor.py:208} INFO - Processing /home/airflow/.local/lib/python3.12/site-packages/airflow/example_dags/example_kubernetes_executor.py took 0.169 seconds
[2025-03-31T21:31:42.574+0000] {processor.py:186} INFO - Started process (PID=1062) to work on /home/airflow/.local/lib/python3.12/site-packages/airflow/example_dags/example_kubernetes_executor.py
[2025-03-31T21:31:42.575+0000] {processor.py:914} INFO - Processing file /home/airflow/.local/lib/python3.12/site-packages/airflow/example_dags/example_kubernetes_executor.py for tasks to queue
[2025-03-31T21:31:42.580+0000] {logging_mixin.py:190} INFO - [2025-03-31T21:31:42.580+0000] {dagbag.py:588} INFO - Filling up the DagBag from /home/airflow/.local/lib/python3.12/site-packages/airflow/example_dags/example_kubernetes_executor.py
[2025-03-31T21:31:42.615+0000] {processor.py:925} INFO - DAG(s) 'example_kubernetes_executor' retrieved from /home/airflow/.local/lib/python3.12/site-packages/airflow/example_dags/example_kubernetes_executor.py
[2025-03-31T21:31:42.668+0000] {logging_mixin.py:190} INFO - [2025-03-31T21:31:42.667+0000] {dag.py:3239} INFO - Sync 1 DAGs
[2025-03-31T21:31:42.700+0000] {logging_mixin.py:190} INFO - [2025-03-31T21:31:42.700+0000] {dag.py:4180} INFO - Setting next_dagrun for example_kubernetes_executor to None, run_after=None
[2025-03-31T21:31:42.756+0000] {processor.py:208} INFO - Processing /home/airflow/.local/lib/python3.12/site-packages/airflow/example_dags/example_kubernetes_executor.py took 0.195 seconds
[2025-03-31T21:32:12.875+0000] {processor.py:186} INFO - Started process (PID=1125) to work on /home/airflow/.local/lib/python3.12/site-packages/airflow/example_dags/example_kubernetes_executor.py
[2025-03-31T21:32:12.877+0000] {processor.py:914} INFO - Processing file /home/airflow/.local/lib/python3.12/site-packages/airflow/example_dags/example_kubernetes_executor.py for tasks to queue
[2025-03-31T21:32:12.880+0000] {logging_mixin.py:190} INFO - [2025-03-31T21:32:12.879+0000] {dagbag.py:588} INFO - Filling up the DagBag from /home/airflow/.local/lib/python3.12/site-packages/airflow/example_dags/example_kubernetes_executor.py
[2025-03-31T21:32:12.917+0000] {processor.py:925} INFO - DAG(s) 'example_kubernetes_executor' retrieved from /home/airflow/.local/lib/python3.12/site-packages/airflow/example_dags/example_kubernetes_executor.py
[2025-03-31T21:32:13.014+0000] {logging_mixin.py:190} INFO - [2025-03-31T21:32:13.013+0000] {dag.py:3239} INFO - Sync 1 DAGs
[2025-03-31T21:32:13.047+0000] {logging_mixin.py:190} INFO - [2025-03-31T21:32:13.046+0000] {dag.py:4180} INFO - Setting next_dagrun for example_kubernetes_executor to None, run_after=None
[2025-03-31T21:32:13.105+0000] {processor.py:208} INFO - Processing /home/airflow/.local/lib/python3.12/site-packages/airflow/example_dags/example_kubernetes_executor.py took 0.258 seconds
[2025-03-31T21:32:43.215+0000] {processor.py:186} INFO - Started process (PID=1187) to work on /home/airflow/.local/lib/python3.12/site-packages/airflow/example_dags/example_kubernetes_executor.py
[2025-03-31T21:32:43.217+0000] {processor.py:914} INFO - Processing file /home/airflow/.local/lib/python3.12/site-packages/airflow/example_dags/example_kubernetes_executor.py for tasks to queue
[2025-03-31T21:32:43.220+0000] {logging_mixin.py:190} INFO - [2025-03-31T21:32:43.219+0000] {dagbag.py:588} INFO - Filling up the DagBag from /home/airflow/.local/lib/python3.12/site-packages/airflow/example_dags/example_kubernetes_executor.py
[2025-03-31T21:32:43.249+0000] {processor.py:925} INFO - DAG(s) 'example_kubernetes_executor' retrieved from /home/airflow/.local/lib/python3.12/site-packages/airflow/example_dags/example_kubernetes_executor.py
[2025-03-31T21:32:43.305+0000] {logging_mixin.py:190} INFO - [2025-03-31T21:32:43.305+0000] {dag.py:3239} INFO - Sync 1 DAGs
[2025-03-31T21:32:43.342+0000] {logging_mixin.py:190} INFO - [2025-03-31T21:32:43.342+0000] {dag.py:4180} INFO - Setting next_dagrun for example_kubernetes_executor to None, run_after=None
[2025-03-31T21:32:43.375+0000] {processor.py:208} INFO - Processing /home/airflow/.local/lib/python3.12/site-packages/airflow/example_dags/example_kubernetes_executor.py took 0.170 seconds
[2025-03-31T21:33:13.941+0000] {processor.py:186} INFO - Started process (PID=1251) to work on /home/airflow/.local/lib/python3.12/site-packages/airflow/example_dags/example_kubernetes_executor.py
[2025-03-31T21:33:13.944+0000] {processor.py:914} INFO - Processing file /home/airflow/.local/lib/python3.12/site-packages/airflow/example_dags/example_kubernetes_executor.py for tasks to queue
[2025-03-31T21:33:13.947+0000] {logging_mixin.py:190} INFO - [2025-03-31T21:33:13.946+0000] {dagbag.py:588} INFO - Filling up the DagBag from /home/airflow/.local/lib/python3.12/site-packages/airflow/example_dags/example_kubernetes_executor.py
[2025-03-31T21:33:13.978+0000] {processor.py:925} INFO - DAG(s) 'example_kubernetes_executor' retrieved from /home/airflow/.local/lib/python3.12/site-packages/airflow/example_dags/example_kubernetes_executor.py
[2025-03-31T21:33:14.045+0000] {logging_mixin.py:190} INFO - [2025-03-31T21:33:14.044+0000] {dag.py:3239} INFO - Sync 1 DAGs
[2025-03-31T21:33:14.085+0000] {logging_mixin.py:190} INFO - [2025-03-31T21:33:14.084+0000] {dag.py:4180} INFO - Setting next_dagrun for example_kubernetes_executor to None, run_after=None
[2025-03-31T21:33:14.135+0000] {processor.py:208} INFO - Processing /home/airflow/.local/lib/python3.12/site-packages/airflow/example_dags/example_kubernetes_executor.py took 0.206 seconds
[2025-03-31T21:33:44.196+0000] {processor.py:186} INFO - Started process (PID=1314) to work on /home/airflow/.local/lib/python3.12/site-packages/airflow/example_dags/example_kubernetes_executor.py
[2025-03-31T21:33:44.198+0000] {processor.py:914} INFO - Processing file /home/airflow/.local/lib/python3.12/site-packages/airflow/example_dags/example_kubernetes_executor.py for tasks to queue
[2025-03-31T21:33:44.201+0000] {logging_mixin.py:190} INFO - [2025-03-31T21:33:44.200+0000] {dagbag.py:588} INFO - Filling up the DagBag from /home/airflow/.local/lib/python3.12/site-packages/airflow/example_dags/example_kubernetes_executor.py
[2025-03-31T21:33:44.233+0000] {processor.py:925} INFO - DAG(s) 'example_kubernetes_executor' retrieved from /home/airflow/.local/lib/python3.12/site-packages/airflow/example_dags/example_kubernetes_executor.py
[2025-03-31T21:33:44.278+0000] {logging_mixin.py:190} INFO - [2025-03-31T21:33:44.278+0000] {dag.py:3239} INFO - Sync 1 DAGs
[2025-03-31T21:33:44.308+0000] {logging_mixin.py:190} INFO - [2025-03-31T21:33:44.308+0000] {dag.py:4180} INFO - Setting next_dagrun for example_kubernetes_executor to None, run_after=None
[2025-03-31T21:33:44.352+0000] {processor.py:208} INFO - Processing /home/airflow/.local/lib/python3.12/site-packages/airflow/example_dags/example_kubernetes_executor.py took 0.166 seconds
[2025-03-31T21:34:15.095+0000] {processor.py:186} INFO - Started process (PID=1377) to work on /home/airflow/.local/lib/python3.12/site-packages/airflow/example_dags/example_kubernetes_executor.py
[2025-03-31T21:34:15.103+0000] {processor.py:914} INFO - Processing file /home/airflow/.local/lib/python3.12/site-packages/airflow/example_dags/example_kubernetes_executor.py for tasks to queue
[2025-03-31T21:34:15.116+0000] {logging_mixin.py:190} INFO - [2025-03-31T21:34:15.115+0000] {dagbag.py:588} INFO - Filling up the DagBag from /home/airflow/.local/lib/python3.12/site-packages/airflow/example_dags/example_kubernetes_executor.py
[2025-03-31T21:34:15.184+0000] {processor.py:925} INFO - DAG(s) 'example_kubernetes_executor' retrieved from /home/airflow/.local/lib/python3.12/site-packages/airflow/example_dags/example_kubernetes_executor.py
[2025-03-31T21:34:15.405+0000] {logging_mixin.py:190} INFO - [2025-03-31T21:34:15.398+0000] {dag.py:3239} INFO - Sync 1 DAGs
[2025-03-31T21:34:15.582+0000] {logging_mixin.py:190} INFO - [2025-03-31T21:34:15.564+0000] {dag.py:4180} INFO - Setting next_dagrun for example_kubernetes_executor to None, run_after=None
[2025-03-31T21:34:15.809+0000] {processor.py:208} INFO - Processing /home/airflow/.local/lib/python3.12/site-packages/airflow/example_dags/example_kubernetes_executor.py took 0.756 seconds
[2025-03-31T21:34:46.751+0000] {processor.py:186} INFO - Started process (PID=1441) to work on /home/airflow/.local/lib/python3.12/site-packages/airflow/example_dags/example_kubernetes_executor.py
[2025-03-31T21:34:46.753+0000] {processor.py:914} INFO - Processing file /home/airflow/.local/lib/python3.12/site-packages/airflow/example_dags/example_kubernetes_executor.py for tasks to queue
[2025-03-31T21:34:46.758+0000] {logging_mixin.py:190} INFO - [2025-03-31T21:34:46.757+0000] {dagbag.py:588} INFO - Filling up the DagBag from /home/airflow/.local/lib/python3.12/site-packages/airflow/example_dags/example_kubernetes_executor.py
[2025-03-31T21:34:46.787+0000] {processor.py:925} INFO - DAG(s) 'example_kubernetes_executor' retrieved from /home/airflow/.local/lib/python3.12/site-packages/airflow/example_dags/example_kubernetes_executor.py
[2025-03-31T21:34:46.832+0000] {logging_mixin.py:190} INFO - [2025-03-31T21:34:46.832+0000] {dag.py:3239} INFO - Sync 1 DAGs
[2025-03-31T21:34:46.887+0000] {logging_mixin.py:190} INFO - [2025-03-31T21:34:46.885+0000] {dag.py:4180} INFO - Setting next_dagrun for example_kubernetes_executor to None, run_after=None
[2025-03-31T21:34:46.936+0000] {processor.py:208} INFO - Processing /home/airflow/.local/lib/python3.12/site-packages/airflow/example_dags/example_kubernetes_executor.py took 0.195 seconds
[2025-03-31T21:35:17.295+0000] {processor.py:186} INFO - Started process (PID=1505) to work on /home/airflow/.local/lib/python3.12/site-packages/airflow/example_dags/example_kubernetes_executor.py
[2025-03-31T21:35:17.298+0000] {processor.py:914} INFO - Processing file /home/airflow/.local/lib/python3.12/site-packages/airflow/example_dags/example_kubernetes_executor.py for tasks to queue
[2025-03-31T21:35:17.307+0000] {logging_mixin.py:190} INFO - [2025-03-31T21:35:17.306+0000] {dagbag.py:588} INFO - Filling up the DagBag from /home/airflow/.local/lib/python3.12/site-packages/airflow/example_dags/example_kubernetes_executor.py
[2025-03-31T21:35:17.361+0000] {processor.py:925} INFO - DAG(s) 'example_kubernetes_executor' retrieved from /home/airflow/.local/lib/python3.12/site-packages/airflow/example_dags/example_kubernetes_executor.py
[2025-03-31T21:35:17.426+0000] {logging_mixin.py:190} INFO - [2025-03-31T21:35:17.426+0000] {dag.py:3239} INFO - Sync 1 DAGs
[2025-03-31T21:35:17.468+0000] {logging_mixin.py:190} INFO - [2025-03-31T21:35:17.468+0000] {dag.py:4180} INFO - Setting next_dagrun for example_kubernetes_executor to None, run_after=None
[2025-03-31T21:35:17.513+0000] {processor.py:208} INFO - Processing /home/airflow/.local/lib/python3.12/site-packages/airflow/example_dags/example_kubernetes_executor.py took 0.256 seconds
[2025-03-31T21:35:48.359+0000] {processor.py:186} INFO - Started process (PID=1569) to work on /home/airflow/.local/lib/python3.12/site-packages/airflow/example_dags/example_kubernetes_executor.py
[2025-03-31T21:35:48.361+0000] {processor.py:914} INFO - Processing file /home/airflow/.local/lib/python3.12/site-packages/airflow/example_dags/example_kubernetes_executor.py for tasks to queue
[2025-03-31T21:35:48.364+0000] {logging_mixin.py:190} INFO - [2025-03-31T21:35:48.363+0000] {dagbag.py:588} INFO - Filling up the DagBag from /home/airflow/.local/lib/python3.12/site-packages/airflow/example_dags/example_kubernetes_executor.py
[2025-03-31T21:35:48.397+0000] {processor.py:925} INFO - DAG(s) 'example_kubernetes_executor' retrieved from /home/airflow/.local/lib/python3.12/site-packages/airflow/example_dags/example_kubernetes_executor.py
[2025-03-31T21:35:48.439+0000] {logging_mixin.py:190} INFO - [2025-03-31T21:35:48.439+0000] {dag.py:3239} INFO - Sync 1 DAGs
[2025-03-31T21:35:48.464+0000] {logging_mixin.py:190} INFO - [2025-03-31T21:35:48.464+0000] {dag.py:4180} INFO - Setting next_dagrun for example_kubernetes_executor to None, run_after=None
[2025-03-31T21:35:48.497+0000] {processor.py:208} INFO - Processing /home/airflow/.local/lib/python3.12/site-packages/airflow/example_dags/example_kubernetes_executor.py took 0.148 seconds
[2025-03-31T21:36:19.425+0000] {processor.py:186} INFO - Started process (PID=1633) to work on /home/airflow/.local/lib/python3.12/site-packages/airflow/example_dags/example_kubernetes_executor.py
[2025-03-31T21:36:19.431+0000] {processor.py:914} INFO - Processing file /home/airflow/.local/lib/python3.12/site-packages/airflow/example_dags/example_kubernetes_executor.py for tasks to queue
[2025-03-31T21:36:19.435+0000] {logging_mixin.py:190} INFO - [2025-03-31T21:36:19.434+0000] {dagbag.py:588} INFO - Filling up the DagBag from /home/airflow/.local/lib/python3.12/site-packages/airflow/example_dags/example_kubernetes_executor.py
[2025-03-31T21:36:19.509+0000] {processor.py:925} INFO - DAG(s) 'example_kubernetes_executor' retrieved from /home/airflow/.local/lib/python3.12/site-packages/airflow/example_dags/example_kubernetes_executor.py
[2025-03-31T21:36:19.614+0000] {logging_mixin.py:190} INFO - [2025-03-31T21:36:19.613+0000] {dag.py:3239} INFO - Sync 1 DAGs
[2025-03-31T21:36:19.672+0000] {logging_mixin.py:190} INFO - [2025-03-31T21:36:19.672+0000] {dag.py:4180} INFO - Setting next_dagrun for example_kubernetes_executor to None, run_after=None
[2025-03-31T21:36:19.717+0000] {processor.py:208} INFO - Processing /home/airflow/.local/lib/python3.12/site-packages/airflow/example_dags/example_kubernetes_executor.py took 0.308 seconds
[2025-03-31T21:37:01.155+0000] {processor.py:186} INFO - Started process (PID=1665) to work on /home/airflow/.local/lib/python3.12/site-packages/airflow/example_dags/example_kubernetes_executor.py
[2025-03-31T21:37:01.158+0000] {processor.py:914} INFO - Processing file /home/airflow/.local/lib/python3.12/site-packages/airflow/example_dags/example_kubernetes_executor.py for tasks to queue
[2025-03-31T21:37:01.163+0000] {logging_mixin.py:190} INFO - [2025-03-31T21:37:01.162+0000] {dagbag.py:588} INFO - Filling up the DagBag from /home/airflow/.local/lib/python3.12/site-packages/airflow/example_dags/example_kubernetes_executor.py
[2025-03-31T21:37:01.204+0000] {processor.py:925} INFO - DAG(s) 'example_kubernetes_executor' retrieved from /home/airflow/.local/lib/python3.12/site-packages/airflow/example_dags/example_kubernetes_executor.py
[2025-03-31T21:37:01.268+0000] {logging_mixin.py:190} INFO - [2025-03-31T21:37:01.268+0000] {dag.py:3239} INFO - Sync 1 DAGs
[2025-03-31T21:37:01.307+0000] {logging_mixin.py:190} INFO - [2025-03-31T21:37:01.307+0000] {dag.py:4180} INFO - Setting next_dagrun for example_kubernetes_executor to None, run_after=None
[2025-03-31T21:37:01.362+0000] {processor.py:208} INFO - Processing /home/airflow/.local/lib/python3.12/site-packages/airflow/example_dags/example_kubernetes_executor.py took 0.226 seconds
[2025-03-31T21:37:32.917+0000] {processor.py:186} INFO - Started process (PID=1728) to work on /home/airflow/.local/lib/python3.12/site-packages/airflow/example_dags/example_kubernetes_executor.py
[2025-03-31T21:37:32.919+0000] {processor.py:914} INFO - Processing file /home/airflow/.local/lib/python3.12/site-packages/airflow/example_dags/example_kubernetes_executor.py for tasks to queue
[2025-03-31T21:37:32.925+0000] {logging_mixin.py:190} INFO - [2025-03-31T21:37:32.924+0000] {dagbag.py:588} INFO - Filling up the DagBag from /home/airflow/.local/lib/python3.12/site-packages/airflow/example_dags/example_kubernetes_executor.py
[2025-03-31T21:37:32.966+0000] {processor.py:925} INFO - DAG(s) 'example_kubernetes_executor' retrieved from /home/airflow/.local/lib/python3.12/site-packages/airflow/example_dags/example_kubernetes_executor.py
[2025-03-31T21:37:33.024+0000] {logging_mixin.py:190} INFO - [2025-03-31T21:37:33.023+0000] {dag.py:3239} INFO - Sync 1 DAGs
[2025-03-31T21:37:33.055+0000] {logging_mixin.py:190} INFO - [2025-03-31T21:37:33.054+0000] {dag.py:4180} INFO - Setting next_dagrun for example_kubernetes_executor to None, run_after=None
[2025-03-31T21:37:33.096+0000] {processor.py:208} INFO - Processing /home/airflow/.local/lib/python3.12/site-packages/airflow/example_dags/example_kubernetes_executor.py took 0.193 seconds
[2025-03-31T21:38:07.533+0000] {processor.py:186} INFO - Started process (PID=1791) to work on /home/airflow/.local/lib/python3.12/site-packages/airflow/example_dags/example_kubernetes_executor.py
[2025-03-31T21:38:07.535+0000] {processor.py:914} INFO - Processing file /home/airflow/.local/lib/python3.12/site-packages/airflow/example_dags/example_kubernetes_executor.py for tasks to queue
[2025-03-31T21:38:07.545+0000] {logging_mixin.py:190} INFO - [2025-03-31T21:38:07.543+0000] {dagbag.py:588} INFO - Filling up the DagBag from /home/airflow/.local/lib/python3.12/site-packages/airflow/example_dags/example_kubernetes_executor.py
[2025-03-31T21:38:07.649+0000] {processor.py:925} INFO - DAG(s) 'example_kubernetes_executor' retrieved from /home/airflow/.local/lib/python3.12/site-packages/airflow/example_dags/example_kubernetes_executor.py
[2025-03-31T21:38:07.770+0000] {logging_mixin.py:190} INFO - [2025-03-31T21:38:07.770+0000] {dag.py:3239} INFO - Sync 1 DAGs
[2025-03-31T21:38:07.894+0000] {logging_mixin.py:190} INFO - [2025-03-31T21:38:07.894+0000] {dag.py:4180} INFO - Setting next_dagrun for example_kubernetes_executor to None, run_after=None
[2025-03-31T21:38:07.975+0000] {processor.py:208} INFO - Processing /home/airflow/.local/lib/python3.12/site-packages/airflow/example_dags/example_kubernetes_executor.py took 0.484 seconds
[2025-03-31T21:38:38.836+0000] {processor.py:186} INFO - Started process (PID=1855) to work on /home/airflow/.local/lib/python3.12/site-packages/airflow/example_dags/example_kubernetes_executor.py
[2025-03-31T21:38:38.842+0000] {processor.py:914} INFO - Processing file /home/airflow/.local/lib/python3.12/site-packages/airflow/example_dags/example_kubernetes_executor.py for tasks to queue
[2025-03-31T21:38:38.849+0000] {logging_mixin.py:190} INFO - [2025-03-31T21:38:38.845+0000] {dagbag.py:588} INFO - Filling up the DagBag from /home/airflow/.local/lib/python3.12/site-packages/airflow/example_dags/example_kubernetes_executor.py
[2025-03-31T21:38:38.929+0000] {processor.py:925} INFO - DAG(s) 'example_kubernetes_executor' retrieved from /home/airflow/.local/lib/python3.12/site-packages/airflow/example_dags/example_kubernetes_executor.py
[2025-03-31T21:38:39.013+0000] {logging_mixin.py:190} INFO - [2025-03-31T21:38:39.012+0000] {dag.py:3239} INFO - Sync 1 DAGs
[2025-03-31T21:38:39.050+0000] {logging_mixin.py:190} INFO - [2025-03-31T21:38:39.050+0000] {dag.py:4180} INFO - Setting next_dagrun for example_kubernetes_executor to None, run_after=None
[2025-03-31T21:38:39.114+0000] {processor.py:208} INFO - Processing /home/airflow/.local/lib/python3.12/site-packages/airflow/example_dags/example_kubernetes_executor.py took 0.305 seconds
[2025-03-31T21:40:15.919+0000] {processor.py:186} INFO - Started process (PID=1900) to work on /home/airflow/.local/lib/python3.12/site-packages/airflow/example_dags/example_kubernetes_executor.py
[2025-03-31T21:40:15.924+0000] {processor.py:914} INFO - Processing file /home/airflow/.local/lib/python3.12/site-packages/airflow/example_dags/example_kubernetes_executor.py for tasks to queue
[2025-03-31T21:40:15.928+0000] {logging_mixin.py:190} INFO - [2025-03-31T21:40:15.928+0000] {dagbag.py:588} INFO - Filling up the DagBag from /home/airflow/.local/lib/python3.12/site-packages/airflow/example_dags/example_kubernetes_executor.py
[2025-03-31T21:40:15.995+0000] {processor.py:925} INFO - DAG(s) 'example_kubernetes_executor' retrieved from /home/airflow/.local/lib/python3.12/site-packages/airflow/example_dags/example_kubernetes_executor.py
[2025-03-31T21:40:16.141+0000] {logging_mixin.py:190} INFO - [2025-03-31T21:40:16.141+0000] {dag.py:3239} INFO - Sync 1 DAGs
[2025-03-31T21:40:16.213+0000] {logging_mixin.py:190} INFO - [2025-03-31T21:40:16.213+0000] {dag.py:4180} INFO - Setting next_dagrun for example_kubernetes_executor to None, run_after=None
[2025-03-31T21:40:16.329+0000] {processor.py:208} INFO - Processing /home/airflow/.local/lib/python3.12/site-packages/airflow/example_dags/example_kubernetes_executor.py took 0.434 seconds
[2025-03-31T21:40:47.291+0000] {processor.py:186} INFO - Started process (PID=1963) to work on /home/airflow/.local/lib/python3.12/site-packages/airflow/example_dags/example_kubernetes_executor.py
[2025-03-31T21:40:47.304+0000] {processor.py:914} INFO - Processing file /home/airflow/.local/lib/python3.12/site-packages/airflow/example_dags/example_kubernetes_executor.py for tasks to queue
[2025-03-31T21:40:47.330+0000] {logging_mixin.py:190} INFO - [2025-03-31T21:40:47.329+0000] {dagbag.py:588} INFO - Filling up the DagBag from /home/airflow/.local/lib/python3.12/site-packages/airflow/example_dags/example_kubernetes_executor.py
[2025-03-31T21:40:47.410+0000] {processor.py:925} INFO - DAG(s) 'example_kubernetes_executor' retrieved from /home/airflow/.local/lib/python3.12/site-packages/airflow/example_dags/example_kubernetes_executor.py
[2025-03-31T21:40:47.658+0000] {logging_mixin.py:190} INFO - [2025-03-31T21:40:47.640+0000] {dag.py:3239} INFO - Sync 1 DAGs
[2025-03-31T21:40:47.917+0000] {logging_mixin.py:190} INFO - [2025-03-31T21:40:47.894+0000] {dag.py:4180} INFO - Setting next_dagrun for example_kubernetes_executor to None, run_after=None
[2025-03-31T21:40:49.292+0000] {processor.py:208} INFO - Processing /home/airflow/.local/lib/python3.12/site-packages/airflow/example_dags/example_kubernetes_executor.py took 2.082 seconds
[2025-03-31T21:42:50.767+0000] {processor.py:186} INFO - Started process (PID=1997) to work on /home/airflow/.local/lib/python3.12/site-packages/airflow/example_dags/example_kubernetes_executor.py
[2025-03-31T21:42:50.807+0000] {processor.py:914} INFO - Processing file /home/airflow/.local/lib/python3.12/site-packages/airflow/example_dags/example_kubernetes_executor.py for tasks to queue
[2025-03-31T21:42:50.823+0000] {logging_mixin.py:190} INFO - [2025-03-31T21:42:50.822+0000] {dagbag.py:588} INFO - Filling up the DagBag from /home/airflow/.local/lib/python3.12/site-packages/airflow/example_dags/example_kubernetes_executor.py
[2025-03-31T21:42:50.966+0000] {processor.py:925} INFO - DAG(s) 'example_kubernetes_executor' retrieved from /home/airflow/.local/lib/python3.12/site-packages/airflow/example_dags/example_kubernetes_executor.py
[2025-03-31T21:42:51.122+0000] {logging_mixin.py:190} INFO - [2025-03-31T21:42:51.121+0000] {dag.py:3239} INFO - Sync 1 DAGs
[2025-03-31T21:42:51.195+0000] {logging_mixin.py:190} INFO - [2025-03-31T21:42:51.194+0000] {dag.py:4180} INFO - Setting next_dagrun for example_kubernetes_executor to None, run_after=None
[2025-03-31T21:42:51.252+0000] {processor.py:208} INFO - Processing /home/airflow/.local/lib/python3.12/site-packages/airflow/example_dags/example_kubernetes_executor.py took 0.530 seconds
[2025-03-31T21:43:49.286+0000] {processor.py:186} INFO - Started process (PID=2069) to work on /home/airflow/.local/lib/python3.12/site-packages/airflow/example_dags/example_kubernetes_executor.py
[2025-03-31T21:43:49.289+0000] {processor.py:914} INFO - Processing file /home/airflow/.local/lib/python3.12/site-packages/airflow/example_dags/example_kubernetes_executor.py for tasks to queue
[2025-03-31T21:43:49.293+0000] {logging_mixin.py:190} INFO - [2025-03-31T21:43:49.292+0000] {dagbag.py:588} INFO - Filling up the DagBag from /home/airflow/.local/lib/python3.12/site-packages/airflow/example_dags/example_kubernetes_executor.py
[2025-03-31T21:43:49.337+0000] {processor.py:925} INFO - DAG(s) 'example_kubernetes_executor' retrieved from /home/airflow/.local/lib/python3.12/site-packages/airflow/example_dags/example_kubernetes_executor.py
[2025-03-31T21:43:49.410+0000] {logging_mixin.py:190} INFO - [2025-03-31T21:43:49.408+0000] {dag.py:3239} INFO - Sync 1 DAGs
[2025-03-31T21:43:49.491+0000] {logging_mixin.py:190} INFO - [2025-03-31T21:43:49.491+0000] {dag.py:4180} INFO - Setting next_dagrun for example_kubernetes_executor to None, run_after=None
[2025-03-31T21:43:49.540+0000] {processor.py:208} INFO - Processing /home/airflow/.local/lib/python3.12/site-packages/airflow/example_dags/example_kubernetes_executor.py took 0.270 seconds
[2025-03-31T21:44:20.402+0000] {processor.py:186} INFO - Started process (PID=2133) to work on /home/airflow/.local/lib/python3.12/site-packages/airflow/example_dags/example_kubernetes_executor.py
[2025-03-31T21:44:20.406+0000] {processor.py:914} INFO - Processing file /home/airflow/.local/lib/python3.12/site-packages/airflow/example_dags/example_kubernetes_executor.py for tasks to queue
[2025-03-31T21:44:20.412+0000] {logging_mixin.py:190} INFO - [2025-03-31T21:44:20.410+0000] {dagbag.py:588} INFO - Filling up the DagBag from /home/airflow/.local/lib/python3.12/site-packages/airflow/example_dags/example_kubernetes_executor.py
[2025-03-31T21:44:20.464+0000] {processor.py:925} INFO - DAG(s) 'example_kubernetes_executor' retrieved from /home/airflow/.local/lib/python3.12/site-packages/airflow/example_dags/example_kubernetes_executor.py
[2025-03-31T21:44:20.537+0000] {logging_mixin.py:190} INFO - [2025-03-31T21:44:20.536+0000] {dag.py:3239} INFO - Sync 1 DAGs
[2025-03-31T21:44:20.578+0000] {logging_mixin.py:190} INFO - [2025-03-31T21:44:20.577+0000] {dag.py:4180} INFO - Setting next_dagrun for example_kubernetes_executor to None, run_after=None
[2025-03-31T21:44:20.627+0000] {processor.py:208} INFO - Processing /home/airflow/.local/lib/python3.12/site-packages/airflow/example_dags/example_kubernetes_executor.py took 0.239 seconds
[2025-03-31T21:44:51.743+0000] {processor.py:186} INFO - Started process (PID=2197) to work on /home/airflow/.local/lib/python3.12/site-packages/airflow/example_dags/example_kubernetes_executor.py
[2025-03-31T21:44:51.746+0000] {processor.py:914} INFO - Processing file /home/airflow/.local/lib/python3.12/site-packages/airflow/example_dags/example_kubernetes_executor.py for tasks to queue
[2025-03-31T21:44:51.748+0000] {logging_mixin.py:190} INFO - [2025-03-31T21:44:51.748+0000] {dagbag.py:588} INFO - Filling up the DagBag from /home/airflow/.local/lib/python3.12/site-packages/airflow/example_dags/example_kubernetes_executor.py
[2025-03-31T21:44:51.777+0000] {processor.py:925} INFO - DAG(s) 'example_kubernetes_executor' retrieved from /home/airflow/.local/lib/python3.12/site-packages/airflow/example_dags/example_kubernetes_executor.py
[2025-03-31T21:44:51.840+0000] {logging_mixin.py:190} INFO - [2025-03-31T21:44:51.839+0000] {dag.py:3239} INFO - Sync 1 DAGs
[2025-03-31T21:44:51.870+0000] {logging_mixin.py:190} INFO - [2025-03-31T21:44:51.869+0000] {dag.py:4180} INFO - Setting next_dagrun for example_kubernetes_executor to None, run_after=None
[2025-03-31T21:44:51.953+0000] {processor.py:208} INFO - Processing /home/airflow/.local/lib/python3.12/site-packages/airflow/example_dags/example_kubernetes_executor.py took 0.222 seconds
[2025-03-31T21:45:23.376+0000] {processor.py:186} INFO - Started process (PID=2261) to work on /home/airflow/.local/lib/python3.12/site-packages/airflow/example_dags/example_kubernetes_executor.py
[2025-03-31T21:45:23.379+0000] {processor.py:914} INFO - Processing file /home/airflow/.local/lib/python3.12/site-packages/airflow/example_dags/example_kubernetes_executor.py for tasks to queue
[2025-03-31T21:45:23.383+0000] {logging_mixin.py:190} INFO - [2025-03-31T21:45:23.382+0000] {dagbag.py:588} INFO - Filling up the DagBag from /home/airflow/.local/lib/python3.12/site-packages/airflow/example_dags/example_kubernetes_executor.py
[2025-03-31T21:45:23.418+0000] {processor.py:925} INFO - DAG(s) 'example_kubernetes_executor' retrieved from /home/airflow/.local/lib/python3.12/site-packages/airflow/example_dags/example_kubernetes_executor.py
[2025-03-31T21:45:23.490+0000] {logging_mixin.py:190} INFO - [2025-03-31T21:45:23.490+0000] {dag.py:3239} INFO - Sync 1 DAGs
[2025-03-31T21:45:23.527+0000] {logging_mixin.py:190} INFO - [2025-03-31T21:45:23.527+0000] {dag.py:4180} INFO - Setting next_dagrun for example_kubernetes_executor to None, run_after=None
[2025-03-31T21:45:23.615+0000] {processor.py:208} INFO - Processing /home/airflow/.local/lib/python3.12/site-packages/airflow/example_dags/example_kubernetes_executor.py took 0.259 seconds
[2025-03-31T21:49:15.701+0000] {processor.py:186} INFO - Started process (PID=2331) to work on /home/airflow/.local/lib/python3.12/site-packages/airflow/example_dags/example_kubernetes_executor.py
[2025-03-31T21:49:15.704+0000] {processor.py:914} INFO - Processing file /home/airflow/.local/lib/python3.12/site-packages/airflow/example_dags/example_kubernetes_executor.py for tasks to queue
[2025-03-31T21:49:15.710+0000] {logging_mixin.py:190} INFO - [2025-03-31T21:49:15.709+0000] {dagbag.py:588} INFO - Filling up the DagBag from /home/airflow/.local/lib/python3.12/site-packages/airflow/example_dags/example_kubernetes_executor.py
[2025-03-31T21:49:15.752+0000] {processor.py:925} INFO - DAG(s) 'example_kubernetes_executor' retrieved from /home/airflow/.local/lib/python3.12/site-packages/airflow/example_dags/example_kubernetes_executor.py
[2025-03-31T21:49:15.834+0000] {logging_mixin.py:190} INFO - [2025-03-31T21:49:15.833+0000] {dag.py:3239} INFO - Sync 1 DAGs
[2025-03-31T21:49:15.882+0000] {logging_mixin.py:190} INFO - [2025-03-31T21:49:15.881+0000] {dag.py:4180} INFO - Setting next_dagrun for example_kubernetes_executor to None, run_after=None
[2025-03-31T21:49:15.938+0000] {processor.py:208} INFO - Processing /home/airflow/.local/lib/python3.12/site-packages/airflow/example_dags/example_kubernetes_executor.py took 0.253 seconds
[2025-03-31T21:49:46.906+0000] {processor.py:186} INFO - Started process (PID=2395) to work on /home/airflow/.local/lib/python3.12/site-packages/airflow/example_dags/example_kubernetes_executor.py
[2025-03-31T21:49:46.908+0000] {processor.py:914} INFO - Processing file /home/airflow/.local/lib/python3.12/site-packages/airflow/example_dags/example_kubernetes_executor.py for tasks to queue
[2025-03-31T21:49:46.911+0000] {logging_mixin.py:190} INFO - [2025-03-31T21:49:46.910+0000] {dagbag.py:588} INFO - Filling up the DagBag from /home/airflow/.local/lib/python3.12/site-packages/airflow/example_dags/example_kubernetes_executor.py
[2025-03-31T21:49:46.945+0000] {processor.py:925} INFO - DAG(s) 'example_kubernetes_executor' retrieved from /home/airflow/.local/lib/python3.12/site-packages/airflow/example_dags/example_kubernetes_executor.py
[2025-03-31T21:49:47.008+0000] {logging_mixin.py:190} INFO - [2025-03-31T21:49:47.008+0000] {dag.py:3239} INFO - Sync 1 DAGs
[2025-03-31T21:49:47.062+0000] {logging_mixin.py:190} INFO - [2025-03-31T21:49:47.062+0000] {dag.py:4180} INFO - Setting next_dagrun for example_kubernetes_executor to None, run_after=None
[2025-03-31T21:49:47.119+0000] {processor.py:208} INFO - Processing /home/airflow/.local/lib/python3.12/site-packages/airflow/example_dags/example_kubernetes_executor.py took 0.225 seconds
[2025-03-31T21:50:19.347+0000] {processor.py:186} INFO - Started process (PID=2459) to work on /home/airflow/.local/lib/python3.12/site-packages/airflow/example_dags/example_kubernetes_executor.py
[2025-03-31T21:50:19.350+0000] {processor.py:914} INFO - Processing file /home/airflow/.local/lib/python3.12/site-packages/airflow/example_dags/example_kubernetes_executor.py for tasks to queue
[2025-03-31T21:50:19.354+0000] {logging_mixin.py:190} INFO - [2025-03-31T21:50:19.352+0000] {dagbag.py:588} INFO - Filling up the DagBag from /home/airflow/.local/lib/python3.12/site-packages/airflow/example_dags/example_kubernetes_executor.py
[2025-03-31T21:50:19.387+0000] {processor.py:925} INFO - DAG(s) 'example_kubernetes_executor' retrieved from /home/airflow/.local/lib/python3.12/site-packages/airflow/example_dags/example_kubernetes_executor.py
[2025-03-31T21:50:19.446+0000] {logging_mixin.py:190} INFO - [2025-03-31T21:50:19.445+0000] {dag.py:3239} INFO - Sync 1 DAGs
[2025-03-31T21:50:19.473+0000] {logging_mixin.py:190} INFO - [2025-03-31T21:50:19.472+0000] {dag.py:4180} INFO - Setting next_dagrun for example_kubernetes_executor to None, run_after=None
[2025-03-31T21:50:19.506+0000] {processor.py:208} INFO - Processing /home/airflow/.local/lib/python3.12/site-packages/airflow/example_dags/example_kubernetes_executor.py took 0.174 seconds
[2025-03-31T21:50:51.033+0000] {processor.py:186} INFO - Started process (PID=2523) to work on /home/airflow/.local/lib/python3.12/site-packages/airflow/example_dags/example_kubernetes_executor.py
[2025-03-31T21:50:51.038+0000] {processor.py:914} INFO - Processing file /home/airflow/.local/lib/python3.12/site-packages/airflow/example_dags/example_kubernetes_executor.py for tasks to queue
[2025-03-31T21:50:51.045+0000] {logging_mixin.py:190} INFO - [2025-03-31T21:50:51.045+0000] {dagbag.py:588} INFO - Filling up the DagBag from /home/airflow/.local/lib/python3.12/site-packages/airflow/example_dags/example_kubernetes_executor.py
[2025-03-31T21:50:51.118+0000] {processor.py:925} INFO - DAG(s) 'example_kubernetes_executor' retrieved from /home/airflow/.local/lib/python3.12/site-packages/airflow/example_dags/example_kubernetes_executor.py
[2025-03-31T21:50:51.226+0000] {logging_mixin.py:190} INFO - [2025-03-31T21:50:51.226+0000] {dag.py:3239} INFO - Sync 1 DAGs
[2025-03-31T21:50:51.273+0000] {logging_mixin.py:190} INFO - [2025-03-31T21:50:51.272+0000] {dag.py:4180} INFO - Setting next_dagrun for example_kubernetes_executor to None, run_after=None
[2025-03-31T21:50:51.405+0000] {processor.py:208} INFO - Processing /home/airflow/.local/lib/python3.12/site-packages/airflow/example_dags/example_kubernetes_executor.py took 0.403 seconds
[2025-03-31T21:51:21.746+0000] {processor.py:186} INFO - Started process (PID=2586) to work on /home/airflow/.local/lib/python3.12/site-packages/airflow/example_dags/example_kubernetes_executor.py
[2025-03-31T21:51:21.760+0000] {processor.py:914} INFO - Processing file /home/airflow/.local/lib/python3.12/site-packages/airflow/example_dags/example_kubernetes_executor.py for tasks to queue
[2025-03-31T21:51:21.763+0000] {logging_mixin.py:190} INFO - [2025-03-31T21:51:21.762+0000] {dagbag.py:588} INFO - Filling up the DagBag from /home/airflow/.local/lib/python3.12/site-packages/airflow/example_dags/example_kubernetes_executor.py
[2025-03-31T21:51:21.816+0000] {processor.py:925} INFO - DAG(s) 'example_kubernetes_executor' retrieved from /home/airflow/.local/lib/python3.12/site-packages/airflow/example_dags/example_kubernetes_executor.py
[2025-03-31T21:51:21.892+0000] {logging_mixin.py:190} INFO - [2025-03-31T21:51:21.887+0000] {dag.py:3239} INFO - Sync 1 DAGs
[2025-03-31T21:51:21.926+0000] {logging_mixin.py:190} INFO - [2025-03-31T21:51:21.925+0000] {dag.py:4180} INFO - Setting next_dagrun for example_kubernetes_executor to None, run_after=None
[2025-03-31T21:51:21.996+0000] {processor.py:208} INFO - Processing /home/airflow/.local/lib/python3.12/site-packages/airflow/example_dags/example_kubernetes_executor.py took 0.269 seconds
[2025-03-31T21:53:34.617+0000] {processor.py:186} INFO - Started process (PID=2653) to work on /home/airflow/.local/lib/python3.12/site-packages/airflow/example_dags/example_kubernetes_executor.py
[2025-03-31T21:53:34.619+0000] {processor.py:914} INFO - Processing file /home/airflow/.local/lib/python3.12/site-packages/airflow/example_dags/example_kubernetes_executor.py for tasks to queue
[2025-03-31T21:53:34.623+0000] {logging_mixin.py:190} INFO - [2025-03-31T21:53:34.622+0000] {dagbag.py:588} INFO - Filling up the DagBag from /home/airflow/.local/lib/python3.12/site-packages/airflow/example_dags/example_kubernetes_executor.py
[2025-03-31T21:53:34.661+0000] {processor.py:925} INFO - DAG(s) 'example_kubernetes_executor' retrieved from /home/airflow/.local/lib/python3.12/site-packages/airflow/example_dags/example_kubernetes_executor.py
[2025-03-31T21:53:34.737+0000] {logging_mixin.py:190} INFO - [2025-03-31T21:53:34.737+0000] {dag.py:3239} INFO - Sync 1 DAGs
[2025-03-31T21:53:34.811+0000] {logging_mixin.py:190} INFO - [2025-03-31T21:53:34.811+0000] {dag.py:4180} INFO - Setting next_dagrun for example_kubernetes_executor to None, run_after=None
[2025-03-31T21:53:34.954+0000] {processor.py:208} INFO - Processing /home/airflow/.local/lib/python3.12/site-packages/airflow/example_dags/example_kubernetes_executor.py took 0.349 seconds
[2025-03-31T21:55:16.293+0000] {processor.py:186} INFO - Started process (PID=2727) to work on /home/airflow/.local/lib/python3.12/site-packages/airflow/example_dags/example_kubernetes_executor.py
[2025-03-31T21:55:16.295+0000] {processor.py:914} INFO - Processing file /home/airflow/.local/lib/python3.12/site-packages/airflow/example_dags/example_kubernetes_executor.py for tasks to queue
[2025-03-31T21:55:16.301+0000] {logging_mixin.py:190} INFO - [2025-03-31T21:55:16.300+0000] {dagbag.py:588} INFO - Filling up the DagBag from /home/airflow/.local/lib/python3.12/site-packages/airflow/example_dags/example_kubernetes_executor.py
[2025-03-31T21:55:16.350+0000] {processor.py:925} INFO - DAG(s) 'example_kubernetes_executor' retrieved from /home/airflow/.local/lib/python3.12/site-packages/airflow/example_dags/example_kubernetes_executor.py
[2025-03-31T21:55:16.451+0000] {logging_mixin.py:190} INFO - [2025-03-31T21:55:16.450+0000] {dag.py:3239} INFO - Sync 1 DAGs
[2025-03-31T21:55:16.511+0000] {logging_mixin.py:190} INFO - [2025-03-31T21:55:16.510+0000] {dag.py:4180} INFO - Setting next_dagrun for example_kubernetes_executor to None, run_after=None
[2025-03-31T21:55:16.556+0000] {processor.py:208} INFO - Processing /home/airflow/.local/lib/python3.12/site-packages/airflow/example_dags/example_kubernetes_executor.py took 0.278 seconds
[2025-03-31T21:55:52.356+0000] {processor.py:186} INFO - Started process (PID=2791) to work on /home/airflow/.local/lib/python3.12/site-packages/airflow/example_dags/example_kubernetes_executor.py
[2025-03-31T21:55:52.363+0000] {processor.py:914} INFO - Processing file /home/airflow/.local/lib/python3.12/site-packages/airflow/example_dags/example_kubernetes_executor.py for tasks to queue
[2025-03-31T21:55:52.366+0000] {logging_mixin.py:190} INFO - [2025-03-31T21:55:52.365+0000] {dagbag.py:588} INFO - Filling up the DagBag from /home/airflow/.local/lib/python3.12/site-packages/airflow/example_dags/example_kubernetes_executor.py
[2025-03-31T21:55:52.443+0000] {processor.py:925} INFO - DAG(s) 'example_kubernetes_executor' retrieved from /home/airflow/.local/lib/python3.12/site-packages/airflow/example_dags/example_kubernetes_executor.py
[2025-03-31T21:55:52.612+0000] {logging_mixin.py:190} INFO - [2025-03-31T21:55:52.611+0000] {dag.py:3239} INFO - Sync 1 DAGs
[2025-03-31T21:55:52.704+0000] {logging_mixin.py:190} INFO - [2025-03-31T21:55:52.704+0000] {dag.py:4180} INFO - Setting next_dagrun for example_kubernetes_executor to None, run_after=None
[2025-03-31T21:55:52.775+0000] {processor.py:208} INFO - Processing /home/airflow/.local/lib/python3.12/site-packages/airflow/example_dags/example_kubernetes_executor.py took 0.434 seconds
[2025-03-31T21:57:14.195+0000] {processor.py:186} INFO - Started process (PID=2871) to work on /home/airflow/.local/lib/python3.12/site-packages/airflow/example_dags/example_kubernetes_executor.py
[2025-03-31T21:57:14.203+0000] {processor.py:914} INFO - Processing file /home/airflow/.local/lib/python3.12/site-packages/airflow/example_dags/example_kubernetes_executor.py for tasks to queue
[2025-03-31T21:57:14.217+0000] {logging_mixin.py:190} INFO - [2025-03-31T21:57:14.211+0000] {dagbag.py:588} INFO - Filling up the DagBag from /home/airflow/.local/lib/python3.12/site-packages/airflow/example_dags/example_kubernetes_executor.py
[2025-03-31T21:57:14.306+0000] {processor.py:925} INFO - DAG(s) 'example_kubernetes_executor' retrieved from /home/airflow/.local/lib/python3.12/site-packages/airflow/example_dags/example_kubernetes_executor.py
[2025-03-31T21:57:14.417+0000] {logging_mixin.py:190} INFO - [2025-03-31T21:57:14.417+0000] {dag.py:3239} INFO - Sync 1 DAGs
[2025-03-31T21:57:14.503+0000] {logging_mixin.py:190} INFO - [2025-03-31T21:57:14.502+0000] {dag.py:4180} INFO - Setting next_dagrun for example_kubernetes_executor to None, run_after=None
[2025-03-31T21:57:14.548+0000] {processor.py:208} INFO - Processing /home/airflow/.local/lib/python3.12/site-packages/airflow/example_dags/example_kubernetes_executor.py took 0.402 seconds
[2025-03-31T21:57:46.581+0000] {processor.py:186} INFO - Started process (PID=2935) to work on /home/airflow/.local/lib/python3.12/site-packages/airflow/example_dags/example_kubernetes_executor.py
[2025-03-31T21:57:46.584+0000] {processor.py:914} INFO - Processing file /home/airflow/.local/lib/python3.12/site-packages/airflow/example_dags/example_kubernetes_executor.py for tasks to queue
[2025-03-31T21:57:46.587+0000] {logging_mixin.py:190} INFO - [2025-03-31T21:57:46.587+0000] {dagbag.py:588} INFO - Filling up the DagBag from /home/airflow/.local/lib/python3.12/site-packages/airflow/example_dags/example_kubernetes_executor.py
[2025-03-31T21:57:46.666+0000] {processor.py:925} INFO - DAG(s) 'example_kubernetes_executor' retrieved from /home/airflow/.local/lib/python3.12/site-packages/airflow/example_dags/example_kubernetes_executor.py
[2025-03-31T21:57:46.774+0000] {logging_mixin.py:190} INFO - [2025-03-31T21:57:46.763+0000] {dag.py:3239} INFO - Sync 1 DAGs
[2025-03-31T21:57:46.845+0000] {logging_mixin.py:190} INFO - [2025-03-31T21:57:46.845+0000] {dag.py:4180} INFO - Setting next_dagrun for example_kubernetes_executor to None, run_after=None
[2025-03-31T21:57:46.904+0000] {processor.py:208} INFO - Processing /home/airflow/.local/lib/python3.12/site-packages/airflow/example_dags/example_kubernetes_executor.py took 0.348 seconds
[2025-03-31T21:58:17.086+0000] {processor.py:186} INFO - Started process (PID=2999) to work on /home/airflow/.local/lib/python3.12/site-packages/airflow/example_dags/example_kubernetes_executor.py
[2025-03-31T21:58:17.091+0000] {processor.py:914} INFO - Processing file /home/airflow/.local/lib/python3.12/site-packages/airflow/example_dags/example_kubernetes_executor.py for tasks to queue
[2025-03-31T21:58:17.097+0000] {logging_mixin.py:190} INFO - [2025-03-31T21:58:17.096+0000] {dagbag.py:588} INFO - Filling up the DagBag from /home/airflow/.local/lib/python3.12/site-packages/airflow/example_dags/example_kubernetes_executor.py
[2025-03-31T21:58:17.134+0000] {processor.py:925} INFO - DAG(s) 'example_kubernetes_executor' retrieved from /home/airflow/.local/lib/python3.12/site-packages/airflow/example_dags/example_kubernetes_executor.py
[2025-03-31T21:58:17.217+0000] {logging_mixin.py:190} INFO - [2025-03-31T21:58:17.217+0000] {dag.py:3239} INFO - Sync 1 DAGs
[2025-03-31T21:58:17.272+0000] {logging_mixin.py:190} INFO - [2025-03-31T21:58:17.271+0000] {dag.py:4180} INFO - Setting next_dagrun for example_kubernetes_executor to None, run_after=None
[2025-03-31T21:58:17.322+0000] {processor.py:208} INFO - Processing /home/airflow/.local/lib/python3.12/site-packages/airflow/example_dags/example_kubernetes_executor.py took 0.255 seconds
[2025-03-31T21:59:09.810+0000] {processor.py:186} INFO - Started process (PID=3069) to work on /home/airflow/.local/lib/python3.12/site-packages/airflow/example_dags/example_kubernetes_executor.py
[2025-03-31T21:59:09.812+0000] {processor.py:914} INFO - Processing file /home/airflow/.local/lib/python3.12/site-packages/airflow/example_dags/example_kubernetes_executor.py for tasks to queue
[2025-03-31T21:59:09.817+0000] {logging_mixin.py:190} INFO - [2025-03-31T21:59:09.816+0000] {dagbag.py:588} INFO - Filling up the DagBag from /home/airflow/.local/lib/python3.12/site-packages/airflow/example_dags/example_kubernetes_executor.py
[2025-03-31T21:59:09.891+0000] {processor.py:925} INFO - DAG(s) 'example_kubernetes_executor' retrieved from /home/airflow/.local/lib/python3.12/site-packages/airflow/example_dags/example_kubernetes_executor.py
[2025-03-31T21:59:10.026+0000] {logging_mixin.py:190} INFO - [2025-03-31T21:59:10.025+0000] {dag.py:3239} INFO - Sync 1 DAGs
[2025-03-31T21:59:10.084+0000] {logging_mixin.py:190} INFO - [2025-03-31T21:59:10.083+0000] {dag.py:4180} INFO - Setting next_dagrun for example_kubernetes_executor to None, run_after=None
[2025-03-31T21:59:10.197+0000] {processor.py:208} INFO - Processing /home/airflow/.local/lib/python3.12/site-packages/airflow/example_dags/example_kubernetes_executor.py took 0.419 seconds
[2025-03-31T21:59:40.826+0000] {processor.py:186} INFO - Started process (PID=3133) to work on /home/airflow/.local/lib/python3.12/site-packages/airflow/example_dags/example_kubernetes_executor.py
[2025-03-31T21:59:40.828+0000] {processor.py:914} INFO - Processing file /home/airflow/.local/lib/python3.12/site-packages/airflow/example_dags/example_kubernetes_executor.py for tasks to queue
[2025-03-31T21:59:40.831+0000] {logging_mixin.py:190} INFO - [2025-03-31T21:59:40.830+0000] {dagbag.py:588} INFO - Filling up the DagBag from /home/airflow/.local/lib/python3.12/site-packages/airflow/example_dags/example_kubernetes_executor.py
[2025-03-31T21:59:40.861+0000] {processor.py:925} INFO - DAG(s) 'example_kubernetes_executor' retrieved from /home/airflow/.local/lib/python3.12/site-packages/airflow/example_dags/example_kubernetes_executor.py
[2025-03-31T21:59:40.903+0000] {logging_mixin.py:190} INFO - [2025-03-31T21:59:40.903+0000] {dag.py:3239} INFO - Sync 1 DAGs
[2025-03-31T21:59:40.928+0000] {logging_mixin.py:190} INFO - [2025-03-31T21:59:40.928+0000] {dag.py:4180} INFO - Setting next_dagrun for example_kubernetes_executor to None, run_after=None
[2025-03-31T21:59:40.962+0000] {processor.py:208} INFO - Processing /home/airflow/.local/lib/python3.12/site-packages/airflow/example_dags/example_kubernetes_executor.py took 0.148 seconds
[2025-03-31T22:00:11.071+0000] {processor.py:186} INFO - Started process (PID=3195) to work on /home/airflow/.local/lib/python3.12/site-packages/airflow/example_dags/example_kubernetes_executor.py
[2025-03-31T22:00:11.072+0000] {processor.py:914} INFO - Processing file /home/airflow/.local/lib/python3.12/site-packages/airflow/example_dags/example_kubernetes_executor.py for tasks to queue
[2025-03-31T22:00:11.075+0000] {logging_mixin.py:190} INFO - [2025-03-31T22:00:11.074+0000] {dagbag.py:588} INFO - Filling up the DagBag from /home/airflow/.local/lib/python3.12/site-packages/airflow/example_dags/example_kubernetes_executor.py
[2025-03-31T22:00:11.102+0000] {processor.py:925} INFO - DAG(s) 'example_kubernetes_executor' retrieved from /home/airflow/.local/lib/python3.12/site-packages/airflow/example_dags/example_kubernetes_executor.py
[2025-03-31T22:00:11.142+0000] {logging_mixin.py:190} INFO - [2025-03-31T22:00:11.141+0000] {dag.py:3239} INFO - Sync 1 DAGs
[2025-03-31T22:00:11.164+0000] {logging_mixin.py:190} INFO - [2025-03-31T22:00:11.164+0000] {dag.py:4180} INFO - Setting next_dagrun for example_kubernetes_executor to None, run_after=None
[2025-03-31T22:00:11.191+0000] {processor.py:208} INFO - Processing /home/airflow/.local/lib/python3.12/site-packages/airflow/example_dags/example_kubernetes_executor.py took 0.129 seconds
[2025-03-31T22:00:43.670+0000] {processor.py:186} INFO - Started process (PID=3260) to work on /home/airflow/.local/lib/python3.12/site-packages/airflow/example_dags/example_kubernetes_executor.py
[2025-03-31T22:00:43.672+0000] {processor.py:914} INFO - Processing file /home/airflow/.local/lib/python3.12/site-packages/airflow/example_dags/example_kubernetes_executor.py for tasks to queue
[2025-03-31T22:00:43.674+0000] {logging_mixin.py:190} INFO - [2025-03-31T22:00:43.674+0000] {dagbag.py:588} INFO - Filling up the DagBag from /home/airflow/.local/lib/python3.12/site-packages/airflow/example_dags/example_kubernetes_executor.py
[2025-03-31T22:00:43.709+0000] {processor.py:925} INFO - DAG(s) 'example_kubernetes_executor' retrieved from /home/airflow/.local/lib/python3.12/site-packages/airflow/example_dags/example_kubernetes_executor.py
[2025-03-31T22:00:43.786+0000] {logging_mixin.py:190} INFO - [2025-03-31T22:00:43.785+0000] {dag.py:3239} INFO - Sync 1 DAGs
[2025-03-31T22:00:43.830+0000] {logging_mixin.py:190} INFO - [2025-03-31T22:00:43.830+0000] {dag.py:4180} INFO - Setting next_dagrun for example_kubernetes_executor to None, run_after=None
[2025-03-31T22:00:43.900+0000] {processor.py:208} INFO - Processing /home/airflow/.local/lib/python3.12/site-packages/airflow/example_dags/example_kubernetes_executor.py took 0.242 seconds
