[2025-03-31T21:20:42.315+0000] {processor.py:186} INFO - Started process (PID=91) to work on /home/airflow/.local/lib/python3.12/site-packages/airflow/example_dags/example_bash_decorator.py
[2025-03-31T21:20:42.318+0000] {processor.py:914} INFO - Processing file /home/airflow/.local/lib/python3.12/site-packages/airflow/example_dags/example_bash_decorator.py for tasks to queue
[2025-03-31T21:20:42.323+0000] {logging_mixin.py:190} INFO - [2025-03-31T21:20:42.322+0000] {dagbag.py:588} INFO - Filling up the DagBag from /home/airflow/.local/lib/python3.12/site-packages/airflow/example_dags/example_bash_decorator.py
[2025-03-31T21:20:42.420+0000] {processor.py:925} INFO - DAG(s) 'example_bash_decorator' retrieved from /home/airflow/.local/lib/python3.12/site-packages/airflow/example_dags/example_bash_decorator.py
[2025-03-31T21:20:42.675+0000] {logging_mixin.py:190} INFO - [2025-03-31T21:20:42.673+0000] {override.py:1912} INFO - Created Permission View: can edit on DAG:example_bash_decorator
[2025-03-31T21:20:42.698+0000] {logging_mixin.py:190} INFO - [2025-03-31T21:20:42.698+0000] {override.py:1912} INFO - Created Permission View: can delete on DAG:example_bash_decorator
[2025-03-31T21:20:42.723+0000] {logging_mixin.py:190} INFO - [2025-03-31T21:20:42.723+0000] {override.py:1912} INFO - Created Permission View: can read on DAG:example_bash_decorator
[2025-03-31T21:20:42.735+0000] {logging_mixin.py:190} INFO - [2025-03-31T21:20:42.733+0000] {override.py:1912} INFO - Created Permission View: menu access on DAG Run:example_bash_decorator
[2025-03-31T21:20:42.749+0000] {logging_mixin.py:190} INFO - [2025-03-31T21:20:42.748+0000] {override.py:1912} INFO - Created Permission View: can delete on DAG Run:example_bash_decorator
[2025-03-31T21:20:42.764+0000] {logging_mixin.py:190} INFO - [2025-03-31T21:20:42.764+0000] {override.py:1912} INFO - Created Permission View: can read on DAG Run:example_bash_decorator
[2025-03-31T21:20:42.780+0000] {logging_mixin.py:190} INFO - [2025-03-31T21:20:42.779+0000] {override.py:1912} INFO - Created Permission View: can create on DAG Run:example_bash_decorator
[2025-03-31T21:20:42.781+0000] {logging_mixin.py:190} INFO - [2025-03-31T21:20:42.781+0000] {dag.py:3239} INFO - Sync 1 DAGs
[2025-03-31T21:20:42.809+0000] {logging_mixin.py:190} INFO - [2025-03-31T21:20:42.809+0000] {dag.py:3262} INFO - Creating ORM DAG for example_bash_decorator
[2025-03-31T21:20:42.811+0000] {logging_mixin.py:190} INFO - [2025-03-31T21:20:42.810+0000] {dag.py:4180} INFO - Setting next_dagrun for example_bash_decorator to None, run_after=None
[2025-03-31T21:20:42.860+0000] {processor.py:208} INFO - Processing /home/airflow/.local/lib/python3.12/site-packages/airflow/example_dags/example_bash_decorator.py took 0.557 seconds
[2025-03-31T21:22:13.978+0000] {processor.py:186} INFO - Started process (PID=148) to work on /home/airflow/.local/lib/python3.12/site-packages/airflow/example_dags/example_bash_decorator.py
[2025-03-31T21:22:13.980+0000] {processor.py:914} INFO - Processing file /home/airflow/.local/lib/python3.12/site-packages/airflow/example_dags/example_bash_decorator.py for tasks to queue
[2025-03-31T21:22:13.985+0000] {logging_mixin.py:190} INFO - [2025-03-31T21:22:13.984+0000] {dagbag.py:588} INFO - Filling up the DagBag from /home/airflow/.local/lib/python3.12/site-packages/airflow/example_dags/example_bash_decorator.py
[2025-03-31T21:22:14.017+0000] {processor.py:925} INFO - DAG(s) 'example_bash_decorator' retrieved from /home/airflow/.local/lib/python3.12/site-packages/airflow/example_dags/example_bash_decorator.py
[2025-03-31T21:22:14.068+0000] {logging_mixin.py:190} INFO - [2025-03-31T21:22:14.068+0000] {dag.py:3239} INFO - Sync 1 DAGs
[2025-03-31T21:22:14.102+0000] {logging_mixin.py:190} INFO - [2025-03-31T21:22:14.101+0000] {dag.py:4180} INFO - Setting next_dagrun for example_bash_decorator to None, run_after=None
[2025-03-31T21:22:14.137+0000] {processor.py:208} INFO - Processing /home/airflow/.local/lib/python3.12/site-packages/airflow/example_dags/example_bash_decorator.py took 0.172 seconds
[2025-03-31T21:22:47.111+0000] {processor.py:186} INFO - Started process (PID=211) to work on /home/airflow/.local/lib/python3.12/site-packages/airflow/example_dags/example_bash_decorator.py
[2025-03-31T21:22:47.113+0000] {processor.py:914} INFO - Processing file /home/airflow/.local/lib/python3.12/site-packages/airflow/example_dags/example_bash_decorator.py for tasks to queue
[2025-03-31T21:22:47.119+0000] {logging_mixin.py:190} INFO - [2025-03-31T21:22:47.118+0000] {dagbag.py:588} INFO - Filling up the DagBag from /home/airflow/.local/lib/python3.12/site-packages/airflow/example_dags/example_bash_decorator.py
[2025-03-31T21:22:47.149+0000] {processor.py:925} INFO - DAG(s) 'example_bash_decorator' retrieved from /home/airflow/.local/lib/python3.12/site-packages/airflow/example_dags/example_bash_decorator.py
[2025-03-31T21:22:47.197+0000] {logging_mixin.py:190} INFO - [2025-03-31T21:22:47.196+0000] {dag.py:3239} INFO - Sync 1 DAGs
[2025-03-31T21:22:47.227+0000] {logging_mixin.py:190} INFO - [2025-03-31T21:22:47.227+0000] {dag.py:4180} INFO - Setting next_dagrun for example_bash_decorator to None, run_after=None
[2025-03-31T21:22:47.261+0000] {processor.py:208} INFO - Processing /home/airflow/.local/lib/python3.12/site-packages/airflow/example_dags/example_bash_decorator.py took 0.167 seconds
[2025-03-31T21:23:25.196+0000] {processor.py:186} INFO - Started process (PID=280) to work on /home/airflow/.local/lib/python3.12/site-packages/airflow/example_dags/example_bash_decorator.py
[2025-03-31T21:23:25.203+0000] {processor.py:914} INFO - Processing file /home/airflow/.local/lib/python3.12/site-packages/airflow/example_dags/example_bash_decorator.py for tasks to queue
[2025-03-31T21:23:25.211+0000] {logging_mixin.py:190} INFO - [2025-03-31T21:23:25.209+0000] {dagbag.py:588} INFO - Filling up the DagBag from /home/airflow/.local/lib/python3.12/site-packages/airflow/example_dags/example_bash_decorator.py
[2025-03-31T21:23:25.255+0000] {processor.py:925} INFO - DAG(s) 'example_bash_decorator' retrieved from /home/airflow/.local/lib/python3.12/site-packages/airflow/example_dags/example_bash_decorator.py
[2025-03-31T21:23:25.352+0000] {logging_mixin.py:190} INFO - [2025-03-31T21:23:25.351+0000] {dag.py:3239} INFO - Sync 1 DAGs
[2025-03-31T21:23:25.398+0000] {logging_mixin.py:190} INFO - [2025-03-31T21:23:25.398+0000] {dag.py:4180} INFO - Setting next_dagrun for example_bash_decorator to None, run_after=None
[2025-03-31T21:23:25.458+0000] {processor.py:208} INFO - Processing /home/airflow/.local/lib/python3.12/site-packages/airflow/example_dags/example_bash_decorator.py took 0.294 seconds
[2025-03-31T21:23:59.945+0000] {processor.py:186} INFO - Started process (PID=342) to work on /home/airflow/.local/lib/python3.12/site-packages/airflow/example_dags/example_bash_decorator.py
[2025-03-31T21:23:59.953+0000] {processor.py:914} INFO - Processing file /home/airflow/.local/lib/python3.12/site-packages/airflow/example_dags/example_bash_decorator.py for tasks to queue
[2025-03-31T21:23:59.972+0000] {logging_mixin.py:190} INFO - [2025-03-31T21:23:59.969+0000] {dagbag.py:588} INFO - Filling up the DagBag from /home/airflow/.local/lib/python3.12/site-packages/airflow/example_dags/example_bash_decorator.py
[2025-03-31T21:24:00.019+0000] {processor.py:925} INFO - DAG(s) 'example_bash_decorator' retrieved from /home/airflow/.local/lib/python3.12/site-packages/airflow/example_dags/example_bash_decorator.py
[2025-03-31T21:24:00.090+0000] {logging_mixin.py:190} INFO - [2025-03-31T21:24:00.089+0000] {dag.py:3239} INFO - Sync 1 DAGs
[2025-03-31T21:24:00.132+0000] {logging_mixin.py:190} INFO - [2025-03-31T21:24:00.132+0000] {dag.py:4180} INFO - Setting next_dagrun for example_bash_decorator to None, run_after=None
[2025-03-31T21:24:00.272+0000] {processor.py:208} INFO - Processing /home/airflow/.local/lib/python3.12/site-packages/airflow/example_dags/example_bash_decorator.py took 0.358 seconds
[2025-03-31T21:24:34.234+0000] {processor.py:186} INFO - Started process (PID=405) to work on /home/airflow/.local/lib/python3.12/site-packages/airflow/example_dags/example_bash_decorator.py
[2025-03-31T21:24:34.243+0000] {processor.py:914} INFO - Processing file /home/airflow/.local/lib/python3.12/site-packages/airflow/example_dags/example_bash_decorator.py for tasks to queue
[2025-03-31T21:24:34.285+0000] {logging_mixin.py:190} INFO - [2025-03-31T21:24:34.284+0000] {dagbag.py:588} INFO - Filling up the DagBag from /home/airflow/.local/lib/python3.12/site-packages/airflow/example_dags/example_bash_decorator.py
[2025-03-31T21:24:34.429+0000] {processor.py:925} INFO - DAG(s) 'example_bash_decorator' retrieved from /home/airflow/.local/lib/python3.12/site-packages/airflow/example_dags/example_bash_decorator.py
[2025-03-31T21:24:34.577+0000] {logging_mixin.py:190} INFO - [2025-03-31T21:24:34.576+0000] {dag.py:3239} INFO - Sync 1 DAGs
[2025-03-31T21:24:34.727+0000] {logging_mixin.py:190} INFO - [2025-03-31T21:24:34.727+0000] {dag.py:4180} INFO - Setting next_dagrun for example_bash_decorator to None, run_after=None
[2025-03-31T21:24:34.813+0000] {processor.py:208} INFO - Processing /home/airflow/.local/lib/python3.12/site-packages/airflow/example_dags/example_bash_decorator.py took 0.718 seconds
[2025-03-31T21:25:07.419+0000] {processor.py:186} INFO - Started process (PID=468) to work on /home/airflow/.local/lib/python3.12/site-packages/airflow/example_dags/example_bash_decorator.py
[2025-03-31T21:25:07.421+0000] {processor.py:914} INFO - Processing file /home/airflow/.local/lib/python3.12/site-packages/airflow/example_dags/example_bash_decorator.py for tasks to queue
[2025-03-31T21:25:07.427+0000] {logging_mixin.py:190} INFO - [2025-03-31T21:25:07.425+0000] {dagbag.py:588} INFO - Filling up the DagBag from /home/airflow/.local/lib/python3.12/site-packages/airflow/example_dags/example_bash_decorator.py
[2025-03-31T21:25:07.500+0000] {processor.py:925} INFO - DAG(s) 'example_bash_decorator' retrieved from /home/airflow/.local/lib/python3.12/site-packages/airflow/example_dags/example_bash_decorator.py
[2025-03-31T21:25:07.632+0000] {logging_mixin.py:190} INFO - [2025-03-31T21:25:07.629+0000] {dag.py:3239} INFO - Sync 1 DAGs
[2025-03-31T21:25:07.733+0000] {logging_mixin.py:190} INFO - [2025-03-31T21:25:07.723+0000] {dag.py:4180} INFO - Setting next_dagrun for example_bash_decorator to None, run_after=None
[2025-03-31T21:25:07.795+0000] {processor.py:208} INFO - Processing /home/airflow/.local/lib/python3.12/site-packages/airflow/example_dags/example_bash_decorator.py took 0.403 seconds
[2025-03-31T21:26:40.195+0000] {processor.py:186} INFO - Started process (PID=510) to work on /home/airflow/.local/lib/python3.12/site-packages/airflow/example_dags/example_bash_decorator.py
[2025-03-31T21:26:40.202+0000] {processor.py:914} INFO - Processing file /home/airflow/.local/lib/python3.12/site-packages/airflow/example_dags/example_bash_decorator.py for tasks to queue
[2025-03-31T21:26:40.209+0000] {logging_mixin.py:190} INFO - [2025-03-31T21:26:40.208+0000] {dagbag.py:588} INFO - Filling up the DagBag from /home/airflow/.local/lib/python3.12/site-packages/airflow/example_dags/example_bash_decorator.py
[2025-03-31T21:26:40.316+0000] {processor.py:925} INFO - DAG(s) 'example_bash_decorator' retrieved from /home/airflow/.local/lib/python3.12/site-packages/airflow/example_dags/example_bash_decorator.py
[2025-03-31T21:26:40.506+0000] {logging_mixin.py:190} INFO - [2025-03-31T21:26:40.501+0000] {dag.py:3239} INFO - Sync 1 DAGs
[2025-03-31T21:26:40.638+0000] {logging_mixin.py:190} INFO - [2025-03-31T21:26:40.638+0000] {dag.py:4180} INFO - Setting next_dagrun for example_bash_decorator to None, run_after=None
[2025-03-31T21:26:40.748+0000] {processor.py:208} INFO - Processing /home/airflow/.local/lib/python3.12/site-packages/airflow/example_dags/example_bash_decorator.py took 0.586 seconds
[2025-03-31T21:27:11.111+0000] {processor.py:186} INFO - Started process (PID=573) to work on /home/airflow/.local/lib/python3.12/site-packages/airflow/example_dags/example_bash_decorator.py
[2025-03-31T21:27:11.113+0000] {processor.py:914} INFO - Processing file /home/airflow/.local/lib/python3.12/site-packages/airflow/example_dags/example_bash_decorator.py for tasks to queue
[2025-03-31T21:27:11.128+0000] {logging_mixin.py:190} INFO - [2025-03-31T21:27:11.127+0000] {dagbag.py:588} INFO - Filling up the DagBag from /home/airflow/.local/lib/python3.12/site-packages/airflow/example_dags/example_bash_decorator.py
[2025-03-31T21:27:11.164+0000] {processor.py:925} INFO - DAG(s) 'example_bash_decorator' retrieved from /home/airflow/.local/lib/python3.12/site-packages/airflow/example_dags/example_bash_decorator.py
[2025-03-31T21:27:11.211+0000] {logging_mixin.py:190} INFO - [2025-03-31T21:27:11.211+0000] {dag.py:3239} INFO - Sync 1 DAGs
[2025-03-31T21:27:11.262+0000] {logging_mixin.py:190} INFO - [2025-03-31T21:27:11.261+0000] {dag.py:4180} INFO - Setting next_dagrun for example_bash_decorator to None, run_after=None
[2025-03-31T21:27:11.301+0000] {processor.py:208} INFO - Processing /home/airflow/.local/lib/python3.12/site-packages/airflow/example_dags/example_bash_decorator.py took 0.203 seconds
[2025-03-31T21:27:41.965+0000] {processor.py:186} INFO - Started process (PID=635) to work on /home/airflow/.local/lib/python3.12/site-packages/airflow/example_dags/example_bash_decorator.py
[2025-03-31T21:27:41.967+0000] {processor.py:914} INFO - Processing file /home/airflow/.local/lib/python3.12/site-packages/airflow/example_dags/example_bash_decorator.py for tasks to queue
[2025-03-31T21:27:41.971+0000] {logging_mixin.py:190} INFO - [2025-03-31T21:27:41.970+0000] {dagbag.py:588} INFO - Filling up the DagBag from /home/airflow/.local/lib/python3.12/site-packages/airflow/example_dags/example_bash_decorator.py
[2025-03-31T21:27:42.012+0000] {processor.py:925} INFO - DAG(s) 'example_bash_decorator' retrieved from /home/airflow/.local/lib/python3.12/site-packages/airflow/example_dags/example_bash_decorator.py
[2025-03-31T21:27:42.052+0000] {logging_mixin.py:190} INFO - [2025-03-31T21:27:42.051+0000] {dag.py:3239} INFO - Sync 1 DAGs
[2025-03-31T21:27:42.079+0000] {logging_mixin.py:190} INFO - [2025-03-31T21:27:42.078+0000] {dag.py:4180} INFO - Setting next_dagrun for example_bash_decorator to None, run_after=None
[2025-03-31T21:27:42.111+0000] {processor.py:208} INFO - Processing /home/airflow/.local/lib/python3.12/site-packages/airflow/example_dags/example_bash_decorator.py took 0.166 seconds
[2025-03-31T21:28:12.544+0000] {processor.py:186} INFO - Started process (PID=698) to work on /home/airflow/.local/lib/python3.12/site-packages/airflow/example_dags/example_bash_decorator.py
[2025-03-31T21:28:12.546+0000] {processor.py:914} INFO - Processing file /home/airflow/.local/lib/python3.12/site-packages/airflow/example_dags/example_bash_decorator.py for tasks to queue
[2025-03-31T21:28:12.550+0000] {logging_mixin.py:190} INFO - [2025-03-31T21:28:12.548+0000] {dagbag.py:588} INFO - Filling up the DagBag from /home/airflow/.local/lib/python3.12/site-packages/airflow/example_dags/example_bash_decorator.py
[2025-03-31T21:28:12.582+0000] {processor.py:925} INFO - DAG(s) 'example_bash_decorator' retrieved from /home/airflow/.local/lib/python3.12/site-packages/airflow/example_dags/example_bash_decorator.py
[2025-03-31T21:28:12.642+0000] {logging_mixin.py:190} INFO - [2025-03-31T21:28:12.641+0000] {dag.py:3239} INFO - Sync 1 DAGs
[2025-03-31T21:28:12.688+0000] {logging_mixin.py:190} INFO - [2025-03-31T21:28:12.687+0000] {dag.py:4180} INFO - Setting next_dagrun for example_bash_decorator to None, run_after=None
[2025-03-31T21:28:12.750+0000] {processor.py:208} INFO - Processing /home/airflow/.local/lib/python3.12/site-packages/airflow/example_dags/example_bash_decorator.py took 0.220 seconds
[2025-03-31T21:28:42.931+0000] {processor.py:186} INFO - Started process (PID=761) to work on /home/airflow/.local/lib/python3.12/site-packages/airflow/example_dags/example_bash_decorator.py
[2025-03-31T21:28:42.934+0000] {processor.py:914} INFO - Processing file /home/airflow/.local/lib/python3.12/site-packages/airflow/example_dags/example_bash_decorator.py for tasks to queue
[2025-03-31T21:28:42.940+0000] {logging_mixin.py:190} INFO - [2025-03-31T21:28:42.939+0000] {dagbag.py:588} INFO - Filling up the DagBag from /home/airflow/.local/lib/python3.12/site-packages/airflow/example_dags/example_bash_decorator.py
[2025-03-31T21:28:42.979+0000] {processor.py:925} INFO - DAG(s) 'example_bash_decorator' retrieved from /home/airflow/.local/lib/python3.12/site-packages/airflow/example_dags/example_bash_decorator.py
[2025-03-31T21:28:43.023+0000] {logging_mixin.py:190} INFO - [2025-03-31T21:28:43.023+0000] {dag.py:3239} INFO - Sync 1 DAGs
[2025-03-31T21:28:43.054+0000] {logging_mixin.py:190} INFO - [2025-03-31T21:28:43.053+0000] {dag.py:4180} INFO - Setting next_dagrun for example_bash_decorator to None, run_after=None
[2025-03-31T21:28:43.092+0000] {processor.py:208} INFO - Processing /home/airflow/.local/lib/python3.12/site-packages/airflow/example_dags/example_bash_decorator.py took 0.177 seconds
[2025-03-31T21:29:13.261+0000] {processor.py:186} INFO - Started process (PID=824) to work on /home/airflow/.local/lib/python3.12/site-packages/airflow/example_dags/example_bash_decorator.py
[2025-03-31T21:29:13.264+0000] {processor.py:914} INFO - Processing file /home/airflow/.local/lib/python3.12/site-packages/airflow/example_dags/example_bash_decorator.py for tasks to queue
[2025-03-31T21:29:13.268+0000] {logging_mixin.py:190} INFO - [2025-03-31T21:29:13.267+0000] {dagbag.py:588} INFO - Filling up the DagBag from /home/airflow/.local/lib/python3.12/site-packages/airflow/example_dags/example_bash_decorator.py
[2025-03-31T21:29:13.312+0000] {processor.py:925} INFO - DAG(s) 'example_bash_decorator' retrieved from /home/airflow/.local/lib/python3.12/site-packages/airflow/example_dags/example_bash_decorator.py
[2025-03-31T21:29:13.359+0000] {logging_mixin.py:190} INFO - [2025-03-31T21:29:13.359+0000] {dag.py:3239} INFO - Sync 1 DAGs
[2025-03-31T21:29:13.392+0000] {logging_mixin.py:190} INFO - [2025-03-31T21:29:13.392+0000] {dag.py:4180} INFO - Setting next_dagrun for example_bash_decorator to None, run_after=None
[2025-03-31T21:29:13.438+0000] {processor.py:208} INFO - Processing /home/airflow/.local/lib/python3.12/site-packages/airflow/example_dags/example_bash_decorator.py took 0.193 seconds
[2025-03-31T21:29:44.558+0000] {processor.py:186} INFO - Started process (PID=887) to work on /home/airflow/.local/lib/python3.12/site-packages/airflow/example_dags/example_bash_decorator.py
[2025-03-31T21:29:44.561+0000] {processor.py:914} INFO - Processing file /home/airflow/.local/lib/python3.12/site-packages/airflow/example_dags/example_bash_decorator.py for tasks to queue
[2025-03-31T21:29:44.565+0000] {logging_mixin.py:190} INFO - [2025-03-31T21:29:44.564+0000] {dagbag.py:588} INFO - Filling up the DagBag from /home/airflow/.local/lib/python3.12/site-packages/airflow/example_dags/example_bash_decorator.py
[2025-03-31T21:29:44.608+0000] {processor.py:925} INFO - DAG(s) 'example_bash_decorator' retrieved from /home/airflow/.local/lib/python3.12/site-packages/airflow/example_dags/example_bash_decorator.py
[2025-03-31T21:29:44.678+0000] {logging_mixin.py:190} INFO - [2025-03-31T21:29:44.677+0000] {dag.py:3239} INFO - Sync 1 DAGs
[2025-03-31T21:29:44.727+0000] {logging_mixin.py:190} INFO - [2025-03-31T21:29:44.727+0000] {dag.py:4180} INFO - Setting next_dagrun for example_bash_decorator to None, run_after=None
[2025-03-31T21:29:44.771+0000] {processor.py:208} INFO - Processing /home/airflow/.local/lib/python3.12/site-packages/airflow/example_dags/example_bash_decorator.py took 0.226 seconds
[2025-03-31T21:30:39.573+0000] {processor.py:186} INFO - Started process (PID=931) to work on /home/airflow/.local/lib/python3.12/site-packages/airflow/example_dags/example_bash_decorator.py
[2025-03-31T21:30:39.582+0000] {processor.py:914} INFO - Processing file /home/airflow/.local/lib/python3.12/site-packages/airflow/example_dags/example_bash_decorator.py for tasks to queue
[2025-03-31T21:30:39.585+0000] {logging_mixin.py:190} INFO - [2025-03-31T21:30:39.585+0000] {dagbag.py:588} INFO - Filling up the DagBag from /home/airflow/.local/lib/python3.12/site-packages/airflow/example_dags/example_bash_decorator.py
[2025-03-31T21:30:39.733+0000] {processor.py:925} INFO - DAG(s) 'example_bash_decorator' retrieved from /home/airflow/.local/lib/python3.12/site-packages/airflow/example_dags/example_bash_decorator.py
[2025-03-31T21:30:39.866+0000] {logging_mixin.py:190} INFO - [2025-03-31T21:30:39.866+0000] {dag.py:3239} INFO - Sync 1 DAGs
[2025-03-31T21:30:39.999+0000] {logging_mixin.py:190} INFO - [2025-03-31T21:30:39.999+0000] {dag.py:4180} INFO - Setting next_dagrun for example_bash_decorator to None, run_after=None
[2025-03-31T21:30:40.040+0000] {processor.py:208} INFO - Processing /home/airflow/.local/lib/python3.12/site-packages/airflow/example_dags/example_bash_decorator.py took 0.491 seconds
[2025-03-31T21:31:10.634+0000] {processor.py:186} INFO - Started process (PID=995) to work on /home/airflow/.local/lib/python3.12/site-packages/airflow/example_dags/example_bash_decorator.py
[2025-03-31T21:31:10.635+0000] {processor.py:914} INFO - Processing file /home/airflow/.local/lib/python3.12/site-packages/airflow/example_dags/example_bash_decorator.py for tasks to queue
[2025-03-31T21:31:10.638+0000] {logging_mixin.py:190} INFO - [2025-03-31T21:31:10.638+0000] {dagbag.py:588} INFO - Filling up the DagBag from /home/airflow/.local/lib/python3.12/site-packages/airflow/example_dags/example_bash_decorator.py
[2025-03-31T21:31:10.665+0000] {processor.py:925} INFO - DAG(s) 'example_bash_decorator' retrieved from /home/airflow/.local/lib/python3.12/site-packages/airflow/example_dags/example_bash_decorator.py
[2025-03-31T21:31:10.706+0000] {logging_mixin.py:190} INFO - [2025-03-31T21:31:10.705+0000] {dag.py:3239} INFO - Sync 1 DAGs
[2025-03-31T21:31:10.735+0000] {logging_mixin.py:190} INFO - [2025-03-31T21:31:10.734+0000] {dag.py:4180} INFO - Setting next_dagrun for example_bash_decorator to None, run_after=None
[2025-03-31T21:31:10.775+0000] {processor.py:208} INFO - Processing /home/airflow/.local/lib/python3.12/site-packages/airflow/example_dags/example_bash_decorator.py took 0.153 seconds
[2025-03-31T21:31:40.942+0000] {processor.py:186} INFO - Started process (PID=1059) to work on /home/airflow/.local/lib/python3.12/site-packages/airflow/example_dags/example_bash_decorator.py
[2025-03-31T21:31:40.946+0000] {processor.py:914} INFO - Processing file /home/airflow/.local/lib/python3.12/site-packages/airflow/example_dags/example_bash_decorator.py for tasks to queue
[2025-03-31T21:31:40.951+0000] {logging_mixin.py:190} INFO - [2025-03-31T21:31:40.949+0000] {dagbag.py:588} INFO - Filling up the DagBag from /home/airflow/.local/lib/python3.12/site-packages/airflow/example_dags/example_bash_decorator.py
[2025-03-31T21:31:41.030+0000] {processor.py:925} INFO - DAG(s) 'example_bash_decorator' retrieved from /home/airflow/.local/lib/python3.12/site-packages/airflow/example_dags/example_bash_decorator.py
[2025-03-31T21:31:41.121+0000] {logging_mixin.py:190} INFO - [2025-03-31T21:31:41.120+0000] {dag.py:3239} INFO - Sync 1 DAGs
[2025-03-31T21:31:41.164+0000] {logging_mixin.py:190} INFO - [2025-03-31T21:31:41.164+0000] {dag.py:4180} INFO - Setting next_dagrun for example_bash_decorator to None, run_after=None
[2025-03-31T21:31:41.222+0000] {processor.py:208} INFO - Processing /home/airflow/.local/lib/python3.12/site-packages/airflow/example_dags/example_bash_decorator.py took 0.293 seconds
[2025-03-31T21:32:11.290+0000] {processor.py:186} INFO - Started process (PID=1122) to work on /home/airflow/.local/lib/python3.12/site-packages/airflow/example_dags/example_bash_decorator.py
[2025-03-31T21:32:11.292+0000] {processor.py:914} INFO - Processing file /home/airflow/.local/lib/python3.12/site-packages/airflow/example_dags/example_bash_decorator.py for tasks to queue
[2025-03-31T21:32:11.298+0000] {logging_mixin.py:190} INFO - [2025-03-31T21:32:11.297+0000] {dagbag.py:588} INFO - Filling up the DagBag from /home/airflow/.local/lib/python3.12/site-packages/airflow/example_dags/example_bash_decorator.py
[2025-03-31T21:32:11.337+0000] {processor.py:925} INFO - DAG(s) 'example_bash_decorator' retrieved from /home/airflow/.local/lib/python3.12/site-packages/airflow/example_dags/example_bash_decorator.py
[2025-03-31T21:32:11.383+0000] {logging_mixin.py:190} INFO - [2025-03-31T21:32:11.382+0000] {dag.py:3239} INFO - Sync 1 DAGs
[2025-03-31T21:32:11.411+0000] {logging_mixin.py:190} INFO - [2025-03-31T21:32:11.411+0000] {dag.py:4180} INFO - Setting next_dagrun for example_bash_decorator to None, run_after=None
[2025-03-31T21:32:11.469+0000] {processor.py:208} INFO - Processing /home/airflow/.local/lib/python3.12/site-packages/airflow/example_dags/example_bash_decorator.py took 0.192 seconds
[2025-03-31T21:32:42.561+0000] {processor.py:186} INFO - Started process (PID=1185) to work on /home/airflow/.local/lib/python3.12/site-packages/airflow/example_dags/example_bash_decorator.py
[2025-03-31T21:32:42.566+0000] {processor.py:914} INFO - Processing file /home/airflow/.local/lib/python3.12/site-packages/airflow/example_dags/example_bash_decorator.py for tasks to queue
[2025-03-31T21:32:42.574+0000] {logging_mixin.py:190} INFO - [2025-03-31T21:32:42.573+0000] {dagbag.py:588} INFO - Filling up the DagBag from /home/airflow/.local/lib/python3.12/site-packages/airflow/example_dags/example_bash_decorator.py
[2025-03-31T21:32:42.703+0000] {processor.py:925} INFO - DAG(s) 'example_bash_decorator' retrieved from /home/airflow/.local/lib/python3.12/site-packages/airflow/example_dags/example_bash_decorator.py
[2025-03-31T21:32:42.792+0000] {logging_mixin.py:190} INFO - [2025-03-31T21:32:42.791+0000] {dag.py:3239} INFO - Sync 1 DAGs
[2025-03-31T21:32:42.865+0000] {logging_mixin.py:190} INFO - [2025-03-31T21:32:42.865+0000] {dag.py:4180} INFO - Setting next_dagrun for example_bash_decorator to None, run_after=None
[2025-03-31T21:32:42.939+0000] {processor.py:208} INFO - Processing /home/airflow/.local/lib/python3.12/site-packages/airflow/example_dags/example_bash_decorator.py took 0.401 seconds
[2025-03-31T21:33:13.331+0000] {processor.py:186} INFO - Started process (PID=1248) to work on /home/airflow/.local/lib/python3.12/site-packages/airflow/example_dags/example_bash_decorator.py
[2025-03-31T21:33:13.338+0000] {processor.py:914} INFO - Processing file /home/airflow/.local/lib/python3.12/site-packages/airflow/example_dags/example_bash_decorator.py for tasks to queue
[2025-03-31T21:33:13.345+0000] {logging_mixin.py:190} INFO - [2025-03-31T21:33:13.344+0000] {dagbag.py:588} INFO - Filling up the DagBag from /home/airflow/.local/lib/python3.12/site-packages/airflow/example_dags/example_bash_decorator.py
[2025-03-31T21:33:13.382+0000] {processor.py:925} INFO - DAG(s) 'example_bash_decorator' retrieved from /home/airflow/.local/lib/python3.12/site-packages/airflow/example_dags/example_bash_decorator.py
[2025-03-31T21:33:13.434+0000] {logging_mixin.py:190} INFO - [2025-03-31T21:33:13.434+0000] {dag.py:3239} INFO - Sync 1 DAGs
[2025-03-31T21:33:13.468+0000] {logging_mixin.py:190} INFO - [2025-03-31T21:33:13.467+0000] {dag.py:4180} INFO - Setting next_dagrun for example_bash_decorator to None, run_after=None
[2025-03-31T21:33:13.526+0000] {processor.py:208} INFO - Processing /home/airflow/.local/lib/python3.12/site-packages/airflow/example_dags/example_bash_decorator.py took 0.210 seconds
[2025-03-31T21:33:43.755+0000] {processor.py:186} INFO - Started process (PID=1312) to work on /home/airflow/.local/lib/python3.12/site-packages/airflow/example_dags/example_bash_decorator.py
[2025-03-31T21:33:43.757+0000] {processor.py:914} INFO - Processing file /home/airflow/.local/lib/python3.12/site-packages/airflow/example_dags/example_bash_decorator.py for tasks to queue
[2025-03-31T21:33:43.760+0000] {logging_mixin.py:190} INFO - [2025-03-31T21:33:43.759+0000] {dagbag.py:588} INFO - Filling up the DagBag from /home/airflow/.local/lib/python3.12/site-packages/airflow/example_dags/example_bash_decorator.py
[2025-03-31T21:33:43.792+0000] {processor.py:925} INFO - DAG(s) 'example_bash_decorator' retrieved from /home/airflow/.local/lib/python3.12/site-packages/airflow/example_dags/example_bash_decorator.py
[2025-03-31T21:33:43.834+0000] {logging_mixin.py:190} INFO - [2025-03-31T21:33:43.834+0000] {dag.py:3239} INFO - Sync 1 DAGs
[2025-03-31T21:33:43.863+0000] {logging_mixin.py:190} INFO - [2025-03-31T21:33:43.863+0000] {dag.py:4180} INFO - Setting next_dagrun for example_bash_decorator to None, run_after=None
[2025-03-31T21:33:43.900+0000] {processor.py:208} INFO - Processing /home/airflow/.local/lib/python3.12/site-packages/airflow/example_dags/example_bash_decorator.py took 0.158 seconds
[2025-03-31T21:34:14.458+0000] {processor.py:186} INFO - Started process (PID=1375) to work on /home/airflow/.local/lib/python3.12/site-packages/airflow/example_dags/example_bash_decorator.py
[2025-03-31T21:34:14.463+0000] {processor.py:914} INFO - Processing file /home/airflow/.local/lib/python3.12/site-packages/airflow/example_dags/example_bash_decorator.py for tasks to queue
[2025-03-31T21:34:14.469+0000] {logging_mixin.py:190} INFO - [2025-03-31T21:34:14.466+0000] {dagbag.py:588} INFO - Filling up the DagBag from /home/airflow/.local/lib/python3.12/site-packages/airflow/example_dags/example_bash_decorator.py
[2025-03-31T21:34:14.510+0000] {processor.py:925} INFO - DAG(s) 'example_bash_decorator' retrieved from /home/airflow/.local/lib/python3.12/site-packages/airflow/example_dags/example_bash_decorator.py
[2025-03-31T21:34:14.696+0000] {logging_mixin.py:190} INFO - [2025-03-31T21:34:14.689+0000] {dag.py:3239} INFO - Sync 1 DAGs
[2025-03-31T21:34:14.807+0000] {logging_mixin.py:190} INFO - [2025-03-31T21:34:14.806+0000] {dag.py:4180} INFO - Setting next_dagrun for example_bash_decorator to None, run_after=None
[2025-03-31T21:34:14.895+0000] {processor.py:208} INFO - Processing /home/airflow/.local/lib/python3.12/site-packages/airflow/example_dags/example_bash_decorator.py took 0.451 seconds
[2025-03-31T21:34:45.515+0000] {processor.py:186} INFO - Started process (PID=1438) to work on /home/airflow/.local/lib/python3.12/site-packages/airflow/example_dags/example_bash_decorator.py
[2025-03-31T21:34:45.517+0000] {processor.py:914} INFO - Processing file /home/airflow/.local/lib/python3.12/site-packages/airflow/example_dags/example_bash_decorator.py for tasks to queue
[2025-03-31T21:34:45.519+0000] {logging_mixin.py:190} INFO - [2025-03-31T21:34:45.518+0000] {dagbag.py:588} INFO - Filling up the DagBag from /home/airflow/.local/lib/python3.12/site-packages/airflow/example_dags/example_bash_decorator.py
[2025-03-31T21:34:45.545+0000] {processor.py:925} INFO - DAG(s) 'example_bash_decorator' retrieved from /home/airflow/.local/lib/python3.12/site-packages/airflow/example_dags/example_bash_decorator.py
[2025-03-31T21:34:45.580+0000] {logging_mixin.py:190} INFO - [2025-03-31T21:34:45.580+0000] {dag.py:3239} INFO - Sync 1 DAGs
[2025-03-31T21:34:45.604+0000] {logging_mixin.py:190} INFO - [2025-03-31T21:34:45.604+0000] {dag.py:4180} INFO - Setting next_dagrun for example_bash_decorator to None, run_after=None
[2025-03-31T21:34:45.636+0000] {processor.py:208} INFO - Processing /home/airflow/.local/lib/python3.12/site-packages/airflow/example_dags/example_bash_decorator.py took 0.132 seconds
[2025-03-31T21:35:16.559+0000] {processor.py:186} INFO - Started process (PID=1502) to work on /home/airflow/.local/lib/python3.12/site-packages/airflow/example_dags/example_bash_decorator.py
[2025-03-31T21:35:16.561+0000] {processor.py:914} INFO - Processing file /home/airflow/.local/lib/python3.12/site-packages/airflow/example_dags/example_bash_decorator.py for tasks to queue
[2025-03-31T21:35:16.567+0000] {logging_mixin.py:190} INFO - [2025-03-31T21:35:16.566+0000] {dagbag.py:588} INFO - Filling up the DagBag from /home/airflow/.local/lib/python3.12/site-packages/airflow/example_dags/example_bash_decorator.py
[2025-03-31T21:35:16.666+0000] {processor.py:925} INFO - DAG(s) 'example_bash_decorator' retrieved from /home/airflow/.local/lib/python3.12/site-packages/airflow/example_dags/example_bash_decorator.py
[2025-03-31T21:35:16.788+0000] {logging_mixin.py:190} INFO - [2025-03-31T21:35:16.787+0000] {dag.py:3239} INFO - Sync 1 DAGs
[2025-03-31T21:35:16.847+0000] {logging_mixin.py:190} INFO - [2025-03-31T21:35:16.846+0000] {dag.py:4180} INFO - Setting next_dagrun for example_bash_decorator to None, run_after=None
[2025-03-31T21:35:16.911+0000] {processor.py:208} INFO - Processing /home/airflow/.local/lib/python3.12/site-packages/airflow/example_dags/example_bash_decorator.py took 0.366 seconds
[2025-03-31T21:35:47.006+0000] {processor.py:186} INFO - Started process (PID=1566) to work on /home/airflow/.local/lib/python3.12/site-packages/airflow/example_dags/example_bash_decorator.py
[2025-03-31T21:35:47.008+0000] {processor.py:914} INFO - Processing file /home/airflow/.local/lib/python3.12/site-packages/airflow/example_dags/example_bash_decorator.py for tasks to queue
[2025-03-31T21:35:47.013+0000] {logging_mixin.py:190} INFO - [2025-03-31T21:35:47.011+0000] {dagbag.py:588} INFO - Filling up the DagBag from /home/airflow/.local/lib/python3.12/site-packages/airflow/example_dags/example_bash_decorator.py
[2025-03-31T21:35:47.049+0000] {processor.py:925} INFO - DAG(s) 'example_bash_decorator' retrieved from /home/airflow/.local/lib/python3.12/site-packages/airflow/example_dags/example_bash_decorator.py
[2025-03-31T21:35:47.090+0000] {logging_mixin.py:190} INFO - [2025-03-31T21:35:47.089+0000] {dag.py:3239} INFO - Sync 1 DAGs
[2025-03-31T21:35:47.115+0000] {logging_mixin.py:190} INFO - [2025-03-31T21:35:47.115+0000] {dag.py:4180} INFO - Setting next_dagrun for example_bash_decorator to None, run_after=None
[2025-03-31T21:35:47.141+0000] {processor.py:208} INFO - Processing /home/airflow/.local/lib/python3.12/site-packages/airflow/example_dags/example_bash_decorator.py took 0.145 seconds
[2025-03-31T21:36:18.057+0000] {processor.py:186} INFO - Started process (PID=1627) to work on /home/airflow/.local/lib/python3.12/site-packages/airflow/example_dags/example_bash_decorator.py
[2025-03-31T21:36:18.070+0000] {processor.py:914} INFO - Processing file /home/airflow/.local/lib/python3.12/site-packages/airflow/example_dags/example_bash_decorator.py for tasks to queue
[2025-03-31T21:36:18.074+0000] {logging_mixin.py:190} INFO - [2025-03-31T21:36:18.073+0000] {dagbag.py:588} INFO - Filling up the DagBag from /home/airflow/.local/lib/python3.12/site-packages/airflow/example_dags/example_bash_decorator.py
[2025-03-31T21:36:18.182+0000] {processor.py:925} INFO - DAG(s) 'example_bash_decorator' retrieved from /home/airflow/.local/lib/python3.12/site-packages/airflow/example_dags/example_bash_decorator.py
[2025-03-31T21:36:18.328+0000] {logging_mixin.py:190} INFO - [2025-03-31T21:36:18.327+0000] {dag.py:3239} INFO - Sync 1 DAGs
[2025-03-31T21:36:18.365+0000] {logging_mixin.py:190} INFO - [2025-03-31T21:36:18.365+0000] {dag.py:4180} INFO - Setting next_dagrun for example_bash_decorator to None, run_after=None
[2025-03-31T21:36:18.419+0000] {processor.py:208} INFO - Processing /home/airflow/.local/lib/python3.12/site-packages/airflow/example_dags/example_bash_decorator.py took 0.378 seconds
[2025-03-31T21:37:00.806+0000] {processor.py:186} INFO - Started process (PID=1662) to work on /home/airflow/.local/lib/python3.12/site-packages/airflow/example_dags/example_bash_decorator.py
[2025-03-31T21:37:00.810+0000] {processor.py:914} INFO - Processing file /home/airflow/.local/lib/python3.12/site-packages/airflow/example_dags/example_bash_decorator.py for tasks to queue
[2025-03-31T21:37:00.812+0000] {logging_mixin.py:190} INFO - [2025-03-31T21:37:00.812+0000] {dagbag.py:588} INFO - Filling up the DagBag from /home/airflow/.local/lib/python3.12/site-packages/airflow/example_dags/example_bash_decorator.py
[2025-03-31T21:37:00.859+0000] {processor.py:925} INFO - DAG(s) 'example_bash_decorator' retrieved from /home/airflow/.local/lib/python3.12/site-packages/airflow/example_dags/example_bash_decorator.py
[2025-03-31T21:37:00.924+0000] {logging_mixin.py:190} INFO - [2025-03-31T21:37:00.924+0000] {dag.py:3239} INFO - Sync 1 DAGs
[2025-03-31T21:37:00.965+0000] {logging_mixin.py:190} INFO - [2025-03-31T21:37:00.965+0000] {dag.py:4180} INFO - Setting next_dagrun for example_bash_decorator to None, run_after=None
[2025-03-31T21:37:01.022+0000] {processor.py:208} INFO - Processing /home/airflow/.local/lib/python3.12/site-packages/airflow/example_dags/example_bash_decorator.py took 0.228 seconds
[2025-03-31T21:37:32.382+0000] {processor.py:186} INFO - Started process (PID=1725) to work on /home/airflow/.local/lib/python3.12/site-packages/airflow/example_dags/example_bash_decorator.py
[2025-03-31T21:37:32.384+0000] {processor.py:914} INFO - Processing file /home/airflow/.local/lib/python3.12/site-packages/airflow/example_dags/example_bash_decorator.py for tasks to queue
[2025-03-31T21:37:32.386+0000] {logging_mixin.py:190} INFO - [2025-03-31T21:37:32.386+0000] {dagbag.py:588} INFO - Filling up the DagBag from /home/airflow/.local/lib/python3.12/site-packages/airflow/example_dags/example_bash_decorator.py
[2025-03-31T21:37:32.416+0000] {processor.py:925} INFO - DAG(s) 'example_bash_decorator' retrieved from /home/airflow/.local/lib/python3.12/site-packages/airflow/example_dags/example_bash_decorator.py
[2025-03-31T21:37:32.455+0000] {logging_mixin.py:190} INFO - [2025-03-31T21:37:32.454+0000] {dag.py:3239} INFO - Sync 1 DAGs
[2025-03-31T21:37:32.519+0000] {logging_mixin.py:190} INFO - [2025-03-31T21:37:32.519+0000] {dag.py:4180} INFO - Setting next_dagrun for example_bash_decorator to None, run_after=None
[2025-03-31T21:37:32.596+0000] {processor.py:208} INFO - Processing /home/airflow/.local/lib/python3.12/site-packages/airflow/example_dags/example_bash_decorator.py took 0.224 seconds
[2025-03-31T21:38:05.507+0000] {processor.py:186} INFO - Started process (PID=1788) to work on /home/airflow/.local/lib/python3.12/site-packages/airflow/example_dags/example_bash_decorator.py
[2025-03-31T21:38:05.518+0000] {processor.py:914} INFO - Processing file /home/airflow/.local/lib/python3.12/site-packages/airflow/example_dags/example_bash_decorator.py for tasks to queue
[2025-03-31T21:38:05.540+0000] {logging_mixin.py:190} INFO - [2025-03-31T21:38:05.539+0000] {dagbag.py:588} INFO - Filling up the DagBag from /home/airflow/.local/lib/python3.12/site-packages/airflow/example_dags/example_bash_decorator.py
[2025-03-31T21:38:05.601+0000] {processor.py:925} INFO - DAG(s) 'example_bash_decorator' retrieved from /home/airflow/.local/lib/python3.12/site-packages/airflow/example_dags/example_bash_decorator.py
[2025-03-31T21:38:05.716+0000] {logging_mixin.py:190} INFO - [2025-03-31T21:38:05.716+0000] {dag.py:3239} INFO - Sync 1 DAGs
[2025-03-31T21:38:05.756+0000] {logging_mixin.py:190} INFO - [2025-03-31T21:38:05.755+0000] {dag.py:4180} INFO - Setting next_dagrun for example_bash_decorator to None, run_after=None
[2025-03-31T21:38:05.811+0000] {processor.py:208} INFO - Processing /home/airflow/.local/lib/python3.12/site-packages/airflow/example_dags/example_bash_decorator.py took 0.384 seconds
[2025-03-31T21:38:37.929+0000] {processor.py:186} INFO - Started process (PID=1851) to work on /home/airflow/.local/lib/python3.12/site-packages/airflow/example_dags/example_bash_decorator.py
[2025-03-31T21:38:37.933+0000] {processor.py:914} INFO - Processing file /home/airflow/.local/lib/python3.12/site-packages/airflow/example_dags/example_bash_decorator.py for tasks to queue
[2025-03-31T21:38:37.938+0000] {logging_mixin.py:190} INFO - [2025-03-31T21:38:37.937+0000] {dagbag.py:588} INFO - Filling up the DagBag from /home/airflow/.local/lib/python3.12/site-packages/airflow/example_dags/example_bash_decorator.py
[2025-03-31T21:38:38.020+0000] {processor.py:925} INFO - DAG(s) 'example_bash_decorator' retrieved from /home/airflow/.local/lib/python3.12/site-packages/airflow/example_dags/example_bash_decorator.py
[2025-03-31T21:38:38.165+0000] {logging_mixin.py:190} INFO - [2025-03-31T21:38:38.165+0000] {dag.py:3239} INFO - Sync 1 DAGs
[2025-03-31T21:38:38.302+0000] {logging_mixin.py:190} INFO - [2025-03-31T21:38:38.294+0000] {dag.py:4180} INFO - Setting next_dagrun for example_bash_decorator to None, run_after=None
[2025-03-31T21:38:38.363+0000] {processor.py:208} INFO - Processing /home/airflow/.local/lib/python3.12/site-packages/airflow/example_dags/example_bash_decorator.py took 0.446 seconds
[2025-03-31T21:40:14.203+0000] {processor.py:186} INFO - Started process (PID=1897) to work on /home/airflow/.local/lib/python3.12/site-packages/airflow/example_dags/example_bash_decorator.py
[2025-03-31T21:40:14.209+0000] {processor.py:914} INFO - Processing file /home/airflow/.local/lib/python3.12/site-packages/airflow/example_dags/example_bash_decorator.py for tasks to queue
[2025-03-31T21:40:14.217+0000] {logging_mixin.py:190} INFO - [2025-03-31T21:40:14.216+0000] {dagbag.py:588} INFO - Filling up the DagBag from /home/airflow/.local/lib/python3.12/site-packages/airflow/example_dags/example_bash_decorator.py
[2025-03-31T21:40:14.399+0000] {processor.py:925} INFO - DAG(s) 'example_bash_decorator' retrieved from /home/airflow/.local/lib/python3.12/site-packages/airflow/example_dags/example_bash_decorator.py
[2025-03-31T21:40:14.653+0000] {logging_mixin.py:190} INFO - [2025-03-31T21:40:14.653+0000] {dag.py:3239} INFO - Sync 1 DAGs
[2025-03-31T21:40:14.758+0000] {logging_mixin.py:190} INFO - [2025-03-31T21:40:14.758+0000] {dag.py:4180} INFO - Setting next_dagrun for example_bash_decorator to None, run_after=None
[2025-03-31T21:40:14.875+0000] {processor.py:208} INFO - Processing /home/airflow/.local/lib/python3.12/site-packages/airflow/example_dags/example_bash_decorator.py took 0.735 seconds
[2025-03-31T21:40:45.190+0000] {processor.py:186} INFO - Started process (PID=1960) to work on /home/airflow/.local/lib/python3.12/site-packages/airflow/example_dags/example_bash_decorator.py
[2025-03-31T21:40:45.198+0000] {processor.py:914} INFO - Processing file /home/airflow/.local/lib/python3.12/site-packages/airflow/example_dags/example_bash_decorator.py for tasks to queue
[2025-03-31T21:40:45.210+0000] {logging_mixin.py:190} INFO - [2025-03-31T21:40:45.204+0000] {dagbag.py:588} INFO - Filling up the DagBag from /home/airflow/.local/lib/python3.12/site-packages/airflow/example_dags/example_bash_decorator.py
[2025-03-31T21:40:45.408+0000] {processor.py:925} INFO - DAG(s) 'example_bash_decorator' retrieved from /home/airflow/.local/lib/python3.12/site-packages/airflow/example_dags/example_bash_decorator.py
[2025-03-31T21:40:45.546+0000] {logging_mixin.py:190} INFO - [2025-03-31T21:40:45.545+0000] {dag.py:3239} INFO - Sync 1 DAGs
[2025-03-31T21:40:45.603+0000] {logging_mixin.py:190} INFO - [2025-03-31T21:40:45.602+0000] {dag.py:4180} INFO - Setting next_dagrun for example_bash_decorator to None, run_after=None
[2025-03-31T21:40:45.666+0000] {processor.py:208} INFO - Processing /home/airflow/.local/lib/python3.12/site-packages/airflow/example_dags/example_bash_decorator.py took 0.522 seconds
[2025-03-31T21:42:49.498+0000] {processor.py:186} INFO - Started process (PID=1995) to work on /home/airflow/.local/lib/python3.12/site-packages/airflow/example_dags/example_bash_decorator.py
[2025-03-31T21:42:49.523+0000] {processor.py:914} INFO - Processing file /home/airflow/.local/lib/python3.12/site-packages/airflow/example_dags/example_bash_decorator.py for tasks to queue
[2025-03-31T21:42:49.526+0000] {logging_mixin.py:190} INFO - [2025-03-31T21:42:49.525+0000] {dagbag.py:588} INFO - Filling up the DagBag from /home/airflow/.local/lib/python3.12/site-packages/airflow/example_dags/example_bash_decorator.py
[2025-03-31T21:42:49.737+0000] {processor.py:925} INFO - DAG(s) 'example_bash_decorator' retrieved from /home/airflow/.local/lib/python3.12/site-packages/airflow/example_dags/example_bash_decorator.py
[2025-03-31T21:42:49.944+0000] {logging_mixin.py:190} INFO - [2025-03-31T21:42:49.944+0000] {dag.py:3239} INFO - Sync 1 DAGs
[2025-03-31T21:42:50.043+0000] {logging_mixin.py:190} INFO - [2025-03-31T21:42:50.042+0000] {dag.py:4180} INFO - Setting next_dagrun for example_bash_decorator to None, run_after=None
[2025-03-31T21:42:50.118+0000] {processor.py:208} INFO - Processing /home/airflow/.local/lib/python3.12/site-packages/airflow/example_dags/example_bash_decorator.py took 0.658 seconds
[2025-03-31T21:43:48.643+0000] {processor.py:186} INFO - Started process (PID=2066) to work on /home/airflow/.local/lib/python3.12/site-packages/airflow/example_dags/example_bash_decorator.py
[2025-03-31T21:43:48.647+0000] {processor.py:914} INFO - Processing file /home/airflow/.local/lib/python3.12/site-packages/airflow/example_dags/example_bash_decorator.py for tasks to queue
[2025-03-31T21:43:48.661+0000] {logging_mixin.py:190} INFO - [2025-03-31T21:43:48.660+0000] {dagbag.py:588} INFO - Filling up the DagBag from /home/airflow/.local/lib/python3.12/site-packages/airflow/example_dags/example_bash_decorator.py
[2025-03-31T21:43:48.701+0000] {processor.py:925} INFO - DAG(s) 'example_bash_decorator' retrieved from /home/airflow/.local/lib/python3.12/site-packages/airflow/example_dags/example_bash_decorator.py
[2025-03-31T21:43:48.794+0000] {logging_mixin.py:190} INFO - [2025-03-31T21:43:48.793+0000] {dag.py:3239} INFO - Sync 1 DAGs
[2025-03-31T21:43:48.897+0000] {logging_mixin.py:190} INFO - [2025-03-31T21:43:48.896+0000] {dag.py:4180} INFO - Setting next_dagrun for example_bash_decorator to None, run_after=None
[2025-03-31T21:43:48.968+0000] {processor.py:208} INFO - Processing /home/airflow/.local/lib/python3.12/site-packages/airflow/example_dags/example_bash_decorator.py took 0.351 seconds
[2025-03-31T21:44:19.883+0000] {processor.py:186} INFO - Started process (PID=2130) to work on /home/airflow/.local/lib/python3.12/site-packages/airflow/example_dags/example_bash_decorator.py
[2025-03-31T21:44:19.885+0000] {processor.py:914} INFO - Processing file /home/airflow/.local/lib/python3.12/site-packages/airflow/example_dags/example_bash_decorator.py for tasks to queue
[2025-03-31T21:44:19.887+0000] {logging_mixin.py:190} INFO - [2025-03-31T21:44:19.887+0000] {dagbag.py:588} INFO - Filling up the DagBag from /home/airflow/.local/lib/python3.12/site-packages/airflow/example_dags/example_bash_decorator.py
[2025-03-31T21:44:19.913+0000] {processor.py:925} INFO - DAG(s) 'example_bash_decorator' retrieved from /home/airflow/.local/lib/python3.12/site-packages/airflow/example_dags/example_bash_decorator.py
[2025-03-31T21:44:19.956+0000] {logging_mixin.py:190} INFO - [2025-03-31T21:44:19.954+0000] {dag.py:3239} INFO - Sync 1 DAGs
[2025-03-31T21:44:20.010+0000] {logging_mixin.py:190} INFO - [2025-03-31T21:44:20.009+0000] {dag.py:4180} INFO - Setting next_dagrun for example_bash_decorator to None, run_after=None
[2025-03-31T21:44:20.048+0000] {processor.py:208} INFO - Processing /home/airflow/.local/lib/python3.12/site-packages/airflow/example_dags/example_bash_decorator.py took 0.176 seconds
[2025-03-31T21:44:51.128+0000] {processor.py:186} INFO - Started process (PID=2194) to work on /home/airflow/.local/lib/python3.12/site-packages/airflow/example_dags/example_bash_decorator.py
[2025-03-31T21:44:51.130+0000] {processor.py:914} INFO - Processing file /home/airflow/.local/lib/python3.12/site-packages/airflow/example_dags/example_bash_decorator.py for tasks to queue
[2025-03-31T21:44:51.133+0000] {logging_mixin.py:190} INFO - [2025-03-31T21:44:51.133+0000] {dagbag.py:588} INFO - Filling up the DagBag from /home/airflow/.local/lib/python3.12/site-packages/airflow/example_dags/example_bash_decorator.py
[2025-03-31T21:44:51.171+0000] {processor.py:925} INFO - DAG(s) 'example_bash_decorator' retrieved from /home/airflow/.local/lib/python3.12/site-packages/airflow/example_dags/example_bash_decorator.py
[2025-03-31T21:44:51.221+0000] {logging_mixin.py:190} INFO - [2025-03-31T21:44:51.221+0000] {dag.py:3239} INFO - Sync 1 DAGs
[2025-03-31T21:44:51.257+0000] {logging_mixin.py:190} INFO - [2025-03-31T21:44:51.256+0000] {dag.py:4180} INFO - Setting next_dagrun for example_bash_decorator to None, run_after=None
[2025-03-31T21:44:51.303+0000] {processor.py:208} INFO - Processing /home/airflow/.local/lib/python3.12/site-packages/airflow/example_dags/example_bash_decorator.py took 0.186 seconds
[2025-03-31T21:45:22.025+0000] {processor.py:186} INFO - Started process (PID=2257) to work on /home/airflow/.local/lib/python3.12/site-packages/airflow/example_dags/example_bash_decorator.py
[2025-03-31T21:45:22.032+0000] {processor.py:914} INFO - Processing file /home/airflow/.local/lib/python3.12/site-packages/airflow/example_dags/example_bash_decorator.py for tasks to queue
[2025-03-31T21:45:22.039+0000] {logging_mixin.py:190} INFO - [2025-03-31T21:45:22.039+0000] {dagbag.py:588} INFO - Filling up the DagBag from /home/airflow/.local/lib/python3.12/site-packages/airflow/example_dags/example_bash_decorator.py
[2025-03-31T21:45:22.074+0000] {processor.py:925} INFO - DAG(s) 'example_bash_decorator' retrieved from /home/airflow/.local/lib/python3.12/site-packages/airflow/example_dags/example_bash_decorator.py
[2025-03-31T21:45:22.160+0000] {logging_mixin.py:190} INFO - [2025-03-31T21:45:22.159+0000] {dag.py:3239} INFO - Sync 1 DAGs
[2025-03-31T21:45:22.203+0000] {logging_mixin.py:190} INFO - [2025-03-31T21:45:22.202+0000] {dag.py:4180} INFO - Setting next_dagrun for example_bash_decorator to None, run_after=None
[2025-03-31T21:45:22.273+0000] {processor.py:208} INFO - Processing /home/airflow/.local/lib/python3.12/site-packages/airflow/example_dags/example_bash_decorator.py took 0.259 seconds
[2025-03-31T21:49:14.855+0000] {processor.py:186} INFO - Started process (PID=2328) to work on /home/airflow/.local/lib/python3.12/site-packages/airflow/example_dags/example_bash_decorator.py
[2025-03-31T21:49:14.862+0000] {processor.py:914} INFO - Processing file /home/airflow/.local/lib/python3.12/site-packages/airflow/example_dags/example_bash_decorator.py for tasks to queue
[2025-03-31T21:49:14.886+0000] {logging_mixin.py:190} INFO - [2025-03-31T21:49:14.886+0000] {dagbag.py:588} INFO - Filling up the DagBag from /home/airflow/.local/lib/python3.12/site-packages/airflow/example_dags/example_bash_decorator.py
[2025-03-31T21:49:14.991+0000] {processor.py:925} INFO - DAG(s) 'example_bash_decorator' retrieved from /home/airflow/.local/lib/python3.12/site-packages/airflow/example_dags/example_bash_decorator.py
[2025-03-31T21:49:15.120+0000] {logging_mixin.py:190} INFO - [2025-03-31T21:49:15.119+0000] {dag.py:3239} INFO - Sync 1 DAGs
[2025-03-31T21:49:15.189+0000] {logging_mixin.py:190} INFO - [2025-03-31T21:49:15.189+0000] {dag.py:4180} INFO - Setting next_dagrun for example_bash_decorator to None, run_after=None
[2025-03-31T21:49:15.266+0000] {processor.py:208} INFO - Processing /home/airflow/.local/lib/python3.12/site-packages/airflow/example_dags/example_bash_decorator.py took 0.448 seconds
[2025-03-31T21:49:46.015+0000] {processor.py:186} INFO - Started process (PID=2392) to work on /home/airflow/.local/lib/python3.12/site-packages/airflow/example_dags/example_bash_decorator.py
[2025-03-31T21:49:46.017+0000] {processor.py:914} INFO - Processing file /home/airflow/.local/lib/python3.12/site-packages/airflow/example_dags/example_bash_decorator.py for tasks to queue
[2025-03-31T21:49:46.021+0000] {logging_mixin.py:190} INFO - [2025-03-31T21:49:46.020+0000] {dagbag.py:588} INFO - Filling up the DagBag from /home/airflow/.local/lib/python3.12/site-packages/airflow/example_dags/example_bash_decorator.py
[2025-03-31T21:49:46.049+0000] {processor.py:925} INFO - DAG(s) 'example_bash_decorator' retrieved from /home/airflow/.local/lib/python3.12/site-packages/airflow/example_dags/example_bash_decorator.py
[2025-03-31T21:49:46.174+0000] {logging_mixin.py:190} INFO - [2025-03-31T21:49:46.173+0000] {dag.py:3239} INFO - Sync 1 DAGs
[2025-03-31T21:49:46.227+0000] {logging_mixin.py:190} INFO - [2025-03-31T21:49:46.226+0000] {dag.py:4180} INFO - Setting next_dagrun for example_bash_decorator to None, run_after=None
[2025-03-31T21:49:46.275+0000] {processor.py:208} INFO - Processing /home/airflow/.local/lib/python3.12/site-packages/airflow/example_dags/example_bash_decorator.py took 0.276 seconds
[2025-03-31T21:50:16.938+0000] {processor.py:186} INFO - Started process (PID=2455) to work on /home/airflow/.local/lib/python3.12/site-packages/airflow/example_dags/example_bash_decorator.py
[2025-03-31T21:50:16.958+0000] {processor.py:914} INFO - Processing file /home/airflow/.local/lib/python3.12/site-packages/airflow/example_dags/example_bash_decorator.py for tasks to queue
[2025-03-31T21:50:16.973+0000] {logging_mixin.py:190} INFO - [2025-03-31T21:50:16.961+0000] {dagbag.py:588} INFO - Filling up the DagBag from /home/airflow/.local/lib/python3.12/site-packages/airflow/example_dags/example_bash_decorator.py
[2025-03-31T21:50:17.052+0000] {processor.py:925} INFO - DAG(s) 'example_bash_decorator' retrieved from /home/airflow/.local/lib/python3.12/site-packages/airflow/example_dags/example_bash_decorator.py
[2025-03-31T21:50:17.215+0000] {logging_mixin.py:190} INFO - [2025-03-31T21:50:17.214+0000] {dag.py:3239} INFO - Sync 1 DAGs
[2025-03-31T21:50:17.261+0000] {logging_mixin.py:190} INFO - [2025-03-31T21:50:17.260+0000] {dag.py:4180} INFO - Setting next_dagrun for example_bash_decorator to None, run_after=None
[2025-03-31T21:50:17.342+0000] {processor.py:208} INFO - Processing /home/airflow/.local/lib/python3.12/site-packages/airflow/example_dags/example_bash_decorator.py took 0.416 seconds
[2025-03-31T21:50:47.938+0000] {processor.py:186} INFO - Started process (PID=2518) to work on /home/airflow/.local/lib/python3.12/site-packages/airflow/example_dags/example_bash_decorator.py
[2025-03-31T21:50:47.941+0000] {processor.py:914} INFO - Processing file /home/airflow/.local/lib/python3.12/site-packages/airflow/example_dags/example_bash_decorator.py for tasks to queue
[2025-03-31T21:50:47.951+0000] {logging_mixin.py:190} INFO - [2025-03-31T21:50:47.950+0000] {dagbag.py:588} INFO - Filling up the DagBag from /home/airflow/.local/lib/python3.12/site-packages/airflow/example_dags/example_bash_decorator.py
[2025-03-31T21:50:48.019+0000] {processor.py:925} INFO - DAG(s) 'example_bash_decorator' retrieved from /home/airflow/.local/lib/python3.12/site-packages/airflow/example_dags/example_bash_decorator.py
[2025-03-31T21:50:48.178+0000] {logging_mixin.py:190} INFO - [2025-03-31T21:50:48.177+0000] {dag.py:3239} INFO - Sync 1 DAGs
[2025-03-31T21:50:48.259+0000] {logging_mixin.py:190} INFO - [2025-03-31T21:50:48.259+0000] {dag.py:4180} INFO - Setting next_dagrun for example_bash_decorator to None, run_after=None
[2025-03-31T21:50:48.379+0000] {processor.py:208} INFO - Processing /home/airflow/.local/lib/python3.12/site-packages/airflow/example_dags/example_bash_decorator.py took 0.457 seconds
[2025-03-31T21:51:18.886+0000] {processor.py:186} INFO - Started process (PID=2582) to work on /home/airflow/.local/lib/python3.12/site-packages/airflow/example_dags/example_bash_decorator.py
[2025-03-31T21:51:18.893+0000] {processor.py:914} INFO - Processing file /home/airflow/.local/lib/python3.12/site-packages/airflow/example_dags/example_bash_decorator.py for tasks to queue
[2025-03-31T21:51:18.908+0000] {logging_mixin.py:190} INFO - [2025-03-31T21:51:18.908+0000] {dagbag.py:588} INFO - Filling up the DagBag from /home/airflow/.local/lib/python3.12/site-packages/airflow/example_dags/example_bash_decorator.py
[2025-03-31T21:51:19.009+0000] {processor.py:925} INFO - DAG(s) 'example_bash_decorator' retrieved from /home/airflow/.local/lib/python3.12/site-packages/airflow/example_dags/example_bash_decorator.py
[2025-03-31T21:51:19.131+0000] {logging_mixin.py:190} INFO - [2025-03-31T21:51:19.130+0000] {dag.py:3239} INFO - Sync 1 DAGs
[2025-03-31T21:51:19.164+0000] {logging_mixin.py:190} INFO - [2025-03-31T21:51:19.164+0000] {dag.py:4180} INFO - Setting next_dagrun for example_bash_decorator to None, run_after=None
[2025-03-31T21:51:19.227+0000] {processor.py:208} INFO - Processing /home/airflow/.local/lib/python3.12/site-packages/airflow/example_dags/example_bash_decorator.py took 0.353 seconds
[2025-03-31T21:53:34.249+0000] {processor.py:186} INFO - Started process (PID=2650) to work on /home/airflow/.local/lib/python3.12/site-packages/airflow/example_dags/example_bash_decorator.py
[2025-03-31T21:53:34.252+0000] {processor.py:914} INFO - Processing file /home/airflow/.local/lib/python3.12/site-packages/airflow/example_dags/example_bash_decorator.py for tasks to queue
[2025-03-31T21:53:34.257+0000] {logging_mixin.py:190} INFO - [2025-03-31T21:53:34.254+0000] {dagbag.py:588} INFO - Filling up the DagBag from /home/airflow/.local/lib/python3.12/site-packages/airflow/example_dags/example_bash_decorator.py
[2025-03-31T21:53:34.304+0000] {processor.py:925} INFO - DAG(s) 'example_bash_decorator' retrieved from /home/airflow/.local/lib/python3.12/site-packages/airflow/example_dags/example_bash_decorator.py
[2025-03-31T21:53:34.385+0000] {logging_mixin.py:190} INFO - [2025-03-31T21:53:34.384+0000] {dag.py:3239} INFO - Sync 1 DAGs
[2025-03-31T21:53:34.430+0000] {logging_mixin.py:190} INFO - [2025-03-31T21:53:34.430+0000] {dag.py:4180} INFO - Setting next_dagrun for example_bash_decorator to None, run_after=None
[2025-03-31T21:53:34.470+0000] {processor.py:208} INFO - Processing /home/airflow/.local/lib/python3.12/site-packages/airflow/example_dags/example_bash_decorator.py took 0.236 seconds
[2025-03-31T21:55:15.898+0000] {processor.py:186} INFO - Started process (PID=2724) to work on /home/airflow/.local/lib/python3.12/site-packages/airflow/example_dags/example_bash_decorator.py
[2025-03-31T21:55:15.901+0000] {processor.py:914} INFO - Processing file /home/airflow/.local/lib/python3.12/site-packages/airflow/example_dags/example_bash_decorator.py for tasks to queue
[2025-03-31T21:55:15.906+0000] {logging_mixin.py:190} INFO - [2025-03-31T21:55:15.905+0000] {dagbag.py:588} INFO - Filling up the DagBag from /home/airflow/.local/lib/python3.12/site-packages/airflow/example_dags/example_bash_decorator.py
[2025-03-31T21:55:15.958+0000] {processor.py:925} INFO - DAG(s) 'example_bash_decorator' retrieved from /home/airflow/.local/lib/python3.12/site-packages/airflow/example_dags/example_bash_decorator.py
[2025-03-31T21:55:16.033+0000] {logging_mixin.py:190} INFO - [2025-03-31T21:55:16.033+0000] {dag.py:3239} INFO - Sync 1 DAGs
[2025-03-31T21:55:16.104+0000] {logging_mixin.py:190} INFO - [2025-03-31T21:55:16.103+0000] {dag.py:4180} INFO - Setting next_dagrun for example_bash_decorator to None, run_after=None
[2025-03-31T21:55:16.203+0000] {processor.py:208} INFO - Processing /home/airflow/.local/lib/python3.12/site-packages/airflow/example_dags/example_bash_decorator.py took 0.321 seconds
[2025-03-31T21:55:51.525+0000] {processor.py:186} INFO - Started process (PID=2788) to work on /home/airflow/.local/lib/python3.12/site-packages/airflow/example_dags/example_bash_decorator.py
[2025-03-31T21:55:51.527+0000] {processor.py:914} INFO - Processing file /home/airflow/.local/lib/python3.12/site-packages/airflow/example_dags/example_bash_decorator.py for tasks to queue
[2025-03-31T21:55:51.531+0000] {logging_mixin.py:190} INFO - [2025-03-31T21:55:51.530+0000] {dagbag.py:588} INFO - Filling up the DagBag from /home/airflow/.local/lib/python3.12/site-packages/airflow/example_dags/example_bash_decorator.py
[2025-03-31T21:55:51.601+0000] {processor.py:925} INFO - DAG(s) 'example_bash_decorator' retrieved from /home/airflow/.local/lib/python3.12/site-packages/airflow/example_dags/example_bash_decorator.py
[2025-03-31T21:55:51.778+0000] {logging_mixin.py:190} INFO - [2025-03-31T21:55:51.775+0000] {dag.py:3239} INFO - Sync 1 DAGs
[2025-03-31T21:55:51.868+0000] {logging_mixin.py:190} INFO - [2025-03-31T21:55:51.868+0000] {dag.py:4180} INFO - Setting next_dagrun for example_bash_decorator to None, run_after=None
[2025-03-31T21:55:51.926+0000] {processor.py:208} INFO - Processing /home/airflow/.local/lib/python3.12/site-packages/airflow/example_dags/example_bash_decorator.py took 0.426 seconds
[2025-03-31T21:57:13.404+0000] {processor.py:186} INFO - Started process (PID=2868) to work on /home/airflow/.local/lib/python3.12/site-packages/airflow/example_dags/example_bash_decorator.py
[2025-03-31T21:57:13.410+0000] {processor.py:914} INFO - Processing file /home/airflow/.local/lib/python3.12/site-packages/airflow/example_dags/example_bash_decorator.py for tasks to queue
[2025-03-31T21:57:13.417+0000] {logging_mixin.py:190} INFO - [2025-03-31T21:57:13.416+0000] {dagbag.py:588} INFO - Filling up the DagBag from /home/airflow/.local/lib/python3.12/site-packages/airflow/example_dags/example_bash_decorator.py
[2025-03-31T21:57:13.476+0000] {processor.py:925} INFO - DAG(s) 'example_bash_decorator' retrieved from /home/airflow/.local/lib/python3.12/site-packages/airflow/example_dags/example_bash_decorator.py
[2025-03-31T21:57:13.613+0000] {logging_mixin.py:190} INFO - [2025-03-31T21:57:13.609+0000] {dag.py:3239} INFO - Sync 1 DAGs
[2025-03-31T21:57:13.718+0000] {logging_mixin.py:190} INFO - [2025-03-31T21:57:13.716+0000] {dag.py:4180} INFO - Setting next_dagrun for example_bash_decorator to None, run_after=None
[2025-03-31T21:57:13.854+0000] {processor.py:208} INFO - Processing /home/airflow/.local/lib/python3.12/site-packages/airflow/example_dags/example_bash_decorator.py took 0.465 seconds
[2025-03-31T21:57:45.966+0000] {processor.py:186} INFO - Started process (PID=2932) to work on /home/airflow/.local/lib/python3.12/site-packages/airflow/example_dags/example_bash_decorator.py
[2025-03-31T21:57:45.970+0000] {processor.py:914} INFO - Processing file /home/airflow/.local/lib/python3.12/site-packages/airflow/example_dags/example_bash_decorator.py for tasks to queue
[2025-03-31T21:57:45.976+0000] {logging_mixin.py:190} INFO - [2025-03-31T21:57:45.975+0000] {dagbag.py:588} INFO - Filling up the DagBag from /home/airflow/.local/lib/python3.12/site-packages/airflow/example_dags/example_bash_decorator.py
[2025-03-31T21:57:46.061+0000] {processor.py:925} INFO - DAG(s) 'example_bash_decorator' retrieved from /home/airflow/.local/lib/python3.12/site-packages/airflow/example_dags/example_bash_decorator.py
[2025-03-31T21:57:46.225+0000] {logging_mixin.py:190} INFO - [2025-03-31T21:57:46.224+0000] {dag.py:3239} INFO - Sync 1 DAGs
[2025-03-31T21:57:46.301+0000] {logging_mixin.py:190} INFO - [2025-03-31T21:57:46.301+0000] {dag.py:4180} INFO - Setting next_dagrun for example_bash_decorator to None, run_after=None
[2025-03-31T21:57:46.412+0000] {processor.py:208} INFO - Processing /home/airflow/.local/lib/python3.12/site-packages/airflow/example_dags/example_bash_decorator.py took 0.475 seconds
[2025-03-31T21:58:16.583+0000] {processor.py:186} INFO - Started process (PID=2996) to work on /home/airflow/.local/lib/python3.12/site-packages/airflow/example_dags/example_bash_decorator.py
[2025-03-31T21:58:16.585+0000] {processor.py:914} INFO - Processing file /home/airflow/.local/lib/python3.12/site-packages/airflow/example_dags/example_bash_decorator.py for tasks to queue
[2025-03-31T21:58:16.589+0000] {logging_mixin.py:190} INFO - [2025-03-31T21:58:16.588+0000] {dagbag.py:588} INFO - Filling up the DagBag from /home/airflow/.local/lib/python3.12/site-packages/airflow/example_dags/example_bash_decorator.py
[2025-03-31T21:58:16.615+0000] {processor.py:925} INFO - DAG(s) 'example_bash_decorator' retrieved from /home/airflow/.local/lib/python3.12/site-packages/airflow/example_dags/example_bash_decorator.py
[2025-03-31T21:58:16.667+0000] {logging_mixin.py:190} INFO - [2025-03-31T21:58:16.667+0000] {dag.py:3239} INFO - Sync 1 DAGs
[2025-03-31T21:58:16.697+0000] {logging_mixin.py:190} INFO - [2025-03-31T21:58:16.697+0000] {dag.py:4180} INFO - Setting next_dagrun for example_bash_decorator to None, run_after=None
[2025-03-31T21:58:16.730+0000] {processor.py:208} INFO - Processing /home/airflow/.local/lib/python3.12/site-packages/airflow/example_dags/example_bash_decorator.py took 0.158 seconds
[2025-03-31T21:59:09.198+0000] {processor.py:186} INFO - Started process (PID=3061) to work on /home/airflow/.local/lib/python3.12/site-packages/airflow/example_dags/example_bash_decorator.py
[2025-03-31T21:59:09.203+0000] {processor.py:914} INFO - Processing file /home/airflow/.local/lib/python3.12/site-packages/airflow/example_dags/example_bash_decorator.py for tasks to queue
[2025-03-31T21:59:09.209+0000] {logging_mixin.py:190} INFO - [2025-03-31T21:59:09.208+0000] {dagbag.py:588} INFO - Filling up the DagBag from /home/airflow/.local/lib/python3.12/site-packages/airflow/example_dags/example_bash_decorator.py
[2025-03-31T21:59:09.288+0000] {processor.py:925} INFO - DAG(s) 'example_bash_decorator' retrieved from /home/airflow/.local/lib/python3.12/site-packages/airflow/example_dags/example_bash_decorator.py
[2025-03-31T21:59:09.358+0000] {logging_mixin.py:190} INFO - [2025-03-31T21:59:09.358+0000] {dag.py:3239} INFO - Sync 1 DAGs
[2025-03-31T21:59:09.452+0000] {logging_mixin.py:190} INFO - [2025-03-31T21:59:09.451+0000] {dag.py:4180} INFO - Setting next_dagrun for example_bash_decorator to None, run_after=None
[2025-03-31T21:59:09.520+0000] {processor.py:208} INFO - Processing /home/airflow/.local/lib/python3.12/site-packages/airflow/example_dags/example_bash_decorator.py took 0.347 seconds
[2025-03-31T21:59:40.156+0000] {processor.py:186} INFO - Started process (PID=3130) to work on /home/airflow/.local/lib/python3.12/site-packages/airflow/example_dags/example_bash_decorator.py
[2025-03-31T21:59:40.169+0000] {processor.py:914} INFO - Processing file /home/airflow/.local/lib/python3.12/site-packages/airflow/example_dags/example_bash_decorator.py for tasks to queue
[2025-03-31T21:59:40.173+0000] {logging_mixin.py:190} INFO - [2025-03-31T21:59:40.172+0000] {dagbag.py:588} INFO - Filling up the DagBag from /home/airflow/.local/lib/python3.12/site-packages/airflow/example_dags/example_bash_decorator.py
[2025-03-31T21:59:40.210+0000] {processor.py:925} INFO - DAG(s) 'example_bash_decorator' retrieved from /home/airflow/.local/lib/python3.12/site-packages/airflow/example_dags/example_bash_decorator.py
[2025-03-31T21:59:40.266+0000] {logging_mixin.py:190} INFO - [2025-03-31T21:59:40.265+0000] {dag.py:3239} INFO - Sync 1 DAGs
[2025-03-31T21:59:40.301+0000] {logging_mixin.py:190} INFO - [2025-03-31T21:59:40.301+0000] {dag.py:4180} INFO - Setting next_dagrun for example_bash_decorator to None, run_after=None
[2025-03-31T21:59:40.348+0000] {processor.py:208} INFO - Processing /home/airflow/.local/lib/python3.12/site-packages/airflow/example_dags/example_bash_decorator.py took 0.241 seconds
[2025-03-31T22:00:10.504+0000] {processor.py:186} INFO - Started process (PID=3192) to work on /home/airflow/.local/lib/python3.12/site-packages/airflow/example_dags/example_bash_decorator.py
[2025-03-31T22:00:10.505+0000] {processor.py:914} INFO - Processing file /home/airflow/.local/lib/python3.12/site-packages/airflow/example_dags/example_bash_decorator.py for tasks to queue
[2025-03-31T22:00:10.508+0000] {logging_mixin.py:190} INFO - [2025-03-31T22:00:10.507+0000] {dagbag.py:588} INFO - Filling up the DagBag from /home/airflow/.local/lib/python3.12/site-packages/airflow/example_dags/example_bash_decorator.py
[2025-03-31T22:00:10.536+0000] {processor.py:925} INFO - DAG(s) 'example_bash_decorator' retrieved from /home/airflow/.local/lib/python3.12/site-packages/airflow/example_dags/example_bash_decorator.py
[2025-03-31T22:00:10.590+0000] {logging_mixin.py:190} INFO - [2025-03-31T22:00:10.590+0000] {dag.py:3239} INFO - Sync 1 DAGs
[2025-03-31T22:00:10.638+0000] {logging_mixin.py:190} INFO - [2025-03-31T22:00:10.637+0000] {dag.py:4180} INFO - Setting next_dagrun for example_bash_decorator to None, run_after=None
[2025-03-31T22:00:10.682+0000] {processor.py:208} INFO - Processing /home/airflow/.local/lib/python3.12/site-packages/airflow/example_dags/example_bash_decorator.py took 0.187 seconds
[2025-03-31T22:00:42.803+0000] {processor.py:186} INFO - Started process (PID=3256) to work on /home/airflow/.local/lib/python3.12/site-packages/airflow/example_dags/example_bash_decorator.py
[2025-03-31T22:00:42.805+0000] {processor.py:914} INFO - Processing file /home/airflow/.local/lib/python3.12/site-packages/airflow/example_dags/example_bash_decorator.py for tasks to queue
[2025-03-31T22:00:42.808+0000] {logging_mixin.py:190} INFO - [2025-03-31T22:00:42.807+0000] {dagbag.py:588} INFO - Filling up the DagBag from /home/airflow/.local/lib/python3.12/site-packages/airflow/example_dags/example_bash_decorator.py
[2025-03-31T22:00:42.842+0000] {processor.py:925} INFO - DAG(s) 'example_bash_decorator' retrieved from /home/airflow/.local/lib/python3.12/site-packages/airflow/example_dags/example_bash_decorator.py
[2025-03-31T22:00:42.889+0000] {logging_mixin.py:190} INFO - [2025-03-31T22:00:42.889+0000] {dag.py:3239} INFO - Sync 1 DAGs
[2025-03-31T22:00:42.928+0000] {logging_mixin.py:190} INFO - [2025-03-31T22:00:42.927+0000] {dag.py:4180} INFO - Setting next_dagrun for example_bash_decorator to None, run_after=None
[2025-03-31T22:00:42.975+0000] {processor.py:208} INFO - Processing /home/airflow/.local/lib/python3.12/site-packages/airflow/example_dags/example_bash_decorator.py took 0.184 seconds
