[2025-03-31T21:20:34.312+0000] {processor.py:186} INFO - Started process (PID=80) to work on /home/airflow/.local/lib/python3.12/site-packages/airflow/example_dags/example_latest_only.py
[2025-03-31T21:20:34.316+0000] {processor.py:914} INFO - Processing file /home/airflow/.local/lib/python3.12/site-packages/airflow/example_dags/example_latest_only.py for tasks to queue
[2025-03-31T21:20:34.326+0000] {logging_mixin.py:190} INFO - [2025-03-31T21:20:34.325+0000] {dagbag.py:588} INFO - Filling up the DagBag from /home/airflow/.local/lib/python3.12/site-packages/airflow/example_dags/example_latest_only.py
[2025-03-31T21:20:34.345+0000] {processor.py:925} INFO - DAG(s) 'latest_only' retrieved from /home/airflow/.local/lib/python3.12/site-packages/airflow/example_dags/example_latest_only.py
[2025-03-31T21:20:34.603+0000] {logging_mixin.py:190} INFO - [2025-03-31T21:20:34.602+0000] {override.py:1912} INFO - Created Permission View: can edit on DAG:latest_only
[2025-03-31T21:20:34.626+0000] {logging_mixin.py:190} INFO - [2025-03-31T21:20:34.625+0000] {override.py:1912} INFO - Created Permission View: can delete on DAG:latest_only
[2025-03-31T21:20:34.641+0000] {logging_mixin.py:190} INFO - [2025-03-31T21:20:34.641+0000] {override.py:1912} INFO - Created Permission View: can read on DAG:latest_only
[2025-03-31T21:20:34.655+0000] {logging_mixin.py:190} INFO - [2025-03-31T21:20:34.655+0000] {override.py:1912} INFO - Created Permission View: menu access on DAG Run:latest_only
[2025-03-31T21:20:34.680+0000] {logging_mixin.py:190} INFO - [2025-03-31T21:20:34.680+0000] {override.py:1912} INFO - Created Permission View: can delete on DAG Run:latest_only
[2025-03-31T21:20:34.703+0000] {logging_mixin.py:190} INFO - [2025-03-31T21:20:34.702+0000] {override.py:1912} INFO - Created Permission View: can read on DAG Run:latest_only
[2025-03-31T21:20:34.724+0000] {logging_mixin.py:190} INFO - [2025-03-31T21:20:34.723+0000] {override.py:1912} INFO - Created Permission View: can create on DAG Run:latest_only
[2025-03-31T21:20:34.725+0000] {logging_mixin.py:190} INFO - [2025-03-31T21:20:34.725+0000] {dag.py:3239} INFO - Sync 1 DAGs
[2025-03-31T21:20:34.766+0000] {logging_mixin.py:190} INFO - [2025-03-31T21:20:34.766+0000] {dag.py:3262} INFO - Creating ORM DAG for latest_only
[2025-03-31T21:20:34.807+0000] {logging_mixin.py:190} INFO - [2025-03-31T21:20:34.807+0000] {dag.py:4180} INFO - Setting next_dagrun for latest_only to 2025-03-31 16:00:00+00:00, run_after=2025-03-31 20:00:00+00:00
[2025-03-31T21:20:34.871+0000] {processor.py:208} INFO - Processing /home/airflow/.local/lib/python3.12/site-packages/airflow/example_dags/example_latest_only.py took 0.578 seconds
[2025-03-31T21:22:11.674+0000] {processor.py:186} INFO - Started process (PID=143) to work on /home/airflow/.local/lib/python3.12/site-packages/airflow/example_dags/example_latest_only.py
[2025-03-31T21:22:11.678+0000] {processor.py:914} INFO - Processing file /home/airflow/.local/lib/python3.12/site-packages/airflow/example_dags/example_latest_only.py for tasks to queue
[2025-03-31T21:22:11.685+0000] {logging_mixin.py:190} INFO - [2025-03-31T21:22:11.684+0000] {dagbag.py:588} INFO - Filling up the DagBag from /home/airflow/.local/lib/python3.12/site-packages/airflow/example_dags/example_latest_only.py
[2025-03-31T21:22:11.708+0000] {processor.py:925} INFO - DAG(s) 'latest_only' retrieved from /home/airflow/.local/lib/python3.12/site-packages/airflow/example_dags/example_latest_only.py
[2025-03-31T21:22:11.769+0000] {logging_mixin.py:190} INFO - [2025-03-31T21:22:11.755+0000] {dag.py:3239} INFO - Sync 1 DAGs
[2025-03-31T21:22:11.826+0000] {logging_mixin.py:190} INFO - [2025-03-31T21:22:11.825+0000] {dag.py:4180} INFO - Setting next_dagrun for latest_only to 2025-03-31 16:00:00+00:00, run_after=2025-03-31 20:00:00+00:00
[2025-03-31T21:22:11.878+0000] {processor.py:208} INFO - Processing /home/airflow/.local/lib/python3.12/site-packages/airflow/example_dags/example_latest_only.py took 0.222 seconds
[2025-03-31T21:22:44.205+0000] {processor.py:186} INFO - Started process (PID=196) to work on /home/airflow/.local/lib/python3.12/site-packages/airflow/example_dags/example_latest_only.py
[2025-03-31T21:22:44.208+0000] {processor.py:914} INFO - Processing file /home/airflow/.local/lib/python3.12/site-packages/airflow/example_dags/example_latest_only.py for tasks to queue
[2025-03-31T21:22:44.217+0000] {logging_mixin.py:190} INFO - [2025-03-31T21:22:44.216+0000] {dagbag.py:588} INFO - Filling up the DagBag from /home/airflow/.local/lib/python3.12/site-packages/airflow/example_dags/example_latest_only.py
[2025-03-31T21:22:44.231+0000] {processor.py:925} INFO - DAG(s) 'latest_only' retrieved from /home/airflow/.local/lib/python3.12/site-packages/airflow/example_dags/example_latest_only.py
[2025-03-31T21:22:44.276+0000] {logging_mixin.py:190} INFO - [2025-03-31T21:22:44.276+0000] {dag.py:3239} INFO - Sync 1 DAGs
[2025-03-31T21:22:44.322+0000] {logging_mixin.py:190} INFO - [2025-03-31T21:22:44.322+0000] {dag.py:4180} INFO - Setting next_dagrun for latest_only to 2025-03-31 16:00:00+00:00, run_after=2025-03-31 20:00:00+00:00
[2025-03-31T21:22:44.358+0000] {processor.py:208} INFO - Processing /home/airflow/.local/lib/python3.12/site-packages/airflow/example_dags/example_latest_only.py took 0.162 seconds
[2025-03-31T21:23:19.636+0000] {processor.py:186} INFO - Started process (PID=265) to work on /home/airflow/.local/lib/python3.12/site-packages/airflow/example_dags/example_latest_only.py
[2025-03-31T21:23:19.652+0000] {processor.py:914} INFO - Processing file /home/airflow/.local/lib/python3.12/site-packages/airflow/example_dags/example_latest_only.py for tasks to queue
[2025-03-31T21:23:19.678+0000] {logging_mixin.py:190} INFO - [2025-03-31T21:23:19.676+0000] {dagbag.py:588} INFO - Filling up the DagBag from /home/airflow/.local/lib/python3.12/site-packages/airflow/example_dags/example_latest_only.py
[2025-03-31T21:23:19.720+0000] {processor.py:925} INFO - DAG(s) 'latest_only' retrieved from /home/airflow/.local/lib/python3.12/site-packages/airflow/example_dags/example_latest_only.py
[2025-03-31T21:23:19.925+0000] {logging_mixin.py:190} INFO - [2025-03-31T21:23:19.924+0000] {dag.py:3239} INFO - Sync 1 DAGs
[2025-03-31T21:23:20.121+0000] {logging_mixin.py:190} INFO - [2025-03-31T21:23:20.120+0000] {dag.py:4180} INFO - Setting next_dagrun for latest_only to 2025-03-31 16:00:00+00:00, run_after=2025-03-31 20:00:00+00:00
[2025-03-31T21:23:20.202+0000] {processor.py:208} INFO - Processing /home/airflow/.local/lib/python3.12/site-packages/airflow/example_dags/example_latest_only.py took 0.593 seconds
[2025-03-31T21:23:50.577+0000] {processor.py:186} INFO - Started process (PID=327) to work on /home/airflow/.local/lib/python3.12/site-packages/airflow/example_dags/example_latest_only.py
[2025-03-31T21:23:50.584+0000] {processor.py:914} INFO - Processing file /home/airflow/.local/lib/python3.12/site-packages/airflow/example_dags/example_latest_only.py for tasks to queue
[2025-03-31T21:23:50.607+0000] {logging_mixin.py:190} INFO - [2025-03-31T21:23:50.607+0000] {dagbag.py:588} INFO - Filling up the DagBag from /home/airflow/.local/lib/python3.12/site-packages/airflow/example_dags/example_latest_only.py
[2025-03-31T21:23:50.631+0000] {processor.py:925} INFO - DAG(s) 'latest_only' retrieved from /home/airflow/.local/lib/python3.12/site-packages/airflow/example_dags/example_latest_only.py
[2025-03-31T21:23:50.720+0000] {logging_mixin.py:190} INFO - [2025-03-31T21:23:50.719+0000] {dag.py:3239} INFO - Sync 1 DAGs
[2025-03-31T21:23:50.805+0000] {logging_mixin.py:190} INFO - [2025-03-31T21:23:50.803+0000] {dag.py:4180} INFO - Setting next_dagrun for latest_only to 2025-03-31 16:00:00+00:00, run_after=2025-03-31 20:00:00+00:00
[2025-03-31T21:23:50.881+0000] {processor.py:208} INFO - Processing /home/airflow/.local/lib/python3.12/site-packages/airflow/example_dags/example_latest_only.py took 0.331 seconds
[2025-03-31T21:24:21.555+0000] {processor.py:186} INFO - Started process (PID=389) to work on /home/airflow/.local/lib/python3.12/site-packages/airflow/example_dags/example_latest_only.py
[2025-03-31T21:24:21.557+0000] {processor.py:914} INFO - Processing file /home/airflow/.local/lib/python3.12/site-packages/airflow/example_dags/example_latest_only.py for tasks to queue
[2025-03-31T21:24:21.570+0000] {logging_mixin.py:190} INFO - [2025-03-31T21:24:21.569+0000] {dagbag.py:588} INFO - Filling up the DagBag from /home/airflow/.local/lib/python3.12/site-packages/airflow/example_dags/example_latest_only.py
[2025-03-31T21:24:21.600+0000] {processor.py:925} INFO - DAG(s) 'latest_only' retrieved from /home/airflow/.local/lib/python3.12/site-packages/airflow/example_dags/example_latest_only.py
[2025-03-31T21:24:21.658+0000] {logging_mixin.py:190} INFO - [2025-03-31T21:24:21.658+0000] {dag.py:3239} INFO - Sync 1 DAGs
[2025-03-31T21:24:21.738+0000] {logging_mixin.py:190} INFO - [2025-03-31T21:24:21.738+0000] {dag.py:4180} INFO - Setting next_dagrun for latest_only to 2025-03-31 16:00:00+00:00, run_after=2025-03-31 20:00:00+00:00
[2025-03-31T21:24:21.790+0000] {processor.py:208} INFO - Processing /home/airflow/.local/lib/python3.12/site-packages/airflow/example_dags/example_latest_only.py took 0.267 seconds
[2025-03-31T21:24:52.443+0000] {processor.py:186} INFO - Started process (PID=451) to work on /home/airflow/.local/lib/python3.12/site-packages/airflow/example_dags/example_latest_only.py
[2025-03-31T21:24:52.444+0000] {processor.py:914} INFO - Processing file /home/airflow/.local/lib/python3.12/site-packages/airflow/example_dags/example_latest_only.py for tasks to queue
[2025-03-31T21:24:52.449+0000] {logging_mixin.py:190} INFO - [2025-03-31T21:24:52.448+0000] {dagbag.py:588} INFO - Filling up the DagBag from /home/airflow/.local/lib/python3.12/site-packages/airflow/example_dags/example_latest_only.py
[2025-03-31T21:24:52.469+0000] {processor.py:925} INFO - DAG(s) 'latest_only' retrieved from /home/airflow/.local/lib/python3.12/site-packages/airflow/example_dags/example_latest_only.py
[2025-03-31T21:24:52.537+0000] {logging_mixin.py:190} INFO - [2025-03-31T21:24:52.537+0000] {dag.py:3239} INFO - Sync 1 DAGs
[2025-03-31T21:24:52.621+0000] {logging_mixin.py:190} INFO - [2025-03-31T21:24:52.620+0000] {dag.py:4180} INFO - Setting next_dagrun for latest_only to 2025-03-31 16:00:00+00:00, run_after=2025-03-31 20:00:00+00:00
[2025-03-31T21:24:52.662+0000] {processor.py:208} INFO - Processing /home/airflow/.local/lib/python3.12/site-packages/airflow/example_dags/example_latest_only.py took 0.231 seconds
[2025-03-31T21:26:11.737+0000] {processor.py:186} INFO - Started process (PID=500) to work on /home/airflow/.local/lib/python3.12/site-packages/airflow/example_dags/example_latest_only.py
[2025-03-31T21:26:11.741+0000] {processor.py:914} INFO - Processing file /home/airflow/.local/lib/python3.12/site-packages/airflow/example_dags/example_latest_only.py for tasks to queue
[2025-03-31T21:26:11.746+0000] {logging_mixin.py:190} INFO - [2025-03-31T21:26:11.746+0000] {dagbag.py:588} INFO - Filling up the DagBag from /home/airflow/.local/lib/python3.12/site-packages/airflow/example_dags/example_latest_only.py
[2025-03-31T21:26:11.829+0000] {processor.py:925} INFO - DAG(s) 'latest_only' retrieved from /home/airflow/.local/lib/python3.12/site-packages/airflow/example_dags/example_latest_only.py
[2025-03-31T21:26:11.916+0000] {logging_mixin.py:190} INFO - [2025-03-31T21:26:11.914+0000] {dag.py:3239} INFO - Sync 1 DAGs
[2025-03-31T21:26:12.016+0000] {logging_mixin.py:190} INFO - [2025-03-31T21:26:12.015+0000] {dag.py:4180} INFO - Setting next_dagrun for latest_only to 2025-03-31 16:00:00+00:00, run_after=2025-03-31 20:00:00+00:00
[2025-03-31T21:26:12.099+0000] {processor.py:208} INFO - Processing /home/airflow/.local/lib/python3.12/site-packages/airflow/example_dags/example_latest_only.py took 0.386 seconds
[2025-03-31T21:26:58.374+0000] {processor.py:186} INFO - Started process (PID=558) to work on /home/airflow/.local/lib/python3.12/site-packages/airflow/example_dags/example_latest_only.py
[2025-03-31T21:26:58.379+0000] {processor.py:914} INFO - Processing file /home/airflow/.local/lib/python3.12/site-packages/airflow/example_dags/example_latest_only.py for tasks to queue
[2025-03-31T21:26:58.385+0000] {logging_mixin.py:190} INFO - [2025-03-31T21:26:58.384+0000] {dagbag.py:588} INFO - Filling up the DagBag from /home/airflow/.local/lib/python3.12/site-packages/airflow/example_dags/example_latest_only.py
[2025-03-31T21:26:58.414+0000] {processor.py:925} INFO - DAG(s) 'latest_only' retrieved from /home/airflow/.local/lib/python3.12/site-packages/airflow/example_dags/example_latest_only.py
[2025-03-31T21:26:58.502+0000] {logging_mixin.py:190} INFO - [2025-03-31T21:26:58.502+0000] {dag.py:3239} INFO - Sync 1 DAGs
[2025-03-31T21:26:58.595+0000] {logging_mixin.py:190} INFO - [2025-03-31T21:26:58.594+0000] {dag.py:4180} INFO - Setting next_dagrun for latest_only to 2025-03-31 16:00:00+00:00, run_after=2025-03-31 20:00:00+00:00
[2025-03-31T21:26:58.714+0000] {processor.py:208} INFO - Processing /home/airflow/.local/lib/python3.12/site-packages/airflow/example_dags/example_latest_only.py took 0.376 seconds
[2025-03-31T21:27:30.036+0000] {processor.py:186} INFO - Started process (PID=621) to work on /home/airflow/.local/lib/python3.12/site-packages/airflow/example_dags/example_latest_only.py
[2025-03-31T21:27:30.039+0000] {processor.py:914} INFO - Processing file /home/airflow/.local/lib/python3.12/site-packages/airflow/example_dags/example_latest_only.py for tasks to queue
[2025-03-31T21:27:30.043+0000] {logging_mixin.py:190} INFO - [2025-03-31T21:27:30.042+0000] {dagbag.py:588} INFO - Filling up the DagBag from /home/airflow/.local/lib/python3.12/site-packages/airflow/example_dags/example_latest_only.py
[2025-03-31T21:27:30.061+0000] {processor.py:925} INFO - DAG(s) 'latest_only' retrieved from /home/airflow/.local/lib/python3.12/site-packages/airflow/example_dags/example_latest_only.py
[2025-03-31T21:27:30.101+0000] {logging_mixin.py:190} INFO - [2025-03-31T21:27:30.101+0000] {dag.py:3239} INFO - Sync 1 DAGs
[2025-03-31T21:27:30.148+0000] {logging_mixin.py:190} INFO - [2025-03-31T21:27:30.148+0000] {dag.py:4180} INFO - Setting next_dagrun for latest_only to 2025-03-31 16:00:00+00:00, run_after=2025-03-31 20:00:00+00:00
[2025-03-31T21:27:30.186+0000] {processor.py:208} INFO - Processing /home/airflow/.local/lib/python3.12/site-packages/airflow/example_dags/example_latest_only.py took 0.173 seconds
[2025-03-31T21:28:01.009+0000] {processor.py:186} INFO - Started process (PID=684) to work on /home/airflow/.local/lib/python3.12/site-packages/airflow/example_dags/example_latest_only.py
[2025-03-31T21:28:01.011+0000] {processor.py:914} INFO - Processing file /home/airflow/.local/lib/python3.12/site-packages/airflow/example_dags/example_latest_only.py for tasks to queue
[2025-03-31T21:28:01.014+0000] {logging_mixin.py:190} INFO - [2025-03-31T21:28:01.013+0000] {dagbag.py:588} INFO - Filling up the DagBag from /home/airflow/.local/lib/python3.12/site-packages/airflow/example_dags/example_latest_only.py
[2025-03-31T21:28:01.029+0000] {processor.py:925} INFO - DAG(s) 'latest_only' retrieved from /home/airflow/.local/lib/python3.12/site-packages/airflow/example_dags/example_latest_only.py
[2025-03-31T21:28:01.066+0000] {logging_mixin.py:190} INFO - [2025-03-31T21:28:01.065+0000] {dag.py:3239} INFO - Sync 1 DAGs
[2025-03-31T21:28:01.123+0000] {logging_mixin.py:190} INFO - [2025-03-31T21:28:01.122+0000] {dag.py:4180} INFO - Setting next_dagrun for latest_only to 2025-03-31 16:00:00+00:00, run_after=2025-03-31 20:00:00+00:00
[2025-03-31T21:28:01.155+0000] {processor.py:208} INFO - Processing /home/airflow/.local/lib/python3.12/site-packages/airflow/example_dags/example_latest_only.py took 0.156 seconds
[2025-03-31T21:28:31.849+0000] {processor.py:186} INFO - Started process (PID=746) to work on /home/airflow/.local/lib/python3.12/site-packages/airflow/example_dags/example_latest_only.py
[2025-03-31T21:28:31.850+0000] {processor.py:914} INFO - Processing file /home/airflow/.local/lib/python3.12/site-packages/airflow/example_dags/example_latest_only.py for tasks to queue
[2025-03-31T21:28:31.858+0000] {logging_mixin.py:190} INFO - [2025-03-31T21:28:31.857+0000] {dagbag.py:588} INFO - Filling up the DagBag from /home/airflow/.local/lib/python3.12/site-packages/airflow/example_dags/example_latest_only.py
[2025-03-31T21:28:31.878+0000] {processor.py:925} INFO - DAG(s) 'latest_only' retrieved from /home/airflow/.local/lib/python3.12/site-packages/airflow/example_dags/example_latest_only.py
[2025-03-31T21:28:31.912+0000] {logging_mixin.py:190} INFO - [2025-03-31T21:28:31.912+0000] {dag.py:3239} INFO - Sync 1 DAGs
[2025-03-31T21:28:31.953+0000] {logging_mixin.py:190} INFO - [2025-03-31T21:28:31.952+0000] {dag.py:4180} INFO - Setting next_dagrun for latest_only to 2025-03-31 16:00:00+00:00, run_after=2025-03-31 20:00:00+00:00
[2025-03-31T21:28:31.984+0000] {processor.py:208} INFO - Processing /home/airflow/.local/lib/python3.12/site-packages/airflow/example_dags/example_latest_only.py took 0.149 seconds
[2025-03-31T21:29:02.482+0000] {processor.py:186} INFO - Started process (PID=809) to work on /home/airflow/.local/lib/python3.12/site-packages/airflow/example_dags/example_latest_only.py
[2025-03-31T21:29:02.483+0000] {processor.py:914} INFO - Processing file /home/airflow/.local/lib/python3.12/site-packages/airflow/example_dags/example_latest_only.py for tasks to queue
[2025-03-31T21:29:02.486+0000] {logging_mixin.py:190} INFO - [2025-03-31T21:29:02.485+0000] {dagbag.py:588} INFO - Filling up the DagBag from /home/airflow/.local/lib/python3.12/site-packages/airflow/example_dags/example_latest_only.py
[2025-03-31T21:29:02.501+0000] {processor.py:925} INFO - DAG(s) 'latest_only' retrieved from /home/airflow/.local/lib/python3.12/site-packages/airflow/example_dags/example_latest_only.py
[2025-03-31T21:29:02.540+0000] {logging_mixin.py:190} INFO - [2025-03-31T21:29:02.539+0000] {dag.py:3239} INFO - Sync 1 DAGs
[2025-03-31T21:29:02.584+0000] {logging_mixin.py:190} INFO - [2025-03-31T21:29:02.584+0000] {dag.py:4180} INFO - Setting next_dagrun for latest_only to 2025-03-31 16:00:00+00:00, run_after=2025-03-31 20:00:00+00:00
[2025-03-31T21:29:02.616+0000] {processor.py:208} INFO - Processing /home/airflow/.local/lib/python3.12/site-packages/airflow/example_dags/example_latest_only.py took 0.145 seconds
[2025-03-31T21:29:40.021+0000] {processor.py:186} INFO - Started process (PID=863) to work on /home/airflow/.local/lib/python3.12/site-packages/airflow/example_dags/example_latest_only.py
[2025-03-31T21:29:40.027+0000] {processor.py:914} INFO - Processing file /home/airflow/.local/lib/python3.12/site-packages/airflow/example_dags/example_latest_only.py for tasks to queue
[2025-03-31T21:29:40.031+0000] {logging_mixin.py:190} INFO - [2025-03-31T21:29:40.030+0000] {dagbag.py:588} INFO - Filling up the DagBag from /home/airflow/.local/lib/python3.12/site-packages/airflow/example_dags/example_latest_only.py
[2025-03-31T21:29:40.055+0000] {processor.py:925} INFO - DAG(s) 'latest_only' retrieved from /home/airflow/.local/lib/python3.12/site-packages/airflow/example_dags/example_latest_only.py
[2025-03-31T21:29:40.143+0000] {logging_mixin.py:190} INFO - [2025-03-31T21:29:40.143+0000] {dag.py:3239} INFO - Sync 1 DAGs
[2025-03-31T21:29:40.319+0000] {logging_mixin.py:190} INFO - [2025-03-31T21:29:40.318+0000] {dag.py:4180} INFO - Setting next_dagrun for latest_only to 2025-03-31 16:00:00+00:00, run_after=2025-03-31 20:00:00+00:00
[2025-03-31T21:29:40.383+0000] {processor.py:208} INFO - Processing /home/airflow/.local/lib/python3.12/site-packages/airflow/example_dags/example_latest_only.py took 0.385 seconds
[2025-03-31T21:30:38.106+0000] {processor.py:186} INFO - Started process (PID=927) to work on /home/airflow/.local/lib/python3.12/site-packages/airflow/example_dags/example_latest_only.py
[2025-03-31T21:30:38.114+0000] {processor.py:914} INFO - Processing file /home/airflow/.local/lib/python3.12/site-packages/airflow/example_dags/example_latest_only.py for tasks to queue
[2025-03-31T21:30:38.122+0000] {logging_mixin.py:190} INFO - [2025-03-31T21:30:38.121+0000] {dagbag.py:588} INFO - Filling up the DagBag from /home/airflow/.local/lib/python3.12/site-packages/airflow/example_dags/example_latest_only.py
[2025-03-31T21:30:38.145+0000] {processor.py:925} INFO - DAG(s) 'latest_only' retrieved from /home/airflow/.local/lib/python3.12/site-packages/airflow/example_dags/example_latest_only.py
[2025-03-31T21:30:38.276+0000] {logging_mixin.py:190} INFO - [2025-03-31T21:30:38.275+0000] {dag.py:3239} INFO - Sync 1 DAGs
[2025-03-31T21:30:38.437+0000] {logging_mixin.py:190} INFO - [2025-03-31T21:30:38.436+0000] {dag.py:4180} INFO - Setting next_dagrun for latest_only to 2025-03-31 16:00:00+00:00, run_after=2025-03-31 20:00:00+00:00
[2025-03-31T21:30:38.585+0000] {processor.py:208} INFO - Processing /home/airflow/.local/lib/python3.12/site-packages/airflow/example_dags/example_latest_only.py took 0.501 seconds
[2025-03-31T21:31:09.384+0000] {processor.py:186} INFO - Started process (PID=992) to work on /home/airflow/.local/lib/python3.12/site-packages/airflow/example_dags/example_latest_only.py
[2025-03-31T21:31:09.387+0000] {processor.py:914} INFO - Processing file /home/airflow/.local/lib/python3.12/site-packages/airflow/example_dags/example_latest_only.py for tasks to queue
[2025-03-31T21:31:09.390+0000] {logging_mixin.py:190} INFO - [2025-03-31T21:31:09.389+0000] {dagbag.py:588} INFO - Filling up the DagBag from /home/airflow/.local/lib/python3.12/site-packages/airflow/example_dags/example_latest_only.py
[2025-03-31T21:31:09.409+0000] {processor.py:925} INFO - DAG(s) 'latest_only' retrieved from /home/airflow/.local/lib/python3.12/site-packages/airflow/example_dags/example_latest_only.py
[2025-03-31T21:31:09.449+0000] {logging_mixin.py:190} INFO - [2025-03-31T21:31:09.449+0000] {dag.py:3239} INFO - Sync 1 DAGs
[2025-03-31T21:31:09.498+0000] {logging_mixin.py:190} INFO - [2025-03-31T21:31:09.497+0000] {dag.py:4180} INFO - Setting next_dagrun for latest_only to 2025-03-31 16:00:00+00:00, run_after=2025-03-31 20:00:00+00:00
[2025-03-31T21:31:09.548+0000] {processor.py:208} INFO - Processing /home/airflow/.local/lib/python3.12/site-packages/airflow/example_dags/example_latest_only.py took 0.181 seconds
[2025-03-31T21:31:40.053+0000] {processor.py:186} INFO - Started process (PID=1056) to work on /home/airflow/.local/lib/python3.12/site-packages/airflow/example_dags/example_latest_only.py
[2025-03-31T21:31:40.056+0000] {processor.py:914} INFO - Processing file /home/airflow/.local/lib/python3.12/site-packages/airflow/example_dags/example_latest_only.py for tasks to queue
[2025-03-31T21:31:40.060+0000] {logging_mixin.py:190} INFO - [2025-03-31T21:31:40.059+0000] {dagbag.py:588} INFO - Filling up the DagBag from /home/airflow/.local/lib/python3.12/site-packages/airflow/example_dags/example_latest_only.py
[2025-03-31T21:31:40.078+0000] {processor.py:925} INFO - DAG(s) 'latest_only' retrieved from /home/airflow/.local/lib/python3.12/site-packages/airflow/example_dags/example_latest_only.py
[2025-03-31T21:31:40.118+0000] {logging_mixin.py:190} INFO - [2025-03-31T21:31:40.117+0000] {dag.py:3239} INFO - Sync 1 DAGs
[2025-03-31T21:31:40.182+0000] {logging_mixin.py:190} INFO - [2025-03-31T21:31:40.182+0000] {dag.py:4180} INFO - Setting next_dagrun for latest_only to 2025-03-31 16:00:00+00:00, run_after=2025-03-31 20:00:00+00:00
[2025-03-31T21:31:40.222+0000] {processor.py:208} INFO - Processing /home/airflow/.local/lib/python3.12/site-packages/airflow/example_dags/example_latest_only.py took 0.183 seconds
[2025-03-31T21:32:10.710+0000] {processor.py:186} INFO - Started process (PID=1119) to work on /home/airflow/.local/lib/python3.12/site-packages/airflow/example_dags/example_latest_only.py
[2025-03-31T21:32:10.715+0000] {processor.py:914} INFO - Processing file /home/airflow/.local/lib/python3.12/site-packages/airflow/example_dags/example_latest_only.py for tasks to queue
[2025-03-31T21:32:10.721+0000] {logging_mixin.py:190} INFO - [2025-03-31T21:32:10.719+0000] {dagbag.py:588} INFO - Filling up the DagBag from /home/airflow/.local/lib/python3.12/site-packages/airflow/example_dags/example_latest_only.py
[2025-03-31T21:32:10.783+0000] {processor.py:925} INFO - DAG(s) 'latest_only' retrieved from /home/airflow/.local/lib/python3.12/site-packages/airflow/example_dags/example_latest_only.py
[2025-03-31T21:32:10.872+0000] {logging_mixin.py:190} INFO - [2025-03-31T21:32:10.872+0000] {dag.py:3239} INFO - Sync 1 DAGs
[2025-03-31T21:32:10.943+0000] {logging_mixin.py:190} INFO - [2025-03-31T21:32:10.943+0000] {dag.py:4180} INFO - Setting next_dagrun for latest_only to 2025-03-31 16:00:00+00:00, run_after=2025-03-31 20:00:00+00:00
[2025-03-31T21:32:10.998+0000] {processor.py:208} INFO - Processing /home/airflow/.local/lib/python3.12/site-packages/airflow/example_dags/example_latest_only.py took 0.301 seconds
[2025-03-31T21:32:41.140+0000] {processor.py:186} INFO - Started process (PID=1182) to work on /home/airflow/.local/lib/python3.12/site-packages/airflow/example_dags/example_latest_only.py
[2025-03-31T21:32:41.142+0000] {processor.py:914} INFO - Processing file /home/airflow/.local/lib/python3.12/site-packages/airflow/example_dags/example_latest_only.py for tasks to queue
[2025-03-31T21:32:41.147+0000] {logging_mixin.py:190} INFO - [2025-03-31T21:32:41.145+0000] {dagbag.py:588} INFO - Filling up the DagBag from /home/airflow/.local/lib/python3.12/site-packages/airflow/example_dags/example_latest_only.py
[2025-03-31T21:32:41.167+0000] {processor.py:925} INFO - DAG(s) 'latest_only' retrieved from /home/airflow/.local/lib/python3.12/site-packages/airflow/example_dags/example_latest_only.py
[2025-03-31T21:32:41.224+0000] {logging_mixin.py:190} INFO - [2025-03-31T21:32:41.224+0000] {dag.py:3239} INFO - Sync 1 DAGs
[2025-03-31T21:32:41.296+0000] {logging_mixin.py:190} INFO - [2025-03-31T21:32:41.295+0000] {dag.py:4180} INFO - Setting next_dagrun for latest_only to 2025-03-31 16:00:00+00:00, run_after=2025-03-31 20:00:00+00:00
[2025-03-31T21:32:41.359+0000] {processor.py:208} INFO - Processing /home/airflow/.local/lib/python3.12/site-packages/airflow/example_dags/example_latest_only.py took 0.231 seconds
[2025-03-31T21:33:11.732+0000] {processor.py:186} INFO - Started process (PID=1245) to work on /home/airflow/.local/lib/python3.12/site-packages/airflow/example_dags/example_latest_only.py
[2025-03-31T21:33:11.733+0000] {processor.py:914} INFO - Processing file /home/airflow/.local/lib/python3.12/site-packages/airflow/example_dags/example_latest_only.py for tasks to queue
[2025-03-31T21:33:11.737+0000] {logging_mixin.py:190} INFO - [2025-03-31T21:33:11.736+0000] {dagbag.py:588} INFO - Filling up the DagBag from /home/airflow/.local/lib/python3.12/site-packages/airflow/example_dags/example_latest_only.py
[2025-03-31T21:33:11.751+0000] {processor.py:925} INFO - DAG(s) 'latest_only' retrieved from /home/airflow/.local/lib/python3.12/site-packages/airflow/example_dags/example_latest_only.py
[2025-03-31T21:33:11.817+0000] {logging_mixin.py:190} INFO - [2025-03-31T21:33:11.816+0000] {dag.py:3239} INFO - Sync 1 DAGs
[2025-03-31T21:33:11.903+0000] {logging_mixin.py:190} INFO - [2025-03-31T21:33:11.903+0000] {dag.py:4180} INFO - Setting next_dagrun for latest_only to 2025-03-31 16:00:00+00:00, run_after=2025-03-31 20:00:00+00:00
[2025-03-31T21:33:11.931+0000] {processor.py:208} INFO - Processing /home/airflow/.local/lib/python3.12/site-packages/airflow/example_dags/example_latest_only.py took 0.210 seconds
[2025-03-31T21:33:42.291+0000] {processor.py:186} INFO - Started process (PID=1309) to work on /home/airflow/.local/lib/python3.12/site-packages/airflow/example_dags/example_latest_only.py
[2025-03-31T21:33:42.296+0000] {processor.py:914} INFO - Processing file /home/airflow/.local/lib/python3.12/site-packages/airflow/example_dags/example_latest_only.py for tasks to queue
[2025-03-31T21:33:42.300+0000] {logging_mixin.py:190} INFO - [2025-03-31T21:33:42.299+0000] {dagbag.py:588} INFO - Filling up the DagBag from /home/airflow/.local/lib/python3.12/site-packages/airflow/example_dags/example_latest_only.py
[2025-03-31T21:33:42.318+0000] {processor.py:925} INFO - DAG(s) 'latest_only' retrieved from /home/airflow/.local/lib/python3.12/site-packages/airflow/example_dags/example_latest_only.py
[2025-03-31T21:33:42.368+0000] {logging_mixin.py:190} INFO - [2025-03-31T21:33:42.367+0000] {dag.py:3239} INFO - Sync 1 DAGs
[2025-03-31T21:33:42.425+0000] {logging_mixin.py:190} INFO - [2025-03-31T21:33:42.424+0000] {dag.py:4180} INFO - Setting next_dagrun for latest_only to 2025-03-31 16:00:00+00:00, run_after=2025-03-31 20:00:00+00:00
[2025-03-31T21:33:42.473+0000] {processor.py:208} INFO - Processing /home/airflow/.local/lib/python3.12/site-packages/airflow/example_dags/example_latest_only.py took 0.195 seconds
[2025-03-31T21:34:13.018+0000] {processor.py:186} INFO - Started process (PID=1372) to work on /home/airflow/.local/lib/python3.12/site-packages/airflow/example_dags/example_latest_only.py
[2025-03-31T21:34:13.020+0000] {processor.py:914} INFO - Processing file /home/airflow/.local/lib/python3.12/site-packages/airflow/example_dags/example_latest_only.py for tasks to queue
[2025-03-31T21:34:13.023+0000] {logging_mixin.py:190} INFO - [2025-03-31T21:34:13.022+0000] {dagbag.py:588} INFO - Filling up the DagBag from /home/airflow/.local/lib/python3.12/site-packages/airflow/example_dags/example_latest_only.py
[2025-03-31T21:34:13.044+0000] {processor.py:925} INFO - DAG(s) 'latest_only' retrieved from /home/airflow/.local/lib/python3.12/site-packages/airflow/example_dags/example_latest_only.py
[2025-03-31T21:34:13.085+0000] {logging_mixin.py:190} INFO - [2025-03-31T21:34:13.085+0000] {dag.py:3239} INFO - Sync 1 DAGs
[2025-03-31T21:34:13.135+0000] {logging_mixin.py:190} INFO - [2025-03-31T21:34:13.134+0000] {dag.py:4180} INFO - Setting next_dagrun for latest_only to 2025-03-31 16:00:00+00:00, run_after=2025-03-31 20:00:00+00:00
[2025-03-31T21:34:13.184+0000] {processor.py:208} INFO - Processing /home/airflow/.local/lib/python3.12/site-packages/airflow/example_dags/example_latest_only.py took 0.178 seconds
[2025-03-31T21:34:44.081+0000] {processor.py:186} INFO - Started process (PID=1435) to work on /home/airflow/.local/lib/python3.12/site-packages/airflow/example_dags/example_latest_only.py
[2025-03-31T21:34:44.082+0000] {processor.py:914} INFO - Processing file /home/airflow/.local/lib/python3.12/site-packages/airflow/example_dags/example_latest_only.py for tasks to queue
[2025-03-31T21:34:44.085+0000] {logging_mixin.py:190} INFO - [2025-03-31T21:34:44.084+0000] {dagbag.py:588} INFO - Filling up the DagBag from /home/airflow/.local/lib/python3.12/site-packages/airflow/example_dags/example_latest_only.py
[2025-03-31T21:34:44.099+0000] {processor.py:925} INFO - DAG(s) 'latest_only' retrieved from /home/airflow/.local/lib/python3.12/site-packages/airflow/example_dags/example_latest_only.py
[2025-03-31T21:34:44.126+0000] {logging_mixin.py:190} INFO - [2025-03-31T21:34:44.125+0000] {dag.py:3239} INFO - Sync 1 DAGs
[2025-03-31T21:34:44.165+0000] {logging_mixin.py:190} INFO - [2025-03-31T21:34:44.164+0000] {dag.py:4180} INFO - Setting next_dagrun for latest_only to 2025-03-31 16:00:00+00:00, run_after=2025-03-31 20:00:00+00:00
[2025-03-31T21:34:44.194+0000] {processor.py:208} INFO - Processing /home/airflow/.local/lib/python3.12/site-packages/airflow/example_dags/example_latest_only.py took 0.122 seconds
[2025-03-31T21:35:16.001+0000] {processor.py:186} INFO - Started process (PID=1499) to work on /home/airflow/.local/lib/python3.12/site-packages/airflow/example_dags/example_latest_only.py
[2025-03-31T21:35:16.006+0000] {processor.py:914} INFO - Processing file /home/airflow/.local/lib/python3.12/site-packages/airflow/example_dags/example_latest_only.py for tasks to queue
[2025-03-31T21:35:16.010+0000] {logging_mixin.py:190} INFO - [2025-03-31T21:35:16.009+0000] {dagbag.py:588} INFO - Filling up the DagBag from /home/airflow/.local/lib/python3.12/site-packages/airflow/example_dags/example_latest_only.py
[2025-03-31T21:35:16.051+0000] {processor.py:925} INFO - DAG(s) 'latest_only' retrieved from /home/airflow/.local/lib/python3.12/site-packages/airflow/example_dags/example_latest_only.py
[2025-03-31T21:35:16.164+0000] {logging_mixin.py:190} INFO - [2025-03-31T21:35:16.162+0000] {dag.py:3239} INFO - Sync 1 DAGs
[2025-03-31T21:35:16.267+0000] {logging_mixin.py:190} INFO - [2025-03-31T21:35:16.266+0000] {dag.py:4180} INFO - Setting next_dagrun for latest_only to 2025-03-31 16:00:00+00:00, run_after=2025-03-31 20:00:00+00:00
[2025-03-31T21:35:16.363+0000] {processor.py:208} INFO - Processing /home/airflow/.local/lib/python3.12/site-packages/airflow/example_dags/example_latest_only.py took 0.395 seconds
[2025-03-31T21:35:46.530+0000] {processor.py:186} INFO - Started process (PID=1562) to work on /home/airflow/.local/lib/python3.12/site-packages/airflow/example_dags/example_latest_only.py
[2025-03-31T21:35:46.533+0000] {processor.py:914} INFO - Processing file /home/airflow/.local/lib/python3.12/site-packages/airflow/example_dags/example_latest_only.py for tasks to queue
[2025-03-31T21:35:46.536+0000] {logging_mixin.py:190} INFO - [2025-03-31T21:35:46.535+0000] {dagbag.py:588} INFO - Filling up the DagBag from /home/airflow/.local/lib/python3.12/site-packages/airflow/example_dags/example_latest_only.py
[2025-03-31T21:35:46.555+0000] {processor.py:925} INFO - DAG(s) 'latest_only' retrieved from /home/airflow/.local/lib/python3.12/site-packages/airflow/example_dags/example_latest_only.py
[2025-03-31T21:35:46.599+0000] {logging_mixin.py:190} INFO - [2025-03-31T21:35:46.599+0000] {dag.py:3239} INFO - Sync 1 DAGs
[2025-03-31T21:35:46.643+0000] {logging_mixin.py:190} INFO - [2025-03-31T21:35:46.642+0000] {dag.py:4180} INFO - Setting next_dagrun for latest_only to 2025-03-31 16:00:00+00:00, run_after=2025-03-31 20:00:00+00:00
[2025-03-31T21:35:46.681+0000] {processor.py:208} INFO - Processing /home/airflow/.local/lib/python3.12/site-packages/airflow/example_dags/example_latest_only.py took 0.162 seconds
[2025-03-31T21:36:17.571+0000] {processor.py:186} INFO - Started process (PID=1624) to work on /home/airflow/.local/lib/python3.12/site-packages/airflow/example_dags/example_latest_only.py
[2025-03-31T21:36:17.573+0000] {processor.py:914} INFO - Processing file /home/airflow/.local/lib/python3.12/site-packages/airflow/example_dags/example_latest_only.py for tasks to queue
[2025-03-31T21:36:17.578+0000] {logging_mixin.py:190} INFO - [2025-03-31T21:36:17.577+0000] {dagbag.py:588} INFO - Filling up the DagBag from /home/airflow/.local/lib/python3.12/site-packages/airflow/example_dags/example_latest_only.py
[2025-03-31T21:36:17.597+0000] {processor.py:925} INFO - DAG(s) 'latest_only' retrieved from /home/airflow/.local/lib/python3.12/site-packages/airflow/example_dags/example_latest_only.py
[2025-03-31T21:36:17.633+0000] {logging_mixin.py:190} INFO - [2025-03-31T21:36:17.633+0000] {dag.py:3239} INFO - Sync 1 DAGs
[2025-03-31T21:36:17.681+0000] {logging_mixin.py:190} INFO - [2025-03-31T21:36:17.681+0000] {dag.py:4180} INFO - Setting next_dagrun for latest_only to 2025-03-31 16:00:00+00:00, run_after=2025-03-31 20:00:00+00:00
[2025-03-31T21:36:17.722+0000] {processor.py:208} INFO - Processing /home/airflow/.local/lib/python3.12/site-packages/airflow/example_dags/example_latest_only.py took 0.163 seconds
[2025-03-31T21:36:58.477+0000] {processor.py:186} INFO - Started process (PID=1657) to work on /home/airflow/.local/lib/python3.12/site-packages/airflow/example_dags/example_latest_only.py
[2025-03-31T21:36:58.489+0000] {processor.py:914} INFO - Processing file /home/airflow/.local/lib/python3.12/site-packages/airflow/example_dags/example_latest_only.py for tasks to queue
[2025-03-31T21:36:58.492+0000] {logging_mixin.py:190} INFO - [2025-03-31T21:36:58.490+0000] {dagbag.py:588} INFO - Filling up the DagBag from /home/airflow/.local/lib/python3.12/site-packages/airflow/example_dags/example_latest_only.py
[2025-03-31T21:36:58.532+0000] {processor.py:925} INFO - DAG(s) 'latest_only' retrieved from /home/airflow/.local/lib/python3.12/site-packages/airflow/example_dags/example_latest_only.py
[2025-03-31T21:36:58.594+0000] {logging_mixin.py:190} INFO - [2025-03-31T21:36:58.594+0000] {dag.py:3239} INFO - Sync 1 DAGs
[2025-03-31T21:36:58.652+0000] {logging_mixin.py:190} INFO - [2025-03-31T21:36:58.651+0000] {dag.py:4180} INFO - Setting next_dagrun for latest_only to 2025-03-31 16:00:00+00:00, run_after=2025-03-31 20:00:00+00:00
[2025-03-31T21:36:58.706+0000] {processor.py:208} INFO - Processing /home/airflow/.local/lib/python3.12/site-packages/airflow/example_dags/example_latest_only.py took 0.244 seconds
[2025-03-31T21:37:30.175+0000] {processor.py:186} INFO - Started process (PID=1720) to work on /home/airflow/.local/lib/python3.12/site-packages/airflow/example_dags/example_latest_only.py
[2025-03-31T21:37:30.179+0000] {processor.py:914} INFO - Processing file /home/airflow/.local/lib/python3.12/site-packages/airflow/example_dags/example_latest_only.py for tasks to queue
[2025-03-31T21:37:30.192+0000] {logging_mixin.py:190} INFO - [2025-03-31T21:37:30.191+0000] {dagbag.py:588} INFO - Filling up the DagBag from /home/airflow/.local/lib/python3.12/site-packages/airflow/example_dags/example_latest_only.py
[2025-03-31T21:37:30.216+0000] {processor.py:925} INFO - DAG(s) 'latest_only' retrieved from /home/airflow/.local/lib/python3.12/site-packages/airflow/example_dags/example_latest_only.py
[2025-03-31T21:37:30.268+0000] {logging_mixin.py:190} INFO - [2025-03-31T21:37:30.268+0000] {dag.py:3239} INFO - Sync 1 DAGs
[2025-03-31T21:37:30.324+0000] {logging_mixin.py:190} INFO - [2025-03-31T21:37:30.324+0000] {dag.py:4180} INFO - Setting next_dagrun for latest_only to 2025-03-31 16:00:00+00:00, run_after=2025-03-31 20:00:00+00:00
[2025-03-31T21:37:30.390+0000] {processor.py:208} INFO - Processing /home/airflow/.local/lib/python3.12/site-packages/airflow/example_dags/example_latest_only.py took 0.230 seconds
[2025-03-31T21:38:00.476+0000] {processor.py:186} INFO - Started process (PID=1782) to work on /home/airflow/.local/lib/python3.12/site-packages/airflow/example_dags/example_latest_only.py
[2025-03-31T21:38:00.478+0000] {processor.py:914} INFO - Processing file /home/airflow/.local/lib/python3.12/site-packages/airflow/example_dags/example_latest_only.py for tasks to queue
[2025-03-31T21:38:00.480+0000] {logging_mixin.py:190} INFO - [2025-03-31T21:38:00.479+0000] {dagbag.py:588} INFO - Filling up the DagBag from /home/airflow/.local/lib/python3.12/site-packages/airflow/example_dags/example_latest_only.py
[2025-03-31T21:38:00.498+0000] {processor.py:925} INFO - DAG(s) 'latest_only' retrieved from /home/airflow/.local/lib/python3.12/site-packages/airflow/example_dags/example_latest_only.py
[2025-03-31T21:38:00.539+0000] {logging_mixin.py:190} INFO - [2025-03-31T21:38:00.538+0000] {dag.py:3239} INFO - Sync 1 DAGs
[2025-03-31T21:38:00.580+0000] {logging_mixin.py:190} INFO - [2025-03-31T21:38:00.580+0000] {dag.py:4180} INFO - Setting next_dagrun for latest_only to 2025-03-31 16:00:00+00:00, run_after=2025-03-31 20:00:00+00:00
[2025-03-31T21:38:00.613+0000] {processor.py:208} INFO - Processing /home/airflow/.local/lib/python3.12/site-packages/airflow/example_dags/example_latest_only.py took 0.148 seconds
[2025-03-31T21:38:30.672+0000] {processor.py:186} INFO - Started process (PID=1846) to work on /home/airflow/.local/lib/python3.12/site-packages/airflow/example_dags/example_latest_only.py
[2025-03-31T21:38:30.674+0000] {processor.py:914} INFO - Processing file /home/airflow/.local/lib/python3.12/site-packages/airflow/example_dags/example_latest_only.py for tasks to queue
[2025-03-31T21:38:30.679+0000] {logging_mixin.py:190} INFO - [2025-03-31T21:38:30.678+0000] {dagbag.py:588} INFO - Filling up the DagBag from /home/airflow/.local/lib/python3.12/site-packages/airflow/example_dags/example_latest_only.py
[2025-03-31T21:38:30.701+0000] {processor.py:925} INFO - DAG(s) 'latest_only' retrieved from /home/airflow/.local/lib/python3.12/site-packages/airflow/example_dags/example_latest_only.py
[2025-03-31T21:38:30.750+0000] {logging_mixin.py:190} INFO - [2025-03-31T21:38:30.749+0000] {dag.py:3239} INFO - Sync 1 DAGs
[2025-03-31T21:38:30.810+0000] {logging_mixin.py:190} INFO - [2025-03-31T21:38:30.810+0000] {dag.py:4180} INFO - Setting next_dagrun for latest_only to 2025-03-31 16:00:00+00:00, run_after=2025-03-31 20:00:00+00:00
[2025-03-31T21:38:30.855+0000] {processor.py:208} INFO - Processing /home/airflow/.local/lib/python3.12/site-packages/airflow/example_dags/example_latest_only.py took 0.198 seconds
[2025-03-31T21:39:53.369+0000] {processor.py:186} INFO - Started process (PID=1892) to work on /home/airflow/.local/lib/python3.12/site-packages/airflow/example_dags/example_latest_only.py
[2025-03-31T21:39:53.379+0000] {processor.py:914} INFO - Processing file /home/airflow/.local/lib/python3.12/site-packages/airflow/example_dags/example_latest_only.py for tasks to queue
[2025-03-31T21:39:53.382+0000] {logging_mixin.py:190} INFO - [2025-03-31T21:39:53.382+0000] {dagbag.py:588} INFO - Filling up the DagBag from /home/airflow/.local/lib/python3.12/site-packages/airflow/example_dags/example_latest_only.py
[2025-03-31T21:39:53.448+0000] {processor.py:925} INFO - DAG(s) 'latest_only' retrieved from /home/airflow/.local/lib/python3.12/site-packages/airflow/example_dags/example_latest_only.py
[2025-03-31T21:39:53.552+0000] {logging_mixin.py:190} INFO - [2025-03-31T21:39:53.550+0000] {dag.py:3239} INFO - Sync 1 DAGs
[2025-03-31T21:39:53.751+0000] {logging_mixin.py:190} INFO - [2025-03-31T21:39:53.751+0000] {dag.py:4180} INFO - Setting next_dagrun for latest_only to 2025-03-31 16:00:00+00:00, run_after=2025-03-31 20:00:00+00:00
[2025-03-31T21:39:53.832+0000] {processor.py:208} INFO - Processing /home/airflow/.local/lib/python3.12/site-packages/airflow/example_dags/example_latest_only.py took 0.480 seconds
[2025-03-31T21:40:26.755+0000] {processor.py:186} INFO - Started process (PID=1954) to work on /home/airflow/.local/lib/python3.12/site-packages/airflow/example_dags/example_latest_only.py
[2025-03-31T21:40:26.758+0000] {processor.py:914} INFO - Processing file /home/airflow/.local/lib/python3.12/site-packages/airflow/example_dags/example_latest_only.py for tasks to queue
[2025-03-31T21:40:26.770+0000] {logging_mixin.py:190} INFO - [2025-03-31T21:40:26.769+0000] {dagbag.py:588} INFO - Filling up the DagBag from /home/airflow/.local/lib/python3.12/site-packages/airflow/example_dags/example_latest_only.py
[2025-03-31T21:40:26.790+0000] {processor.py:925} INFO - DAG(s) 'latest_only' retrieved from /home/airflow/.local/lib/python3.12/site-packages/airflow/example_dags/example_latest_only.py
[2025-03-31T21:40:26.855+0000] {logging_mixin.py:190} INFO - [2025-03-31T21:40:26.854+0000] {dag.py:3239} INFO - Sync 1 DAGs
[2025-03-31T21:40:26.902+0000] {logging_mixin.py:190} INFO - [2025-03-31T21:40:26.902+0000] {dag.py:4180} INFO - Setting next_dagrun for latest_only to 2025-03-31 16:00:00+00:00, run_after=2025-03-31 20:00:00+00:00
[2025-03-31T21:40:26.980+0000] {processor.py:208} INFO - Processing /home/airflow/.local/lib/python3.12/site-packages/airflow/example_dags/example_latest_only.py took 0.239 seconds
[2025-03-31T21:42:47.641+0000] {processor.py:186} INFO - Started process (PID=1991) to work on /home/airflow/.local/lib/python3.12/site-packages/airflow/example_dags/example_latest_only.py
[2025-03-31T21:42:47.645+0000] {processor.py:914} INFO - Processing file /home/airflow/.local/lib/python3.12/site-packages/airflow/example_dags/example_latest_only.py for tasks to queue
[2025-03-31T21:42:47.655+0000] {logging_mixin.py:190} INFO - [2025-03-31T21:42:47.654+0000] {dagbag.py:588} INFO - Filling up the DagBag from /home/airflow/.local/lib/python3.12/site-packages/airflow/example_dags/example_latest_only.py
[2025-03-31T21:42:47.731+0000] {processor.py:925} INFO - DAG(s) 'latest_only' retrieved from /home/airflow/.local/lib/python3.12/site-packages/airflow/example_dags/example_latest_only.py
[2025-03-31T21:42:47.865+0000] {logging_mixin.py:190} INFO - [2025-03-31T21:42:47.865+0000] {dag.py:3239} INFO - Sync 1 DAGs
[2025-03-31T21:42:48.004+0000] {logging_mixin.py:190} INFO - [2025-03-31T21:42:48.000+0000] {dag.py:4180} INFO - Setting next_dagrun for latest_only to 2025-03-31 16:00:00+00:00, run_after=2025-03-31 20:00:00+00:00
[2025-03-31T21:42:48.098+0000] {processor.py:208} INFO - Processing /home/airflow/.local/lib/python3.12/site-packages/airflow/example_dags/example_latest_only.py took 0.475 seconds
[2025-03-31T21:43:44.103+0000] {processor.py:186} INFO - Started process (PID=2055) to work on /home/airflow/.local/lib/python3.12/site-packages/airflow/example_dags/example_latest_only.py
[2025-03-31T21:43:44.111+0000] {processor.py:914} INFO - Processing file /home/airflow/.local/lib/python3.12/site-packages/airflow/example_dags/example_latest_only.py for tasks to queue
[2025-03-31T21:43:44.115+0000] {logging_mixin.py:190} INFO - [2025-03-31T21:43:44.114+0000] {dagbag.py:588} INFO - Filling up the DagBag from /home/airflow/.local/lib/python3.12/site-packages/airflow/example_dags/example_latest_only.py
[2025-03-31T21:43:44.136+0000] {processor.py:925} INFO - DAG(s) 'latest_only' retrieved from /home/airflow/.local/lib/python3.12/site-packages/airflow/example_dags/example_latest_only.py
[2025-03-31T21:43:44.186+0000] {logging_mixin.py:190} INFO - [2025-03-31T21:43:44.185+0000] {dag.py:3239} INFO - Sync 1 DAGs
[2025-03-31T21:43:44.264+0000] {logging_mixin.py:190} INFO - [2025-03-31T21:43:44.264+0000] {dag.py:4180} INFO - Setting next_dagrun for latest_only to 2025-03-31 16:00:00+00:00, run_after=2025-03-31 20:00:00+00:00
[2025-03-31T21:43:44.346+0000] {processor.py:208} INFO - Processing /home/airflow/.local/lib/python3.12/site-packages/airflow/example_dags/example_latest_only.py took 0.259 seconds
[2025-03-31T21:44:15.147+0000] {processor.py:186} INFO - Started process (PID=2119) to work on /home/airflow/.local/lib/python3.12/site-packages/airflow/example_dags/example_latest_only.py
[2025-03-31T21:44:15.148+0000] {processor.py:914} INFO - Processing file /home/airflow/.local/lib/python3.12/site-packages/airflow/example_dags/example_latest_only.py for tasks to queue
[2025-03-31T21:44:15.151+0000] {logging_mixin.py:190} INFO - [2025-03-31T21:44:15.150+0000] {dagbag.py:588} INFO - Filling up the DagBag from /home/airflow/.local/lib/python3.12/site-packages/airflow/example_dags/example_latest_only.py
[2025-03-31T21:44:15.174+0000] {processor.py:925} INFO - DAG(s) 'latest_only' retrieved from /home/airflow/.local/lib/python3.12/site-packages/airflow/example_dags/example_latest_only.py
[2025-03-31T21:44:15.214+0000] {logging_mixin.py:190} INFO - [2025-03-31T21:44:15.214+0000] {dag.py:3239} INFO - Sync 1 DAGs
[2025-03-31T21:44:15.264+0000] {logging_mixin.py:190} INFO - [2025-03-31T21:44:15.264+0000] {dag.py:4180} INFO - Setting next_dagrun for latest_only to 2025-03-31 16:00:00+00:00, run_after=2025-03-31 20:00:00+00:00
[2025-03-31T21:44:15.302+0000] {processor.py:208} INFO - Processing /home/airflow/.local/lib/python3.12/site-packages/airflow/example_dags/example_latest_only.py took 0.166 seconds
[2025-03-31T21:44:45.439+0000] {processor.py:186} INFO - Started process (PID=2182) to work on /home/airflow/.local/lib/python3.12/site-packages/airflow/example_dags/example_latest_only.py
[2025-03-31T21:44:45.440+0000] {processor.py:914} INFO - Processing file /home/airflow/.local/lib/python3.12/site-packages/airflow/example_dags/example_latest_only.py for tasks to queue
[2025-03-31T21:44:45.443+0000] {logging_mixin.py:190} INFO - [2025-03-31T21:44:45.442+0000] {dagbag.py:588} INFO - Filling up the DagBag from /home/airflow/.local/lib/python3.12/site-packages/airflow/example_dags/example_latest_only.py
[2025-03-31T21:44:45.458+0000] {processor.py:925} INFO - DAG(s) 'latest_only' retrieved from /home/airflow/.local/lib/python3.12/site-packages/airflow/example_dags/example_latest_only.py
[2025-03-31T21:44:45.489+0000] {logging_mixin.py:190} INFO - [2025-03-31T21:44:45.489+0000] {dag.py:3239} INFO - Sync 1 DAGs
[2025-03-31T21:44:45.529+0000] {logging_mixin.py:190} INFO - [2025-03-31T21:44:45.529+0000] {dag.py:4180} INFO - Setting next_dagrun for latest_only to 2025-03-31 16:00:00+00:00, run_after=2025-03-31 20:00:00+00:00
[2025-03-31T21:44:45.558+0000] {processor.py:208} INFO - Processing /home/airflow/.local/lib/python3.12/site-packages/airflow/example_dags/example_latest_only.py took 0.127 seconds
[2025-03-31T21:45:16.278+0000] {processor.py:186} INFO - Started process (PID=2252) to work on /home/airflow/.local/lib/python3.12/site-packages/airflow/example_dags/example_latest_only.py
[2025-03-31T21:45:16.281+0000] {processor.py:914} INFO - Processing file /home/airflow/.local/lib/python3.12/site-packages/airflow/example_dags/example_latest_only.py for tasks to queue
[2025-03-31T21:45:16.285+0000] {logging_mixin.py:190} INFO - [2025-03-31T21:45:16.285+0000] {dagbag.py:588} INFO - Filling up the DagBag from /home/airflow/.local/lib/python3.12/site-packages/airflow/example_dags/example_latest_only.py
[2025-03-31T21:45:16.300+0000] {processor.py:925} INFO - DAG(s) 'latest_only' retrieved from /home/airflow/.local/lib/python3.12/site-packages/airflow/example_dags/example_latest_only.py
[2025-03-31T21:45:16.331+0000] {logging_mixin.py:190} INFO - [2025-03-31T21:45:16.331+0000] {dag.py:3239} INFO - Sync 1 DAGs
[2025-03-31T21:45:16.369+0000] {logging_mixin.py:190} INFO - [2025-03-31T21:45:16.369+0000] {dag.py:4180} INFO - Setting next_dagrun for latest_only to 2025-03-31 16:00:00+00:00, run_after=2025-03-31 20:00:00+00:00
[2025-03-31T21:45:16.441+0000] {processor.py:208} INFO - Processing /home/airflow/.local/lib/python3.12/site-packages/airflow/example_dags/example_latest_only.py took 0.177 seconds
[2025-03-31T21:49:02.484+0000] {processor.py:186} INFO - Started process (PID=2316) to work on /home/airflow/.local/lib/python3.12/site-packages/airflow/example_dags/example_latest_only.py
[2025-03-31T21:49:02.490+0000] {processor.py:914} INFO - Processing file /home/airflow/.local/lib/python3.12/site-packages/airflow/example_dags/example_latest_only.py for tasks to queue
[2025-03-31T21:49:02.603+0000] {logging_mixin.py:190} INFO - [2025-03-31T21:49:02.562+0000] {dagbag.py:588} INFO - Filling up the DagBag from /home/airflow/.local/lib/python3.12/site-packages/airflow/example_dags/example_latest_only.py
[2025-03-31T21:49:03.089+0000] {processor.py:925} INFO - DAG(s) 'latest_only' retrieved from /home/airflow/.local/lib/python3.12/site-packages/airflow/example_dags/example_latest_only.py
[2025-03-31T21:49:04.455+0000] {logging_mixin.py:190} INFO - [2025-03-31T21:49:04.439+0000] {dag.py:3239} INFO - Sync 1 DAGs
[2025-03-31T21:49:05.135+0000] {logging_mixin.py:190} INFO - [2025-03-31T21:49:05.126+0000] {dag.py:4180} INFO - Setting next_dagrun for latest_only to 2025-03-31 16:00:00+00:00, run_after=2025-03-31 20:00:00+00:00
[2025-03-31T21:49:05.341+0000] {processor.py:208} INFO - Processing /home/airflow/.local/lib/python3.12/site-packages/airflow/example_dags/example_latest_only.py took 2.973 seconds
[2025-03-31T21:49:35.591+0000] {processor.py:186} INFO - Started process (PID=2381) to work on /home/airflow/.local/lib/python3.12/site-packages/airflow/example_dags/example_latest_only.py
[2025-03-31T21:49:35.595+0000] {processor.py:914} INFO - Processing file /home/airflow/.local/lib/python3.12/site-packages/airflow/example_dags/example_latest_only.py for tasks to queue
[2025-03-31T21:49:35.598+0000] {logging_mixin.py:190} INFO - [2025-03-31T21:49:35.598+0000] {dagbag.py:588} INFO - Filling up the DagBag from /home/airflow/.local/lib/python3.12/site-packages/airflow/example_dags/example_latest_only.py
[2025-03-31T21:49:35.621+0000] {processor.py:925} INFO - DAG(s) 'latest_only' retrieved from /home/airflow/.local/lib/python3.12/site-packages/airflow/example_dags/example_latest_only.py
[2025-03-31T21:49:35.666+0000] {logging_mixin.py:190} INFO - [2025-03-31T21:49:35.665+0000] {dag.py:3239} INFO - Sync 1 DAGs
[2025-03-31T21:49:35.769+0000] {logging_mixin.py:190} INFO - [2025-03-31T21:49:35.769+0000] {dag.py:4180} INFO - Setting next_dagrun for latest_only to 2025-03-31 16:00:00+00:00, run_after=2025-03-31 20:00:00+00:00
[2025-03-31T21:49:35.836+0000] {processor.py:208} INFO - Processing /home/airflow/.local/lib/python3.12/site-packages/airflow/example_dags/example_latest_only.py took 0.258 seconds
[2025-03-31T21:50:06.653+0000] {processor.py:186} INFO - Started process (PID=2445) to work on /home/airflow/.local/lib/python3.12/site-packages/airflow/example_dags/example_latest_only.py
[2025-03-31T21:50:06.655+0000] {processor.py:914} INFO - Processing file /home/airflow/.local/lib/python3.12/site-packages/airflow/example_dags/example_latest_only.py for tasks to queue
[2025-03-31T21:50:06.657+0000] {logging_mixin.py:190} INFO - [2025-03-31T21:50:06.657+0000] {dagbag.py:588} INFO - Filling up the DagBag from /home/airflow/.local/lib/python3.12/site-packages/airflow/example_dags/example_latest_only.py
[2025-03-31T21:50:06.675+0000] {processor.py:925} INFO - DAG(s) 'latest_only' retrieved from /home/airflow/.local/lib/python3.12/site-packages/airflow/example_dags/example_latest_only.py
[2025-03-31T21:50:06.708+0000] {logging_mixin.py:190} INFO - [2025-03-31T21:50:06.708+0000] {dag.py:3239} INFO - Sync 1 DAGs
[2025-03-31T21:50:06.747+0000] {logging_mixin.py:190} INFO - [2025-03-31T21:50:06.747+0000] {dag.py:4180} INFO - Setting next_dagrun for latest_only to 2025-03-31 16:00:00+00:00, run_after=2025-03-31 20:00:00+00:00
[2025-03-31T21:50:06.783+0000] {processor.py:208} INFO - Processing /home/airflow/.local/lib/python3.12/site-packages/airflow/example_dags/example_latest_only.py took 0.138 seconds
[2025-03-31T21:50:37.388+0000] {processor.py:186} INFO - Started process (PID=2510) to work on /home/airflow/.local/lib/python3.12/site-packages/airflow/example_dags/example_latest_only.py
[2025-03-31T21:50:37.391+0000] {processor.py:914} INFO - Processing file /home/airflow/.local/lib/python3.12/site-packages/airflow/example_dags/example_latest_only.py for tasks to queue
[2025-03-31T21:50:37.398+0000] {logging_mixin.py:190} INFO - [2025-03-31T21:50:37.394+0000] {dagbag.py:588} INFO - Filling up the DagBag from /home/airflow/.local/lib/python3.12/site-packages/airflow/example_dags/example_latest_only.py
[2025-03-31T21:50:37.452+0000] {processor.py:925} INFO - DAG(s) 'latest_only' retrieved from /home/airflow/.local/lib/python3.12/site-packages/airflow/example_dags/example_latest_only.py
[2025-03-31T21:50:37.517+0000] {logging_mixin.py:190} INFO - [2025-03-31T21:50:37.517+0000] {dag.py:3239} INFO - Sync 1 DAGs
[2025-03-31T21:50:37.561+0000] {logging_mixin.py:190} INFO - [2025-03-31T21:50:37.561+0000] {dag.py:4180} INFO - Setting next_dagrun for latest_only to 2025-03-31 16:00:00+00:00, run_after=2025-03-31 20:00:00+00:00
[2025-03-31T21:50:37.604+0000] {processor.py:208} INFO - Processing /home/airflow/.local/lib/python3.12/site-packages/airflow/example_dags/example_latest_only.py took 0.231 seconds
[2025-03-31T21:51:07.829+0000] {processor.py:186} INFO - Started process (PID=2574) to work on /home/airflow/.local/lib/python3.12/site-packages/airflow/example_dags/example_latest_only.py
[2025-03-31T21:51:07.832+0000] {processor.py:914} INFO - Processing file /home/airflow/.local/lib/python3.12/site-packages/airflow/example_dags/example_latest_only.py for tasks to queue
[2025-03-31T21:51:07.838+0000] {logging_mixin.py:190} INFO - [2025-03-31T21:51:07.837+0000] {dagbag.py:588} INFO - Filling up the DagBag from /home/airflow/.local/lib/python3.12/site-packages/airflow/example_dags/example_latest_only.py
[2025-03-31T21:51:07.863+0000] {processor.py:925} INFO - DAG(s) 'latest_only' retrieved from /home/airflow/.local/lib/python3.12/site-packages/airflow/example_dags/example_latest_only.py
[2025-03-31T21:51:07.921+0000] {logging_mixin.py:190} INFO - [2025-03-31T21:51:07.920+0000] {dag.py:3239} INFO - Sync 1 DAGs
[2025-03-31T21:51:07.978+0000] {logging_mixin.py:190} INFO - [2025-03-31T21:51:07.978+0000] {dag.py:4180} INFO - Setting next_dagrun for latest_only to 2025-03-31 16:00:00+00:00, run_after=2025-03-31 20:00:00+00:00
[2025-03-31T21:51:08.093+0000] {processor.py:208} INFO - Processing /home/airflow/.local/lib/python3.12/site-packages/airflow/example_dags/example_latest_only.py took 0.279 seconds
[2025-03-31T21:53:31.765+0000] {processor.py:186} INFO - Started process (PID=2645) to work on /home/airflow/.local/lib/python3.12/site-packages/airflow/example_dags/example_latest_only.py
[2025-03-31T21:53:31.768+0000] {processor.py:914} INFO - Processing file /home/airflow/.local/lib/python3.12/site-packages/airflow/example_dags/example_latest_only.py for tasks to queue
[2025-03-31T21:53:31.771+0000] {logging_mixin.py:190} INFO - [2025-03-31T21:53:31.770+0000] {dagbag.py:588} INFO - Filling up the DagBag from /home/airflow/.local/lib/python3.12/site-packages/airflow/example_dags/example_latest_only.py
[2025-03-31T21:53:31.794+0000] {processor.py:925} INFO - DAG(s) 'latest_only' retrieved from /home/airflow/.local/lib/python3.12/site-packages/airflow/example_dags/example_latest_only.py
[2025-03-31T21:53:31.866+0000] {logging_mixin.py:190} INFO - [2025-03-31T21:53:31.866+0000] {dag.py:3239} INFO - Sync 1 DAGs
[2025-03-31T21:53:31.917+0000] {logging_mixin.py:190} INFO - [2025-03-31T21:53:31.916+0000] {dag.py:4180} INFO - Setting next_dagrun for latest_only to 2025-03-31 16:00:00+00:00, run_after=2025-03-31 20:00:00+00:00
[2025-03-31T21:53:32.020+0000] {processor.py:208} INFO - Processing /home/airflow/.local/lib/python3.12/site-packages/airflow/example_dags/example_latest_only.py took 0.268 seconds
[2025-03-31T21:55:09.338+0000] {processor.py:186} INFO - Started process (PID=2713) to work on /home/airflow/.local/lib/python3.12/site-packages/airflow/example_dags/example_latest_only.py
[2025-03-31T21:55:09.356+0000] {processor.py:914} INFO - Processing file /home/airflow/.local/lib/python3.12/site-packages/airflow/example_dags/example_latest_only.py for tasks to queue
[2025-03-31T21:55:09.366+0000] {logging_mixin.py:190} INFO - [2025-03-31T21:55:09.366+0000] {dagbag.py:588} INFO - Filling up the DagBag from /home/airflow/.local/lib/python3.12/site-packages/airflow/example_dags/example_latest_only.py
[2025-03-31T21:55:09.405+0000] {processor.py:925} INFO - DAG(s) 'latest_only' retrieved from /home/airflow/.local/lib/python3.12/site-packages/airflow/example_dags/example_latest_only.py
[2025-03-31T21:55:09.595+0000] {logging_mixin.py:190} INFO - [2025-03-31T21:55:09.591+0000] {dag.py:3239} INFO - Sync 1 DAGs
[2025-03-31T21:55:09.798+0000] {logging_mixin.py:190} INFO - [2025-03-31T21:55:09.788+0000] {dag.py:4180} INFO - Setting next_dagrun for latest_only to 2025-03-31 16:00:00+00:00, run_after=2025-03-31 20:00:00+00:00
[2025-03-31T21:55:09.935+0000] {processor.py:208} INFO - Processing /home/airflow/.local/lib/python3.12/site-packages/airflow/example_dags/example_latest_only.py took 0.805 seconds
[2025-03-31T21:55:41.923+0000] {processor.py:186} INFO - Started process (PID=2780) to work on /home/airflow/.local/lib/python3.12/site-packages/airflow/example_dags/example_latest_only.py
[2025-03-31T21:55:41.925+0000] {processor.py:914} INFO - Processing file /home/airflow/.local/lib/python3.12/site-packages/airflow/example_dags/example_latest_only.py for tasks to queue
[2025-03-31T21:55:41.928+0000] {logging_mixin.py:190} INFO - [2025-03-31T21:55:41.927+0000] {dagbag.py:588} INFO - Filling up the DagBag from /home/airflow/.local/lib/python3.12/site-packages/airflow/example_dags/example_latest_only.py
[2025-03-31T21:55:41.963+0000] {processor.py:925} INFO - DAG(s) 'latest_only' retrieved from /home/airflow/.local/lib/python3.12/site-packages/airflow/example_dags/example_latest_only.py
[2025-03-31T21:55:42.024+0000] {logging_mixin.py:190} INFO - [2025-03-31T21:55:42.024+0000] {dag.py:3239} INFO - Sync 1 DAGs
[2025-03-31T21:55:42.100+0000] {logging_mixin.py:190} INFO - [2025-03-31T21:55:42.100+0000] {dag.py:4180} INFO - Setting next_dagrun for latest_only to 2025-03-31 16:00:00+00:00, run_after=2025-03-31 20:00:00+00:00
[2025-03-31T21:55:42.136+0000] {processor.py:208} INFO - Processing /home/airflow/.local/lib/python3.12/site-packages/airflow/example_dags/example_latest_only.py took 0.252 seconds
[2025-03-31T21:56:13.856+0000] {processor.py:186} INFO - Started process (PID=2846) to work on /home/airflow/.local/lib/python3.12/site-packages/airflow/example_dags/example_latest_only.py
[2025-03-31T21:56:13.866+0000] {processor.py:914} INFO - Processing file /home/airflow/.local/lib/python3.12/site-packages/airflow/example_dags/example_latest_only.py for tasks to queue
[2025-03-31T21:56:13.870+0000] {logging_mixin.py:190} INFO - [2025-03-31T21:56:13.870+0000] {dagbag.py:588} INFO - Filling up the DagBag from /home/airflow/.local/lib/python3.12/site-packages/airflow/example_dags/example_latest_only.py
[2025-03-31T21:56:13.907+0000] {processor.py:925} INFO - DAG(s) 'latest_only' retrieved from /home/airflow/.local/lib/python3.12/site-packages/airflow/example_dags/example_latest_only.py
[2025-03-31T21:56:14.017+0000] {logging_mixin.py:190} INFO - [2025-03-31T21:56:14.016+0000] {dag.py:3239} INFO - Sync 1 DAGs
[2025-03-31T21:56:14.173+0000] {logging_mixin.py:190} INFO - [2025-03-31T21:56:14.172+0000] {dag.py:4180} INFO - Setting next_dagrun for latest_only to 2025-03-31 16:00:00+00:00, run_after=2025-03-31 20:00:00+00:00
[2025-03-31T21:56:14.278+0000] {processor.py:208} INFO - Processing /home/airflow/.local/lib/python3.12/site-packages/airflow/example_dags/example_latest_only.py took 0.462 seconds
[2025-03-31T21:57:11.926+0000] {processor.py:186} INFO - Started process (PID=2866) to work on /home/airflow/.local/lib/python3.12/site-packages/airflow/example_dags/example_latest_only.py
[2025-03-31T21:57:11.928+0000] {processor.py:914} INFO - Processing file /home/airflow/.local/lib/python3.12/site-packages/airflow/example_dags/example_latest_only.py for tasks to queue
[2025-03-31T21:57:11.938+0000] {logging_mixin.py:190} INFO - [2025-03-31T21:57:11.937+0000] {dagbag.py:588} INFO - Filling up the DagBag from /home/airflow/.local/lib/python3.12/site-packages/airflow/example_dags/example_latest_only.py
[2025-03-31T21:57:13.040+0000] {processor.py:925} INFO - DAG(s) 'latest_only' retrieved from /home/airflow/.local/lib/python3.12/site-packages/airflow/example_dags/example_latest_only.py
[2025-03-31T21:57:13.128+0000] {logging_mixin.py:190} INFO - [2025-03-31T21:57:13.127+0000] {dag.py:3239} INFO - Sync 1 DAGs
[2025-03-31T21:57:13.213+0000] {logging_mixin.py:190} INFO - [2025-03-31T21:57:13.212+0000] {dag.py:4180} INFO - Setting next_dagrun for latest_only to 2025-03-31 16:00:00+00:00, run_after=2025-03-31 20:00:00+00:00
[2025-03-31T21:57:13.313+0000] {processor.py:208} INFO - Processing /home/airflow/.local/lib/python3.12/site-packages/airflow/example_dags/example_latest_only.py took 0.336 seconds
[2025-03-31T21:57:45.295+0000] {processor.py:186} INFO - Started process (PID=2930) to work on /home/airflow/.local/lib/python3.12/site-packages/airflow/example_dags/example_latest_only.py
[2025-03-31T21:57:45.299+0000] {processor.py:914} INFO - Processing file /home/airflow/.local/lib/python3.12/site-packages/airflow/example_dags/example_latest_only.py for tasks to queue
[2025-03-31T21:57:45.310+0000] {logging_mixin.py:190} INFO - [2025-03-31T21:57:45.308+0000] {dagbag.py:588} INFO - Filling up the DagBag from /home/airflow/.local/lib/python3.12/site-packages/airflow/example_dags/example_latest_only.py
[2025-03-31T21:57:45.359+0000] {processor.py:925} INFO - DAG(s) 'latest_only' retrieved from /home/airflow/.local/lib/python3.12/site-packages/airflow/example_dags/example_latest_only.py
[2025-03-31T21:57:45.560+0000] {logging_mixin.py:190} INFO - [2025-03-31T21:57:45.560+0000] {dag.py:3239} INFO - Sync 1 DAGs
[2025-03-31T21:57:45.709+0000] {logging_mixin.py:190} INFO - [2025-03-31T21:57:45.708+0000] {dag.py:4180} INFO - Setting next_dagrun for latest_only to 2025-03-31 16:00:00+00:00, run_after=2025-03-31 20:00:00+00:00
[2025-03-31T21:57:45.869+0000] {processor.py:208} INFO - Processing /home/airflow/.local/lib/python3.12/site-packages/airflow/example_dags/example_latest_only.py took 0.617 seconds
[2025-03-31T21:58:16.287+0000] {processor.py:186} INFO - Started process (PID=2994) to work on /home/airflow/.local/lib/python3.12/site-packages/airflow/example_dags/example_latest_only.py
[2025-03-31T21:58:16.290+0000] {processor.py:914} INFO - Processing file /home/airflow/.local/lib/python3.12/site-packages/airflow/example_dags/example_latest_only.py for tasks to queue
[2025-03-31T21:58:16.293+0000] {logging_mixin.py:190} INFO - [2025-03-31T21:58:16.292+0000] {dagbag.py:588} INFO - Filling up the DagBag from /home/airflow/.local/lib/python3.12/site-packages/airflow/example_dags/example_latest_only.py
[2025-03-31T21:58:16.318+0000] {processor.py:925} INFO - DAG(s) 'latest_only' retrieved from /home/airflow/.local/lib/python3.12/site-packages/airflow/example_dags/example_latest_only.py
[2025-03-31T21:58:16.411+0000] {logging_mixin.py:190} INFO - [2025-03-31T21:58:16.411+0000] {dag.py:3239} INFO - Sync 1 DAGs
[2025-03-31T21:58:16.494+0000] {logging_mixin.py:190} INFO - [2025-03-31T21:58:16.493+0000] {dag.py:4180} INFO - Setting next_dagrun for latest_only to 2025-03-31 16:00:00+00:00, run_after=2025-03-31 20:00:00+00:00
[2025-03-31T21:58:16.534+0000] {processor.py:208} INFO - Processing /home/airflow/.local/lib/python3.12/site-packages/airflow/example_dags/example_latest_only.py took 0.260 seconds
[2025-03-31T21:59:08.406+0000] {processor.py:186} INFO - Started process (PID=3059) to work on /home/airflow/.local/lib/python3.12/site-packages/airflow/example_dags/example_latest_only.py
[2025-03-31T21:59:08.410+0000] {processor.py:914} INFO - Processing file /home/airflow/.local/lib/python3.12/site-packages/airflow/example_dags/example_latest_only.py for tasks to queue
[2025-03-31T21:59:08.418+0000] {logging_mixin.py:190} INFO - [2025-03-31T21:59:08.417+0000] {dagbag.py:588} INFO - Filling up the DagBag from /home/airflow/.local/lib/python3.12/site-packages/airflow/example_dags/example_latest_only.py
[2025-03-31T21:59:08.456+0000] {processor.py:925} INFO - DAG(s) 'latest_only' retrieved from /home/airflow/.local/lib/python3.12/site-packages/airflow/example_dags/example_latest_only.py
[2025-03-31T21:59:08.542+0000] {logging_mixin.py:190} INFO - [2025-03-31T21:59:08.541+0000] {dag.py:3239} INFO - Sync 1 DAGs
[2025-03-31T21:59:08.600+0000] {logging_mixin.py:190} INFO - [2025-03-31T21:59:08.600+0000] {dag.py:4180} INFO - Setting next_dagrun for latest_only to 2025-03-31 16:00:00+00:00, run_after=2025-03-31 20:00:00+00:00
[2025-03-31T21:59:08.647+0000] {processor.py:208} INFO - Processing /home/airflow/.local/lib/python3.12/site-packages/airflow/example_dags/example_latest_only.py took 0.270 seconds
[2025-03-31T21:59:38.897+0000] {processor.py:186} INFO - Started process (PID=3121) to work on /home/airflow/.local/lib/python3.12/site-packages/airflow/example_dags/example_latest_only.py
[2025-03-31T21:59:38.898+0000] {processor.py:914} INFO - Processing file /home/airflow/.local/lib/python3.12/site-packages/airflow/example_dags/example_latest_only.py for tasks to queue
[2025-03-31T21:59:38.902+0000] {logging_mixin.py:190} INFO - [2025-03-31T21:59:38.901+0000] {dagbag.py:588} INFO - Filling up the DagBag from /home/airflow/.local/lib/python3.12/site-packages/airflow/example_dags/example_latest_only.py
[2025-03-31T21:59:38.916+0000] {processor.py:925} INFO - DAG(s) 'latest_only' retrieved from /home/airflow/.local/lib/python3.12/site-packages/airflow/example_dags/example_latest_only.py
[2025-03-31T21:59:38.946+0000] {logging_mixin.py:190} INFO - [2025-03-31T21:59:38.946+0000] {dag.py:3239} INFO - Sync 1 DAGs
[2025-03-31T21:59:38.984+0000] {logging_mixin.py:190} INFO - [2025-03-31T21:59:38.983+0000] {dag.py:4180} INFO - Setting next_dagrun for latest_only to 2025-03-31 16:00:00+00:00, run_after=2025-03-31 20:00:00+00:00
[2025-03-31T21:59:39.014+0000] {processor.py:208} INFO - Processing /home/airflow/.local/lib/python3.12/site-packages/airflow/example_dags/example_latest_only.py took 0.127 seconds
[2025-03-31T22:00:09.951+0000] {processor.py:186} INFO - Started process (PID=3190) to work on /home/airflow/.local/lib/python3.12/site-packages/airflow/example_dags/example_latest_only.py
[2025-03-31T22:00:09.955+0000] {processor.py:914} INFO - Processing file /home/airflow/.local/lib/python3.12/site-packages/airflow/example_dags/example_latest_only.py for tasks to queue
[2025-03-31T22:00:09.958+0000] {logging_mixin.py:190} INFO - [2025-03-31T22:00:09.957+0000] {dagbag.py:588} INFO - Filling up the DagBag from /home/airflow/.local/lib/python3.12/site-packages/airflow/example_dags/example_latest_only.py
[2025-03-31T22:00:09.978+0000] {processor.py:925} INFO - DAG(s) 'latest_only' retrieved from /home/airflow/.local/lib/python3.12/site-packages/airflow/example_dags/example_latest_only.py
[2025-03-31T22:00:10.010+0000] {logging_mixin.py:190} INFO - [2025-03-31T22:00:10.010+0000] {dag.py:3239} INFO - Sync 1 DAGs
[2025-03-31T22:00:10.055+0000] {logging_mixin.py:190} INFO - [2025-03-31T22:00:10.055+0000] {dag.py:4180} INFO - Setting next_dagrun for latest_only to 2025-03-31 16:00:00+00:00, run_after=2025-03-31 20:00:00+00:00
[2025-03-31T22:00:10.088+0000] {processor.py:208} INFO - Processing /home/airflow/.local/lib/python3.12/site-packages/airflow/example_dags/example_latest_only.py took 0.149 seconds
[2025-03-31T22:00:40.736+0000] {processor.py:186} INFO - Started process (PID=3252) to work on /home/airflow/.local/lib/python3.12/site-packages/airflow/example_dags/example_latest_only.py
[2025-03-31T22:00:40.739+0000] {processor.py:914} INFO - Processing file /home/airflow/.local/lib/python3.12/site-packages/airflow/example_dags/example_latest_only.py for tasks to queue
[2025-03-31T22:00:40.742+0000] {logging_mixin.py:190} INFO - [2025-03-31T22:00:40.741+0000] {dagbag.py:588} INFO - Filling up the DagBag from /home/airflow/.local/lib/python3.12/site-packages/airflow/example_dags/example_latest_only.py
[2025-03-31T22:00:40.761+0000] {processor.py:925} INFO - DAG(s) 'latest_only' retrieved from /home/airflow/.local/lib/python3.12/site-packages/airflow/example_dags/example_latest_only.py
[2025-03-31T22:00:40.823+0000] {logging_mixin.py:190} INFO - [2025-03-31T22:00:40.823+0000] {dag.py:3239} INFO - Sync 1 DAGs
[2025-03-31T22:00:40.901+0000] {logging_mixin.py:190} INFO - [2025-03-31T22:00:40.900+0000] {dag.py:4180} INFO - Setting next_dagrun for latest_only to 2025-03-31 16:00:00+00:00, run_after=2025-03-31 20:00:00+00:00
[2025-03-31T22:00:40.954+0000] {processor.py:208} INFO - Processing /home/airflow/.local/lib/python3.12/site-packages/airflow/example_dags/example_latest_only.py took 0.243 seconds
