[2025-03-31T21:20:34.926+0000] {processor.py:186} INFO - Started process (PID=81) to work on /home/airflow/.local/lib/python3.12/site-packages/airflow/example_dags/example_inlet_event_extra.py
[2025-03-31T21:20:34.928+0000] {processor.py:914} INFO - Processing file /home/airflow/.local/lib/python3.12/site-packages/airflow/example_dags/example_inlet_event_extra.py for tasks to queue
[2025-03-31T21:20:34.934+0000] {logging_mixin.py:190} INFO - [2025-03-31T21:20:34.933+0000] {dagbag.py:588} INFO - Filling up the DagBag from /home/airflow/.local/lib/python3.12/site-packages/airflow/example_dags/example_inlet_event_extra.py
[2025-03-31T21:20:37.289+0000] {processor.py:925} INFO - DAG(s) 'read_dataset_event_from_classic', 'read_dataset_event' retrieved from /home/airflow/.local/lib/python3.12/site-packages/airflow/example_dags/example_inlet_event_extra.py
[2025-03-31T21:20:39.268+0000] {logging_mixin.py:190} INFO - [2025-03-31T21:20:39.207+0000] {override.py:1912} INFO - Created Permission View: can edit on DAG:read_dataset_event_from_classic
[2025-03-31T21:20:39.502+0000] {logging_mixin.py:190} INFO - [2025-03-31T21:20:39.493+0000] {override.py:1912} INFO - Created Permission View: can delete on DAG:read_dataset_event_from_classic
[2025-03-31T21:20:39.664+0000] {logging_mixin.py:190} INFO - [2025-03-31T21:20:39.652+0000] {override.py:1912} INFO - Created Permission View: can read on DAG:read_dataset_event_from_classic
[2025-03-31T21:20:39.728+0000] {logging_mixin.py:190} INFO - [2025-03-31T21:20:39.720+0000] {override.py:1912} INFO - Created Permission View: menu access on DAG Run:read_dataset_event_from_classic
[2025-03-31T21:20:39.893+0000] {logging_mixin.py:190} INFO - [2025-03-31T21:20:39.893+0000] {override.py:1912} INFO - Created Permission View: can delete on DAG Run:read_dataset_event_from_classic
[2025-03-31T21:20:40.010+0000] {logging_mixin.py:190} INFO - [2025-03-31T21:20:39.991+0000] {override.py:1912} INFO - Created Permission View: can read on DAG Run:read_dataset_event_from_classic
[2025-03-31T21:20:40.289+0000] {logging_mixin.py:190} INFO - [2025-03-31T21:20:40.279+0000] {override.py:1912} INFO - Created Permission View: can create on DAG Run:read_dataset_event_from_classic
[2025-03-31T21:20:40.383+0000] {logging_mixin.py:190} INFO - [2025-03-31T21:20:40.382+0000] {override.py:1912} INFO - Created Permission View: can edit on DAG:read_dataset_event
[2025-03-31T21:20:40.406+0000] {logging_mixin.py:190} INFO - [2025-03-31T21:20:40.405+0000] {override.py:1912} INFO - Created Permission View: can delete on DAG:read_dataset_event
[2025-03-31T21:20:40.421+0000] {logging_mixin.py:190} INFO - [2025-03-31T21:20:40.421+0000] {override.py:1912} INFO - Created Permission View: can read on DAG:read_dataset_event
[2025-03-31T21:20:40.446+0000] {logging_mixin.py:190} INFO - [2025-03-31T21:20:40.445+0000] {override.py:1912} INFO - Created Permission View: menu access on DAG Run:read_dataset_event
[2025-03-31T21:20:40.484+0000] {logging_mixin.py:190} INFO - [2025-03-31T21:20:40.480+0000] {override.py:1912} INFO - Created Permission View: can delete on DAG Run:read_dataset_event
[2025-03-31T21:20:40.545+0000] {logging_mixin.py:190} INFO - [2025-03-31T21:20:40.539+0000] {override.py:1912} INFO - Created Permission View: can read on DAG Run:read_dataset_event
[2025-03-31T21:20:40.581+0000] {logging_mixin.py:190} INFO - [2025-03-31T21:20:40.578+0000] {override.py:1912} INFO - Created Permission View: can create on DAG Run:read_dataset_event
[2025-03-31T21:20:40.585+0000] {logging_mixin.py:190} INFO - [2025-03-31T21:20:40.582+0000] {dag.py:3239} INFO - Sync 2 DAGs
[2025-03-31T21:20:40.698+0000] {logging_mixin.py:190} INFO - [2025-03-31T21:20:40.684+0000] {dag.py:3262} INFO - Creating ORM DAG for read_dataset_event_from_classic
[2025-03-31T21:20:40.715+0000] {logging_mixin.py:190} INFO - [2025-03-31T21:20:40.714+0000] {dag.py:3262} INFO - Creating ORM DAG for read_dataset_event
[2025-03-31T21:20:40.840+0000] {logging_mixin.py:190} INFO - [2025-03-31T21:20:40.837+0000] {dag.py:4180} INFO - Setting next_dagrun for read_dataset_event to 2025-03-30 00:00:00+00:00, run_after=2025-03-31 00:00:00+00:00
[2025-03-31T21:20:40.848+0000] {logging_mixin.py:190} INFO - [2025-03-31T21:20:40.847+0000] {dag.py:4180} INFO - Setting next_dagrun for read_dataset_event_from_classic to 2025-03-30 00:00:00+00:00, run_after=2025-03-31 00:00:00+00:00
[2025-03-31T21:20:40.928+0000] {processor.py:208} INFO - Processing /home/airflow/.local/lib/python3.12/site-packages/airflow/example_dags/example_inlet_event_extra.py took 6.014 seconds
[2025-03-31T21:22:11.836+0000] {processor.py:186} INFO - Started process (PID=144) to work on /home/airflow/.local/lib/python3.12/site-packages/airflow/example_dags/example_inlet_event_extra.py
[2025-03-31T21:22:11.838+0000] {processor.py:914} INFO - Processing file /home/airflow/.local/lib/python3.12/site-packages/airflow/example_dags/example_inlet_event_extra.py for tasks to queue
[2025-03-31T21:22:11.845+0000] {logging_mixin.py:190} INFO - [2025-03-31T21:22:11.845+0000] {dagbag.py:588} INFO - Filling up the DagBag from /home/airflow/.local/lib/python3.12/site-packages/airflow/example_dags/example_inlet_event_extra.py
[2025-03-31T21:22:13.114+0000] {processor.py:925} INFO - DAG(s) 'read_dataset_event', 'read_dataset_event_from_classic' retrieved from /home/airflow/.local/lib/python3.12/site-packages/airflow/example_dags/example_inlet_event_extra.py
[2025-03-31T21:22:13.167+0000] {logging_mixin.py:190} INFO - [2025-03-31T21:22:13.166+0000] {dag.py:3239} INFO - Sync 2 DAGs
[2025-03-31T21:22:13.224+0000] {logging_mixin.py:190} INFO - [2025-03-31T21:22:13.224+0000] {dag.py:4180} INFO - Setting next_dagrun for read_dataset_event to 2025-03-30 00:00:00+00:00, run_after=2025-03-31 00:00:00+00:00
[2025-03-31T21:22:13.242+0000] {logging_mixin.py:190} INFO - [2025-03-31T21:22:13.241+0000] {dag.py:4180} INFO - Setting next_dagrun for read_dataset_event_from_classic to 2025-03-30 00:00:00+00:00, run_after=2025-03-31 00:00:00+00:00
[2025-03-31T21:22:13.320+0000] {processor.py:208} INFO - Processing /home/airflow/.local/lib/python3.12/site-packages/airflow/example_dags/example_inlet_event_extra.py took 1.499 seconds
[2025-03-31T21:22:45.463+0000] {processor.py:186} INFO - Started process (PID=207) to work on /home/airflow/.local/lib/python3.12/site-packages/airflow/example_dags/example_inlet_event_extra.py
[2025-03-31T21:22:45.465+0000] {processor.py:914} INFO - Processing file /home/airflow/.local/lib/python3.12/site-packages/airflow/example_dags/example_inlet_event_extra.py for tasks to queue
[2025-03-31T21:22:45.472+0000] {logging_mixin.py:190} INFO - [2025-03-31T21:22:45.471+0000] {dagbag.py:588} INFO - Filling up the DagBag from /home/airflow/.local/lib/python3.12/site-packages/airflow/example_dags/example_inlet_event_extra.py
[2025-03-31T21:22:46.556+0000] {processor.py:925} INFO - DAG(s) 'read_dataset_event_from_classic', 'read_dataset_event' retrieved from /home/airflow/.local/lib/python3.12/site-packages/airflow/example_dags/example_inlet_event_extra.py
[2025-03-31T21:22:46.590+0000] {logging_mixin.py:190} INFO - [2025-03-31T21:22:46.589+0000] {dag.py:3239} INFO - Sync 2 DAGs
[2025-03-31T21:22:46.636+0000] {logging_mixin.py:190} INFO - [2025-03-31T21:22:46.636+0000] {dag.py:4180} INFO - Setting next_dagrun for read_dataset_event to 2025-03-30 00:00:00+00:00, run_after=2025-03-31 00:00:00+00:00
[2025-03-31T21:22:46.650+0000] {logging_mixin.py:190} INFO - [2025-03-31T21:22:46.650+0000] {dag.py:4180} INFO - Setting next_dagrun for read_dataset_event_from_classic to 2025-03-30 00:00:00+00:00, run_after=2025-03-31 00:00:00+00:00
[2025-03-31T21:22:46.680+0000] {processor.py:208} INFO - Processing /home/airflow/.local/lib/python3.12/site-packages/airflow/example_dags/example_inlet_event_extra.py took 1.231 seconds
[2025-03-31T21:23:22.613+0000] {processor.py:186} INFO - Started process (PID=276) to work on /home/airflow/.local/lib/python3.12/site-packages/airflow/example_dags/example_inlet_event_extra.py
[2025-03-31T21:23:22.614+0000] {processor.py:914} INFO - Processing file /home/airflow/.local/lib/python3.12/site-packages/airflow/example_dags/example_inlet_event_extra.py for tasks to queue
[2025-03-31T21:23:22.621+0000] {logging_mixin.py:190} INFO - [2025-03-31T21:23:22.620+0000] {dagbag.py:588} INFO - Filling up the DagBag from /home/airflow/.local/lib/python3.12/site-packages/airflow/example_dags/example_inlet_event_extra.py
[2025-03-31T21:23:24.648+0000] {processor.py:925} INFO - DAG(s) 'read_dataset_event_from_classic', 'read_dataset_event' retrieved from /home/airflow/.local/lib/python3.12/site-packages/airflow/example_dags/example_inlet_event_extra.py
[2025-03-31T21:23:24.684+0000] {logging_mixin.py:190} INFO - [2025-03-31T21:23:24.684+0000] {dag.py:3239} INFO - Sync 2 DAGs
[2025-03-31T21:23:24.725+0000] {logging_mixin.py:190} INFO - [2025-03-31T21:23:24.725+0000] {dag.py:4180} INFO - Setting next_dagrun for read_dataset_event to 2025-03-30 00:00:00+00:00, run_after=2025-03-31 00:00:00+00:00
[2025-03-31T21:23:24.736+0000] {logging_mixin.py:190} INFO - [2025-03-31T21:23:24.736+0000] {dag.py:4180} INFO - Setting next_dagrun for read_dataset_event_from_classic to 2025-03-30 00:00:00+00:00, run_after=2025-03-31 00:00:00+00:00
[2025-03-31T21:23:24.778+0000] {processor.py:208} INFO - Processing /home/airflow/.local/lib/python3.12/site-packages/airflow/example_dags/example_inlet_event_extra.py took 2.182 seconds
[2025-03-31T21:23:55.192+0000] {processor.py:186} INFO - Started process (PID=338) to work on /home/airflow/.local/lib/python3.12/site-packages/airflow/example_dags/example_inlet_event_extra.py
[2025-03-31T21:23:55.197+0000] {processor.py:914} INFO - Processing file /home/airflow/.local/lib/python3.12/site-packages/airflow/example_dags/example_inlet_event_extra.py for tasks to queue
[2025-03-31T21:23:55.203+0000] {logging_mixin.py:190} INFO - [2025-03-31T21:23:55.202+0000] {dagbag.py:588} INFO - Filling up the DagBag from /home/airflow/.local/lib/python3.12/site-packages/airflow/example_dags/example_inlet_event_extra.py
[2025-03-31T21:23:58.260+0000] {processor.py:925} INFO - DAG(s) 'read_dataset_event', 'read_dataset_event_from_classic' retrieved from /home/airflow/.local/lib/python3.12/site-packages/airflow/example_dags/example_inlet_event_extra.py
[2025-03-31T21:23:58.528+0000] {logging_mixin.py:190} INFO - [2025-03-31T21:23:58.522+0000] {dag.py:3239} INFO - Sync 2 DAGs
[2025-03-31T21:23:58.679+0000] {logging_mixin.py:190} INFO - [2025-03-31T21:23:58.665+0000] {dag.py:4180} INFO - Setting next_dagrun for read_dataset_event to 2025-03-30 00:00:00+00:00, run_after=2025-03-31 00:00:00+00:00
[2025-03-31T21:23:58.763+0000] {logging_mixin.py:190} INFO - [2025-03-31T21:23:58.758+0000] {dag.py:4180} INFO - Setting next_dagrun for read_dataset_event_from_classic to 2025-03-30 00:00:00+00:00, run_after=2025-03-31 00:00:00+00:00
[2025-03-31T21:23:58.871+0000] {processor.py:208} INFO - Processing /home/airflow/.local/lib/python3.12/site-packages/airflow/example_dags/example_inlet_event_extra.py took 3.694 seconds
[2025-03-31T21:24:29.742+0000] {processor.py:186} INFO - Started process (PID=401) to work on /home/airflow/.local/lib/python3.12/site-packages/airflow/example_dags/example_inlet_event_extra.py
[2025-03-31T21:24:29.755+0000] {processor.py:914} INFO - Processing file /home/airflow/.local/lib/python3.12/site-packages/airflow/example_dags/example_inlet_event_extra.py for tasks to queue
[2025-03-31T21:24:29.772+0000] {logging_mixin.py:190} INFO - [2025-03-31T21:24:29.771+0000] {dagbag.py:588} INFO - Filling up the DagBag from /home/airflow/.local/lib/python3.12/site-packages/airflow/example_dags/example_inlet_event_extra.py
[2025-03-31T21:24:32.179+0000] {processor.py:925} INFO - DAG(s) 'read_dataset_event_from_classic', 'read_dataset_event' retrieved from /home/airflow/.local/lib/python3.12/site-packages/airflow/example_dags/example_inlet_event_extra.py
[2025-03-31T21:24:32.273+0000] {logging_mixin.py:190} INFO - [2025-03-31T21:24:32.272+0000] {dag.py:3239} INFO - Sync 2 DAGs
[2025-03-31T21:24:32.382+0000] {logging_mixin.py:190} INFO - [2025-03-31T21:24:32.381+0000] {dag.py:4180} INFO - Setting next_dagrun for read_dataset_event to 2025-03-30 00:00:00+00:00, run_after=2025-03-31 00:00:00+00:00
[2025-03-31T21:24:32.430+0000] {logging_mixin.py:190} INFO - [2025-03-31T21:24:32.429+0000] {dag.py:4180} INFO - Setting next_dagrun for read_dataset_event_from_classic to 2025-03-30 00:00:00+00:00, run_after=2025-03-31 00:00:00+00:00
[2025-03-31T21:24:32.522+0000] {processor.py:208} INFO - Processing /home/airflow/.local/lib/python3.12/site-packages/airflow/example_dags/example_inlet_event_extra.py took 2.801 seconds
[2025-03-31T21:25:02.977+0000] {processor.py:186} INFO - Started process (PID=464) to work on /home/airflow/.local/lib/python3.12/site-packages/airflow/example_dags/example_inlet_event_extra.py
[2025-03-31T21:25:02.981+0000] {processor.py:914} INFO - Processing file /home/airflow/.local/lib/python3.12/site-packages/airflow/example_dags/example_inlet_event_extra.py for tasks to queue
[2025-03-31T21:25:02.989+0000] {logging_mixin.py:190} INFO - [2025-03-31T21:25:02.987+0000] {dagbag.py:588} INFO - Filling up the DagBag from /home/airflow/.local/lib/python3.12/site-packages/airflow/example_dags/example_inlet_event_extra.py
[2025-03-31T21:25:05.093+0000] {processor.py:925} INFO - DAG(s) 'read_dataset_event_from_classic', 'read_dataset_event' retrieved from /home/airflow/.local/lib/python3.12/site-packages/airflow/example_dags/example_inlet_event_extra.py
[2025-03-31T21:25:05.484+0000] {logging_mixin.py:190} INFO - [2025-03-31T21:25:05.479+0000] {dag.py:3239} INFO - Sync 2 DAGs
[2025-03-31T21:25:05.663+0000] {logging_mixin.py:190} INFO - [2025-03-31T21:25:05.654+0000] {dag.py:4180} INFO - Setting next_dagrun for read_dataset_event to 2025-03-30 00:00:00+00:00, run_after=2025-03-31 00:00:00+00:00
[2025-03-31T21:25:05.826+0000] {logging_mixin.py:190} INFO - [2025-03-31T21:25:05.819+0000] {dag.py:4180} INFO - Setting next_dagrun for read_dataset_event_from_classic to 2025-03-30 00:00:00+00:00, run_after=2025-03-31 00:00:00+00:00
[2025-03-31T21:25:06.147+0000] {processor.py:208} INFO - Processing /home/airflow/.local/lib/python3.12/site-packages/airflow/example_dags/example_inlet_event_extra.py took 3.193 seconds
[2025-03-31T21:26:11.792+0000] {processor.py:186} INFO - Started process (PID=501) to work on /home/airflow/.local/lib/python3.12/site-packages/airflow/example_dags/example_inlet_event_extra.py
[2025-03-31T21:26:11.799+0000] {processor.py:914} INFO - Processing file /home/airflow/.local/lib/python3.12/site-packages/airflow/example_dags/example_inlet_event_extra.py for tasks to queue
[2025-03-31T21:26:11.802+0000] {logging_mixin.py:190} INFO - [2025-03-31T21:26:11.801+0000] {dagbag.py:588} INFO - Filling up the DagBag from /home/airflow/.local/lib/python3.12/site-packages/airflow/example_dags/example_inlet_event_extra.py
[2025-03-31T21:26:20.607+0000] {processor.py:925} INFO - DAG(s) 'read_dataset_event', 'read_dataset_event_from_classic' retrieved from /home/airflow/.local/lib/python3.12/site-packages/airflow/example_dags/example_inlet_event_extra.py
[2025-03-31T21:26:39.525+0000] {logging_mixin.py:190} INFO - [2025-03-31T21:26:39.519+0000] {dag.py:3239} INFO - Sync 2 DAGs
[2025-03-31T21:26:39.828+0000] {logging_mixin.py:190} INFO - [2025-03-31T21:26:39.827+0000] {dag.py:4180} INFO - Setting next_dagrun for read_dataset_event to 2025-03-30 00:00:00+00:00, run_after=2025-03-31 00:00:00+00:00
[2025-03-31T21:26:39.899+0000] {logging_mixin.py:190} INFO - [2025-03-31T21:26:39.899+0000] {dag.py:4180} INFO - Setting next_dagrun for read_dataset_event_from_classic to 2025-03-30 00:00:00+00:00, run_after=2025-03-31 00:00:00+00:00
[2025-03-31T21:26:39.988+0000] {processor.py:208} INFO - Processing /home/airflow/.local/lib/python3.12/site-packages/airflow/example_dags/example_inlet_event_extra.py took 28.277 seconds
[2025-03-31T21:27:10.811+0000] {processor.py:186} INFO - Started process (PID=571) to work on /home/airflow/.local/lib/python3.12/site-packages/airflow/example_dags/example_inlet_event_extra.py
[2025-03-31T21:27:10.813+0000] {processor.py:914} INFO - Processing file /home/airflow/.local/lib/python3.12/site-packages/airflow/example_dags/example_inlet_event_extra.py for tasks to queue
[2025-03-31T21:27:10.819+0000] {logging_mixin.py:190} INFO - [2025-03-31T21:27:10.818+0000] {dagbag.py:588} INFO - Filling up the DagBag from /home/airflow/.local/lib/python3.12/site-packages/airflow/example_dags/example_inlet_event_extra.py
[2025-03-31T21:27:12.228+0000] {processor.py:925} INFO - DAG(s) 'read_dataset_event_from_classic', 'read_dataset_event' retrieved from /home/airflow/.local/lib/python3.12/site-packages/airflow/example_dags/example_inlet_event_extra.py
[2025-03-31T21:27:12.288+0000] {logging_mixin.py:190} INFO - [2025-03-31T21:27:12.288+0000] {dag.py:3239} INFO - Sync 2 DAGs
[2025-03-31T21:27:12.348+0000] {logging_mixin.py:190} INFO - [2025-03-31T21:27:12.347+0000] {dag.py:4180} INFO - Setting next_dagrun for read_dataset_event to 2025-03-30 00:00:00+00:00, run_after=2025-03-31 00:00:00+00:00
[2025-03-31T21:27:12.383+0000] {logging_mixin.py:190} INFO - [2025-03-31T21:27:12.382+0000] {dag.py:4180} INFO - Setting next_dagrun for read_dataset_event_from_classic to 2025-03-30 00:00:00+00:00, run_after=2025-03-31 00:00:00+00:00
[2025-03-31T21:27:12.440+0000] {processor.py:208} INFO - Processing /home/airflow/.local/lib/python3.12/site-packages/airflow/example_dags/example_inlet_event_extra.py took 1.644 seconds
[2025-03-31T21:27:42.511+0000] {processor.py:186} INFO - Started process (PID=639) to work on /home/airflow/.local/lib/python3.12/site-packages/airflow/example_dags/example_inlet_event_extra.py
[2025-03-31T21:27:42.512+0000] {processor.py:914} INFO - Processing file /home/airflow/.local/lib/python3.12/site-packages/airflow/example_dags/example_inlet_event_extra.py for tasks to queue
[2025-03-31T21:27:42.514+0000] {logging_mixin.py:190} INFO - [2025-03-31T21:27:42.514+0000] {dagbag.py:588} INFO - Filling up the DagBag from /home/airflow/.local/lib/python3.12/site-packages/airflow/example_dags/example_inlet_event_extra.py
[2025-03-31T21:27:43.545+0000] {processor.py:925} INFO - DAG(s) 'read_dataset_event_from_classic', 'read_dataset_event' retrieved from /home/airflow/.local/lib/python3.12/site-packages/airflow/example_dags/example_inlet_event_extra.py
[2025-03-31T21:27:43.587+0000] {logging_mixin.py:190} INFO - [2025-03-31T21:27:43.587+0000] {dag.py:3239} INFO - Sync 2 DAGs
[2025-03-31T21:27:43.634+0000] {logging_mixin.py:190} INFO - [2025-03-31T21:27:43.633+0000] {dag.py:4180} INFO - Setting next_dagrun for read_dataset_event to 2025-03-30 00:00:00+00:00, run_after=2025-03-31 00:00:00+00:00
[2025-03-31T21:27:43.653+0000] {logging_mixin.py:190} INFO - [2025-03-31T21:27:43.652+0000] {dag.py:4180} INFO - Setting next_dagrun for read_dataset_event_from_classic to 2025-03-30 00:00:00+00:00, run_after=2025-03-31 00:00:00+00:00
[2025-03-31T21:27:43.702+0000] {processor.py:208} INFO - Processing /home/airflow/.local/lib/python3.12/site-packages/airflow/example_dags/example_inlet_event_extra.py took 1.202 seconds
[2025-03-31T21:28:14.112+0000] {processor.py:186} INFO - Started process (PID=702) to work on /home/airflow/.local/lib/python3.12/site-packages/airflow/example_dags/example_inlet_event_extra.py
[2025-03-31T21:28:14.114+0000] {processor.py:914} INFO - Processing file /home/airflow/.local/lib/python3.12/site-packages/airflow/example_dags/example_inlet_event_extra.py for tasks to queue
[2025-03-31T21:28:14.119+0000] {logging_mixin.py:190} INFO - [2025-03-31T21:28:14.118+0000] {dagbag.py:588} INFO - Filling up the DagBag from /home/airflow/.local/lib/python3.12/site-packages/airflow/example_dags/example_inlet_event_extra.py
[2025-03-31T21:28:15.472+0000] {processor.py:925} INFO - DAG(s) 'read_dataset_event_from_classic', 'read_dataset_event' retrieved from /home/airflow/.local/lib/python3.12/site-packages/airflow/example_dags/example_inlet_event_extra.py
[2025-03-31T21:28:15.523+0000] {logging_mixin.py:190} INFO - [2025-03-31T21:28:15.522+0000] {dag.py:3239} INFO - Sync 2 DAGs
[2025-03-31T21:28:15.574+0000] {logging_mixin.py:190} INFO - [2025-03-31T21:28:15.573+0000] {dag.py:4180} INFO - Setting next_dagrun for read_dataset_event to 2025-03-30 00:00:00+00:00, run_after=2025-03-31 00:00:00+00:00
[2025-03-31T21:28:15.585+0000] {logging_mixin.py:190} INFO - [2025-03-31T21:28:15.584+0000] {dag.py:4180} INFO - Setting next_dagrun for read_dataset_event_from_classic to 2025-03-30 00:00:00+00:00, run_after=2025-03-31 00:00:00+00:00
[2025-03-31T21:28:15.619+0000] {processor.py:208} INFO - Processing /home/airflow/.local/lib/python3.12/site-packages/airflow/example_dags/example_inlet_event_extra.py took 1.519 seconds
[2025-03-31T21:28:45.746+0000] {processor.py:186} INFO - Started process (PID=770) to work on /home/airflow/.local/lib/python3.12/site-packages/airflow/example_dags/example_inlet_event_extra.py
[2025-03-31T21:28:45.750+0000] {processor.py:914} INFO - Processing file /home/airflow/.local/lib/python3.12/site-packages/airflow/example_dags/example_inlet_event_extra.py for tasks to queue
[2025-03-31T21:28:45.755+0000] {logging_mixin.py:190} INFO - [2025-03-31T21:28:45.755+0000] {dagbag.py:588} INFO - Filling up the DagBag from /home/airflow/.local/lib/python3.12/site-packages/airflow/example_dags/example_inlet_event_extra.py
[2025-03-31T21:28:47.743+0000] {processor.py:925} INFO - DAG(s) 'read_dataset_event', 'read_dataset_event_from_classic' retrieved from /home/airflow/.local/lib/python3.12/site-packages/airflow/example_dags/example_inlet_event_extra.py
[2025-03-31T21:28:47.843+0000] {logging_mixin.py:190} INFO - [2025-03-31T21:28:47.843+0000] {dag.py:3239} INFO - Sync 2 DAGs
[2025-03-31T21:28:47.968+0000] {logging_mixin.py:190} INFO - [2025-03-31T21:28:47.967+0000] {dag.py:4180} INFO - Setting next_dagrun for read_dataset_event to 2025-03-30 00:00:00+00:00, run_after=2025-03-31 00:00:00+00:00
[2025-03-31T21:28:47.985+0000] {logging_mixin.py:190} INFO - [2025-03-31T21:28:47.984+0000] {dag.py:4180} INFO - Setting next_dagrun for read_dataset_event_from_classic to 2025-03-30 00:00:00+00:00, run_after=2025-03-31 00:00:00+00:00
[2025-03-31T21:28:48.029+0000] {processor.py:208} INFO - Processing /home/airflow/.local/lib/python3.12/site-packages/airflow/example_dags/example_inlet_event_extra.py took 2.297 seconds
[2025-03-31T21:29:18.129+0000] {processor.py:186} INFO - Started process (PID=836) to work on /home/airflow/.local/lib/python3.12/site-packages/airflow/example_dags/example_inlet_event_extra.py
[2025-03-31T21:29:18.130+0000] {processor.py:914} INFO - Processing file /home/airflow/.local/lib/python3.12/site-packages/airflow/example_dags/example_inlet_event_extra.py for tasks to queue
[2025-03-31T21:29:18.133+0000] {logging_mixin.py:190} INFO - [2025-03-31T21:29:18.132+0000] {dagbag.py:588} INFO - Filling up the DagBag from /home/airflow/.local/lib/python3.12/site-packages/airflow/example_dags/example_inlet_event_extra.py
[2025-03-31T21:29:20.091+0000] {processor.py:925} INFO - DAG(s) 'read_dataset_event', 'read_dataset_event_from_classic' retrieved from /home/airflow/.local/lib/python3.12/site-packages/airflow/example_dags/example_inlet_event_extra.py
[2025-03-31T21:29:20.188+0000] {logging_mixin.py:190} INFO - [2025-03-31T21:29:20.187+0000] {dag.py:3239} INFO - Sync 2 DAGs
[2025-03-31T21:29:20.294+0000] {logging_mixin.py:190} INFO - [2025-03-31T21:29:20.293+0000] {dag.py:4180} INFO - Setting next_dagrun for read_dataset_event to 2025-03-30 00:00:00+00:00, run_after=2025-03-31 00:00:00+00:00
[2025-03-31T21:29:20.337+0000] {logging_mixin.py:190} INFO - [2025-03-31T21:29:20.336+0000] {dag.py:4180} INFO - Setting next_dagrun for read_dataset_event_from_classic to 2025-03-30 00:00:00+00:00, run_after=2025-03-31 00:00:00+00:00
[2025-03-31T21:29:20.508+0000] {processor.py:208} INFO - Processing /home/airflow/.local/lib/python3.12/site-packages/airflow/example_dags/example_inlet_event_extra.py took 2.391 seconds
[2025-03-31T21:29:50.682+0000] {processor.py:186} INFO - Started process (PID=905) to work on /home/airflow/.local/lib/python3.12/site-packages/airflow/example_dags/example_inlet_event_extra.py
[2025-03-31T21:29:50.690+0000] {processor.py:914} INFO - Processing file /home/airflow/.local/lib/python3.12/site-packages/airflow/example_dags/example_inlet_event_extra.py for tasks to queue
[2025-03-31T21:29:50.702+0000] {logging_mixin.py:190} INFO - [2025-03-31T21:29:50.700+0000] {dagbag.py:588} INFO - Filling up the DagBag from /home/airflow/.local/lib/python3.12/site-packages/airflow/example_dags/example_inlet_event_extra.py
[2025-03-31T21:30:32.729+0000] {logging_mixin.py:190} INFO - [2025-03-31T21:30:23.592+0000] {timeout.py:68} ERROR - Process timed out, PID: 905
[2025-03-31T21:30:33.235+0000] {logging_mixin.py:190} INFO - [2025-03-31T21:30:32.771+0000] {dagbag.py:387} ERROR - Failed to import: /home/airflow/.local/lib/python3.12/site-packages/airflow/example_dags/example_inlet_event_extra.py
Traceback (most recent call last):
  File "/home/airflow/.local/lib/python3.12/site-packages/airflow/models/dagbag.py", line 383, in parse
    loader.exec_module(new_module)
  File "<frozen importlib._bootstrap_external>", line 999, in exec_module
  File "<frozen importlib._bootstrap>", line 488, in _call_with_frames_removed
  File "/home/airflow/.local/lib/python3.12/site-packages/airflow/example_dags/example_inlet_event_extra.py", line 33, in <module>
    ds = Dataset("s3://output/1.txt")
         ^^^^^^^^^^^^^^^^^^^^^^^^^^^^
  File "<attrs generated init airflow.datasets.Dataset>", line 3, in __init__
    _setattr('uri', __attr_converter_uri(uri))
                    ^^^^^^^^^^^^^^^^^^^^^^^^^
  File "/home/airflow/.local/lib/python3.12/site-packages/airflow/datasets/__init__.py", line 108, in _sanitize_uri
    if (normalizer := _get_uri_normalizer(normalized_scheme)) is not None:
                      ^^^^^^^^^^^^^^^^^^^^^^^^^^^^^^^^^^^^^^
  File "/home/airflow/.local/lib/python3.12/site-packages/airflow/datasets/__init__.py", line 58, in _get_uri_normalizer
    return ProvidersManager().dataset_uri_handlers.get(scheme)
           ^^^^^^^^^^^^^^^^^^^^^^^^^^^^^^^^^^^^^^^
  File "/home/airflow/.local/lib/python3.12/site-packages/airflow/providers_manager.py", line 1333, in dataset_uri_handlers
    self.initialize_providers_dataset_uri_resources()
  File "/home/airflow/.local/lib/python3.12/site-packages/airflow/providers_manager.py", line 384, in wrapped_function
    func(*args, **kwargs)
  File "/home/airflow/.local/lib/python3.12/site-packages/airflow/providers_manager.py", line 532, in initialize_providers_dataset_uri_resources
    self._discover_dataset_uri_resources()
  File "/home/airflow/.local/lib/python3.12/site-packages/airflow/providers_manager.py", line 914, in _discover_dataset_uri_resources
    _safe_register_resource(
  File "/home/airflow/.local/lib/python3.12/site-packages/airflow/providers_manager.py", line 902, in _safe_register_resource
    _correctness_check(provider_package_name, resource_path, provider)
  File "/home/airflow/.local/lib/python3.12/site-packages/airflow/providers_manager.py", line 327, in _correctness_check
    imported_class = import_string(class_name)
                     ^^^^^^^^^^^^^^^^^^^^^^^^^
  File "/home/airflow/.local/lib/python3.12/site-packages/airflow/utils/module_loading.py", line 39, in import_string
    module = import_module(module_path)
             ^^^^^^^^^^^^^^^^^^^^^^^^^^
  File "/usr/local/lib/python3.12/importlib/__init__.py", line 90, in import_module
    return _bootstrap._gcd_import(name[level:], package, level)
           ^^^^^^^^^^^^^^^^^^^^^^^^^^^^^^^^^^^^^^^^^^^^^^^^^^^^
  File "<frozen importlib._bootstrap>", line 1387, in _gcd_import
  File "<frozen importlib._bootstrap>", line 1360, in _find_and_load
  File "<frozen importlib._bootstrap>", line 1331, in _find_and_load_unlocked
  File "<frozen importlib._bootstrap>", line 935, in _load_unlocked
  File "<frozen importlib._bootstrap_external>", line 999, in exec_module
  File "<frozen importlib._bootstrap>", line 488, in _call_with_frames_removed
  File "/home/airflow/.local/lib/python3.12/site-packages/airflow/providers/google/assets/gcs.py", line 21, in <module>
    from airflow.providers.google.cloud.hooks.gcs import _parse_gcs_url
  File "/home/airflow/.local/lib/python3.12/site-packages/airflow/providers/google/cloud/hooks/gcs.py", line 50, in <module>
    from airflow.providers.google.common.hooks.base_google import (
  File "/home/airflow/.local/lib/python3.12/site-packages/airflow/providers/google/common/hooks/base_google.py", line 36, in <module>
    import google_auth_httplib2
  File "/home/airflow/.local/lib/python3.12/site-packages/google_auth_httplib2.py", line 24, in <module>
    import httplib2
  File "/home/airflow/.local/lib/python3.12/site-packages/httplib2/__init__.py", line 53, in <module>
    from . import auth
  File "/home/airflow/.local/lib/python3.12/site-packages/httplib2/auth.py", line 4, in <module>
    import pyparsing as pp
  File "/home/airflow/.local/lib/python3.12/site-packages/pyparsing/__init__.py", line 130, in <module>
    from .exceptions import *
  File "<frozen importlib._bootstrap>", line 1360, in _find_and_load
  File "<frozen importlib._bootstrap>", line 1331, in _find_and_load_unlocked
  File "<frozen importlib._bootstrap>", line 935, in _load_unlocked
  File "<frozen importlib._bootstrap_external>", line 995, in exec_module
  File "<frozen importlib._bootstrap_external>", line 1128, in get_code
  File "<frozen importlib._bootstrap_external>", line 757, in _compile_bytecode
  File "/home/airflow/.local/lib/python3.12/site-packages/airflow/utils/timeout.py", line 69, in handle_timeout
    raise AirflowTaskTimeout(self.error_message)
airflow.exceptions.AirflowTaskTimeout: DagBag import timeout for /home/airflow/.local/lib/python3.12/site-packages/airflow/example_dags/example_inlet_event_extra.py after 30.0s.
Please take a look at these docs to improve your DAG import time:
* https://airflow.apache.org/docs/apache-airflow/2.10.5/best-practices.html#top-level-python-code
* https://airflow.apache.org/docs/apache-airflow/2.10.5/best-practices.html#reducing-dag-complexity, PID: 905
[2025-03-31T21:30:33.262+0000] {processor.py:927} WARNING - No viable dags retrieved from /home/airflow/.local/lib/python3.12/site-packages/airflow/example_dags/example_inlet_event_extra.py
[2025-03-31T21:30:33.616+0000] {processor.py:208} INFO - Processing /home/airflow/.local/lib/python3.12/site-packages/airflow/example_dags/example_inlet_event_extra.py took 44.864 seconds
[2025-03-31T21:31:03.848+0000] {processor.py:186} INFO - Started process (PID=973) to work on /home/airflow/.local/lib/python3.12/site-packages/airflow/example_dags/example_inlet_event_extra.py
[2025-03-31T21:31:03.849+0000] {processor.py:914} INFO - Processing file /home/airflow/.local/lib/python3.12/site-packages/airflow/example_dags/example_inlet_event_extra.py for tasks to queue
[2025-03-31T21:31:03.853+0000] {logging_mixin.py:190} INFO - [2025-03-31T21:31:03.852+0000] {dagbag.py:588} INFO - Filling up the DagBag from /home/airflow/.local/lib/python3.12/site-packages/airflow/example_dags/example_inlet_event_extra.py
[2025-03-31T21:31:04.863+0000] {processor.py:925} INFO - DAG(s) 'read_dataset_event', 'read_dataset_event_from_classic' retrieved from /home/airflow/.local/lib/python3.12/site-packages/airflow/example_dags/example_inlet_event_extra.py
[2025-03-31T21:31:04.937+0000] {logging_mixin.py:190} INFO - [2025-03-31T21:31:04.936+0000] {dag.py:3239} INFO - Sync 2 DAGs
[2025-03-31T21:31:05.017+0000] {logging_mixin.py:190} INFO - [2025-03-31T21:31:05.017+0000] {dag.py:4180} INFO - Setting next_dagrun for read_dataset_event to 2025-03-30 00:00:00+00:00, run_after=2025-03-31 00:00:00+00:00
[2025-03-31T21:31:05.044+0000] {logging_mixin.py:190} INFO - [2025-03-31T21:31:05.043+0000] {dag.py:4180} INFO - Setting next_dagrun for read_dataset_event_from_classic to 2025-03-30 00:00:00+00:00, run_after=2025-03-31 00:00:00+00:00
[2025-03-31T21:31:05.099+0000] {processor.py:208} INFO - Processing /home/airflow/.local/lib/python3.12/site-packages/airflow/example_dags/example_inlet_event_extra.py took 1.259 seconds
[2025-03-31T21:31:35.309+0000] {processor.py:186} INFO - Started process (PID=1037) to work on /home/airflow/.local/lib/python3.12/site-packages/airflow/example_dags/example_inlet_event_extra.py
[2025-03-31T21:31:35.311+0000] {processor.py:914} INFO - Processing file /home/airflow/.local/lib/python3.12/site-packages/airflow/example_dags/example_inlet_event_extra.py for tasks to queue
[2025-03-31T21:31:35.314+0000] {logging_mixin.py:190} INFO - [2025-03-31T21:31:35.313+0000] {dagbag.py:588} INFO - Filling up the DagBag from /home/airflow/.local/lib/python3.12/site-packages/airflow/example_dags/example_inlet_event_extra.py
[2025-03-31T21:31:36.929+0000] {processor.py:925} INFO - DAG(s) 'read_dataset_event_from_classic', 'read_dataset_event' retrieved from /home/airflow/.local/lib/python3.12/site-packages/airflow/example_dags/example_inlet_event_extra.py
[2025-03-31T21:31:37.032+0000] {logging_mixin.py:190} INFO - [2025-03-31T21:31:37.032+0000] {dag.py:3239} INFO - Sync 2 DAGs
[2025-03-31T21:31:37.147+0000] {logging_mixin.py:190} INFO - [2025-03-31T21:31:37.146+0000] {dag.py:4180} INFO - Setting next_dagrun for read_dataset_event to 2025-03-30 00:00:00+00:00, run_after=2025-03-31 00:00:00+00:00
[2025-03-31T21:31:37.184+0000] {logging_mixin.py:190} INFO - [2025-03-31T21:31:37.184+0000] {dag.py:4180} INFO - Setting next_dagrun for read_dataset_event_from_classic to 2025-03-30 00:00:00+00:00, run_after=2025-03-31 00:00:00+00:00
[2025-03-31T21:31:37.222+0000] {processor.py:208} INFO - Processing /home/airflow/.local/lib/python3.12/site-packages/airflow/example_dags/example_inlet_event_extra.py took 1.924 seconds
[2025-03-31T21:32:07.803+0000] {processor.py:186} INFO - Started process (PID=1113) to work on /home/airflow/.local/lib/python3.12/site-packages/airflow/example_dags/example_inlet_event_extra.py
[2025-03-31T21:32:07.807+0000] {processor.py:914} INFO - Processing file /home/airflow/.local/lib/python3.12/site-packages/airflow/example_dags/example_inlet_event_extra.py for tasks to queue
[2025-03-31T21:32:07.811+0000] {logging_mixin.py:190} INFO - [2025-03-31T21:32:07.810+0000] {dagbag.py:588} INFO - Filling up the DagBag from /home/airflow/.local/lib/python3.12/site-packages/airflow/example_dags/example_inlet_event_extra.py
[2025-03-31T21:32:10.021+0000] {processor.py:925} INFO - DAG(s) 'read_dataset_event_from_classic', 'read_dataset_event' retrieved from /home/airflow/.local/lib/python3.12/site-packages/airflow/example_dags/example_inlet_event_extra.py
[2025-03-31T21:32:10.069+0000] {logging_mixin.py:190} INFO - [2025-03-31T21:32:10.068+0000] {dag.py:3239} INFO - Sync 2 DAGs
[2025-03-31T21:32:10.124+0000] {logging_mixin.py:190} INFO - [2025-03-31T21:32:10.123+0000] {dag.py:4180} INFO - Setting next_dagrun for read_dataset_event to 2025-03-30 00:00:00+00:00, run_after=2025-03-31 00:00:00+00:00
[2025-03-31T21:32:10.140+0000] {logging_mixin.py:190} INFO - [2025-03-31T21:32:10.139+0000] {dag.py:4180} INFO - Setting next_dagrun for read_dataset_event_from_classic to 2025-03-30 00:00:00+00:00, run_after=2025-03-31 00:00:00+00:00
[2025-03-31T21:32:10.194+0000] {processor.py:208} INFO - Processing /home/airflow/.local/lib/python3.12/site-packages/airflow/example_dags/example_inlet_event_extra.py took 2.409 seconds
[2025-03-31T21:32:40.783+0000] {processor.py:186} INFO - Started process (PID=1181) to work on /home/airflow/.local/lib/python3.12/site-packages/airflow/example_dags/example_inlet_event_extra.py
[2025-03-31T21:32:40.787+0000] {processor.py:914} INFO - Processing file /home/airflow/.local/lib/python3.12/site-packages/airflow/example_dags/example_inlet_event_extra.py for tasks to queue
[2025-03-31T21:32:40.792+0000] {logging_mixin.py:190} INFO - [2025-03-31T21:32:40.791+0000] {dagbag.py:588} INFO - Filling up the DagBag from /home/airflow/.local/lib/python3.12/site-packages/airflow/example_dags/example_inlet_event_extra.py
[2025-03-31T21:32:42.828+0000] {processor.py:925} INFO - DAG(s) 'read_dataset_event', 'read_dataset_event_from_classic' retrieved from /home/airflow/.local/lib/python3.12/site-packages/airflow/example_dags/example_inlet_event_extra.py
[2025-03-31T21:32:42.932+0000] {logging_mixin.py:190} INFO - [2025-03-31T21:32:42.931+0000] {dag.py:3239} INFO - Sync 2 DAGs
[2025-03-31T21:32:42.990+0000] {logging_mixin.py:190} INFO - [2025-03-31T21:32:42.990+0000] {dag.py:4180} INFO - Setting next_dagrun for read_dataset_event to 2025-03-30 00:00:00+00:00, run_after=2025-03-31 00:00:00+00:00
[2025-03-31T21:32:43.006+0000] {logging_mixin.py:190} INFO - [2025-03-31T21:32:43.005+0000] {dag.py:4180} INFO - Setting next_dagrun for read_dataset_event_from_classic to 2025-03-30 00:00:00+00:00, run_after=2025-03-31 00:00:00+00:00
[2025-03-31T21:32:43.050+0000] {processor.py:208} INFO - Processing /home/airflow/.local/lib/python3.12/site-packages/airflow/example_dags/example_inlet_event_extra.py took 2.289 seconds
[2025-03-31T21:33:13.385+0000] {processor.py:186} INFO - Started process (PID=1249) to work on /home/airflow/.local/lib/python3.12/site-packages/airflow/example_dags/example_inlet_event_extra.py
[2025-03-31T21:33:13.387+0000] {processor.py:914} INFO - Processing file /home/airflow/.local/lib/python3.12/site-packages/airflow/example_dags/example_inlet_event_extra.py for tasks to queue
[2025-03-31T21:33:13.392+0000] {logging_mixin.py:190} INFO - [2025-03-31T21:33:13.391+0000] {dagbag.py:588} INFO - Filling up the DagBag from /home/airflow/.local/lib/python3.12/site-packages/airflow/example_dags/example_inlet_event_extra.py
[2025-03-31T21:33:14.593+0000] {processor.py:925} INFO - DAG(s) 'read_dataset_event_from_classic', 'read_dataset_event' retrieved from /home/airflow/.local/lib/python3.12/site-packages/airflow/example_dags/example_inlet_event_extra.py
[2025-03-31T21:33:14.667+0000] {logging_mixin.py:190} INFO - [2025-03-31T21:33:14.664+0000] {dag.py:3239} INFO - Sync 2 DAGs
[2025-03-31T21:33:14.738+0000] {logging_mixin.py:190} INFO - [2025-03-31T21:33:14.738+0000] {dag.py:4180} INFO - Setting next_dagrun for read_dataset_event to 2025-03-30 00:00:00+00:00, run_after=2025-03-31 00:00:00+00:00
[2025-03-31T21:33:14.756+0000] {logging_mixin.py:190} INFO - [2025-03-31T21:33:14.755+0000] {dag.py:4180} INFO - Setting next_dagrun for read_dataset_event_from_classic to 2025-03-30 00:00:00+00:00, run_after=2025-03-31 00:00:00+00:00
[2025-03-31T21:33:14.790+0000] {processor.py:208} INFO - Processing /home/airflow/.local/lib/python3.12/site-packages/airflow/example_dags/example_inlet_event_extra.py took 1.420 seconds
[2025-03-31T21:33:45.276+0000] {processor.py:186} INFO - Started process (PID=1315) to work on /home/airflow/.local/lib/python3.12/site-packages/airflow/example_dags/example_inlet_event_extra.py
[2025-03-31T21:33:45.283+0000] {processor.py:914} INFO - Processing file /home/airflow/.local/lib/python3.12/site-packages/airflow/example_dags/example_inlet_event_extra.py for tasks to queue
[2025-03-31T21:33:45.289+0000] {logging_mixin.py:190} INFO - [2025-03-31T21:33:45.288+0000] {dagbag.py:588} INFO - Filling up the DagBag from /home/airflow/.local/lib/python3.12/site-packages/airflow/example_dags/example_inlet_event_extra.py
[2025-03-31T21:33:46.535+0000] {processor.py:925} INFO - DAG(s) 'read_dataset_event', 'read_dataset_event_from_classic' retrieved from /home/airflow/.local/lib/python3.12/site-packages/airflow/example_dags/example_inlet_event_extra.py
[2025-03-31T21:33:46.570+0000] {logging_mixin.py:190} INFO - [2025-03-31T21:33:46.569+0000] {dag.py:3239} INFO - Sync 2 DAGs
[2025-03-31T21:33:46.632+0000] {logging_mixin.py:190} INFO - [2025-03-31T21:33:46.632+0000] {dag.py:4180} INFO - Setting next_dagrun for read_dataset_event to 2025-03-30 00:00:00+00:00, run_after=2025-03-31 00:00:00+00:00
[2025-03-31T21:33:46.643+0000] {logging_mixin.py:190} INFO - [2025-03-31T21:33:46.642+0000] {dag.py:4180} INFO - Setting next_dagrun for read_dataset_event_from_classic to 2025-03-30 00:00:00+00:00, run_after=2025-03-31 00:00:00+00:00
[2025-03-31T21:33:46.671+0000] {processor.py:208} INFO - Processing /home/airflow/.local/lib/python3.12/site-packages/airflow/example_dags/example_inlet_event_extra.py took 1.424 seconds
[2025-03-31T21:34:16.766+0000] {processor.py:186} INFO - Started process (PID=1381) to work on /home/airflow/.local/lib/python3.12/site-packages/airflow/example_dags/example_inlet_event_extra.py
[2025-03-31T21:34:16.769+0000] {processor.py:914} INFO - Processing file /home/airflow/.local/lib/python3.12/site-packages/airflow/example_dags/example_inlet_event_extra.py for tasks to queue
[2025-03-31T21:34:16.774+0000] {logging_mixin.py:190} INFO - [2025-03-31T21:34:16.773+0000] {dagbag.py:588} INFO - Filling up the DagBag from /home/airflow/.local/lib/python3.12/site-packages/airflow/example_dags/example_inlet_event_extra.py
[2025-03-31T21:34:25.930+0000] {processor.py:925} INFO - DAG(s) 'read_dataset_event', 'read_dataset_event_from_classic' retrieved from /home/airflow/.local/lib/python3.12/site-packages/airflow/example_dags/example_inlet_event_extra.py
[2025-03-31T21:34:25.974+0000] {logging_mixin.py:190} INFO - [2025-03-31T21:34:25.973+0000] {dag.py:3239} INFO - Sync 2 DAGs
[2025-03-31T21:34:26.022+0000] {logging_mixin.py:190} INFO - [2025-03-31T21:34:26.022+0000] {dag.py:4180} INFO - Setting next_dagrun for read_dataset_event to 2025-03-30 00:00:00+00:00, run_after=2025-03-31 00:00:00+00:00
[2025-03-31T21:34:26.033+0000] {logging_mixin.py:190} INFO - [2025-03-31T21:34:26.033+0000] {dag.py:4180} INFO - Setting next_dagrun for read_dataset_event_from_classic to 2025-03-30 00:00:00+00:00, run_after=2025-03-31 00:00:00+00:00
[2025-03-31T21:34:26.067+0000] {processor.py:208} INFO - Processing /home/airflow/.local/lib/python3.12/site-packages/airflow/example_dags/example_inlet_event_extra.py took 9.318 seconds
[2025-03-31T21:34:56.451+0000] {processor.py:186} INFO - Started process (PID=1446) to work on /home/airflow/.local/lib/python3.12/site-packages/airflow/example_dags/example_inlet_event_extra.py
[2025-03-31T21:34:56.464+0000] {processor.py:914} INFO - Processing file /home/airflow/.local/lib/python3.12/site-packages/airflow/example_dags/example_inlet_event_extra.py for tasks to queue
[2025-03-31T21:34:56.478+0000] {logging_mixin.py:190} INFO - [2025-03-31T21:34:56.477+0000] {dagbag.py:588} INFO - Filling up the DagBag from /home/airflow/.local/lib/python3.12/site-packages/airflow/example_dags/example_inlet_event_extra.py
[2025-03-31T21:34:57.969+0000] {processor.py:925} INFO - DAG(s) 'read_dataset_event_from_classic', 'read_dataset_event' retrieved from /home/airflow/.local/lib/python3.12/site-packages/airflow/example_dags/example_inlet_event_extra.py
[2025-03-31T21:34:58.003+0000] {logging_mixin.py:190} INFO - [2025-03-31T21:34:58.003+0000] {dag.py:3239} INFO - Sync 2 DAGs
[2025-03-31T21:34:58.046+0000] {logging_mixin.py:190} INFO - [2025-03-31T21:34:58.045+0000] {dag.py:4180} INFO - Setting next_dagrun for read_dataset_event to 2025-03-30 00:00:00+00:00, run_after=2025-03-31 00:00:00+00:00
[2025-03-31T21:34:58.055+0000] {logging_mixin.py:190} INFO - [2025-03-31T21:34:58.055+0000] {dag.py:4180} INFO - Setting next_dagrun for read_dataset_event_from_classic to 2025-03-30 00:00:00+00:00, run_after=2025-03-31 00:00:00+00:00
[2025-03-31T21:34:58.086+0000] {processor.py:208} INFO - Processing /home/airflow/.local/lib/python3.12/site-packages/airflow/example_dags/example_inlet_event_extra.py took 1.651 seconds
[2025-03-31T21:35:28.325+0000] {processor.py:186} INFO - Started process (PID=1513) to work on /home/airflow/.local/lib/python3.12/site-packages/airflow/example_dags/example_inlet_event_extra.py
[2025-03-31T21:35:28.329+0000] {processor.py:914} INFO - Processing file /home/airflow/.local/lib/python3.12/site-packages/airflow/example_dags/example_inlet_event_extra.py for tasks to queue
[2025-03-31T21:35:28.331+0000] {logging_mixin.py:190} INFO - [2025-03-31T21:35:28.331+0000] {dagbag.py:588} INFO - Filling up the DagBag from /home/airflow/.local/lib/python3.12/site-packages/airflow/example_dags/example_inlet_event_extra.py
[2025-03-31T21:35:29.743+0000] {processor.py:925} INFO - DAG(s) 'read_dataset_event_from_classic', 'read_dataset_event' retrieved from /home/airflow/.local/lib/python3.12/site-packages/airflow/example_dags/example_inlet_event_extra.py
[2025-03-31T21:35:29.804+0000] {logging_mixin.py:190} INFO - [2025-03-31T21:35:29.803+0000] {dag.py:3239} INFO - Sync 2 DAGs
[2025-03-31T21:35:29.858+0000] {logging_mixin.py:190} INFO - [2025-03-31T21:35:29.857+0000] {dag.py:4180} INFO - Setting next_dagrun for read_dataset_event to 2025-03-30 00:00:00+00:00, run_after=2025-03-31 00:00:00+00:00
[2025-03-31T21:35:29.873+0000] {logging_mixin.py:190} INFO - [2025-03-31T21:35:29.872+0000] {dag.py:4180} INFO - Setting next_dagrun for read_dataset_event_from_classic to 2025-03-30 00:00:00+00:00, run_after=2025-03-31 00:00:00+00:00
[2025-03-31T21:35:29.905+0000] {processor.py:208} INFO - Processing /home/airflow/.local/lib/python3.12/site-packages/airflow/example_dags/example_inlet_event_extra.py took 1.592 seconds
[2025-03-31T21:36:00.312+0000] {processor.py:186} INFO - Started process (PID=1582) to work on /home/airflow/.local/lib/python3.12/site-packages/airflow/example_dags/example_inlet_event_extra.py
[2025-03-31T21:36:00.315+0000] {processor.py:914} INFO - Processing file /home/airflow/.local/lib/python3.12/site-packages/airflow/example_dags/example_inlet_event_extra.py for tasks to queue
[2025-03-31T21:36:00.321+0000] {logging_mixin.py:190} INFO - [2025-03-31T21:36:00.321+0000] {dagbag.py:588} INFO - Filling up the DagBag from /home/airflow/.local/lib/python3.12/site-packages/airflow/example_dags/example_inlet_event_extra.py
[2025-03-31T21:36:01.661+0000] {processor.py:925} INFO - DAG(s) 'read_dataset_event_from_classic', 'read_dataset_event' retrieved from /home/airflow/.local/lib/python3.12/site-packages/airflow/example_dags/example_inlet_event_extra.py
[2025-03-31T21:36:01.713+0000] {logging_mixin.py:190} INFO - [2025-03-31T21:36:01.713+0000] {dag.py:3239} INFO - Sync 2 DAGs
[2025-03-31T21:36:01.774+0000] {logging_mixin.py:190} INFO - [2025-03-31T21:36:01.774+0000] {dag.py:4180} INFO - Setting next_dagrun for read_dataset_event to 2025-03-30 00:00:00+00:00, run_after=2025-03-31 00:00:00+00:00
[2025-03-31T21:36:01.798+0000] {logging_mixin.py:190} INFO - [2025-03-31T21:36:01.797+0000] {dag.py:4180} INFO - Setting next_dagrun for read_dataset_event_from_classic to 2025-03-30 00:00:00+00:00, run_after=2025-03-31 00:00:00+00:00
[2025-03-31T21:36:01.875+0000] {processor.py:208} INFO - Processing /home/airflow/.local/lib/python3.12/site-packages/airflow/example_dags/example_inlet_event_extra.py took 1.574 seconds
[2025-03-31T21:36:58.577+0000] {processor.py:186} INFO - Started process (PID=1658) to work on /home/airflow/.local/lib/python3.12/site-packages/airflow/example_dags/example_inlet_event_extra.py
[2025-03-31T21:36:58.579+0000] {processor.py:914} INFO - Processing file /home/airflow/.local/lib/python3.12/site-packages/airflow/example_dags/example_inlet_event_extra.py for tasks to queue
[2025-03-31T21:36:58.583+0000] {logging_mixin.py:190} INFO - [2025-03-31T21:36:58.581+0000] {dagbag.py:588} INFO - Filling up the DagBag from /home/airflow/.local/lib/python3.12/site-packages/airflow/example_dags/example_inlet_event_extra.py
[2025-03-31T21:37:00.022+0000] {processor.py:925} INFO - DAG(s) 'read_dataset_event', 'read_dataset_event_from_classic' retrieved from /home/airflow/.local/lib/python3.12/site-packages/airflow/example_dags/example_inlet_event_extra.py
[2025-03-31T21:37:00.085+0000] {logging_mixin.py:190} INFO - [2025-03-31T21:37:00.085+0000] {dag.py:3239} INFO - Sync 2 DAGs
[2025-03-31T21:37:00.141+0000] {logging_mixin.py:190} INFO - [2025-03-31T21:37:00.141+0000] {dag.py:4180} INFO - Setting next_dagrun for read_dataset_event to 2025-03-30 00:00:00+00:00, run_after=2025-03-31 00:00:00+00:00
[2025-03-31T21:37:00.152+0000] {logging_mixin.py:190} INFO - [2025-03-31T21:37:00.152+0000] {dag.py:4180} INFO - Setting next_dagrun for read_dataset_event_from_classic to 2025-03-30 00:00:00+00:00, run_after=2025-03-31 00:00:00+00:00
[2025-03-31T21:37:00.197+0000] {processor.py:208} INFO - Processing /home/airflow/.local/lib/python3.12/site-packages/airflow/example_dags/example_inlet_event_extra.py took 1.634 seconds
[2025-03-31T21:37:30.489+0000] {processor.py:186} INFO - Started process (PID=1721) to work on /home/airflow/.local/lib/python3.12/site-packages/airflow/example_dags/example_inlet_event_extra.py
[2025-03-31T21:37:30.493+0000] {processor.py:914} INFO - Processing file /home/airflow/.local/lib/python3.12/site-packages/airflow/example_dags/example_inlet_event_extra.py for tasks to queue
[2025-03-31T21:37:30.504+0000] {logging_mixin.py:190} INFO - [2025-03-31T21:37:30.502+0000] {dagbag.py:588} INFO - Filling up the DagBag from /home/airflow/.local/lib/python3.12/site-packages/airflow/example_dags/example_inlet_event_extra.py
[2025-03-31T21:37:31.797+0000] {processor.py:925} INFO - DAG(s) 'read_dataset_event_from_classic', 'read_dataset_event' retrieved from /home/airflow/.local/lib/python3.12/site-packages/airflow/example_dags/example_inlet_event_extra.py
[2025-03-31T21:37:31.832+0000] {logging_mixin.py:190} INFO - [2025-03-31T21:37:31.831+0000] {dag.py:3239} INFO - Sync 2 DAGs
[2025-03-31T21:37:31.883+0000] {logging_mixin.py:190} INFO - [2025-03-31T21:37:31.883+0000] {dag.py:4180} INFO - Setting next_dagrun for read_dataset_event to 2025-03-30 00:00:00+00:00, run_after=2025-03-31 00:00:00+00:00
[2025-03-31T21:37:31.894+0000] {logging_mixin.py:190} INFO - [2025-03-31T21:37:31.893+0000] {dag.py:4180} INFO - Setting next_dagrun for read_dataset_event_from_classic to 2025-03-30 00:00:00+00:00, run_after=2025-03-31 00:00:00+00:00
[2025-03-31T21:37:31.930+0000] {processor.py:208} INFO - Processing /home/airflow/.local/lib/python3.12/site-packages/airflow/example_dags/example_inlet_event_extra.py took 1.457 seconds
[2025-03-31T21:38:02.578+0000] {processor.py:186} INFO - Started process (PID=1784) to work on /home/airflow/.local/lib/python3.12/site-packages/airflow/example_dags/example_inlet_event_extra.py
[2025-03-31T21:38:02.580+0000] {processor.py:914} INFO - Processing file /home/airflow/.local/lib/python3.12/site-packages/airflow/example_dags/example_inlet_event_extra.py for tasks to queue
[2025-03-31T21:38:02.598+0000] {logging_mixin.py:190} INFO - [2025-03-31T21:38:02.588+0000] {dagbag.py:588} INFO - Filling up the DagBag from /home/airflow/.local/lib/python3.12/site-packages/airflow/example_dags/example_inlet_event_extra.py
[2025-03-31T21:38:04.452+0000] {processor.py:925} INFO - DAG(s) 'read_dataset_event', 'read_dataset_event_from_classic' retrieved from /home/airflow/.local/lib/python3.12/site-packages/airflow/example_dags/example_inlet_event_extra.py
[2025-03-31T21:38:04.509+0000] {logging_mixin.py:190} INFO - [2025-03-31T21:38:04.508+0000] {dag.py:3239} INFO - Sync 2 DAGs
[2025-03-31T21:38:04.565+0000] {logging_mixin.py:190} INFO - [2025-03-31T21:38:04.565+0000] {dag.py:4180} INFO - Setting next_dagrun for read_dataset_event to 2025-03-30 00:00:00+00:00, run_after=2025-03-31 00:00:00+00:00
[2025-03-31T21:38:04.579+0000] {logging_mixin.py:190} INFO - [2025-03-31T21:38:04.579+0000] {dag.py:4180} INFO - Setting next_dagrun for read_dataset_event_from_classic to 2025-03-30 00:00:00+00:00, run_after=2025-03-31 00:00:00+00:00
[2025-03-31T21:38:04.638+0000] {processor.py:208} INFO - Processing /home/airflow/.local/lib/python3.12/site-packages/airflow/example_dags/example_inlet_event_extra.py took 2.081 seconds
[2025-03-31T21:38:34.931+0000] {processor.py:186} INFO - Started process (PID=1848) to work on /home/airflow/.local/lib/python3.12/site-packages/airflow/example_dags/example_inlet_event_extra.py
[2025-03-31T21:38:34.933+0000] {processor.py:914} INFO - Processing file /home/airflow/.local/lib/python3.12/site-packages/airflow/example_dags/example_inlet_event_extra.py for tasks to queue
[2025-03-31T21:38:34.949+0000] {logging_mixin.py:190} INFO - [2025-03-31T21:38:34.949+0000] {dagbag.py:588} INFO - Filling up the DagBag from /home/airflow/.local/lib/python3.12/site-packages/airflow/example_dags/example_inlet_event_extra.py
[2025-03-31T21:38:37.228+0000] {processor.py:925} INFO - DAG(s) 'read_dataset_event_from_classic', 'read_dataset_event' retrieved from /home/airflow/.local/lib/python3.12/site-packages/airflow/example_dags/example_inlet_event_extra.py
[2025-03-31T21:38:37.345+0000] {logging_mixin.py:190} INFO - [2025-03-31T21:38:37.334+0000] {dag.py:3239} INFO - Sync 2 DAGs
[2025-03-31T21:38:37.424+0000] {logging_mixin.py:190} INFO - [2025-03-31T21:38:37.424+0000] {dag.py:4180} INFO - Setting next_dagrun for read_dataset_event to 2025-03-30 00:00:00+00:00, run_after=2025-03-31 00:00:00+00:00
[2025-03-31T21:38:37.447+0000] {logging_mixin.py:190} INFO - [2025-03-31T21:38:37.446+0000] {dag.py:4180} INFO - Setting next_dagrun for read_dataset_event_from_classic to 2025-03-30 00:00:00+00:00, run_after=2025-03-31 00:00:00+00:00
[2025-03-31T21:38:37.491+0000] {processor.py:208} INFO - Processing /home/airflow/.local/lib/python3.12/site-packages/airflow/example_dags/example_inlet_event_extra.py took 2.576 seconds
[2025-03-31T21:39:53.405+0000] {processor.py:186} INFO - Started process (PID=1893) to work on /home/airflow/.local/lib/python3.12/site-packages/airflow/example_dags/example_inlet_event_extra.py
[2025-03-31T21:39:53.415+0000] {processor.py:914} INFO - Processing file /home/airflow/.local/lib/python3.12/site-packages/airflow/example_dags/example_inlet_event_extra.py for tasks to queue
[2025-03-31T21:39:53.426+0000] {logging_mixin.py:190} INFO - [2025-03-31T21:39:53.420+0000] {dagbag.py:588} INFO - Filling up the DagBag from /home/airflow/.local/lib/python3.12/site-packages/airflow/example_dags/example_inlet_event_extra.py
[2025-03-31T21:40:14.725+0000] {processor.py:925} INFO - DAG(s) 'read_dataset_event', 'read_dataset_event_from_classic' retrieved from /home/airflow/.local/lib/python3.12/site-packages/airflow/example_dags/example_inlet_event_extra.py
[2025-03-31T21:40:14.870+0000] {logging_mixin.py:190} INFO - [2025-03-31T21:40:14.870+0000] {dag.py:3239} INFO - Sync 2 DAGs
[2025-03-31T21:40:15.121+0000] {logging_mixin.py:190} INFO - [2025-03-31T21:40:15.120+0000] {dag.py:4180} INFO - Setting next_dagrun for read_dataset_event to 2025-03-30 00:00:00+00:00, run_after=2025-03-31 00:00:00+00:00
[2025-03-31T21:40:15.173+0000] {logging_mixin.py:190} INFO - [2025-03-31T21:40:15.168+0000] {dag.py:4180} INFO - Setting next_dagrun for read_dataset_event_from_classic to 2025-03-30 00:00:00+00:00, run_after=2025-03-31 00:00:00+00:00
[2025-03-31T21:40:15.328+0000] {processor.py:208} INFO - Processing /home/airflow/.local/lib/python3.12/site-packages/airflow/example_dags/example_inlet_event_extra.py took 21.586 seconds
[2025-03-31T21:40:45.817+0000] {processor.py:186} INFO - Started process (PID=1961) to work on /home/airflow/.local/lib/python3.12/site-packages/airflow/example_dags/example_inlet_event_extra.py
[2025-03-31T21:40:45.824+0000] {processor.py:914} INFO - Processing file /home/airflow/.local/lib/python3.12/site-packages/airflow/example_dags/example_inlet_event_extra.py for tasks to queue
[2025-03-31T21:40:45.837+0000] {logging_mixin.py:190} INFO - [2025-03-31T21:40:45.836+0000] {dagbag.py:588} INFO - Filling up the DagBag from /home/airflow/.local/lib/python3.12/site-packages/airflow/example_dags/example_inlet_event_extra.py
[2025-03-31T21:41:35.426+0000] {logging_mixin.py:190} INFO - [2025-03-31T21:41:25.431+0000] {timeout.py:68} ERROR - Process timed out, PID: 1961
[2025-03-31T21:43:00.424+0000] {processor.py:186} INFO - Started process (PID=2033) to work on /home/airflow/.local/lib/python3.12/site-packages/airflow/example_dags/example_inlet_event_extra.py
[2025-03-31T21:43:00.427+0000] {processor.py:914} INFO - Processing file /home/airflow/.local/lib/python3.12/site-packages/airflow/example_dags/example_inlet_event_extra.py for tasks to queue
[2025-03-31T21:43:00.432+0000] {logging_mixin.py:190} INFO - [2025-03-31T21:43:00.431+0000] {dagbag.py:588} INFO - Filling up the DagBag from /home/airflow/.local/lib/python3.12/site-packages/airflow/example_dags/example_inlet_event_extra.py
[2025-03-31T21:43:01.651+0000] {processor.py:925} INFO - DAG(s) 'read_dataset_event_from_classic', 'read_dataset_event' retrieved from /home/airflow/.local/lib/python3.12/site-packages/airflow/example_dags/example_inlet_event_extra.py
[2025-03-31T21:43:01.970+0000] {logging_mixin.py:190} INFO - [2025-03-31T21:43:01.970+0000] {dag.py:3239} INFO - Sync 2 DAGs
[2025-03-31T21:43:02.066+0000] {logging_mixin.py:190} INFO - [2025-03-31T21:43:02.066+0000] {dag.py:4180} INFO - Setting next_dagrun for read_dataset_event to 2025-03-30 00:00:00+00:00, run_after=2025-03-31 00:00:00+00:00
[2025-03-31T21:43:02.080+0000] {logging_mixin.py:190} INFO - [2025-03-31T21:43:02.079+0000] {dag.py:4180} INFO - Setting next_dagrun for read_dataset_event_from_classic to 2025-03-30 00:00:00+00:00, run_after=2025-03-31 00:00:00+00:00
[2025-03-31T21:43:02.122+0000] {processor.py:208} INFO - Processing /home/airflow/.local/lib/python3.12/site-packages/airflow/example_dags/example_inlet_event_extra.py took 1.709 seconds
[2025-03-31T21:43:44.383+0000] {processor.py:186} INFO - Started process (PID=2057) to work on /home/airflow/.local/lib/python3.12/site-packages/airflow/example_dags/example_inlet_event_extra.py
[2025-03-31T21:43:44.386+0000] {processor.py:914} INFO - Processing file /home/airflow/.local/lib/python3.12/site-packages/airflow/example_dags/example_inlet_event_extra.py for tasks to queue
[2025-03-31T21:43:44.392+0000] {logging_mixin.py:190} INFO - [2025-03-31T21:43:44.391+0000] {dagbag.py:588} INFO - Filling up the DagBag from /home/airflow/.local/lib/python3.12/site-packages/airflow/example_dags/example_inlet_event_extra.py
[2025-03-31T21:43:46.943+0000] {processor.py:925} INFO - DAG(s) 'read_dataset_event_from_classic', 'read_dataset_event' retrieved from /home/airflow/.local/lib/python3.12/site-packages/airflow/example_dags/example_inlet_event_extra.py
[2025-03-31T21:43:47.364+0000] {logging_mixin.py:190} INFO - [2025-03-31T21:43:47.348+0000] {dag.py:3239} INFO - Sync 2 DAGs
[2025-03-31T21:43:47.658+0000] {logging_mixin.py:190} INFO - [2025-03-31T21:43:47.650+0000] {dag.py:4180} INFO - Setting next_dagrun for read_dataset_event to 2025-03-30 00:00:00+00:00, run_after=2025-03-31 00:00:00+00:00
[2025-03-31T21:43:47.792+0000] {logging_mixin.py:190} INFO - [2025-03-31T21:43:47.786+0000] {dag.py:4180} INFO - Setting next_dagrun for read_dataset_event_from_classic to 2025-03-30 00:00:00+00:00, run_after=2025-03-31 00:00:00+00:00
[2025-03-31T21:43:47.955+0000] {processor.py:208} INFO - Processing /home/airflow/.local/lib/python3.12/site-packages/airflow/example_dags/example_inlet_event_extra.py took 3.602 seconds
[2025-03-31T21:44:18.363+0000] {processor.py:186} INFO - Started process (PID=2126) to work on /home/airflow/.local/lib/python3.12/site-packages/airflow/example_dags/example_inlet_event_extra.py
[2025-03-31T21:44:18.364+0000] {processor.py:914} INFO - Processing file /home/airflow/.local/lib/python3.12/site-packages/airflow/example_dags/example_inlet_event_extra.py for tasks to queue
[2025-03-31T21:44:18.367+0000] {logging_mixin.py:190} INFO - [2025-03-31T21:44:18.366+0000] {dagbag.py:588} INFO - Filling up the DagBag from /home/airflow/.local/lib/python3.12/site-packages/airflow/example_dags/example_inlet_event_extra.py
[2025-03-31T21:44:19.266+0000] {processor.py:925} INFO - DAG(s) 'read_dataset_event_from_classic', 'read_dataset_event' retrieved from /home/airflow/.local/lib/python3.12/site-packages/airflow/example_dags/example_inlet_event_extra.py
[2025-03-31T21:44:19.324+0000] {logging_mixin.py:190} INFO - [2025-03-31T21:44:19.323+0000] {dag.py:3239} INFO - Sync 2 DAGs
[2025-03-31T21:44:19.391+0000] {logging_mixin.py:190} INFO - [2025-03-31T21:44:19.391+0000] {dag.py:4180} INFO - Setting next_dagrun for read_dataset_event to 2025-03-30 00:00:00+00:00, run_after=2025-03-31 00:00:00+00:00
[2025-03-31T21:44:19.404+0000] {logging_mixin.py:190} INFO - [2025-03-31T21:44:19.404+0000] {dag.py:4180} INFO - Setting next_dagrun for read_dataset_event_from_classic to 2025-03-30 00:00:00+00:00, run_after=2025-03-31 00:00:00+00:00
[2025-03-31T21:44:19.465+0000] {processor.py:208} INFO - Processing /home/airflow/.local/lib/python3.12/site-packages/airflow/example_dags/example_inlet_event_extra.py took 1.113 seconds
[2025-03-31T21:44:49.653+0000] {processor.py:186} INFO - Started process (PID=2190) to work on /home/airflow/.local/lib/python3.12/site-packages/airflow/example_dags/example_inlet_event_extra.py
[2025-03-31T21:44:49.655+0000] {processor.py:914} INFO - Processing file /home/airflow/.local/lib/python3.12/site-packages/airflow/example_dags/example_inlet_event_extra.py for tasks to queue
[2025-03-31T21:44:49.659+0000] {logging_mixin.py:190} INFO - [2025-03-31T21:44:49.658+0000] {dagbag.py:588} INFO - Filling up the DagBag from /home/airflow/.local/lib/python3.12/site-packages/airflow/example_dags/example_inlet_event_extra.py
[2025-03-31T21:44:50.579+0000] {processor.py:925} INFO - DAG(s) 'read_dataset_event_from_classic', 'read_dataset_event' retrieved from /home/airflow/.local/lib/python3.12/site-packages/airflow/example_dags/example_inlet_event_extra.py
[2025-03-31T21:44:50.607+0000] {logging_mixin.py:190} INFO - [2025-03-31T21:44:50.607+0000] {dag.py:3239} INFO - Sync 2 DAGs
[2025-03-31T21:44:50.646+0000] {logging_mixin.py:190} INFO - [2025-03-31T21:44:50.646+0000] {dag.py:4180} INFO - Setting next_dagrun for read_dataset_event to 2025-03-30 00:00:00+00:00, run_after=2025-03-31 00:00:00+00:00
[2025-03-31T21:44:50.655+0000] {logging_mixin.py:190} INFO - [2025-03-31T21:44:50.654+0000] {dag.py:4180} INFO - Setting next_dagrun for read_dataset_event_from_classic to 2025-03-30 00:00:00+00:00, run_after=2025-03-31 00:00:00+00:00
[2025-03-31T21:44:50.690+0000] {processor.py:208} INFO - Processing /home/airflow/.local/lib/python3.12/site-packages/airflow/example_dags/example_inlet_event_extra.py took 1.064 seconds
[2025-03-31T21:45:21.553+0000] {processor.py:186} INFO - Started process (PID=2254) to work on /home/airflow/.local/lib/python3.12/site-packages/airflow/example_dags/example_inlet_event_extra.py
[2025-03-31T21:45:21.556+0000] {processor.py:914} INFO - Processing file /home/airflow/.local/lib/python3.12/site-packages/airflow/example_dags/example_inlet_event_extra.py for tasks to queue
[2025-03-31T21:45:21.561+0000] {logging_mixin.py:190} INFO - [2025-03-31T21:45:21.560+0000] {dagbag.py:588} INFO - Filling up the DagBag from /home/airflow/.local/lib/python3.12/site-packages/airflow/example_dags/example_inlet_event_extra.py
[2025-03-31T21:45:22.756+0000] {processor.py:925} INFO - DAG(s) 'read_dataset_event_from_classic', 'read_dataset_event' retrieved from /home/airflow/.local/lib/python3.12/site-packages/airflow/example_dags/example_inlet_event_extra.py
[2025-03-31T21:45:22.813+0000] {logging_mixin.py:190} INFO - [2025-03-31T21:45:22.813+0000] {dag.py:3239} INFO - Sync 2 DAGs
[2025-03-31T21:45:22.927+0000] {logging_mixin.py:190} INFO - [2025-03-31T21:45:22.926+0000] {dag.py:4180} INFO - Setting next_dagrun for read_dataset_event to 2025-03-30 00:00:00+00:00, run_after=2025-03-31 00:00:00+00:00
[2025-03-31T21:45:22.947+0000] {logging_mixin.py:190} INFO - [2025-03-31T21:45:22.947+0000] {dag.py:4180} INFO - Setting next_dagrun for read_dataset_event_from_classic to 2025-03-30 00:00:00+00:00, run_after=2025-03-31 00:00:00+00:00
[2025-03-31T21:45:22.987+0000] {processor.py:208} INFO - Processing /home/airflow/.local/lib/python3.12/site-packages/airflow/example_dags/example_inlet_event_extra.py took 1.444 seconds
[2025-03-31T21:49:11.226+0000] {processor.py:186} INFO - Started process (PID=2324) to work on /home/airflow/.local/lib/python3.12/site-packages/airflow/example_dags/example_inlet_event_extra.py
[2025-03-31T21:49:11.232+0000] {processor.py:914} INFO - Processing file /home/airflow/.local/lib/python3.12/site-packages/airflow/example_dags/example_inlet_event_extra.py for tasks to queue
[2025-03-31T21:49:11.235+0000] {logging_mixin.py:190} INFO - [2025-03-31T21:49:11.234+0000] {dagbag.py:588} INFO - Filling up the DagBag from /home/airflow/.local/lib/python3.12/site-packages/airflow/example_dags/example_inlet_event_extra.py
[2025-03-31T21:49:13.675+0000] {processor.py:925} INFO - DAG(s) 'read_dataset_event', 'read_dataset_event_from_classic' retrieved from /home/airflow/.local/lib/python3.12/site-packages/airflow/example_dags/example_inlet_event_extra.py
[2025-03-31T21:49:13.820+0000] {logging_mixin.py:190} INFO - [2025-03-31T21:49:13.820+0000] {dag.py:3239} INFO - Sync 2 DAGs
[2025-03-31T21:49:13.911+0000] {logging_mixin.py:190} INFO - [2025-03-31T21:49:13.909+0000] {dag.py:4180} INFO - Setting next_dagrun for read_dataset_event to 2025-03-30 00:00:00+00:00, run_after=2025-03-31 00:00:00+00:00
[2025-03-31T21:49:13.931+0000] {logging_mixin.py:190} INFO - [2025-03-31T21:49:13.930+0000] {dag.py:4180} INFO - Setting next_dagrun for read_dataset_event_from_classic to 2025-03-30 00:00:00+00:00, run_after=2025-03-31 00:00:00+00:00
[2025-03-31T21:49:13.987+0000] {processor.py:208} INFO - Processing /home/airflow/.local/lib/python3.12/site-packages/airflow/example_dags/example_inlet_event_extra.py took 2.781 seconds
[2025-03-31T21:49:44.259+0000] {processor.py:186} INFO - Started process (PID=2388) to work on /home/airflow/.local/lib/python3.12/site-packages/airflow/example_dags/example_inlet_event_extra.py
[2025-03-31T21:49:44.268+0000] {processor.py:914} INFO - Processing file /home/airflow/.local/lib/python3.12/site-packages/airflow/example_dags/example_inlet_event_extra.py for tasks to queue
[2025-03-31T21:49:44.282+0000] {logging_mixin.py:190} INFO - [2025-03-31T21:49:44.281+0000] {dagbag.py:588} INFO - Filling up the DagBag from /home/airflow/.local/lib/python3.12/site-packages/airflow/example_dags/example_inlet_event_extra.py
[2025-03-31T21:49:45.416+0000] {processor.py:925} INFO - DAG(s) 'read_dataset_event_from_classic', 'read_dataset_event' retrieved from /home/airflow/.local/lib/python3.12/site-packages/airflow/example_dags/example_inlet_event_extra.py
[2025-03-31T21:49:45.458+0000] {logging_mixin.py:190} INFO - [2025-03-31T21:49:45.458+0000] {dag.py:3239} INFO - Sync 2 DAGs
[2025-03-31T21:49:45.504+0000] {logging_mixin.py:190} INFO - [2025-03-31T21:49:45.504+0000] {dag.py:4180} INFO - Setting next_dagrun for read_dataset_event to 2025-03-30 00:00:00+00:00, run_after=2025-03-31 00:00:00+00:00
[2025-03-31T21:49:45.514+0000] {logging_mixin.py:190} INFO - [2025-03-31T21:49:45.514+0000] {dag.py:4180} INFO - Setting next_dagrun for read_dataset_event_from_classic to 2025-03-30 00:00:00+00:00, run_after=2025-03-31 00:00:00+00:00
[2025-03-31T21:49:45.542+0000] {processor.py:208} INFO - Processing /home/airflow/.local/lib/python3.12/site-packages/airflow/example_dags/example_inlet_event_extra.py took 1.314 seconds
[2025-03-31T21:50:16.277+0000] {processor.py:186} INFO - Started process (PID=2452) to work on /home/airflow/.local/lib/python3.12/site-packages/airflow/example_dags/example_inlet_event_extra.py
[2025-03-31T21:50:16.282+0000] {processor.py:914} INFO - Processing file /home/airflow/.local/lib/python3.12/site-packages/airflow/example_dags/example_inlet_event_extra.py for tasks to queue
[2025-03-31T21:50:16.285+0000] {logging_mixin.py:190} INFO - [2025-03-31T21:50:16.284+0000] {dagbag.py:588} INFO - Filling up the DagBag from /home/airflow/.local/lib/python3.12/site-packages/airflow/example_dags/example_inlet_event_extra.py
[2025-03-31T21:50:18.042+0000] {processor.py:925} INFO - DAG(s) 'read_dataset_event_from_classic', 'read_dataset_event' retrieved from /home/airflow/.local/lib/python3.12/site-packages/airflow/example_dags/example_inlet_event_extra.py
[2025-03-31T21:50:18.175+0000] {logging_mixin.py:190} INFO - [2025-03-31T21:50:18.173+0000] {dag.py:3239} INFO - Sync 2 DAGs
[2025-03-31T21:50:18.245+0000] {logging_mixin.py:190} INFO - [2025-03-31T21:50:18.245+0000] {dag.py:4180} INFO - Setting next_dagrun for read_dataset_event to 2025-03-30 00:00:00+00:00, run_after=2025-03-31 00:00:00+00:00
[2025-03-31T21:50:18.266+0000] {logging_mixin.py:190} INFO - [2025-03-31T21:50:18.266+0000] {dag.py:4180} INFO - Setting next_dagrun for read_dataset_event_from_classic to 2025-03-30 00:00:00+00:00, run_after=2025-03-31 00:00:00+00:00
[2025-03-31T21:50:18.328+0000] {processor.py:208} INFO - Processing /home/airflow/.local/lib/python3.12/site-packages/airflow/example_dags/example_inlet_event_extra.py took 2.073 seconds
[2025-03-31T21:50:48.531+0000] {processor.py:186} INFO - Started process (PID=2520) to work on /home/airflow/.local/lib/python3.12/site-packages/airflow/example_dags/example_inlet_event_extra.py
[2025-03-31T21:50:48.536+0000] {processor.py:914} INFO - Processing file /home/airflow/.local/lib/python3.12/site-packages/airflow/example_dags/example_inlet_event_extra.py for tasks to queue
[2025-03-31T21:50:48.548+0000] {logging_mixin.py:190} INFO - [2025-03-31T21:50:48.547+0000] {dagbag.py:588} INFO - Filling up the DagBag from /home/airflow/.local/lib/python3.12/site-packages/airflow/example_dags/example_inlet_event_extra.py
[2025-03-31T21:50:49.981+0000] {processor.py:925} INFO - DAG(s) 'read_dataset_event_from_classic', 'read_dataset_event' retrieved from /home/airflow/.local/lib/python3.12/site-packages/airflow/example_dags/example_inlet_event_extra.py
[2025-03-31T21:50:50.096+0000] {logging_mixin.py:190} INFO - [2025-03-31T21:50:50.096+0000] {dag.py:3239} INFO - Sync 2 DAGs
[2025-03-31T21:50:50.183+0000] {logging_mixin.py:190} INFO - [2025-03-31T21:50:50.183+0000] {dag.py:4180} INFO - Setting next_dagrun for read_dataset_event to 2025-03-30 00:00:00+00:00, run_after=2025-03-31 00:00:00+00:00
[2025-03-31T21:50:50.236+0000] {logging_mixin.py:190} INFO - [2025-03-31T21:50:50.235+0000] {dag.py:4180} INFO - Setting next_dagrun for read_dataset_event_from_classic to 2025-03-30 00:00:00+00:00, run_after=2025-03-31 00:00:00+00:00
[2025-03-31T21:50:50.371+0000] {processor.py:208} INFO - Processing /home/airflow/.local/lib/python3.12/site-packages/airflow/example_dags/example_inlet_event_extra.py took 1.863 seconds
[2025-03-31T21:51:20.636+0000] {processor.py:186} INFO - Started process (PID=2584) to work on /home/airflow/.local/lib/python3.12/site-packages/airflow/example_dags/example_inlet_event_extra.py
[2025-03-31T21:51:20.639+0000] {processor.py:914} INFO - Processing file /home/airflow/.local/lib/python3.12/site-packages/airflow/example_dags/example_inlet_event_extra.py for tasks to queue
[2025-03-31T21:51:20.645+0000] {logging_mixin.py:190} INFO - [2025-03-31T21:51:20.643+0000] {dagbag.py:588} INFO - Filling up the DagBag from /home/airflow/.local/lib/python3.12/site-packages/airflow/example_dags/example_inlet_event_extra.py
[2025-03-31T21:51:22.429+0000] {processor.py:925} INFO - DAG(s) 'read_dataset_event', 'read_dataset_event_from_classic' retrieved from /home/airflow/.local/lib/python3.12/site-packages/airflow/example_dags/example_inlet_event_extra.py
[2025-03-31T21:51:22.510+0000] {logging_mixin.py:190} INFO - [2025-03-31T21:51:22.510+0000] {dag.py:3239} INFO - Sync 2 DAGs
[2025-03-31T21:51:22.640+0000] {logging_mixin.py:190} INFO - [2025-03-31T21:51:22.639+0000] {dag.py:4180} INFO - Setting next_dagrun for read_dataset_event to 2025-03-30 00:00:00+00:00, run_after=2025-03-31 00:00:00+00:00
[2025-03-31T21:51:22.653+0000] {logging_mixin.py:190} INFO - [2025-03-31T21:51:22.652+0000] {dag.py:4180} INFO - Setting next_dagrun for read_dataset_event_from_classic to 2025-03-30 00:00:00+00:00, run_after=2025-03-31 00:00:00+00:00
[2025-03-31T21:51:22.746+0000] {processor.py:208} INFO - Processing /home/airflow/.local/lib/python3.12/site-packages/airflow/example_dags/example_inlet_event_extra.py took 2.128 seconds
[2025-03-31T21:53:31.804+0000] {processor.py:186} INFO - Started process (PID=2646) to work on /home/airflow/.local/lib/python3.12/site-packages/airflow/example_dags/example_inlet_event_extra.py
[2025-03-31T21:53:31.806+0000] {processor.py:914} INFO - Processing file /home/airflow/.local/lib/python3.12/site-packages/airflow/example_dags/example_inlet_event_extra.py for tasks to queue
[2025-03-31T21:53:31.810+0000] {logging_mixin.py:190} INFO - [2025-03-31T21:53:31.809+0000] {dagbag.py:588} INFO - Filling up the DagBag from /home/airflow/.local/lib/python3.12/site-packages/airflow/example_dags/example_inlet_event_extra.py
[2025-03-31T21:53:33.319+0000] {processor.py:925} INFO - DAG(s) 'read_dataset_event', 'read_dataset_event_from_classic' retrieved from /home/airflow/.local/lib/python3.12/site-packages/airflow/example_dags/example_inlet_event_extra.py
[2025-03-31T21:53:33.429+0000] {logging_mixin.py:190} INFO - [2025-03-31T21:53:33.428+0000] {dag.py:3239} INFO - Sync 2 DAGs
[2025-03-31T21:53:33.516+0000] {logging_mixin.py:190} INFO - [2025-03-31T21:53:33.515+0000] {dag.py:4180} INFO - Setting next_dagrun for read_dataset_event to 2025-03-30 00:00:00+00:00, run_after=2025-03-31 00:00:00+00:00
[2025-03-31T21:53:33.534+0000] {logging_mixin.py:190} INFO - [2025-03-31T21:53:33.533+0000] {dag.py:4180} INFO - Setting next_dagrun for read_dataset_event_from_classic to 2025-03-30 00:00:00+00:00, run_after=2025-03-31 00:00:00+00:00
[2025-03-31T21:53:33.612+0000] {processor.py:208} INFO - Processing /home/airflow/.local/lib/python3.12/site-packages/airflow/example_dags/example_inlet_event_extra.py took 1.822 seconds
[2025-03-31T21:55:11.258+0000] {processor.py:186} INFO - Started process (PID=2720) to work on /home/airflow/.local/lib/python3.12/site-packages/airflow/example_dags/example_inlet_event_extra.py
[2025-03-31T21:55:11.264+0000] {processor.py:914} INFO - Processing file /home/airflow/.local/lib/python3.12/site-packages/airflow/example_dags/example_inlet_event_extra.py for tasks to queue
[2025-03-31T21:55:11.274+0000] {logging_mixin.py:190} INFO - [2025-03-31T21:55:11.273+0000] {dagbag.py:588} INFO - Filling up the DagBag from /home/airflow/.local/lib/python3.12/site-packages/airflow/example_dags/example_inlet_event_extra.py
[2025-03-31T21:55:14.616+0000] {processor.py:925} INFO - DAG(s) 'read_dataset_event_from_classic', 'read_dataset_event' retrieved from /home/airflow/.local/lib/python3.12/site-packages/airflow/example_dags/example_inlet_event_extra.py
[2025-03-31T21:55:14.837+0000] {logging_mixin.py:190} INFO - [2025-03-31T21:55:14.836+0000] {dag.py:3239} INFO - Sync 2 DAGs
[2025-03-31T21:55:15.018+0000] {logging_mixin.py:190} INFO - [2025-03-31T21:55:15.013+0000] {dag.py:4180} INFO - Setting next_dagrun for read_dataset_event to 2025-03-30 00:00:00+00:00, run_after=2025-03-31 00:00:00+00:00
[2025-03-31T21:55:15.075+0000] {logging_mixin.py:190} INFO - [2025-03-31T21:55:15.068+0000] {dag.py:4180} INFO - Setting next_dagrun for read_dataset_event_from_classic to 2025-03-30 00:00:00+00:00, run_after=2025-03-31 00:00:00+00:00
[2025-03-31T21:55:15.177+0000] {processor.py:208} INFO - Processing /home/airflow/.local/lib/python3.12/site-packages/airflow/example_dags/example_inlet_event_extra.py took 3.951 seconds
[2025-03-31T21:55:45.710+0000] {processor.py:186} INFO - Started process (PID=2784) to work on /home/airflow/.local/lib/python3.12/site-packages/airflow/example_dags/example_inlet_event_extra.py
[2025-03-31T21:55:45.713+0000] {processor.py:914} INFO - Processing file /home/airflow/.local/lib/python3.12/site-packages/airflow/example_dags/example_inlet_event_extra.py for tasks to queue
[2025-03-31T21:55:45.729+0000] {logging_mixin.py:190} INFO - [2025-03-31T21:55:45.728+0000] {dagbag.py:588} INFO - Filling up the DagBag from /home/airflow/.local/lib/python3.12/site-packages/airflow/example_dags/example_inlet_event_extra.py
[2025-03-31T21:55:48.955+0000] {processor.py:925} INFO - DAG(s) 'read_dataset_event_from_classic', 'read_dataset_event' retrieved from /home/airflow/.local/lib/python3.12/site-packages/airflow/example_dags/example_inlet_event_extra.py
[2025-03-31T21:55:49.184+0000] {logging_mixin.py:190} INFO - [2025-03-31T21:55:49.178+0000] {dag.py:3239} INFO - Sync 2 DAGs
[2025-03-31T21:55:49.472+0000] {logging_mixin.py:190} INFO - [2025-03-31T21:55:49.472+0000] {dag.py:4180} INFO - Setting next_dagrun for read_dataset_event to 2025-03-30 00:00:00+00:00, run_after=2025-03-31 00:00:00+00:00
[2025-03-31T21:55:49.639+0000] {logging_mixin.py:190} INFO - [2025-03-31T21:55:49.581+0000] {dag.py:4180} INFO - Setting next_dagrun for read_dataset_event_from_classic to 2025-03-30 00:00:00+00:00, run_after=2025-03-31 00:00:00+00:00
[2025-03-31T21:55:49.865+0000] {processor.py:208} INFO - Processing /home/airflow/.local/lib/python3.12/site-packages/airflow/example_dags/example_inlet_event_extra.py took 4.178 seconds
[2025-03-31T21:56:20.251+0000] {processor.py:186} INFO - Started process (PID=2847) to work on /home/airflow/.local/lib/python3.12/site-packages/airflow/example_dags/example_inlet_event_extra.py
[2025-03-31T21:56:20.254+0000] {processor.py:914} INFO - Processing file /home/airflow/.local/lib/python3.12/site-packages/airflow/example_dags/example_inlet_event_extra.py for tasks to queue
[2025-03-31T21:56:20.268+0000] {logging_mixin.py:190} INFO - [2025-03-31T21:56:20.267+0000] {dagbag.py:588} INFO - Filling up the DagBag from /home/airflow/.local/lib/python3.12/site-packages/airflow/example_dags/example_inlet_event_extra.py
[2025-03-31T21:56:52.439+0000] {logging_mixin.py:190} INFO - [2025-03-31T21:56:49.787+0000] {timeout.py:68} ERROR - Process timed out, PID: 2847
[2025-03-31T21:57:07.921+0000] {logging_mixin.py:190} INFO - [2025-03-31T21:56:59.102+0000] {dagbag.py:387} ERROR - Failed to import: /home/airflow/.local/lib/python3.12/site-packages/airflow/example_dags/example_inlet_event_extra.py
Traceback (most recent call last):
  File "/home/airflow/.local/lib/python3.12/site-packages/airflow/models/dagbag.py", line 383, in parse
    loader.exec_module(new_module)
  File "<frozen importlib._bootstrap_external>", line 999, in exec_module
  File "<frozen importlib._bootstrap>", line 488, in _call_with_frames_removed
  File "/home/airflow/.local/lib/python3.12/site-packages/airflow/example_dags/example_inlet_event_extra.py", line 33, in <module>
    ds = Dataset("s3://output/1.txt")
         ^^^^^^^^^^^^^^^^^^^^^^^^^^^^
  File "<attrs generated init airflow.datasets.Dataset>", line 3, in __init__
    _setattr('uri', __attr_converter_uri(uri))
                    ^^^^^^^^^^^^^^^^^^^^^^^^^
  File "/home/airflow/.local/lib/python3.12/site-packages/airflow/datasets/__init__.py", line 108, in _sanitize_uri
    if (normalizer := _get_uri_normalizer(normalized_scheme)) is not None:
                      ^^^^^^^^^^^^^^^^^^^^^^^^^^^^^^^^^^^^^^
  File "/home/airflow/.local/lib/python3.12/site-packages/airflow/datasets/__init__.py", line 58, in _get_uri_normalizer
    return ProvidersManager().dataset_uri_handlers.get(scheme)
           ^^^^^^^^^^^^^^^^^^^^^^^^^^^^^^^^^^^^^^^
  File "/home/airflow/.local/lib/python3.12/site-packages/airflow/providers_manager.py", line 1333, in dataset_uri_handlers
    self.initialize_providers_dataset_uri_resources()
  File "/home/airflow/.local/lib/python3.12/site-packages/airflow/providers_manager.py", line 384, in wrapped_function
    func(*args, **kwargs)
  File "/home/airflow/.local/lib/python3.12/site-packages/airflow/providers_manager.py", line 532, in initialize_providers_dataset_uri_resources
    self._discover_dataset_uri_resources()
  File "/home/airflow/.local/lib/python3.12/site-packages/airflow/providers_manager.py", line 914, in _discover_dataset_uri_resources
    _safe_register_resource(
  File "/home/airflow/.local/lib/python3.12/site-packages/airflow/providers_manager.py", line 902, in _safe_register_resource
    _correctness_check(provider_package_name, resource_path, provider)
  File "/home/airflow/.local/lib/python3.12/site-packages/airflow/providers_manager.py", line 327, in _correctness_check
    imported_class = import_string(class_name)
                     ^^^^^^^^^^^^^^^^^^^^^^^^^
  File "/home/airflow/.local/lib/python3.12/site-packages/airflow/utils/module_loading.py", line 39, in import_string
    module = import_module(module_path)
             ^^^^^^^^^^^^^^^^^^^^^^^^^^
  File "/usr/local/lib/python3.12/importlib/__init__.py", line 90, in import_module
    return _bootstrap._gcd_import(name[level:], package, level)
           ^^^^^^^^^^^^^^^^^^^^^^^^^^^^^^^^^^^^^^^^^^^^^^^^^^^^
  File "<frozen importlib._bootstrap>", line 1387, in _gcd_import
  File "<frozen importlib._bootstrap>", line 1360, in _find_and_load
  File "<frozen importlib._bootstrap>", line 1331, in _find_and_load_unlocked
  File "<frozen importlib._bootstrap>", line 935, in _load_unlocked
  File "<frozen importlib._bootstrap_external>", line 999, in exec_module
  File "<frozen importlib._bootstrap>", line 488, in _call_with_frames_removed
  File "/home/airflow/.local/lib/python3.12/site-packages/airflow/providers/google/assets/gcs.py", line 21, in <module>
    from airflow.providers.google.cloud.hooks.gcs import _parse_gcs_url
  File "/home/airflow/.local/lib/python3.12/site-packages/airflow/providers/google/cloud/hooks/gcs.py", line 50, in <module>
    from airflow.providers.google.common.hooks.base_google import (
  File "/home/airflow/.local/lib/python3.12/site-packages/airflow/providers/google/common/hooks/base_google.py", line 54, in <module>
    from airflow.providers.google.cloud.utils.credentials_provider import (
  File "/home/airflow/.local/lib/python3.12/site-packages/airflow/providers/google/cloud/utils/credentials_provider.py", line 37, in <module>
    from airflow.providers.google.cloud._internal_client.secret_manager_client import _SecretManagerClient
  File "/home/airflow/.local/lib/python3.12/site-packages/airflow/providers/google/cloud/_internal_client/secret_manager_client.py", line 24, in <module>
    from google.cloud.secretmanager_v1 import SecretManagerServiceClient
  File "/home/airflow/.local/lib/python3.12/site-packages/google/cloud/secretmanager_v1/__init__.py", line 21, in <module>
    from .services.secret_manager_service import (
  File "/home/airflow/.local/lib/python3.12/site-packages/google/cloud/secretmanager_v1/services/secret_manager_service/__init__.py", line 16, in <module>
    from .async_client import SecretManagerServiceAsyncClient
  File "/home/airflow/.local/lib/python3.12/site-packages/google/cloud/secretmanager_v1/services/secret_manager_service/async_client.py", line 53, in <module>
    from google.cloud.secretmanager_v1.services.secret_manager_service import pagers
  File "/home/airflow/.local/lib/python3.12/site-packages/google/cloud/secretmanager_v1/services/secret_manager_service/pagers.py", line 41, in <module>
    from google.cloud.secretmanager_v1.types import resources, service
  File "/home/airflow/.local/lib/python3.12/site-packages/google/cloud/secretmanager_v1/types/__init__.py", line 16, in <module>
    from .resources import (
  File "<frozen importlib._bootstrap>", line 1360, in _find_and_load
  File "<frozen importlib._bootstrap>", line 1331, in _find_and_load_unlocked
  File "<frozen importlib._bootstrap>", line 935, in _load_unlocked
  File "<frozen importlib._bootstrap_external>", line 995, in exec_module
  File "<frozen importlib._bootstrap_external>", line 1100, in get_code
  File "<frozen importlib._bootstrap_external>", line 695, in _classify_pyc
  File "<frozen importlib._bootstrap_external>", line 84, in _unpack_uint32
  File "/home/airflow/.local/lib/python3.12/site-packages/airflow/utils/timeout.py", line 69, in handle_timeout
    raise AirflowTaskTimeout(self.error_message)
airflow.exceptions.AirflowTaskTimeout: DagBag import timeout for /home/airflow/.local/lib/python3.12/site-packages/airflow/example_dags/example_inlet_event_extra.py after 30.0s.
Please take a look at these docs to improve your DAG import time:
* https://airflow.apache.org/docs/apache-airflow/2.10.5/best-practices.html#top-level-python-code
* https://airflow.apache.org/docs/apache-airflow/2.10.5/best-practices.html#reducing-dag-complexity, PID: 2847
[2025-03-31T21:57:07.959+0000] {processor.py:927} WARNING - No viable dags retrieved from /home/airflow/.local/lib/python3.12/site-packages/airflow/example_dags/example_inlet_event_extra.py
[2025-03-31T21:57:08.125+0000] {processor.py:208} INFO - Processing /home/airflow/.local/lib/python3.12/site-packages/airflow/example_dags/example_inlet_event_extra.py took 48.994 seconds
[2025-03-31T21:57:38.316+0000] {processor.py:186} INFO - Started process (PID=2912) to work on /home/airflow/.local/lib/python3.12/site-packages/airflow/example_dags/example_inlet_event_extra.py
[2025-03-31T21:57:38.321+0000] {processor.py:914} INFO - Processing file /home/airflow/.local/lib/python3.12/site-packages/airflow/example_dags/example_inlet_event_extra.py for tasks to queue
[2025-03-31T21:57:38.336+0000] {logging_mixin.py:190} INFO - [2025-03-31T21:57:38.335+0000] {dagbag.py:588} INFO - Filling up the DagBag from /home/airflow/.local/lib/python3.12/site-packages/airflow/example_dags/example_inlet_event_extra.py
[2025-03-31T21:57:40.251+0000] {processor.py:925} INFO - DAG(s) 'read_dataset_event', 'read_dataset_event_from_classic' retrieved from /home/airflow/.local/lib/python3.12/site-packages/airflow/example_dags/example_inlet_event_extra.py
[2025-03-31T21:57:40.731+0000] {logging_mixin.py:190} INFO - [2025-03-31T21:57:40.731+0000] {dag.py:3239} INFO - Sync 2 DAGs
[2025-03-31T21:57:40.800+0000] {logging_mixin.py:190} INFO - [2025-03-31T21:57:40.800+0000] {dag.py:4180} INFO - Setting next_dagrun for read_dataset_event to 2025-03-30 00:00:00+00:00, run_after=2025-03-31 00:00:00+00:00
[2025-03-31T21:57:40.819+0000] {logging_mixin.py:190} INFO - [2025-03-31T21:57:40.819+0000] {dag.py:4180} INFO - Setting next_dagrun for read_dataset_event_from_classic to 2025-03-30 00:00:00+00:00, run_after=2025-03-31 00:00:00+00:00
[2025-03-31T21:57:40.896+0000] {processor.py:208} INFO - Processing /home/airflow/.local/lib/python3.12/site-packages/airflow/example_dags/example_inlet_event_extra.py took 2.603 seconds
[2025-03-31T21:58:11.294+0000] {processor.py:186} INFO - Started process (PID=2983) to work on /home/airflow/.local/lib/python3.12/site-packages/airflow/example_dags/example_inlet_event_extra.py
[2025-03-31T21:58:11.297+0000] {processor.py:914} INFO - Processing file /home/airflow/.local/lib/python3.12/site-packages/airflow/example_dags/example_inlet_event_extra.py for tasks to queue
[2025-03-31T21:58:11.300+0000] {logging_mixin.py:190} INFO - [2025-03-31T21:58:11.299+0000] {dagbag.py:588} INFO - Filling up the DagBag from /home/airflow/.local/lib/python3.12/site-packages/airflow/example_dags/example_inlet_event_extra.py
[2025-03-31T21:58:12.363+0000] {processor.py:925} INFO - DAG(s) 'read_dataset_event', 'read_dataset_event_from_classic' retrieved from /home/airflow/.local/lib/python3.12/site-packages/airflow/example_dags/example_inlet_event_extra.py
[2025-03-31T21:58:12.414+0000] {logging_mixin.py:190} INFO - [2025-03-31T21:58:12.414+0000] {dag.py:3239} INFO - Sync 2 DAGs
[2025-03-31T21:58:12.476+0000] {logging_mixin.py:190} INFO - [2025-03-31T21:58:12.475+0000] {dag.py:4180} INFO - Setting next_dagrun for read_dataset_event to 2025-03-30 00:00:00+00:00, run_after=2025-03-31 00:00:00+00:00
[2025-03-31T21:58:12.494+0000] {logging_mixin.py:190} INFO - [2025-03-31T21:58:12.493+0000] {dag.py:4180} INFO - Setting next_dagrun for read_dataset_event_from_classic to 2025-03-30 00:00:00+00:00, run_after=2025-03-31 00:00:00+00:00
[2025-03-31T21:58:12.559+0000] {processor.py:208} INFO - Processing /home/airflow/.local/lib/python3.12/site-packages/airflow/example_dags/example_inlet_event_extra.py took 1.274 seconds
[2025-03-31T21:58:42.913+0000] {processor.py:186} INFO - Started process (PID=3048) to work on /home/airflow/.local/lib/python3.12/site-packages/airflow/example_dags/example_inlet_event_extra.py
[2025-03-31T21:58:42.918+0000] {processor.py:914} INFO - Processing file /home/airflow/.local/lib/python3.12/site-packages/airflow/example_dags/example_inlet_event_extra.py for tasks to queue
[2025-03-31T21:58:42.922+0000] {logging_mixin.py:190} INFO - [2025-03-31T21:58:42.920+0000] {dagbag.py:588} INFO - Filling up the DagBag from /home/airflow/.local/lib/python3.12/site-packages/airflow/example_dags/example_inlet_event_extra.py
[2025-03-31T21:58:45.944+0000] {processor.py:925} INFO - DAG(s) 'read_dataset_event_from_classic', 'read_dataset_event' retrieved from /home/airflow/.local/lib/python3.12/site-packages/airflow/example_dags/example_inlet_event_extra.py
[2025-03-31T21:58:46.965+0000] {logging_mixin.py:190} INFO - [2025-03-31T21:58:46.954+0000] {dag.py:3239} INFO - Sync 2 DAGs
[2025-03-31T21:58:48.884+0000] {logging_mixin.py:190} INFO - [2025-03-31T21:58:48.761+0000] {dag.py:4180} INFO - Setting next_dagrun for read_dataset_event to 2025-03-30 00:00:00+00:00, run_after=2025-03-31 00:00:00+00:00
[2025-03-31T21:58:51.538+0000] {logging_mixin.py:190} INFO - [2025-03-31T21:58:51.464+0000] {dag.py:4180} INFO - Setting next_dagrun for read_dataset_event_from_classic to 2025-03-30 00:00:00+00:00, run_after=2025-03-31 00:00:00+00:00
[2025-03-31T21:59:05.008+0000] {processor.py:208} INFO - Processing /home/airflow/.local/lib/python3.12/site-packages/airflow/example_dags/example_inlet_event_extra.py took 22.120 seconds
[2025-03-31T21:59:36.315+0000] {processor.py:186} INFO - Started process (PID=3114) to work on /home/airflow/.local/lib/python3.12/site-packages/airflow/example_dags/example_inlet_event_extra.py
[2025-03-31T21:59:36.317+0000] {processor.py:914} INFO - Processing file /home/airflow/.local/lib/python3.12/site-packages/airflow/example_dags/example_inlet_event_extra.py for tasks to queue
[2025-03-31T21:59:36.320+0000] {logging_mixin.py:190} INFO - [2025-03-31T21:59:36.319+0000] {dagbag.py:588} INFO - Filling up the DagBag from /home/airflow/.local/lib/python3.12/site-packages/airflow/example_dags/example_inlet_event_extra.py
[2025-03-31T21:59:37.358+0000] {processor.py:925} INFO - DAG(s) 'read_dataset_event', 'read_dataset_event_from_classic' retrieved from /home/airflow/.local/lib/python3.12/site-packages/airflow/example_dags/example_inlet_event_extra.py
[2025-03-31T21:59:37.397+0000] {logging_mixin.py:190} INFO - [2025-03-31T21:59:37.397+0000] {dag.py:3239} INFO - Sync 2 DAGs
[2025-03-31T21:59:37.452+0000] {logging_mixin.py:190} INFO - [2025-03-31T21:59:37.452+0000] {dag.py:4180} INFO - Setting next_dagrun for read_dataset_event to 2025-03-30 00:00:00+00:00, run_after=2025-03-31 00:00:00+00:00
[2025-03-31T21:59:37.463+0000] {logging_mixin.py:190} INFO - [2025-03-31T21:59:37.463+0000] {dag.py:4180} INFO - Setting next_dagrun for read_dataset_event_from_classic to 2025-03-30 00:00:00+00:00, run_after=2025-03-31 00:00:00+00:00
[2025-03-31T21:59:37.502+0000] {processor.py:208} INFO - Processing /home/airflow/.local/lib/python3.12/site-packages/airflow/example_dags/example_inlet_event_extra.py took 1.198 seconds
[2025-03-31T22:00:07.783+0000] {processor.py:186} INFO - Started process (PID=3180) to work on /home/airflow/.local/lib/python3.12/site-packages/airflow/example_dags/example_inlet_event_extra.py
[2025-03-31T22:00:07.784+0000] {processor.py:914} INFO - Processing file /home/airflow/.local/lib/python3.12/site-packages/airflow/example_dags/example_inlet_event_extra.py for tasks to queue
[2025-03-31T22:00:07.788+0000] {logging_mixin.py:190} INFO - [2025-03-31T22:00:07.787+0000] {dagbag.py:588} INFO - Filling up the DagBag from /home/airflow/.local/lib/python3.12/site-packages/airflow/example_dags/example_inlet_event_extra.py
[2025-03-31T22:00:09.279+0000] {processor.py:925} INFO - DAG(s) 'read_dataset_event', 'read_dataset_event_from_classic' retrieved from /home/airflow/.local/lib/python3.12/site-packages/airflow/example_dags/example_inlet_event_extra.py
[2025-03-31T22:00:09.315+0000] {logging_mixin.py:190} INFO - [2025-03-31T22:00:09.315+0000] {dag.py:3239} INFO - Sync 2 DAGs
[2025-03-31T22:00:09.366+0000] {logging_mixin.py:190} INFO - [2025-03-31T22:00:09.365+0000] {dag.py:4180} INFO - Setting next_dagrun for read_dataset_event to 2025-03-30 00:00:00+00:00, run_after=2025-03-31 00:00:00+00:00
[2025-03-31T22:00:09.378+0000] {logging_mixin.py:190} INFO - [2025-03-31T22:00:09.378+0000] {dag.py:4180} INFO - Setting next_dagrun for read_dataset_event_from_classic to 2025-03-30 00:00:00+00:00, run_after=2025-03-31 00:00:00+00:00
[2025-03-31T22:00:09.405+0000] {processor.py:208} INFO - Processing /home/airflow/.local/lib/python3.12/site-packages/airflow/example_dags/example_inlet_event_extra.py took 1.634 seconds
[2025-03-31T22:00:40.781+0000] {processor.py:186} INFO - Started process (PID=3253) to work on /home/airflow/.local/lib/python3.12/site-packages/airflow/example_dags/example_inlet_event_extra.py
[2025-03-31T22:00:40.783+0000] {processor.py:914} INFO - Processing file /home/airflow/.local/lib/python3.12/site-packages/airflow/example_dags/example_inlet_event_extra.py for tasks to queue
[2025-03-31T22:00:40.787+0000] {logging_mixin.py:190} INFO - [2025-03-31T22:00:40.785+0000] {dagbag.py:588} INFO - Filling up the DagBag from /home/airflow/.local/lib/python3.12/site-packages/airflow/example_dags/example_inlet_event_extra.py
[2025-03-31T22:00:42.213+0000] {processor.py:925} INFO - DAG(s) 'read_dataset_event', 'read_dataset_event_from_classic' retrieved from /home/airflow/.local/lib/python3.12/site-packages/airflow/example_dags/example_inlet_event_extra.py
[2025-03-31T22:00:42.272+0000] {logging_mixin.py:190} INFO - [2025-03-31T22:00:42.272+0000] {dag.py:3239} INFO - Sync 2 DAGs
[2025-03-31T22:00:42.330+0000] {logging_mixin.py:190} INFO - [2025-03-31T22:00:42.329+0000] {dag.py:4180} INFO - Setting next_dagrun for read_dataset_event to 2025-03-30 00:00:00+00:00, run_after=2025-03-31 00:00:00+00:00
[2025-03-31T22:00:42.345+0000] {logging_mixin.py:190} INFO - [2025-03-31T22:00:42.344+0000] {dag.py:4180} INFO - Setting next_dagrun for read_dataset_event_from_classic to 2025-03-30 00:00:00+00:00, run_after=2025-03-31 00:00:00+00:00
[2025-03-31T22:00:42.404+0000] {processor.py:208} INFO - Processing /home/airflow/.local/lib/python3.12/site-packages/airflow/example_dags/example_inlet_event_extra.py took 1.634 seconds
