[2025-03-31T21:20:41.045+0000] {processor.py:186} INFO - Started process (PID=89) to work on /home/airflow/.local/lib/python3.12/site-packages/airflow/example_dags/example_latest_only_with_trigger.py
[2025-03-31T21:20:41.048+0000] {processor.py:914} INFO - Processing file /home/airflow/.local/lib/python3.12/site-packages/airflow/example_dags/example_latest_only_with_trigger.py for tasks to queue
[2025-03-31T21:20:41.059+0000] {logging_mixin.py:190} INFO - [2025-03-31T21:20:41.056+0000] {dagbag.py:588} INFO - Filling up the DagBag from /home/airflow/.local/lib/python3.12/site-packages/airflow/example_dags/example_latest_only_with_trigger.py
[2025-03-31T21:20:41.095+0000] {processor.py:925} INFO - DAG(s) 'latest_only_with_trigger' retrieved from /home/airflow/.local/lib/python3.12/site-packages/airflow/example_dags/example_latest_only_with_trigger.py
[2025-03-31T21:20:41.693+0000] {logging_mixin.py:190} INFO - [2025-03-31T21:20:41.691+0000] {override.py:1912} INFO - Created Permission View: can edit on DAG:latest_only_with_trigger
[2025-03-31T21:20:41.718+0000] {logging_mixin.py:190} INFO - [2025-03-31T21:20:41.718+0000] {override.py:1912} INFO - Created Permission View: can delete on DAG:latest_only_with_trigger
[2025-03-31T21:20:41.731+0000] {logging_mixin.py:190} INFO - [2025-03-31T21:20:41.731+0000] {override.py:1912} INFO - Created Permission View: can read on DAG:latest_only_with_trigger
[2025-03-31T21:20:41.753+0000] {logging_mixin.py:190} INFO - [2025-03-31T21:20:41.752+0000] {override.py:1912} INFO - Created Permission View: menu access on DAG Run:latest_only_with_trigger
[2025-03-31T21:20:41.767+0000] {logging_mixin.py:190} INFO - [2025-03-31T21:20:41.767+0000] {override.py:1912} INFO - Created Permission View: can delete on DAG Run:latest_only_with_trigger
[2025-03-31T21:20:41.781+0000] {logging_mixin.py:190} INFO - [2025-03-31T21:20:41.781+0000] {override.py:1912} INFO - Created Permission View: can read on DAG Run:latest_only_with_trigger
[2025-03-31T21:20:41.796+0000] {logging_mixin.py:190} INFO - [2025-03-31T21:20:41.794+0000] {override.py:1912} INFO - Created Permission View: can create on DAG Run:latest_only_with_trigger
[2025-03-31T21:20:41.799+0000] {logging_mixin.py:190} INFO - [2025-03-31T21:20:41.798+0000] {dag.py:3239} INFO - Sync 1 DAGs
[2025-03-31T21:20:41.837+0000] {logging_mixin.py:190} INFO - [2025-03-31T21:20:41.837+0000] {dag.py:3262} INFO - Creating ORM DAG for latest_only_with_trigger
[2025-03-31T21:20:41.874+0000] {logging_mixin.py:190} INFO - [2025-03-31T21:20:41.874+0000] {dag.py:4180} INFO - Setting next_dagrun for latest_only_with_trigger to 2025-03-31 16:00:00+00:00, run_after=2025-03-31 20:00:00+00:00
[2025-03-31T21:20:41.930+0000] {processor.py:208} INFO - Processing /home/airflow/.local/lib/python3.12/site-packages/airflow/example_dags/example_latest_only_with_trigger.py took 0.902 seconds
[2025-03-31T21:22:13.378+0000] {processor.py:186} INFO - Started process (PID=146) to work on /home/airflow/.local/lib/python3.12/site-packages/airflow/example_dags/example_latest_only_with_trigger.py
[2025-03-31T21:22:13.382+0000] {processor.py:914} INFO - Processing file /home/airflow/.local/lib/python3.12/site-packages/airflow/example_dags/example_latest_only_with_trigger.py for tasks to queue
[2025-03-31T21:22:13.393+0000] {logging_mixin.py:190} INFO - [2025-03-31T21:22:13.391+0000] {dagbag.py:588} INFO - Filling up the DagBag from /home/airflow/.local/lib/python3.12/site-packages/airflow/example_dags/example_latest_only_with_trigger.py
[2025-03-31T21:22:13.420+0000] {processor.py:925} INFO - DAG(s) 'latest_only_with_trigger' retrieved from /home/airflow/.local/lib/python3.12/site-packages/airflow/example_dags/example_latest_only_with_trigger.py
[2025-03-31T21:22:13.460+0000] {logging_mixin.py:190} INFO - [2025-03-31T21:22:13.459+0000] {dag.py:3239} INFO - Sync 1 DAGs
[2025-03-31T21:22:13.517+0000] {logging_mixin.py:190} INFO - [2025-03-31T21:22:13.517+0000] {dag.py:4180} INFO - Setting next_dagrun for latest_only_with_trigger to 2025-03-31 16:00:00+00:00, run_after=2025-03-31 20:00:00+00:00
[2025-03-31T21:22:13.585+0000] {processor.py:208} INFO - Processing /home/airflow/.local/lib/python3.12/site-packages/airflow/example_dags/example_latest_only_with_trigger.py took 0.219 seconds
[2025-03-31T21:22:46.732+0000] {processor.py:186} INFO - Started process (PID=209) to work on /home/airflow/.local/lib/python3.12/site-packages/airflow/example_dags/example_latest_only_with_trigger.py
[2025-03-31T21:22:46.734+0000] {processor.py:914} INFO - Processing file /home/airflow/.local/lib/python3.12/site-packages/airflow/example_dags/example_latest_only_with_trigger.py for tasks to queue
[2025-03-31T21:22:46.740+0000] {logging_mixin.py:190} INFO - [2025-03-31T21:22:46.739+0000] {dagbag.py:588} INFO - Filling up the DagBag from /home/airflow/.local/lib/python3.12/site-packages/airflow/example_dags/example_latest_only_with_trigger.py
[2025-03-31T21:22:46.757+0000] {processor.py:925} INFO - DAG(s) 'latest_only_with_trigger' retrieved from /home/airflow/.local/lib/python3.12/site-packages/airflow/example_dags/example_latest_only_with_trigger.py
[2025-03-31T21:22:46.796+0000] {logging_mixin.py:190} INFO - [2025-03-31T21:22:46.796+0000] {dag.py:3239} INFO - Sync 1 DAGs
[2025-03-31T21:22:46.868+0000] {logging_mixin.py:190} INFO - [2025-03-31T21:22:46.868+0000] {dag.py:4180} INFO - Setting next_dagrun for latest_only_with_trigger to 2025-03-31 16:00:00+00:00, run_after=2025-03-31 20:00:00+00:00
[2025-03-31T21:22:46.900+0000] {processor.py:208} INFO - Processing /home/airflow/.local/lib/python3.12/site-packages/airflow/example_dags/example_latest_only_with_trigger.py took 0.178 seconds
[2025-03-31T21:23:24.849+0000] {processor.py:186} INFO - Started process (PID=278) to work on /home/airflow/.local/lib/python3.12/site-packages/airflow/example_dags/example_latest_only_with_trigger.py
[2025-03-31T21:23:24.855+0000] {processor.py:914} INFO - Processing file /home/airflow/.local/lib/python3.12/site-packages/airflow/example_dags/example_latest_only_with_trigger.py for tasks to queue
[2025-03-31T21:23:24.860+0000] {logging_mixin.py:190} INFO - [2025-03-31T21:23:24.859+0000] {dagbag.py:588} INFO - Filling up the DagBag from /home/airflow/.local/lib/python3.12/site-packages/airflow/example_dags/example_latest_only_with_trigger.py
[2025-03-31T21:23:24.894+0000] {processor.py:925} INFO - DAG(s) 'latest_only_with_trigger' retrieved from /home/airflow/.local/lib/python3.12/site-packages/airflow/example_dags/example_latest_only_with_trigger.py
[2025-03-31T21:23:24.947+0000] {logging_mixin.py:190} INFO - [2025-03-31T21:23:24.946+0000] {dag.py:3239} INFO - Sync 1 DAGs
[2025-03-31T21:23:25.018+0000] {logging_mixin.py:190} INFO - [2025-03-31T21:23:25.017+0000] {dag.py:4180} INFO - Setting next_dagrun for latest_only_with_trigger to 2025-03-31 16:00:00+00:00, run_after=2025-03-31 20:00:00+00:00
[2025-03-31T21:23:25.070+0000] {processor.py:208} INFO - Processing /home/airflow/.local/lib/python3.12/site-packages/airflow/example_dags/example_latest_only_with_trigger.py took 0.233 seconds
[2025-03-31T21:23:59.024+0000] {processor.py:186} INFO - Started process (PID=340) to work on /home/airflow/.local/lib/python3.12/site-packages/airflow/example_dags/example_latest_only_with_trigger.py
[2025-03-31T21:23:59.026+0000] {processor.py:914} INFO - Processing file /home/airflow/.local/lib/python3.12/site-packages/airflow/example_dags/example_latest_only_with_trigger.py for tasks to queue
[2025-03-31T21:23:59.038+0000] {logging_mixin.py:190} INFO - [2025-03-31T21:23:59.035+0000] {dagbag.py:588} INFO - Filling up the DagBag from /home/airflow/.local/lib/python3.12/site-packages/airflow/example_dags/example_latest_only_with_trigger.py
[2025-03-31T21:23:59.067+0000] {processor.py:925} INFO - DAG(s) 'latest_only_with_trigger' retrieved from /home/airflow/.local/lib/python3.12/site-packages/airflow/example_dags/example_latest_only_with_trigger.py
[2025-03-31T21:23:59.176+0000] {logging_mixin.py:190} INFO - [2025-03-31T21:23:59.175+0000] {dag.py:3239} INFO - Sync 1 DAGs
[2025-03-31T21:23:59.243+0000] {logging_mixin.py:190} INFO - [2025-03-31T21:23:59.243+0000] {dag.py:4180} INFO - Setting next_dagrun for latest_only_with_trigger to 2025-03-31 16:00:00+00:00, run_after=2025-03-31 20:00:00+00:00
[2025-03-31T21:23:59.350+0000] {processor.py:208} INFO - Processing /home/airflow/.local/lib/python3.12/site-packages/airflow/example_dags/example_latest_only_with_trigger.py took 0.344 seconds
[2025-03-31T21:24:32.727+0000] {processor.py:186} INFO - Started process (PID=403) to work on /home/airflow/.local/lib/python3.12/site-packages/airflow/example_dags/example_latest_only_with_trigger.py
[2025-03-31T21:24:32.731+0000] {processor.py:914} INFO - Processing file /home/airflow/.local/lib/python3.12/site-packages/airflow/example_dags/example_latest_only_with_trigger.py for tasks to queue
[2025-03-31T21:24:32.746+0000] {logging_mixin.py:190} INFO - [2025-03-31T21:24:32.745+0000] {dagbag.py:588} INFO - Filling up the DagBag from /home/airflow/.local/lib/python3.12/site-packages/airflow/example_dags/example_latest_only_with_trigger.py
[2025-03-31T21:24:32.814+0000] {processor.py:925} INFO - DAG(s) 'latest_only_with_trigger' retrieved from /home/airflow/.local/lib/python3.12/site-packages/airflow/example_dags/example_latest_only_with_trigger.py
[2025-03-31T21:24:32.974+0000] {logging_mixin.py:190} INFO - [2025-03-31T21:24:32.970+0000] {dag.py:3239} INFO - Sync 1 DAGs
[2025-03-31T21:24:33.178+0000] {logging_mixin.py:190} INFO - [2025-03-31T21:24:33.177+0000] {dag.py:4180} INFO - Setting next_dagrun for latest_only_with_trigger to 2025-03-31 16:00:00+00:00, run_after=2025-03-31 20:00:00+00:00
[2025-03-31T21:24:33.502+0000] {processor.py:208} INFO - Processing /home/airflow/.local/lib/python3.12/site-packages/airflow/example_dags/example_latest_only_with_trigger.py took 0.811 seconds
[2025-03-31T21:25:06.262+0000] {processor.py:186} INFO - Started process (PID=466) to work on /home/airflow/.local/lib/python3.12/site-packages/airflow/example_dags/example_latest_only_with_trigger.py
[2025-03-31T21:25:06.264+0000] {processor.py:914} INFO - Processing file /home/airflow/.local/lib/python3.12/site-packages/airflow/example_dags/example_latest_only_with_trigger.py for tasks to queue
[2025-03-31T21:25:06.270+0000] {logging_mixin.py:190} INFO - [2025-03-31T21:25:06.269+0000] {dagbag.py:588} INFO - Filling up the DagBag from /home/airflow/.local/lib/python3.12/site-packages/airflow/example_dags/example_latest_only_with_trigger.py
[2025-03-31T21:25:06.293+0000] {processor.py:925} INFO - DAG(s) 'latest_only_with_trigger' retrieved from /home/airflow/.local/lib/python3.12/site-packages/airflow/example_dags/example_latest_only_with_trigger.py
[2025-03-31T21:25:06.393+0000] {logging_mixin.py:190} INFO - [2025-03-31T21:25:06.393+0000] {dag.py:3239} INFO - Sync 1 DAGs
[2025-03-31T21:25:06.554+0000] {logging_mixin.py:190} INFO - [2025-03-31T21:25:06.543+0000] {dag.py:4180} INFO - Setting next_dagrun for latest_only_with_trigger to 2025-03-31 16:00:00+00:00, run_after=2025-03-31 20:00:00+00:00
[2025-03-31T21:25:06.665+0000] {processor.py:208} INFO - Processing /home/airflow/.local/lib/python3.12/site-packages/airflow/example_dags/example_latest_only_with_trigger.py took 0.416 seconds
[2025-03-31T21:26:16.683+0000] {processor.py:186} INFO - Started process (PID=503) to work on /home/airflow/.local/lib/python3.12/site-packages/airflow/example_dags/example_latest_only_with_trigger.py
[2025-03-31T21:26:16.730+0000] {processor.py:914} INFO - Processing file /home/airflow/.local/lib/python3.12/site-packages/airflow/example_dags/example_latest_only_with_trigger.py for tasks to queue
[2025-03-31T21:26:16.789+0000] {logging_mixin.py:190} INFO - [2025-03-31T21:26:16.770+0000] {dagbag.py:588} INFO - Filling up the DagBag from /home/airflow/.local/lib/python3.12/site-packages/airflow/example_dags/example_latest_only_with_trigger.py
[2025-03-31T21:26:17.203+0000] {processor.py:925} INFO - DAG(s) 'latest_only_with_trigger' retrieved from /home/airflow/.local/lib/python3.12/site-packages/airflow/example_dags/example_latest_only_with_trigger.py
[2025-03-31T21:26:18.998+0000] {logging_mixin.py:190} INFO - [2025-03-31T21:26:18.889+0000] {dag.py:3239} INFO - Sync 1 DAGs
[2025-03-31T21:26:21.414+0000] {logging_mixin.py:190} INFO - [2025-03-31T21:26:21.397+0000] {dag.py:4180} INFO - Setting next_dagrun for latest_only_with_trigger to 2025-03-31 16:00:00+00:00, run_after=2025-03-31 20:00:00+00:00
[2025-03-31T21:26:39.322+0000] {processor.py:208} INFO - Processing /home/airflow/.local/lib/python3.12/site-packages/airflow/example_dags/example_latest_only_with_trigger.py took 22.811 seconds
[2025-03-31T21:27:09.558+0000] {processor.py:186} INFO - Started process (PID=564) to work on /home/airflow/.local/lib/python3.12/site-packages/airflow/example_dags/example_latest_only_with_trigger.py
[2025-03-31T21:27:09.565+0000] {processor.py:914} INFO - Processing file /home/airflow/.local/lib/python3.12/site-packages/airflow/example_dags/example_latest_only_with_trigger.py for tasks to queue
[2025-03-31T21:27:09.571+0000] {logging_mixin.py:190} INFO - [2025-03-31T21:27:09.571+0000] {dagbag.py:588} INFO - Filling up the DagBag from /home/airflow/.local/lib/python3.12/site-packages/airflow/example_dags/example_latest_only_with_trigger.py
[2025-03-31T21:27:09.617+0000] {processor.py:925} INFO - DAG(s) 'latest_only_with_trigger' retrieved from /home/airflow/.local/lib/python3.12/site-packages/airflow/example_dags/example_latest_only_with_trigger.py
[2025-03-31T21:27:09.677+0000] {logging_mixin.py:190} INFO - [2025-03-31T21:27:09.677+0000] {dag.py:3239} INFO - Sync 1 DAGs
[2025-03-31T21:27:09.740+0000] {logging_mixin.py:190} INFO - [2025-03-31T21:27:09.740+0000] {dag.py:4180} INFO - Setting next_dagrun for latest_only_with_trigger to 2025-03-31 16:00:00+00:00, run_after=2025-03-31 20:00:00+00:00
[2025-03-31T21:27:09.788+0000] {processor.py:208} INFO - Processing /home/airflow/.local/lib/python3.12/site-packages/airflow/example_dags/example_latest_only_with_trigger.py took 0.253 seconds
[2025-03-31T21:27:39.842+0000] {processor.py:186} INFO - Started process (PID=633) to work on /home/airflow/.local/lib/python3.12/site-packages/airflow/example_dags/example_latest_only_with_trigger.py
[2025-03-31T21:27:39.844+0000] {processor.py:914} INFO - Processing file /home/airflow/.local/lib/python3.12/site-packages/airflow/example_dags/example_latest_only_with_trigger.py for tasks to queue
[2025-03-31T21:27:39.846+0000] {logging_mixin.py:190} INFO - [2025-03-31T21:27:39.845+0000] {dagbag.py:588} INFO - Filling up the DagBag from /home/airflow/.local/lib/python3.12/site-packages/airflow/example_dags/example_latest_only_with_trigger.py
[2025-03-31T21:27:39.865+0000] {processor.py:925} INFO - DAG(s) 'latest_only_with_trigger' retrieved from /home/airflow/.local/lib/python3.12/site-packages/airflow/example_dags/example_latest_only_with_trigger.py
[2025-03-31T21:27:39.898+0000] {logging_mixin.py:190} INFO - [2025-03-31T21:27:39.898+0000] {dag.py:3239} INFO - Sync 1 DAGs
[2025-03-31T21:27:39.937+0000] {logging_mixin.py:190} INFO - [2025-03-31T21:27:39.937+0000] {dag.py:4180} INFO - Setting next_dagrun for latest_only_with_trigger to 2025-03-31 16:00:00+00:00, run_after=2025-03-31 20:00:00+00:00
[2025-03-31T21:27:39.969+0000] {processor.py:208} INFO - Processing /home/airflow/.local/lib/python3.12/site-packages/airflow/example_dags/example_latest_only_with_trigger.py took 0.137 seconds
[2025-03-31T21:28:10.402+0000] {processor.py:186} INFO - Started process (PID=696) to work on /home/airflow/.local/lib/python3.12/site-packages/airflow/example_dags/example_latest_only_with_trigger.py
[2025-03-31T21:28:10.404+0000] {processor.py:914} INFO - Processing file /home/airflow/.local/lib/python3.12/site-packages/airflow/example_dags/example_latest_only_with_trigger.py for tasks to queue
[2025-03-31T21:28:10.413+0000] {logging_mixin.py:190} INFO - [2025-03-31T21:28:10.413+0000] {dagbag.py:588} INFO - Filling up the DagBag from /home/airflow/.local/lib/python3.12/site-packages/airflow/example_dags/example_latest_only_with_trigger.py
[2025-03-31T21:28:10.458+0000] {processor.py:925} INFO - DAG(s) 'latest_only_with_trigger' retrieved from /home/airflow/.local/lib/python3.12/site-packages/airflow/example_dags/example_latest_only_with_trigger.py
[2025-03-31T21:28:10.556+0000] {logging_mixin.py:190} INFO - [2025-03-31T21:28:10.555+0000] {dag.py:3239} INFO - Sync 1 DAGs
[2025-03-31T21:28:10.614+0000] {logging_mixin.py:190} INFO - [2025-03-31T21:28:10.614+0000] {dag.py:4180} INFO - Setting next_dagrun for latest_only_with_trigger to 2025-03-31 16:00:00+00:00, run_after=2025-03-31 20:00:00+00:00
[2025-03-31T21:28:10.691+0000] {processor.py:208} INFO - Processing /home/airflow/.local/lib/python3.12/site-packages/airflow/example_dags/example_latest_only_with_trigger.py took 0.301 seconds
[2025-03-31T21:28:40.768+0000] {processor.py:186} INFO - Started process (PID=759) to work on /home/airflow/.local/lib/python3.12/site-packages/airflow/example_dags/example_latest_only_with_trigger.py
[2025-03-31T21:28:40.769+0000] {processor.py:914} INFO - Processing file /home/airflow/.local/lib/python3.12/site-packages/airflow/example_dags/example_latest_only_with_trigger.py for tasks to queue
[2025-03-31T21:28:40.773+0000] {logging_mixin.py:190} INFO - [2025-03-31T21:28:40.772+0000] {dagbag.py:588} INFO - Filling up the DagBag from /home/airflow/.local/lib/python3.12/site-packages/airflow/example_dags/example_latest_only_with_trigger.py
[2025-03-31T21:28:40.787+0000] {processor.py:925} INFO - DAG(s) 'latest_only_with_trigger' retrieved from /home/airflow/.local/lib/python3.12/site-packages/airflow/example_dags/example_latest_only_with_trigger.py
[2025-03-31T21:28:40.814+0000] {logging_mixin.py:190} INFO - [2025-03-31T21:28:40.814+0000] {dag.py:3239} INFO - Sync 1 DAGs
[2025-03-31T21:28:40.848+0000] {logging_mixin.py:190} INFO - [2025-03-31T21:28:40.848+0000] {dag.py:4180} INFO - Setting next_dagrun for latest_only_with_trigger to 2025-03-31 16:00:00+00:00, run_after=2025-03-31 20:00:00+00:00
[2025-03-31T21:28:40.883+0000] {processor.py:208} INFO - Processing /home/airflow/.local/lib/python3.12/site-packages/airflow/example_dags/example_latest_only_with_trigger.py took 0.125 seconds
[2025-03-31T21:29:11.155+0000] {processor.py:186} INFO - Started process (PID=822) to work on /home/airflow/.local/lib/python3.12/site-packages/airflow/example_dags/example_latest_only_with_trigger.py
[2025-03-31T21:29:11.159+0000] {processor.py:914} INFO - Processing file /home/airflow/.local/lib/python3.12/site-packages/airflow/example_dags/example_latest_only_with_trigger.py for tasks to queue
[2025-03-31T21:29:11.162+0000] {logging_mixin.py:190} INFO - [2025-03-31T21:29:11.161+0000] {dagbag.py:588} INFO - Filling up the DagBag from /home/airflow/.local/lib/python3.12/site-packages/airflow/example_dags/example_latest_only_with_trigger.py
[2025-03-31T21:29:11.186+0000] {processor.py:925} INFO - DAG(s) 'latest_only_with_trigger' retrieved from /home/airflow/.local/lib/python3.12/site-packages/airflow/example_dags/example_latest_only_with_trigger.py
[2025-03-31T21:29:11.241+0000] {logging_mixin.py:190} INFO - [2025-03-31T21:29:11.240+0000] {dag.py:3239} INFO - Sync 1 DAGs
[2025-03-31T21:29:11.302+0000] {logging_mixin.py:190} INFO - [2025-03-31T21:29:11.301+0000] {dag.py:4180} INFO - Setting next_dagrun for latest_only_with_trigger to 2025-03-31 16:00:00+00:00, run_after=2025-03-31 20:00:00+00:00
[2025-03-31T21:29:11.351+0000] {processor.py:208} INFO - Processing /home/airflow/.local/lib/python3.12/site-packages/airflow/example_dags/example_latest_only_with_trigger.py took 0.211 seconds
[2025-03-31T21:29:43.883+0000] {processor.py:186} INFO - Started process (PID=885) to work on /home/airflow/.local/lib/python3.12/site-packages/airflow/example_dags/example_latest_only_with_trigger.py
[2025-03-31T21:29:43.888+0000] {processor.py:914} INFO - Processing file /home/airflow/.local/lib/python3.12/site-packages/airflow/example_dags/example_latest_only_with_trigger.py for tasks to queue
[2025-03-31T21:29:43.893+0000] {logging_mixin.py:190} INFO - [2025-03-31T21:29:43.893+0000] {dagbag.py:588} INFO - Filling up the DagBag from /home/airflow/.local/lib/python3.12/site-packages/airflow/example_dags/example_latest_only_with_trigger.py
[2025-03-31T21:29:43.918+0000] {processor.py:925} INFO - DAG(s) 'latest_only_with_trigger' retrieved from /home/airflow/.local/lib/python3.12/site-packages/airflow/example_dags/example_latest_only_with_trigger.py
[2025-03-31T21:29:43.997+0000] {logging_mixin.py:190} INFO - [2025-03-31T21:29:43.996+0000] {dag.py:3239} INFO - Sync 1 DAGs
[2025-03-31T21:29:44.093+0000] {logging_mixin.py:190} INFO - [2025-03-31T21:29:44.092+0000] {dag.py:4180} INFO - Setting next_dagrun for latest_only_with_trigger to 2025-03-31 16:00:00+00:00, run_after=2025-03-31 20:00:00+00:00
[2025-03-31T21:29:44.138+0000] {processor.py:208} INFO - Processing /home/airflow/.local/lib/python3.12/site-packages/airflow/example_dags/example_latest_only_with_trigger.py took 0.272 seconds
[2025-03-31T21:30:38.701+0000] {processor.py:186} INFO - Started process (PID=929) to work on /home/airflow/.local/lib/python3.12/site-packages/airflow/example_dags/example_latest_only_with_trigger.py
[2025-03-31T21:30:38.705+0000] {processor.py:914} INFO - Processing file /home/airflow/.local/lib/python3.12/site-packages/airflow/example_dags/example_latest_only_with_trigger.py for tasks to queue
[2025-03-31T21:30:38.717+0000] {logging_mixin.py:190} INFO - [2025-03-31T21:30:38.717+0000] {dagbag.py:588} INFO - Filling up the DagBag from /home/airflow/.local/lib/python3.12/site-packages/airflow/example_dags/example_latest_only_with_trigger.py
[2025-03-31T21:30:38.756+0000] {processor.py:925} INFO - DAG(s) 'latest_only_with_trigger' retrieved from /home/airflow/.local/lib/python3.12/site-packages/airflow/example_dags/example_latest_only_with_trigger.py
[2025-03-31T21:30:38.836+0000] {logging_mixin.py:190} INFO - [2025-03-31T21:30:38.835+0000] {dag.py:3239} INFO - Sync 1 DAGs
[2025-03-31T21:30:38.950+0000] {logging_mixin.py:190} INFO - [2025-03-31T21:30:38.950+0000] {dag.py:4180} INFO - Setting next_dagrun for latest_only_with_trigger to 2025-03-31 16:00:00+00:00, run_after=2025-03-31 20:00:00+00:00
[2025-03-31T21:30:39.038+0000] {processor.py:208} INFO - Processing /home/airflow/.local/lib/python3.12/site-packages/airflow/example_dags/example_latest_only_with_trigger.py took 0.353 seconds
[2025-03-31T21:31:09.397+0000] {processor.py:186} INFO - Started process (PID=993) to work on /home/airflow/.local/lib/python3.12/site-packages/airflow/example_dags/example_latest_only_with_trigger.py
[2025-03-31T21:31:09.400+0000] {processor.py:914} INFO - Processing file /home/airflow/.local/lib/python3.12/site-packages/airflow/example_dags/example_latest_only_with_trigger.py for tasks to queue
[2025-03-31T21:31:09.403+0000] {logging_mixin.py:190} INFO - [2025-03-31T21:31:09.402+0000] {dagbag.py:588} INFO - Filling up the DagBag from /home/airflow/.local/lib/python3.12/site-packages/airflow/example_dags/example_latest_only_with_trigger.py
[2025-03-31T21:31:09.423+0000] {processor.py:925} INFO - DAG(s) 'latest_only_with_trigger' retrieved from /home/airflow/.local/lib/python3.12/site-packages/airflow/example_dags/example_latest_only_with_trigger.py
[2025-03-31T21:31:09.467+0000] {logging_mixin.py:190} INFO - [2025-03-31T21:31:09.467+0000] {dag.py:3239} INFO - Sync 1 DAGs
[2025-03-31T21:31:09.527+0000] {logging_mixin.py:190} INFO - [2025-03-31T21:31:09.526+0000] {dag.py:4180} INFO - Setting next_dagrun for latest_only_with_trigger to 2025-03-31 16:00:00+00:00, run_after=2025-03-31 20:00:00+00:00
[2025-03-31T21:31:09.575+0000] {processor.py:208} INFO - Processing /home/airflow/.local/lib/python3.12/site-packages/airflow/example_dags/example_latest_only_with_trigger.py took 0.191 seconds
[2025-03-31T21:31:40.274+0000] {processor.py:186} INFO - Started process (PID=1057) to work on /home/airflow/.local/lib/python3.12/site-packages/airflow/example_dags/example_latest_only_with_trigger.py
[2025-03-31T21:31:40.277+0000] {processor.py:914} INFO - Processing file /home/airflow/.local/lib/python3.12/site-packages/airflow/example_dags/example_latest_only_with_trigger.py for tasks to queue
[2025-03-31T21:31:40.279+0000] {logging_mixin.py:190} INFO - [2025-03-31T21:31:40.278+0000] {dagbag.py:588} INFO - Filling up the DagBag from /home/airflow/.local/lib/python3.12/site-packages/airflow/example_dags/example_latest_only_with_trigger.py
[2025-03-31T21:31:40.306+0000] {processor.py:925} INFO - DAG(s) 'latest_only_with_trigger' retrieved from /home/airflow/.local/lib/python3.12/site-packages/airflow/example_dags/example_latest_only_with_trigger.py
[2025-03-31T21:31:40.370+0000] {logging_mixin.py:190} INFO - [2025-03-31T21:31:40.370+0000] {dag.py:3239} INFO - Sync 1 DAGs
[2025-03-31T21:31:40.448+0000] {logging_mixin.py:190} INFO - [2025-03-31T21:31:40.448+0000] {dag.py:4180} INFO - Setting next_dagrun for latest_only_with_trigger to 2025-03-31 16:00:00+00:00, run_after=2025-03-31 20:00:00+00:00
[2025-03-31T21:31:40.564+0000] {processor.py:208} INFO - Processing /home/airflow/.local/lib/python3.12/site-packages/airflow/example_dags/example_latest_only_with_trigger.py took 0.302 seconds
[2025-03-31T21:32:10.763+0000] {processor.py:186} INFO - Started process (PID=1120) to work on /home/airflow/.local/lib/python3.12/site-packages/airflow/example_dags/example_latest_only_with_trigger.py
[2025-03-31T21:32:10.765+0000] {processor.py:914} INFO - Processing file /home/airflow/.local/lib/python3.12/site-packages/airflow/example_dags/example_latest_only_with_trigger.py for tasks to queue
[2025-03-31T21:32:10.769+0000] {logging_mixin.py:190} INFO - [2025-03-31T21:32:10.768+0000] {dagbag.py:588} INFO - Filling up the DagBag from /home/airflow/.local/lib/python3.12/site-packages/airflow/example_dags/example_latest_only_with_trigger.py
[2025-03-31T21:32:10.802+0000] {processor.py:925} INFO - DAG(s) 'latest_only_with_trigger' retrieved from /home/airflow/.local/lib/python3.12/site-packages/airflow/example_dags/example_latest_only_with_trigger.py
[2025-03-31T21:32:10.899+0000] {logging_mixin.py:190} INFO - [2025-03-31T21:32:10.899+0000] {dag.py:3239} INFO - Sync 1 DAGs
[2025-03-31T21:32:10.971+0000] {logging_mixin.py:190} INFO - [2025-03-31T21:32:10.971+0000] {dag.py:4180} INFO - Setting next_dagrun for latest_only_with_trigger to 2025-03-31 16:00:00+00:00, run_after=2025-03-31 20:00:00+00:00
[2025-03-31T21:32:11.024+0000] {processor.py:208} INFO - Processing /home/airflow/.local/lib/python3.12/site-packages/airflow/example_dags/example_latest_only_with_trigger.py took 0.274 seconds
[2025-03-31T21:32:41.462+0000] {processor.py:186} INFO - Started process (PID=1183) to work on /home/airflow/.local/lib/python3.12/site-packages/airflow/example_dags/example_latest_only_with_trigger.py
[2025-03-31T21:32:41.465+0000] {processor.py:914} INFO - Processing file /home/airflow/.local/lib/python3.12/site-packages/airflow/example_dags/example_latest_only_with_trigger.py for tasks to queue
[2025-03-31T21:32:41.470+0000] {logging_mixin.py:190} INFO - [2025-03-31T21:32:41.470+0000] {dagbag.py:588} INFO - Filling up the DagBag from /home/airflow/.local/lib/python3.12/site-packages/airflow/example_dags/example_latest_only_with_trigger.py
[2025-03-31T21:32:41.499+0000] {processor.py:925} INFO - DAG(s) 'latest_only_with_trigger' retrieved from /home/airflow/.local/lib/python3.12/site-packages/airflow/example_dags/example_latest_only_with_trigger.py
[2025-03-31T21:32:41.684+0000] {logging_mixin.py:190} INFO - [2025-03-31T21:32:41.682+0000] {dag.py:3239} INFO - Sync 1 DAGs
[2025-03-31T21:32:41.821+0000] {logging_mixin.py:190} INFO - [2025-03-31T21:32:41.821+0000] {dag.py:4180} INFO - Setting next_dagrun for latest_only_with_trigger to 2025-03-31 16:00:00+00:00, run_after=2025-03-31 20:00:00+00:00
[2025-03-31T21:32:41.957+0000] {processor.py:208} INFO - Processing /home/airflow/.local/lib/python3.12/site-packages/airflow/example_dags/example_latest_only_with_trigger.py took 0.520 seconds
[2025-03-31T21:33:12.942+0000] {processor.py:186} INFO - Started process (PID=1246) to work on /home/airflow/.local/lib/python3.12/site-packages/airflow/example_dags/example_latest_only_with_trigger.py
[2025-03-31T21:33:12.946+0000] {processor.py:914} INFO - Processing file /home/airflow/.local/lib/python3.12/site-packages/airflow/example_dags/example_latest_only_with_trigger.py for tasks to queue
[2025-03-31T21:33:12.958+0000] {logging_mixin.py:190} INFO - [2025-03-31T21:33:12.957+0000] {dagbag.py:588} INFO - Filling up the DagBag from /home/airflow/.local/lib/python3.12/site-packages/airflow/example_dags/example_latest_only_with_trigger.py
[2025-03-31T21:33:12.980+0000] {processor.py:925} INFO - DAG(s) 'latest_only_with_trigger' retrieved from /home/airflow/.local/lib/python3.12/site-packages/airflow/example_dags/example_latest_only_with_trigger.py
[2025-03-31T21:33:13.094+0000] {logging_mixin.py:190} INFO - [2025-03-31T21:33:13.093+0000] {dag.py:3239} INFO - Sync 1 DAGs
[2025-03-31T21:33:13.218+0000] {logging_mixin.py:190} INFO - [2025-03-31T21:33:13.218+0000] {dag.py:4180} INFO - Setting next_dagrun for latest_only_with_trigger to 2025-03-31 16:00:00+00:00, run_after=2025-03-31 20:00:00+00:00
[2025-03-31T21:33:13.278+0000] {processor.py:208} INFO - Processing /home/airflow/.local/lib/python3.12/site-packages/airflow/example_dags/example_latest_only_with_trigger.py took 0.355 seconds
[2025-03-31T21:33:43.487+0000] {processor.py:186} INFO - Started process (PID=1310) to work on /home/airflow/.local/lib/python3.12/site-packages/airflow/example_dags/example_latest_only_with_trigger.py
[2025-03-31T21:33:43.489+0000] {processor.py:914} INFO - Processing file /home/airflow/.local/lib/python3.12/site-packages/airflow/example_dags/example_latest_only_with_trigger.py for tasks to queue
[2025-03-31T21:33:43.494+0000] {logging_mixin.py:190} INFO - [2025-03-31T21:33:43.493+0000] {dagbag.py:588} INFO - Filling up the DagBag from /home/airflow/.local/lib/python3.12/site-packages/airflow/example_dags/example_latest_only_with_trigger.py
[2025-03-31T21:33:43.528+0000] {processor.py:925} INFO - DAG(s) 'latest_only_with_trigger' retrieved from /home/airflow/.local/lib/python3.12/site-packages/airflow/example_dags/example_latest_only_with_trigger.py
[2025-03-31T21:33:43.584+0000] {logging_mixin.py:190} INFO - [2025-03-31T21:33:43.583+0000] {dag.py:3239} INFO - Sync 1 DAGs
[2025-03-31T21:33:43.648+0000] {logging_mixin.py:190} INFO - [2025-03-31T21:33:43.647+0000] {dag.py:4180} INFO - Setting next_dagrun for latest_only_with_trigger to 2025-03-31 16:00:00+00:00, run_after=2025-03-31 20:00:00+00:00
[2025-03-31T21:33:43.696+0000] {processor.py:208} INFO - Processing /home/airflow/.local/lib/python3.12/site-packages/airflow/example_dags/example_latest_only_with_trigger.py took 0.221 seconds
[2025-03-31T21:34:14.128+0000] {processor.py:186} INFO - Started process (PID=1373) to work on /home/airflow/.local/lib/python3.12/site-packages/airflow/example_dags/example_latest_only_with_trigger.py
[2025-03-31T21:34:14.133+0000] {processor.py:914} INFO - Processing file /home/airflow/.local/lib/python3.12/site-packages/airflow/example_dags/example_latest_only_with_trigger.py for tasks to queue
[2025-03-31T21:34:14.142+0000] {logging_mixin.py:190} INFO - [2025-03-31T21:34:14.141+0000] {dagbag.py:588} INFO - Filling up the DagBag from /home/airflow/.local/lib/python3.12/site-packages/airflow/example_dags/example_latest_only_with_trigger.py
[2025-03-31T21:34:14.183+0000] {processor.py:925} INFO - DAG(s) 'latest_only_with_trigger' retrieved from /home/airflow/.local/lib/python3.12/site-packages/airflow/example_dags/example_latest_only_with_trigger.py
[2025-03-31T21:34:14.257+0000] {logging_mixin.py:190} INFO - [2025-03-31T21:34:14.257+0000] {dag.py:3239} INFO - Sync 1 DAGs
[2025-03-31T21:34:14.308+0000] {logging_mixin.py:190} INFO - [2025-03-31T21:34:14.308+0000] {dag.py:4180} INFO - Setting next_dagrun for latest_only_with_trigger to 2025-03-31 16:00:00+00:00, run_after=2025-03-31 20:00:00+00:00
[2025-03-31T21:34:14.357+0000] {processor.py:208} INFO - Processing /home/airflow/.local/lib/python3.12/site-packages/airflow/example_dags/example_latest_only_with_trigger.py took 0.252 seconds
[2025-03-31T21:34:45.224+0000] {processor.py:186} INFO - Started process (PID=1436) to work on /home/airflow/.local/lib/python3.12/site-packages/airflow/example_dags/example_latest_only_with_trigger.py
[2025-03-31T21:34:45.227+0000] {processor.py:914} INFO - Processing file /home/airflow/.local/lib/python3.12/site-packages/airflow/example_dags/example_latest_only_with_trigger.py for tasks to queue
[2025-03-31T21:34:45.237+0000] {logging_mixin.py:190} INFO - [2025-03-31T21:34:45.230+0000] {dagbag.py:588} INFO - Filling up the DagBag from /home/airflow/.local/lib/python3.12/site-packages/airflow/example_dags/example_latest_only_with_trigger.py
[2025-03-31T21:34:45.263+0000] {processor.py:925} INFO - DAG(s) 'latest_only_with_trigger' retrieved from /home/airflow/.local/lib/python3.12/site-packages/airflow/example_dags/example_latest_only_with_trigger.py
[2025-03-31T21:34:45.313+0000] {logging_mixin.py:190} INFO - [2025-03-31T21:34:45.312+0000] {dag.py:3239} INFO - Sync 1 DAGs
[2025-03-31T21:34:45.425+0000] {logging_mixin.py:190} INFO - [2025-03-31T21:34:45.425+0000] {dag.py:4180} INFO - Setting next_dagrun for latest_only_with_trigger to 2025-03-31 16:00:00+00:00, run_after=2025-03-31 20:00:00+00:00
[2025-03-31T21:34:45.491+0000] {processor.py:208} INFO - Processing /home/airflow/.local/lib/python3.12/site-packages/airflow/example_dags/example_latest_only_with_trigger.py took 0.282 seconds
[2025-03-31T21:35:16.213+0000] {processor.py:186} INFO - Started process (PID=1500) to work on /home/airflow/.local/lib/python3.12/site-packages/airflow/example_dags/example_latest_only_with_trigger.py
[2025-03-31T21:35:16.216+0000] {processor.py:914} INFO - Processing file /home/airflow/.local/lib/python3.12/site-packages/airflow/example_dags/example_latest_only_with_trigger.py for tasks to queue
[2025-03-31T21:35:16.223+0000] {logging_mixin.py:190} INFO - [2025-03-31T21:35:16.222+0000] {dagbag.py:588} INFO - Filling up the DagBag from /home/airflow/.local/lib/python3.12/site-packages/airflow/example_dags/example_latest_only_with_trigger.py
[2025-03-31T21:35:16.244+0000] {processor.py:925} INFO - DAG(s) 'latest_only_with_trigger' retrieved from /home/airflow/.local/lib/python3.12/site-packages/airflow/example_dags/example_latest_only_with_trigger.py
[2025-03-31T21:35:16.307+0000] {logging_mixin.py:190} INFO - [2025-03-31T21:35:16.306+0000] {dag.py:3239} INFO - Sync 1 DAGs
[2025-03-31T21:35:16.421+0000] {logging_mixin.py:190} INFO - [2025-03-31T21:35:16.420+0000] {dag.py:4180} INFO - Setting next_dagrun for latest_only_with_trigger to 2025-03-31 16:00:00+00:00, run_after=2025-03-31 20:00:00+00:00
[2025-03-31T21:35:16.479+0000] {processor.py:208} INFO - Processing /home/airflow/.local/lib/python3.12/site-packages/airflow/example_dags/example_latest_only_with_trigger.py took 0.290 seconds
[2025-03-31T21:35:46.741+0000] {processor.py:186} INFO - Started process (PID=1564) to work on /home/airflow/.local/lib/python3.12/site-packages/airflow/example_dags/example_latest_only_with_trigger.py
[2025-03-31T21:35:46.742+0000] {processor.py:914} INFO - Processing file /home/airflow/.local/lib/python3.12/site-packages/airflow/example_dags/example_latest_only_with_trigger.py for tasks to queue
[2025-03-31T21:35:46.744+0000] {logging_mixin.py:190} INFO - [2025-03-31T21:35:46.744+0000] {dagbag.py:588} INFO - Filling up the DagBag from /home/airflow/.local/lib/python3.12/site-packages/airflow/example_dags/example_latest_only_with_trigger.py
[2025-03-31T21:35:46.761+0000] {processor.py:925} INFO - DAG(s) 'latest_only_with_trigger' retrieved from /home/airflow/.local/lib/python3.12/site-packages/airflow/example_dags/example_latest_only_with_trigger.py
[2025-03-31T21:35:46.811+0000] {logging_mixin.py:190} INFO - [2025-03-31T21:35:46.811+0000] {dag.py:3239} INFO - Sync 1 DAGs
[2025-03-31T21:35:46.856+0000] {logging_mixin.py:190} INFO - [2025-03-31T21:35:46.856+0000] {dag.py:4180} INFO - Setting next_dagrun for latest_only_with_trigger to 2025-03-31 16:00:00+00:00, run_after=2025-03-31 20:00:00+00:00
[2025-03-31T21:35:46.919+0000] {processor.py:208} INFO - Processing /home/airflow/.local/lib/python3.12/site-packages/airflow/example_dags/example_latest_only_with_trigger.py took 0.195 seconds
[2025-03-31T21:36:17.766+0000] {processor.py:186} INFO - Started process (PID=1625) to work on /home/airflow/.local/lib/python3.12/site-packages/airflow/example_dags/example_latest_only_with_trigger.py
[2025-03-31T21:36:17.768+0000] {processor.py:914} INFO - Processing file /home/airflow/.local/lib/python3.12/site-packages/airflow/example_dags/example_latest_only_with_trigger.py for tasks to queue
[2025-03-31T21:36:17.774+0000] {logging_mixin.py:190} INFO - [2025-03-31T21:36:17.773+0000] {dagbag.py:588} INFO - Filling up the DagBag from /home/airflow/.local/lib/python3.12/site-packages/airflow/example_dags/example_latest_only_with_trigger.py
[2025-03-31T21:36:17.802+0000] {processor.py:925} INFO - DAG(s) 'latest_only_with_trigger' retrieved from /home/airflow/.local/lib/python3.12/site-packages/airflow/example_dags/example_latest_only_with_trigger.py
[2025-03-31T21:36:17.859+0000] {logging_mixin.py:190} INFO - [2025-03-31T21:36:17.859+0000] {dag.py:3239} INFO - Sync 1 DAGs
[2025-03-31T21:36:17.934+0000] {logging_mixin.py:190} INFO - [2025-03-31T21:36:17.933+0000] {dag.py:4180} INFO - Setting next_dagrun for latest_only_with_trigger to 2025-03-31 16:00:00+00:00, run_after=2025-03-31 20:00:00+00:00
[2025-03-31T21:36:18.004+0000] {processor.py:208} INFO - Processing /home/airflow/.local/lib/python3.12/site-packages/airflow/example_dags/example_latest_only_with_trigger.py took 0.248 seconds
[2025-03-31T21:37:00.274+0000] {processor.py:186} INFO - Started process (PID=1660) to work on /home/airflow/.local/lib/python3.12/site-packages/airflow/example_dags/example_latest_only_with_trigger.py
[2025-03-31T21:37:00.276+0000] {processor.py:914} INFO - Processing file /home/airflow/.local/lib/python3.12/site-packages/airflow/example_dags/example_latest_only_with_trigger.py for tasks to queue
[2025-03-31T21:37:00.280+0000] {logging_mixin.py:190} INFO - [2025-03-31T21:37:00.279+0000] {dagbag.py:588} INFO - Filling up the DagBag from /home/airflow/.local/lib/python3.12/site-packages/airflow/example_dags/example_latest_only_with_trigger.py
[2025-03-31T21:37:00.306+0000] {processor.py:925} INFO - DAG(s) 'latest_only_with_trigger' retrieved from /home/airflow/.local/lib/python3.12/site-packages/airflow/example_dags/example_latest_only_with_trigger.py
[2025-03-31T21:37:00.350+0000] {logging_mixin.py:190} INFO - [2025-03-31T21:37:00.349+0000] {dag.py:3239} INFO - Sync 1 DAGs
[2025-03-31T21:37:00.421+0000] {logging_mixin.py:190} INFO - [2025-03-31T21:37:00.420+0000] {dag.py:4180} INFO - Setting next_dagrun for latest_only_with_trigger to 2025-03-31 16:00:00+00:00, run_after=2025-03-31 20:00:00+00:00
[2025-03-31T21:37:00.483+0000] {processor.py:208} INFO - Processing /home/airflow/.local/lib/python3.12/site-packages/airflow/example_dags/example_latest_only_with_trigger.py took 0.224 seconds
[2025-03-31T21:37:31.993+0000] {processor.py:186} INFO - Started process (PID=1723) to work on /home/airflow/.local/lib/python3.12/site-packages/airflow/example_dags/example_latest_only_with_trigger.py
[2025-03-31T21:37:31.994+0000] {processor.py:914} INFO - Processing file /home/airflow/.local/lib/python3.12/site-packages/airflow/example_dags/example_latest_only_with_trigger.py for tasks to queue
[2025-03-31T21:37:31.999+0000] {logging_mixin.py:190} INFO - [2025-03-31T21:37:31.997+0000] {dagbag.py:588} INFO - Filling up the DagBag from /home/airflow/.local/lib/python3.12/site-packages/airflow/example_dags/example_latest_only_with_trigger.py
[2025-03-31T21:37:32.016+0000] {processor.py:925} INFO - DAG(s) 'latest_only_with_trigger' retrieved from /home/airflow/.local/lib/python3.12/site-packages/airflow/example_dags/example_latest_only_with_trigger.py
[2025-03-31T21:37:32.055+0000] {logging_mixin.py:190} INFO - [2025-03-31T21:37:32.055+0000] {dag.py:3239} INFO - Sync 1 DAGs
[2025-03-31T21:37:32.102+0000] {logging_mixin.py:190} INFO - [2025-03-31T21:37:32.102+0000] {dag.py:4180} INFO - Setting next_dagrun for latest_only_with_trigger to 2025-03-31 16:00:00+00:00, run_after=2025-03-31 20:00:00+00:00
[2025-03-31T21:37:32.155+0000] {processor.py:208} INFO - Processing /home/airflow/.local/lib/python3.12/site-packages/airflow/example_dags/example_latest_only_with_trigger.py took 0.177 seconds
[2025-03-31T21:38:04.273+0000] {processor.py:186} INFO - Started process (PID=1785) to work on /home/airflow/.local/lib/python3.12/site-packages/airflow/example_dags/example_latest_only_with_trigger.py
[2025-03-31T21:38:04.278+0000] {processor.py:914} INFO - Processing file /home/airflow/.local/lib/python3.12/site-packages/airflow/example_dags/example_latest_only_with_trigger.py for tasks to queue
[2025-03-31T21:38:04.289+0000] {logging_mixin.py:190} INFO - [2025-03-31T21:38:04.286+0000] {dagbag.py:588} INFO - Filling up the DagBag from /home/airflow/.local/lib/python3.12/site-packages/airflow/example_dags/example_latest_only_with_trigger.py
[2025-03-31T21:38:04.329+0000] {processor.py:925} INFO - DAG(s) 'latest_only_with_trigger' retrieved from /home/airflow/.local/lib/python3.12/site-packages/airflow/example_dags/example_latest_only_with_trigger.py
[2025-03-31T21:38:04.406+0000] {logging_mixin.py:190} INFO - [2025-03-31T21:38:04.405+0000] {dag.py:3239} INFO - Sync 1 DAGs
[2025-03-31T21:38:04.530+0000] {logging_mixin.py:190} INFO - [2025-03-31T21:38:04.530+0000] {dag.py:4180} INFO - Setting next_dagrun for latest_only_with_trigger to 2025-03-31 16:00:00+00:00, run_after=2025-03-31 20:00:00+00:00
[2025-03-31T21:38:04.610+0000] {processor.py:208} INFO - Processing /home/airflow/.local/lib/python3.12/site-packages/airflow/example_dags/example_latest_only_with_trigger.py took 0.389 seconds
[2025-03-31T21:38:37.597+0000] {processor.py:186} INFO - Started process (PID=1849) to work on /home/airflow/.local/lib/python3.12/site-packages/airflow/example_dags/example_latest_only_with_trigger.py
[2025-03-31T21:38:37.601+0000] {processor.py:914} INFO - Processing file /home/airflow/.local/lib/python3.12/site-packages/airflow/example_dags/example_latest_only_with_trigger.py for tasks to queue
[2025-03-31T21:38:37.606+0000] {logging_mixin.py:190} INFO - [2025-03-31T21:38:37.604+0000] {dagbag.py:588} INFO - Filling up the DagBag from /home/airflow/.local/lib/python3.12/site-packages/airflow/example_dags/example_latest_only_with_trigger.py
[2025-03-31T21:38:37.647+0000] {processor.py:925} INFO - DAG(s) 'latest_only_with_trigger' retrieved from /home/airflow/.local/lib/python3.12/site-packages/airflow/example_dags/example_latest_only_with_trigger.py
[2025-03-31T21:38:37.748+0000] {logging_mixin.py:190} INFO - [2025-03-31T21:38:37.748+0000] {dag.py:3239} INFO - Sync 1 DAGs
[2025-03-31T21:38:37.828+0000] {logging_mixin.py:190} INFO - [2025-03-31T21:38:37.827+0000] {dag.py:4180} INFO - Setting next_dagrun for latest_only_with_trigger to 2025-03-31 16:00:00+00:00, run_after=2025-03-31 20:00:00+00:00
[2025-03-31T21:38:37.878+0000] {processor.py:208} INFO - Processing /home/airflow/.local/lib/python3.12/site-packages/airflow/example_dags/example_latest_only_with_trigger.py took 0.297 seconds
[2025-03-31T21:40:10.609+0000] {processor.py:186} INFO - Started process (PID=1895) to work on /home/airflow/.local/lib/python3.12/site-packages/airflow/example_dags/example_latest_only_with_trigger.py
[2025-03-31T21:40:10.641+0000] {processor.py:914} INFO - Processing file /home/airflow/.local/lib/python3.12/site-packages/airflow/example_dags/example_latest_only_with_trigger.py for tasks to queue
[2025-03-31T21:40:10.701+0000] {logging_mixin.py:190} INFO - [2025-03-31T21:40:10.668+0000] {dagbag.py:588} INFO - Filling up the DagBag from /home/airflow/.local/lib/python3.12/site-packages/airflow/example_dags/example_latest_only_with_trigger.py
[2025-03-31T21:40:10.877+0000] {processor.py:925} INFO - DAG(s) 'latest_only_with_trigger' retrieved from /home/airflow/.local/lib/python3.12/site-packages/airflow/example_dags/example_latest_only_with_trigger.py
[2025-03-31T21:40:11.675+0000] {logging_mixin.py:190} INFO - [2025-03-31T21:40:11.671+0000] {dag.py:3239} INFO - Sync 1 DAGs
[2025-03-31T21:40:12.125+0000] {logging_mixin.py:190} INFO - [2025-03-31T21:40:12.118+0000] {dag.py:4180} INFO - Setting next_dagrun for latest_only_with_trigger to 2025-03-31 16:00:00+00:00, run_after=2025-03-31 20:00:00+00:00
[2025-03-31T21:40:13.115+0000] {processor.py:208} INFO - Processing /home/airflow/.local/lib/python3.12/site-packages/airflow/example_dags/example_latest_only_with_trigger.py took 2.625 seconds
[2025-03-31T21:40:43.758+0000] {processor.py:186} INFO - Started process (PID=1958) to work on /home/airflow/.local/lib/python3.12/site-packages/airflow/example_dags/example_latest_only_with_trigger.py
[2025-03-31T21:40:43.763+0000] {processor.py:914} INFO - Processing file /home/airflow/.local/lib/python3.12/site-packages/airflow/example_dags/example_latest_only_with_trigger.py for tasks to queue
[2025-03-31T21:40:43.791+0000] {logging_mixin.py:190} INFO - [2025-03-31T21:40:43.789+0000] {dagbag.py:588} INFO - Filling up the DagBag from /home/airflow/.local/lib/python3.12/site-packages/airflow/example_dags/example_latest_only_with_trigger.py
[2025-03-31T21:40:43.864+0000] {processor.py:925} INFO - DAG(s) 'latest_only_with_trigger' retrieved from /home/airflow/.local/lib/python3.12/site-packages/airflow/example_dags/example_latest_only_with_trigger.py
[2025-03-31T21:40:43.908+0000] {logging_mixin.py:190} INFO - [2025-03-31T21:40:43.908+0000] {dag.py:3239} INFO - Sync 1 DAGs
[2025-03-31T21:40:43.967+0000] {logging_mixin.py:190} INFO - [2025-03-31T21:40:43.966+0000] {dag.py:4180} INFO - Setting next_dagrun for latest_only_with_trigger to 2025-03-31 16:00:00+00:00, run_after=2025-03-31 20:00:00+00:00
[2025-03-31T21:40:44.010+0000] {processor.py:208} INFO - Processing /home/airflow/.local/lib/python3.12/site-packages/airflow/example_dags/example_latest_only_with_trigger.py took 0.270 seconds
[2025-03-31T21:42:48.260+0000] {processor.py:186} INFO - Started process (PID=1993) to work on /home/airflow/.local/lib/python3.12/site-packages/airflow/example_dags/example_latest_only_with_trigger.py
[2025-03-31T21:42:48.262+0000] {processor.py:914} INFO - Processing file /home/airflow/.local/lib/python3.12/site-packages/airflow/example_dags/example_latest_only_with_trigger.py for tasks to queue
[2025-03-31T21:42:48.271+0000] {logging_mixin.py:190} INFO - [2025-03-31T21:42:48.271+0000] {dagbag.py:588} INFO - Filling up the DagBag from /home/airflow/.local/lib/python3.12/site-packages/airflow/example_dags/example_latest_only_with_trigger.py
[2025-03-31T21:42:48.326+0000] {processor.py:925} INFO - DAG(s) 'latest_only_with_trigger' retrieved from /home/airflow/.local/lib/python3.12/site-packages/airflow/example_dags/example_latest_only_with_trigger.py
[2025-03-31T21:42:48.474+0000] {logging_mixin.py:190} INFO - [2025-03-31T21:42:48.474+0000] {dag.py:3239} INFO - Sync 1 DAGs
[2025-03-31T21:42:48.647+0000] {logging_mixin.py:190} INFO - [2025-03-31T21:42:48.646+0000] {dag.py:4180} INFO - Setting next_dagrun for latest_only_with_trigger to 2025-03-31 16:00:00+00:00, run_after=2025-03-31 20:00:00+00:00
[2025-03-31T21:42:48.739+0000] {processor.py:208} INFO - Processing /home/airflow/.local/lib/python3.12/site-packages/airflow/example_dags/example_latest_only_with_trigger.py took 0.519 seconds
[2025-03-31T21:43:48.186+0000] {processor.py:186} INFO - Started process (PID=2064) to work on /home/airflow/.local/lib/python3.12/site-packages/airflow/example_dags/example_latest_only_with_trigger.py
[2025-03-31T21:43:48.190+0000] {processor.py:914} INFO - Processing file /home/airflow/.local/lib/python3.12/site-packages/airflow/example_dags/example_latest_only_with_trigger.py for tasks to queue
[2025-03-31T21:43:48.196+0000] {logging_mixin.py:190} INFO - [2025-03-31T21:43:48.195+0000] {dagbag.py:588} INFO - Filling up the DagBag from /home/airflow/.local/lib/python3.12/site-packages/airflow/example_dags/example_latest_only_with_trigger.py
[2025-03-31T21:43:48.253+0000] {processor.py:925} INFO - DAG(s) 'latest_only_with_trigger' retrieved from /home/airflow/.local/lib/python3.12/site-packages/airflow/example_dags/example_latest_only_with_trigger.py
[2025-03-31T21:43:48.431+0000] {logging_mixin.py:190} INFO - [2025-03-31T21:43:48.430+0000] {dag.py:3239} INFO - Sync 1 DAGs
[2025-03-31T21:43:48.489+0000] {logging_mixin.py:190} INFO - [2025-03-31T21:43:48.488+0000] {dag.py:4180} INFO - Setting next_dagrun for latest_only_with_trigger to 2025-03-31 16:00:00+00:00, run_after=2025-03-31 20:00:00+00:00
[2025-03-31T21:43:48.541+0000] {processor.py:208} INFO - Processing /home/airflow/.local/lib/python3.12/site-packages/airflow/example_dags/example_latest_only_with_trigger.py took 0.394 seconds
[2025-03-31T21:44:19.525+0000] {processor.py:186} INFO - Started process (PID=2128) to work on /home/airflow/.local/lib/python3.12/site-packages/airflow/example_dags/example_latest_only_with_trigger.py
[2025-03-31T21:44:19.526+0000] {processor.py:914} INFO - Processing file /home/airflow/.local/lib/python3.12/site-packages/airflow/example_dags/example_latest_only_with_trigger.py for tasks to queue
[2025-03-31T21:44:19.531+0000] {logging_mixin.py:190} INFO - [2025-03-31T21:44:19.530+0000] {dagbag.py:588} INFO - Filling up the DagBag from /home/airflow/.local/lib/python3.12/site-packages/airflow/example_dags/example_latest_only_with_trigger.py
[2025-03-31T21:44:19.551+0000] {processor.py:925} INFO - DAG(s) 'latest_only_with_trigger' retrieved from /home/airflow/.local/lib/python3.12/site-packages/airflow/example_dags/example_latest_only_with_trigger.py
[2025-03-31T21:44:19.589+0000] {logging_mixin.py:190} INFO - [2025-03-31T21:44:19.589+0000] {dag.py:3239} INFO - Sync 1 DAGs
[2025-03-31T21:44:19.636+0000] {logging_mixin.py:190} INFO - [2025-03-31T21:44:19.635+0000] {dag.py:4180} INFO - Setting next_dagrun for latest_only_with_trigger to 2025-03-31 16:00:00+00:00, run_after=2025-03-31 20:00:00+00:00
[2025-03-31T21:44:19.668+0000] {processor.py:208} INFO - Processing /home/airflow/.local/lib/python3.12/site-packages/airflow/example_dags/example_latest_only_with_trigger.py took 0.156 seconds
[2025-03-31T21:44:50.741+0000] {processor.py:186} INFO - Started process (PID=2192) to work on /home/airflow/.local/lib/python3.12/site-packages/airflow/example_dags/example_latest_only_with_trigger.py
[2025-03-31T21:44:50.743+0000] {processor.py:914} INFO - Processing file /home/airflow/.local/lib/python3.12/site-packages/airflow/example_dags/example_latest_only_with_trigger.py for tasks to queue
[2025-03-31T21:44:50.746+0000] {logging_mixin.py:190} INFO - [2025-03-31T21:44:50.745+0000] {dagbag.py:588} INFO - Filling up the DagBag from /home/airflow/.local/lib/python3.12/site-packages/airflow/example_dags/example_latest_only_with_trigger.py
[2025-03-31T21:44:50.764+0000] {processor.py:925} INFO - DAG(s) 'latest_only_with_trigger' retrieved from /home/airflow/.local/lib/python3.12/site-packages/airflow/example_dags/example_latest_only_with_trigger.py
[2025-03-31T21:44:50.804+0000] {logging_mixin.py:190} INFO - [2025-03-31T21:44:50.804+0000] {dag.py:3239} INFO - Sync 1 DAGs
[2025-03-31T21:44:50.849+0000] {logging_mixin.py:190} INFO - [2025-03-31T21:44:50.849+0000] {dag.py:4180} INFO - Setting next_dagrun for latest_only_with_trigger to 2025-03-31 16:00:00+00:00, run_after=2025-03-31 20:00:00+00:00
[2025-03-31T21:44:50.897+0000] {processor.py:208} INFO - Processing /home/airflow/.local/lib/python3.12/site-packages/airflow/example_dags/example_latest_only_with_trigger.py took 0.167 seconds
[2025-03-31T21:45:21.570+0000] {processor.py:186} INFO - Started process (PID=2255) to work on /home/airflow/.local/lib/python3.12/site-packages/airflow/example_dags/example_latest_only_with_trigger.py
[2025-03-31T21:45:21.571+0000] {processor.py:914} INFO - Processing file /home/airflow/.local/lib/python3.12/site-packages/airflow/example_dags/example_latest_only_with_trigger.py for tasks to queue
[2025-03-31T21:45:21.574+0000] {logging_mixin.py:190} INFO - [2025-03-31T21:45:21.573+0000] {dagbag.py:588} INFO - Filling up the DagBag from /home/airflow/.local/lib/python3.12/site-packages/airflow/example_dags/example_latest_only_with_trigger.py
[2025-03-31T21:45:21.590+0000] {processor.py:925} INFO - DAG(s) 'latest_only_with_trigger' retrieved from /home/airflow/.local/lib/python3.12/site-packages/airflow/example_dags/example_latest_only_with_trigger.py
[2025-03-31T21:45:21.647+0000] {logging_mixin.py:190} INFO - [2025-03-31T21:45:21.646+0000] {dag.py:3239} INFO - Sync 1 DAGs
[2025-03-31T21:45:21.701+0000] {logging_mixin.py:190} INFO - [2025-03-31T21:45:21.701+0000] {dag.py:4180} INFO - Setting next_dagrun for latest_only_with_trigger to 2025-03-31 16:00:00+00:00, run_after=2025-03-31 20:00:00+00:00
[2025-03-31T21:45:21.739+0000] {processor.py:208} INFO - Processing /home/airflow/.local/lib/python3.12/site-packages/airflow/example_dags/example_latest_only_with_trigger.py took 0.179 seconds
[2025-03-31T21:49:14.196+0000] {processor.py:186} INFO - Started process (PID=2326) to work on /home/airflow/.local/lib/python3.12/site-packages/airflow/example_dags/example_latest_only_with_trigger.py
[2025-03-31T21:49:14.228+0000] {processor.py:914} INFO - Processing file /home/airflow/.local/lib/python3.12/site-packages/airflow/example_dags/example_latest_only_with_trigger.py for tasks to queue
[2025-03-31T21:49:14.232+0000] {logging_mixin.py:190} INFO - [2025-03-31T21:49:14.232+0000] {dagbag.py:588} INFO - Filling up the DagBag from /home/airflow/.local/lib/python3.12/site-packages/airflow/example_dags/example_latest_only_with_trigger.py
[2025-03-31T21:49:14.287+0000] {processor.py:925} INFO - DAG(s) 'latest_only_with_trigger' retrieved from /home/airflow/.local/lib/python3.12/site-packages/airflow/example_dags/example_latest_only_with_trigger.py
[2025-03-31T21:49:14.362+0000] {logging_mixin.py:190} INFO - [2025-03-31T21:49:14.362+0000] {dag.py:3239} INFO - Sync 1 DAGs
[2025-03-31T21:49:14.496+0000] {logging_mixin.py:190} INFO - [2025-03-31T21:49:14.495+0000] {dag.py:4180} INFO - Setting next_dagrun for latest_only_with_trigger to 2025-03-31 16:00:00+00:00, run_after=2025-03-31 20:00:00+00:00
[2025-03-31T21:49:14.588+0000] {processor.py:208} INFO - Processing /home/airflow/.local/lib/python3.12/site-packages/airflow/example_dags/example_latest_only_with_trigger.py took 0.428 seconds
[2025-03-31T21:49:45.594+0000] {processor.py:186} INFO - Started process (PID=2390) to work on /home/airflow/.local/lib/python3.12/site-packages/airflow/example_dags/example_latest_only_with_trigger.py
[2025-03-31T21:49:45.596+0000] {processor.py:914} INFO - Processing file /home/airflow/.local/lib/python3.12/site-packages/airflow/example_dags/example_latest_only_with_trigger.py for tasks to queue
[2025-03-31T21:49:45.599+0000] {logging_mixin.py:190} INFO - [2025-03-31T21:49:45.599+0000] {dagbag.py:588} INFO - Filling up the DagBag from /home/airflow/.local/lib/python3.12/site-packages/airflow/example_dags/example_latest_only_with_trigger.py
[2025-03-31T21:49:45.617+0000] {processor.py:925} INFO - DAG(s) 'latest_only_with_trigger' retrieved from /home/airflow/.local/lib/python3.12/site-packages/airflow/example_dags/example_latest_only_with_trigger.py
[2025-03-31T21:49:45.659+0000] {logging_mixin.py:190} INFO - [2025-03-31T21:49:45.658+0000] {dag.py:3239} INFO - Sync 1 DAGs
[2025-03-31T21:49:45.707+0000] {logging_mixin.py:190} INFO - [2025-03-31T21:49:45.707+0000] {dag.py:4180} INFO - Setting next_dagrun for latest_only_with_trigger to 2025-03-31 16:00:00+00:00, run_after=2025-03-31 20:00:00+00:00
[2025-03-31T21:49:45.756+0000] {processor.py:208} INFO - Processing /home/airflow/.local/lib/python3.12/site-packages/airflow/example_dags/example_latest_only_with_trigger.py took 0.174 seconds
[2025-03-31T21:50:16.281+0000] {processor.py:186} INFO - Started process (PID=2453) to work on /home/airflow/.local/lib/python3.12/site-packages/airflow/example_dags/example_latest_only_with_trigger.py
[2025-03-31T21:50:16.286+0000] {processor.py:914} INFO - Processing file /home/airflow/.local/lib/python3.12/site-packages/airflow/example_dags/example_latest_only_with_trigger.py for tasks to queue
[2025-03-31T21:50:16.292+0000] {logging_mixin.py:190} INFO - [2025-03-31T21:50:16.291+0000] {dagbag.py:588} INFO - Filling up the DagBag from /home/airflow/.local/lib/python3.12/site-packages/airflow/example_dags/example_latest_only_with_trigger.py
[2025-03-31T21:50:16.330+0000] {processor.py:925} INFO - DAG(s) 'latest_only_with_trigger' retrieved from /home/airflow/.local/lib/python3.12/site-packages/airflow/example_dags/example_latest_only_with_trigger.py
[2025-03-31T21:50:16.393+0000] {logging_mixin.py:190} INFO - [2025-03-31T21:50:16.393+0000] {dag.py:3239} INFO - Sync 1 DAGs
[2025-03-31T21:50:16.490+0000] {logging_mixin.py:190} INFO - [2025-03-31T21:50:16.489+0000] {dag.py:4180} INFO - Setting next_dagrun for latest_only_with_trigger to 2025-03-31 16:00:00+00:00, run_after=2025-03-31 20:00:00+00:00
[2025-03-31T21:50:16.537+0000] {processor.py:208} INFO - Processing /home/airflow/.local/lib/python3.12/site-packages/airflow/example_dags/example_latest_only_with_trigger.py took 0.275 seconds
[2025-03-31T21:50:47.166+0000] {processor.py:186} INFO - Started process (PID=2516) to work on /home/airflow/.local/lib/python3.12/site-packages/airflow/example_dags/example_latest_only_with_trigger.py
[2025-03-31T21:50:47.169+0000] {processor.py:914} INFO - Processing file /home/airflow/.local/lib/python3.12/site-packages/airflow/example_dags/example_latest_only_with_trigger.py for tasks to queue
[2025-03-31T21:50:47.189+0000] {logging_mixin.py:190} INFO - [2025-03-31T21:50:47.188+0000] {dagbag.py:588} INFO - Filling up the DagBag from /home/airflow/.local/lib/python3.12/site-packages/airflow/example_dags/example_latest_only_with_trigger.py
[2025-03-31T21:50:47.222+0000] {processor.py:925} INFO - DAG(s) 'latest_only_with_trigger' retrieved from /home/airflow/.local/lib/python3.12/site-packages/airflow/example_dags/example_latest_only_with_trigger.py
[2025-03-31T21:50:47.303+0000] {logging_mixin.py:190} INFO - [2025-03-31T21:50:47.301+0000] {dag.py:3239} INFO - Sync 1 DAGs
[2025-03-31T21:50:47.412+0000] {logging_mixin.py:190} INFO - [2025-03-31T21:50:47.411+0000] {dag.py:4180} INFO - Setting next_dagrun for latest_only_with_trigger to 2025-03-31 16:00:00+00:00, run_after=2025-03-31 20:00:00+00:00
[2025-03-31T21:50:47.529+0000] {processor.py:208} INFO - Processing /home/airflow/.local/lib/python3.12/site-packages/airflow/example_dags/example_latest_only_with_trigger.py took 0.374 seconds
[2025-03-31T21:51:17.763+0000] {processor.py:186} INFO - Started process (PID=2579) to work on /home/airflow/.local/lib/python3.12/site-packages/airflow/example_dags/example_latest_only_with_trigger.py
[2025-03-31T21:51:17.783+0000] {processor.py:914} INFO - Processing file /home/airflow/.local/lib/python3.12/site-packages/airflow/example_dags/example_latest_only_with_trigger.py for tasks to queue
[2025-03-31T21:51:17.797+0000] {logging_mixin.py:190} INFO - [2025-03-31T21:51:17.796+0000] {dagbag.py:588} INFO - Filling up the DagBag from /home/airflow/.local/lib/python3.12/site-packages/airflow/example_dags/example_latest_only_with_trigger.py
[2025-03-31T21:51:17.830+0000] {processor.py:925} INFO - DAG(s) 'latest_only_with_trigger' retrieved from /home/airflow/.local/lib/python3.12/site-packages/airflow/example_dags/example_latest_only_with_trigger.py
[2025-03-31T21:51:17.904+0000] {logging_mixin.py:190} INFO - [2025-03-31T21:51:17.903+0000] {dag.py:3239} INFO - Sync 1 DAGs
[2025-03-31T21:51:17.980+0000] {logging_mixin.py:190} INFO - [2025-03-31T21:51:17.980+0000] {dag.py:4180} INFO - Setting next_dagrun for latest_only_with_trigger to 2025-03-31 16:00:00+00:00, run_after=2025-03-31 20:00:00+00:00
[2025-03-31T21:51:18.027+0000] {processor.py:208} INFO - Processing /home/airflow/.local/lib/python3.12/site-packages/airflow/example_dags/example_latest_only_with_trigger.py took 0.276 seconds
[2025-03-31T21:53:33.697+0000] {processor.py:186} INFO - Started process (PID=2648) to work on /home/airflow/.local/lib/python3.12/site-packages/airflow/example_dags/example_latest_only_with_trigger.py
[2025-03-31T21:53:33.701+0000] {processor.py:914} INFO - Processing file /home/airflow/.local/lib/python3.12/site-packages/airflow/example_dags/example_latest_only_with_trigger.py for tasks to queue
[2025-03-31T21:53:33.710+0000] {logging_mixin.py:190} INFO - [2025-03-31T21:53:33.709+0000] {dagbag.py:588} INFO - Filling up the DagBag from /home/airflow/.local/lib/python3.12/site-packages/airflow/example_dags/example_latest_only_with_trigger.py
[2025-03-31T21:53:33.730+0000] {processor.py:925} INFO - DAG(s) 'latest_only_with_trigger' retrieved from /home/airflow/.local/lib/python3.12/site-packages/airflow/example_dags/example_latest_only_with_trigger.py
[2025-03-31T21:53:33.783+0000] {logging_mixin.py:190} INFO - [2025-03-31T21:53:33.782+0000] {dag.py:3239} INFO - Sync 1 DAGs
[2025-03-31T21:53:33.830+0000] {logging_mixin.py:190} INFO - [2025-03-31T21:53:33.828+0000] {dag.py:4180} INFO - Setting next_dagrun for latest_only_with_trigger to 2025-03-31 16:00:00+00:00, run_after=2025-03-31 20:00:00+00:00
[2025-03-31T21:53:33.886+0000] {processor.py:208} INFO - Processing /home/airflow/.local/lib/python3.12/site-packages/airflow/example_dags/example_latest_only_with_trigger.py took 0.206 seconds
[2025-03-31T21:55:15.310+0000] {processor.py:186} INFO - Started process (PID=2722) to work on /home/airflow/.local/lib/python3.12/site-packages/airflow/example_dags/example_latest_only_with_trigger.py
[2025-03-31T21:55:15.314+0000] {processor.py:914} INFO - Processing file /home/airflow/.local/lib/python3.12/site-packages/airflow/example_dags/example_latest_only_with_trigger.py for tasks to queue
[2025-03-31T21:55:15.321+0000] {logging_mixin.py:190} INFO - [2025-03-31T21:55:15.320+0000] {dagbag.py:588} INFO - Filling up the DagBag from /home/airflow/.local/lib/python3.12/site-packages/airflow/example_dags/example_latest_only_with_trigger.py
[2025-03-31T21:55:15.360+0000] {processor.py:925} INFO - DAG(s) 'latest_only_with_trigger' retrieved from /home/airflow/.local/lib/python3.12/site-packages/airflow/example_dags/example_latest_only_with_trigger.py
[2025-03-31T21:55:15.467+0000] {logging_mixin.py:190} INFO - [2025-03-31T21:55:15.466+0000] {dag.py:3239} INFO - Sync 1 DAGs
[2025-03-31T21:55:15.538+0000] {logging_mixin.py:190} INFO - [2025-03-31T21:55:15.537+0000] {dag.py:4180} INFO - Setting next_dagrun for latest_only_with_trigger to 2025-03-31 16:00:00+00:00, run_after=2025-03-31 20:00:00+00:00
[2025-03-31T21:55:15.599+0000] {processor.py:208} INFO - Processing /home/airflow/.local/lib/python3.12/site-packages/airflow/example_dags/example_latest_only_with_trigger.py took 0.312 seconds
[2025-03-31T21:55:50.691+0000] {processor.py:186} INFO - Started process (PID=2786) to work on /home/airflow/.local/lib/python3.12/site-packages/airflow/example_dags/example_latest_only_with_trigger.py
[2025-03-31T21:55:50.695+0000] {processor.py:914} INFO - Processing file /home/airflow/.local/lib/python3.12/site-packages/airflow/example_dags/example_latest_only_with_trigger.py for tasks to queue
[2025-03-31T21:55:50.699+0000] {logging_mixin.py:190} INFO - [2025-03-31T21:55:50.698+0000] {dagbag.py:588} INFO - Filling up the DagBag from /home/airflow/.local/lib/python3.12/site-packages/airflow/example_dags/example_latest_only_with_trigger.py
[2025-03-31T21:55:50.751+0000] {processor.py:925} INFO - DAG(s) 'latest_only_with_trigger' retrieved from /home/airflow/.local/lib/python3.12/site-packages/airflow/example_dags/example_latest_only_with_trigger.py
[2025-03-31T21:55:50.839+0000] {logging_mixin.py:190} INFO - [2025-03-31T21:55:50.838+0000] {dag.py:3239} INFO - Sync 1 DAGs
[2025-03-31T21:55:50.969+0000] {logging_mixin.py:190} INFO - [2025-03-31T21:55:50.969+0000] {dag.py:4180} INFO - Setting next_dagrun for latest_only_with_trigger to 2025-03-31 16:00:00+00:00, run_after=2025-03-31 20:00:00+00:00
[2025-03-31T21:55:51.062+0000] {processor.py:208} INFO - Processing /home/airflow/.local/lib/python3.12/site-packages/airflow/example_dags/example_latest_only_with_trigger.py took 0.403 seconds
[2025-03-31T21:57:08.241+0000] {processor.py:186} INFO - Started process (PID=2856) to work on /home/airflow/.local/lib/python3.12/site-packages/airflow/example_dags/example_latest_only_with_trigger.py
[2025-03-31T21:57:08.245+0000] {processor.py:914} INFO - Processing file /home/airflow/.local/lib/python3.12/site-packages/airflow/example_dags/example_latest_only_with_trigger.py for tasks to queue
[2025-03-31T21:57:08.248+0000] {logging_mixin.py:190} INFO - [2025-03-31T21:57:08.247+0000] {dagbag.py:588} INFO - Filling up the DagBag from /home/airflow/.local/lib/python3.12/site-packages/airflow/example_dags/example_latest_only_with_trigger.py
[2025-03-31T21:57:08.317+0000] {processor.py:925} INFO - DAG(s) 'latest_only_with_trigger' retrieved from /home/airflow/.local/lib/python3.12/site-packages/airflow/example_dags/example_latest_only_with_trigger.py
[2025-03-31T21:57:08.448+0000] {logging_mixin.py:190} INFO - [2025-03-31T21:57:08.447+0000] {dag.py:3239} INFO - Sync 1 DAGs
[2025-03-31T21:57:08.536+0000] {logging_mixin.py:190} INFO - [2025-03-31T21:57:08.535+0000] {dag.py:4180} INFO - Setting next_dagrun for latest_only_with_trigger to 2025-03-31 16:00:00+00:00, run_after=2025-03-31 20:00:00+00:00
[2025-03-31T21:57:08.607+0000] {processor.py:208} INFO - Processing /home/airflow/.local/lib/python3.12/site-packages/airflow/example_dags/example_latest_only_with_trigger.py took 0.381 seconds
[2025-03-31T21:57:41.502+0000] {processor.py:186} INFO - Started process (PID=2922) to work on /home/airflow/.local/lib/python3.12/site-packages/airflow/example_dags/example_latest_only_with_trigger.py
[2025-03-31T21:57:41.517+0000] {processor.py:914} INFO - Processing file /home/airflow/.local/lib/python3.12/site-packages/airflow/example_dags/example_latest_only_with_trigger.py for tasks to queue
[2025-03-31T21:57:41.526+0000] {logging_mixin.py:190} INFO - [2025-03-31T21:57:41.520+0000] {dagbag.py:588} INFO - Filling up the DagBag from /home/airflow/.local/lib/python3.12/site-packages/airflow/example_dags/example_latest_only_with_trigger.py
[2025-03-31T21:57:41.575+0000] {processor.py:925} INFO - DAG(s) 'latest_only_with_trigger' retrieved from /home/airflow/.local/lib/python3.12/site-packages/airflow/example_dags/example_latest_only_with_trigger.py
[2025-03-31T21:57:41.659+0000] {logging_mixin.py:190} INFO - [2025-03-31T21:57:41.658+0000] {dag.py:3239} INFO - Sync 1 DAGs
[2025-03-31T21:57:41.735+0000] {logging_mixin.py:190} INFO - [2025-03-31T21:57:41.735+0000] {dag.py:4180} INFO - Setting next_dagrun for latest_only_with_trigger to 2025-03-31 16:00:00+00:00, run_after=2025-03-31 20:00:00+00:00
[2025-03-31T21:57:41.816+0000] {processor.py:208} INFO - Processing /home/airflow/.local/lib/python3.12/site-packages/airflow/example_dags/example_latest_only_with_trigger.py took 0.333 seconds
[2025-03-31T21:58:12.624+0000] {processor.py:186} INFO - Started process (PID=2986) to work on /home/airflow/.local/lib/python3.12/site-packages/airflow/example_dags/example_latest_only_with_trigger.py
[2025-03-31T21:58:12.626+0000] {processor.py:914} INFO - Processing file /home/airflow/.local/lib/python3.12/site-packages/airflow/example_dags/example_latest_only_with_trigger.py for tasks to queue
[2025-03-31T21:58:12.631+0000] {logging_mixin.py:190} INFO - [2025-03-31T21:58:12.630+0000] {dagbag.py:588} INFO - Filling up the DagBag from /home/airflow/.local/lib/python3.12/site-packages/airflow/example_dags/example_latest_only_with_trigger.py
[2025-03-31T21:58:12.649+0000] {processor.py:925} INFO - DAG(s) 'latest_only_with_trigger' retrieved from /home/airflow/.local/lib/python3.12/site-packages/airflow/example_dags/example_latest_only_with_trigger.py
[2025-03-31T21:58:12.690+0000] {logging_mixin.py:190} INFO - [2025-03-31T21:58:12.690+0000] {dag.py:3239} INFO - Sync 1 DAGs
[2025-03-31T21:58:12.743+0000] {logging_mixin.py:190} INFO - [2025-03-31T21:58:12.743+0000] {dag.py:4180} INFO - Setting next_dagrun for latest_only_with_trigger to 2025-03-31 16:00:00+00:00, run_after=2025-03-31 20:00:00+00:00
[2025-03-31T21:58:12.781+0000] {processor.py:208} INFO - Processing /home/airflow/.local/lib/python3.12/site-packages/airflow/example_dags/example_latest_only_with_trigger.py took 0.170 seconds
[2025-03-31T21:58:43.241+0000] {processor.py:186} INFO - Started process (PID=3049) to work on /home/airflow/.local/lib/python3.12/site-packages/airflow/example_dags/example_latest_only_with_trigger.py
[2025-03-31T21:58:43.244+0000] {processor.py:914} INFO - Processing file /home/airflow/.local/lib/python3.12/site-packages/airflow/example_dags/example_latest_only_with_trigger.py for tasks to queue
[2025-03-31T21:58:43.247+0000] {logging_mixin.py:190} INFO - [2025-03-31T21:58:43.246+0000] {dagbag.py:588} INFO - Filling up the DagBag from /home/airflow/.local/lib/python3.12/site-packages/airflow/example_dags/example_latest_only_with_trigger.py
[2025-03-31T21:58:43.278+0000] {processor.py:925} INFO - DAG(s) 'latest_only_with_trigger' retrieved from /home/airflow/.local/lib/python3.12/site-packages/airflow/example_dags/example_latest_only_with_trigger.py
[2025-03-31T21:58:43.342+0000] {logging_mixin.py:190} INFO - [2025-03-31T21:58:43.342+0000] {dag.py:3239} INFO - Sync 1 DAGs
[2025-03-31T21:58:43.415+0000] {logging_mixin.py:190} INFO - [2025-03-31T21:58:43.414+0000] {dag.py:4180} INFO - Setting next_dagrun for latest_only_with_trigger to 2025-03-31 16:00:00+00:00, run_after=2025-03-31 20:00:00+00:00
[2025-03-31T21:58:43.463+0000] {processor.py:208} INFO - Processing /home/airflow/.local/lib/python3.12/site-packages/airflow/example_dags/example_latest_only_with_trigger.py took 0.240 seconds
[2025-03-31T21:59:19.080+0000] {processor.py:186} INFO - Started process (PID=3112) to work on /home/airflow/.local/lib/python3.12/site-packages/airflow/example_dags/example_latest_only_with_trigger.py
[2025-03-31T21:59:19.083+0000] {processor.py:914} INFO - Processing file /home/airflow/.local/lib/python3.12/site-packages/airflow/example_dags/example_latest_only_with_trigger.py for tasks to queue
[2025-03-31T21:59:19.092+0000] {logging_mixin.py:190} INFO - [2025-03-31T21:59:19.085+0000] {dagbag.py:588} INFO - Filling up the DagBag from /home/airflow/.local/lib/python3.12/site-packages/airflow/example_dags/example_latest_only_with_trigger.py
[2025-03-31T21:59:19.119+0000] {processor.py:925} INFO - DAG(s) 'latest_only_with_trigger' retrieved from /home/airflow/.local/lib/python3.12/site-packages/airflow/example_dags/example_latest_only_with_trigger.py
[2025-03-31T21:59:19.197+0000] {logging_mixin.py:190} INFO - [2025-03-31T21:59:19.197+0000] {dag.py:3239} INFO - Sync 1 DAGs
[2025-03-31T21:59:19.262+0000] {logging_mixin.py:190} INFO - [2025-03-31T21:59:19.262+0000] {dag.py:4180} INFO - Setting next_dagrun for latest_only_with_trigger to 2025-03-31 16:00:00+00:00, run_after=2025-03-31 20:00:00+00:00
[2025-03-31T21:59:19.345+0000] {processor.py:208} INFO - Processing /home/airflow/.local/lib/python3.12/site-packages/airflow/example_dags/example_latest_only_with_trigger.py took 0.286 seconds
[2025-03-31T21:59:53.311+0000] {processor.py:186} INFO - Started process (PID=3169) to work on /home/airflow/.local/lib/python3.12/site-packages/airflow/example_dags/example_latest_only_with_trigger.py
[2025-03-31T21:59:53.315+0000] {processor.py:914} INFO - Processing file /home/airflow/.local/lib/python3.12/site-packages/airflow/example_dags/example_latest_only_with_trigger.py for tasks to queue
[2025-03-31T21:59:53.320+0000] {logging_mixin.py:190} INFO - [2025-03-31T21:59:53.317+0000] {dagbag.py:588} INFO - Filling up the DagBag from /home/airflow/.local/lib/python3.12/site-packages/airflow/example_dags/example_latest_only_with_trigger.py
[2025-03-31T21:59:53.351+0000] {processor.py:925} INFO - DAG(s) 'latest_only_with_trigger' retrieved from /home/airflow/.local/lib/python3.12/site-packages/airflow/example_dags/example_latest_only_with_trigger.py
[2025-03-31T21:59:53.434+0000] {logging_mixin.py:190} INFO - [2025-03-31T21:59:53.434+0000] {dag.py:3239} INFO - Sync 1 DAGs
[2025-03-31T21:59:53.508+0000] {logging_mixin.py:190} INFO - [2025-03-31T21:59:53.508+0000] {dag.py:4180} INFO - Setting next_dagrun for latest_only_with_trigger to 2025-03-31 16:00:00+00:00, run_after=2025-03-31 20:00:00+00:00
[2025-03-31T21:59:53.572+0000] {processor.py:208} INFO - Processing /home/airflow/.local/lib/python3.12/site-packages/airflow/example_dags/example_latest_only_with_trigger.py took 0.279 seconds
[2025-03-31T22:00:24.487+0000] {processor.py:186} INFO - Started process (PID=3232) to work on /home/airflow/.local/lib/python3.12/site-packages/airflow/example_dags/example_latest_only_with_trigger.py
[2025-03-31T22:00:24.489+0000] {processor.py:914} INFO - Processing file /home/airflow/.local/lib/python3.12/site-packages/airflow/example_dags/example_latest_only_with_trigger.py for tasks to queue
[2025-03-31T22:00:24.518+0000] {logging_mixin.py:190} INFO - [2025-03-31T22:00:24.517+0000] {dagbag.py:588} INFO - Filling up the DagBag from /home/airflow/.local/lib/python3.12/site-packages/airflow/example_dags/example_latest_only_with_trigger.py
[2025-03-31T22:00:24.596+0000] {processor.py:925} INFO - DAG(s) 'latest_only_with_trigger' retrieved from /home/airflow/.local/lib/python3.12/site-packages/airflow/example_dags/example_latest_only_with_trigger.py
[2025-03-31T22:00:24.739+0000] {logging_mixin.py:190} INFO - [2025-03-31T22:00:24.738+0000] {dag.py:3239} INFO - Sync 1 DAGs
[2025-03-31T22:00:24.914+0000] {logging_mixin.py:190} INFO - [2025-03-31T22:00:24.913+0000] {dag.py:4180} INFO - Setting next_dagrun for latest_only_with_trigger to 2025-03-31 16:00:00+00:00, run_after=2025-03-31 20:00:00+00:00
[2025-03-31T22:00:25.104+0000] {processor.py:208} INFO - Processing /home/airflow/.local/lib/python3.12/site-packages/airflow/example_dags/example_latest_only_with_trigger.py took 0.645 seconds
[2025-03-31T22:00:57.656+0000] {processor.py:186} INFO - Started process (PID=3293) to work on /home/airflow/.local/lib/python3.12/site-packages/airflow/example_dags/example_latest_only_with_trigger.py
[2025-03-31T22:00:57.660+0000] {processor.py:914} INFO - Processing file /home/airflow/.local/lib/python3.12/site-packages/airflow/example_dags/example_latest_only_with_trigger.py for tasks to queue
[2025-03-31T22:00:57.665+0000] {logging_mixin.py:190} INFO - [2025-03-31T22:00:57.664+0000] {dagbag.py:588} INFO - Filling up the DagBag from /home/airflow/.local/lib/python3.12/site-packages/airflow/example_dags/example_latest_only_with_trigger.py
[2025-03-31T22:00:57.695+0000] {processor.py:925} INFO - DAG(s) 'latest_only_with_trigger' retrieved from /home/airflow/.local/lib/python3.12/site-packages/airflow/example_dags/example_latest_only_with_trigger.py
[2025-03-31T22:00:57.854+0000] {logging_mixin.py:190} INFO - [2025-03-31T22:00:57.853+0000] {dag.py:3239} INFO - Sync 1 DAGs
[2025-03-31T22:00:58.046+0000] {logging_mixin.py:190} INFO - [2025-03-31T22:00:58.046+0000] {dag.py:4180} INFO - Setting next_dagrun for latest_only_with_trigger to 2025-03-31 16:00:00+00:00, run_after=2025-03-31 20:00:00+00:00
[2025-03-31T22:00:58.132+0000] {processor.py:208} INFO - Processing /home/airflow/.local/lib/python3.12/site-packages/airflow/example_dags/example_latest_only_with_trigger.py took 0.501 seconds
