[2025-03-31T21:22:06.486+0000] {processor.py:186} INFO - Started process (PID=126) to work on /home/airflow/.local/lib/python3.12/site-packages/airflow/example_dags/example_sla_dag.py
[2025-03-31T21:22:06.501+0000] {processor.py:914} INFO - Processing file /home/airflow/.local/lib/python3.12/site-packages/airflow/example_dags/example_sla_dag.py for tasks to queue
[2025-03-31T21:22:06.511+0000] {logging_mixin.py:190} INFO - [2025-03-31T21:22:06.510+0000] {dagbag.py:588} INFO - Filling up the DagBag from /home/airflow/.local/lib/python3.12/site-packages/airflow/example_dags/example_sla_dag.py
[2025-03-31T21:22:06.565+0000] {processor.py:925} INFO - DAG(s) 'example_sla_dag' retrieved from /home/airflow/.local/lib/python3.12/site-packages/airflow/example_dags/example_sla_dag.py
[2025-03-31T21:22:07.134+0000] {logging_mixin.py:190} INFO - [2025-03-31T21:22:07.130+0000] {override.py:1912} INFO - Created Permission View: can edit on DAG:example_sla_dag
[2025-03-31T21:22:07.169+0000] {logging_mixin.py:190} INFO - [2025-03-31T21:22:07.168+0000] {override.py:1912} INFO - Created Permission View: can delete on DAG:example_sla_dag
[2025-03-31T21:22:07.184+0000] {logging_mixin.py:190} INFO - [2025-03-31T21:22:07.184+0000] {override.py:1912} INFO - Created Permission View: can read on DAG:example_sla_dag
[2025-03-31T21:22:07.203+0000] {logging_mixin.py:190} INFO - [2025-03-31T21:22:07.202+0000] {override.py:1912} INFO - Created Permission View: menu access on DAG Run:example_sla_dag
[2025-03-31T21:22:07.243+0000] {logging_mixin.py:190} INFO - [2025-03-31T21:22:07.243+0000] {override.py:1912} INFO - Created Permission View: can delete on DAG Run:example_sla_dag
[2025-03-31T21:22:07.286+0000] {logging_mixin.py:190} INFO - [2025-03-31T21:22:07.285+0000] {override.py:1912} INFO - Created Permission View: can read on DAG Run:example_sla_dag
[2025-03-31T21:22:07.359+0000] {logging_mixin.py:190} INFO - [2025-03-31T21:22:07.358+0000] {override.py:1912} INFO - Created Permission View: can create on DAG Run:example_sla_dag
[2025-03-31T21:22:07.366+0000] {logging_mixin.py:190} INFO - [2025-03-31T21:22:07.363+0000] {dag.py:3239} INFO - Sync 1 DAGs
[2025-03-31T21:22:07.462+0000] {logging_mixin.py:190} INFO - [2025-03-31T21:22:07.462+0000] {dag.py:3262} INFO - Creating ORM DAG for example_sla_dag
[2025-03-31T21:22:07.542+0000] {logging_mixin.py:190} INFO - [2025-03-31T21:22:07.541+0000] {dag.py:4180} INFO - Setting next_dagrun for example_sla_dag to 2025-03-31 21:20:00+00:00, run_after=2025-03-31 21:22:00+00:00
[2025-03-31T21:22:07.639+0000] {processor.py:208} INFO - Processing /home/airflow/.local/lib/python3.12/site-packages/airflow/example_dags/example_sla_dag.py took 1.171 seconds
[2025-03-31T21:22:44.409+0000] {processor.py:186} INFO - Started process (PID=198) to work on /home/airflow/.local/lib/python3.12/site-packages/airflow/example_dags/example_sla_dag.py
[2025-03-31T21:22:44.410+0000] {processor.py:914} INFO - Processing file /home/airflow/.local/lib/python3.12/site-packages/airflow/example_dags/example_sla_dag.py for tasks to queue
[2025-03-31T21:22:44.415+0000] {logging_mixin.py:190} INFO - [2025-03-31T21:22:44.415+0000] {dagbag.py:588} INFO - Filling up the DagBag from /home/airflow/.local/lib/python3.12/site-packages/airflow/example_dags/example_sla_dag.py
[2025-03-31T21:22:44.435+0000] {processor.py:925} INFO - DAG(s) 'example_sla_dag' retrieved from /home/airflow/.local/lib/python3.12/site-packages/airflow/example_dags/example_sla_dag.py
[2025-03-31T21:22:44.473+0000] {logging_mixin.py:190} INFO - [2025-03-31T21:22:44.472+0000] {dag.py:3239} INFO - Sync 1 DAGs
[2025-03-31T21:22:44.528+0000] {logging_mixin.py:190} INFO - [2025-03-31T21:22:44.528+0000] {dag.py:4180} INFO - Setting next_dagrun for example_sla_dag to 2025-03-31 21:20:00+00:00, run_after=2025-03-31 21:22:00+00:00
[2025-03-31T21:22:44.567+0000] {processor.py:208} INFO - Processing /home/airflow/.local/lib/python3.12/site-packages/airflow/example_dags/example_sla_dag.py took 0.169 seconds
[2025-03-31T21:23:20.308+0000] {processor.py:186} INFO - Started process (PID=267) to work on /home/airflow/.local/lib/python3.12/site-packages/airflow/example_dags/example_sla_dag.py
[2025-03-31T21:23:20.314+0000] {processor.py:914} INFO - Processing file /home/airflow/.local/lib/python3.12/site-packages/airflow/example_dags/example_sla_dag.py for tasks to queue
[2025-03-31T21:23:20.321+0000] {logging_mixin.py:190} INFO - [2025-03-31T21:23:20.320+0000] {dagbag.py:588} INFO - Filling up the DagBag from /home/airflow/.local/lib/python3.12/site-packages/airflow/example_dags/example_sla_dag.py
[2025-03-31T21:23:20.457+0000] {processor.py:925} INFO - DAG(s) 'example_sla_dag' retrieved from /home/airflow/.local/lib/python3.12/site-packages/airflow/example_dags/example_sla_dag.py
[2025-03-31T21:23:20.669+0000] {logging_mixin.py:190} INFO - [2025-03-31T21:23:20.665+0000] {dag.py:3239} INFO - Sync 1 DAGs
[2025-03-31T21:23:20.856+0000] {logging_mixin.py:190} INFO - [2025-03-31T21:23:20.855+0000] {dag.py:4180} INFO - Setting next_dagrun for example_sla_dag to 2025-03-31 21:20:00+00:00, run_after=2025-03-31 21:22:00+00:00
[2025-03-31T21:23:21.002+0000] {processor.py:208} INFO - Processing /home/airflow/.local/lib/python3.12/site-packages/airflow/example_dags/example_sla_dag.py took 0.720 seconds
[2025-03-31T21:23:51.744+0000] {processor.py:186} INFO - Started process (PID=329) to work on /home/airflow/.local/lib/python3.12/site-packages/airflow/example_dags/example_sla_dag.py
[2025-03-31T21:23:51.752+0000] {processor.py:914} INFO - Processing file /home/airflow/.local/lib/python3.12/site-packages/airflow/example_dags/example_sla_dag.py for tasks to queue
[2025-03-31T21:23:51.762+0000] {logging_mixin.py:190} INFO - [2025-03-31T21:23:51.761+0000] {dagbag.py:588} INFO - Filling up the DagBag from /home/airflow/.local/lib/python3.12/site-packages/airflow/example_dags/example_sla_dag.py
[2025-03-31T21:23:51.839+0000] {processor.py:925} INFO - DAG(s) 'example_sla_dag' retrieved from /home/airflow/.local/lib/python3.12/site-packages/airflow/example_dags/example_sla_dag.py
[2025-03-31T21:23:51.944+0000] {logging_mixin.py:190} INFO - [2025-03-31T21:23:51.942+0000] {dag.py:3239} INFO - Sync 1 DAGs
[2025-03-31T21:23:52.174+0000] {logging_mixin.py:190} INFO - [2025-03-31T21:23:52.172+0000] {dag.py:4180} INFO - Setting next_dagrun for example_sla_dag to 2025-03-31 21:20:00+00:00, run_after=2025-03-31 21:22:00+00:00
[2025-03-31T21:23:52.274+0000] {processor.py:208} INFO - Processing /home/airflow/.local/lib/python3.12/site-packages/airflow/example_dags/example_sla_dag.py took 0.546 seconds
[2025-03-31T21:24:23.023+0000] {processor.py:186} INFO - Started process (PID=391) to work on /home/airflow/.local/lib/python3.12/site-packages/airflow/example_dags/example_sla_dag.py
[2025-03-31T21:24:23.080+0000] {processor.py:914} INFO - Processing file /home/airflow/.local/lib/python3.12/site-packages/airflow/example_dags/example_sla_dag.py for tasks to queue
[2025-03-31T21:24:23.105+0000] {logging_mixin.py:190} INFO - [2025-03-31T21:24:23.102+0000] {dagbag.py:588} INFO - Filling up the DagBag from /home/airflow/.local/lib/python3.12/site-packages/airflow/example_dags/example_sla_dag.py
[2025-03-31T21:24:23.186+0000] {processor.py:925} INFO - DAG(s) 'example_sla_dag' retrieved from /home/airflow/.local/lib/python3.12/site-packages/airflow/example_dags/example_sla_dag.py
[2025-03-31T21:24:23.326+0000] {logging_mixin.py:190} INFO - [2025-03-31T21:24:23.325+0000] {dag.py:3239} INFO - Sync 1 DAGs
[2025-03-31T21:24:23.619+0000] {logging_mixin.py:190} INFO - [2025-03-31T21:24:23.619+0000] {dag.py:4180} INFO - Setting next_dagrun for example_sla_dag to 2025-03-31 21:22:00+00:00, run_after=2025-03-31 21:24:00+00:00
[2025-03-31T21:24:23.770+0000] {processor.py:208} INFO - Processing /home/airflow/.local/lib/python3.12/site-packages/airflow/example_dags/example_sla_dag.py took 0.776 seconds
[2025-03-31T21:24:54.306+0000] {processor.py:186} INFO - Started process (PID=453) to work on /home/airflow/.local/lib/python3.12/site-packages/airflow/example_dags/example_sla_dag.py
[2025-03-31T21:24:54.307+0000] {processor.py:914} INFO - Processing file /home/airflow/.local/lib/python3.12/site-packages/airflow/example_dags/example_sla_dag.py for tasks to queue
[2025-03-31T21:24:54.313+0000] {logging_mixin.py:190} INFO - [2025-03-31T21:24:54.312+0000] {dagbag.py:588} INFO - Filling up the DagBag from /home/airflow/.local/lib/python3.12/site-packages/airflow/example_dags/example_sla_dag.py
[2025-03-31T21:24:54.334+0000] {processor.py:925} INFO - DAG(s) 'example_sla_dag' retrieved from /home/airflow/.local/lib/python3.12/site-packages/airflow/example_dags/example_sla_dag.py
[2025-03-31T21:24:54.374+0000] {logging_mixin.py:190} INFO - [2025-03-31T21:24:54.374+0000] {dag.py:3239} INFO - Sync 1 DAGs
[2025-03-31T21:24:54.469+0000] {logging_mixin.py:190} INFO - [2025-03-31T21:24:54.469+0000] {dag.py:4180} INFO - Setting next_dagrun for example_sla_dag to 2025-03-31 21:22:00+00:00, run_after=2025-03-31 21:24:00+00:00
[2025-03-31T21:24:54.511+0000] {processor.py:208} INFO - Processing /home/airflow/.local/lib/python3.12/site-packages/airflow/example_dags/example_sla_dag.py took 0.217 seconds
[2025-03-31T21:26:52.038+0000] {processor.py:186} INFO - Started process (PID=541) to work on /home/airflow/.local/lib/python3.12/site-packages/airflow/example_dags/example_sla_dag.py
[2025-03-31T21:26:52.043+0000] {processor.py:914} INFO - Processing file /home/airflow/.local/lib/python3.12/site-packages/airflow/example_dags/example_sla_dag.py for tasks to queue
[2025-03-31T21:26:52.047+0000] {logging_mixin.py:190} INFO - [2025-03-31T21:26:52.046+0000] {dagbag.py:588} INFO - Filling up the DagBag from /home/airflow/.local/lib/python3.12/site-packages/airflow/example_dags/example_sla_dag.py
[2025-03-31T21:26:52.077+0000] {processor.py:925} INFO - DAG(s) 'example_sla_dag' retrieved from /home/airflow/.local/lib/python3.12/site-packages/airflow/example_dags/example_sla_dag.py
[2025-03-31T21:26:52.145+0000] {logging_mixin.py:190} INFO - [2025-03-31T21:26:52.144+0000] {dag.py:3239} INFO - Sync 1 DAGs
[2025-03-31T21:26:52.261+0000] {logging_mixin.py:190} INFO - [2025-03-31T21:26:52.261+0000] {dag.py:4180} INFO - Setting next_dagrun for example_sla_dag to 2025-03-31 21:24:00+00:00, run_after=2025-03-31 21:26:00+00:00
[2025-03-31T21:26:52.323+0000] {processor.py:208} INFO - Processing /home/airflow/.local/lib/python3.12/site-packages/airflow/example_dags/example_sla_dag.py took 0.297 seconds
[2025-03-31T21:27:24.651+0000] {processor.py:186} INFO - Started process (PID=604) to work on /home/airflow/.local/lib/python3.12/site-packages/airflow/example_dags/example_sla_dag.py
[2025-03-31T21:27:24.654+0000] {processor.py:914} INFO - Processing file /home/airflow/.local/lib/python3.12/site-packages/airflow/example_dags/example_sla_dag.py for tasks to queue
[2025-03-31T21:27:24.656+0000] {logging_mixin.py:190} INFO - [2025-03-31T21:27:24.656+0000] {dagbag.py:588} INFO - Filling up the DagBag from /home/airflow/.local/lib/python3.12/site-packages/airflow/example_dags/example_sla_dag.py
[2025-03-31T21:27:24.677+0000] {processor.py:925} INFO - DAG(s) 'example_sla_dag' retrieved from /home/airflow/.local/lib/python3.12/site-packages/airflow/example_dags/example_sla_dag.py
[2025-03-31T21:27:24.714+0000] {logging_mixin.py:190} INFO - [2025-03-31T21:27:24.714+0000] {dag.py:3239} INFO - Sync 1 DAGs
[2025-03-31T21:27:24.768+0000] {logging_mixin.py:190} INFO - [2025-03-31T21:27:24.768+0000] {dag.py:4180} INFO - Setting next_dagrun for example_sla_dag to 2025-03-31 21:24:00+00:00, run_after=2025-03-31 21:26:00+00:00
[2025-03-31T21:27:24.804+0000] {processor.py:208} INFO - Processing /home/airflow/.local/lib/python3.12/site-packages/airflow/example_dags/example_sla_dag.py took 0.163 seconds
[2025-03-31T21:27:56.534+0000] {processor.py:186} INFO - Started process (PID=669) to work on /home/airflow/.local/lib/python3.12/site-packages/airflow/example_dags/example_sla_dag.py
[2025-03-31T21:27:56.535+0000] {processor.py:914} INFO - Processing file /home/airflow/.local/lib/python3.12/site-packages/airflow/example_dags/example_sla_dag.py for tasks to queue
[2025-03-31T21:27:56.538+0000] {logging_mixin.py:190} INFO - [2025-03-31T21:27:56.537+0000] {dagbag.py:588} INFO - Filling up the DagBag from /home/airflow/.local/lib/python3.12/site-packages/airflow/example_dags/example_sla_dag.py
[2025-03-31T21:27:56.558+0000] {processor.py:925} INFO - DAG(s) 'example_sla_dag' retrieved from /home/airflow/.local/lib/python3.12/site-packages/airflow/example_dags/example_sla_dag.py
[2025-03-31T21:27:56.593+0000] {logging_mixin.py:190} INFO - [2025-03-31T21:27:56.592+0000] {dag.py:3239} INFO - Sync 1 DAGs
[2025-03-31T21:27:56.638+0000] {logging_mixin.py:190} INFO - [2025-03-31T21:27:56.638+0000] {dag.py:4180} INFO - Setting next_dagrun for example_sla_dag to 2025-03-31 21:24:00+00:00, run_after=2025-03-31 21:26:00+00:00
[2025-03-31T21:27:56.671+0000] {processor.py:208} INFO - Processing /home/airflow/.local/lib/python3.12/site-packages/airflow/example_dags/example_sla_dag.py took 0.149 seconds
[2025-03-31T21:28:28.585+0000] {processor.py:186} INFO - Started process (PID=734) to work on /home/airflow/.local/lib/python3.12/site-packages/airflow/example_dags/example_sla_dag.py
[2025-03-31T21:28:28.588+0000] {processor.py:914} INFO - Processing file /home/airflow/.local/lib/python3.12/site-packages/airflow/example_dags/example_sla_dag.py for tasks to queue
[2025-03-31T21:28:28.592+0000] {logging_mixin.py:190} INFO - [2025-03-31T21:28:28.591+0000] {dagbag.py:588} INFO - Filling up the DagBag from /home/airflow/.local/lib/python3.12/site-packages/airflow/example_dags/example_sla_dag.py
[2025-03-31T21:28:28.624+0000] {processor.py:925} INFO - DAG(s) 'example_sla_dag' retrieved from /home/airflow/.local/lib/python3.12/site-packages/airflow/example_dags/example_sla_dag.py
[2025-03-31T21:28:28.678+0000] {logging_mixin.py:190} INFO - [2025-03-31T21:28:28.678+0000] {dag.py:3239} INFO - Sync 1 DAGs
[2025-03-31T21:28:28.742+0000] {logging_mixin.py:190} INFO - [2025-03-31T21:28:28.741+0000] {dag.py:4180} INFO - Setting next_dagrun for example_sla_dag to 2025-03-31 21:26:00+00:00, run_after=2025-03-31 21:28:00+00:00
[2025-03-31T21:28:28.809+0000] {processor.py:208} INFO - Processing /home/airflow/.local/lib/python3.12/site-packages/airflow/example_dags/example_sla_dag.py took 0.235 seconds
[2025-03-31T21:29:00.488+0000] {processor.py:186} INFO - Started process (PID=797) to work on /home/airflow/.local/lib/python3.12/site-packages/airflow/example_dags/example_sla_dag.py
[2025-03-31T21:29:00.492+0000] {processor.py:914} INFO - Processing file /home/airflow/.local/lib/python3.12/site-packages/airflow/example_dags/example_sla_dag.py for tasks to queue
[2025-03-31T21:29:00.494+0000] {logging_mixin.py:190} INFO - [2025-03-31T21:29:00.494+0000] {dagbag.py:588} INFO - Filling up the DagBag from /home/airflow/.local/lib/python3.12/site-packages/airflow/example_dags/example_sla_dag.py
[2025-03-31T21:29:00.516+0000] {processor.py:925} INFO - DAG(s) 'example_sla_dag' retrieved from /home/airflow/.local/lib/python3.12/site-packages/airflow/example_dags/example_sla_dag.py
[2025-03-31T21:29:00.549+0000] {logging_mixin.py:190} INFO - [2025-03-31T21:29:00.549+0000] {dag.py:3239} INFO - Sync 1 DAGs
[2025-03-31T21:29:00.610+0000] {logging_mixin.py:190} INFO - [2025-03-31T21:29:00.610+0000] {dag.py:4180} INFO - Setting next_dagrun for example_sla_dag to 2025-03-31 21:26:00+00:00, run_after=2025-03-31 21:28:00+00:00
[2025-03-31T21:29:00.651+0000] {processor.py:208} INFO - Processing /home/airflow/.local/lib/python3.12/site-packages/airflow/example_dags/example_sla_dag.py took 0.173 seconds
[2025-03-31T21:29:41.708+0000] {processor.py:186} INFO - Started process (PID=875) to work on /home/airflow/.local/lib/python3.12/site-packages/airflow/example_dags/example_sla_dag.py
[2025-03-31T21:29:41.709+0000] {processor.py:914} INFO - Processing file /home/airflow/.local/lib/python3.12/site-packages/airflow/example_dags/example_sla_dag.py for tasks to queue
[2025-03-31T21:29:41.715+0000] {logging_mixin.py:190} INFO - [2025-03-31T21:29:41.712+0000] {dagbag.py:588} INFO - Filling up the DagBag from /home/airflow/.local/lib/python3.12/site-packages/airflow/example_dags/example_sla_dag.py
[2025-03-31T21:29:41.749+0000] {processor.py:925} INFO - DAG(s) 'example_sla_dag' retrieved from /home/airflow/.local/lib/python3.12/site-packages/airflow/example_dags/example_sla_dag.py
[2025-03-31T21:29:41.826+0000] {logging_mixin.py:190} INFO - [2025-03-31T21:29:41.826+0000] {dag.py:3239} INFO - Sync 1 DAGs
[2025-03-31T21:29:41.911+0000] {logging_mixin.py:190} INFO - [2025-03-31T21:29:41.910+0000] {dag.py:4180} INFO - Setting next_dagrun for example_sla_dag to 2025-03-31 21:26:00+00:00, run_after=2025-03-31 21:28:00+00:00
[2025-03-31T21:29:41.952+0000] {processor.py:208} INFO - Processing /home/airflow/.local/lib/python3.12/site-packages/airflow/example_dags/example_sla_dag.py took 0.258 seconds
[2025-03-31T21:30:50.388+0000] {processor.py:186} INFO - Started process (PID=962) to work on /home/airflow/.local/lib/python3.12/site-packages/airflow/example_dags/example_sla_dag.py
[2025-03-31T21:30:50.391+0000] {processor.py:914} INFO - Processing file /home/airflow/.local/lib/python3.12/site-packages/airflow/example_dags/example_sla_dag.py for tasks to queue
[2025-03-31T21:30:50.403+0000] {logging_mixin.py:190} INFO - [2025-03-31T21:30:50.402+0000] {dagbag.py:588} INFO - Filling up the DagBag from /home/airflow/.local/lib/python3.12/site-packages/airflow/example_dags/example_sla_dag.py
[2025-03-31T21:30:50.441+0000] {processor.py:925} INFO - DAG(s) 'example_sla_dag' retrieved from /home/airflow/.local/lib/python3.12/site-packages/airflow/example_dags/example_sla_dag.py
[2025-03-31T21:30:50.493+0000] {logging_mixin.py:190} INFO - [2025-03-31T21:30:50.493+0000] {dag.py:3239} INFO - Sync 1 DAGs
[2025-03-31T21:30:50.543+0000] {logging_mixin.py:190} INFO - [2025-03-31T21:30:50.543+0000] {dag.py:4180} INFO - Setting next_dagrun for example_sla_dag to 2025-03-31 21:28:00+00:00, run_after=2025-03-31 21:30:00+00:00
[2025-03-31T21:30:50.589+0000] {processor.py:208} INFO - Processing /home/airflow/.local/lib/python3.12/site-packages/airflow/example_dags/example_sla_dag.py took 0.215 seconds
[2025-03-31T21:31:25.637+0000] {processor.py:186} INFO - Started process (PID=1026) to work on /home/airflow/.local/lib/python3.12/site-packages/airflow/example_dags/example_sla_dag.py
[2025-03-31T21:31:25.642+0000] {processor.py:914} INFO - Processing file /home/airflow/.local/lib/python3.12/site-packages/airflow/example_dags/example_sla_dag.py for tasks to queue
[2025-03-31T21:31:25.649+0000] {logging_mixin.py:190} INFO - [2025-03-31T21:31:25.648+0000] {dagbag.py:588} INFO - Filling up the DagBag from /home/airflow/.local/lib/python3.12/site-packages/airflow/example_dags/example_sla_dag.py
[2025-03-31T21:31:25.687+0000] {processor.py:925} INFO - DAG(s) 'example_sla_dag' retrieved from /home/airflow/.local/lib/python3.12/site-packages/airflow/example_dags/example_sla_dag.py
[2025-03-31T21:31:25.729+0000] {logging_mixin.py:190} INFO - [2025-03-31T21:31:25.729+0000] {dag.py:3239} INFO - Sync 1 DAGs
[2025-03-31T21:31:25.793+0000] {logging_mixin.py:190} INFO - [2025-03-31T21:31:25.792+0000] {dag.py:4180} INFO - Setting next_dagrun for example_sla_dag to 2025-03-31 21:28:00+00:00, run_after=2025-03-31 21:30:00+00:00
[2025-03-31T21:31:25.826+0000] {processor.py:208} INFO - Processing /home/airflow/.local/lib/python3.12/site-packages/airflow/example_dags/example_sla_dag.py took 0.219 seconds
[2025-03-31T21:32:00.419+0000] {processor.py:186} INFO - Started process (PID=1090) to work on /home/airflow/.local/lib/python3.12/site-packages/airflow/example_dags/example_sla_dag.py
[2025-03-31T21:32:00.422+0000] {processor.py:914} INFO - Processing file /home/airflow/.local/lib/python3.12/site-packages/airflow/example_dags/example_sla_dag.py for tasks to queue
[2025-03-31T21:32:00.431+0000] {logging_mixin.py:190} INFO - [2025-03-31T21:32:00.430+0000] {dagbag.py:588} INFO - Filling up the DagBag from /home/airflow/.local/lib/python3.12/site-packages/airflow/example_dags/example_sla_dag.py
[2025-03-31T21:32:00.464+0000] {processor.py:925} INFO - DAG(s) 'example_sla_dag' retrieved from /home/airflow/.local/lib/python3.12/site-packages/airflow/example_dags/example_sla_dag.py
[2025-03-31T21:32:00.565+0000] {logging_mixin.py:190} INFO - [2025-03-31T21:32:00.565+0000] {dag.py:3239} INFO - Sync 1 DAGs
[2025-03-31T21:32:00.663+0000] {logging_mixin.py:190} INFO - [2025-03-31T21:32:00.662+0000] {dag.py:4180} INFO - Setting next_dagrun for example_sla_dag to 2025-03-31 21:30:00+00:00, run_after=2025-03-31 21:32:00+00:00
[2025-03-31T21:32:00.730+0000] {processor.py:208} INFO - Processing /home/airflow/.local/lib/python3.12/site-packages/airflow/example_dags/example_sla_dag.py took 0.331 seconds
[2025-03-31T21:32:31.832+0000] {processor.py:186} INFO - Started process (PID=1154) to work on /home/airflow/.local/lib/python3.12/site-packages/airflow/example_dags/example_sla_dag.py
[2025-03-31T21:32:31.834+0000] {processor.py:914} INFO - Processing file /home/airflow/.local/lib/python3.12/site-packages/airflow/example_dags/example_sla_dag.py for tasks to queue
[2025-03-31T21:32:31.838+0000] {logging_mixin.py:190} INFO - [2025-03-31T21:32:31.837+0000] {dagbag.py:588} INFO - Filling up the DagBag from /home/airflow/.local/lib/python3.12/site-packages/airflow/example_dags/example_sla_dag.py
[2025-03-31T21:32:31.868+0000] {processor.py:925} INFO - DAG(s) 'example_sla_dag' retrieved from /home/airflow/.local/lib/python3.12/site-packages/airflow/example_dags/example_sla_dag.py
[2025-03-31T21:32:31.920+0000] {logging_mixin.py:190} INFO - [2025-03-31T21:32:31.920+0000] {dag.py:3239} INFO - Sync 1 DAGs
[2025-03-31T21:32:31.974+0000] {logging_mixin.py:190} INFO - [2025-03-31T21:32:31.974+0000] {dag.py:4180} INFO - Setting next_dagrun for example_sla_dag to 2025-03-31 21:30:00+00:00, run_after=2025-03-31 21:32:00+00:00
[2025-03-31T21:32:32.020+0000] {processor.py:208} INFO - Processing /home/airflow/.local/lib/python3.12/site-packages/airflow/example_dags/example_sla_dag.py took 0.200 seconds
[2025-03-31T21:33:03.116+0000] {processor.py:186} INFO - Started process (PID=1218) to work on /home/airflow/.local/lib/python3.12/site-packages/airflow/example_dags/example_sla_dag.py
[2025-03-31T21:33:03.117+0000] {processor.py:914} INFO - Processing file /home/airflow/.local/lib/python3.12/site-packages/airflow/example_dags/example_sla_dag.py for tasks to queue
[2025-03-31T21:33:03.120+0000] {logging_mixin.py:190} INFO - [2025-03-31T21:33:03.119+0000] {dagbag.py:588} INFO - Filling up the DagBag from /home/airflow/.local/lib/python3.12/site-packages/airflow/example_dags/example_sla_dag.py
[2025-03-31T21:33:03.138+0000] {processor.py:925} INFO - DAG(s) 'example_sla_dag' retrieved from /home/airflow/.local/lib/python3.12/site-packages/airflow/example_dags/example_sla_dag.py
[2025-03-31T21:33:03.170+0000] {logging_mixin.py:190} INFO - [2025-03-31T21:33:03.169+0000] {dag.py:3239} INFO - Sync 1 DAGs
[2025-03-31T21:33:03.217+0000] {logging_mixin.py:190} INFO - [2025-03-31T21:33:03.217+0000] {dag.py:4180} INFO - Setting next_dagrun for example_sla_dag to 2025-03-31 21:30:00+00:00, run_after=2025-03-31 21:32:00+00:00
[2025-03-31T21:33:03.248+0000] {processor.py:208} INFO - Processing /home/airflow/.local/lib/python3.12/site-packages/airflow/example_dags/example_sla_dag.py took 0.144 seconds
[2025-03-31T21:33:33.878+0000] {processor.py:186} INFO - Started process (PID=1281) to work on /home/airflow/.local/lib/python3.12/site-packages/airflow/example_dags/example_sla_dag.py
[2025-03-31T21:33:33.883+0000] {processor.py:914} INFO - Processing file /home/airflow/.local/lib/python3.12/site-packages/airflow/example_dags/example_sla_dag.py for tasks to queue
[2025-03-31T21:33:33.886+0000] {logging_mixin.py:190} INFO - [2025-03-31T21:33:33.885+0000] {dagbag.py:588} INFO - Filling up the DagBag from /home/airflow/.local/lib/python3.12/site-packages/airflow/example_dags/example_sla_dag.py
[2025-03-31T21:33:33.908+0000] {processor.py:925} INFO - DAG(s) 'example_sla_dag' retrieved from /home/airflow/.local/lib/python3.12/site-packages/airflow/example_dags/example_sla_dag.py
[2025-03-31T21:33:33.952+0000] {logging_mixin.py:190} INFO - [2025-03-31T21:33:33.952+0000] {dag.py:3239} INFO - Sync 1 DAGs
[2025-03-31T21:33:33.997+0000] {logging_mixin.py:190} INFO - [2025-03-31T21:33:33.997+0000] {dag.py:4180} INFO - Setting next_dagrun for example_sla_dag to 2025-03-31 21:30:00+00:00, run_after=2025-03-31 21:32:00+00:00
[2025-03-31T21:33:34.064+0000] {processor.py:208} INFO - Processing /home/airflow/.local/lib/python3.12/site-packages/airflow/example_dags/example_sla_dag.py took 0.241 seconds
[2025-03-31T21:34:04.341+0000] {processor.py:186} INFO - Started process (PID=1344) to work on /home/airflow/.local/lib/python3.12/site-packages/airflow/example_dags/example_sla_dag.py
[2025-03-31T21:34:04.346+0000] {processor.py:914} INFO - Processing file /home/airflow/.local/lib/python3.12/site-packages/airflow/example_dags/example_sla_dag.py for tasks to queue
[2025-03-31T21:34:04.349+0000] {logging_mixin.py:190} INFO - [2025-03-31T21:34:04.349+0000] {dagbag.py:588} INFO - Filling up the DagBag from /home/airflow/.local/lib/python3.12/site-packages/airflow/example_dags/example_sla_dag.py
[2025-03-31T21:34:04.387+0000] {processor.py:925} INFO - DAG(s) 'example_sla_dag' retrieved from /home/airflow/.local/lib/python3.12/site-packages/airflow/example_dags/example_sla_dag.py
[2025-03-31T21:34:04.436+0000] {logging_mixin.py:190} INFO - [2025-03-31T21:34:04.436+0000] {dag.py:3239} INFO - Sync 1 DAGs
[2025-03-31T21:34:04.515+0000] {logging_mixin.py:190} INFO - [2025-03-31T21:34:04.515+0000] {dag.py:4180} INFO - Setting next_dagrun for example_sla_dag to 2025-03-31 21:32:00+00:00, run_after=2025-03-31 21:34:00+00:00
[2025-03-31T21:34:04.611+0000] {processor.py:208} INFO - Processing /home/airflow/.local/lib/python3.12/site-packages/airflow/example_dags/example_sla_dag.py took 0.283 seconds
[2025-03-31T21:34:35.237+0000] {processor.py:186} INFO - Started process (PID=1407) to work on /home/airflow/.local/lib/python3.12/site-packages/airflow/example_dags/example_sla_dag.py
[2025-03-31T21:34:35.239+0000] {processor.py:914} INFO - Processing file /home/airflow/.local/lib/python3.12/site-packages/airflow/example_dags/example_sla_dag.py for tasks to queue
[2025-03-31T21:34:35.256+0000] {logging_mixin.py:190} INFO - [2025-03-31T21:34:35.252+0000] {dagbag.py:588} INFO - Filling up the DagBag from /home/airflow/.local/lib/python3.12/site-packages/airflow/example_dags/example_sla_dag.py
[2025-03-31T21:34:35.440+0000] {processor.py:925} INFO - DAG(s) 'example_sla_dag' retrieved from /home/airflow/.local/lib/python3.12/site-packages/airflow/example_dags/example_sla_dag.py
[2025-03-31T21:34:35.571+0000] {logging_mixin.py:190} INFO - [2025-03-31T21:34:35.569+0000] {dag.py:3239} INFO - Sync 1 DAGs
[2025-03-31T21:34:35.655+0000] {logging_mixin.py:190} INFO - [2025-03-31T21:34:35.655+0000] {dag.py:4180} INFO - Setting next_dagrun for example_sla_dag to 2025-03-31 21:32:00+00:00, run_after=2025-03-31 21:34:00+00:00
[2025-03-31T21:34:35.702+0000] {processor.py:208} INFO - Processing /home/airflow/.local/lib/python3.12/site-packages/airflow/example_dags/example_sla_dag.py took 0.507 seconds
[2025-03-31T21:35:05.857+0000] {processor.py:186} INFO - Started process (PID=1470) to work on /home/airflow/.local/lib/python3.12/site-packages/airflow/example_dags/example_sla_dag.py
[2025-03-31T21:35:05.858+0000] {processor.py:914} INFO - Processing file /home/airflow/.local/lib/python3.12/site-packages/airflow/example_dags/example_sla_dag.py for tasks to queue
[2025-03-31T21:35:05.862+0000] {logging_mixin.py:190} INFO - [2025-03-31T21:35:05.861+0000] {dagbag.py:588} INFO - Filling up the DagBag from /home/airflow/.local/lib/python3.12/site-packages/airflow/example_dags/example_sla_dag.py
[2025-03-31T21:35:05.882+0000] {processor.py:925} INFO - DAG(s) 'example_sla_dag' retrieved from /home/airflow/.local/lib/python3.12/site-packages/airflow/example_dags/example_sla_dag.py
[2025-03-31T21:35:05.911+0000] {logging_mixin.py:190} INFO - [2025-03-31T21:35:05.910+0000] {dag.py:3239} INFO - Sync 1 DAGs
[2025-03-31T21:35:05.947+0000] {logging_mixin.py:190} INFO - [2025-03-31T21:35:05.946+0000] {dag.py:4180} INFO - Setting next_dagrun for example_sla_dag to 2025-03-31 21:32:00+00:00, run_after=2025-03-31 21:34:00+00:00
[2025-03-31T21:35:05.976+0000] {processor.py:208} INFO - Processing /home/airflow/.local/lib/python3.12/site-packages/airflow/example_dags/example_sla_dag.py took 0.129 seconds
[2025-03-31T21:35:36.177+0000] {processor.py:186} INFO - Started process (PID=1534) to work on /home/airflow/.local/lib/python3.12/site-packages/airflow/example_dags/example_sla_dag.py
[2025-03-31T21:35:36.178+0000] {processor.py:914} INFO - Processing file /home/airflow/.local/lib/python3.12/site-packages/airflow/example_dags/example_sla_dag.py for tasks to queue
[2025-03-31T21:35:36.182+0000] {logging_mixin.py:190} INFO - [2025-03-31T21:35:36.181+0000] {dagbag.py:588} INFO - Filling up the DagBag from /home/airflow/.local/lib/python3.12/site-packages/airflow/example_dags/example_sla_dag.py
[2025-03-31T21:35:36.210+0000] {processor.py:925} INFO - DAG(s) 'example_sla_dag' retrieved from /home/airflow/.local/lib/python3.12/site-packages/airflow/example_dags/example_sla_dag.py
[2025-03-31T21:35:36.247+0000] {logging_mixin.py:190} INFO - [2025-03-31T21:35:36.247+0000] {dag.py:3239} INFO - Sync 1 DAGs
[2025-03-31T21:35:36.300+0000] {logging_mixin.py:190} INFO - [2025-03-31T21:35:36.299+0000] {dag.py:4180} INFO - Setting next_dagrun for example_sla_dag to 2025-03-31 21:32:00+00:00, run_after=2025-03-31 21:34:00+00:00
[2025-03-31T21:35:36.335+0000] {processor.py:208} INFO - Processing /home/airflow/.local/lib/python3.12/site-packages/airflow/example_dags/example_sla_dag.py took 0.169 seconds
[2025-03-31T21:36:06.825+0000] {processor.py:186} INFO - Started process (PID=1598) to work on /home/airflow/.local/lib/python3.12/site-packages/airflow/example_dags/example_sla_dag.py
[2025-03-31T21:36:06.826+0000] {processor.py:914} INFO - Processing file /home/airflow/.local/lib/python3.12/site-packages/airflow/example_dags/example_sla_dag.py for tasks to queue
[2025-03-31T21:36:06.829+0000] {logging_mixin.py:190} INFO - [2025-03-31T21:36:06.828+0000] {dagbag.py:588} INFO - Filling up the DagBag from /home/airflow/.local/lib/python3.12/site-packages/airflow/example_dags/example_sla_dag.py
[2025-03-31T21:36:06.853+0000] {processor.py:925} INFO - DAG(s) 'example_sla_dag' retrieved from /home/airflow/.local/lib/python3.12/site-packages/airflow/example_dags/example_sla_dag.py
[2025-03-31T21:36:06.920+0000] {logging_mixin.py:190} INFO - [2025-03-31T21:36:06.918+0000] {dag.py:3239} INFO - Sync 1 DAGs
[2025-03-31T21:36:06.990+0000] {logging_mixin.py:190} INFO - [2025-03-31T21:36:06.989+0000] {dag.py:4180} INFO - Setting next_dagrun for example_sla_dag to 2025-03-31 21:34:00+00:00, run_after=2025-03-31 21:36:00+00:00
[2025-03-31T21:36:07.034+0000] {processor.py:208} INFO - Processing /home/airflow/.local/lib/python3.12/site-packages/airflow/example_dags/example_sla_dag.py took 0.226 seconds
[2025-03-31T21:37:07.047+0000] {processor.py:186} INFO - Started process (PID=1693) to work on /home/airflow/.local/lib/python3.12/site-packages/airflow/example_dags/example_sla_dag.py
[2025-03-31T21:37:07.049+0000] {processor.py:914} INFO - Processing file /home/airflow/.local/lib/python3.12/site-packages/airflow/example_dags/example_sla_dag.py for tasks to queue
[2025-03-31T21:37:07.052+0000] {logging_mixin.py:190} INFO - [2025-03-31T21:37:07.051+0000] {dagbag.py:588} INFO - Filling up the DagBag from /home/airflow/.local/lib/python3.12/site-packages/airflow/example_dags/example_sla_dag.py
[2025-03-31T21:37:07.081+0000] {processor.py:925} INFO - DAG(s) 'example_sla_dag' retrieved from /home/airflow/.local/lib/python3.12/site-packages/airflow/example_dags/example_sla_dag.py
[2025-03-31T21:37:07.124+0000] {logging_mixin.py:190} INFO - [2025-03-31T21:37:07.124+0000] {dag.py:3239} INFO - Sync 1 DAGs
[2025-03-31T21:37:07.178+0000] {logging_mixin.py:190} INFO - [2025-03-31T21:37:07.177+0000] {dag.py:4180} INFO - Setting next_dagrun for example_sla_dag to 2025-03-31 21:34:00+00:00, run_after=2025-03-31 21:36:00+00:00
[2025-03-31T21:37:07.226+0000] {processor.py:208} INFO - Processing /home/airflow/.local/lib/python3.12/site-packages/airflow/example_dags/example_sla_dag.py took 0.189 seconds
[2025-03-31T21:37:38.806+0000] {processor.py:186} INFO - Started process (PID=1756) to work on /home/airflow/.local/lib/python3.12/site-packages/airflow/example_dags/example_sla_dag.py
[2025-03-31T21:37:38.809+0000] {processor.py:914} INFO - Processing file /home/airflow/.local/lib/python3.12/site-packages/airflow/example_dags/example_sla_dag.py for tasks to queue
[2025-03-31T21:37:38.813+0000] {logging_mixin.py:190} INFO - [2025-03-31T21:37:38.812+0000] {dagbag.py:588} INFO - Filling up the DagBag from /home/airflow/.local/lib/python3.12/site-packages/airflow/example_dags/example_sla_dag.py
[2025-03-31T21:37:38.836+0000] {processor.py:925} INFO - DAG(s) 'example_sla_dag' retrieved from /home/airflow/.local/lib/python3.12/site-packages/airflow/example_dags/example_sla_dag.py
[2025-03-31T21:37:38.869+0000] {logging_mixin.py:190} INFO - [2025-03-31T21:37:38.869+0000] {dag.py:3239} INFO - Sync 1 DAGs
[2025-03-31T21:37:38.917+0000] {logging_mixin.py:190} INFO - [2025-03-31T21:37:38.916+0000] {dag.py:4180} INFO - Setting next_dagrun for example_sla_dag to 2025-03-31 21:34:00+00:00, run_after=2025-03-31 21:36:00+00:00
[2025-03-31T21:37:38.947+0000] {processor.py:208} INFO - Processing /home/airflow/.local/lib/python3.12/site-packages/airflow/example_dags/example_sla_dag.py took 0.161 seconds
[2025-03-31T21:38:17.751+0000] {processor.py:186} INFO - Started process (PID=1819) to work on /home/airflow/.local/lib/python3.12/site-packages/airflow/example_dags/example_sla_dag.py
[2025-03-31T21:38:17.760+0000] {processor.py:914} INFO - Processing file /home/airflow/.local/lib/python3.12/site-packages/airflow/example_dags/example_sla_dag.py for tasks to queue
[2025-03-31T21:38:17.764+0000] {logging_mixin.py:190} INFO - [2025-03-31T21:38:17.764+0000] {dagbag.py:588} INFO - Filling up the DagBag from /home/airflow/.local/lib/python3.12/site-packages/airflow/example_dags/example_sla_dag.py
[2025-03-31T21:38:17.815+0000] {processor.py:925} INFO - DAG(s) 'example_sla_dag' retrieved from /home/airflow/.local/lib/python3.12/site-packages/airflow/example_dags/example_sla_dag.py
[2025-03-31T21:38:17.890+0000] {logging_mixin.py:190} INFO - [2025-03-31T21:38:17.890+0000] {dag.py:3239} INFO - Sync 1 DAGs
[2025-03-31T21:38:17.971+0000] {logging_mixin.py:190} INFO - [2025-03-31T21:38:17.970+0000] {dag.py:4180} INFO - Setting next_dagrun for example_sla_dag to 2025-03-31 21:36:00+00:00, run_after=2025-03-31 21:38:00+00:00
[2025-03-31T21:38:18.036+0000] {processor.py:208} INFO - Processing /home/airflow/.local/lib/python3.12/site-packages/airflow/example_dags/example_sla_dag.py took 0.298 seconds
[2025-03-31T21:40:22.844+0000] {processor.py:186} INFO - Started process (PID=1936) to work on /home/airflow/.local/lib/python3.12/site-packages/airflow/example_dags/example_sla_dag.py
[2025-03-31T21:40:22.845+0000] {processor.py:914} INFO - Processing file /home/airflow/.local/lib/python3.12/site-packages/airflow/example_dags/example_sla_dag.py for tasks to queue
[2025-03-31T21:40:22.849+0000] {logging_mixin.py:190} INFO - [2025-03-31T21:40:22.849+0000] {dagbag.py:588} INFO - Filling up the DagBag from /home/airflow/.local/lib/python3.12/site-packages/airflow/example_dags/example_sla_dag.py
[2025-03-31T21:40:22.872+0000] {processor.py:925} INFO - DAG(s) 'example_sla_dag' retrieved from /home/airflow/.local/lib/python3.12/site-packages/airflow/example_dags/example_sla_dag.py
[2025-03-31T21:40:22.911+0000] {logging_mixin.py:190} INFO - [2025-03-31T21:40:22.911+0000] {dag.py:3239} INFO - Sync 1 DAGs
[2025-03-31T21:40:22.954+0000] {logging_mixin.py:190} INFO - [2025-03-31T21:40:22.954+0000] {dag.py:4180} INFO - Setting next_dagrun for example_sla_dag to 2025-03-31 21:38:00+00:00, run_after=2025-03-31 21:40:00+00:00
[2025-03-31T21:40:22.988+0000] {processor.py:208} INFO - Processing /home/airflow/.local/lib/python3.12/site-packages/airflow/example_dags/example_sla_dag.py took 0.157 seconds
[2025-03-31T21:42:59.187+0000] {processor.py:186} INFO - Started process (PID=2023) to work on /home/airflow/.local/lib/python3.12/site-packages/airflow/example_dags/example_sla_dag.py
[2025-03-31T21:42:59.188+0000] {processor.py:914} INFO - Processing file /home/airflow/.local/lib/python3.12/site-packages/airflow/example_dags/example_sla_dag.py for tasks to queue
[2025-03-31T21:42:59.191+0000] {logging_mixin.py:190} INFO - [2025-03-31T21:42:59.190+0000] {dagbag.py:588} INFO - Filling up the DagBag from /home/airflow/.local/lib/python3.12/site-packages/airflow/example_dags/example_sla_dag.py
[2025-03-31T21:42:59.215+0000] {processor.py:925} INFO - DAG(s) 'example_sla_dag' retrieved from /home/airflow/.local/lib/python3.12/site-packages/airflow/example_dags/example_sla_dag.py
[2025-03-31T21:42:59.269+0000] {logging_mixin.py:190} INFO - [2025-03-31T21:42:59.268+0000] {dag.py:3239} INFO - Sync 1 DAGs
[2025-03-31T21:42:59.339+0000] {logging_mixin.py:190} INFO - [2025-03-31T21:42:59.338+0000] {dag.py:4180} INFO - Setting next_dagrun for example_sla_dag to 2025-03-31 21:40:00+00:00, run_after=2025-03-31 21:42:00+00:00
[2025-03-31T21:42:59.383+0000] {processor.py:208} INFO - Processing /home/airflow/.local/lib/python3.12/site-packages/airflow/example_dags/example_sla_dag.py took 0.206 seconds
[2025-03-31T21:43:54.983+0000] {processor.py:186} INFO - Started process (PID=2101) to work on /home/airflow/.local/lib/python3.12/site-packages/airflow/example_dags/example_sla_dag.py
[2025-03-31T21:43:54.987+0000] {processor.py:914} INFO - Processing file /home/airflow/.local/lib/python3.12/site-packages/airflow/example_dags/example_sla_dag.py for tasks to queue
[2025-03-31T21:43:54.995+0000] {logging_mixin.py:190} INFO - [2025-03-31T21:43:54.993+0000] {dagbag.py:588} INFO - Filling up the DagBag from /home/airflow/.local/lib/python3.12/site-packages/airflow/example_dags/example_sla_dag.py
[2025-03-31T21:43:55.033+0000] {processor.py:925} INFO - DAG(s) 'example_sla_dag' retrieved from /home/airflow/.local/lib/python3.12/site-packages/airflow/example_dags/example_sla_dag.py
[2025-03-31T21:43:55.095+0000] {logging_mixin.py:190} INFO - [2025-03-31T21:43:55.093+0000] {dag.py:3239} INFO - Sync 1 DAGs
[2025-03-31T21:43:55.194+0000] {logging_mixin.py:190} INFO - [2025-03-31T21:43:55.194+0000] {dag.py:4180} INFO - Setting next_dagrun for example_sla_dag to 2025-03-31 21:40:00+00:00, run_after=2025-03-31 21:42:00+00:00
[2025-03-31T21:43:55.259+0000] {processor.py:208} INFO - Processing /home/airflow/.local/lib/python3.12/site-packages/airflow/example_dags/example_sla_dag.py took 0.300 seconds
[2025-03-31T21:44:25.748+0000] {processor.py:186} INFO - Started process (PID=2164) to work on /home/airflow/.local/lib/python3.12/site-packages/airflow/example_dags/example_sla_dag.py
[2025-03-31T21:44:25.750+0000] {processor.py:914} INFO - Processing file /home/airflow/.local/lib/python3.12/site-packages/airflow/example_dags/example_sla_dag.py for tasks to queue
[2025-03-31T21:44:25.752+0000] {logging_mixin.py:190} INFO - [2025-03-31T21:44:25.752+0000] {dagbag.py:588} INFO - Filling up the DagBag from /home/airflow/.local/lib/python3.12/site-packages/airflow/example_dags/example_sla_dag.py
[2025-03-31T21:44:25.770+0000] {processor.py:925} INFO - DAG(s) 'example_sla_dag' retrieved from /home/airflow/.local/lib/python3.12/site-packages/airflow/example_dags/example_sla_dag.py
[2025-03-31T21:44:25.805+0000] {logging_mixin.py:190} INFO - [2025-03-31T21:44:25.804+0000] {dag.py:3239} INFO - Sync 1 DAGs
[2025-03-31T21:44:25.849+0000] {logging_mixin.py:190} INFO - [2025-03-31T21:44:25.849+0000] {dag.py:4180} INFO - Setting next_dagrun for example_sla_dag to 2025-03-31 21:42:00+00:00, run_after=2025-03-31 21:44:00+00:00
[2025-03-31T21:44:25.880+0000] {processor.py:208} INFO - Processing /home/airflow/.local/lib/python3.12/site-packages/airflow/example_dags/example_sla_dag.py took 0.143 seconds
[2025-03-31T21:44:56.688+0000] {processor.py:186} INFO - Started process (PID=2227) to work on /home/airflow/.local/lib/python3.12/site-packages/airflow/example_dags/example_sla_dag.py
[2025-03-31T21:44:56.690+0000] {processor.py:914} INFO - Processing file /home/airflow/.local/lib/python3.12/site-packages/airflow/example_dags/example_sla_dag.py for tasks to queue
[2025-03-31T21:44:56.701+0000] {logging_mixin.py:190} INFO - [2025-03-31T21:44:56.701+0000] {dagbag.py:588} INFO - Filling up the DagBag from /home/airflow/.local/lib/python3.12/site-packages/airflow/example_dags/example_sla_dag.py
[2025-03-31T21:44:56.784+0000] {processor.py:925} INFO - DAG(s) 'example_sla_dag' retrieved from /home/airflow/.local/lib/python3.12/site-packages/airflow/example_dags/example_sla_dag.py
[2025-03-31T21:44:56.845+0000] {logging_mixin.py:190} INFO - [2025-03-31T21:44:56.845+0000] {dag.py:3239} INFO - Sync 1 DAGs
[2025-03-31T21:44:56.919+0000] {logging_mixin.py:190} INFO - [2025-03-31T21:44:56.919+0000] {dag.py:4180} INFO - Setting next_dagrun for example_sla_dag to 2025-03-31 21:42:00+00:00, run_after=2025-03-31 21:44:00+00:00
[2025-03-31T21:44:56.958+0000] {processor.py:208} INFO - Processing /home/airflow/.local/lib/python3.12/site-packages/airflow/example_dags/example_sla_dag.py took 0.281 seconds
[2025-03-31T21:45:28.288+0000] {processor.py:186} INFO - Started process (PID=2291) to work on /home/airflow/.local/lib/python3.12/site-packages/airflow/example_dags/example_sla_dag.py
[2025-03-31T21:45:28.290+0000] {processor.py:914} INFO - Processing file /home/airflow/.local/lib/python3.12/site-packages/airflow/example_dags/example_sla_dag.py for tasks to queue
[2025-03-31T21:45:28.293+0000] {logging_mixin.py:190} INFO - [2025-03-31T21:45:28.293+0000] {dagbag.py:588} INFO - Filling up the DagBag from /home/airflow/.local/lib/python3.12/site-packages/airflow/example_dags/example_sla_dag.py
[2025-03-31T21:45:28.319+0000] {processor.py:925} INFO - DAG(s) 'example_sla_dag' retrieved from /home/airflow/.local/lib/python3.12/site-packages/airflow/example_dags/example_sla_dag.py
[2025-03-31T21:45:28.365+0000] {logging_mixin.py:190} INFO - [2025-03-31T21:45:28.365+0000] {dag.py:3239} INFO - Sync 1 DAGs
[2025-03-31T21:45:28.428+0000] {logging_mixin.py:190} INFO - [2025-03-31T21:45:28.427+0000] {dag.py:4180} INFO - Setting next_dagrun for example_sla_dag to 2025-03-31 21:42:00+00:00, run_after=2025-03-31 21:44:00+00:00
[2025-03-31T21:45:28.467+0000] {processor.py:208} INFO - Processing /home/airflow/.local/lib/python3.12/site-packages/airflow/example_dags/example_sla_dag.py took 0.189 seconds
[2025-03-31T21:49:22.530+0000] {processor.py:186} INFO - Started process (PID=2363) to work on /home/airflow/.local/lib/python3.12/site-packages/airflow/example_dags/example_sla_dag.py
[2025-03-31T21:49:22.537+0000] {processor.py:914} INFO - Processing file /home/airflow/.local/lib/python3.12/site-packages/airflow/example_dags/example_sla_dag.py for tasks to queue
[2025-03-31T21:49:22.545+0000] {logging_mixin.py:190} INFO - [2025-03-31T21:49:22.543+0000] {dagbag.py:588} INFO - Filling up the DagBag from /home/airflow/.local/lib/python3.12/site-packages/airflow/example_dags/example_sla_dag.py
[2025-03-31T21:49:22.586+0000] {processor.py:925} INFO - DAG(s) 'example_sla_dag' retrieved from /home/airflow/.local/lib/python3.12/site-packages/airflow/example_dags/example_sla_dag.py
[2025-03-31T21:49:22.665+0000] {logging_mixin.py:190} INFO - [2025-03-31T21:49:22.665+0000] {dag.py:3239} INFO - Sync 1 DAGs
[2025-03-31T21:49:22.745+0000] {logging_mixin.py:190} INFO - [2025-03-31T21:49:22.744+0000] {dag.py:4180} INFO - Setting next_dagrun for example_sla_dag to 2025-03-31 21:46:00+00:00, run_after=2025-03-31 21:48:00+00:00
[2025-03-31T21:49:22.798+0000] {processor.py:208} INFO - Processing /home/airflow/.local/lib/python3.12/site-packages/airflow/example_dags/example_sla_dag.py took 0.285 seconds
[2025-03-31T21:49:52.951+0000] {processor.py:186} INFO - Started process (PID=2426) to work on /home/airflow/.local/lib/python3.12/site-packages/airflow/example_dags/example_sla_dag.py
[2025-03-31T21:49:52.953+0000] {processor.py:914} INFO - Processing file /home/airflow/.local/lib/python3.12/site-packages/airflow/example_dags/example_sla_dag.py for tasks to queue
[2025-03-31T21:49:52.956+0000] {logging_mixin.py:190} INFO - [2025-03-31T21:49:52.955+0000] {dagbag.py:588} INFO - Filling up the DagBag from /home/airflow/.local/lib/python3.12/site-packages/airflow/example_dags/example_sla_dag.py
[2025-03-31T21:49:52.975+0000] {processor.py:925} INFO - DAG(s) 'example_sla_dag' retrieved from /home/airflow/.local/lib/python3.12/site-packages/airflow/example_dags/example_sla_dag.py
[2025-03-31T21:49:53.008+0000] {logging_mixin.py:190} INFO - [2025-03-31T21:49:53.008+0000] {dag.py:3239} INFO - Sync 1 DAGs
[2025-03-31T21:49:53.062+0000] {logging_mixin.py:190} INFO - [2025-03-31T21:49:53.061+0000] {dag.py:4180} INFO - Setting next_dagrun for example_sla_dag to 2025-03-31 21:46:00+00:00, run_after=2025-03-31 21:48:00+00:00
[2025-03-31T21:49:53.097+0000] {processor.py:208} INFO - Processing /home/airflow/.local/lib/python3.12/site-packages/airflow/example_dags/example_sla_dag.py took 0.157 seconds
[2025-03-31T21:50:24.018+0000] {processor.py:186} INFO - Started process (PID=2490) to work on /home/airflow/.local/lib/python3.12/site-packages/airflow/example_dags/example_sla_dag.py
[2025-03-31T21:50:24.019+0000] {processor.py:914} INFO - Processing file /home/airflow/.local/lib/python3.12/site-packages/airflow/example_dags/example_sla_dag.py for tasks to queue
[2025-03-31T21:50:24.022+0000] {logging_mixin.py:190} INFO - [2025-03-31T21:50:24.022+0000] {dagbag.py:588} INFO - Filling up the DagBag from /home/airflow/.local/lib/python3.12/site-packages/airflow/example_dags/example_sla_dag.py
[2025-03-31T21:50:24.048+0000] {processor.py:925} INFO - DAG(s) 'example_sla_dag' retrieved from /home/airflow/.local/lib/python3.12/site-packages/airflow/example_dags/example_sla_dag.py
[2025-03-31T21:50:24.096+0000] {logging_mixin.py:190} INFO - [2025-03-31T21:50:24.096+0000] {dag.py:3239} INFO - Sync 1 DAGs
[2025-03-31T21:50:24.156+0000] {logging_mixin.py:190} INFO - [2025-03-31T21:50:24.156+0000] {dag.py:4180} INFO - Setting next_dagrun for example_sla_dag to 2025-03-31 21:48:00+00:00, run_after=2025-03-31 21:50:00+00:00
[2025-03-31T21:50:24.191+0000] {processor.py:208} INFO - Processing /home/airflow/.local/lib/python3.12/site-packages/airflow/example_dags/example_sla_dag.py took 0.183 seconds
[2025-03-31T21:50:57.957+0000] {processor.py:186} INFO - Started process (PID=2555) to work on /home/airflow/.local/lib/python3.12/site-packages/airflow/example_dags/example_sla_dag.py
[2025-03-31T21:50:57.958+0000] {processor.py:914} INFO - Processing file /home/airflow/.local/lib/python3.12/site-packages/airflow/example_dags/example_sla_dag.py for tasks to queue
[2025-03-31T21:50:57.961+0000] {logging_mixin.py:190} INFO - [2025-03-31T21:50:57.960+0000] {dagbag.py:588} INFO - Filling up the DagBag from /home/airflow/.local/lib/python3.12/site-packages/airflow/example_dags/example_sla_dag.py
[2025-03-31T21:50:57.982+0000] {processor.py:925} INFO - DAG(s) 'example_sla_dag' retrieved from /home/airflow/.local/lib/python3.12/site-packages/airflow/example_dags/example_sla_dag.py
[2025-03-31T21:50:58.019+0000] {logging_mixin.py:190} INFO - [2025-03-31T21:50:58.019+0000] {dag.py:3239} INFO - Sync 1 DAGs
[2025-03-31T21:50:58.101+0000] {logging_mixin.py:190} INFO - [2025-03-31T21:50:58.101+0000] {dag.py:4180} INFO - Setting next_dagrun for example_sla_dag to 2025-03-31 21:48:00+00:00, run_after=2025-03-31 21:50:00+00:00
[2025-03-31T21:50:58.149+0000] {processor.py:208} INFO - Processing /home/airflow/.local/lib/python3.12/site-packages/airflow/example_dags/example_sla_dag.py took 0.203 seconds
[2025-03-31T21:53:24.490+0000] {processor.py:186} INFO - Started process (PID=2627) to work on /home/airflow/.local/lib/python3.12/site-packages/airflow/example_dags/example_sla_dag.py
[2025-03-31T21:53:24.516+0000] {processor.py:914} INFO - Processing file /home/airflow/.local/lib/python3.12/site-packages/airflow/example_dags/example_sla_dag.py for tasks to queue
[2025-03-31T21:53:24.534+0000] {logging_mixin.py:190} INFO - [2025-03-31T21:53:24.520+0000] {dagbag.py:588} INFO - Filling up the DagBag from /home/airflow/.local/lib/python3.12/site-packages/airflow/example_dags/example_sla_dag.py
[2025-03-31T21:53:24.824+0000] {processor.py:925} INFO - DAG(s) 'example_sla_dag' retrieved from /home/airflow/.local/lib/python3.12/site-packages/airflow/example_dags/example_sla_dag.py
[2025-03-31T21:53:25.186+0000] {logging_mixin.py:190} INFO - [2025-03-31T21:53:25.185+0000] {dag.py:3239} INFO - Sync 1 DAGs
[2025-03-31T21:53:25.548+0000] {logging_mixin.py:190} INFO - [2025-03-31T21:53:25.535+0000] {dag.py:4180} INFO - Setting next_dagrun for example_sla_dag to 2025-03-31 21:50:00+00:00, run_after=2025-03-31 21:52:00+00:00
[2025-03-31T21:53:25.764+0000] {processor.py:208} INFO - Processing /home/airflow/.local/lib/python3.12/site-packages/airflow/example_dags/example_sla_dag.py took 1.363 seconds
[2025-03-31T21:53:56.196+0000] {processor.py:186} INFO - Started process (PID=2684) to work on /home/airflow/.local/lib/python3.12/site-packages/airflow/example_dags/example_sla_dag.py
[2025-03-31T21:53:56.197+0000] {processor.py:914} INFO - Processing file /home/airflow/.local/lib/python3.12/site-packages/airflow/example_dags/example_sla_dag.py for tasks to queue
[2025-03-31T21:53:56.208+0000] {logging_mixin.py:190} INFO - [2025-03-31T21:53:56.207+0000] {dagbag.py:588} INFO - Filling up the DagBag from /home/airflow/.local/lib/python3.12/site-packages/airflow/example_dags/example_sla_dag.py
[2025-03-31T21:53:56.243+0000] {processor.py:925} INFO - DAG(s) 'example_sla_dag' retrieved from /home/airflow/.local/lib/python3.12/site-packages/airflow/example_dags/example_sla_dag.py
[2025-03-31T21:53:56.304+0000] {logging_mixin.py:190} INFO - [2025-03-31T21:53:56.303+0000] {dag.py:3239} INFO - Sync 1 DAGs
[2025-03-31T21:53:56.381+0000] {logging_mixin.py:190} INFO - [2025-03-31T21:53:56.381+0000] {dag.py:4180} INFO - Setting next_dagrun for example_sla_dag to 2025-03-31 21:50:00+00:00, run_after=2025-03-31 21:52:00+00:00
[2025-03-31T21:53:56.430+0000] {processor.py:208} INFO - Processing /home/airflow/.local/lib/python3.12/site-packages/airflow/example_dags/example_sla_dag.py took 0.254 seconds
[2025-03-31T21:55:23.602+0000] {processor.py:186} INFO - Started process (PID=2759) to work on /home/airflow/.local/lib/python3.12/site-packages/airflow/example_dags/example_sla_dag.py
[2025-03-31T21:55:23.606+0000] {processor.py:914} INFO - Processing file /home/airflow/.local/lib/python3.12/site-packages/airflow/example_dags/example_sla_dag.py for tasks to queue
[2025-03-31T21:55:23.610+0000] {logging_mixin.py:190} INFO - [2025-03-31T21:55:23.610+0000] {dagbag.py:588} INFO - Filling up the DagBag from /home/airflow/.local/lib/python3.12/site-packages/airflow/example_dags/example_sla_dag.py
[2025-03-31T21:55:23.638+0000] {processor.py:925} INFO - DAG(s) 'example_sla_dag' retrieved from /home/airflow/.local/lib/python3.12/site-packages/airflow/example_dags/example_sla_dag.py
[2025-03-31T21:55:23.703+0000] {logging_mixin.py:190} INFO - [2025-03-31T21:55:23.703+0000] {dag.py:3239} INFO - Sync 1 DAGs
[2025-03-31T21:55:23.770+0000] {logging_mixin.py:190} INFO - [2025-03-31T21:55:23.769+0000] {dag.py:4180} INFO - Setting next_dagrun for example_sla_dag to 2025-03-31 21:52:00+00:00, run_after=2025-03-31 21:54:00+00:00
[2025-03-31T21:55:23.827+0000] {processor.py:208} INFO - Processing /home/airflow/.local/lib/python3.12/site-packages/airflow/example_dags/example_sla_dag.py took 0.237 seconds
[2025-03-31T21:56:01.505+0000] {processor.py:186} INFO - Started process (PID=2823) to work on /home/airflow/.local/lib/python3.12/site-packages/airflow/example_dags/example_sla_dag.py
[2025-03-31T21:56:01.509+0000] {processor.py:914} INFO - Processing file /home/airflow/.local/lib/python3.12/site-packages/airflow/example_dags/example_sla_dag.py for tasks to queue
[2025-03-31T21:56:01.512+0000] {logging_mixin.py:190} INFO - [2025-03-31T21:56:01.511+0000] {dagbag.py:588} INFO - Filling up the DagBag from /home/airflow/.local/lib/python3.12/site-packages/airflow/example_dags/example_sla_dag.py
[2025-03-31T21:56:01.536+0000] {processor.py:925} INFO - DAG(s) 'example_sla_dag' retrieved from /home/airflow/.local/lib/python3.12/site-packages/airflow/example_dags/example_sla_dag.py
[2025-03-31T21:56:01.703+0000] {logging_mixin.py:190} INFO - [2025-03-31T21:56:01.702+0000] {dag.py:3239} INFO - Sync 1 DAGs
[2025-03-31T21:56:01.780+0000] {logging_mixin.py:190} INFO - [2025-03-31T21:56:01.780+0000] {dag.py:4180} INFO - Setting next_dagrun for example_sla_dag to 2025-03-31 21:54:00+00:00, run_after=2025-03-31 21:56:00+00:00
[2025-03-31T21:56:01.818+0000] {processor.py:208} INFO - Processing /home/airflow/.local/lib/python3.12/site-packages/airflow/example_dags/example_sla_dag.py took 0.321 seconds
[2025-03-31T21:57:19.963+0000] {processor.py:186} INFO - Started process (PID=2903) to work on /home/airflow/.local/lib/python3.12/site-packages/airflow/example_dags/example_sla_dag.py
[2025-03-31T21:57:19.965+0000] {processor.py:914} INFO - Processing file /home/airflow/.local/lib/python3.12/site-packages/airflow/example_dags/example_sla_dag.py for tasks to queue
[2025-03-31T21:57:19.968+0000] {logging_mixin.py:190} INFO - [2025-03-31T21:57:19.967+0000] {dagbag.py:588} INFO - Filling up the DagBag from /home/airflow/.local/lib/python3.12/site-packages/airflow/example_dags/example_sla_dag.py
[2025-03-31T21:57:19.991+0000] {processor.py:925} INFO - DAG(s) 'example_sla_dag' retrieved from /home/airflow/.local/lib/python3.12/site-packages/airflow/example_dags/example_sla_dag.py
[2025-03-31T21:57:20.028+0000] {logging_mixin.py:190} INFO - [2025-03-31T21:57:20.028+0000] {dag.py:3239} INFO - Sync 1 DAGs
[2025-03-31T21:57:20.078+0000] {logging_mixin.py:190} INFO - [2025-03-31T21:57:20.078+0000] {dag.py:4180} INFO - Setting next_dagrun for example_sla_dag to 2025-03-31 21:54:00+00:00, run_after=2025-03-31 21:56:00+00:00
[2025-03-31T21:57:20.114+0000] {processor.py:208} INFO - Processing /home/airflow/.local/lib/python3.12/site-packages/airflow/example_dags/example_sla_dag.py took 0.163 seconds
[2025-03-31T21:57:52.794+0000] {processor.py:186} INFO - Started process (PID=2968) to work on /home/airflow/.local/lib/python3.12/site-packages/airflow/example_dags/example_sla_dag.py
[2025-03-31T21:57:52.797+0000] {processor.py:914} INFO - Processing file /home/airflow/.local/lib/python3.12/site-packages/airflow/example_dags/example_sla_dag.py for tasks to queue
[2025-03-31T21:57:52.799+0000] {logging_mixin.py:190} INFO - [2025-03-31T21:57:52.799+0000] {dagbag.py:588} INFO - Filling up the DagBag from /home/airflow/.local/lib/python3.12/site-packages/airflow/example_dags/example_sla_dag.py
[2025-03-31T21:57:52.823+0000] {processor.py:925} INFO - DAG(s) 'example_sla_dag' retrieved from /home/airflow/.local/lib/python3.12/site-packages/airflow/example_dags/example_sla_dag.py
[2025-03-31T21:57:52.868+0000] {logging_mixin.py:190} INFO - [2025-03-31T21:57:52.868+0000] {dag.py:3239} INFO - Sync 1 DAGs
[2025-03-31T21:57:52.926+0000] {logging_mixin.py:190} INFO - [2025-03-31T21:57:52.926+0000] {dag.py:4180} INFO - Setting next_dagrun for example_sla_dag to 2025-03-31 21:54:00+00:00, run_after=2025-03-31 21:56:00+00:00
[2025-03-31T21:57:52.972+0000] {processor.py:208} INFO - Processing /home/airflow/.local/lib/python3.12/site-packages/airflow/example_dags/example_sla_dag.py took 0.195 seconds
[2025-03-31T21:58:31.397+0000] {processor.py:186} INFO - Started process (PID=3032) to work on /home/airflow/.local/lib/python3.12/site-packages/airflow/example_dags/example_sla_dag.py
[2025-03-31T21:58:31.399+0000] {processor.py:914} INFO - Processing file /home/airflow/.local/lib/python3.12/site-packages/airflow/example_dags/example_sla_dag.py for tasks to queue
[2025-03-31T21:58:31.404+0000] {logging_mixin.py:190} INFO - [2025-03-31T21:58:31.401+0000] {dagbag.py:588} INFO - Filling up the DagBag from /home/airflow/.local/lib/python3.12/site-packages/airflow/example_dags/example_sla_dag.py
[2025-03-31T21:58:31.435+0000] {processor.py:925} INFO - DAG(s) 'example_sla_dag' retrieved from /home/airflow/.local/lib/python3.12/site-packages/airflow/example_dags/example_sla_dag.py
[2025-03-31T21:58:31.482+0000] {logging_mixin.py:190} INFO - [2025-03-31T21:58:31.482+0000] {dag.py:3239} INFO - Sync 1 DAGs
[2025-03-31T21:58:31.551+0000] {logging_mixin.py:190} INFO - [2025-03-31T21:58:31.551+0000] {dag.py:4180} INFO - Setting next_dagrun for example_sla_dag to 2025-03-31 21:56:00+00:00, run_after=2025-03-31 21:58:00+00:00
[2025-03-31T21:58:31.603+0000] {processor.py:208} INFO - Processing /home/airflow/.local/lib/python3.12/site-packages/airflow/example_dags/example_sla_dag.py took 0.221 seconds
[2025-03-31T21:59:17.880+0000] {processor.py:186} INFO - Started process (PID=3101) to work on /home/airflow/.local/lib/python3.12/site-packages/airflow/example_dags/example_sla_dag.py
[2025-03-31T21:59:17.882+0000] {processor.py:914} INFO - Processing file /home/airflow/.local/lib/python3.12/site-packages/airflow/example_dags/example_sla_dag.py for tasks to queue
[2025-03-31T21:59:17.885+0000] {logging_mixin.py:190} INFO - [2025-03-31T21:59:17.885+0000] {dagbag.py:588} INFO - Filling up the DagBag from /home/airflow/.local/lib/python3.12/site-packages/airflow/example_dags/example_sla_dag.py
[2025-03-31T21:59:17.905+0000] {processor.py:925} INFO - DAG(s) 'example_sla_dag' retrieved from /home/airflow/.local/lib/python3.12/site-packages/airflow/example_dags/example_sla_dag.py
[2025-03-31T21:59:17.949+0000] {logging_mixin.py:190} INFO - [2025-03-31T21:59:17.949+0000] {dag.py:3239} INFO - Sync 1 DAGs
[2025-03-31T21:59:18.005+0000] {logging_mixin.py:190} INFO - [2025-03-31T21:59:18.004+0000] {dag.py:4180} INFO - Setting next_dagrun for example_sla_dag to 2025-03-31 21:56:00+00:00, run_after=2025-03-31 21:58:00+00:00
[2025-03-31T21:59:18.045+0000] {processor.py:208} INFO - Processing /home/airflow/.local/lib/python3.12/site-packages/airflow/example_dags/example_sla_dag.py took 0.175 seconds
[2025-03-31T21:59:51.502+0000] {processor.py:186} INFO - Started process (PID=3164) to work on /home/airflow/.local/lib/python3.12/site-packages/airflow/example_dags/example_sla_dag.py
[2025-03-31T21:59:51.513+0000] {processor.py:914} INFO - Processing file /home/airflow/.local/lib/python3.12/site-packages/airflow/example_dags/example_sla_dag.py for tasks to queue
[2025-03-31T21:59:51.517+0000] {logging_mixin.py:190} INFO - [2025-03-31T21:59:51.516+0000] {dagbag.py:588} INFO - Filling up the DagBag from /home/airflow/.local/lib/python3.12/site-packages/airflow/example_dags/example_sla_dag.py
[2025-03-31T21:59:51.557+0000] {processor.py:925} INFO - DAG(s) 'example_sla_dag' retrieved from /home/airflow/.local/lib/python3.12/site-packages/airflow/example_dags/example_sla_dag.py
[2025-03-31T21:59:51.635+0000] {logging_mixin.py:190} INFO - [2025-03-31T21:59:51.634+0000] {dag.py:3239} INFO - Sync 1 DAGs
[2025-03-31T21:59:51.803+0000] {logging_mixin.py:190} INFO - [2025-03-31T21:59:51.802+0000] {dag.py:4180} INFO - Setting next_dagrun for example_sla_dag to 2025-03-31 21:56:00+00:00, run_after=2025-03-31 21:58:00+00:00
[2025-03-31T21:59:51.863+0000] {processor.py:208} INFO - Processing /home/airflow/.local/lib/python3.12/site-packages/airflow/example_dags/example_sla_dag.py took 0.381 seconds
[2025-03-31T22:00:22.900+0000] {processor.py:186} INFO - Started process (PID=3227) to work on /home/airflow/.local/lib/python3.12/site-packages/airflow/example_dags/example_sla_dag.py
[2025-03-31T22:00:22.902+0000] {processor.py:914} INFO - Processing file /home/airflow/.local/lib/python3.12/site-packages/airflow/example_dags/example_sla_dag.py for tasks to queue
[2025-03-31T22:00:22.905+0000] {logging_mixin.py:190} INFO - [2025-03-31T22:00:22.904+0000] {dagbag.py:588} INFO - Filling up the DagBag from /home/airflow/.local/lib/python3.12/site-packages/airflow/example_dags/example_sla_dag.py
[2025-03-31T22:00:22.925+0000] {processor.py:925} INFO - DAG(s) 'example_sla_dag' retrieved from /home/airflow/.local/lib/python3.12/site-packages/airflow/example_dags/example_sla_dag.py
[2025-03-31T22:00:22.958+0000] {logging_mixin.py:190} INFO - [2025-03-31T22:00:22.958+0000] {dag.py:3239} INFO - Sync 1 DAGs
[2025-03-31T22:00:23.016+0000] {logging_mixin.py:190} INFO - [2025-03-31T22:00:23.016+0000] {dag.py:4180} INFO - Setting next_dagrun for example_sla_dag to 2025-03-31 21:58:00+00:00, run_after=2025-03-31 22:00:00+00:00
[2025-03-31T22:00:23.059+0000] {processor.py:208} INFO - Processing /home/airflow/.local/lib/python3.12/site-packages/airflow/example_dags/example_sla_dag.py took 0.169 seconds
[2025-03-31T22:00:57.651+0000] {processor.py:186} INFO - Started process (PID=3294) to work on /home/airflow/.local/lib/python3.12/site-packages/airflow/example_dags/example_sla_dag.py
[2025-03-31T22:00:57.654+0000] {processor.py:914} INFO - Processing file /home/airflow/.local/lib/python3.12/site-packages/airflow/example_dags/example_sla_dag.py for tasks to queue
[2025-03-31T22:00:57.666+0000] {logging_mixin.py:190} INFO - [2025-03-31T22:00:57.665+0000] {dagbag.py:588} INFO - Filling up the DagBag from /home/airflow/.local/lib/python3.12/site-packages/airflow/example_dags/example_sla_dag.py
[2025-03-31T22:00:57.690+0000] {processor.py:925} INFO - DAG(s) 'example_sla_dag' retrieved from /home/airflow/.local/lib/python3.12/site-packages/airflow/example_dags/example_sla_dag.py
[2025-03-31T22:00:57.807+0000] {logging_mixin.py:190} INFO - [2025-03-31T22:00:57.804+0000] {dag.py:3239} INFO - Sync 1 DAGs
[2025-03-31T22:00:57.944+0000] {logging_mixin.py:190} INFO - [2025-03-31T22:00:57.942+0000] {dag.py:4180} INFO - Setting next_dagrun for example_sla_dag to 2025-03-31 21:58:00+00:00, run_after=2025-03-31 22:00:00+00:00
[2025-03-31T22:00:58.018+0000] {processor.py:208} INFO - Processing /home/airflow/.local/lib/python3.12/site-packages/airflow/example_dags/example_sla_dag.py took 0.377 seconds
