[2025-03-31T21:20:59.254+0000] {processor.py:186} INFO - Started process (PID=112) to work on /home/airflow/.local/lib/python3.12/site-packages/airflow/example_dags/example_xcomargs.py
[2025-03-31T21:20:59.258+0000] {processor.py:914} INFO - Processing file /home/airflow/.local/lib/python3.12/site-packages/airflow/example_dags/example_xcomargs.py for tasks to queue
[2025-03-31T21:20:59.272+0000] {logging_mixin.py:190} INFO - [2025-03-31T21:20:59.267+0000] {dagbag.py:588} INFO - Filling up the DagBag from /home/airflow/.local/lib/python3.12/site-packages/airflow/example_dags/example_xcomargs.py
[2025-03-31T21:20:59.392+0000] {processor.py:925} INFO - DAG(s) 'example_xcom_args_with_operators', 'example_xcom_args' retrieved from /home/airflow/.local/lib/python3.12/site-packages/airflow/example_dags/example_xcomargs.py
[2025-03-31T21:21:45.369+0000] {logging_mixin.py:190} INFO - [2025-03-31T21:21:45.028+0000] {override.py:1912} INFO - Created Permission View: can edit on DAG:example_xcom_args_with_operators
[2025-03-31T21:21:45.513+0000] {logging_mixin.py:190} INFO - [2025-03-31T21:21:45.510+0000] {override.py:1912} INFO - Created Permission View: can delete on DAG:example_xcom_args_with_operators
[2025-03-31T21:21:45.606+0000] {logging_mixin.py:190} INFO - [2025-03-31T21:21:45.602+0000] {override.py:1912} INFO - Created Permission View: can read on DAG:example_xcom_args_with_operators
[2025-03-31T21:21:45.657+0000] {logging_mixin.py:190} INFO - [2025-03-31T21:21:45.656+0000] {override.py:1912} INFO - Created Permission View: menu access on DAG Run:example_xcom_args_with_operators
[2025-03-31T21:21:45.694+0000] {logging_mixin.py:190} INFO - [2025-03-31T21:21:45.687+0000] {override.py:1912} INFO - Created Permission View: can delete on DAG Run:example_xcom_args_with_operators
[2025-03-31T21:21:45.732+0000] {logging_mixin.py:190} INFO - [2025-03-31T21:21:45.731+0000] {override.py:1912} INFO - Created Permission View: can read on DAG Run:example_xcom_args_with_operators
[2025-03-31T21:21:45.748+0000] {logging_mixin.py:190} INFO - [2025-03-31T21:21:45.747+0000] {override.py:1912} INFO - Created Permission View: can create on DAG Run:example_xcom_args_with_operators
[2025-03-31T21:21:45.807+0000] {logging_mixin.py:190} INFO - [2025-03-31T21:21:45.803+0000] {override.py:1912} INFO - Created Permission View: can edit on DAG:example_xcom_args
[2025-03-31T21:21:45.835+0000] {logging_mixin.py:190} INFO - [2025-03-31T21:21:45.834+0000] {override.py:1912} INFO - Created Permission View: can delete on DAG:example_xcom_args
[2025-03-31T21:21:45.897+0000] {logging_mixin.py:190} INFO - [2025-03-31T21:21:45.894+0000] {override.py:1912} INFO - Created Permission View: can read on DAG:example_xcom_args
[2025-03-31T21:21:45.938+0000] {logging_mixin.py:190} INFO - [2025-03-31T21:21:45.937+0000] {override.py:1912} INFO - Created Permission View: menu access on DAG Run:example_xcom_args
[2025-03-31T21:21:45.982+0000] {logging_mixin.py:190} INFO - [2025-03-31T21:21:45.982+0000] {override.py:1912} INFO - Created Permission View: can delete on DAG Run:example_xcom_args
[2025-03-31T21:21:46.065+0000] {logging_mixin.py:190} INFO - [2025-03-31T21:21:46.064+0000] {override.py:1912} INFO - Created Permission View: can read on DAG Run:example_xcom_args
[2025-03-31T21:21:46.119+0000] {logging_mixin.py:190} INFO - [2025-03-31T21:21:46.115+0000] {override.py:1912} INFO - Created Permission View: can create on DAG Run:example_xcom_args
[2025-03-31T21:21:46.124+0000] {logging_mixin.py:190} INFO - [2025-03-31T21:21:46.123+0000] {dag.py:3239} INFO - Sync 2 DAGs
[2025-03-31T21:21:46.253+0000] {logging_mixin.py:190} INFO - [2025-03-31T21:21:46.249+0000] {dag.py:3262} INFO - Creating ORM DAG for example_xcom_args
[2025-03-31T21:21:46.267+0000] {logging_mixin.py:190} INFO - [2025-03-31T21:21:46.266+0000] {dag.py:3262} INFO - Creating ORM DAG for example_xcom_args_with_operators
[2025-03-31T21:21:46.283+0000] {logging_mixin.py:190} INFO - [2025-03-31T21:21:46.279+0000] {dag.py:4180} INFO - Setting next_dagrun for example_xcom_args to None, run_after=None
[2025-03-31T21:21:46.301+0000] {logging_mixin.py:190} INFO - [2025-03-31T21:21:46.300+0000] {dag.py:4180} INFO - Setting next_dagrun for example_xcom_args_with_operators to None, run_after=None
[2025-03-31T21:21:46.554+0000] {processor.py:208} INFO - Processing /home/airflow/.local/lib/python3.12/site-packages/airflow/example_dags/example_xcomargs.py took 49.262 seconds
[2025-03-31T21:22:17.098+0000] {processor.py:186} INFO - Started process (PID=169) to work on /home/airflow/.local/lib/python3.12/site-packages/airflow/example_dags/example_xcomargs.py
[2025-03-31T21:22:17.100+0000] {processor.py:914} INFO - Processing file /home/airflow/.local/lib/python3.12/site-packages/airflow/example_dags/example_xcomargs.py for tasks to queue
[2025-03-31T21:22:17.109+0000] {logging_mixin.py:190} INFO - [2025-03-31T21:22:17.108+0000] {dagbag.py:588} INFO - Filling up the DagBag from /home/airflow/.local/lib/python3.12/site-packages/airflow/example_dags/example_xcomargs.py
[2025-03-31T21:22:17.132+0000] {processor.py:925} INFO - DAG(s) 'example_xcom_args', 'example_xcom_args_with_operators' retrieved from /home/airflow/.local/lib/python3.12/site-packages/airflow/example_dags/example_xcomargs.py
[2025-03-31T21:22:17.198+0000] {logging_mixin.py:190} INFO - [2025-03-31T21:22:17.198+0000] {dag.py:3239} INFO - Sync 2 DAGs
[2025-03-31T21:22:17.227+0000] {logging_mixin.py:190} INFO - [2025-03-31T21:22:17.227+0000] {dag.py:4180} INFO - Setting next_dagrun for example_xcom_args to None, run_after=None
[2025-03-31T21:22:17.235+0000] {logging_mixin.py:190} INFO - [2025-03-31T21:22:17.234+0000] {dag.py:4180} INFO - Setting next_dagrun for example_xcom_args_with_operators to None, run_after=None
[2025-03-31T21:22:17.267+0000] {processor.py:208} INFO - Processing /home/airflow/.local/lib/python3.12/site-packages/airflow/example_dags/example_xcomargs.py took 0.182 seconds
[2025-03-31T21:22:49.634+0000] {processor.py:186} INFO - Started process (PID=238) to work on /home/airflow/.local/lib/python3.12/site-packages/airflow/example_dags/example_xcomargs.py
[2025-03-31T21:22:49.635+0000] {processor.py:914} INFO - Processing file /home/airflow/.local/lib/python3.12/site-packages/airflow/example_dags/example_xcomargs.py for tasks to queue
[2025-03-31T21:22:49.640+0000] {logging_mixin.py:190} INFO - [2025-03-31T21:22:49.639+0000] {dagbag.py:588} INFO - Filling up the DagBag from /home/airflow/.local/lib/python3.12/site-packages/airflow/example_dags/example_xcomargs.py
[2025-03-31T21:22:49.656+0000] {processor.py:925} INFO - DAG(s) 'example_xcom_args', 'example_xcom_args_with_operators' retrieved from /home/airflow/.local/lib/python3.12/site-packages/airflow/example_dags/example_xcomargs.py
[2025-03-31T21:22:49.697+0000] {logging_mixin.py:190} INFO - [2025-03-31T21:22:49.696+0000] {dag.py:3239} INFO - Sync 2 DAGs
[2025-03-31T21:22:49.721+0000] {logging_mixin.py:190} INFO - [2025-03-31T21:22:49.721+0000] {dag.py:4180} INFO - Setting next_dagrun for example_xcom_args to None, run_after=None
[2025-03-31T21:22:49.728+0000] {logging_mixin.py:190} INFO - [2025-03-31T21:22:49.728+0000] {dag.py:4180} INFO - Setting next_dagrun for example_xcom_args_with_operators to None, run_after=None
[2025-03-31T21:22:49.753+0000] {processor.py:208} INFO - Processing /home/airflow/.local/lib/python3.12/site-packages/airflow/example_dags/example_xcomargs.py took 0.130 seconds
[2025-03-31T21:23:28.037+0000] {processor.py:186} INFO - Started process (PID=301) to work on /home/airflow/.local/lib/python3.12/site-packages/airflow/example_dags/example_xcomargs.py
[2025-03-31T21:23:28.039+0000] {processor.py:914} INFO - Processing file /home/airflow/.local/lib/python3.12/site-packages/airflow/example_dags/example_xcomargs.py for tasks to queue
[2025-03-31T21:23:28.044+0000] {logging_mixin.py:190} INFO - [2025-03-31T21:23:28.043+0000] {dagbag.py:588} INFO - Filling up the DagBag from /home/airflow/.local/lib/python3.12/site-packages/airflow/example_dags/example_xcomargs.py
[2025-03-31T21:23:28.063+0000] {processor.py:925} INFO - DAG(s) 'example_xcom_args', 'example_xcom_args_with_operators' retrieved from /home/airflow/.local/lib/python3.12/site-packages/airflow/example_dags/example_xcomargs.py
[2025-03-31T21:23:28.109+0000] {logging_mixin.py:190} INFO - [2025-03-31T21:23:28.109+0000] {dag.py:3239} INFO - Sync 2 DAGs
[2025-03-31T21:23:28.138+0000] {logging_mixin.py:190} INFO - [2025-03-31T21:23:28.133+0000] {dag.py:4180} INFO - Setting next_dagrun for example_xcom_args to None, run_after=None
[2025-03-31T21:23:28.155+0000] {logging_mixin.py:190} INFO - [2025-03-31T21:23:28.155+0000] {dag.py:4180} INFO - Setting next_dagrun for example_xcom_args_with_operators to None, run_after=None
[2025-03-31T21:23:28.191+0000] {processor.py:208} INFO - Processing /home/airflow/.local/lib/python3.12/site-packages/airflow/example_dags/example_xcomargs.py took 0.164 seconds
[2025-03-31T21:24:02.627+0000] {processor.py:186} INFO - Started process (PID=363) to work on /home/airflow/.local/lib/python3.12/site-packages/airflow/example_dags/example_xcomargs.py
[2025-03-31T21:24:02.629+0000] {processor.py:914} INFO - Processing file /home/airflow/.local/lib/python3.12/site-packages/airflow/example_dags/example_xcomargs.py for tasks to queue
[2025-03-31T21:24:02.636+0000] {logging_mixin.py:190} INFO - [2025-03-31T21:24:02.635+0000] {dagbag.py:588} INFO - Filling up the DagBag from /home/airflow/.local/lib/python3.12/site-packages/airflow/example_dags/example_xcomargs.py
[2025-03-31T21:24:02.661+0000] {processor.py:925} INFO - DAG(s) 'example_xcom_args', 'example_xcom_args_with_operators' retrieved from /home/airflow/.local/lib/python3.12/site-packages/airflow/example_dags/example_xcomargs.py
[2025-03-31T21:24:02.718+0000] {logging_mixin.py:190} INFO - [2025-03-31T21:24:02.718+0000] {dag.py:3239} INFO - Sync 2 DAGs
[2025-03-31T21:24:02.750+0000] {logging_mixin.py:190} INFO - [2025-03-31T21:24:02.750+0000] {dag.py:4180} INFO - Setting next_dagrun for example_xcom_args to None, run_after=None
[2025-03-31T21:24:02.758+0000] {logging_mixin.py:190} INFO - [2025-03-31T21:24:02.758+0000] {dag.py:4180} INFO - Setting next_dagrun for example_xcom_args_with_operators to None, run_after=None
[2025-03-31T21:24:02.788+0000] {processor.py:208} INFO - Processing /home/airflow/.local/lib/python3.12/site-packages/airflow/example_dags/example_xcomargs.py took 0.174 seconds
[2025-03-31T21:24:42.242+0000] {processor.py:186} INFO - Started process (PID=426) to work on /home/airflow/.local/lib/python3.12/site-packages/airflow/example_dags/example_xcomargs.py
[2025-03-31T21:24:42.253+0000] {processor.py:914} INFO - Processing file /home/airflow/.local/lib/python3.12/site-packages/airflow/example_dags/example_xcomargs.py for tasks to queue
[2025-03-31T21:24:42.270+0000] {logging_mixin.py:190} INFO - [2025-03-31T21:24:42.269+0000] {dagbag.py:588} INFO - Filling up the DagBag from /home/airflow/.local/lib/python3.12/site-packages/airflow/example_dags/example_xcomargs.py
[2025-03-31T21:24:42.332+0000] {processor.py:925} INFO - DAG(s) 'example_xcom_args_with_operators', 'example_xcom_args' retrieved from /home/airflow/.local/lib/python3.12/site-packages/airflow/example_dags/example_xcomargs.py
[2025-03-31T21:24:42.416+0000] {logging_mixin.py:190} INFO - [2025-03-31T21:24:42.416+0000] {dag.py:3239} INFO - Sync 2 DAGs
[2025-03-31T21:24:42.496+0000] {logging_mixin.py:190} INFO - [2025-03-31T21:24:42.495+0000] {dag.py:4180} INFO - Setting next_dagrun for example_xcom_args to None, run_after=None
[2025-03-31T21:24:42.532+0000] {logging_mixin.py:190} INFO - [2025-03-31T21:24:42.532+0000] {dag.py:4180} INFO - Setting next_dagrun for example_xcom_args_with_operators to None, run_after=None
[2025-03-31T21:24:42.629+0000] {processor.py:208} INFO - Processing /home/airflow/.local/lib/python3.12/site-packages/airflow/example_dags/example_xcomargs.py took 0.496 seconds
[2025-03-31T21:26:44.288+0000] {processor.py:186} INFO - Started process (PID=527) to work on /home/airflow/.local/lib/python3.12/site-packages/airflow/example_dags/example_xcomargs.py
[2025-03-31T21:26:44.293+0000] {processor.py:914} INFO - Processing file /home/airflow/.local/lib/python3.12/site-packages/airflow/example_dags/example_xcomargs.py for tasks to queue
[2025-03-31T21:26:44.312+0000] {logging_mixin.py:190} INFO - [2025-03-31T21:26:44.311+0000] {dagbag.py:588} INFO - Filling up the DagBag from /home/airflow/.local/lib/python3.12/site-packages/airflow/example_dags/example_xcomargs.py
[2025-03-31T21:26:44.463+0000] {processor.py:925} INFO - DAG(s) 'example_xcom_args_with_operators', 'example_xcom_args' retrieved from /home/airflow/.local/lib/python3.12/site-packages/airflow/example_dags/example_xcomargs.py
[2025-03-31T21:26:44.738+0000] {logging_mixin.py:190} INFO - [2025-03-31T21:26:44.738+0000] {dag.py:3239} INFO - Sync 2 DAGs
[2025-03-31T21:26:44.857+0000] {logging_mixin.py:190} INFO - [2025-03-31T21:26:44.857+0000] {dag.py:4180} INFO - Setting next_dagrun for example_xcom_args to None, run_after=None
[2025-03-31T21:26:44.915+0000] {logging_mixin.py:190} INFO - [2025-03-31T21:26:44.915+0000] {dag.py:4180} INFO - Setting next_dagrun for example_xcom_args_with_operators to None, run_after=None
[2025-03-31T21:26:45.010+0000] {processor.py:208} INFO - Processing /home/airflow/.local/lib/python3.12/site-packages/airflow/example_dags/example_xcomargs.py took 0.769 seconds
[2025-03-31T21:27:15.679+0000] {processor.py:186} INFO - Started process (PID=590) to work on /home/airflow/.local/lib/python3.12/site-packages/airflow/example_dags/example_xcomargs.py
[2025-03-31T21:27:15.691+0000] {processor.py:914} INFO - Processing file /home/airflow/.local/lib/python3.12/site-packages/airflow/example_dags/example_xcomargs.py for tasks to queue
[2025-03-31T21:27:15.694+0000] {logging_mixin.py:190} INFO - [2025-03-31T21:27:15.693+0000] {dagbag.py:588} INFO - Filling up the DagBag from /home/airflow/.local/lib/python3.12/site-packages/airflow/example_dags/example_xcomargs.py
[2025-03-31T21:27:15.718+0000] {processor.py:925} INFO - DAG(s) 'example_xcom_args', 'example_xcom_args_with_operators' retrieved from /home/airflow/.local/lib/python3.12/site-packages/airflow/example_dags/example_xcomargs.py
[2025-03-31T21:27:15.775+0000] {logging_mixin.py:190} INFO - [2025-03-31T21:27:15.774+0000] {dag.py:3239} INFO - Sync 2 DAGs
[2025-03-31T21:27:15.821+0000] {logging_mixin.py:190} INFO - [2025-03-31T21:27:15.821+0000] {dag.py:4180} INFO - Setting next_dagrun for example_xcom_args to None, run_after=None
[2025-03-31T21:27:15.833+0000] {logging_mixin.py:190} INFO - [2025-03-31T21:27:15.833+0000] {dag.py:4180} INFO - Setting next_dagrun for example_xcom_args_with_operators to None, run_after=None
[2025-03-31T21:27:15.871+0000] {processor.py:208} INFO - Processing /home/airflow/.local/lib/python3.12/site-packages/airflow/example_dags/example_xcomargs.py took 0.206 seconds
[2025-03-31T21:27:46.629+0000] {processor.py:186} INFO - Started process (PID=653) to work on /home/airflow/.local/lib/python3.12/site-packages/airflow/example_dags/example_xcomargs.py
[2025-03-31T21:27:46.634+0000] {processor.py:914} INFO - Processing file /home/airflow/.local/lib/python3.12/site-packages/airflow/example_dags/example_xcomargs.py for tasks to queue
[2025-03-31T21:27:46.636+0000] {logging_mixin.py:190} INFO - [2025-03-31T21:27:46.636+0000] {dagbag.py:588} INFO - Filling up the DagBag from /home/airflow/.local/lib/python3.12/site-packages/airflow/example_dags/example_xcomargs.py
[2025-03-31T21:27:46.661+0000] {processor.py:925} INFO - DAG(s) 'example_xcom_args', 'example_xcom_args_with_operators' retrieved from /home/airflow/.local/lib/python3.12/site-packages/airflow/example_dags/example_xcomargs.py
[2025-03-31T21:27:46.725+0000] {logging_mixin.py:190} INFO - [2025-03-31T21:27:46.725+0000] {dag.py:3239} INFO - Sync 2 DAGs
[2025-03-31T21:27:46.772+0000] {logging_mixin.py:190} INFO - [2025-03-31T21:27:46.771+0000] {dag.py:4180} INFO - Setting next_dagrun for example_xcom_args to None, run_after=None
[2025-03-31T21:27:46.792+0000] {logging_mixin.py:190} INFO - [2025-03-31T21:27:46.791+0000] {dag.py:4180} INFO - Setting next_dagrun for example_xcom_args_with_operators to None, run_after=None
[2025-03-31T21:27:46.866+0000] {processor.py:208} INFO - Processing /home/airflow/.local/lib/python3.12/site-packages/airflow/example_dags/example_xcomargs.py took 0.246 seconds
[2025-03-31T21:28:17.280+0000] {processor.py:186} INFO - Started process (PID=716) to work on /home/airflow/.local/lib/python3.12/site-packages/airflow/example_dags/example_xcomargs.py
[2025-03-31T21:28:17.283+0000] {processor.py:914} INFO - Processing file /home/airflow/.local/lib/python3.12/site-packages/airflow/example_dags/example_xcomargs.py for tasks to queue
[2025-03-31T21:28:17.287+0000] {logging_mixin.py:190} INFO - [2025-03-31T21:28:17.286+0000] {dagbag.py:588} INFO - Filling up the DagBag from /home/airflow/.local/lib/python3.12/site-packages/airflow/example_dags/example_xcomargs.py
[2025-03-31T21:28:17.327+0000] {processor.py:925} INFO - DAG(s) 'example_xcom_args_with_operators', 'example_xcom_args' retrieved from /home/airflow/.local/lib/python3.12/site-packages/airflow/example_dags/example_xcomargs.py
[2025-03-31T21:28:17.388+0000] {logging_mixin.py:190} INFO - [2025-03-31T21:28:17.388+0000] {dag.py:3239} INFO - Sync 2 DAGs
[2025-03-31T21:28:17.420+0000] {logging_mixin.py:190} INFO - [2025-03-31T21:28:17.419+0000] {dag.py:4180} INFO - Setting next_dagrun for example_xcom_args to None, run_after=None
[2025-03-31T21:28:17.428+0000] {logging_mixin.py:190} INFO - [2025-03-31T21:28:17.428+0000] {dag.py:4180} INFO - Setting next_dagrun for example_xcom_args_with_operators to None, run_after=None
[2025-03-31T21:28:17.465+0000] {processor.py:208} INFO - Processing /home/airflow/.local/lib/python3.12/site-packages/airflow/example_dags/example_xcomargs.py took 0.216 seconds
[2025-03-31T21:28:48.408+0000] {processor.py:186} INFO - Started process (PID=779) to work on /home/airflow/.local/lib/python3.12/site-packages/airflow/example_dags/example_xcomargs.py
[2025-03-31T21:28:48.417+0000] {processor.py:914} INFO - Processing file /home/airflow/.local/lib/python3.12/site-packages/airflow/example_dags/example_xcomargs.py for tasks to queue
[2025-03-31T21:28:48.425+0000] {logging_mixin.py:190} INFO - [2025-03-31T21:28:48.424+0000] {dagbag.py:588} INFO - Filling up the DagBag from /home/airflow/.local/lib/python3.12/site-packages/airflow/example_dags/example_xcomargs.py
[2025-03-31T21:28:48.453+0000] {processor.py:925} INFO - DAG(s) 'example_xcom_args_with_operators', 'example_xcom_args' retrieved from /home/airflow/.local/lib/python3.12/site-packages/airflow/example_dags/example_xcomargs.py
[2025-03-31T21:28:48.520+0000] {logging_mixin.py:190} INFO - [2025-03-31T21:28:48.519+0000] {dag.py:3239} INFO - Sync 2 DAGs
[2025-03-31T21:28:48.568+0000] {logging_mixin.py:190} INFO - [2025-03-31T21:28:48.568+0000] {dag.py:4180} INFO - Setting next_dagrun for example_xcom_args to None, run_after=None
[2025-03-31T21:28:48.577+0000] {logging_mixin.py:190} INFO - [2025-03-31T21:28:48.577+0000] {dag.py:4180} INFO - Setting next_dagrun for example_xcom_args_with_operators to None, run_after=None
[2025-03-31T21:28:48.626+0000] {processor.py:208} INFO - Processing /home/airflow/.local/lib/python3.12/site-packages/airflow/example_dags/example_xcomargs.py took 0.238 seconds
[2025-03-31T21:29:20.091+0000] {processor.py:186} INFO - Started process (PID=842) to work on /home/airflow/.local/lib/python3.12/site-packages/airflow/example_dags/example_xcomargs.py
[2025-03-31T21:29:20.107+0000] {processor.py:914} INFO - Processing file /home/airflow/.local/lib/python3.12/site-packages/airflow/example_dags/example_xcomargs.py for tasks to queue
[2025-03-31T21:29:20.114+0000] {logging_mixin.py:190} INFO - [2025-03-31T21:29:20.113+0000] {dagbag.py:588} INFO - Filling up the DagBag from /home/airflow/.local/lib/python3.12/site-packages/airflow/example_dags/example_xcomargs.py
[2025-03-31T21:29:20.170+0000] {processor.py:925} INFO - DAG(s) 'example_xcom_args', 'example_xcom_args_with_operators' retrieved from /home/airflow/.local/lib/python3.12/site-packages/airflow/example_dags/example_xcomargs.py
[2025-03-31T21:29:20.300+0000] {logging_mixin.py:190} INFO - [2025-03-31T21:29:20.300+0000] {dag.py:3239} INFO - Sync 2 DAGs
[2025-03-31T21:29:20.355+0000] {logging_mixin.py:190} INFO - [2025-03-31T21:29:20.355+0000] {dag.py:4180} INFO - Setting next_dagrun for example_xcom_args to None, run_after=None
[2025-03-31T21:29:20.392+0000] {logging_mixin.py:190} INFO - [2025-03-31T21:29:20.392+0000] {dag.py:4180} INFO - Setting next_dagrun for example_xcom_args_with_operators to None, run_after=None
[2025-03-31T21:29:20.493+0000] {processor.py:208} INFO - Processing /home/airflow/.local/lib/python3.12/site-packages/airflow/example_dags/example_xcomargs.py took 0.426 seconds
[2025-03-31T21:29:50.605+0000] {processor.py:186} INFO - Started process (PID=904) to work on /home/airflow/.local/lib/python3.12/site-packages/airflow/example_dags/example_xcomargs.py
[2025-03-31T21:29:50.610+0000] {processor.py:914} INFO - Processing file /home/airflow/.local/lib/python3.12/site-packages/airflow/example_dags/example_xcomargs.py for tasks to queue
[2025-03-31T21:29:50.616+0000] {logging_mixin.py:190} INFO - [2025-03-31T21:29:50.614+0000] {dagbag.py:588} INFO - Filling up the DagBag from /home/airflow/.local/lib/python3.12/site-packages/airflow/example_dags/example_xcomargs.py
[2025-03-31T21:29:50.650+0000] {processor.py:925} INFO - DAG(s) 'example_xcom_args_with_operators', 'example_xcom_args' retrieved from /home/airflow/.local/lib/python3.12/site-packages/airflow/example_dags/example_xcomargs.py
[2025-03-31T21:29:50.800+0000] {logging_mixin.py:190} INFO - [2025-03-31T21:29:50.799+0000] {dag.py:3239} INFO - Sync 2 DAGs
[2025-03-31T21:29:50.880+0000] {logging_mixin.py:190} INFO - [2025-03-31T21:29:50.879+0000] {dag.py:4180} INFO - Setting next_dagrun for example_xcom_args to None, run_after=None
[2025-03-31T21:29:50.904+0000] {logging_mixin.py:190} INFO - [2025-03-31T21:29:50.904+0000] {dag.py:4180} INFO - Setting next_dagrun for example_xcom_args_with_operators to None, run_after=None
[2025-03-31T21:29:51.005+0000] {processor.py:208} INFO - Processing /home/airflow/.local/lib/python3.12/site-packages/airflow/example_dags/example_xcomargs.py took 0.417 seconds
[2025-03-31T21:30:45.608+0000] {processor.py:186} INFO - Started process (PID=952) to work on /home/airflow/.local/lib/python3.12/site-packages/airflow/example_dags/example_xcomargs.py
[2025-03-31T21:30:45.614+0000] {processor.py:914} INFO - Processing file /home/airflow/.local/lib/python3.12/site-packages/airflow/example_dags/example_xcomargs.py for tasks to queue
[2025-03-31T21:30:45.626+0000] {logging_mixin.py:190} INFO - [2025-03-31T21:30:45.622+0000] {dagbag.py:588} INFO - Filling up the DagBag from /home/airflow/.local/lib/python3.12/site-packages/airflow/example_dags/example_xcomargs.py
[2025-03-31T21:30:45.700+0000] {processor.py:925} INFO - DAG(s) 'example_xcom_args', 'example_xcom_args_with_operators' retrieved from /home/airflow/.local/lib/python3.12/site-packages/airflow/example_dags/example_xcomargs.py
[2025-03-31T21:30:45.786+0000] {logging_mixin.py:190} INFO - [2025-03-31T21:30:45.786+0000] {dag.py:3239} INFO - Sync 2 DAGs
[2025-03-31T21:30:45.827+0000] {logging_mixin.py:190} INFO - [2025-03-31T21:30:45.826+0000] {dag.py:4180} INFO - Setting next_dagrun for example_xcom_args to None, run_after=None
[2025-03-31T21:30:45.838+0000] {logging_mixin.py:190} INFO - [2025-03-31T21:30:45.837+0000] {dag.py:4180} INFO - Setting next_dagrun for example_xcom_args_with_operators to None, run_after=None
[2025-03-31T21:30:45.937+0000] {processor.py:208} INFO - Processing /home/airflow/.local/lib/python3.12/site-packages/airflow/example_dags/example_xcomargs.py took 0.361 seconds
[2025-03-31T21:31:16.333+0000] {processor.py:186} INFO - Started process (PID=1017) to work on /home/airflow/.local/lib/python3.12/site-packages/airflow/example_dags/example_xcomargs.py
[2025-03-31T21:31:16.341+0000] {processor.py:914} INFO - Processing file /home/airflow/.local/lib/python3.12/site-packages/airflow/example_dags/example_xcomargs.py for tasks to queue
[2025-03-31T21:31:16.349+0000] {logging_mixin.py:190} INFO - [2025-03-31T21:31:16.348+0000] {dagbag.py:588} INFO - Filling up the DagBag from /home/airflow/.local/lib/python3.12/site-packages/airflow/example_dags/example_xcomargs.py
[2025-03-31T21:31:16.412+0000] {processor.py:925} INFO - DAG(s) 'example_xcom_args', 'example_xcom_args_with_operators' retrieved from /home/airflow/.local/lib/python3.12/site-packages/airflow/example_dags/example_xcomargs.py
[2025-03-31T21:31:16.536+0000] {logging_mixin.py:190} INFO - [2025-03-31T21:31:16.535+0000] {dag.py:3239} INFO - Sync 2 DAGs
[2025-03-31T21:31:16.616+0000] {logging_mixin.py:190} INFO - [2025-03-31T21:31:16.616+0000] {dag.py:4180} INFO - Setting next_dagrun for example_xcom_args to None, run_after=None
[2025-03-31T21:31:16.626+0000] {logging_mixin.py:190} INFO - [2025-03-31T21:31:16.626+0000] {dag.py:4180} INFO - Setting next_dagrun for example_xcom_args_with_operators to None, run_after=None
[2025-03-31T21:31:16.693+0000] {processor.py:208} INFO - Processing /home/airflow/.local/lib/python3.12/site-packages/airflow/example_dags/example_xcomargs.py took 0.372 seconds
[2025-03-31T21:31:48.863+0000] {processor.py:186} INFO - Started process (PID=1081) to work on /home/airflow/.local/lib/python3.12/site-packages/airflow/example_dags/example_xcomargs.py
[2025-03-31T21:31:48.871+0000] {processor.py:914} INFO - Processing file /home/airflow/.local/lib/python3.12/site-packages/airflow/example_dags/example_xcomargs.py for tasks to queue
[2025-03-31T21:31:48.888+0000] {logging_mixin.py:190} INFO - [2025-03-31T21:31:48.878+0000] {dagbag.py:588} INFO - Filling up the DagBag from /home/airflow/.local/lib/python3.12/site-packages/airflow/example_dags/example_xcomargs.py
[2025-03-31T21:31:48.938+0000] {processor.py:925} INFO - DAG(s) 'example_xcom_args_with_operators', 'example_xcom_args' retrieved from /home/airflow/.local/lib/python3.12/site-packages/airflow/example_dags/example_xcomargs.py
[2025-03-31T21:31:49.048+0000] {logging_mixin.py:190} INFO - [2025-03-31T21:31:49.048+0000] {dag.py:3239} INFO - Sync 2 DAGs
[2025-03-31T21:31:49.109+0000] {logging_mixin.py:190} INFO - [2025-03-31T21:31:49.108+0000] {dag.py:4180} INFO - Setting next_dagrun for example_xcom_args to None, run_after=None
[2025-03-31T21:31:49.123+0000] {logging_mixin.py:190} INFO - [2025-03-31T21:31:49.122+0000] {dag.py:4180} INFO - Setting next_dagrun for example_xcom_args_with_operators to None, run_after=None
[2025-03-31T21:31:49.171+0000] {processor.py:208} INFO - Processing /home/airflow/.local/lib/python3.12/site-packages/airflow/example_dags/example_xcomargs.py took 0.325 seconds
[2025-03-31T21:32:19.815+0000] {processor.py:186} INFO - Started process (PID=1145) to work on /home/airflow/.local/lib/python3.12/site-packages/airflow/example_dags/example_xcomargs.py
[2025-03-31T21:32:19.818+0000] {processor.py:914} INFO - Processing file /home/airflow/.local/lib/python3.12/site-packages/airflow/example_dags/example_xcomargs.py for tasks to queue
[2025-03-31T21:32:19.821+0000] {logging_mixin.py:190} INFO - [2025-03-31T21:32:19.820+0000] {dagbag.py:588} INFO - Filling up the DagBag from /home/airflow/.local/lib/python3.12/site-packages/airflow/example_dags/example_xcomargs.py
[2025-03-31T21:32:19.844+0000] {processor.py:925} INFO - DAG(s) 'example_xcom_args', 'example_xcom_args_with_operators' retrieved from /home/airflow/.local/lib/python3.12/site-packages/airflow/example_dags/example_xcomargs.py
[2025-03-31T21:32:19.888+0000] {logging_mixin.py:190} INFO - [2025-03-31T21:32:19.887+0000] {dag.py:3239} INFO - Sync 2 DAGs
[2025-03-31T21:32:19.921+0000] {logging_mixin.py:190} INFO - [2025-03-31T21:32:19.920+0000] {dag.py:4180} INFO - Setting next_dagrun for example_xcom_args to None, run_after=None
[2025-03-31T21:32:19.929+0000] {logging_mixin.py:190} INFO - [2025-03-31T21:32:19.929+0000] {dag.py:4180} INFO - Setting next_dagrun for example_xcom_args_with_operators to None, run_after=None
[2025-03-31T21:32:19.970+0000] {processor.py:208} INFO - Processing /home/airflow/.local/lib/python3.12/site-packages/airflow/example_dags/example_xcomargs.py took 0.165 seconds
[2025-03-31T21:32:51.015+0000] {processor.py:186} INFO - Started process (PID=1208) to work on /home/airflow/.local/lib/python3.12/site-packages/airflow/example_dags/example_xcomargs.py
[2025-03-31T21:32:51.016+0000] {processor.py:914} INFO - Processing file /home/airflow/.local/lib/python3.12/site-packages/airflow/example_dags/example_xcomargs.py for tasks to queue
[2025-03-31T21:32:51.020+0000] {logging_mixin.py:190} INFO - [2025-03-31T21:32:51.019+0000] {dagbag.py:588} INFO - Filling up the DagBag from /home/airflow/.local/lib/python3.12/site-packages/airflow/example_dags/example_xcomargs.py
[2025-03-31T21:32:51.041+0000] {processor.py:925} INFO - DAG(s) 'example_xcom_args_with_operators', 'example_xcom_args' retrieved from /home/airflow/.local/lib/python3.12/site-packages/airflow/example_dags/example_xcomargs.py
[2025-03-31T21:32:51.086+0000] {logging_mixin.py:190} INFO - [2025-03-31T21:32:51.085+0000] {dag.py:3239} INFO - Sync 2 DAGs
[2025-03-31T21:32:51.115+0000] {logging_mixin.py:190} INFO - [2025-03-31T21:32:51.115+0000] {dag.py:4180} INFO - Setting next_dagrun for example_xcom_args to None, run_after=None
[2025-03-31T21:32:51.122+0000] {logging_mixin.py:190} INFO - [2025-03-31T21:32:51.122+0000] {dag.py:4180} INFO - Setting next_dagrun for example_xcom_args_with_operators to None, run_after=None
[2025-03-31T21:32:51.154+0000] {processor.py:208} INFO - Processing /home/airflow/.local/lib/python3.12/site-packages/airflow/example_dags/example_xcomargs.py took 0.152 seconds
[2025-03-31T21:33:22.142+0000] {processor.py:186} INFO - Started process (PID=1272) to work on /home/airflow/.local/lib/python3.12/site-packages/airflow/example_dags/example_xcomargs.py
[2025-03-31T21:33:22.145+0000] {processor.py:914} INFO - Processing file /home/airflow/.local/lib/python3.12/site-packages/airflow/example_dags/example_xcomargs.py for tasks to queue
[2025-03-31T21:33:22.149+0000] {logging_mixin.py:190} INFO - [2025-03-31T21:33:22.149+0000] {dagbag.py:588} INFO - Filling up the DagBag from /home/airflow/.local/lib/python3.12/site-packages/airflow/example_dags/example_xcomargs.py
[2025-03-31T21:33:22.176+0000] {processor.py:925} INFO - DAG(s) 'example_xcom_args_with_operators', 'example_xcom_args' retrieved from /home/airflow/.local/lib/python3.12/site-packages/airflow/example_dags/example_xcomargs.py
[2025-03-31T21:33:22.235+0000] {logging_mixin.py:190} INFO - [2025-03-31T21:33:22.235+0000] {dag.py:3239} INFO - Sync 2 DAGs
[2025-03-31T21:33:22.276+0000] {logging_mixin.py:190} INFO - [2025-03-31T21:33:22.276+0000] {dag.py:4180} INFO - Setting next_dagrun for example_xcom_args to None, run_after=None
[2025-03-31T21:33:22.285+0000] {logging_mixin.py:190} INFO - [2025-03-31T21:33:22.285+0000] {dag.py:4180} INFO - Setting next_dagrun for example_xcom_args_with_operators to None, run_after=None
[2025-03-31T21:33:22.350+0000] {processor.py:208} INFO - Processing /home/airflow/.local/lib/python3.12/site-packages/airflow/example_dags/example_xcomargs.py took 0.223 seconds
[2025-03-31T21:33:52.620+0000] {processor.py:186} INFO - Started process (PID=1335) to work on /home/airflow/.local/lib/python3.12/site-packages/airflow/example_dags/example_xcomargs.py
[2025-03-31T21:33:52.624+0000] {processor.py:914} INFO - Processing file /home/airflow/.local/lib/python3.12/site-packages/airflow/example_dags/example_xcomargs.py for tasks to queue
[2025-03-31T21:33:52.628+0000] {logging_mixin.py:190} INFO - [2025-03-31T21:33:52.627+0000] {dagbag.py:588} INFO - Filling up the DagBag from /home/airflow/.local/lib/python3.12/site-packages/airflow/example_dags/example_xcomargs.py
[2025-03-31T21:33:52.683+0000] {processor.py:925} INFO - DAG(s) 'example_xcom_args_with_operators', 'example_xcom_args' retrieved from /home/airflow/.local/lib/python3.12/site-packages/airflow/example_dags/example_xcomargs.py
[2025-03-31T21:33:52.800+0000] {logging_mixin.py:190} INFO - [2025-03-31T21:33:52.800+0000] {dag.py:3239} INFO - Sync 2 DAGs
[2025-03-31T21:33:52.842+0000] {logging_mixin.py:190} INFO - [2025-03-31T21:33:52.842+0000] {dag.py:4180} INFO - Setting next_dagrun for example_xcom_args to None, run_after=None
[2025-03-31T21:33:52.850+0000] {logging_mixin.py:190} INFO - [2025-03-31T21:33:52.849+0000] {dag.py:4180} INFO - Setting next_dagrun for example_xcom_args_with_operators to None, run_after=None
[2025-03-31T21:33:52.889+0000] {processor.py:208} INFO - Processing /home/airflow/.local/lib/python3.12/site-packages/airflow/example_dags/example_xcomargs.py took 0.288 seconds
[2025-03-31T21:34:28.288+0000] {processor.py:186} INFO - Started process (PID=1398) to work on /home/airflow/.local/lib/python3.12/site-packages/airflow/example_dags/example_xcomargs.py
[2025-03-31T21:34:28.291+0000] {processor.py:914} INFO - Processing file /home/airflow/.local/lib/python3.12/site-packages/airflow/example_dags/example_xcomargs.py for tasks to queue
[2025-03-31T21:34:28.299+0000] {logging_mixin.py:190} INFO - [2025-03-31T21:34:28.296+0000] {dagbag.py:588} INFO - Filling up the DagBag from /home/airflow/.local/lib/python3.12/site-packages/airflow/example_dags/example_xcomargs.py
[2025-03-31T21:34:28.341+0000] {processor.py:925} INFO - DAG(s) 'example_xcom_args', 'example_xcom_args_with_operators' retrieved from /home/airflow/.local/lib/python3.12/site-packages/airflow/example_dags/example_xcomargs.py
[2025-03-31T21:34:28.428+0000] {logging_mixin.py:190} INFO - [2025-03-31T21:34:28.427+0000] {dag.py:3239} INFO - Sync 2 DAGs
[2025-03-31T21:34:28.464+0000] {logging_mixin.py:190} INFO - [2025-03-31T21:34:28.464+0000] {dag.py:4180} INFO - Setting next_dagrun for example_xcom_args to None, run_after=None
[2025-03-31T21:34:28.472+0000] {logging_mixin.py:190} INFO - [2025-03-31T21:34:28.472+0000] {dag.py:4180} INFO - Setting next_dagrun for example_xcom_args_with_operators to None, run_after=None
[2025-03-31T21:34:28.510+0000] {processor.py:208} INFO - Processing /home/airflow/.local/lib/python3.12/site-packages/airflow/example_dags/example_xcomargs.py took 0.246 seconds
[2025-03-31T21:34:59.634+0000] {processor.py:186} INFO - Started process (PID=1461) to work on /home/airflow/.local/lib/python3.12/site-packages/airflow/example_dags/example_xcomargs.py
[2025-03-31T21:34:59.638+0000] {processor.py:914} INFO - Processing file /home/airflow/.local/lib/python3.12/site-packages/airflow/example_dags/example_xcomargs.py for tasks to queue
[2025-03-31T21:34:59.641+0000] {logging_mixin.py:190} INFO - [2025-03-31T21:34:59.640+0000] {dagbag.py:588} INFO - Filling up the DagBag from /home/airflow/.local/lib/python3.12/site-packages/airflow/example_dags/example_xcomargs.py
[2025-03-31T21:34:59.670+0000] {processor.py:925} INFO - DAG(s) 'example_xcom_args', 'example_xcom_args_with_operators' retrieved from /home/airflow/.local/lib/python3.12/site-packages/airflow/example_dags/example_xcomargs.py
[2025-03-31T21:34:59.721+0000] {logging_mixin.py:190} INFO - [2025-03-31T21:34:59.720+0000] {dag.py:3239} INFO - Sync 2 DAGs
[2025-03-31T21:34:59.749+0000] {logging_mixin.py:190} INFO - [2025-03-31T21:34:59.749+0000] {dag.py:4180} INFO - Setting next_dagrun for example_xcom_args to None, run_after=None
[2025-03-31T21:34:59.758+0000] {logging_mixin.py:190} INFO - [2025-03-31T21:34:59.758+0000] {dag.py:4180} INFO - Setting next_dagrun for example_xcom_args_with_operators to None, run_after=None
[2025-03-31T21:34:59.787+0000] {processor.py:208} INFO - Processing /home/airflow/.local/lib/python3.12/site-packages/airflow/example_dags/example_xcomargs.py took 0.165 seconds
[2025-03-31T21:35:31.057+0000] {processor.py:186} INFO - Started process (PID=1525) to work on /home/airflow/.local/lib/python3.12/site-packages/airflow/example_dags/example_xcomargs.py
[2025-03-31T21:35:31.061+0000] {processor.py:914} INFO - Processing file /home/airflow/.local/lib/python3.12/site-packages/airflow/example_dags/example_xcomargs.py for tasks to queue
[2025-03-31T21:35:31.063+0000] {logging_mixin.py:190} INFO - [2025-03-31T21:35:31.063+0000] {dagbag.py:588} INFO - Filling up the DagBag from /home/airflow/.local/lib/python3.12/site-packages/airflow/example_dags/example_xcomargs.py
[2025-03-31T21:35:31.084+0000] {processor.py:925} INFO - DAG(s) 'example_xcom_args', 'example_xcom_args_with_operators' retrieved from /home/airflow/.local/lib/python3.12/site-packages/airflow/example_dags/example_xcomargs.py
[2025-03-31T21:35:31.140+0000] {logging_mixin.py:190} INFO - [2025-03-31T21:35:31.140+0000] {dag.py:3239} INFO - Sync 2 DAGs
[2025-03-31T21:35:31.177+0000] {logging_mixin.py:190} INFO - [2025-03-31T21:35:31.177+0000] {dag.py:4180} INFO - Setting next_dagrun for example_xcom_args to None, run_after=None
[2025-03-31T21:35:31.188+0000] {logging_mixin.py:190} INFO - [2025-03-31T21:35:31.188+0000] {dag.py:4180} INFO - Setting next_dagrun for example_xcom_args_with_operators to None, run_after=None
[2025-03-31T21:35:31.233+0000] {processor.py:208} INFO - Processing /home/airflow/.local/lib/python3.12/site-packages/airflow/example_dags/example_xcomargs.py took 0.188 seconds
[2025-03-31T21:36:02.510+0000] {processor.py:186} INFO - Started process (PID=1589) to work on /home/airflow/.local/lib/python3.12/site-packages/airflow/example_dags/example_xcomargs.py
[2025-03-31T21:36:02.512+0000] {processor.py:914} INFO - Processing file /home/airflow/.local/lib/python3.12/site-packages/airflow/example_dags/example_xcomargs.py for tasks to queue
[2025-03-31T21:36:02.515+0000] {logging_mixin.py:190} INFO - [2025-03-31T21:36:02.515+0000] {dagbag.py:588} INFO - Filling up the DagBag from /home/airflow/.local/lib/python3.12/site-packages/airflow/example_dags/example_xcomargs.py
[2025-03-31T21:36:02.539+0000] {processor.py:925} INFO - DAG(s) 'example_xcom_args', 'example_xcom_args_with_operators' retrieved from /home/airflow/.local/lib/python3.12/site-packages/airflow/example_dags/example_xcomargs.py
[2025-03-31T21:36:02.603+0000] {logging_mixin.py:190} INFO - [2025-03-31T21:36:02.603+0000] {dag.py:3239} INFO - Sync 2 DAGs
[2025-03-31T21:36:02.664+0000] {logging_mixin.py:190} INFO - [2025-03-31T21:36:02.663+0000] {dag.py:4180} INFO - Setting next_dagrun for example_xcom_args to None, run_after=None
[2025-03-31T21:36:02.681+0000] {logging_mixin.py:190} INFO - [2025-03-31T21:36:02.680+0000] {dag.py:4180} INFO - Setting next_dagrun for example_xcom_args_with_operators to None, run_after=None
[2025-03-31T21:36:02.751+0000] {processor.py:208} INFO - Processing /home/airflow/.local/lib/python3.12/site-packages/airflow/example_dags/example_xcomargs.py took 0.253 seconds
[2025-03-31T21:37:03.685+0000] {processor.py:186} INFO - Started process (PID=1679) to work on /home/airflow/.local/lib/python3.12/site-packages/airflow/example_dags/example_xcomargs.py
[2025-03-31T21:37:03.688+0000] {processor.py:914} INFO - Processing file /home/airflow/.local/lib/python3.12/site-packages/airflow/example_dags/example_xcomargs.py for tasks to queue
[2025-03-31T21:37:03.691+0000] {logging_mixin.py:190} INFO - [2025-03-31T21:37:03.690+0000] {dagbag.py:588} INFO - Filling up the DagBag from /home/airflow/.local/lib/python3.12/site-packages/airflow/example_dags/example_xcomargs.py
[2025-03-31T21:37:03.747+0000] {processor.py:925} INFO - DAG(s) 'example_xcom_args', 'example_xcom_args_with_operators' retrieved from /home/airflow/.local/lib/python3.12/site-packages/airflow/example_dags/example_xcomargs.py
[2025-03-31T21:37:03.838+0000] {logging_mixin.py:190} INFO - [2025-03-31T21:37:03.837+0000] {dag.py:3239} INFO - Sync 2 DAGs
[2025-03-31T21:37:03.885+0000] {logging_mixin.py:190} INFO - [2025-03-31T21:37:03.884+0000] {dag.py:4180} INFO - Setting next_dagrun for example_xcom_args to None, run_after=None
[2025-03-31T21:37:03.899+0000] {logging_mixin.py:190} INFO - [2025-03-31T21:37:03.898+0000] {dag.py:4180} INFO - Setting next_dagrun for example_xcom_args_with_operators to None, run_after=None
[2025-03-31T21:37:03.968+0000] {processor.py:208} INFO - Processing /home/airflow/.local/lib/python3.12/site-packages/airflow/example_dags/example_xcomargs.py took 0.300 seconds
[2025-03-31T21:37:34.693+0000] {processor.py:186} INFO - Started process (PID=1742) to work on /home/airflow/.local/lib/python3.12/site-packages/airflow/example_dags/example_xcomargs.py
[2025-03-31T21:37:34.694+0000] {processor.py:914} INFO - Processing file /home/airflow/.local/lib/python3.12/site-packages/airflow/example_dags/example_xcomargs.py for tasks to queue
[2025-03-31T21:37:34.698+0000] {logging_mixin.py:190} INFO - [2025-03-31T21:37:34.697+0000] {dagbag.py:588} INFO - Filling up the DagBag from /home/airflow/.local/lib/python3.12/site-packages/airflow/example_dags/example_xcomargs.py
[2025-03-31T21:37:34.725+0000] {processor.py:925} INFO - DAG(s) 'example_xcom_args', 'example_xcom_args_with_operators' retrieved from /home/airflow/.local/lib/python3.12/site-packages/airflow/example_dags/example_xcomargs.py
[2025-03-31T21:37:34.775+0000] {logging_mixin.py:190} INFO - [2025-03-31T21:37:34.774+0000] {dag.py:3239} INFO - Sync 2 DAGs
[2025-03-31T21:37:34.806+0000] {logging_mixin.py:190} INFO - [2025-03-31T21:37:34.806+0000] {dag.py:4180} INFO - Setting next_dagrun for example_xcom_args to None, run_after=None
[2025-03-31T21:37:34.828+0000] {logging_mixin.py:190} INFO - [2025-03-31T21:37:34.827+0000] {dag.py:4180} INFO - Setting next_dagrun for example_xcom_args_with_operators to None, run_after=None
[2025-03-31T21:37:34.861+0000] {processor.py:208} INFO - Processing /home/airflow/.local/lib/python3.12/site-packages/airflow/example_dags/example_xcomargs.py took 0.179 seconds
[2025-03-31T21:38:12.769+0000] {processor.py:186} INFO - Started process (PID=1805) to work on /home/airflow/.local/lib/python3.12/site-packages/airflow/example_dags/example_xcomargs.py
[2025-03-31T21:38:12.777+0000] {processor.py:914} INFO - Processing file /home/airflow/.local/lib/python3.12/site-packages/airflow/example_dags/example_xcomargs.py for tasks to queue
[2025-03-31T21:38:12.790+0000] {logging_mixin.py:190} INFO - [2025-03-31T21:38:12.789+0000] {dagbag.py:588} INFO - Filling up the DagBag from /home/airflow/.local/lib/python3.12/site-packages/airflow/example_dags/example_xcomargs.py
[2025-03-31T21:38:12.845+0000] {processor.py:925} INFO - DAG(s) 'example_xcom_args', 'example_xcom_args_with_operators' retrieved from /home/airflow/.local/lib/python3.12/site-packages/airflow/example_dags/example_xcomargs.py
[2025-03-31T21:38:12.941+0000] {logging_mixin.py:190} INFO - [2025-03-31T21:38:12.941+0000] {dag.py:3239} INFO - Sync 2 DAGs
[2025-03-31T21:38:12.999+0000] {logging_mixin.py:190} INFO - [2025-03-31T21:38:12.998+0000] {dag.py:4180} INFO - Setting next_dagrun for example_xcom_args to None, run_after=None
[2025-03-31T21:38:13.010+0000] {logging_mixin.py:190} INFO - [2025-03-31T21:38:13.010+0000] {dag.py:4180} INFO - Setting next_dagrun for example_xcom_args_with_operators to None, run_after=None
[2025-03-31T21:38:13.062+0000] {processor.py:208} INFO - Processing /home/airflow/.local/lib/python3.12/site-packages/airflow/example_dags/example_xcomargs.py took 0.310 seconds
[2025-03-31T21:38:55.335+0000] {processor.py:186} INFO - Started process (PID=1874) to work on /home/airflow/.local/lib/python3.12/site-packages/airflow/example_dags/example_xcomargs.py
[2025-03-31T21:38:55.342+0000] {processor.py:914} INFO - Processing file /home/airflow/.local/lib/python3.12/site-packages/airflow/example_dags/example_xcomargs.py for tasks to queue
[2025-03-31T21:38:55.361+0000] {logging_mixin.py:190} INFO - [2025-03-31T21:38:55.353+0000] {dagbag.py:588} INFO - Filling up the DagBag from /home/airflow/.local/lib/python3.12/site-packages/airflow/example_dags/example_xcomargs.py
[2025-03-31T21:38:55.559+0000] {processor.py:925} INFO - DAG(s) 'example_xcom_args', 'example_xcom_args_with_operators' retrieved from /home/airflow/.local/lib/python3.12/site-packages/airflow/example_dags/example_xcomargs.py
[2025-03-31T21:38:56.370+0000] {logging_mixin.py:190} INFO - [2025-03-31T21:38:56.341+0000] {dag.py:3239} INFO - Sync 2 DAGs
[2025-03-31T21:38:56.714+0000] {logging_mixin.py:190} INFO - [2025-03-31T21:38:56.706+0000] {dag.py:4180} INFO - Setting next_dagrun for example_xcom_args to None, run_after=None
[2025-03-31T21:38:56.748+0000] {logging_mixin.py:190} INFO - [2025-03-31T21:38:56.743+0000] {dag.py:4180} INFO - Setting next_dagrun for example_xcom_args_with_operators to None, run_after=None
[2025-03-31T21:38:57.160+0000] {processor.py:208} INFO - Processing /home/airflow/.local/lib/python3.12/site-packages/airflow/example_dags/example_xcomargs.py took 1.882 seconds
[2025-03-31T21:40:20.274+0000] {processor.py:186} INFO - Started process (PID=1924) to work on /home/airflow/.local/lib/python3.12/site-packages/airflow/example_dags/example_xcomargs.py
[2025-03-31T21:40:20.277+0000] {processor.py:914} INFO - Processing file /home/airflow/.local/lib/python3.12/site-packages/airflow/example_dags/example_xcomargs.py for tasks to queue
[2025-03-31T21:40:20.281+0000] {logging_mixin.py:190} INFO - [2025-03-31T21:40:20.280+0000] {dagbag.py:588} INFO - Filling up the DagBag from /home/airflow/.local/lib/python3.12/site-packages/airflow/example_dags/example_xcomargs.py
[2025-03-31T21:40:20.311+0000] {processor.py:925} INFO - DAG(s) 'example_xcom_args_with_operators', 'example_xcom_args' retrieved from /home/airflow/.local/lib/python3.12/site-packages/airflow/example_dags/example_xcomargs.py
[2025-03-31T21:40:20.364+0000] {logging_mixin.py:190} INFO - [2025-03-31T21:40:20.363+0000] {dag.py:3239} INFO - Sync 2 DAGs
[2025-03-31T21:40:20.399+0000] {logging_mixin.py:190} INFO - [2025-03-31T21:40:20.398+0000] {dag.py:4180} INFO - Setting next_dagrun for example_xcom_args to None, run_after=None
[2025-03-31T21:40:20.411+0000] {logging_mixin.py:190} INFO - [2025-03-31T21:40:20.411+0000] {dag.py:4180} INFO - Setting next_dagrun for example_xcom_args_with_operators to None, run_after=None
[2025-03-31T21:40:20.450+0000] {processor.py:208} INFO - Processing /home/airflow/.local/lib/python3.12/site-packages/airflow/example_dags/example_xcomargs.py took 0.190 seconds
[2025-03-31T21:42:54.509+0000] {processor.py:186} INFO - Started process (PID=2009) to work on /home/airflow/.local/lib/python3.12/site-packages/airflow/example_dags/example_xcomargs.py
[2025-03-31T21:42:54.514+0000] {processor.py:914} INFO - Processing file /home/airflow/.local/lib/python3.12/site-packages/airflow/example_dags/example_xcomargs.py for tasks to queue
[2025-03-31T21:42:54.531+0000] {logging_mixin.py:190} INFO - [2025-03-31T21:42:54.520+0000] {dagbag.py:588} INFO - Filling up the DagBag from /home/airflow/.local/lib/python3.12/site-packages/airflow/example_dags/example_xcomargs.py
[2025-03-31T21:42:54.592+0000] {processor.py:925} INFO - DAG(s) 'example_xcom_args', 'example_xcom_args_with_operators' retrieved from /home/airflow/.local/lib/python3.12/site-packages/airflow/example_dags/example_xcomargs.py
[2025-03-31T21:42:54.750+0000] {logging_mixin.py:190} INFO - [2025-03-31T21:42:54.748+0000] {dag.py:3239} INFO - Sync 2 DAGs
[2025-03-31T21:42:54.881+0000] {logging_mixin.py:190} INFO - [2025-03-31T21:42:54.876+0000] {dag.py:4180} INFO - Setting next_dagrun for example_xcom_args to None, run_after=None
[2025-03-31T21:42:54.911+0000] {logging_mixin.py:190} INFO - [2025-03-31T21:42:54.910+0000] {dag.py:4180} INFO - Setting next_dagrun for example_xcom_args_with_operators to None, run_after=None
[2025-03-31T21:42:55.010+0000] {processor.py:208} INFO - Processing /home/airflow/.local/lib/python3.12/site-packages/airflow/example_dags/example_xcomargs.py took 0.549 seconds
[2025-03-31T21:43:51.904+0000] {processor.py:186} INFO - Started process (PID=2087) to work on /home/airflow/.local/lib/python3.12/site-packages/airflow/example_dags/example_xcomargs.py
[2025-03-31T21:43:51.905+0000] {processor.py:914} INFO - Processing file /home/airflow/.local/lib/python3.12/site-packages/airflow/example_dags/example_xcomargs.py for tasks to queue
[2025-03-31T21:43:51.909+0000] {logging_mixin.py:190} INFO - [2025-03-31T21:43:51.908+0000] {dagbag.py:588} INFO - Filling up the DagBag from /home/airflow/.local/lib/python3.12/site-packages/airflow/example_dags/example_xcomargs.py
[2025-03-31T21:43:51.928+0000] {processor.py:925} INFO - DAG(s) 'example_xcom_args', 'example_xcom_args_with_operators' retrieved from /home/airflow/.local/lib/python3.12/site-packages/airflow/example_dags/example_xcomargs.py
[2025-03-31T21:43:51.977+0000] {logging_mixin.py:190} INFO - [2025-03-31T21:43:51.977+0000] {dag.py:3239} INFO - Sync 2 DAGs
[2025-03-31T21:43:52.010+0000] {logging_mixin.py:190} INFO - [2025-03-31T21:43:52.009+0000] {dag.py:4180} INFO - Setting next_dagrun for example_xcom_args to None, run_after=None
[2025-03-31T21:43:52.018+0000] {logging_mixin.py:190} INFO - [2025-03-31T21:43:52.017+0000] {dag.py:4180} INFO - Setting next_dagrun for example_xcom_args_with_operators to None, run_after=None
[2025-03-31T21:43:52.049+0000] {processor.py:208} INFO - Processing /home/airflow/.local/lib/python3.12/site-packages/airflow/example_dags/example_xcomargs.py took 0.155 seconds
[2025-03-31T21:44:22.495+0000] {processor.py:186} INFO - Started process (PID=2151) to work on /home/airflow/.local/lib/python3.12/site-packages/airflow/example_dags/example_xcomargs.py
[2025-03-31T21:44:22.499+0000] {processor.py:914} INFO - Processing file /home/airflow/.local/lib/python3.12/site-packages/airflow/example_dags/example_xcomargs.py for tasks to queue
[2025-03-31T21:44:22.501+0000] {logging_mixin.py:190} INFO - [2025-03-31T21:44:22.501+0000] {dagbag.py:588} INFO - Filling up the DagBag from /home/airflow/.local/lib/python3.12/site-packages/airflow/example_dags/example_xcomargs.py
[2025-03-31T21:44:22.528+0000] {processor.py:925} INFO - DAG(s) 'example_xcom_args', 'example_xcom_args_with_operators' retrieved from /home/airflow/.local/lib/python3.12/site-packages/airflow/example_dags/example_xcomargs.py
[2025-03-31T21:44:22.571+0000] {logging_mixin.py:190} INFO - [2025-03-31T21:44:22.570+0000] {dag.py:3239} INFO - Sync 2 DAGs
[2025-03-31T21:44:22.605+0000] {logging_mixin.py:190} INFO - [2025-03-31T21:44:22.605+0000] {dag.py:4180} INFO - Setting next_dagrun for example_xcom_args to None, run_after=None
[2025-03-31T21:44:22.614+0000] {logging_mixin.py:190} INFO - [2025-03-31T21:44:22.614+0000] {dag.py:4180} INFO - Setting next_dagrun for example_xcom_args_with_operators to None, run_after=None
[2025-03-31T21:44:22.646+0000] {processor.py:208} INFO - Processing /home/airflow/.local/lib/python3.12/site-packages/airflow/example_dags/example_xcomargs.py took 0.161 seconds
[2025-03-31T21:44:53.823+0000] {processor.py:186} INFO - Started process (PID=2215) to work on /home/airflow/.local/lib/python3.12/site-packages/airflow/example_dags/example_xcomargs.py
[2025-03-31T21:44:53.826+0000] {processor.py:914} INFO - Processing file /home/airflow/.local/lib/python3.12/site-packages/airflow/example_dags/example_xcomargs.py for tasks to queue
[2025-03-31T21:44:53.830+0000] {logging_mixin.py:190} INFO - [2025-03-31T21:44:53.829+0000] {dagbag.py:588} INFO - Filling up the DagBag from /home/airflow/.local/lib/python3.12/site-packages/airflow/example_dags/example_xcomargs.py
[2025-03-31T21:44:53.850+0000] {processor.py:925} INFO - DAG(s) 'example_xcom_args_with_operators', 'example_xcom_args' retrieved from /home/airflow/.local/lib/python3.12/site-packages/airflow/example_dags/example_xcomargs.py
[2025-03-31T21:44:53.898+0000] {logging_mixin.py:190} INFO - [2025-03-31T21:44:53.898+0000] {dag.py:3239} INFO - Sync 2 DAGs
[2025-03-31T21:44:53.928+0000] {logging_mixin.py:190} INFO - [2025-03-31T21:44:53.928+0000] {dag.py:4180} INFO - Setting next_dagrun for example_xcom_args to None, run_after=None
[2025-03-31T21:44:53.941+0000] {logging_mixin.py:190} INFO - [2025-03-31T21:44:53.940+0000] {dag.py:4180} INFO - Setting next_dagrun for example_xcom_args_with_operators to None, run_after=None
[2025-03-31T21:44:53.979+0000] {processor.py:208} INFO - Processing /home/airflow/.local/lib/python3.12/site-packages/airflow/example_dags/example_xcomargs.py took 0.166 seconds
[2025-03-31T21:45:26.152+0000] {processor.py:186} INFO - Started process (PID=2279) to work on /home/airflow/.local/lib/python3.12/site-packages/airflow/example_dags/example_xcomargs.py
[2025-03-31T21:45:26.154+0000] {processor.py:914} INFO - Processing file /home/airflow/.local/lib/python3.12/site-packages/airflow/example_dags/example_xcomargs.py for tasks to queue
[2025-03-31T21:45:26.159+0000] {logging_mixin.py:190} INFO - [2025-03-31T21:45:26.158+0000] {dagbag.py:588} INFO - Filling up the DagBag from /home/airflow/.local/lib/python3.12/site-packages/airflow/example_dags/example_xcomargs.py
[2025-03-31T21:45:26.190+0000] {processor.py:925} INFO - DAG(s) 'example_xcom_args', 'example_xcom_args_with_operators' retrieved from /home/airflow/.local/lib/python3.12/site-packages/airflow/example_dags/example_xcomargs.py
[2025-03-31T21:45:26.389+0000] {logging_mixin.py:190} INFO - [2025-03-31T21:45:26.388+0000] {dag.py:3239} INFO - Sync 2 DAGs
[2025-03-31T21:45:26.431+0000] {logging_mixin.py:190} INFO - [2025-03-31T21:45:26.431+0000] {dag.py:4180} INFO - Setting next_dagrun for example_xcom_args to None, run_after=None
[2025-03-31T21:45:26.438+0000] {logging_mixin.py:190} INFO - [2025-03-31T21:45:26.438+0000] {dag.py:4180} INFO - Setting next_dagrun for example_xcom_args_with_operators to None, run_after=None
[2025-03-31T21:45:26.520+0000] {processor.py:208} INFO - Processing /home/airflow/.local/lib/python3.12/site-packages/airflow/example_dags/example_xcomargs.py took 0.384 seconds
[2025-03-31T21:49:18.664+0000] {processor.py:186} INFO - Started process (PID=2349) to work on /home/airflow/.local/lib/python3.12/site-packages/airflow/example_dags/example_xcomargs.py
[2025-03-31T21:49:18.676+0000] {processor.py:914} INFO - Processing file /home/airflow/.local/lib/python3.12/site-packages/airflow/example_dags/example_xcomargs.py for tasks to queue
[2025-03-31T21:49:18.688+0000] {logging_mixin.py:190} INFO - [2025-03-31T21:49:18.687+0000] {dagbag.py:588} INFO - Filling up the DagBag from /home/airflow/.local/lib/python3.12/site-packages/airflow/example_dags/example_xcomargs.py
[2025-03-31T21:49:18.740+0000] {processor.py:925} INFO - DAG(s) 'example_xcom_args', 'example_xcom_args_with_operators' retrieved from /home/airflow/.local/lib/python3.12/site-packages/airflow/example_dags/example_xcomargs.py
[2025-03-31T21:49:18.888+0000] {logging_mixin.py:190} INFO - [2025-03-31T21:49:18.887+0000] {dag.py:3239} INFO - Sync 2 DAGs
[2025-03-31T21:49:18.978+0000] {logging_mixin.py:190} INFO - [2025-03-31T21:49:18.978+0000] {dag.py:4180} INFO - Setting next_dagrun for example_xcom_args to None, run_after=None
[2025-03-31T21:49:18.992+0000] {logging_mixin.py:190} INFO - [2025-03-31T21:49:18.992+0000] {dag.py:4180} INFO - Setting next_dagrun for example_xcom_args_with_operators to None, run_after=None
[2025-03-31T21:49:19.043+0000] {processor.py:208} INFO - Processing /home/airflow/.local/lib/python3.12/site-packages/airflow/example_dags/example_xcomargs.py took 0.399 seconds
[2025-03-31T21:49:49.468+0000] {processor.py:186} INFO - Started process (PID=2413) to work on /home/airflow/.local/lib/python3.12/site-packages/airflow/example_dags/example_xcomargs.py
[2025-03-31T21:49:49.472+0000] {processor.py:914} INFO - Processing file /home/airflow/.local/lib/python3.12/site-packages/airflow/example_dags/example_xcomargs.py for tasks to queue
[2025-03-31T21:49:49.478+0000] {logging_mixin.py:190} INFO - [2025-03-31T21:49:49.475+0000] {dagbag.py:588} INFO - Filling up the DagBag from /home/airflow/.local/lib/python3.12/site-packages/airflow/example_dags/example_xcomargs.py
[2025-03-31T21:49:49.521+0000] {processor.py:925} INFO - DAG(s) 'example_xcom_args_with_operators', 'example_xcom_args' retrieved from /home/airflow/.local/lib/python3.12/site-packages/airflow/example_dags/example_xcomargs.py
[2025-03-31T21:49:49.631+0000] {logging_mixin.py:190} INFO - [2025-03-31T21:49:49.631+0000] {dag.py:3239} INFO - Sync 2 DAGs
[2025-03-31T21:49:49.669+0000] {logging_mixin.py:190} INFO - [2025-03-31T21:49:49.668+0000] {dag.py:4180} INFO - Setting next_dagrun for example_xcom_args to None, run_after=None
[2025-03-31T21:49:49.675+0000] {logging_mixin.py:190} INFO - [2025-03-31T21:49:49.675+0000] {dag.py:4180} INFO - Setting next_dagrun for example_xcom_args_with_operators to None, run_after=None
[2025-03-31T21:49:49.712+0000] {processor.py:208} INFO - Processing /home/airflow/.local/lib/python3.12/site-packages/airflow/example_dags/example_xcomargs.py took 0.254 seconds
[2025-03-31T21:50:21.674+0000] {processor.py:186} INFO - Started process (PID=2477) to work on /home/airflow/.local/lib/python3.12/site-packages/airflow/example_dags/example_xcomargs.py
[2025-03-31T21:50:21.676+0000] {processor.py:914} INFO - Processing file /home/airflow/.local/lib/python3.12/site-packages/airflow/example_dags/example_xcomargs.py for tasks to queue
[2025-03-31T21:50:21.680+0000] {logging_mixin.py:190} INFO - [2025-03-31T21:50:21.679+0000] {dagbag.py:588} INFO - Filling up the DagBag from /home/airflow/.local/lib/python3.12/site-packages/airflow/example_dags/example_xcomargs.py
[2025-03-31T21:50:21.706+0000] {processor.py:925} INFO - DAG(s) 'example_xcom_args', 'example_xcom_args_with_operators' retrieved from /home/airflow/.local/lib/python3.12/site-packages/airflow/example_dags/example_xcomargs.py
[2025-03-31T21:50:21.762+0000] {logging_mixin.py:190} INFO - [2025-03-31T21:50:21.761+0000] {dag.py:3239} INFO - Sync 2 DAGs
[2025-03-31T21:50:21.805+0000] {logging_mixin.py:190} INFO - [2025-03-31T21:50:21.805+0000] {dag.py:4180} INFO - Setting next_dagrun for example_xcom_args to None, run_after=None
[2025-03-31T21:50:21.815+0000] {logging_mixin.py:190} INFO - [2025-03-31T21:50:21.815+0000] {dag.py:4180} INFO - Setting next_dagrun for example_xcom_args_with_operators to None, run_after=None
[2025-03-31T21:50:21.847+0000] {processor.py:208} INFO - Processing /home/airflow/.local/lib/python3.12/site-packages/airflow/example_dags/example_xcomargs.py took 0.182 seconds
[2025-03-31T21:50:54.943+0000] {processor.py:186} INFO - Started process (PID=2541) to work on /home/airflow/.local/lib/python3.12/site-packages/airflow/example_dags/example_xcomargs.py
[2025-03-31T21:50:54.944+0000] {processor.py:914} INFO - Processing file /home/airflow/.local/lib/python3.12/site-packages/airflow/example_dags/example_xcomargs.py for tasks to queue
[2025-03-31T21:50:54.947+0000] {logging_mixin.py:190} INFO - [2025-03-31T21:50:54.946+0000] {dagbag.py:588} INFO - Filling up the DagBag from /home/airflow/.local/lib/python3.12/site-packages/airflow/example_dags/example_xcomargs.py
[2025-03-31T21:50:54.966+0000] {processor.py:925} INFO - DAG(s) 'example_xcom_args_with_operators', 'example_xcom_args' retrieved from /home/airflow/.local/lib/python3.12/site-packages/airflow/example_dags/example_xcomargs.py
[2025-03-31T21:50:55.006+0000] {logging_mixin.py:190} INFO - [2025-03-31T21:50:55.005+0000] {dag.py:3239} INFO - Sync 2 DAGs
[2025-03-31T21:50:55.037+0000] {logging_mixin.py:190} INFO - [2025-03-31T21:50:55.036+0000] {dag.py:4180} INFO - Setting next_dagrun for example_xcom_args to None, run_after=None
[2025-03-31T21:50:55.044+0000] {logging_mixin.py:190} INFO - [2025-03-31T21:50:55.044+0000] {dag.py:4180} INFO - Setting next_dagrun for example_xcom_args_with_operators to None, run_after=None
[2025-03-31T21:50:55.079+0000] {processor.py:208} INFO - Processing /home/airflow/.local/lib/python3.12/site-packages/airflow/example_dags/example_xcomargs.py took 0.147 seconds
[2025-03-31T21:51:30.759+0000] {processor.py:186} INFO - Started process (PID=2611) to work on /home/airflow/.local/lib/python3.12/site-packages/airflow/example_dags/example_xcomargs.py
[2025-03-31T21:51:30.764+0000] {processor.py:914} INFO - Processing file /home/airflow/.local/lib/python3.12/site-packages/airflow/example_dags/example_xcomargs.py for tasks to queue
[2025-03-31T21:51:30.786+0000] {logging_mixin.py:190} INFO - [2025-03-31T21:51:30.785+0000] {dagbag.py:588} INFO - Filling up the DagBag from /home/airflow/.local/lib/python3.12/site-packages/airflow/example_dags/example_xcomargs.py
[2025-03-31T21:51:30.850+0000] {processor.py:925} INFO - DAG(s) 'example_xcom_args', 'example_xcom_args_with_operators' retrieved from /home/airflow/.local/lib/python3.12/site-packages/airflow/example_dags/example_xcomargs.py
[2025-03-31T21:51:30.986+0000] {logging_mixin.py:190} INFO - [2025-03-31T21:51:30.986+0000] {dag.py:3239} INFO - Sync 2 DAGs
[2025-03-31T21:51:31.132+0000] {logging_mixin.py:190} INFO - [2025-03-31T21:51:31.131+0000] {dag.py:4180} INFO - Setting next_dagrun for example_xcom_args to None, run_after=None
[2025-03-31T21:51:31.160+0000] {logging_mixin.py:190} INFO - [2025-03-31T21:51:31.160+0000] {dag.py:4180} INFO - Setting next_dagrun for example_xcom_args_with_operators to None, run_after=None
[2025-03-31T21:51:31.447+0000] {processor.py:208} INFO - Processing /home/airflow/.local/lib/python3.12/site-packages/airflow/example_dags/example_xcomargs.py took 0.777 seconds
[2025-03-31T21:53:38.085+0000] {processor.py:186} INFO - Started process (PID=2671) to work on /home/airflow/.local/lib/python3.12/site-packages/airflow/example_dags/example_xcomargs.py
[2025-03-31T21:53:38.088+0000] {processor.py:914} INFO - Processing file /home/airflow/.local/lib/python3.12/site-packages/airflow/example_dags/example_xcomargs.py for tasks to queue
[2025-03-31T21:53:38.093+0000] {logging_mixin.py:190} INFO - [2025-03-31T21:53:38.092+0000] {dagbag.py:588} INFO - Filling up the DagBag from /home/airflow/.local/lib/python3.12/site-packages/airflow/example_dags/example_xcomargs.py
[2025-03-31T21:53:38.123+0000] {processor.py:925} INFO - DAG(s) 'example_xcom_args', 'example_xcom_args_with_operators' retrieved from /home/airflow/.local/lib/python3.12/site-packages/airflow/example_dags/example_xcomargs.py
[2025-03-31T21:53:38.184+0000] {logging_mixin.py:190} INFO - [2025-03-31T21:53:38.184+0000] {dag.py:3239} INFO - Sync 2 DAGs
[2025-03-31T21:53:38.227+0000] {logging_mixin.py:190} INFO - [2025-03-31T21:53:38.226+0000] {dag.py:4180} INFO - Setting next_dagrun for example_xcom_args to None, run_after=None
[2025-03-31T21:53:38.254+0000] {logging_mixin.py:190} INFO - [2025-03-31T21:53:38.253+0000] {dag.py:4180} INFO - Setting next_dagrun for example_xcom_args_with_operators to None, run_after=None
[2025-03-31T21:53:38.341+0000] {processor.py:208} INFO - Processing /home/airflow/.local/lib/python3.12/site-packages/airflow/example_dags/example_xcomargs.py took 0.269 seconds
[2025-03-31T21:55:19.461+0000] {processor.py:186} INFO - Started process (PID=2745) to work on /home/airflow/.local/lib/python3.12/site-packages/airflow/example_dags/example_xcomargs.py
[2025-03-31T21:55:19.464+0000] {processor.py:914} INFO - Processing file /home/airflow/.local/lib/python3.12/site-packages/airflow/example_dags/example_xcomargs.py for tasks to queue
[2025-03-31T21:55:19.467+0000] {logging_mixin.py:190} INFO - [2025-03-31T21:55:19.466+0000] {dagbag.py:588} INFO - Filling up the DagBag from /home/airflow/.local/lib/python3.12/site-packages/airflow/example_dags/example_xcomargs.py
[2025-03-31T21:55:19.498+0000] {processor.py:925} INFO - DAG(s) 'example_xcom_args', 'example_xcom_args_with_operators' retrieved from /home/airflow/.local/lib/python3.12/site-packages/airflow/example_dags/example_xcomargs.py
[2025-03-31T21:55:19.551+0000] {logging_mixin.py:190} INFO - [2025-03-31T21:55:19.550+0000] {dag.py:3239} INFO - Sync 2 DAGs
[2025-03-31T21:55:19.601+0000] {logging_mixin.py:190} INFO - [2025-03-31T21:55:19.601+0000] {dag.py:4180} INFO - Setting next_dagrun for example_xcom_args to None, run_after=None
[2025-03-31T21:55:19.609+0000] {logging_mixin.py:190} INFO - [2025-03-31T21:55:19.608+0000] {dag.py:4180} INFO - Setting next_dagrun for example_xcom_args_with_operators to None, run_after=None
[2025-03-31T21:55:19.644+0000] {processor.py:208} INFO - Processing /home/airflow/.local/lib/python3.12/site-packages/airflow/example_dags/example_xcomargs.py took 0.195 seconds
[2025-03-31T21:55:55.834+0000] {processor.py:186} INFO - Started process (PID=2809) to work on /home/airflow/.local/lib/python3.12/site-packages/airflow/example_dags/example_xcomargs.py
[2025-03-31T21:55:55.839+0000] {processor.py:914} INFO - Processing file /home/airflow/.local/lib/python3.12/site-packages/airflow/example_dags/example_xcomargs.py for tasks to queue
[2025-03-31T21:55:55.842+0000] {logging_mixin.py:190} INFO - [2025-03-31T21:55:55.841+0000] {dagbag.py:588} INFO - Filling up the DagBag from /home/airflow/.local/lib/python3.12/site-packages/airflow/example_dags/example_xcomargs.py
[2025-03-31T21:55:55.876+0000] {processor.py:925} INFO - DAG(s) 'example_xcom_args', 'example_xcom_args_with_operators' retrieved from /home/airflow/.local/lib/python3.12/site-packages/airflow/example_dags/example_xcomargs.py
[2025-03-31T21:55:55.963+0000] {logging_mixin.py:190} INFO - [2025-03-31T21:55:55.962+0000] {dag.py:3239} INFO - Sync 2 DAGs
[2025-03-31T21:55:56.008+0000] {logging_mixin.py:190} INFO - [2025-03-31T21:55:56.007+0000] {dag.py:4180} INFO - Setting next_dagrun for example_xcom_args to None, run_after=None
[2025-03-31T21:55:56.039+0000] {logging_mixin.py:190} INFO - [2025-03-31T21:55:56.038+0000] {dag.py:4180} INFO - Setting next_dagrun for example_xcom_args_with_operators to None, run_after=None
[2025-03-31T21:55:56.088+0000] {processor.py:208} INFO - Processing /home/airflow/.local/lib/python3.12/site-packages/airflow/example_dags/example_xcomargs.py took 0.265 seconds
[2025-03-31T21:57:17.197+0000] {processor.py:186} INFO - Started process (PID=2889) to work on /home/airflow/.local/lib/python3.12/site-packages/airflow/example_dags/example_xcomargs.py
[2025-03-31T21:57:17.230+0000] {processor.py:914} INFO - Processing file /home/airflow/.local/lib/python3.12/site-packages/airflow/example_dags/example_xcomargs.py for tasks to queue
[2025-03-31T21:57:17.241+0000] {logging_mixin.py:190} INFO - [2025-03-31T21:57:17.240+0000] {dagbag.py:588} INFO - Filling up the DagBag from /home/airflow/.local/lib/python3.12/site-packages/airflow/example_dags/example_xcomargs.py
[2025-03-31T21:57:17.276+0000] {processor.py:925} INFO - DAG(s) 'example_xcom_args', 'example_xcom_args_with_operators' retrieved from /home/airflow/.local/lib/python3.12/site-packages/airflow/example_dags/example_xcomargs.py
[2025-03-31T21:57:17.349+0000] {logging_mixin.py:190} INFO - [2025-03-31T21:57:17.349+0000] {dag.py:3239} INFO - Sync 2 DAGs
[2025-03-31T21:57:17.386+0000] {logging_mixin.py:190} INFO - [2025-03-31T21:57:17.386+0000] {dag.py:4180} INFO - Setting next_dagrun for example_xcom_args to None, run_after=None
[2025-03-31T21:57:17.397+0000] {logging_mixin.py:190} INFO - [2025-03-31T21:57:17.397+0000] {dag.py:4180} INFO - Setting next_dagrun for example_xcom_args_with_operators to None, run_after=None
[2025-03-31T21:57:17.443+0000] {processor.py:208} INFO - Processing /home/airflow/.local/lib/python3.12/site-packages/airflow/example_dags/example_xcomargs.py took 0.257 seconds
[2025-03-31T21:57:49.797+0000] {processor.py:186} INFO - Started process (PID=2953) to work on /home/airflow/.local/lib/python3.12/site-packages/airflow/example_dags/example_xcomargs.py
[2025-03-31T21:57:49.799+0000] {processor.py:914} INFO - Processing file /home/airflow/.local/lib/python3.12/site-packages/airflow/example_dags/example_xcomargs.py for tasks to queue
[2025-03-31T21:57:49.802+0000] {logging_mixin.py:190} INFO - [2025-03-31T21:57:49.802+0000] {dagbag.py:588} INFO - Filling up the DagBag from /home/airflow/.local/lib/python3.12/site-packages/airflow/example_dags/example_xcomargs.py
[2025-03-31T21:57:49.838+0000] {processor.py:925} INFO - DAG(s) 'example_xcom_args', 'example_xcom_args_with_operators' retrieved from /home/airflow/.local/lib/python3.12/site-packages/airflow/example_dags/example_xcomargs.py
[2025-03-31T21:57:49.891+0000] {logging_mixin.py:190} INFO - [2025-03-31T21:57:49.890+0000] {dag.py:3239} INFO - Sync 2 DAGs
[2025-03-31T21:57:49.935+0000] {logging_mixin.py:190} INFO - [2025-03-31T21:57:49.934+0000] {dag.py:4180} INFO - Setting next_dagrun for example_xcom_args to None, run_after=None
[2025-03-31T21:57:49.946+0000] {logging_mixin.py:190} INFO - [2025-03-31T21:57:49.946+0000] {dag.py:4180} INFO - Setting next_dagrun for example_xcom_args_with_operators to None, run_after=None
[2025-03-31T21:57:49.996+0000] {processor.py:208} INFO - Processing /home/airflow/.local/lib/python3.12/site-packages/airflow/example_dags/example_xcomargs.py took 0.213 seconds
[2025-03-31T21:58:23.682+0000] {processor.py:186} INFO - Started process (PID=3018) to work on /home/airflow/.local/lib/python3.12/site-packages/airflow/example_dags/example_xcomargs.py
[2025-03-31T21:58:23.686+0000] {processor.py:914} INFO - Processing file /home/airflow/.local/lib/python3.12/site-packages/airflow/example_dags/example_xcomargs.py for tasks to queue
[2025-03-31T21:58:23.698+0000] {logging_mixin.py:190} INFO - [2025-03-31T21:58:23.693+0000] {dagbag.py:588} INFO - Filling up the DagBag from /home/airflow/.local/lib/python3.12/site-packages/airflow/example_dags/example_xcomargs.py
[2025-03-31T21:58:23.804+0000] {processor.py:925} INFO - DAG(s) 'example_xcom_args', 'example_xcom_args_with_operators' retrieved from /home/airflow/.local/lib/python3.12/site-packages/airflow/example_dags/example_xcomargs.py
[2025-03-31T21:58:24.012+0000] {logging_mixin.py:190} INFO - [2025-03-31T21:58:24.011+0000] {dag.py:3239} INFO - Sync 2 DAGs
[2025-03-31T21:58:24.151+0000] {logging_mixin.py:190} INFO - [2025-03-31T21:58:24.150+0000] {dag.py:4180} INFO - Setting next_dagrun for example_xcom_args to None, run_after=None
[2025-03-31T21:58:24.183+0000] {logging_mixin.py:190} INFO - [2025-03-31T21:58:24.180+0000] {dag.py:4180} INFO - Setting next_dagrun for example_xcom_args_with_operators to None, run_after=None
[2025-03-31T21:58:24.261+0000] {processor.py:208} INFO - Processing /home/airflow/.local/lib/python3.12/site-packages/airflow/example_dags/example_xcomargs.py took 0.664 seconds
[2025-03-31T21:59:14.111+0000] {processor.py:186} INFO - Started process (PID=3087) to work on /home/airflow/.local/lib/python3.12/site-packages/airflow/example_dags/example_xcomargs.py
[2025-03-31T21:59:14.114+0000] {processor.py:914} INFO - Processing file /home/airflow/.local/lib/python3.12/site-packages/airflow/example_dags/example_xcomargs.py for tasks to queue
[2025-03-31T21:59:14.120+0000] {logging_mixin.py:190} INFO - [2025-03-31T21:59:14.119+0000] {dagbag.py:588} INFO - Filling up the DagBag from /home/airflow/.local/lib/python3.12/site-packages/airflow/example_dags/example_xcomargs.py
[2025-03-31T21:59:14.155+0000] {processor.py:925} INFO - DAG(s) 'example_xcom_args', 'example_xcom_args_with_operators' retrieved from /home/airflow/.local/lib/python3.12/site-packages/airflow/example_dags/example_xcomargs.py
[2025-03-31T21:59:14.329+0000] {logging_mixin.py:190} INFO - [2025-03-31T21:59:14.329+0000] {dag.py:3239} INFO - Sync 2 DAGs
[2025-03-31T21:59:14.384+0000] {logging_mixin.py:190} INFO - [2025-03-31T21:59:14.383+0000] {dag.py:4180} INFO - Setting next_dagrun for example_xcom_args to None, run_after=None
[2025-03-31T21:59:14.415+0000] {logging_mixin.py:190} INFO - [2025-03-31T21:59:14.415+0000] {dag.py:4180} INFO - Setting next_dagrun for example_xcom_args_with_operators to None, run_after=None
[2025-03-31T21:59:14.499+0000] {processor.py:208} INFO - Processing /home/airflow/.local/lib/python3.12/site-packages/airflow/example_dags/example_xcomargs.py took 0.403 seconds
[2025-03-31T21:59:45.468+0000] {processor.py:186} INFO - Started process (PID=3151) to work on /home/airflow/.local/lib/python3.12/site-packages/airflow/example_dags/example_xcomargs.py
[2025-03-31T21:59:45.475+0000] {processor.py:914} INFO - Processing file /home/airflow/.local/lib/python3.12/site-packages/airflow/example_dags/example_xcomargs.py for tasks to queue
[2025-03-31T21:59:45.493+0000] {logging_mixin.py:190} INFO - [2025-03-31T21:59:45.492+0000] {dagbag.py:588} INFO - Filling up the DagBag from /home/airflow/.local/lib/python3.12/site-packages/airflow/example_dags/example_xcomargs.py
[2025-03-31T21:59:45.547+0000] {processor.py:925} INFO - DAG(s) 'example_xcom_args_with_operators', 'example_xcom_args' retrieved from /home/airflow/.local/lib/python3.12/site-packages/airflow/example_dags/example_xcomargs.py
[2025-03-31T21:59:45.657+0000] {logging_mixin.py:190} INFO - [2025-03-31T21:59:45.657+0000] {dag.py:3239} INFO - Sync 2 DAGs
[2025-03-31T21:59:45.703+0000] {logging_mixin.py:190} INFO - [2025-03-31T21:59:45.702+0000] {dag.py:4180} INFO - Setting next_dagrun for example_xcom_args to None, run_after=None
[2025-03-31T21:59:45.713+0000] {logging_mixin.py:190} INFO - [2025-03-31T21:59:45.712+0000] {dag.py:4180} INFO - Setting next_dagrun for example_xcom_args_with_operators to None, run_after=None
[2025-03-31T21:59:45.754+0000] {processor.py:208} INFO - Processing /home/airflow/.local/lib/python3.12/site-packages/airflow/example_dags/example_xcomargs.py took 0.321 seconds
[2025-03-31T22:00:16.310+0000] {processor.py:186} INFO - Started process (PID=3214) to work on /home/airflow/.local/lib/python3.12/site-packages/airflow/example_dags/example_xcomargs.py
[2025-03-31T22:00:16.323+0000] {processor.py:914} INFO - Processing file /home/airflow/.local/lib/python3.12/site-packages/airflow/example_dags/example_xcomargs.py for tasks to queue
[2025-03-31T22:00:16.330+0000] {logging_mixin.py:190} INFO - [2025-03-31T22:00:16.330+0000] {dagbag.py:588} INFO - Filling up the DagBag from /home/airflow/.local/lib/python3.12/site-packages/airflow/example_dags/example_xcomargs.py
[2025-03-31T22:00:16.360+0000] {processor.py:925} INFO - DAG(s) 'example_xcom_args_with_operators', 'example_xcom_args' retrieved from /home/airflow/.local/lib/python3.12/site-packages/airflow/example_dags/example_xcomargs.py
[2025-03-31T22:00:16.430+0000] {logging_mixin.py:190} INFO - [2025-03-31T22:00:16.430+0000] {dag.py:3239} INFO - Sync 2 DAGs
[2025-03-31T22:00:16.486+0000] {logging_mixin.py:190} INFO - [2025-03-31T22:00:16.486+0000] {dag.py:4180} INFO - Setting next_dagrun for example_xcom_args to None, run_after=None
[2025-03-31T22:00:16.496+0000] {logging_mixin.py:190} INFO - [2025-03-31T22:00:16.496+0000] {dag.py:4180} INFO - Setting next_dagrun for example_xcom_args_with_operators to None, run_after=None
[2025-03-31T22:00:16.528+0000] {processor.py:208} INFO - Processing /home/airflow/.local/lib/python3.12/site-packages/airflow/example_dags/example_xcomargs.py took 0.231 seconds
[2025-03-31T22:00:47.824+0000] {processor.py:186} INFO - Started process (PID=3278) to work on /home/airflow/.local/lib/python3.12/site-packages/airflow/example_dags/example_xcomargs.py
[2025-03-31T22:00:47.826+0000] {processor.py:914} INFO - Processing file /home/airflow/.local/lib/python3.12/site-packages/airflow/example_dags/example_xcomargs.py for tasks to queue
[2025-03-31T22:00:47.836+0000] {logging_mixin.py:190} INFO - [2025-03-31T22:00:47.835+0000] {dagbag.py:588} INFO - Filling up the DagBag from /home/airflow/.local/lib/python3.12/site-packages/airflow/example_dags/example_xcomargs.py
[2025-03-31T22:00:47.862+0000] {processor.py:925} INFO - DAG(s) 'example_xcom_args', 'example_xcom_args_with_operators' retrieved from /home/airflow/.local/lib/python3.12/site-packages/airflow/example_dags/example_xcomargs.py
[2025-03-31T22:00:47.928+0000] {logging_mixin.py:190} INFO - [2025-03-31T22:00:47.927+0000] {dag.py:3239} INFO - Sync 2 DAGs
[2025-03-31T22:00:47.963+0000] {logging_mixin.py:190} INFO - [2025-03-31T22:00:47.963+0000] {dag.py:4180} INFO - Setting next_dagrun for example_xcom_args to None, run_after=None
[2025-03-31T22:00:47.975+0000] {logging_mixin.py:190} INFO - [2025-03-31T22:00:47.974+0000] {dag.py:4180} INFO - Setting next_dagrun for example_xcom_args_with_operators to None, run_after=None
[2025-03-31T22:00:48.015+0000] {processor.py:208} INFO - Processing /home/airflow/.local/lib/python3.12/site-packages/airflow/example_dags/example_xcomargs.py took 0.206 seconds
