[2025-03-31T21:22:07.456+0000] {processor.py:186} INFO - Started process (PID=127) to work on /home/airflow/.local/lib/python3.12/site-packages/airflow/example_dags/example_branch_python_dop_operator_3.py
[2025-03-31T21:22:07.468+0000] {processor.py:914} INFO - Processing file /home/airflow/.local/lib/python3.12/site-packages/airflow/example_dags/example_branch_python_dop_operator_3.py for tasks to queue
[2025-03-31T21:22:07.481+0000] {logging_mixin.py:190} INFO - [2025-03-31T21:22:07.480+0000] {dagbag.py:588} INFO - Filling up the DagBag from /home/airflow/.local/lib/python3.12/site-packages/airflow/example_dags/example_branch_python_dop_operator_3.py
[2025-03-31T21:22:07.548+0000] {processor.py:925} INFO - DAG(s) 'example_branch_dop_operator_v3' retrieved from /home/airflow/.local/lib/python3.12/site-packages/airflow/example_dags/example_branch_python_dop_operator_3.py
[2025-03-31T21:22:07.942+0000] {logging_mixin.py:190} INFO - [2025-03-31T21:22:07.941+0000] {override.py:1912} INFO - Created Permission View: can edit on DAG:example_branch_dop_operator_v3
[2025-03-31T21:22:07.992+0000] {logging_mixin.py:190} INFO - [2025-03-31T21:22:07.992+0000] {override.py:1912} INFO - Created Permission View: can delete on DAG:example_branch_dop_operator_v3
[2025-03-31T21:22:08.035+0000] {logging_mixin.py:190} INFO - [2025-03-31T21:22:08.034+0000] {override.py:1912} INFO - Created Permission View: can read on DAG:example_branch_dop_operator_v3
[2025-03-31T21:22:08.098+0000] {logging_mixin.py:190} INFO - [2025-03-31T21:22:08.097+0000] {override.py:1912} INFO - Created Permission View: menu access on DAG Run:example_branch_dop_operator_v3
[2025-03-31T21:22:08.121+0000] {logging_mixin.py:190} INFO - [2025-03-31T21:22:08.121+0000] {override.py:1912} INFO - Created Permission View: can delete on DAG Run:example_branch_dop_operator_v3
[2025-03-31T21:22:08.146+0000] {logging_mixin.py:190} INFO - [2025-03-31T21:22:08.146+0000] {override.py:1912} INFO - Created Permission View: can read on DAG Run:example_branch_dop_operator_v3
[2025-03-31T21:22:08.175+0000] {logging_mixin.py:190} INFO - [2025-03-31T21:22:08.174+0000] {override.py:1912} INFO - Created Permission View: can create on DAG Run:example_branch_dop_operator_v3
[2025-03-31T21:22:08.178+0000] {logging_mixin.py:190} INFO - [2025-03-31T21:22:08.175+0000] {dag.py:3239} INFO - Sync 1 DAGs
[2025-03-31T21:22:08.211+0000] {logging_mixin.py:190} INFO - [2025-03-31T21:22:08.211+0000] {dag.py:3262} INFO - Creating ORM DAG for example_branch_dop_operator_v3
[2025-03-31T21:22:08.269+0000] {logging_mixin.py:190} INFO - [2025-03-31T21:22:08.269+0000] {dag.py:4180} INFO - Setting next_dagrun for example_branch_dop_operator_v3 to 2025-03-31 21:21:00+00:00, run_after=2025-03-31 21:22:00+00:00
[2025-03-31T21:22:08.343+0000] {processor.py:208} INFO - Processing /home/airflow/.local/lib/python3.12/site-packages/airflow/example_dags/example_branch_python_dop_operator_3.py took 0.900 seconds
[2025-03-31T21:22:44.616+0000] {processor.py:186} INFO - Started process (PID=199) to work on /home/airflow/.local/lib/python3.12/site-packages/airflow/example_dags/example_branch_python_dop_operator_3.py
[2025-03-31T21:22:44.618+0000] {processor.py:914} INFO - Processing file /home/airflow/.local/lib/python3.12/site-packages/airflow/example_dags/example_branch_python_dop_operator_3.py for tasks to queue
[2025-03-31T21:22:44.623+0000] {logging_mixin.py:190} INFO - [2025-03-31T21:22:44.622+0000] {dagbag.py:588} INFO - Filling up the DagBag from /home/airflow/.local/lib/python3.12/site-packages/airflow/example_dags/example_branch_python_dop_operator_3.py
[2025-03-31T21:22:44.642+0000] {processor.py:925} INFO - DAG(s) 'example_branch_dop_operator_v3' retrieved from /home/airflow/.local/lib/python3.12/site-packages/airflow/example_dags/example_branch_python_dop_operator_3.py
[2025-03-31T21:22:44.683+0000] {logging_mixin.py:190} INFO - [2025-03-31T21:22:44.682+0000] {dag.py:3239} INFO - Sync 1 DAGs
[2025-03-31T21:22:44.733+0000] {logging_mixin.py:190} INFO - [2025-03-31T21:22:44.733+0000] {dag.py:4180} INFO - Setting next_dagrun for example_branch_dop_operator_v3 to 2025-03-31 21:21:00+00:00, run_after=2025-03-31 21:22:00+00:00
[2025-03-31T21:22:44.772+0000] {processor.py:208} INFO - Processing /home/airflow/.local/lib/python3.12/site-packages/airflow/example_dags/example_branch_python_dop_operator_3.py took 0.167 seconds
[2025-03-31T21:23:21.067+0000] {processor.py:186} INFO - Started process (PID=268) to work on /home/airflow/.local/lib/python3.12/site-packages/airflow/example_dags/example_branch_python_dop_operator_3.py
[2025-03-31T21:23:21.069+0000] {processor.py:914} INFO - Processing file /home/airflow/.local/lib/python3.12/site-packages/airflow/example_dags/example_branch_python_dop_operator_3.py for tasks to queue
[2025-03-31T21:23:21.075+0000] {logging_mixin.py:190} INFO - [2025-03-31T21:23:21.074+0000] {dagbag.py:588} INFO - Filling up the DagBag from /home/airflow/.local/lib/python3.12/site-packages/airflow/example_dags/example_branch_python_dop_operator_3.py
[2025-03-31T21:23:21.100+0000] {processor.py:925} INFO - DAG(s) 'example_branch_dop_operator_v3' retrieved from /home/airflow/.local/lib/python3.12/site-packages/airflow/example_dags/example_branch_python_dop_operator_3.py
[2025-03-31T21:23:21.194+0000] {logging_mixin.py:190} INFO - [2025-03-31T21:23:21.193+0000] {dag.py:3239} INFO - Sync 1 DAGs
[2025-03-31T21:23:21.306+0000] {logging_mixin.py:190} INFO - [2025-03-31T21:23:21.306+0000] {dag.py:4180} INFO - Setting next_dagrun for example_branch_dop_operator_v3 to 2025-03-31 21:22:00+00:00, run_after=2025-03-31 21:23:00+00:00
[2025-03-31T21:23:21.383+0000] {processor.py:208} INFO - Processing /home/airflow/.local/lib/python3.12/site-packages/airflow/example_dags/example_branch_python_dop_operator_3.py took 0.328 seconds
[2025-03-31T21:23:52.376+0000] {processor.py:186} INFO - Started process (PID=330) to work on /home/airflow/.local/lib/python3.12/site-packages/airflow/example_dags/example_branch_python_dop_operator_3.py
[2025-03-31T21:23:52.381+0000] {processor.py:914} INFO - Processing file /home/airflow/.local/lib/python3.12/site-packages/airflow/example_dags/example_branch_python_dop_operator_3.py for tasks to queue
[2025-03-31T21:23:52.392+0000] {logging_mixin.py:190} INFO - [2025-03-31T21:23:52.391+0000] {dagbag.py:588} INFO - Filling up the DagBag from /home/airflow/.local/lib/python3.12/site-packages/airflow/example_dags/example_branch_python_dop_operator_3.py
[2025-03-31T21:23:52.442+0000] {processor.py:925} INFO - DAG(s) 'example_branch_dop_operator_v3' retrieved from /home/airflow/.local/lib/python3.12/site-packages/airflow/example_dags/example_branch_python_dop_operator_3.py
[2025-03-31T21:23:52.532+0000] {logging_mixin.py:190} INFO - [2025-03-31T21:23:52.532+0000] {dag.py:3239} INFO - Sync 1 DAGs
[2025-03-31T21:23:52.700+0000] {logging_mixin.py:190} INFO - [2025-03-31T21:23:52.700+0000] {dag.py:4180} INFO - Setting next_dagrun for example_branch_dop_operator_v3 to 2025-03-31 21:22:00+00:00, run_after=2025-03-31 21:23:00+00:00
[2025-03-31T21:23:52.812+0000] {processor.py:208} INFO - Processing /home/airflow/.local/lib/python3.12/site-packages/airflow/example_dags/example_branch_python_dop_operator_3.py took 0.463 seconds
[2025-03-31T21:24:23.909+0000] {processor.py:186} INFO - Started process (PID=392) to work on /home/airflow/.local/lib/python3.12/site-packages/airflow/example_dags/example_branch_python_dop_operator_3.py
[2025-03-31T21:24:23.918+0000] {processor.py:914} INFO - Processing file /home/airflow/.local/lib/python3.12/site-packages/airflow/example_dags/example_branch_python_dop_operator_3.py for tasks to queue
[2025-03-31T21:24:23.951+0000] {logging_mixin.py:190} INFO - [2025-03-31T21:24:23.949+0000] {dagbag.py:588} INFO - Filling up the DagBag from /home/airflow/.local/lib/python3.12/site-packages/airflow/example_dags/example_branch_python_dop_operator_3.py
[2025-03-31T21:24:24.020+0000] {processor.py:925} INFO - DAG(s) 'example_branch_dop_operator_v3' retrieved from /home/airflow/.local/lib/python3.12/site-packages/airflow/example_dags/example_branch_python_dop_operator_3.py
[2025-03-31T21:24:24.234+0000] {logging_mixin.py:190} INFO - [2025-03-31T21:24:24.233+0000] {dag.py:3239} INFO - Sync 1 DAGs
[2025-03-31T21:24:24.374+0000] {logging_mixin.py:190} INFO - [2025-03-31T21:24:24.374+0000] {dag.py:4180} INFO - Setting next_dagrun for example_branch_dop_operator_v3 to 2025-03-31 21:23:00+00:00, run_after=2025-03-31 21:24:00+00:00
[2025-03-31T21:24:24.483+0000] {processor.py:208} INFO - Processing /home/airflow/.local/lib/python3.12/site-packages/airflow/example_dags/example_branch_python_dop_operator_3.py took 0.593 seconds
[2025-03-31T21:24:54.571+0000] {processor.py:186} INFO - Started process (PID=454) to work on /home/airflow/.local/lib/python3.12/site-packages/airflow/example_dags/example_branch_python_dop_operator_3.py
[2025-03-31T21:24:54.572+0000] {processor.py:914} INFO - Processing file /home/airflow/.local/lib/python3.12/site-packages/airflow/example_dags/example_branch_python_dop_operator_3.py for tasks to queue
[2025-03-31T21:24:54.577+0000] {logging_mixin.py:190} INFO - [2025-03-31T21:24:54.577+0000] {dagbag.py:588} INFO - Filling up the DagBag from /home/airflow/.local/lib/python3.12/site-packages/airflow/example_dags/example_branch_python_dop_operator_3.py
[2025-03-31T21:24:54.598+0000] {processor.py:925} INFO - DAG(s) 'example_branch_dop_operator_v3' retrieved from /home/airflow/.local/lib/python3.12/site-packages/airflow/example_dags/example_branch_python_dop_operator_3.py
[2025-03-31T21:24:54.632+0000] {logging_mixin.py:190} INFO - [2025-03-31T21:24:54.632+0000] {dag.py:3239} INFO - Sync 1 DAGs
[2025-03-31T21:24:54.691+0000] {logging_mixin.py:190} INFO - [2025-03-31T21:24:54.691+0000] {dag.py:4180} INFO - Setting next_dagrun for example_branch_dop_operator_v3 to 2025-03-31 21:23:00+00:00, run_after=2025-03-31 21:24:00+00:00
[2025-03-31T21:24:54.730+0000] {processor.py:208} INFO - Processing /home/airflow/.local/lib/python3.12/site-packages/airflow/example_dags/example_branch_python_dop_operator_3.py took 0.169 seconds
[2025-03-31T21:26:52.474+0000] {processor.py:186} INFO - Started process (PID=542) to work on /home/airflow/.local/lib/python3.12/site-packages/airflow/example_dags/example_branch_python_dop_operator_3.py
[2025-03-31T21:26:52.482+0000] {processor.py:914} INFO - Processing file /home/airflow/.local/lib/python3.12/site-packages/airflow/example_dags/example_branch_python_dop_operator_3.py for tasks to queue
[2025-03-31T21:26:52.494+0000] {logging_mixin.py:190} INFO - [2025-03-31T21:26:52.486+0000] {dagbag.py:588} INFO - Filling up the DagBag from /home/airflow/.local/lib/python3.12/site-packages/airflow/example_dags/example_branch_python_dop_operator_3.py
[2025-03-31T21:26:52.561+0000] {processor.py:925} INFO - DAG(s) 'example_branch_dop_operator_v3' retrieved from /home/airflow/.local/lib/python3.12/site-packages/airflow/example_dags/example_branch_python_dop_operator_3.py
[2025-03-31T21:26:52.625+0000] {logging_mixin.py:190} INFO - [2025-03-31T21:26:52.624+0000] {dag.py:3239} INFO - Sync 1 DAGs
[2025-03-31T21:26:52.777+0000] {logging_mixin.py:190} INFO - [2025-03-31T21:26:52.775+0000] {dag.py:4180} INFO - Setting next_dagrun for example_branch_dop_operator_v3 to 2025-03-31 21:25:00+00:00, run_after=2025-03-31 21:26:00+00:00
[2025-03-31T21:26:52.849+0000] {processor.py:208} INFO - Processing /home/airflow/.local/lib/python3.12/site-packages/airflow/example_dags/example_branch_python_dop_operator_3.py took 0.417 seconds
[2025-03-31T21:27:24.852+0000] {processor.py:186} INFO - Started process (PID=605) to work on /home/airflow/.local/lib/python3.12/site-packages/airflow/example_dags/example_branch_python_dop_operator_3.py
[2025-03-31T21:27:24.853+0000] {processor.py:914} INFO - Processing file /home/airflow/.local/lib/python3.12/site-packages/airflow/example_dags/example_branch_python_dop_operator_3.py for tasks to queue
[2025-03-31T21:27:24.856+0000] {logging_mixin.py:190} INFO - [2025-03-31T21:27:24.855+0000] {dagbag.py:588} INFO - Filling up the DagBag from /home/airflow/.local/lib/python3.12/site-packages/airflow/example_dags/example_branch_python_dop_operator_3.py
[2025-03-31T21:27:24.877+0000] {processor.py:925} INFO - DAG(s) 'example_branch_dop_operator_v3' retrieved from /home/airflow/.local/lib/python3.12/site-packages/airflow/example_dags/example_branch_python_dop_operator_3.py
[2025-03-31T21:27:24.923+0000] {logging_mixin.py:190} INFO - [2025-03-31T21:27:24.923+0000] {dag.py:3239} INFO - Sync 1 DAGs
[2025-03-31T21:27:24.970+0000] {logging_mixin.py:190} INFO - [2025-03-31T21:27:24.970+0000] {dag.py:4180} INFO - Setting next_dagrun for example_branch_dop_operator_v3 to 2025-03-31 21:26:00+00:00, run_after=2025-03-31 21:27:00+00:00
[2025-03-31T21:27:25.004+0000] {processor.py:208} INFO - Processing /home/airflow/.local/lib/python3.12/site-packages/airflow/example_dags/example_branch_python_dop_operator_3.py took 0.162 seconds
[2025-03-31T21:27:56.725+0000] {processor.py:186} INFO - Started process (PID=670) to work on /home/airflow/.local/lib/python3.12/site-packages/airflow/example_dags/example_branch_python_dop_operator_3.py
[2025-03-31T21:27:56.726+0000] {processor.py:914} INFO - Processing file /home/airflow/.local/lib/python3.12/site-packages/airflow/example_dags/example_branch_python_dop_operator_3.py for tasks to queue
[2025-03-31T21:27:56.729+0000] {logging_mixin.py:190} INFO - [2025-03-31T21:27:56.728+0000] {dagbag.py:588} INFO - Filling up the DagBag from /home/airflow/.local/lib/python3.12/site-packages/airflow/example_dags/example_branch_python_dop_operator_3.py
[2025-03-31T21:27:56.750+0000] {processor.py:925} INFO - DAG(s) 'example_branch_dop_operator_v3' retrieved from /home/airflow/.local/lib/python3.12/site-packages/airflow/example_dags/example_branch_python_dop_operator_3.py
[2025-03-31T21:27:56.846+0000] {logging_mixin.py:190} INFO - [2025-03-31T21:27:56.846+0000] {dag.py:3239} INFO - Sync 1 DAGs
[2025-03-31T21:27:56.953+0000] {logging_mixin.py:190} INFO - [2025-03-31T21:27:56.952+0000] {dag.py:4180} INFO - Setting next_dagrun for example_branch_dop_operator_v3 to 2025-03-31 21:26:00+00:00, run_after=2025-03-31 21:27:00+00:00
[2025-03-31T21:27:56.988+0000] {processor.py:208} INFO - Processing /home/airflow/.local/lib/python3.12/site-packages/airflow/example_dags/example_branch_python_dop_operator_3.py took 0.277 seconds
[2025-03-31T21:28:28.890+0000] {processor.py:186} INFO - Started process (PID=735) to work on /home/airflow/.local/lib/python3.12/site-packages/airflow/example_dags/example_branch_python_dop_operator_3.py
[2025-03-31T21:28:28.893+0000] {processor.py:914} INFO - Processing file /home/airflow/.local/lib/python3.12/site-packages/airflow/example_dags/example_branch_python_dop_operator_3.py for tasks to queue
[2025-03-31T21:28:28.898+0000] {logging_mixin.py:190} INFO - [2025-03-31T21:28:28.897+0000] {dagbag.py:588} INFO - Filling up the DagBag from /home/airflow/.local/lib/python3.12/site-packages/airflow/example_dags/example_branch_python_dop_operator_3.py
[2025-03-31T21:28:28.926+0000] {processor.py:925} INFO - DAG(s) 'example_branch_dop_operator_v3' retrieved from /home/airflow/.local/lib/python3.12/site-packages/airflow/example_dags/example_branch_python_dop_operator_3.py
[2025-03-31T21:28:28.977+0000] {logging_mixin.py:190} INFO - [2025-03-31T21:28:28.977+0000] {dag.py:3239} INFO - Sync 1 DAGs
[2025-03-31T21:28:29.074+0000] {logging_mixin.py:190} INFO - [2025-03-31T21:28:29.073+0000] {dag.py:4180} INFO - Setting next_dagrun for example_branch_dop_operator_v3 to 2025-03-31 21:27:00+00:00, run_after=2025-03-31 21:28:00+00:00
[2025-03-31T21:28:29.132+0000] {processor.py:208} INFO - Processing /home/airflow/.local/lib/python3.12/site-packages/airflow/example_dags/example_branch_python_dop_operator_3.py took 0.253 seconds
[2025-03-31T21:29:00.501+0000] {processor.py:186} INFO - Started process (PID=798) to work on /home/airflow/.local/lib/python3.12/site-packages/airflow/example_dags/example_branch_python_dop_operator_3.py
[2025-03-31T21:29:00.519+0000] {processor.py:914} INFO - Processing file /home/airflow/.local/lib/python3.12/site-packages/airflow/example_dags/example_branch_python_dop_operator_3.py for tasks to queue
[2025-03-31T21:29:00.522+0000] {logging_mixin.py:190} INFO - [2025-03-31T21:29:00.521+0000] {dagbag.py:588} INFO - Filling up the DagBag from /home/airflow/.local/lib/python3.12/site-packages/airflow/example_dags/example_branch_python_dop_operator_3.py
[2025-03-31T21:29:00.541+0000] {processor.py:925} INFO - DAG(s) 'example_branch_dop_operator_v3' retrieved from /home/airflow/.local/lib/python3.12/site-packages/airflow/example_dags/example_branch_python_dop_operator_3.py
[2025-03-31T21:29:00.572+0000] {logging_mixin.py:190} INFO - [2025-03-31T21:29:00.572+0000] {dag.py:3239} INFO - Sync 1 DAGs
[2025-03-31T21:29:00.631+0000] {logging_mixin.py:190} INFO - [2025-03-31T21:29:00.631+0000] {dag.py:4180} INFO - Setting next_dagrun for example_branch_dop_operator_v3 to 2025-03-31 21:28:00+00:00, run_after=2025-03-31 21:29:00+00:00
[2025-03-31T21:29:00.668+0000] {processor.py:208} INFO - Processing /home/airflow/.local/lib/python3.12/site-packages/airflow/example_dags/example_branch_python_dop_operator_3.py took 0.182 seconds
[2025-03-31T21:29:42.005+0000] {processor.py:186} INFO - Started process (PID=876) to work on /home/airflow/.local/lib/python3.12/site-packages/airflow/example_dags/example_branch_python_dop_operator_3.py
[2025-03-31T21:29:42.009+0000] {processor.py:914} INFO - Processing file /home/airflow/.local/lib/python3.12/site-packages/airflow/example_dags/example_branch_python_dop_operator_3.py for tasks to queue
[2025-03-31T21:29:42.018+0000] {logging_mixin.py:190} INFO - [2025-03-31T21:29:42.017+0000] {dagbag.py:588} INFO - Filling up the DagBag from /home/airflow/.local/lib/python3.12/site-packages/airflow/example_dags/example_branch_python_dop_operator_3.py
[2025-03-31T21:29:42.043+0000] {processor.py:925} INFO - DAG(s) 'example_branch_dop_operator_v3' retrieved from /home/airflow/.local/lib/python3.12/site-packages/airflow/example_dags/example_branch_python_dop_operator_3.py
[2025-03-31T21:29:42.103+0000] {logging_mixin.py:190} INFO - [2025-03-31T21:29:42.103+0000] {dag.py:3239} INFO - Sync 1 DAGs
[2025-03-31T21:29:42.170+0000] {logging_mixin.py:190} INFO - [2025-03-31T21:29:42.169+0000] {dag.py:4180} INFO - Setting next_dagrun for example_branch_dop_operator_v3 to 2025-03-31 21:28:00+00:00, run_after=2025-03-31 21:29:00+00:00
[2025-03-31T21:29:42.212+0000] {processor.py:208} INFO - Processing /home/airflow/.local/lib/python3.12/site-packages/airflow/example_dags/example_branch_python_dop_operator_3.py took 0.221 seconds
[2025-03-31T21:30:50.655+0000] {processor.py:186} INFO - Started process (PID=963) to work on /home/airflow/.local/lib/python3.12/site-packages/airflow/example_dags/example_branch_python_dop_operator_3.py
[2025-03-31T21:30:50.657+0000] {processor.py:914} INFO - Processing file /home/airflow/.local/lib/python3.12/site-packages/airflow/example_dags/example_branch_python_dop_operator_3.py for tasks to queue
[2025-03-31T21:30:50.664+0000] {logging_mixin.py:190} INFO - [2025-03-31T21:30:50.663+0000] {dagbag.py:588} INFO - Filling up the DagBag from /home/airflow/.local/lib/python3.12/site-packages/airflow/example_dags/example_branch_python_dop_operator_3.py
[2025-03-31T21:30:50.689+0000] {processor.py:925} INFO - DAG(s) 'example_branch_dop_operator_v3' retrieved from /home/airflow/.local/lib/python3.12/site-packages/airflow/example_dags/example_branch_python_dop_operator_3.py
[2025-03-31T21:30:50.725+0000] {logging_mixin.py:190} INFO - [2025-03-31T21:30:50.725+0000] {dag.py:3239} INFO - Sync 1 DAGs
[2025-03-31T21:30:50.784+0000] {logging_mixin.py:190} INFO - [2025-03-31T21:30:50.783+0000] {dag.py:4180} INFO - Setting next_dagrun for example_branch_dop_operator_v3 to 2025-03-31 21:29:00+00:00, run_after=2025-03-31 21:30:00+00:00
[2025-03-31T21:30:50.824+0000] {processor.py:208} INFO - Processing /home/airflow/.local/lib/python3.12/site-packages/airflow/example_dags/example_branch_python_dop_operator_3.py took 0.180 seconds
[2025-03-31T21:31:25.918+0000] {processor.py:186} INFO - Started process (PID=1028) to work on /home/airflow/.local/lib/python3.12/site-packages/airflow/example_dags/example_branch_python_dop_operator_3.py
[2025-03-31T21:31:25.923+0000] {processor.py:914} INFO - Processing file /home/airflow/.local/lib/python3.12/site-packages/airflow/example_dags/example_branch_python_dop_operator_3.py for tasks to queue
[2025-03-31T21:31:25.932+0000] {logging_mixin.py:190} INFO - [2025-03-31T21:31:25.931+0000] {dagbag.py:588} INFO - Filling up the DagBag from /home/airflow/.local/lib/python3.12/site-packages/airflow/example_dags/example_branch_python_dop_operator_3.py
[2025-03-31T21:31:25.965+0000] {processor.py:925} INFO - DAG(s) 'example_branch_dop_operator_v3' retrieved from /home/airflow/.local/lib/python3.12/site-packages/airflow/example_dags/example_branch_python_dop_operator_3.py
[2025-03-31T21:31:26.039+0000] {logging_mixin.py:190} INFO - [2025-03-31T21:31:26.039+0000] {dag.py:3239} INFO - Sync 1 DAGs
[2025-03-31T21:31:26.114+0000] {logging_mixin.py:190} INFO - [2025-03-31T21:31:26.113+0000] {dag.py:4180} INFO - Setting next_dagrun for example_branch_dop_operator_v3 to 2025-03-31 21:30:00+00:00, run_after=2025-03-31 21:31:00+00:00
[2025-03-31T21:31:26.173+0000] {processor.py:208} INFO - Processing /home/airflow/.local/lib/python3.12/site-packages/airflow/example_dags/example_branch_python_dop_operator_3.py took 0.270 seconds
[2025-03-31T21:32:00.698+0000] {processor.py:186} INFO - Started process (PID=1091) to work on /home/airflow/.local/lib/python3.12/site-packages/airflow/example_dags/example_branch_python_dop_operator_3.py
[2025-03-31T21:32:00.700+0000] {processor.py:914} INFO - Processing file /home/airflow/.local/lib/python3.12/site-packages/airflow/example_dags/example_branch_python_dop_operator_3.py for tasks to queue
[2025-03-31T21:32:00.710+0000] {logging_mixin.py:190} INFO - [2025-03-31T21:32:00.709+0000] {dagbag.py:588} INFO - Filling up the DagBag from /home/airflow/.local/lib/python3.12/site-packages/airflow/example_dags/example_branch_python_dop_operator_3.py
[2025-03-31T21:32:00.756+0000] {processor.py:925} INFO - DAG(s) 'example_branch_dop_operator_v3' retrieved from /home/airflow/.local/lib/python3.12/site-packages/airflow/example_dags/example_branch_python_dop_operator_3.py
[2025-03-31T21:32:00.821+0000] {logging_mixin.py:190} INFO - [2025-03-31T21:32:00.817+0000] {dag.py:3239} INFO - Sync 1 DAGs
[2025-03-31T21:32:00.903+0000] {logging_mixin.py:190} INFO - [2025-03-31T21:32:00.903+0000] {dag.py:4180} INFO - Setting next_dagrun for example_branch_dop_operator_v3 to 2025-03-31 21:31:00+00:00, run_after=2025-03-31 21:32:00+00:00
[2025-03-31T21:32:00.977+0000] {processor.py:208} INFO - Processing /home/airflow/.local/lib/python3.12/site-packages/airflow/example_dags/example_branch_python_dop_operator_3.py took 0.304 seconds
[2025-03-31T21:32:32.065+0000] {processor.py:186} INFO - Started process (PID=1156) to work on /home/airflow/.local/lib/python3.12/site-packages/airflow/example_dags/example_branch_python_dop_operator_3.py
[2025-03-31T21:32:32.069+0000] {processor.py:914} INFO - Processing file /home/airflow/.local/lib/python3.12/site-packages/airflow/example_dags/example_branch_python_dop_operator_3.py for tasks to queue
[2025-03-31T21:32:32.072+0000] {logging_mixin.py:190} INFO - [2025-03-31T21:32:32.071+0000] {dagbag.py:588} INFO - Filling up the DagBag from /home/airflow/.local/lib/python3.12/site-packages/airflow/example_dags/example_branch_python_dop_operator_3.py
[2025-03-31T21:32:32.092+0000] {processor.py:925} INFO - DAG(s) 'example_branch_dop_operator_v3' retrieved from /home/airflow/.local/lib/python3.12/site-packages/airflow/example_dags/example_branch_python_dop_operator_3.py
[2025-03-31T21:32:32.130+0000] {logging_mixin.py:190} INFO - [2025-03-31T21:32:32.130+0000] {dag.py:3239} INFO - Sync 1 DAGs
[2025-03-31T21:32:32.184+0000] {logging_mixin.py:190} INFO - [2025-03-31T21:32:32.184+0000] {dag.py:4180} INFO - Setting next_dagrun for example_branch_dop_operator_v3 to 2025-03-31 21:31:00+00:00, run_after=2025-03-31 21:32:00+00:00
[2025-03-31T21:32:32.222+0000] {processor.py:208} INFO - Processing /home/airflow/.local/lib/python3.12/site-packages/airflow/example_dags/example_branch_python_dop_operator_3.py took 0.169 seconds
[2025-03-31T21:33:03.290+0000] {processor.py:186} INFO - Started process (PID=1219) to work on /home/airflow/.local/lib/python3.12/site-packages/airflow/example_dags/example_branch_python_dop_operator_3.py
[2025-03-31T21:33:03.292+0000] {processor.py:914} INFO - Processing file /home/airflow/.local/lib/python3.12/site-packages/airflow/example_dags/example_branch_python_dop_operator_3.py for tasks to queue
[2025-03-31T21:33:03.295+0000] {logging_mixin.py:190} INFO - [2025-03-31T21:33:03.294+0000] {dagbag.py:588} INFO - Filling up the DagBag from /home/airflow/.local/lib/python3.12/site-packages/airflow/example_dags/example_branch_python_dop_operator_3.py
[2025-03-31T21:33:03.314+0000] {processor.py:925} INFO - DAG(s) 'example_branch_dop_operator_v3' retrieved from /home/airflow/.local/lib/python3.12/site-packages/airflow/example_dags/example_branch_python_dop_operator_3.py
[2025-03-31T21:33:03.351+0000] {logging_mixin.py:190} INFO - [2025-03-31T21:33:03.351+0000] {dag.py:3239} INFO - Sync 1 DAGs
[2025-03-31T21:33:03.395+0000] {logging_mixin.py:190} INFO - [2025-03-31T21:33:03.394+0000] {dag.py:4180} INFO - Setting next_dagrun for example_branch_dop_operator_v3 to 2025-03-31 21:32:00+00:00, run_after=2025-03-31 21:33:00+00:00
[2025-03-31T21:33:03.427+0000] {processor.py:208} INFO - Processing /home/airflow/.local/lib/python3.12/site-packages/airflow/example_dags/example_branch_python_dop_operator_3.py took 0.147 seconds
[2025-03-31T21:33:34.119+0000] {processor.py:186} INFO - Started process (PID=1282) to work on /home/airflow/.local/lib/python3.12/site-packages/airflow/example_dags/example_branch_python_dop_operator_3.py
[2025-03-31T21:33:34.120+0000] {processor.py:914} INFO - Processing file /home/airflow/.local/lib/python3.12/site-packages/airflow/example_dags/example_branch_python_dop_operator_3.py for tasks to queue
[2025-03-31T21:33:34.126+0000] {logging_mixin.py:190} INFO - [2025-03-31T21:33:34.126+0000] {dagbag.py:588} INFO - Filling up the DagBag from /home/airflow/.local/lib/python3.12/site-packages/airflow/example_dags/example_branch_python_dop_operator_3.py
[2025-03-31T21:33:34.151+0000] {processor.py:925} INFO - DAG(s) 'example_branch_dop_operator_v3' retrieved from /home/airflow/.local/lib/python3.12/site-packages/airflow/example_dags/example_branch_python_dop_operator_3.py
[2025-03-31T21:33:34.186+0000] {logging_mixin.py:190} INFO - [2025-03-31T21:33:34.186+0000] {dag.py:3239} INFO - Sync 1 DAGs
[2025-03-31T21:33:34.242+0000] {logging_mixin.py:190} INFO - [2025-03-31T21:33:34.241+0000] {dag.py:4180} INFO - Setting next_dagrun for example_branch_dop_operator_v3 to 2025-03-31 21:32:00+00:00, run_after=2025-03-31 21:33:00+00:00
[2025-03-31T21:33:34.296+0000] {processor.py:208} INFO - Processing /home/airflow/.local/lib/python3.12/site-packages/airflow/example_dags/example_branch_python_dop_operator_3.py took 0.188 seconds
[2025-03-31T21:34:04.373+0000] {processor.py:186} INFO - Started process (PID=1345) to work on /home/airflow/.local/lib/python3.12/site-packages/airflow/example_dags/example_branch_python_dop_operator_3.py
[2025-03-31T21:34:04.381+0000] {processor.py:914} INFO - Processing file /home/airflow/.local/lib/python3.12/site-packages/airflow/example_dags/example_branch_python_dop_operator_3.py for tasks to queue
[2025-03-31T21:34:04.390+0000] {logging_mixin.py:190} INFO - [2025-03-31T21:34:04.389+0000] {dagbag.py:588} INFO - Filling up the DagBag from /home/airflow/.local/lib/python3.12/site-packages/airflow/example_dags/example_branch_python_dop_operator_3.py
[2025-03-31T21:34:04.421+0000] {processor.py:925} INFO - DAG(s) 'example_branch_dop_operator_v3' retrieved from /home/airflow/.local/lib/python3.12/site-packages/airflow/example_dags/example_branch_python_dop_operator_3.py
[2025-03-31T21:34:04.481+0000] {logging_mixin.py:190} INFO - [2025-03-31T21:34:04.481+0000] {dag.py:3239} INFO - Sync 1 DAGs
[2025-03-31T21:34:04.546+0000] {logging_mixin.py:190} INFO - [2025-03-31T21:34:04.546+0000] {dag.py:4180} INFO - Setting next_dagrun for example_branch_dop_operator_v3 to 2025-03-31 21:33:00+00:00, run_after=2025-03-31 21:34:00+00:00
[2025-03-31T21:34:04.639+0000] {processor.py:208} INFO - Processing /home/airflow/.local/lib/python3.12/site-packages/airflow/example_dags/example_branch_python_dop_operator_3.py took 0.291 seconds
[2025-03-31T21:34:35.255+0000] {processor.py:186} INFO - Started process (PID=1408) to work on /home/airflow/.local/lib/python3.12/site-packages/airflow/example_dags/example_branch_python_dop_operator_3.py
[2025-03-31T21:34:35.271+0000] {processor.py:914} INFO - Processing file /home/airflow/.local/lib/python3.12/site-packages/airflow/example_dags/example_branch_python_dop_operator_3.py for tasks to queue
[2025-03-31T21:34:35.301+0000] {logging_mixin.py:190} INFO - [2025-03-31T21:34:35.298+0000] {dagbag.py:588} INFO - Filling up the DagBag from /home/airflow/.local/lib/python3.12/site-packages/airflow/example_dags/example_branch_python_dop_operator_3.py
[2025-03-31T21:34:35.395+0000] {processor.py:925} INFO - DAG(s) 'example_branch_dop_operator_v3' retrieved from /home/airflow/.local/lib/python3.12/site-packages/airflow/example_dags/example_branch_python_dop_operator_3.py
[2025-03-31T21:34:35.552+0000] {logging_mixin.py:190} INFO - [2025-03-31T21:34:35.551+0000] {dag.py:3239} INFO - Sync 1 DAGs
[2025-03-31T21:34:35.620+0000] {logging_mixin.py:190} INFO - [2025-03-31T21:34:35.620+0000] {dag.py:4180} INFO - Setting next_dagrun for example_branch_dop_operator_v3 to 2025-03-31 21:33:00+00:00, run_after=2025-03-31 21:34:00+00:00
[2025-03-31T21:34:35.676+0000] {processor.py:208} INFO - Processing /home/airflow/.local/lib/python3.12/site-packages/airflow/example_dags/example_branch_python_dop_operator_3.py took 0.450 seconds
[2025-03-31T21:35:06.011+0000] {processor.py:186} INFO - Started process (PID=1471) to work on /home/airflow/.local/lib/python3.12/site-packages/airflow/example_dags/example_branch_python_dop_operator_3.py
[2025-03-31T21:35:06.013+0000] {processor.py:914} INFO - Processing file /home/airflow/.local/lib/python3.12/site-packages/airflow/example_dags/example_branch_python_dop_operator_3.py for tasks to queue
[2025-03-31T21:35:06.016+0000] {logging_mixin.py:190} INFO - [2025-03-31T21:35:06.015+0000] {dagbag.py:588} INFO - Filling up the DagBag from /home/airflow/.local/lib/python3.12/site-packages/airflow/example_dags/example_branch_python_dop_operator_3.py
[2025-03-31T21:35:06.035+0000] {processor.py:925} INFO - DAG(s) 'example_branch_dop_operator_v3' retrieved from /home/airflow/.local/lib/python3.12/site-packages/airflow/example_dags/example_branch_python_dop_operator_3.py
[2025-03-31T21:35:06.063+0000] {logging_mixin.py:190} INFO - [2025-03-31T21:35:06.062+0000] {dag.py:3239} INFO - Sync 1 DAGs
[2025-03-31T21:35:06.096+0000] {logging_mixin.py:190} INFO - [2025-03-31T21:35:06.096+0000] {dag.py:4180} INFO - Setting next_dagrun for example_branch_dop_operator_v3 to 2025-03-31 21:34:00+00:00, run_after=2025-03-31 21:35:00+00:00
[2025-03-31T21:35:06.126+0000] {processor.py:208} INFO - Processing /home/airflow/.local/lib/python3.12/site-packages/airflow/example_dags/example_branch_python_dop_operator_3.py took 0.122 seconds
[2025-03-31T21:35:36.184+0000] {processor.py:186} INFO - Started process (PID=1535) to work on /home/airflow/.local/lib/python3.12/site-packages/airflow/example_dags/example_branch_python_dop_operator_3.py
[2025-03-31T21:35:36.187+0000] {processor.py:914} INFO - Processing file /home/airflow/.local/lib/python3.12/site-packages/airflow/example_dags/example_branch_python_dop_operator_3.py for tasks to queue
[2025-03-31T21:35:36.190+0000] {logging_mixin.py:190} INFO - [2025-03-31T21:35:36.189+0000] {dagbag.py:588} INFO - Filling up the DagBag from /home/airflow/.local/lib/python3.12/site-packages/airflow/example_dags/example_branch_python_dop_operator_3.py
[2025-03-31T21:35:36.217+0000] {processor.py:925} INFO - DAG(s) 'example_branch_dop_operator_v3' retrieved from /home/airflow/.local/lib/python3.12/site-packages/airflow/example_dags/example_branch_python_dop_operator_3.py
[2025-03-31T21:35:36.260+0000] {logging_mixin.py:190} INFO - [2025-03-31T21:35:36.259+0000] {dag.py:3239} INFO - Sync 1 DAGs
[2025-03-31T21:35:36.316+0000] {logging_mixin.py:190} INFO - [2025-03-31T21:35:36.315+0000] {dag.py:4180} INFO - Setting next_dagrun for example_branch_dop_operator_v3 to 2025-03-31 21:34:00+00:00, run_after=2025-03-31 21:35:00+00:00
[2025-03-31T21:35:36.352+0000] {processor.py:208} INFO - Processing /home/airflow/.local/lib/python3.12/site-packages/airflow/example_dags/example_branch_python_dop_operator_3.py took 0.179 seconds
[2025-03-31T21:36:06.887+0000] {processor.py:186} INFO - Started process (PID=1599) to work on /home/airflow/.local/lib/python3.12/site-packages/airflow/example_dags/example_branch_python_dop_operator_3.py
[2025-03-31T21:36:06.889+0000] {processor.py:914} INFO - Processing file /home/airflow/.local/lib/python3.12/site-packages/airflow/example_dags/example_branch_python_dop_operator_3.py for tasks to queue
[2025-03-31T21:36:06.893+0000] {logging_mixin.py:190} INFO - [2025-03-31T21:36:06.892+0000] {dagbag.py:588} INFO - Filling up the DagBag from /home/airflow/.local/lib/python3.12/site-packages/airflow/example_dags/example_branch_python_dop_operator_3.py
[2025-03-31T21:36:06.921+0000] {processor.py:925} INFO - DAG(s) 'example_branch_dop_operator_v3' retrieved from /home/airflow/.local/lib/python3.12/site-packages/airflow/example_dags/example_branch_python_dop_operator_3.py
[2025-03-31T21:36:06.995+0000] {logging_mixin.py:190} INFO - [2025-03-31T21:36:06.994+0000] {dag.py:3239} INFO - Sync 1 DAGs
[2025-03-31T21:36:07.075+0000] {logging_mixin.py:190} INFO - [2025-03-31T21:36:07.074+0000] {dag.py:4180} INFO - Setting next_dagrun for example_branch_dop_operator_v3 to 2025-03-31 21:35:00+00:00, run_after=2025-03-31 21:36:00+00:00
[2025-03-31T21:36:07.117+0000] {processor.py:208} INFO - Processing /home/airflow/.local/lib/python3.12/site-packages/airflow/example_dags/example_branch_python_dop_operator_3.py took 0.242 seconds
[2025-03-31T21:37:07.274+0000] {processor.py:186} INFO - Started process (PID=1694) to work on /home/airflow/.local/lib/python3.12/site-packages/airflow/example_dags/example_branch_python_dop_operator_3.py
[2025-03-31T21:37:07.276+0000] {processor.py:914} INFO - Processing file /home/airflow/.local/lib/python3.12/site-packages/airflow/example_dags/example_branch_python_dop_operator_3.py for tasks to queue
[2025-03-31T21:37:07.279+0000] {logging_mixin.py:190} INFO - [2025-03-31T21:37:07.279+0000] {dagbag.py:588} INFO - Filling up the DagBag from /home/airflow/.local/lib/python3.12/site-packages/airflow/example_dags/example_branch_python_dop_operator_3.py
[2025-03-31T21:37:07.304+0000] {processor.py:925} INFO - DAG(s) 'example_branch_dop_operator_v3' retrieved from /home/airflow/.local/lib/python3.12/site-packages/airflow/example_dags/example_branch_python_dop_operator_3.py
[2025-03-31T21:37:07.345+0000] {logging_mixin.py:190} INFO - [2025-03-31T21:37:07.344+0000] {dag.py:3239} INFO - Sync 1 DAGs
[2025-03-31T21:37:07.404+0000] {logging_mixin.py:190} INFO - [2025-03-31T21:37:07.403+0000] {dag.py:4180} INFO - Setting next_dagrun for example_branch_dop_operator_v3 to 2025-03-31 21:36:00+00:00, run_after=2025-03-31 21:37:00+00:00
[2025-03-31T21:37:07.440+0000] {processor.py:208} INFO - Processing /home/airflow/.local/lib/python3.12/site-packages/airflow/example_dags/example_branch_python_dop_operator_3.py took 0.178 seconds
[2025-03-31T21:37:38.992+0000] {processor.py:186} INFO - Started process (PID=1757) to work on /home/airflow/.local/lib/python3.12/site-packages/airflow/example_dags/example_branch_python_dop_operator_3.py
[2025-03-31T21:37:38.994+0000] {processor.py:914} INFO - Processing file /home/airflow/.local/lib/python3.12/site-packages/airflow/example_dags/example_branch_python_dop_operator_3.py for tasks to queue
[2025-03-31T21:37:38.996+0000] {logging_mixin.py:190} INFO - [2025-03-31T21:37:38.996+0000] {dagbag.py:588} INFO - Filling up the DagBag from /home/airflow/.local/lib/python3.12/site-packages/airflow/example_dags/example_branch_python_dop_operator_3.py
[2025-03-31T21:37:39.019+0000] {processor.py:925} INFO - DAG(s) 'example_branch_dop_operator_v3' retrieved from /home/airflow/.local/lib/python3.12/site-packages/airflow/example_dags/example_branch_python_dop_operator_3.py
[2025-03-31T21:37:39.053+0000] {logging_mixin.py:190} INFO - [2025-03-31T21:37:39.053+0000] {dag.py:3239} INFO - Sync 1 DAGs
[2025-03-31T21:37:39.102+0000] {logging_mixin.py:190} INFO - [2025-03-31T21:37:39.102+0000] {dag.py:4180} INFO - Setting next_dagrun for example_branch_dop_operator_v3 to 2025-03-31 21:36:00+00:00, run_after=2025-03-31 21:37:00+00:00
[2025-03-31T21:37:39.142+0000] {processor.py:208} INFO - Processing /home/airflow/.local/lib/python3.12/site-packages/airflow/example_dags/example_branch_python_dop_operator_3.py took 0.160 seconds
[2025-03-31T21:38:18.096+0000] {processor.py:186} INFO - Started process (PID=1820) to work on /home/airflow/.local/lib/python3.12/site-packages/airflow/example_dags/example_branch_python_dop_operator_3.py
[2025-03-31T21:38:18.098+0000] {processor.py:914} INFO - Processing file /home/airflow/.local/lib/python3.12/site-packages/airflow/example_dags/example_branch_python_dop_operator_3.py for tasks to queue
[2025-03-31T21:38:18.101+0000] {logging_mixin.py:190} INFO - [2025-03-31T21:38:18.100+0000] {dagbag.py:588} INFO - Filling up the DagBag from /home/airflow/.local/lib/python3.12/site-packages/airflow/example_dags/example_branch_python_dop_operator_3.py
[2025-03-31T21:38:18.130+0000] {processor.py:925} INFO - DAG(s) 'example_branch_dop_operator_v3' retrieved from /home/airflow/.local/lib/python3.12/site-packages/airflow/example_dags/example_branch_python_dop_operator_3.py
[2025-03-31T21:38:18.229+0000] {logging_mixin.py:190} INFO - [2025-03-31T21:38:18.227+0000] {dag.py:3239} INFO - Sync 1 DAGs
[2025-03-31T21:38:18.314+0000] {logging_mixin.py:190} INFO - [2025-03-31T21:38:18.313+0000] {dag.py:4180} INFO - Setting next_dagrun for example_branch_dop_operator_v3 to 2025-03-31 21:37:00+00:00, run_after=2025-03-31 21:38:00+00:00
[2025-03-31T21:38:18.367+0000] {processor.py:208} INFO - Processing /home/airflow/.local/lib/python3.12/site-packages/airflow/example_dags/example_branch_python_dop_operator_3.py took 0.286 seconds
[2025-03-31T21:40:23.027+0000] {processor.py:186} INFO - Started process (PID=1937) to work on /home/airflow/.local/lib/python3.12/site-packages/airflow/example_dags/example_branch_python_dop_operator_3.py
[2025-03-31T21:40:23.033+0000] {processor.py:914} INFO - Processing file /home/airflow/.local/lib/python3.12/site-packages/airflow/example_dags/example_branch_python_dop_operator_3.py for tasks to queue
[2025-03-31T21:40:23.035+0000] {logging_mixin.py:190} INFO - [2025-03-31T21:40:23.035+0000] {dagbag.py:588} INFO - Filling up the DagBag from /home/airflow/.local/lib/python3.12/site-packages/airflow/example_dags/example_branch_python_dop_operator_3.py
[2025-03-31T21:40:23.056+0000] {processor.py:925} INFO - DAG(s) 'example_branch_dop_operator_v3' retrieved from /home/airflow/.local/lib/python3.12/site-packages/airflow/example_dags/example_branch_python_dop_operator_3.py
[2025-03-31T21:40:23.098+0000] {logging_mixin.py:190} INFO - [2025-03-31T21:40:23.098+0000] {dag.py:3239} INFO - Sync 1 DAGs
[2025-03-31T21:40:23.165+0000] {logging_mixin.py:190} INFO - [2025-03-31T21:40:23.165+0000] {dag.py:4180} INFO - Setting next_dagrun for example_branch_dop_operator_v3 to 2025-03-31 21:39:00+00:00, run_after=2025-03-31 21:40:00+00:00
[2025-03-31T21:40:23.211+0000] {processor.py:208} INFO - Processing /home/airflow/.local/lib/python3.12/site-packages/airflow/example_dags/example_branch_python_dop_operator_3.py took 0.195 seconds
[2025-03-31T21:42:59.508+0000] {processor.py:186} INFO - Started process (PID=2024) to work on /home/airflow/.local/lib/python3.12/site-packages/airflow/example_dags/example_branch_python_dop_operator_3.py
[2025-03-31T21:42:59.510+0000] {processor.py:914} INFO - Processing file /home/airflow/.local/lib/python3.12/site-packages/airflow/example_dags/example_branch_python_dop_operator_3.py for tasks to queue
[2025-03-31T21:42:59.515+0000] {logging_mixin.py:190} INFO - [2025-03-31T21:42:59.514+0000] {dagbag.py:588} INFO - Filling up the DagBag from /home/airflow/.local/lib/python3.12/site-packages/airflow/example_dags/example_branch_python_dop_operator_3.py
[2025-03-31T21:42:59.549+0000] {processor.py:925} INFO - DAG(s) 'example_branch_dop_operator_v3' retrieved from /home/airflow/.local/lib/python3.12/site-packages/airflow/example_dags/example_branch_python_dop_operator_3.py
[2025-03-31T21:42:59.652+0000] {logging_mixin.py:190} INFO - [2025-03-31T21:42:59.651+0000] {dag.py:3239} INFO - Sync 1 DAGs
[2025-03-31T21:42:59.729+0000] {logging_mixin.py:190} INFO - [2025-03-31T21:42:59.729+0000] {dag.py:4180} INFO - Setting next_dagrun for example_branch_dop_operator_v3 to 2025-03-31 21:41:00+00:00, run_after=2025-03-31 21:42:00+00:00
[2025-03-31T21:42:59.778+0000] {processor.py:208} INFO - Processing /home/airflow/.local/lib/python3.12/site-packages/airflow/example_dags/example_branch_python_dop_operator_3.py took 0.293 seconds
[2025-03-31T21:43:55.363+0000] {processor.py:186} INFO - Started process (PID=2102) to work on /home/airflow/.local/lib/python3.12/site-packages/airflow/example_dags/example_branch_python_dop_operator_3.py
[2025-03-31T21:43:55.365+0000] {processor.py:914} INFO - Processing file /home/airflow/.local/lib/python3.12/site-packages/airflow/example_dags/example_branch_python_dop_operator_3.py for tasks to queue
[2025-03-31T21:43:55.371+0000] {logging_mixin.py:190} INFO - [2025-03-31T21:43:55.369+0000] {dagbag.py:588} INFO - Filling up the DagBag from /home/airflow/.local/lib/python3.12/site-packages/airflow/example_dags/example_branch_python_dop_operator_3.py
[2025-03-31T21:43:55.409+0000] {processor.py:925} INFO - DAG(s) 'example_branch_dop_operator_v3' retrieved from /home/airflow/.local/lib/python3.12/site-packages/airflow/example_dags/example_branch_python_dop_operator_3.py
[2025-03-31T21:43:55.470+0000] {logging_mixin.py:190} INFO - [2025-03-31T21:43:55.469+0000] {dag.py:3239} INFO - Sync 1 DAGs
[2025-03-31T21:43:55.592+0000] {logging_mixin.py:190} INFO - [2025-03-31T21:43:55.592+0000] {dag.py:4180} INFO - Setting next_dagrun for example_branch_dop_operator_v3 to 2025-03-31 21:42:00+00:00, run_after=2025-03-31 21:43:00+00:00
[2025-03-31T21:43:55.656+0000] {processor.py:208} INFO - Processing /home/airflow/.local/lib/python3.12/site-packages/airflow/example_dags/example_branch_python_dop_operator_3.py took 0.313 seconds
[2025-03-31T21:44:26.547+0000] {processor.py:186} INFO - Started process (PID=2166) to work on /home/airflow/.local/lib/python3.12/site-packages/airflow/example_dags/example_branch_python_dop_operator_3.py
[2025-03-31T21:44:26.549+0000] {processor.py:914} INFO - Processing file /home/airflow/.local/lib/python3.12/site-packages/airflow/example_dags/example_branch_python_dop_operator_3.py for tasks to queue
[2025-03-31T21:44:26.552+0000] {logging_mixin.py:190} INFO - [2025-03-31T21:44:26.551+0000] {dagbag.py:588} INFO - Filling up the DagBag from /home/airflow/.local/lib/python3.12/site-packages/airflow/example_dags/example_branch_python_dop_operator_3.py
[2025-03-31T21:44:26.570+0000] {processor.py:925} INFO - DAG(s) 'example_branch_dop_operator_v3' retrieved from /home/airflow/.local/lib/python3.12/site-packages/airflow/example_dags/example_branch_python_dop_operator_3.py
[2025-03-31T21:44:26.605+0000] {logging_mixin.py:190} INFO - [2025-03-31T21:44:26.604+0000] {dag.py:3239} INFO - Sync 1 DAGs
[2025-03-31T21:44:26.658+0000] {logging_mixin.py:190} INFO - [2025-03-31T21:44:26.658+0000] {dag.py:4180} INFO - Setting next_dagrun for example_branch_dop_operator_v3 to 2025-03-31 21:43:00+00:00, run_after=2025-03-31 21:44:00+00:00
[2025-03-31T21:44:26.703+0000] {processor.py:208} INFO - Processing /home/airflow/.local/lib/python3.12/site-packages/airflow/example_dags/example_branch_python_dop_operator_3.py took 0.168 seconds
[2025-03-31T21:44:58.532+0000] {processor.py:186} INFO - Started process (PID=2230) to work on /home/airflow/.local/lib/python3.12/site-packages/airflow/example_dags/example_branch_python_dop_operator_3.py
[2025-03-31T21:44:58.534+0000] {processor.py:914} INFO - Processing file /home/airflow/.local/lib/python3.12/site-packages/airflow/example_dags/example_branch_python_dop_operator_3.py for tasks to queue
[2025-03-31T21:44:58.537+0000] {logging_mixin.py:190} INFO - [2025-03-31T21:44:58.536+0000] {dagbag.py:588} INFO - Filling up the DagBag from /home/airflow/.local/lib/python3.12/site-packages/airflow/example_dags/example_branch_python_dop_operator_3.py
[2025-03-31T21:44:58.561+0000] {processor.py:925} INFO - DAG(s) 'example_branch_dop_operator_v3' retrieved from /home/airflow/.local/lib/python3.12/site-packages/airflow/example_dags/example_branch_python_dop_operator_3.py
[2025-03-31T21:44:58.601+0000] {logging_mixin.py:190} INFO - [2025-03-31T21:44:58.601+0000] {dag.py:3239} INFO - Sync 1 DAGs
[2025-03-31T21:44:58.660+0000] {logging_mixin.py:190} INFO - [2025-03-31T21:44:58.659+0000] {dag.py:4180} INFO - Setting next_dagrun for example_branch_dop_operator_v3 to 2025-03-31 21:43:00+00:00, run_after=2025-03-31 21:44:00+00:00
[2025-03-31T21:44:58.699+0000] {processor.py:208} INFO - Processing /home/airflow/.local/lib/python3.12/site-packages/airflow/example_dags/example_branch_python_dop_operator_3.py took 0.180 seconds
[2025-03-31T21:45:30.924+0000] {processor.py:186} INFO - Started process (PID=2296) to work on /home/airflow/.local/lib/python3.12/site-packages/airflow/example_dags/example_branch_python_dop_operator_3.py
[2025-03-31T21:45:30.926+0000] {processor.py:914} INFO - Processing file /home/airflow/.local/lib/python3.12/site-packages/airflow/example_dags/example_branch_python_dop_operator_3.py for tasks to queue
[2025-03-31T21:45:30.930+0000] {logging_mixin.py:190} INFO - [2025-03-31T21:45:30.929+0000] {dagbag.py:588} INFO - Filling up the DagBag from /home/airflow/.local/lib/python3.12/site-packages/airflow/example_dags/example_branch_python_dop_operator_3.py
[2025-03-31T21:45:30.959+0000] {processor.py:925} INFO - DAG(s) 'example_branch_dop_operator_v3' retrieved from /home/airflow/.local/lib/python3.12/site-packages/airflow/example_dags/example_branch_python_dop_operator_3.py
[2025-03-31T21:45:31.009+0000] {logging_mixin.py:190} INFO - [2025-03-31T21:45:31.009+0000] {dag.py:3239} INFO - Sync 1 DAGs
[2025-03-31T21:45:31.107+0000] {logging_mixin.py:190} INFO - [2025-03-31T21:45:31.107+0000] {dag.py:4180} INFO - Setting next_dagrun for example_branch_dop_operator_v3 to 2025-03-31 21:44:00+00:00, run_after=2025-03-31 21:45:00+00:00
[2025-03-31T21:45:31.211+0000] {processor.py:208} INFO - Processing /home/airflow/.local/lib/python3.12/site-packages/airflow/example_dags/example_branch_python_dop_operator_3.py took 0.310 seconds
[2025-03-31T21:49:22.868+0000] {processor.py:186} INFO - Started process (PID=2364) to work on /home/airflow/.local/lib/python3.12/site-packages/airflow/example_dags/example_branch_python_dop_operator_3.py
[2025-03-31T21:49:22.872+0000] {processor.py:914} INFO - Processing file /home/airflow/.local/lib/python3.12/site-packages/airflow/example_dags/example_branch_python_dop_operator_3.py for tasks to queue
[2025-03-31T21:49:22.876+0000] {logging_mixin.py:190} INFO - [2025-03-31T21:49:22.876+0000] {dagbag.py:588} INFO - Filling up the DagBag from /home/airflow/.local/lib/python3.12/site-packages/airflow/example_dags/example_branch_python_dop_operator_3.py
[2025-03-31T21:49:22.902+0000] {processor.py:925} INFO - DAG(s) 'example_branch_dop_operator_v3' retrieved from /home/airflow/.local/lib/python3.12/site-packages/airflow/example_dags/example_branch_python_dop_operator_3.py
[2025-03-31T21:49:22.965+0000] {logging_mixin.py:190} INFO - [2025-03-31T21:49:22.964+0000] {dag.py:3239} INFO - Sync 1 DAGs
[2025-03-31T21:49:23.065+0000] {logging_mixin.py:190} INFO - [2025-03-31T21:49:23.065+0000] {dag.py:4180} INFO - Setting next_dagrun for example_branch_dop_operator_v3 to 2025-03-31 21:48:00+00:00, run_after=2025-03-31 21:49:00+00:00
[2025-03-31T21:49:23.127+0000] {processor.py:208} INFO - Processing /home/airflow/.local/lib/python3.12/site-packages/airflow/example_dags/example_branch_python_dop_operator_3.py took 0.286 seconds
[2025-03-31T21:49:53.674+0000] {processor.py:186} INFO - Started process (PID=2428) to work on /home/airflow/.local/lib/python3.12/site-packages/airflow/example_dags/example_branch_python_dop_operator_3.py
[2025-03-31T21:49:53.677+0000] {processor.py:914} INFO - Processing file /home/airflow/.local/lib/python3.12/site-packages/airflow/example_dags/example_branch_python_dop_operator_3.py for tasks to queue
[2025-03-31T21:49:53.680+0000] {logging_mixin.py:190} INFO - [2025-03-31T21:49:53.679+0000] {dagbag.py:588} INFO - Filling up the DagBag from /home/airflow/.local/lib/python3.12/site-packages/airflow/example_dags/example_branch_python_dop_operator_3.py
[2025-03-31T21:49:53.702+0000] {processor.py:925} INFO - DAG(s) 'example_branch_dop_operator_v3' retrieved from /home/airflow/.local/lib/python3.12/site-packages/airflow/example_dags/example_branch_python_dop_operator_3.py
[2025-03-31T21:49:53.735+0000] {logging_mixin.py:190} INFO - [2025-03-31T21:49:53.734+0000] {dag.py:3239} INFO - Sync 1 DAGs
[2025-03-31T21:49:53.788+0000] {logging_mixin.py:190} INFO - [2025-03-31T21:49:53.788+0000] {dag.py:4180} INFO - Setting next_dagrun for example_branch_dop_operator_v3 to 2025-03-31 21:48:00+00:00, run_after=2025-03-31 21:49:00+00:00
[2025-03-31T21:49:53.826+0000] {processor.py:208} INFO - Processing /home/airflow/.local/lib/python3.12/site-packages/airflow/example_dags/example_branch_python_dop_operator_3.py took 0.163 seconds
[2025-03-31T21:50:24.945+0000] {processor.py:186} INFO - Started process (PID=2492) to work on /home/airflow/.local/lib/python3.12/site-packages/airflow/example_dags/example_branch_python_dop_operator_3.py
[2025-03-31T21:50:24.947+0000] {processor.py:914} INFO - Processing file /home/airflow/.local/lib/python3.12/site-packages/airflow/example_dags/example_branch_python_dop_operator_3.py for tasks to queue
[2025-03-31T21:50:24.950+0000] {logging_mixin.py:190} INFO - [2025-03-31T21:50:24.949+0000] {dagbag.py:588} INFO - Filling up the DagBag from /home/airflow/.local/lib/python3.12/site-packages/airflow/example_dags/example_branch_python_dop_operator_3.py
[2025-03-31T21:50:25.040+0000] {processor.py:925} INFO - DAG(s) 'example_branch_dop_operator_v3' retrieved from /home/airflow/.local/lib/python3.12/site-packages/airflow/example_dags/example_branch_python_dop_operator_3.py
[2025-03-31T21:50:25.121+0000] {logging_mixin.py:190} INFO - [2025-03-31T21:50:25.120+0000] {dag.py:3239} INFO - Sync 1 DAGs
[2025-03-31T21:50:25.183+0000] {logging_mixin.py:190} INFO - [2025-03-31T21:50:25.182+0000] {dag.py:4180} INFO - Setting next_dagrun for example_branch_dop_operator_v3 to 2025-03-31 21:49:00+00:00, run_after=2025-03-31 21:50:00+00:00
[2025-03-31T21:50:25.245+0000] {processor.py:208} INFO - Processing /home/airflow/.local/lib/python3.12/site-packages/airflow/example_dags/example_branch_python_dop_operator_3.py took 0.326 seconds
[2025-03-31T21:50:58.255+0000] {processor.py:186} INFO - Started process (PID=2556) to work on /home/airflow/.local/lib/python3.12/site-packages/airflow/example_dags/example_branch_python_dop_operator_3.py
[2025-03-31T21:50:58.260+0000] {processor.py:914} INFO - Processing file /home/airflow/.local/lib/python3.12/site-packages/airflow/example_dags/example_branch_python_dop_operator_3.py for tasks to queue
[2025-03-31T21:50:58.265+0000] {logging_mixin.py:190} INFO - [2025-03-31T21:50:58.264+0000] {dagbag.py:588} INFO - Filling up the DagBag from /home/airflow/.local/lib/python3.12/site-packages/airflow/example_dags/example_branch_python_dop_operator_3.py
[2025-03-31T21:50:58.308+0000] {processor.py:925} INFO - DAG(s) 'example_branch_dop_operator_v3' retrieved from /home/airflow/.local/lib/python3.12/site-packages/airflow/example_dags/example_branch_python_dop_operator_3.py
[2025-03-31T21:50:58.424+0000] {logging_mixin.py:190} INFO - [2025-03-31T21:50:58.424+0000] {dag.py:3239} INFO - Sync 1 DAGs
[2025-03-31T21:50:58.513+0000] {logging_mixin.py:190} INFO - [2025-03-31T21:50:58.512+0000] {dag.py:4180} INFO - Setting next_dagrun for example_branch_dop_operator_v3 to 2025-03-31 21:49:00+00:00, run_after=2025-03-31 21:50:00+00:00
[2025-03-31T21:50:58.578+0000] {processor.py:208} INFO - Processing /home/airflow/.local/lib/python3.12/site-packages/airflow/example_dags/example_branch_python_dop_operator_3.py took 0.347 seconds
[2025-03-31T21:53:26.017+0000] {processor.py:186} INFO - Started process (PID=2628) to work on /home/airflow/.local/lib/python3.12/site-packages/airflow/example_dags/example_branch_python_dop_operator_3.py
[2025-03-31T21:53:26.034+0000] {processor.py:914} INFO - Processing file /home/airflow/.local/lib/python3.12/site-packages/airflow/example_dags/example_branch_python_dop_operator_3.py for tasks to queue
[2025-03-31T21:53:26.062+0000] {logging_mixin.py:190} INFO - [2025-03-31T21:53:26.061+0000] {dagbag.py:588} INFO - Filling up the DagBag from /home/airflow/.local/lib/python3.12/site-packages/airflow/example_dags/example_branch_python_dop_operator_3.py
[2025-03-31T21:53:26.146+0000] {processor.py:925} INFO - DAG(s) 'example_branch_dop_operator_v3' retrieved from /home/airflow/.local/lib/python3.12/site-packages/airflow/example_dags/example_branch_python_dop_operator_3.py
[2025-03-31T21:53:26.338+0000] {logging_mixin.py:190} INFO - [2025-03-31T21:53:26.337+0000] {dag.py:3239} INFO - Sync 1 DAGs
[2025-03-31T21:53:26.597+0000] {logging_mixin.py:190} INFO - [2025-03-31T21:53:26.595+0000] {dag.py:4180} INFO - Setting next_dagrun for example_branch_dop_operator_v3 to 2025-03-31 21:52:00+00:00, run_after=2025-03-31 21:53:00+00:00
[2025-03-31T21:53:26.729+0000] {processor.py:208} INFO - Processing /home/airflow/.local/lib/python3.12/site-packages/airflow/example_dags/example_branch_python_dop_operator_3.py took 0.819 seconds
[2025-03-31T21:53:57.281+0000] {processor.py:186} INFO - Started process (PID=2690) to work on /home/airflow/.local/lib/python3.12/site-packages/airflow/example_dags/example_branch_python_dop_operator_3.py
[2025-03-31T21:53:57.286+0000] {processor.py:914} INFO - Processing file /home/airflow/.local/lib/python3.12/site-packages/airflow/example_dags/example_branch_python_dop_operator_3.py for tasks to queue
[2025-03-31T21:53:57.291+0000] {logging_mixin.py:190} INFO - [2025-03-31T21:53:57.290+0000] {dagbag.py:588} INFO - Filling up the DagBag from /home/airflow/.local/lib/python3.12/site-packages/airflow/example_dags/example_branch_python_dop_operator_3.py
[2025-03-31T21:53:57.340+0000] {processor.py:925} INFO - DAG(s) 'example_branch_dop_operator_v3' retrieved from /home/airflow/.local/lib/python3.12/site-packages/airflow/example_dags/example_branch_python_dop_operator_3.py
[2025-03-31T21:53:57.496+0000] {logging_mixin.py:190} INFO - [2025-03-31T21:53:57.494+0000] {dag.py:3239} INFO - Sync 1 DAGs
[2025-03-31T21:53:57.573+0000] {logging_mixin.py:190} INFO - [2025-03-31T21:53:57.572+0000] {dag.py:4180} INFO - Setting next_dagrun for example_branch_dop_operator_v3 to 2025-03-31 21:52:00+00:00, run_after=2025-03-31 21:53:00+00:00
[2025-03-31T21:53:57.644+0000] {processor.py:208} INFO - Processing /home/airflow/.local/lib/python3.12/site-packages/airflow/example_dags/example_branch_python_dop_operator_3.py took 0.416 seconds
[2025-03-31T21:55:23.885+0000] {processor.py:186} INFO - Started process (PID=2760) to work on /home/airflow/.local/lib/python3.12/site-packages/airflow/example_dags/example_branch_python_dop_operator_3.py
[2025-03-31T21:55:23.886+0000] {processor.py:914} INFO - Processing file /home/airflow/.local/lib/python3.12/site-packages/airflow/example_dags/example_branch_python_dop_operator_3.py for tasks to queue
[2025-03-31T21:55:23.892+0000] {logging_mixin.py:190} INFO - [2025-03-31T21:55:23.891+0000] {dagbag.py:588} INFO - Filling up the DagBag from /home/airflow/.local/lib/python3.12/site-packages/airflow/example_dags/example_branch_python_dop_operator_3.py
[2025-03-31T21:55:23.916+0000] {processor.py:925} INFO - DAG(s) 'example_branch_dop_operator_v3' retrieved from /home/airflow/.local/lib/python3.12/site-packages/airflow/example_dags/example_branch_python_dop_operator_3.py
[2025-03-31T21:55:23.987+0000] {logging_mixin.py:190} INFO - [2025-03-31T21:55:23.984+0000] {dag.py:3239} INFO - Sync 1 DAGs
[2025-03-31T21:55:24.127+0000] {logging_mixin.py:190} INFO - [2025-03-31T21:55:24.127+0000] {dag.py:4180} INFO - Setting next_dagrun for example_branch_dop_operator_v3 to 2025-03-31 21:54:00+00:00, run_after=2025-03-31 21:55:00+00:00
[2025-03-31T21:55:24.184+0000] {processor.py:208} INFO - Processing /home/airflow/.local/lib/python3.12/site-packages/airflow/example_dags/example_branch_python_dop_operator_3.py took 0.313 seconds
[2025-03-31T21:56:01.876+0000] {processor.py:186} INFO - Started process (PID=2824) to work on /home/airflow/.local/lib/python3.12/site-packages/airflow/example_dags/example_branch_python_dop_operator_3.py
[2025-03-31T21:56:01.878+0000] {processor.py:914} INFO - Processing file /home/airflow/.local/lib/python3.12/site-packages/airflow/example_dags/example_branch_python_dop_operator_3.py for tasks to queue
[2025-03-31T21:56:01.881+0000] {logging_mixin.py:190} INFO - [2025-03-31T21:56:01.880+0000] {dagbag.py:588} INFO - Filling up the DagBag from /home/airflow/.local/lib/python3.12/site-packages/airflow/example_dags/example_branch_python_dop_operator_3.py
[2025-03-31T21:56:01.914+0000] {processor.py:925} INFO - DAG(s) 'example_branch_dop_operator_v3' retrieved from /home/airflow/.local/lib/python3.12/site-packages/airflow/example_dags/example_branch_python_dop_operator_3.py
[2025-03-31T21:56:01.979+0000] {logging_mixin.py:190} INFO - [2025-03-31T21:56:01.978+0000] {dag.py:3239} INFO - Sync 1 DAGs
[2025-03-31T21:56:02.039+0000] {logging_mixin.py:190} INFO - [2025-03-31T21:56:02.038+0000] {dag.py:4180} INFO - Setting next_dagrun for example_branch_dop_operator_v3 to 2025-03-31 21:55:00+00:00, run_after=2025-03-31 21:56:00+00:00
[2025-03-31T21:56:02.101+0000] {processor.py:208} INFO - Processing /home/airflow/.local/lib/python3.12/site-packages/airflow/example_dags/example_branch_python_dop_operator_3.py took 0.237 seconds
[2025-03-31T21:57:20.158+0000] {processor.py:186} INFO - Started process (PID=2904) to work on /home/airflow/.local/lib/python3.12/site-packages/airflow/example_dags/example_branch_python_dop_operator_3.py
[2025-03-31T21:57:20.160+0000] {processor.py:914} INFO - Processing file /home/airflow/.local/lib/python3.12/site-packages/airflow/example_dags/example_branch_python_dop_operator_3.py for tasks to queue
[2025-03-31T21:57:20.164+0000] {logging_mixin.py:190} INFO - [2025-03-31T21:57:20.163+0000] {dagbag.py:588} INFO - Filling up the DagBag from /home/airflow/.local/lib/python3.12/site-packages/airflow/example_dags/example_branch_python_dop_operator_3.py
[2025-03-31T21:57:20.193+0000] {processor.py:925} INFO - DAG(s) 'example_branch_dop_operator_v3' retrieved from /home/airflow/.local/lib/python3.12/site-packages/airflow/example_dags/example_branch_python_dop_operator_3.py
[2025-03-31T21:57:20.249+0000] {logging_mixin.py:190} INFO - [2025-03-31T21:57:20.248+0000] {dag.py:3239} INFO - Sync 1 DAGs
[2025-03-31T21:57:20.301+0000] {logging_mixin.py:190} INFO - [2025-03-31T21:57:20.301+0000] {dag.py:4180} INFO - Setting next_dagrun for example_branch_dop_operator_v3 to 2025-03-31 21:56:00+00:00, run_after=2025-03-31 21:57:00+00:00
[2025-03-31T21:57:20.348+0000] {processor.py:208} INFO - Processing /home/airflow/.local/lib/python3.12/site-packages/airflow/example_dags/example_branch_python_dop_operator_3.py took 0.200 seconds
[2025-03-31T21:57:53.023+0000] {processor.py:186} INFO - Started process (PID=2969) to work on /home/airflow/.local/lib/python3.12/site-packages/airflow/example_dags/example_branch_python_dop_operator_3.py
[2025-03-31T21:57:53.026+0000] {processor.py:914} INFO - Processing file /home/airflow/.local/lib/python3.12/site-packages/airflow/example_dags/example_branch_python_dop_operator_3.py for tasks to queue
[2025-03-31T21:57:53.029+0000] {logging_mixin.py:190} INFO - [2025-03-31T21:57:53.029+0000] {dagbag.py:588} INFO - Filling up the DagBag from /home/airflow/.local/lib/python3.12/site-packages/airflow/example_dags/example_branch_python_dop_operator_3.py
[2025-03-31T21:57:53.055+0000] {processor.py:925} INFO - DAG(s) 'example_branch_dop_operator_v3' retrieved from /home/airflow/.local/lib/python3.12/site-packages/airflow/example_dags/example_branch_python_dop_operator_3.py
[2025-03-31T21:57:53.111+0000] {logging_mixin.py:190} INFO - [2025-03-31T21:57:53.111+0000] {dag.py:3239} INFO - Sync 1 DAGs
[2025-03-31T21:57:53.160+0000] {logging_mixin.py:190} INFO - [2025-03-31T21:57:53.159+0000] {dag.py:4180} INFO - Setting next_dagrun for example_branch_dop_operator_v3 to 2025-03-31 21:56:00+00:00, run_after=2025-03-31 21:57:00+00:00
[2025-03-31T21:57:53.195+0000] {processor.py:208} INFO - Processing /home/airflow/.local/lib/python3.12/site-packages/airflow/example_dags/example_branch_python_dop_operator_3.py took 0.183 seconds
[2025-03-31T21:58:31.661+0000] {processor.py:186} INFO - Started process (PID=3033) to work on /home/airflow/.local/lib/python3.12/site-packages/airflow/example_dags/example_branch_python_dop_operator_3.py
[2025-03-31T21:58:31.664+0000] {processor.py:914} INFO - Processing file /home/airflow/.local/lib/python3.12/site-packages/airflow/example_dags/example_branch_python_dop_operator_3.py for tasks to queue
[2025-03-31T21:58:31.669+0000] {logging_mixin.py:190} INFO - [2025-03-31T21:58:31.668+0000] {dagbag.py:588} INFO - Filling up the DagBag from /home/airflow/.local/lib/python3.12/site-packages/airflow/example_dags/example_branch_python_dop_operator_3.py
[2025-03-31T21:58:31.694+0000] {processor.py:925} INFO - DAG(s) 'example_branch_dop_operator_v3' retrieved from /home/airflow/.local/lib/python3.12/site-packages/airflow/example_dags/example_branch_python_dop_operator_3.py
[2025-03-31T21:58:31.733+0000] {logging_mixin.py:190} INFO - [2025-03-31T21:58:31.733+0000] {dag.py:3239} INFO - Sync 1 DAGs
[2025-03-31T21:58:31.811+0000] {logging_mixin.py:190} INFO - [2025-03-31T21:58:31.811+0000] {dag.py:4180} INFO - Setting next_dagrun for example_branch_dop_operator_v3 to 2025-03-31 21:57:00+00:00, run_after=2025-03-31 21:58:00+00:00
[2025-03-31T21:58:31.853+0000] {processor.py:208} INFO - Processing /home/airflow/.local/lib/python3.12/site-packages/airflow/example_dags/example_branch_python_dop_operator_3.py took 0.206 seconds
[2025-03-31T21:59:18.093+0000] {processor.py:186} INFO - Started process (PID=3102) to work on /home/airflow/.local/lib/python3.12/site-packages/airflow/example_dags/example_branch_python_dop_operator_3.py
[2025-03-31T21:59:18.094+0000] {processor.py:914} INFO - Processing file /home/airflow/.local/lib/python3.12/site-packages/airflow/example_dags/example_branch_python_dop_operator_3.py for tasks to queue
[2025-03-31T21:59:18.098+0000] {logging_mixin.py:190} INFO - [2025-03-31T21:59:18.097+0000] {dagbag.py:588} INFO - Filling up the DagBag from /home/airflow/.local/lib/python3.12/site-packages/airflow/example_dags/example_branch_python_dop_operator_3.py
[2025-03-31T21:59:18.117+0000] {processor.py:925} INFO - DAG(s) 'example_branch_dop_operator_v3' retrieved from /home/airflow/.local/lib/python3.12/site-packages/airflow/example_dags/example_branch_python_dop_operator_3.py
[2025-03-31T21:59:18.152+0000] {logging_mixin.py:190} INFO - [2025-03-31T21:59:18.152+0000] {dag.py:3239} INFO - Sync 1 DAGs
[2025-03-31T21:59:18.200+0000] {logging_mixin.py:190} INFO - [2025-03-31T21:59:18.200+0000] {dag.py:4180} INFO - Setting next_dagrun for example_branch_dop_operator_v3 to 2025-03-31 21:58:00+00:00, run_after=2025-03-31 21:59:00+00:00
[2025-03-31T21:59:18.239+0000] {processor.py:208} INFO - Processing /home/airflow/.local/lib/python3.12/site-packages/airflow/example_dags/example_branch_python_dop_operator_3.py took 0.159 seconds
[2025-03-31T21:59:51.909+0000] {processor.py:186} INFO - Started process (PID=3165) to work on /home/airflow/.local/lib/python3.12/site-packages/airflow/example_dags/example_branch_python_dop_operator_3.py
[2025-03-31T21:59:51.916+0000] {processor.py:914} INFO - Processing file /home/airflow/.local/lib/python3.12/site-packages/airflow/example_dags/example_branch_python_dop_operator_3.py for tasks to queue
[2025-03-31T21:59:51.931+0000] {logging_mixin.py:190} INFO - [2025-03-31T21:59:51.929+0000] {dagbag.py:588} INFO - Filling up the DagBag from /home/airflow/.local/lib/python3.12/site-packages/airflow/example_dags/example_branch_python_dop_operator_3.py
[2025-03-31T21:59:52.029+0000] {processor.py:925} INFO - DAG(s) 'example_branch_dop_operator_v3' retrieved from /home/airflow/.local/lib/python3.12/site-packages/airflow/example_dags/example_branch_python_dop_operator_3.py
[2025-03-31T21:59:52.192+0000] {logging_mixin.py:190} INFO - [2025-03-31T21:59:52.191+0000] {dag.py:3239} INFO - Sync 1 DAGs
[2025-03-31T21:59:52.419+0000] {logging_mixin.py:190} INFO - [2025-03-31T21:59:52.419+0000] {dag.py:4180} INFO - Setting next_dagrun for example_branch_dop_operator_v3 to 2025-03-31 21:58:00+00:00, run_after=2025-03-31 21:59:00+00:00
[2025-03-31T21:59:52.589+0000] {processor.py:208} INFO - Processing /home/airflow/.local/lib/python3.12/site-packages/airflow/example_dags/example_branch_python_dop_operator_3.py took 0.728 seconds
[2025-03-31T22:00:23.114+0000] {processor.py:186} INFO - Started process (PID=3229) to work on /home/airflow/.local/lib/python3.12/site-packages/airflow/example_dags/example_branch_python_dop_operator_3.py
[2025-03-31T22:00:23.116+0000] {processor.py:914} INFO - Processing file /home/airflow/.local/lib/python3.12/site-packages/airflow/example_dags/example_branch_python_dop_operator_3.py for tasks to queue
[2025-03-31T22:00:23.119+0000] {logging_mixin.py:190} INFO - [2025-03-31T22:00:23.119+0000] {dagbag.py:588} INFO - Filling up the DagBag from /home/airflow/.local/lib/python3.12/site-packages/airflow/example_dags/example_branch_python_dop_operator_3.py
[2025-03-31T22:00:23.143+0000] {processor.py:925} INFO - DAG(s) 'example_branch_dop_operator_v3' retrieved from /home/airflow/.local/lib/python3.12/site-packages/airflow/example_dags/example_branch_python_dop_operator_3.py
[2025-03-31T22:00:23.195+0000] {logging_mixin.py:190} INFO - [2025-03-31T22:00:23.195+0000] {dag.py:3239} INFO - Sync 1 DAGs
[2025-03-31T22:00:23.255+0000] {logging_mixin.py:190} INFO - [2025-03-31T22:00:23.255+0000] {dag.py:4180} INFO - Setting next_dagrun for example_branch_dop_operator_v3 to 2025-03-31 21:59:00+00:00, run_after=2025-03-31 22:00:00+00:00
[2025-03-31T22:00:23.291+0000] {processor.py:208} INFO - Processing /home/airflow/.local/lib/python3.12/site-packages/airflow/example_dags/example_branch_python_dop_operator_3.py took 0.190 seconds
[2025-03-31T22:00:58.125+0000] {processor.py:186} INFO - Started process (PID=3295) to work on /home/airflow/.local/lib/python3.12/site-packages/airflow/example_dags/example_branch_python_dop_operator_3.py
[2025-03-31T22:00:58.128+0000] {processor.py:914} INFO - Processing file /home/airflow/.local/lib/python3.12/site-packages/airflow/example_dags/example_branch_python_dop_operator_3.py for tasks to queue
[2025-03-31T22:00:58.136+0000] {logging_mixin.py:190} INFO - [2025-03-31T22:00:58.134+0000] {dagbag.py:588} INFO - Filling up the DagBag from /home/airflow/.local/lib/python3.12/site-packages/airflow/example_dags/example_branch_python_dop_operator_3.py
[2025-03-31T22:00:58.168+0000] {processor.py:925} INFO - DAG(s) 'example_branch_dop_operator_v3' retrieved from /home/airflow/.local/lib/python3.12/site-packages/airflow/example_dags/example_branch_python_dop_operator_3.py
[2025-03-31T22:00:58.229+0000] {logging_mixin.py:190} INFO - [2025-03-31T22:00:58.228+0000] {dag.py:3239} INFO - Sync 1 DAGs
[2025-03-31T22:00:58.338+0000] {logging_mixin.py:190} INFO - [2025-03-31T22:00:58.336+0000] {dag.py:4180} INFO - Setting next_dagrun for example_branch_dop_operator_v3 to 2025-03-31 21:59:00+00:00, run_after=2025-03-31 22:00:00+00:00
[2025-03-31T22:00:58.420+0000] {processor.py:208} INFO - Processing /home/airflow/.local/lib/python3.12/site-packages/airflow/example_dags/example_branch_python_dop_operator_3.py took 0.329 seconds
