[2025-03-31T21:21:49.429+0000] {processor.py:186} INFO - Started process (PID=117) to work on /home/airflow/.local/lib/python3.12/site-packages/airflow/example_dags/tutorial_dag.py
[2025-03-31T21:21:49.434+0000] {processor.py:914} INFO - Processing file /home/airflow/.local/lib/python3.12/site-packages/airflow/example_dags/tutorial_dag.py for tasks to queue
[2025-03-31T21:21:49.441+0000] {logging_mixin.py:190} INFO - [2025-03-31T21:21:49.440+0000] {dagbag.py:588} INFO - Filling up the DagBag from /home/airflow/.local/lib/python3.12/site-packages/airflow/example_dags/tutorial_dag.py
[2025-03-31T21:21:49.465+0000] {processor.py:925} INFO - DAG(s) 'tutorial_dag' retrieved from /home/airflow/.local/lib/python3.12/site-packages/airflow/example_dags/tutorial_dag.py
[2025-03-31T21:21:50.189+0000] {logging_mixin.py:190} INFO - [2025-03-31T21:21:50.182+0000] {override.py:1912} INFO - Created Permission View: can edit on DAG:tutorial_dag
[2025-03-31T21:21:50.241+0000] {logging_mixin.py:190} INFO - [2025-03-31T21:21:50.240+0000] {override.py:1912} INFO - Created Permission View: can delete on DAG:tutorial_dag
[2025-03-31T21:21:50.259+0000] {logging_mixin.py:190} INFO - [2025-03-31T21:21:50.259+0000] {override.py:1912} INFO - Created Permission View: can read on DAG:tutorial_dag
[2025-03-31T21:21:50.300+0000] {logging_mixin.py:190} INFO - [2025-03-31T21:21:50.298+0000] {override.py:1912} INFO - Created Permission View: menu access on DAG Run:tutorial_dag
[2025-03-31T21:21:50.344+0000] {logging_mixin.py:190} INFO - [2025-03-31T21:21:50.343+0000] {override.py:1912} INFO - Created Permission View: can delete on DAG Run:tutorial_dag
[2025-03-31T21:21:50.372+0000] {logging_mixin.py:190} INFO - [2025-03-31T21:21:50.371+0000] {override.py:1912} INFO - Created Permission View: can read on DAG Run:tutorial_dag
[2025-03-31T21:21:50.404+0000] {logging_mixin.py:190} INFO - [2025-03-31T21:21:50.404+0000] {override.py:1912} INFO - Created Permission View: can create on DAG Run:tutorial_dag
[2025-03-31T21:21:50.407+0000] {logging_mixin.py:190} INFO - [2025-03-31T21:21:50.406+0000] {dag.py:3239} INFO - Sync 1 DAGs
[2025-03-31T21:21:50.462+0000] {logging_mixin.py:190} INFO - [2025-03-31T21:21:50.458+0000] {dag.py:3262} INFO - Creating ORM DAG for tutorial_dag
[2025-03-31T21:21:50.469+0000] {logging_mixin.py:190} INFO - [2025-03-31T21:21:50.468+0000] {dag.py:4180} INFO - Setting next_dagrun for tutorial_dag to None, run_after=None
[2025-03-31T21:21:50.557+0000] {processor.py:208} INFO - Processing /home/airflow/.local/lib/python3.12/site-packages/airflow/example_dags/tutorial_dag.py took 1.156 seconds
[2025-03-31T21:22:20.805+0000] {processor.py:186} INFO - Started process (PID=180) to work on /home/airflow/.local/lib/python3.12/site-packages/airflow/example_dags/tutorial_dag.py
[2025-03-31T21:22:20.808+0000] {processor.py:914} INFO - Processing file /home/airflow/.local/lib/python3.12/site-packages/airflow/example_dags/tutorial_dag.py for tasks to queue
[2025-03-31T21:22:20.815+0000] {logging_mixin.py:190} INFO - [2025-03-31T21:22:20.814+0000] {dagbag.py:588} INFO - Filling up the DagBag from /home/airflow/.local/lib/python3.12/site-packages/airflow/example_dags/tutorial_dag.py
[2025-03-31T21:22:20.835+0000] {processor.py:925} INFO - DAG(s) 'tutorial_dag' retrieved from /home/airflow/.local/lib/python3.12/site-packages/airflow/example_dags/tutorial_dag.py
[2025-03-31T21:22:20.880+0000] {logging_mixin.py:190} INFO - [2025-03-31T21:22:20.879+0000] {dag.py:3239} INFO - Sync 1 DAGs
[2025-03-31T21:22:20.914+0000] {logging_mixin.py:190} INFO - [2025-03-31T21:22:20.914+0000] {dag.py:4180} INFO - Setting next_dagrun for tutorial_dag to None, run_after=None
[2025-03-31T21:22:20.946+0000] {processor.py:208} INFO - Processing /home/airflow/.local/lib/python3.12/site-packages/airflow/example_dags/tutorial_dag.py took 0.166 seconds
[2025-03-31T21:22:51.035+0000] {processor.py:186} INFO - Started process (PID=243) to work on /home/airflow/.local/lib/python3.12/site-packages/airflow/example_dags/tutorial_dag.py
[2025-03-31T21:22:51.037+0000] {processor.py:914} INFO - Processing file /home/airflow/.local/lib/python3.12/site-packages/airflow/example_dags/tutorial_dag.py for tasks to queue
[2025-03-31T21:22:51.043+0000] {logging_mixin.py:190} INFO - [2025-03-31T21:22:51.042+0000] {dagbag.py:588} INFO - Filling up the DagBag from /home/airflow/.local/lib/python3.12/site-packages/airflow/example_dags/tutorial_dag.py
[2025-03-31T21:22:51.058+0000] {processor.py:925} INFO - DAG(s) 'tutorial_dag' retrieved from /home/airflow/.local/lib/python3.12/site-packages/airflow/example_dags/tutorial_dag.py
[2025-03-31T21:22:51.093+0000] {logging_mixin.py:190} INFO - [2025-03-31T21:22:51.092+0000] {dag.py:3239} INFO - Sync 1 DAGs
[2025-03-31T21:22:51.117+0000] {logging_mixin.py:190} INFO - [2025-03-31T21:22:51.117+0000] {dag.py:4180} INFO - Setting next_dagrun for tutorial_dag to None, run_after=None
[2025-03-31T21:22:51.149+0000] {processor.py:208} INFO - Processing /home/airflow/.local/lib/python3.12/site-packages/airflow/example_dags/tutorial_dag.py took 0.127 seconds
[2025-03-31T21:23:28.624+0000] {processor.py:186} INFO - Started process (PID=306) to work on /home/airflow/.local/lib/python3.12/site-packages/airflow/example_dags/tutorial_dag.py
[2025-03-31T21:23:28.626+0000] {processor.py:914} INFO - Processing file /home/airflow/.local/lib/python3.12/site-packages/airflow/example_dags/tutorial_dag.py for tasks to queue
[2025-03-31T21:23:28.630+0000] {logging_mixin.py:190} INFO - [2025-03-31T21:23:28.630+0000] {dagbag.py:588} INFO - Filling up the DagBag from /home/airflow/.local/lib/python3.12/site-packages/airflow/example_dags/tutorial_dag.py
[2025-03-31T21:23:28.649+0000] {processor.py:925} INFO - DAG(s) 'tutorial_dag' retrieved from /home/airflow/.local/lib/python3.12/site-packages/airflow/example_dags/tutorial_dag.py
[2025-03-31T21:23:28.686+0000] {logging_mixin.py:190} INFO - [2025-03-31T21:23:28.686+0000] {dag.py:3239} INFO - Sync 1 DAGs
[2025-03-31T21:23:28.714+0000] {logging_mixin.py:190} INFO - [2025-03-31T21:23:28.714+0000] {dag.py:4180} INFO - Setting next_dagrun for tutorial_dag to None, run_after=None
[2025-03-31T21:23:28.744+0000] {processor.py:208} INFO - Processing /home/airflow/.local/lib/python3.12/site-packages/airflow/example_dags/tutorial_dag.py took 0.131 seconds
[2025-03-31T21:24:03.260+0000] {processor.py:186} INFO - Started process (PID=368) to work on /home/airflow/.local/lib/python3.12/site-packages/airflow/example_dags/tutorial_dag.py
[2025-03-31T21:24:03.262+0000] {processor.py:914} INFO - Processing file /home/airflow/.local/lib/python3.12/site-packages/airflow/example_dags/tutorial_dag.py for tasks to queue
[2025-03-31T21:24:03.271+0000] {logging_mixin.py:190} INFO - [2025-03-31T21:24:03.270+0000] {dagbag.py:588} INFO - Filling up the DagBag from /home/airflow/.local/lib/python3.12/site-packages/airflow/example_dags/tutorial_dag.py
[2025-03-31T21:24:03.295+0000] {processor.py:925} INFO - DAG(s) 'tutorial_dag' retrieved from /home/airflow/.local/lib/python3.12/site-packages/airflow/example_dags/tutorial_dag.py
[2025-03-31T21:24:03.350+0000] {logging_mixin.py:190} INFO - [2025-03-31T21:24:03.350+0000] {dag.py:3239} INFO - Sync 1 DAGs
[2025-03-31T21:24:03.382+0000] {logging_mixin.py:190} INFO - [2025-03-31T21:24:03.381+0000] {dag.py:4180} INFO - Setting next_dagrun for tutorial_dag to None, run_after=None
[2025-03-31T21:24:03.424+0000] {processor.py:208} INFO - Processing /home/airflow/.local/lib/python3.12/site-packages/airflow/example_dags/tutorial_dag.py took 0.180 seconds
[2025-03-31T21:24:43.443+0000] {processor.py:186} INFO - Started process (PID=431) to work on /home/airflow/.local/lib/python3.12/site-packages/airflow/example_dags/tutorial_dag.py
[2025-03-31T21:24:43.454+0000] {processor.py:914} INFO - Processing file /home/airflow/.local/lib/python3.12/site-packages/airflow/example_dags/tutorial_dag.py for tasks to queue
[2025-03-31T21:24:43.467+0000] {logging_mixin.py:190} INFO - [2025-03-31T21:24:43.466+0000] {dagbag.py:588} INFO - Filling up the DagBag from /home/airflow/.local/lib/python3.12/site-packages/airflow/example_dags/tutorial_dag.py
[2025-03-31T21:24:43.529+0000] {processor.py:925} INFO - DAG(s) 'tutorial_dag' retrieved from /home/airflow/.local/lib/python3.12/site-packages/airflow/example_dags/tutorial_dag.py
[2025-03-31T21:24:43.637+0000] {logging_mixin.py:190} INFO - [2025-03-31T21:24:43.637+0000] {dag.py:3239} INFO - Sync 1 DAGs
[2025-03-31T21:24:43.723+0000] {logging_mixin.py:190} INFO - [2025-03-31T21:24:43.723+0000] {dag.py:4180} INFO - Setting next_dagrun for tutorial_dag to None, run_after=None
[2025-03-31T21:24:43.852+0000] {processor.py:208} INFO - Processing /home/airflow/.local/lib/python3.12/site-packages/airflow/example_dags/tutorial_dag.py took 0.424 seconds
[2025-03-31T21:26:46.050+0000] {processor.py:186} INFO - Started process (PID=532) to work on /home/airflow/.local/lib/python3.12/site-packages/airflow/example_dags/tutorial_dag.py
[2025-03-31T21:26:46.063+0000] {processor.py:914} INFO - Processing file /home/airflow/.local/lib/python3.12/site-packages/airflow/example_dags/tutorial_dag.py for tasks to queue
[2025-03-31T21:26:46.072+0000] {logging_mixin.py:190} INFO - [2025-03-31T21:26:46.072+0000] {dagbag.py:588} INFO - Filling up the DagBag from /home/airflow/.local/lib/python3.12/site-packages/airflow/example_dags/tutorial_dag.py
[2025-03-31T21:26:46.113+0000] {processor.py:925} INFO - DAG(s) 'tutorial_dag' retrieved from /home/airflow/.local/lib/python3.12/site-packages/airflow/example_dags/tutorial_dag.py
[2025-03-31T21:26:46.223+0000] {logging_mixin.py:190} INFO - [2025-03-31T21:26:46.213+0000] {dag.py:3239} INFO - Sync 1 DAGs
[2025-03-31T21:26:46.268+0000] {logging_mixin.py:190} INFO - [2025-03-31T21:26:46.268+0000] {dag.py:4180} INFO - Setting next_dagrun for tutorial_dag to None, run_after=None
[2025-03-31T21:26:46.335+0000] {processor.py:208} INFO - Processing /home/airflow/.local/lib/python3.12/site-packages/airflow/example_dags/tutorial_dag.py took 0.319 seconds
[2025-03-31T21:27:17.377+0000] {processor.py:186} INFO - Started process (PID=595) to work on /home/airflow/.local/lib/python3.12/site-packages/airflow/example_dags/tutorial_dag.py
[2025-03-31T21:27:17.379+0000] {processor.py:914} INFO - Processing file /home/airflow/.local/lib/python3.12/site-packages/airflow/example_dags/tutorial_dag.py for tasks to queue
[2025-03-31T21:27:17.381+0000] {logging_mixin.py:190} INFO - [2025-03-31T21:27:17.380+0000] {dagbag.py:588} INFO - Filling up the DagBag from /home/airflow/.local/lib/python3.12/site-packages/airflow/example_dags/tutorial_dag.py
[2025-03-31T21:27:17.399+0000] {processor.py:925} INFO - DAG(s) 'tutorial_dag' retrieved from /home/airflow/.local/lib/python3.12/site-packages/airflow/example_dags/tutorial_dag.py
[2025-03-31T21:27:17.452+0000] {logging_mixin.py:190} INFO - [2025-03-31T21:27:17.452+0000] {dag.py:3239} INFO - Sync 1 DAGs
[2025-03-31T21:27:17.506+0000] {logging_mixin.py:190} INFO - [2025-03-31T21:27:17.506+0000] {dag.py:4180} INFO - Setting next_dagrun for tutorial_dag to None, run_after=None
[2025-03-31T21:27:17.565+0000] {processor.py:208} INFO - Processing /home/airflow/.local/lib/python3.12/site-packages/airflow/example_dags/tutorial_dag.py took 0.201 seconds
[2025-03-31T21:27:48.153+0000] {processor.py:186} INFO - Started process (PID=658) to work on /home/airflow/.local/lib/python3.12/site-packages/airflow/example_dags/tutorial_dag.py
[2025-03-31T21:27:48.155+0000] {processor.py:914} INFO - Processing file /home/airflow/.local/lib/python3.12/site-packages/airflow/example_dags/tutorial_dag.py for tasks to queue
[2025-03-31T21:27:48.160+0000] {logging_mixin.py:190} INFO - [2025-03-31T21:27:48.159+0000] {dagbag.py:588} INFO - Filling up the DagBag from /home/airflow/.local/lib/python3.12/site-packages/airflow/example_dags/tutorial_dag.py
[2025-03-31T21:27:48.178+0000] {processor.py:925} INFO - DAG(s) 'tutorial_dag' retrieved from /home/airflow/.local/lib/python3.12/site-packages/airflow/example_dags/tutorial_dag.py
[2025-03-31T21:27:48.216+0000] {logging_mixin.py:190} INFO - [2025-03-31T21:27:48.216+0000] {dag.py:3239} INFO - Sync 1 DAGs
[2025-03-31T21:27:48.247+0000] {logging_mixin.py:190} INFO - [2025-03-31T21:27:48.247+0000] {dag.py:4180} INFO - Setting next_dagrun for tutorial_dag to None, run_after=None
[2025-03-31T21:27:48.292+0000] {processor.py:208} INFO - Processing /home/airflow/.local/lib/python3.12/site-packages/airflow/example_dags/tutorial_dag.py took 0.152 seconds
[2025-03-31T21:28:18.715+0000] {processor.py:186} INFO - Started process (PID=721) to work on /home/airflow/.local/lib/python3.12/site-packages/airflow/example_dags/tutorial_dag.py
[2025-03-31T21:28:18.717+0000] {processor.py:914} INFO - Processing file /home/airflow/.local/lib/python3.12/site-packages/airflow/example_dags/tutorial_dag.py for tasks to queue
[2025-03-31T21:28:18.721+0000] {logging_mixin.py:190} INFO - [2025-03-31T21:28:18.720+0000] {dagbag.py:588} INFO - Filling up the DagBag from /home/airflow/.local/lib/python3.12/site-packages/airflow/example_dags/tutorial_dag.py
[2025-03-31T21:28:18.738+0000] {processor.py:925} INFO - DAG(s) 'tutorial_dag' retrieved from /home/airflow/.local/lib/python3.12/site-packages/airflow/example_dags/tutorial_dag.py
[2025-03-31T21:28:18.774+0000] {logging_mixin.py:190} INFO - [2025-03-31T21:28:18.774+0000] {dag.py:3239} INFO - Sync 1 DAGs
[2025-03-31T21:28:18.803+0000] {logging_mixin.py:190} INFO - [2025-03-31T21:28:18.803+0000] {dag.py:4180} INFO - Setting next_dagrun for tutorial_dag to None, run_after=None
[2025-03-31T21:28:18.855+0000] {processor.py:208} INFO - Processing /home/airflow/.local/lib/python3.12/site-packages/airflow/example_dags/tutorial_dag.py took 0.150 seconds
[2025-03-31T21:28:49.520+0000] {processor.py:186} INFO - Started process (PID=784) to work on /home/airflow/.local/lib/python3.12/site-packages/airflow/example_dags/tutorial_dag.py
[2025-03-31T21:28:49.523+0000] {processor.py:914} INFO - Processing file /home/airflow/.local/lib/python3.12/site-packages/airflow/example_dags/tutorial_dag.py for tasks to queue
[2025-03-31T21:28:49.527+0000] {logging_mixin.py:190} INFO - [2025-03-31T21:28:49.526+0000] {dagbag.py:588} INFO - Filling up the DagBag from /home/airflow/.local/lib/python3.12/site-packages/airflow/example_dags/tutorial_dag.py
[2025-03-31T21:28:49.546+0000] {processor.py:925} INFO - DAG(s) 'tutorial_dag' retrieved from /home/airflow/.local/lib/python3.12/site-packages/airflow/example_dags/tutorial_dag.py
[2025-03-31T21:28:49.602+0000] {logging_mixin.py:190} INFO - [2025-03-31T21:28:49.601+0000] {dag.py:3239} INFO - Sync 1 DAGs
[2025-03-31T21:28:49.636+0000] {logging_mixin.py:190} INFO - [2025-03-31T21:28:49.635+0000] {dag.py:4180} INFO - Setting next_dagrun for tutorial_dag to None, run_after=None
[2025-03-31T21:28:49.670+0000] {processor.py:208} INFO - Processing /home/airflow/.local/lib/python3.12/site-packages/airflow/example_dags/tutorial_dag.py took 0.162 seconds
[2025-03-31T21:29:21.565+0000] {processor.py:186} INFO - Started process (PID=847) to work on /home/airflow/.local/lib/python3.12/site-packages/airflow/example_dags/tutorial_dag.py
[2025-03-31T21:29:21.573+0000] {processor.py:914} INFO - Processing file /home/airflow/.local/lib/python3.12/site-packages/airflow/example_dags/tutorial_dag.py for tasks to queue
[2025-03-31T21:29:21.580+0000] {logging_mixin.py:190} INFO - [2025-03-31T21:29:21.579+0000] {dagbag.py:588} INFO - Filling up the DagBag from /home/airflow/.local/lib/python3.12/site-packages/airflow/example_dags/tutorial_dag.py
[2025-03-31T21:29:21.619+0000] {processor.py:925} INFO - DAG(s) 'tutorial_dag' retrieved from /home/airflow/.local/lib/python3.12/site-packages/airflow/example_dags/tutorial_dag.py
[2025-03-31T21:29:21.745+0000] {logging_mixin.py:190} INFO - [2025-03-31T21:29:21.744+0000] {dag.py:3239} INFO - Sync 1 DAGs
[2025-03-31T21:29:21.841+0000] {logging_mixin.py:190} INFO - [2025-03-31T21:29:21.840+0000] {dag.py:4180} INFO - Setting next_dagrun for tutorial_dag to None, run_after=None
[2025-03-31T21:29:21.886+0000] {processor.py:208} INFO - Processing /home/airflow/.local/lib/python3.12/site-packages/airflow/example_dags/tutorial_dag.py took 0.345 seconds
[2025-03-31T21:30:33.920+0000] {processor.py:186} INFO - Started process (PID=916) to work on /home/airflow/.local/lib/python3.12/site-packages/airflow/example_dags/tutorial_dag.py
[2025-03-31T21:30:33.922+0000] {processor.py:914} INFO - Processing file /home/airflow/.local/lib/python3.12/site-packages/airflow/example_dags/tutorial_dag.py for tasks to queue
[2025-03-31T21:30:33.925+0000] {logging_mixin.py:190} INFO - [2025-03-31T21:30:33.924+0000] {dagbag.py:588} INFO - Filling up the DagBag from /home/airflow/.local/lib/python3.12/site-packages/airflow/example_dags/tutorial_dag.py
[2025-03-31T21:30:33.948+0000] {processor.py:925} INFO - DAG(s) 'tutorial_dag' retrieved from /home/airflow/.local/lib/python3.12/site-packages/airflow/example_dags/tutorial_dag.py
[2025-03-31T21:30:34.086+0000] {logging_mixin.py:190} INFO - [2025-03-31T21:30:34.083+0000] {dag.py:3239} INFO - Sync 1 DAGs
[2025-03-31T21:30:34.150+0000] {logging_mixin.py:190} INFO - [2025-03-31T21:30:34.150+0000] {dag.py:4180} INFO - Setting next_dagrun for tutorial_dag to None, run_after=None
[2025-03-31T21:30:34.219+0000] {processor.py:208} INFO - Processing /home/airflow/.local/lib/python3.12/site-packages/airflow/example_dags/tutorial_dag.py took 0.338 seconds
[2025-03-31T21:31:05.069+0000] {processor.py:186} INFO - Started process (PID=975) to work on /home/airflow/.local/lib/python3.12/site-packages/airflow/example_dags/tutorial_dag.py
[2025-03-31T21:31:05.082+0000] {processor.py:914} INFO - Processing file /home/airflow/.local/lib/python3.12/site-packages/airflow/example_dags/tutorial_dag.py for tasks to queue
[2025-03-31T21:31:05.087+0000] {logging_mixin.py:190} INFO - [2025-03-31T21:31:05.086+0000] {dagbag.py:588} INFO - Filling up the DagBag from /home/airflow/.local/lib/python3.12/site-packages/airflow/example_dags/tutorial_dag.py
[2025-03-31T21:31:05.127+0000] {processor.py:925} INFO - DAG(s) 'tutorial_dag' retrieved from /home/airflow/.local/lib/python3.12/site-packages/airflow/example_dags/tutorial_dag.py
[2025-03-31T21:31:05.229+0000] {logging_mixin.py:190} INFO - [2025-03-31T21:31:05.228+0000] {dag.py:3239} INFO - Sync 1 DAGs
[2025-03-31T21:31:05.261+0000] {logging_mixin.py:190} INFO - [2025-03-31T21:31:05.261+0000] {dag.py:4180} INFO - Setting next_dagrun for tutorial_dag to None, run_after=None
[2025-03-31T21:31:05.299+0000] {processor.py:208} INFO - Processing /home/airflow/.local/lib/python3.12/site-packages/airflow/example_dags/tutorial_dag.py took 0.269 seconds
[2025-03-31T21:31:35.623+0000] {processor.py:186} INFO - Started process (PID=1039) to work on /home/airflow/.local/lib/python3.12/site-packages/airflow/example_dags/tutorial_dag.py
[2025-03-31T21:31:35.639+0000] {processor.py:914} INFO - Processing file /home/airflow/.local/lib/python3.12/site-packages/airflow/example_dags/tutorial_dag.py for tasks to queue
[2025-03-31T21:31:35.644+0000] {logging_mixin.py:190} INFO - [2025-03-31T21:31:35.643+0000] {dagbag.py:588} INFO - Filling up the DagBag from /home/airflow/.local/lib/python3.12/site-packages/airflow/example_dags/tutorial_dag.py
[2025-03-31T21:31:35.663+0000] {processor.py:925} INFO - DAG(s) 'tutorial_dag' retrieved from /home/airflow/.local/lib/python3.12/site-packages/airflow/example_dags/tutorial_dag.py
[2025-03-31T21:31:35.708+0000] {logging_mixin.py:190} INFO - [2025-03-31T21:31:35.707+0000] {dag.py:3239} INFO - Sync 1 DAGs
[2025-03-31T21:31:35.752+0000] {logging_mixin.py:190} INFO - [2025-03-31T21:31:35.751+0000] {dag.py:4180} INFO - Setting next_dagrun for tutorial_dag to None, run_after=None
[2025-03-31T21:31:35.795+0000] {processor.py:208} INFO - Processing /home/airflow/.local/lib/python3.12/site-packages/airflow/example_dags/tutorial_dag.py took 0.184 seconds
[2025-03-31T21:32:06.173+0000] {processor.py:186} INFO - Started process (PID=1108) to work on /home/airflow/.local/lib/python3.12/site-packages/airflow/example_dags/tutorial_dag.py
[2025-03-31T21:32:06.197+0000] {processor.py:914} INFO - Processing file /home/airflow/.local/lib/python3.12/site-packages/airflow/example_dags/tutorial_dag.py for tasks to queue
[2025-03-31T21:32:06.200+0000] {logging_mixin.py:190} INFO - [2025-03-31T21:32:06.199+0000] {dagbag.py:588} INFO - Filling up the DagBag from /home/airflow/.local/lib/python3.12/site-packages/airflow/example_dags/tutorial_dag.py
[2025-03-31T21:32:06.256+0000] {processor.py:925} INFO - DAG(s) 'tutorial_dag' retrieved from /home/airflow/.local/lib/python3.12/site-packages/airflow/example_dags/tutorial_dag.py
[2025-03-31T21:32:06.393+0000] {logging_mixin.py:190} INFO - [2025-03-31T21:32:06.392+0000] {dag.py:3239} INFO - Sync 1 DAGs
[2025-03-31T21:32:06.491+0000] {logging_mixin.py:190} INFO - [2025-03-31T21:32:06.491+0000] {dag.py:4180} INFO - Setting next_dagrun for tutorial_dag to None, run_after=None
[2025-03-31T21:32:06.631+0000] {processor.py:208} INFO - Processing /home/airflow/.local/lib/python3.12/site-packages/airflow/example_dags/tutorial_dag.py took 0.502 seconds
[2025-03-31T21:32:37.219+0000] {processor.py:186} INFO - Started process (PID=1171) to work on /home/airflow/.local/lib/python3.12/site-packages/airflow/example_dags/tutorial_dag.py
[2025-03-31T21:32:37.221+0000] {processor.py:914} INFO - Processing file /home/airflow/.local/lib/python3.12/site-packages/airflow/example_dags/tutorial_dag.py for tasks to queue
[2025-03-31T21:32:37.225+0000] {logging_mixin.py:190} INFO - [2025-03-31T21:32:37.224+0000] {dagbag.py:588} INFO - Filling up the DagBag from /home/airflow/.local/lib/python3.12/site-packages/airflow/example_dags/tutorial_dag.py
[2025-03-31T21:32:37.242+0000] {processor.py:925} INFO - DAG(s) 'tutorial_dag' retrieved from /home/airflow/.local/lib/python3.12/site-packages/airflow/example_dags/tutorial_dag.py
[2025-03-31T21:32:37.280+0000] {logging_mixin.py:190} INFO - [2025-03-31T21:32:37.280+0000] {dag.py:3239} INFO - Sync 1 DAGs
[2025-03-31T21:32:37.320+0000] {logging_mixin.py:190} INFO - [2025-03-31T21:32:37.320+0000] {dag.py:4180} INFO - Setting next_dagrun for tutorial_dag to None, run_after=None
[2025-03-31T21:32:37.359+0000] {processor.py:208} INFO - Processing /home/airflow/.local/lib/python3.12/site-packages/airflow/example_dags/tutorial_dag.py took 0.154 seconds
[2025-03-31T21:33:07.787+0000] {processor.py:186} INFO - Started process (PID=1236) to work on /home/airflow/.local/lib/python3.12/site-packages/airflow/example_dags/tutorial_dag.py
[2025-03-31T21:33:07.794+0000] {processor.py:914} INFO - Processing file /home/airflow/.local/lib/python3.12/site-packages/airflow/example_dags/tutorial_dag.py for tasks to queue
[2025-03-31T21:33:07.797+0000] {logging_mixin.py:190} INFO - [2025-03-31T21:33:07.796+0000] {dagbag.py:588} INFO - Filling up the DagBag from /home/airflow/.local/lib/python3.12/site-packages/airflow/example_dags/tutorial_dag.py
[2025-03-31T21:33:07.812+0000] {processor.py:925} INFO - DAG(s) 'tutorial_dag' retrieved from /home/airflow/.local/lib/python3.12/site-packages/airflow/example_dags/tutorial_dag.py
[2025-03-31T21:33:07.846+0000] {logging_mixin.py:190} INFO - [2025-03-31T21:33:07.846+0000] {dag.py:3239} INFO - Sync 1 DAGs
[2025-03-31T21:33:07.877+0000] {logging_mixin.py:190} INFO - [2025-03-31T21:33:07.876+0000] {dag.py:4180} INFO - Setting next_dagrun for tutorial_dag to None, run_after=None
[2025-03-31T21:33:07.916+0000] {processor.py:208} INFO - Processing /home/airflow/.local/lib/python3.12/site-packages/airflow/example_dags/tutorial_dag.py took 0.150 seconds
[2025-03-31T21:33:38.001+0000] {processor.py:186} INFO - Started process (PID=1300) to work on /home/airflow/.local/lib/python3.12/site-packages/airflow/example_dags/tutorial_dag.py
[2025-03-31T21:33:38.002+0000] {processor.py:914} INFO - Processing file /home/airflow/.local/lib/python3.12/site-packages/airflow/example_dags/tutorial_dag.py for tasks to queue
[2025-03-31T21:33:38.005+0000] {logging_mixin.py:190} INFO - [2025-03-31T21:33:38.005+0000] {dagbag.py:588} INFO - Filling up the DagBag from /home/airflow/.local/lib/python3.12/site-packages/airflow/example_dags/tutorial_dag.py
[2025-03-31T21:33:38.024+0000] {processor.py:925} INFO - DAG(s) 'tutorial_dag' retrieved from /home/airflow/.local/lib/python3.12/site-packages/airflow/example_dags/tutorial_dag.py
[2025-03-31T21:33:38.070+0000] {logging_mixin.py:190} INFO - [2025-03-31T21:33:38.070+0000] {dag.py:3239} INFO - Sync 1 DAGs
[2025-03-31T21:33:38.101+0000] {logging_mixin.py:190} INFO - [2025-03-31T21:33:38.101+0000] {dag.py:4180} INFO - Setting next_dagrun for tutorial_dag to None, run_after=None
[2025-03-31T21:33:38.156+0000] {processor.py:208} INFO - Processing /home/airflow/.local/lib/python3.12/site-packages/airflow/example_dags/tutorial_dag.py took 0.175 seconds
[2025-03-31T21:34:08.927+0000] {processor.py:186} INFO - Started process (PID=1362) to work on /home/airflow/.local/lib/python3.12/site-packages/airflow/example_dags/tutorial_dag.py
[2025-03-31T21:34:08.931+0000] {processor.py:914} INFO - Processing file /home/airflow/.local/lib/python3.12/site-packages/airflow/example_dags/tutorial_dag.py for tasks to queue
[2025-03-31T21:34:08.934+0000] {logging_mixin.py:190} INFO - [2025-03-31T21:34:08.933+0000] {dagbag.py:588} INFO - Filling up the DagBag from /home/airflow/.local/lib/python3.12/site-packages/airflow/example_dags/tutorial_dag.py
[2025-03-31T21:34:08.952+0000] {processor.py:925} INFO - DAG(s) 'tutorial_dag' retrieved from /home/airflow/.local/lib/python3.12/site-packages/airflow/example_dags/tutorial_dag.py
[2025-03-31T21:34:09.006+0000] {logging_mixin.py:190} INFO - [2025-03-31T21:34:09.006+0000] {dag.py:3239} INFO - Sync 1 DAGs
[2025-03-31T21:34:09.053+0000] {logging_mixin.py:190} INFO - [2025-03-31T21:34:09.053+0000] {dag.py:4180} INFO - Setting next_dagrun for tutorial_dag to None, run_after=None
[2025-03-31T21:34:09.099+0000] {processor.py:208} INFO - Processing /home/airflow/.local/lib/python3.12/site-packages/airflow/example_dags/tutorial_dag.py took 0.186 seconds
[2025-03-31T21:34:41.447+0000] {processor.py:186} INFO - Started process (PID=1427) to work on /home/airflow/.local/lib/python3.12/site-packages/airflow/example_dags/tutorial_dag.py
[2025-03-31T21:34:41.449+0000] {processor.py:914} INFO - Processing file /home/airflow/.local/lib/python3.12/site-packages/airflow/example_dags/tutorial_dag.py for tasks to queue
[2025-03-31T21:34:41.452+0000] {logging_mixin.py:190} INFO - [2025-03-31T21:34:41.451+0000] {dagbag.py:588} INFO - Filling up the DagBag from /home/airflow/.local/lib/python3.12/site-packages/airflow/example_dags/tutorial_dag.py
[2025-03-31T21:34:41.468+0000] {processor.py:925} INFO - DAG(s) 'tutorial_dag' retrieved from /home/airflow/.local/lib/python3.12/site-packages/airflow/example_dags/tutorial_dag.py
[2025-03-31T21:34:41.508+0000] {logging_mixin.py:190} INFO - [2025-03-31T21:34:41.508+0000] {dag.py:3239} INFO - Sync 1 DAGs
[2025-03-31T21:34:41.537+0000] {logging_mixin.py:190} INFO - [2025-03-31T21:34:41.537+0000] {dag.py:4180} INFO - Setting next_dagrun for tutorial_dag to None, run_after=None
[2025-03-31T21:34:41.570+0000] {processor.py:208} INFO - Processing /home/airflow/.local/lib/python3.12/site-packages/airflow/example_dags/tutorial_dag.py took 0.135 seconds
[2025-03-31T21:35:12.320+0000] {processor.py:186} INFO - Started process (PID=1490) to work on /home/airflow/.local/lib/python3.12/site-packages/airflow/example_dags/tutorial_dag.py
[2025-03-31T21:35:12.322+0000] {processor.py:914} INFO - Processing file /home/airflow/.local/lib/python3.12/site-packages/airflow/example_dags/tutorial_dag.py for tasks to queue
[2025-03-31T21:35:12.328+0000] {logging_mixin.py:190} INFO - [2025-03-31T21:35:12.327+0000] {dagbag.py:588} INFO - Filling up the DagBag from /home/airflow/.local/lib/python3.12/site-packages/airflow/example_dags/tutorial_dag.py
[2025-03-31T21:35:12.346+0000] {processor.py:925} INFO - DAG(s) 'tutorial_dag' retrieved from /home/airflow/.local/lib/python3.12/site-packages/airflow/example_dags/tutorial_dag.py
[2025-03-31T21:35:12.414+0000] {logging_mixin.py:190} INFO - [2025-03-31T21:35:12.414+0000] {dag.py:3239} INFO - Sync 1 DAGs
[2025-03-31T21:35:12.447+0000] {logging_mixin.py:190} INFO - [2025-03-31T21:35:12.446+0000] {dag.py:4180} INFO - Setting next_dagrun for tutorial_dag to None, run_after=None
[2025-03-31T21:35:12.489+0000] {processor.py:208} INFO - Processing /home/airflow/.local/lib/python3.12/site-packages/airflow/example_dags/tutorial_dag.py took 0.182 seconds
[2025-03-31T21:35:43.082+0000] {processor.py:186} INFO - Started process (PID=1553) to work on /home/airflow/.local/lib/python3.12/site-packages/airflow/example_dags/tutorial_dag.py
[2025-03-31T21:35:43.083+0000] {processor.py:914} INFO - Processing file /home/airflow/.local/lib/python3.12/site-packages/airflow/example_dags/tutorial_dag.py for tasks to queue
[2025-03-31T21:35:43.088+0000] {logging_mixin.py:190} INFO - [2025-03-31T21:35:43.087+0000] {dagbag.py:588} INFO - Filling up the DagBag from /home/airflow/.local/lib/python3.12/site-packages/airflow/example_dags/tutorial_dag.py
[2025-03-31T21:35:43.102+0000] {processor.py:925} INFO - DAG(s) 'tutorial_dag' retrieved from /home/airflow/.local/lib/python3.12/site-packages/airflow/example_dags/tutorial_dag.py
[2025-03-31T21:35:43.146+0000] {logging_mixin.py:190} INFO - [2025-03-31T21:35:43.146+0000] {dag.py:3239} INFO - Sync 1 DAGs
[2025-03-31T21:35:43.171+0000] {logging_mixin.py:190} INFO - [2025-03-31T21:35:43.171+0000] {dag.py:4180} INFO - Setting next_dagrun for tutorial_dag to None, run_after=None
[2025-03-31T21:35:43.205+0000] {processor.py:208} INFO - Processing /home/airflow/.local/lib/python3.12/site-packages/airflow/example_dags/tutorial_dag.py took 0.133 seconds
[2025-03-31T21:36:13.268+0000] {processor.py:186} INFO - Started process (PID=1617) to work on /home/airflow/.local/lib/python3.12/site-packages/airflow/example_dags/tutorial_dag.py
[2025-03-31T21:36:13.270+0000] {processor.py:914} INFO - Processing file /home/airflow/.local/lib/python3.12/site-packages/airflow/example_dags/tutorial_dag.py for tasks to queue
[2025-03-31T21:36:13.276+0000] {logging_mixin.py:190} INFO - [2025-03-31T21:36:13.275+0000] {dagbag.py:588} INFO - Filling up the DagBag from /home/airflow/.local/lib/python3.12/site-packages/airflow/example_dags/tutorial_dag.py
[2025-03-31T21:36:13.295+0000] {processor.py:925} INFO - DAG(s) 'tutorial_dag' retrieved from /home/airflow/.local/lib/python3.12/site-packages/airflow/example_dags/tutorial_dag.py
[2025-03-31T21:36:13.358+0000] {logging_mixin.py:190} INFO - [2025-03-31T21:36:13.357+0000] {dag.py:3239} INFO - Sync 1 DAGs
[2025-03-31T21:36:13.400+0000] {logging_mixin.py:190} INFO - [2025-03-31T21:36:13.399+0000] {dag.py:4180} INFO - Setting next_dagrun for tutorial_dag to None, run_after=None
[2025-03-31T21:36:13.443+0000] {processor.py:208} INFO - Processing /home/airflow/.local/lib/python3.12/site-packages/airflow/example_dags/tutorial_dag.py took 0.191 seconds
[2025-03-31T21:37:04.450+0000] {processor.py:186} INFO - Started process (PID=1684) to work on /home/airflow/.local/lib/python3.12/site-packages/airflow/example_dags/tutorial_dag.py
[2025-03-31T21:37:04.452+0000] {processor.py:914} INFO - Processing file /home/airflow/.local/lib/python3.12/site-packages/airflow/example_dags/tutorial_dag.py for tasks to queue
[2025-03-31T21:37:04.457+0000] {logging_mixin.py:190} INFO - [2025-03-31T21:37:04.456+0000] {dagbag.py:588} INFO - Filling up the DagBag from /home/airflow/.local/lib/python3.12/site-packages/airflow/example_dags/tutorial_dag.py
[2025-03-31T21:37:04.473+0000] {processor.py:925} INFO - DAG(s) 'tutorial_dag' retrieved from /home/airflow/.local/lib/python3.12/site-packages/airflow/example_dags/tutorial_dag.py
[2025-03-31T21:37:04.508+0000] {logging_mixin.py:190} INFO - [2025-03-31T21:37:04.508+0000] {dag.py:3239} INFO - Sync 1 DAGs
[2025-03-31T21:37:04.535+0000] {logging_mixin.py:190} INFO - [2025-03-31T21:37:04.535+0000] {dag.py:4180} INFO - Setting next_dagrun for tutorial_dag to None, run_after=None
[2025-03-31T21:37:04.577+0000] {processor.py:208} INFO - Processing /home/airflow/.local/lib/python3.12/site-packages/airflow/example_dags/tutorial_dag.py took 0.139 seconds
[2025-03-31T21:37:35.341+0000] {processor.py:186} INFO - Started process (PID=1747) to work on /home/airflow/.local/lib/python3.12/site-packages/airflow/example_dags/tutorial_dag.py
[2025-03-31T21:37:35.344+0000] {processor.py:914} INFO - Processing file /home/airflow/.local/lib/python3.12/site-packages/airflow/example_dags/tutorial_dag.py for tasks to queue
[2025-03-31T21:37:35.349+0000] {logging_mixin.py:190} INFO - [2025-03-31T21:37:35.348+0000] {dagbag.py:588} INFO - Filling up the DagBag from /home/airflow/.local/lib/python3.12/site-packages/airflow/example_dags/tutorial_dag.py
[2025-03-31T21:37:35.383+0000] {processor.py:925} INFO - DAG(s) 'tutorial_dag' retrieved from /home/airflow/.local/lib/python3.12/site-packages/airflow/example_dags/tutorial_dag.py
[2025-03-31T21:37:35.446+0000] {logging_mixin.py:190} INFO - [2025-03-31T21:37:35.445+0000] {dag.py:3239} INFO - Sync 1 DAGs
[2025-03-31T21:37:35.480+0000] {logging_mixin.py:190} INFO - [2025-03-31T21:37:35.479+0000] {dag.py:4180} INFO - Setting next_dagrun for tutorial_dag to None, run_after=None
[2025-03-31T21:37:35.520+0000] {processor.py:208} INFO - Processing /home/airflow/.local/lib/python3.12/site-packages/airflow/example_dags/tutorial_dag.py took 0.194 seconds
[2025-03-31T21:38:13.748+0000] {processor.py:186} INFO - Started process (PID=1810) to work on /home/airflow/.local/lib/python3.12/site-packages/airflow/example_dags/tutorial_dag.py
[2025-03-31T21:38:13.753+0000] {processor.py:914} INFO - Processing file /home/airflow/.local/lib/python3.12/site-packages/airflow/example_dags/tutorial_dag.py for tasks to queue
[2025-03-31T21:38:13.759+0000] {logging_mixin.py:190} INFO - [2025-03-31T21:38:13.758+0000] {dagbag.py:588} INFO - Filling up the DagBag from /home/airflow/.local/lib/python3.12/site-packages/airflow/example_dags/tutorial_dag.py
[2025-03-31T21:38:13.795+0000] {processor.py:925} INFO - DAG(s) 'tutorial_dag' retrieved from /home/airflow/.local/lib/python3.12/site-packages/airflow/example_dags/tutorial_dag.py
[2025-03-31T21:38:13.988+0000] {logging_mixin.py:190} INFO - [2025-03-31T21:38:13.988+0000] {dag.py:3239} INFO - Sync 1 DAGs
[2025-03-31T21:38:14.061+0000] {logging_mixin.py:190} INFO - [2025-03-31T21:38:14.061+0000] {dag.py:4180} INFO - Setting next_dagrun for tutorial_dag to None, run_after=None
[2025-03-31T21:38:14.157+0000] {processor.py:208} INFO - Processing /home/airflow/.local/lib/python3.12/site-packages/airflow/example_dags/tutorial_dag.py took 0.424 seconds
[2025-03-31T21:40:20.643+0000] {processor.py:186} INFO - Started process (PID=1927) to work on /home/airflow/.local/lib/python3.12/site-packages/airflow/example_dags/tutorial_dag.py
[2025-03-31T21:40:20.645+0000] {processor.py:914} INFO - Processing file /home/airflow/.local/lib/python3.12/site-packages/airflow/example_dags/tutorial_dag.py for tasks to queue
[2025-03-31T21:40:20.648+0000] {logging_mixin.py:190} INFO - [2025-03-31T21:40:20.647+0000] {dagbag.py:588} INFO - Filling up the DagBag from /home/airflow/.local/lib/python3.12/site-packages/airflow/example_dags/tutorial_dag.py
[2025-03-31T21:40:20.669+0000] {processor.py:925} INFO - DAG(s) 'tutorial_dag' retrieved from /home/airflow/.local/lib/python3.12/site-packages/airflow/example_dags/tutorial_dag.py
[2025-03-31T21:40:20.713+0000] {logging_mixin.py:190} INFO - [2025-03-31T21:40:20.713+0000] {dag.py:3239} INFO - Sync 1 DAGs
[2025-03-31T21:40:20.745+0000] {logging_mixin.py:190} INFO - [2025-03-31T21:40:20.745+0000] {dag.py:4180} INFO - Setting next_dagrun for tutorial_dag to None, run_after=None
[2025-03-31T21:40:20.787+0000] {processor.py:208} INFO - Processing /home/airflow/.local/lib/python3.12/site-packages/airflow/example_dags/tutorial_dag.py took 0.155 seconds
[2025-03-31T21:42:56.074+0000] {processor.py:186} INFO - Started process (PID=2014) to work on /home/airflow/.local/lib/python3.12/site-packages/airflow/example_dags/tutorial_dag.py
[2025-03-31T21:42:56.076+0000] {processor.py:914} INFO - Processing file /home/airflow/.local/lib/python3.12/site-packages/airflow/example_dags/tutorial_dag.py for tasks to queue
[2025-03-31T21:42:56.084+0000] {logging_mixin.py:190} INFO - [2025-03-31T21:42:56.083+0000] {dagbag.py:588} INFO - Filling up the DagBag from /home/airflow/.local/lib/python3.12/site-packages/airflow/example_dags/tutorial_dag.py
[2025-03-31T21:42:56.137+0000] {processor.py:925} INFO - DAG(s) 'tutorial_dag' retrieved from /home/airflow/.local/lib/python3.12/site-packages/airflow/example_dags/tutorial_dag.py
[2025-03-31T21:42:56.247+0000] {logging_mixin.py:190} INFO - [2025-03-31T21:42:56.241+0000] {dag.py:3239} INFO - Sync 1 DAGs
[2025-03-31T21:42:56.333+0000] {logging_mixin.py:190} INFO - [2025-03-31T21:42:56.333+0000] {dag.py:4180} INFO - Setting next_dagrun for tutorial_dag to None, run_after=None
[2025-03-31T21:42:56.487+0000] {processor.py:208} INFO - Processing /home/airflow/.local/lib/python3.12/site-packages/airflow/example_dags/tutorial_dag.py took 0.463 seconds
[2025-03-31T21:43:52.456+0000] {processor.py:186} INFO - Started process (PID=2092) to work on /home/airflow/.local/lib/python3.12/site-packages/airflow/example_dags/tutorial_dag.py
[2025-03-31T21:43:52.458+0000] {processor.py:914} INFO - Processing file /home/airflow/.local/lib/python3.12/site-packages/airflow/example_dags/tutorial_dag.py for tasks to queue
[2025-03-31T21:43:52.460+0000] {logging_mixin.py:190} INFO - [2025-03-31T21:43:52.460+0000] {dagbag.py:588} INFO - Filling up the DagBag from /home/airflow/.local/lib/python3.12/site-packages/airflow/example_dags/tutorial_dag.py
[2025-03-31T21:43:52.477+0000] {processor.py:925} INFO - DAG(s) 'tutorial_dag' retrieved from /home/airflow/.local/lib/python3.12/site-packages/airflow/example_dags/tutorial_dag.py
[2025-03-31T21:43:52.525+0000] {logging_mixin.py:190} INFO - [2025-03-31T21:43:52.525+0000] {dag.py:3239} INFO - Sync 1 DAGs
[2025-03-31T21:43:52.554+0000] {logging_mixin.py:190} INFO - [2025-03-31T21:43:52.553+0000] {dag.py:4180} INFO - Setting next_dagrun for tutorial_dag to None, run_after=None
[2025-03-31T21:43:52.588+0000] {processor.py:208} INFO - Processing /home/airflow/.local/lib/python3.12/site-packages/airflow/example_dags/tutorial_dag.py took 0.150 seconds
[2025-03-31T21:44:23.035+0000] {processor.py:186} INFO - Started process (PID=2156) to work on /home/airflow/.local/lib/python3.12/site-packages/airflow/example_dags/tutorial_dag.py
[2025-03-31T21:44:23.041+0000] {processor.py:914} INFO - Processing file /home/airflow/.local/lib/python3.12/site-packages/airflow/example_dags/tutorial_dag.py for tasks to queue
[2025-03-31T21:44:23.044+0000] {logging_mixin.py:190} INFO - [2025-03-31T21:44:23.044+0000] {dagbag.py:588} INFO - Filling up the DagBag from /home/airflow/.local/lib/python3.12/site-packages/airflow/example_dags/tutorial_dag.py
[2025-03-31T21:44:23.059+0000] {processor.py:925} INFO - DAG(s) 'tutorial_dag' retrieved from /home/airflow/.local/lib/python3.12/site-packages/airflow/example_dags/tutorial_dag.py
[2025-03-31T21:44:23.096+0000] {logging_mixin.py:190} INFO - [2025-03-31T21:44:23.096+0000] {dag.py:3239} INFO - Sync 1 DAGs
[2025-03-31T21:44:23.126+0000] {logging_mixin.py:190} INFO - [2025-03-31T21:44:23.126+0000] {dag.py:4180} INFO - Setting next_dagrun for tutorial_dag to None, run_after=None
[2025-03-31T21:44:23.173+0000] {processor.py:208} INFO - Processing /home/airflow/.local/lib/python3.12/site-packages/airflow/example_dags/tutorial_dag.py took 0.149 seconds
[2025-03-31T21:44:54.419+0000] {processor.py:186} INFO - Started process (PID=2220) to work on /home/airflow/.local/lib/python3.12/site-packages/airflow/example_dags/tutorial_dag.py
[2025-03-31T21:44:54.421+0000] {processor.py:914} INFO - Processing file /home/airflow/.local/lib/python3.12/site-packages/airflow/example_dags/tutorial_dag.py for tasks to queue
[2025-03-31T21:44:54.425+0000] {logging_mixin.py:190} INFO - [2025-03-31T21:44:54.424+0000] {dagbag.py:588} INFO - Filling up the DagBag from /home/airflow/.local/lib/python3.12/site-packages/airflow/example_dags/tutorial_dag.py
[2025-03-31T21:44:54.442+0000] {processor.py:925} INFO - DAG(s) 'tutorial_dag' retrieved from /home/airflow/.local/lib/python3.12/site-packages/airflow/example_dags/tutorial_dag.py
[2025-03-31T21:44:54.479+0000] {logging_mixin.py:190} INFO - [2025-03-31T21:44:54.479+0000] {dag.py:3239} INFO - Sync 1 DAGs
[2025-03-31T21:44:54.508+0000] {logging_mixin.py:190} INFO - [2025-03-31T21:44:54.508+0000] {dag.py:4180} INFO - Setting next_dagrun for tutorial_dag to None, run_after=None
[2025-03-31T21:44:54.546+0000] {processor.py:208} INFO - Processing /home/airflow/.local/lib/python3.12/site-packages/airflow/example_dags/tutorial_dag.py took 0.140 seconds
[2025-03-31T21:45:27.021+0000] {processor.py:186} INFO - Started process (PID=2284) to work on /home/airflow/.local/lib/python3.12/site-packages/airflow/example_dags/tutorial_dag.py
[2025-03-31T21:45:27.024+0000] {processor.py:914} INFO - Processing file /home/airflow/.local/lib/python3.12/site-packages/airflow/example_dags/tutorial_dag.py for tasks to queue
[2025-03-31T21:45:27.028+0000] {logging_mixin.py:190} INFO - [2025-03-31T21:45:27.027+0000] {dagbag.py:588} INFO - Filling up the DagBag from /home/airflow/.local/lib/python3.12/site-packages/airflow/example_dags/tutorial_dag.py
[2025-03-31T21:45:27.046+0000] {processor.py:925} INFO - DAG(s) 'tutorial_dag' retrieved from /home/airflow/.local/lib/python3.12/site-packages/airflow/example_dags/tutorial_dag.py
[2025-03-31T21:45:27.164+0000] {logging_mixin.py:190} INFO - [2025-03-31T21:45:27.164+0000] {dag.py:3239} INFO - Sync 1 DAGs
[2025-03-31T21:45:27.227+0000] {logging_mixin.py:190} INFO - [2025-03-31T21:45:27.226+0000] {dag.py:4180} INFO - Setting next_dagrun for tutorial_dag to None, run_after=None
[2025-03-31T21:45:27.323+0000] {processor.py:208} INFO - Processing /home/airflow/.local/lib/python3.12/site-packages/airflow/example_dags/tutorial_dag.py took 0.313 seconds
[2025-03-31T21:49:19.514+0000] {processor.py:186} INFO - Started process (PID=2354) to work on /home/airflow/.local/lib/python3.12/site-packages/airflow/example_dags/tutorial_dag.py
[2025-03-31T21:49:19.519+0000] {processor.py:914} INFO - Processing file /home/airflow/.local/lib/python3.12/site-packages/airflow/example_dags/tutorial_dag.py for tasks to queue
[2025-03-31T21:49:19.525+0000] {logging_mixin.py:190} INFO - [2025-03-31T21:49:19.522+0000] {dagbag.py:588} INFO - Filling up the DagBag from /home/airflow/.local/lib/python3.12/site-packages/airflow/example_dags/tutorial_dag.py
[2025-03-31T21:49:19.553+0000] {processor.py:925} INFO - DAG(s) 'tutorial_dag' retrieved from /home/airflow/.local/lib/python3.12/site-packages/airflow/example_dags/tutorial_dag.py
[2025-03-31T21:49:19.603+0000] {logging_mixin.py:190} INFO - [2025-03-31T21:49:19.602+0000] {dag.py:3239} INFO - Sync 1 DAGs
[2025-03-31T21:49:19.639+0000] {logging_mixin.py:190} INFO - [2025-03-31T21:49:19.638+0000] {dag.py:4180} INFO - Setting next_dagrun for tutorial_dag to None, run_after=None
[2025-03-31T21:49:19.681+0000] {processor.py:208} INFO - Processing /home/airflow/.local/lib/python3.12/site-packages/airflow/example_dags/tutorial_dag.py took 0.182 seconds
[2025-03-31T21:49:50.132+0000] {processor.py:186} INFO - Started process (PID=2418) to work on /home/airflow/.local/lib/python3.12/site-packages/airflow/example_dags/tutorial_dag.py
[2025-03-31T21:49:50.133+0000] {processor.py:914} INFO - Processing file /home/airflow/.local/lib/python3.12/site-packages/airflow/example_dags/tutorial_dag.py for tasks to queue
[2025-03-31T21:49:50.136+0000] {logging_mixin.py:190} INFO - [2025-03-31T21:49:50.135+0000] {dagbag.py:588} INFO - Filling up the DagBag from /home/airflow/.local/lib/python3.12/site-packages/airflow/example_dags/tutorial_dag.py
[2025-03-31T21:49:50.153+0000] {processor.py:925} INFO - DAG(s) 'tutorial_dag' retrieved from /home/airflow/.local/lib/python3.12/site-packages/airflow/example_dags/tutorial_dag.py
[2025-03-31T21:49:50.193+0000] {logging_mixin.py:190} INFO - [2025-03-31T21:49:50.192+0000] {dag.py:3239} INFO - Sync 1 DAGs
[2025-03-31T21:49:50.225+0000] {logging_mixin.py:190} INFO - [2025-03-31T21:49:50.224+0000] {dag.py:4180} INFO - Setting next_dagrun for tutorial_dag to None, run_after=None
[2025-03-31T21:49:50.272+0000] {processor.py:208} INFO - Processing /home/airflow/.local/lib/python3.12/site-packages/airflow/example_dags/tutorial_dag.py took 0.152 seconds
[2025-03-31T21:50:22.217+0000] {processor.py:186} INFO - Started process (PID=2482) to work on /home/airflow/.local/lib/python3.12/site-packages/airflow/example_dags/tutorial_dag.py
[2025-03-31T21:50:22.219+0000] {processor.py:914} INFO - Processing file /home/airflow/.local/lib/python3.12/site-packages/airflow/example_dags/tutorial_dag.py for tasks to queue
[2025-03-31T21:50:22.222+0000] {logging_mixin.py:190} INFO - [2025-03-31T21:50:22.221+0000] {dagbag.py:588} INFO - Filling up the DagBag from /home/airflow/.local/lib/python3.12/site-packages/airflow/example_dags/tutorial_dag.py
[2025-03-31T21:50:22.244+0000] {processor.py:925} INFO - DAG(s) 'tutorial_dag' retrieved from /home/airflow/.local/lib/python3.12/site-packages/airflow/example_dags/tutorial_dag.py
[2025-03-31T21:50:22.284+0000] {logging_mixin.py:190} INFO - [2025-03-31T21:50:22.283+0000] {dag.py:3239} INFO - Sync 1 DAGs
[2025-03-31T21:50:22.328+0000] {logging_mixin.py:190} INFO - [2025-03-31T21:50:22.328+0000] {dag.py:4180} INFO - Setting next_dagrun for tutorial_dag to None, run_after=None
[2025-03-31T21:50:22.367+0000] {processor.py:208} INFO - Processing /home/airflow/.local/lib/python3.12/site-packages/airflow/example_dags/tutorial_dag.py took 0.161 seconds
[2025-03-31T21:50:55.644+0000] {processor.py:186} INFO - Started process (PID=2546) to work on /home/airflow/.local/lib/python3.12/site-packages/airflow/example_dags/tutorial_dag.py
[2025-03-31T21:50:55.646+0000] {processor.py:914} INFO - Processing file /home/airflow/.local/lib/python3.12/site-packages/airflow/example_dags/tutorial_dag.py for tasks to queue
[2025-03-31T21:50:55.651+0000] {logging_mixin.py:190} INFO - [2025-03-31T21:50:55.650+0000] {dagbag.py:588} INFO - Filling up the DagBag from /home/airflow/.local/lib/python3.12/site-packages/airflow/example_dags/tutorial_dag.py
[2025-03-31T21:50:55.671+0000] {processor.py:925} INFO - DAG(s) 'tutorial_dag' retrieved from /home/airflow/.local/lib/python3.12/site-packages/airflow/example_dags/tutorial_dag.py
[2025-03-31T21:50:55.709+0000] {logging_mixin.py:190} INFO - [2025-03-31T21:50:55.708+0000] {dag.py:3239} INFO - Sync 1 DAGs
[2025-03-31T21:50:55.746+0000] {logging_mixin.py:190} INFO - [2025-03-31T21:50:55.745+0000] {dag.py:4180} INFO - Setting next_dagrun for tutorial_dag to None, run_after=None
[2025-03-31T21:50:55.785+0000] {processor.py:208} INFO - Processing /home/airflow/.local/lib/python3.12/site-packages/airflow/example_dags/tutorial_dag.py took 0.152 seconds
[2025-03-31T21:51:32.993+0000] {processor.py:186} INFO - Started process (PID=2616) to work on /home/airflow/.local/lib/python3.12/site-packages/airflow/example_dags/tutorial_dag.py
[2025-03-31T21:51:32.995+0000] {processor.py:914} INFO - Processing file /home/airflow/.local/lib/python3.12/site-packages/airflow/example_dags/tutorial_dag.py for tasks to queue
[2025-03-31T21:51:33.012+0000] {logging_mixin.py:190} INFO - [2025-03-31T21:51:33.011+0000] {dagbag.py:588} INFO - Filling up the DagBag from /home/airflow/.local/lib/python3.12/site-packages/airflow/example_dags/tutorial_dag.py
[2025-03-31T21:51:33.084+0000] {processor.py:925} INFO - DAG(s) 'tutorial_dag' retrieved from /home/airflow/.local/lib/python3.12/site-packages/airflow/example_dags/tutorial_dag.py
[2025-03-31T21:51:33.271+0000] {logging_mixin.py:190} INFO - [2025-03-31T21:51:33.270+0000] {dag.py:3239} INFO - Sync 1 DAGs
[2025-03-31T21:51:33.382+0000] {logging_mixin.py:190} INFO - [2025-03-31T21:51:33.382+0000] {dag.py:4180} INFO - Setting next_dagrun for tutorial_dag to None, run_after=None
[2025-03-31T21:51:33.511+0000] {processor.py:208} INFO - Processing /home/airflow/.local/lib/python3.12/site-packages/airflow/example_dags/tutorial_dag.py took 0.573 seconds
[2025-03-31T21:53:38.874+0000] {processor.py:186} INFO - Started process (PID=2676) to work on /home/airflow/.local/lib/python3.12/site-packages/airflow/example_dags/tutorial_dag.py
[2025-03-31T21:53:38.876+0000] {processor.py:914} INFO - Processing file /home/airflow/.local/lib/python3.12/site-packages/airflow/example_dags/tutorial_dag.py for tasks to queue
[2025-03-31T21:53:38.880+0000] {logging_mixin.py:190} INFO - [2025-03-31T21:53:38.879+0000] {dagbag.py:588} INFO - Filling up the DagBag from /home/airflow/.local/lib/python3.12/site-packages/airflow/example_dags/tutorial_dag.py
[2025-03-31T21:53:38.897+0000] {processor.py:925} INFO - DAG(s) 'tutorial_dag' retrieved from /home/airflow/.local/lib/python3.12/site-packages/airflow/example_dags/tutorial_dag.py
[2025-03-31T21:53:38.944+0000] {logging_mixin.py:190} INFO - [2025-03-31T21:53:38.943+0000] {dag.py:3239} INFO - Sync 1 DAGs
[2025-03-31T21:53:38.993+0000] {logging_mixin.py:190} INFO - [2025-03-31T21:53:38.991+0000] {dag.py:4180} INFO - Setting next_dagrun for tutorial_dag to None, run_after=None
[2025-03-31T21:53:39.040+0000] {processor.py:208} INFO - Processing /home/airflow/.local/lib/python3.12/site-packages/airflow/example_dags/tutorial_dag.py took 0.180 seconds
[2025-03-31T21:55:20.943+0000] {processor.py:186} INFO - Started process (PID=2750) to work on /home/airflow/.local/lib/python3.12/site-packages/airflow/example_dags/tutorial_dag.py
[2025-03-31T21:55:20.945+0000] {processor.py:914} INFO - Processing file /home/airflow/.local/lib/python3.12/site-packages/airflow/example_dags/tutorial_dag.py for tasks to queue
[2025-03-31T21:55:20.966+0000] {logging_mixin.py:190} INFO - [2025-03-31T21:55:20.965+0000] {dagbag.py:588} INFO - Filling up the DagBag from /home/airflow/.local/lib/python3.12/site-packages/airflow/example_dags/tutorial_dag.py
[2025-03-31T21:55:20.988+0000] {processor.py:925} INFO - DAG(s) 'tutorial_dag' retrieved from /home/airflow/.local/lib/python3.12/site-packages/airflow/example_dags/tutorial_dag.py
[2025-03-31T21:55:21.071+0000] {logging_mixin.py:190} INFO - [2025-03-31T21:55:21.070+0000] {dag.py:3239} INFO - Sync 1 DAGs
[2025-03-31T21:55:21.116+0000] {logging_mixin.py:190} INFO - [2025-03-31T21:55:21.112+0000] {dag.py:4180} INFO - Setting next_dagrun for tutorial_dag to None, run_after=None
[2025-03-31T21:55:21.165+0000] {processor.py:208} INFO - Processing /home/airflow/.local/lib/python3.12/site-packages/airflow/example_dags/tutorial_dag.py took 0.260 seconds
[2025-03-31T21:55:56.693+0000] {processor.py:186} INFO - Started process (PID=2814) to work on /home/airflow/.local/lib/python3.12/site-packages/airflow/example_dags/tutorial_dag.py
[2025-03-31T21:55:56.695+0000] {processor.py:914} INFO - Processing file /home/airflow/.local/lib/python3.12/site-packages/airflow/example_dags/tutorial_dag.py for tasks to queue
[2025-03-31T21:55:56.710+0000] {logging_mixin.py:190} INFO - [2025-03-31T21:55:56.709+0000] {dagbag.py:588} INFO - Filling up the DagBag from /home/airflow/.local/lib/python3.12/site-packages/airflow/example_dags/tutorial_dag.py
[2025-03-31T21:55:56.740+0000] {processor.py:925} INFO - DAG(s) 'tutorial_dag' retrieved from /home/airflow/.local/lib/python3.12/site-packages/airflow/example_dags/tutorial_dag.py
[2025-03-31T21:55:56.822+0000] {logging_mixin.py:190} INFO - [2025-03-31T21:55:56.822+0000] {dag.py:3239} INFO - Sync 1 DAGs
[2025-03-31T21:55:56.869+0000] {logging_mixin.py:190} INFO - [2025-03-31T21:55:56.868+0000] {dag.py:4180} INFO - Setting next_dagrun for tutorial_dag to None, run_after=None
[2025-03-31T21:55:56.926+0000] {processor.py:208} INFO - Processing /home/airflow/.local/lib/python3.12/site-packages/airflow/example_dags/tutorial_dag.py took 0.249 seconds
[2025-03-31T21:57:17.726+0000] {processor.py:186} INFO - Started process (PID=2894) to work on /home/airflow/.local/lib/python3.12/site-packages/airflow/example_dags/tutorial_dag.py
[2025-03-31T21:57:17.729+0000] {processor.py:914} INFO - Processing file /home/airflow/.local/lib/python3.12/site-packages/airflow/example_dags/tutorial_dag.py for tasks to queue
[2025-03-31T21:57:17.733+0000] {logging_mixin.py:190} INFO - [2025-03-31T21:57:17.733+0000] {dagbag.py:588} INFO - Filling up the DagBag from /home/airflow/.local/lib/python3.12/site-packages/airflow/example_dags/tutorial_dag.py
[2025-03-31T21:57:17.750+0000] {processor.py:925} INFO - DAG(s) 'tutorial_dag' retrieved from /home/airflow/.local/lib/python3.12/site-packages/airflow/example_dags/tutorial_dag.py
[2025-03-31T21:57:17.790+0000] {logging_mixin.py:190} INFO - [2025-03-31T21:57:17.790+0000] {dag.py:3239} INFO - Sync 1 DAGs
[2025-03-31T21:57:17.823+0000] {logging_mixin.py:190} INFO - [2025-03-31T21:57:17.823+0000] {dag.py:4180} INFO - Setting next_dagrun for tutorial_dag to None, run_after=None
[2025-03-31T21:57:17.863+0000] {processor.py:208} INFO - Processing /home/airflow/.local/lib/python3.12/site-packages/airflow/example_dags/tutorial_dag.py took 0.148 seconds
[2025-03-31T21:57:50.456+0000] {processor.py:186} INFO - Started process (PID=2958) to work on /home/airflow/.local/lib/python3.12/site-packages/airflow/example_dags/tutorial_dag.py
[2025-03-31T21:57:50.458+0000] {processor.py:914} INFO - Processing file /home/airflow/.local/lib/python3.12/site-packages/airflow/example_dags/tutorial_dag.py for tasks to queue
[2025-03-31T21:57:50.461+0000] {logging_mixin.py:190} INFO - [2025-03-31T21:57:50.460+0000] {dagbag.py:588} INFO - Filling up the DagBag from /home/airflow/.local/lib/python3.12/site-packages/airflow/example_dags/tutorial_dag.py
[2025-03-31T21:57:50.482+0000] {processor.py:925} INFO - DAG(s) 'tutorial_dag' retrieved from /home/airflow/.local/lib/python3.12/site-packages/airflow/example_dags/tutorial_dag.py
[2025-03-31T21:57:50.521+0000] {logging_mixin.py:190} INFO - [2025-03-31T21:57:50.521+0000] {dag.py:3239} INFO - Sync 1 DAGs
[2025-03-31T21:57:50.551+0000] {logging_mixin.py:190} INFO - [2025-03-31T21:57:50.551+0000] {dag.py:4180} INFO - Setting next_dagrun for tutorial_dag to None, run_after=None
[2025-03-31T21:57:50.605+0000] {processor.py:208} INFO - Processing /home/airflow/.local/lib/python3.12/site-packages/airflow/example_dags/tutorial_dag.py took 0.158 seconds
[2025-03-31T21:58:25.544+0000] {processor.py:186} INFO - Started process (PID=3023) to work on /home/airflow/.local/lib/python3.12/site-packages/airflow/example_dags/tutorial_dag.py
[2025-03-31T21:58:25.548+0000] {processor.py:914} INFO - Processing file /home/airflow/.local/lib/python3.12/site-packages/airflow/example_dags/tutorial_dag.py for tasks to queue
[2025-03-31T21:58:25.556+0000] {logging_mixin.py:190} INFO - [2025-03-31T21:58:25.555+0000] {dagbag.py:588} INFO - Filling up the DagBag from /home/airflow/.local/lib/python3.12/site-packages/airflow/example_dags/tutorial_dag.py
[2025-03-31T21:58:25.615+0000] {processor.py:925} INFO - DAG(s) 'tutorial_dag' retrieved from /home/airflow/.local/lib/python3.12/site-packages/airflow/example_dags/tutorial_dag.py
[2025-03-31T21:58:25.688+0000] {logging_mixin.py:190} INFO - [2025-03-31T21:58:25.687+0000] {dag.py:3239} INFO - Sync 1 DAGs
[2025-03-31T21:58:25.807+0000] {logging_mixin.py:190} INFO - [2025-03-31T21:58:25.807+0000] {dag.py:4180} INFO - Setting next_dagrun for tutorial_dag to None, run_after=None
[2025-03-31T21:58:25.883+0000] {processor.py:208} INFO - Processing /home/airflow/.local/lib/python3.12/site-packages/airflow/example_dags/tutorial_dag.py took 0.384 seconds
[2025-03-31T21:59:15.321+0000] {processor.py:186} INFO - Started process (PID=3092) to work on /home/airflow/.local/lib/python3.12/site-packages/airflow/example_dags/tutorial_dag.py
[2025-03-31T21:59:15.323+0000] {processor.py:914} INFO - Processing file /home/airflow/.local/lib/python3.12/site-packages/airflow/example_dags/tutorial_dag.py for tasks to queue
[2025-03-31T21:59:15.327+0000] {logging_mixin.py:190} INFO - [2025-03-31T21:59:15.326+0000] {dagbag.py:588} INFO - Filling up the DagBag from /home/airflow/.local/lib/python3.12/site-packages/airflow/example_dags/tutorial_dag.py
[2025-03-31T21:59:15.362+0000] {processor.py:925} INFO - DAG(s) 'tutorial_dag' retrieved from /home/airflow/.local/lib/python3.12/site-packages/airflow/example_dags/tutorial_dag.py
[2025-03-31T21:59:15.480+0000] {logging_mixin.py:190} INFO - [2025-03-31T21:59:15.479+0000] {dag.py:3239} INFO - Sync 1 DAGs
[2025-03-31T21:59:15.533+0000] {logging_mixin.py:190} INFO - [2025-03-31T21:59:15.533+0000] {dag.py:4180} INFO - Setting next_dagrun for tutorial_dag to None, run_after=None
[2025-03-31T21:59:15.569+0000] {processor.py:208} INFO - Processing /home/airflow/.local/lib/python3.12/site-packages/airflow/example_dags/tutorial_dag.py took 0.263 seconds
[2025-03-31T21:59:46.949+0000] {processor.py:186} INFO - Started process (PID=3156) to work on /home/airflow/.local/lib/python3.12/site-packages/airflow/example_dags/tutorial_dag.py
[2025-03-31T21:59:46.951+0000] {processor.py:914} INFO - Processing file /home/airflow/.local/lib/python3.12/site-packages/airflow/example_dags/tutorial_dag.py for tasks to queue
[2025-03-31T21:59:46.955+0000] {logging_mixin.py:190} INFO - [2025-03-31T21:59:46.954+0000] {dagbag.py:588} INFO - Filling up the DagBag from /home/airflow/.local/lib/python3.12/site-packages/airflow/example_dags/tutorial_dag.py
[2025-03-31T21:59:46.976+0000] {processor.py:925} INFO - DAG(s) 'tutorial_dag' retrieved from /home/airflow/.local/lib/python3.12/site-packages/airflow/example_dags/tutorial_dag.py
[2025-03-31T21:59:47.087+0000] {logging_mixin.py:190} INFO - [2025-03-31T21:59:47.086+0000] {dag.py:3239} INFO - Sync 1 DAGs
[2025-03-31T21:59:47.167+0000] {logging_mixin.py:190} INFO - [2025-03-31T21:59:47.166+0000] {dag.py:4180} INFO - Setting next_dagrun for tutorial_dag to None, run_after=None
[2025-03-31T21:59:47.291+0000] {processor.py:208} INFO - Processing /home/airflow/.local/lib/python3.12/site-packages/airflow/example_dags/tutorial_dag.py took 0.362 seconds
[2025-03-31T22:00:17.829+0000] {processor.py:186} INFO - Started process (PID=3219) to work on /home/airflow/.local/lib/python3.12/site-packages/airflow/example_dags/tutorial_dag.py
[2025-03-31T22:00:17.837+0000] {processor.py:914} INFO - Processing file /home/airflow/.local/lib/python3.12/site-packages/airflow/example_dags/tutorial_dag.py for tasks to queue
[2025-03-31T22:00:17.842+0000] {logging_mixin.py:190} INFO - [2025-03-31T22:00:17.841+0000] {dagbag.py:588} INFO - Filling up the DagBag from /home/airflow/.local/lib/python3.12/site-packages/airflow/example_dags/tutorial_dag.py
[2025-03-31T22:00:17.860+0000] {processor.py:925} INFO - DAG(s) 'tutorial_dag' retrieved from /home/airflow/.local/lib/python3.12/site-packages/airflow/example_dags/tutorial_dag.py
[2025-03-31T22:00:17.901+0000] {logging_mixin.py:190} INFO - [2025-03-31T22:00:17.900+0000] {dag.py:3239} INFO - Sync 1 DAGs
[2025-03-31T22:00:17.931+0000] {logging_mixin.py:190} INFO - [2025-03-31T22:00:17.931+0000] {dag.py:4180} INFO - Setting next_dagrun for tutorial_dag to None, run_after=None
[2025-03-31T22:00:17.966+0000] {processor.py:208} INFO - Processing /home/airflow/.local/lib/python3.12/site-packages/airflow/example_dags/tutorial_dag.py took 0.148 seconds
[2025-03-31T22:00:48.947+0000] {processor.py:186} INFO - Started process (PID=3283) to work on /home/airflow/.local/lib/python3.12/site-packages/airflow/example_dags/tutorial_dag.py
[2025-03-31T22:00:48.950+0000] {processor.py:914} INFO - Processing file /home/airflow/.local/lib/python3.12/site-packages/airflow/example_dags/tutorial_dag.py for tasks to queue
[2025-03-31T22:00:48.957+0000] {logging_mixin.py:190} INFO - [2025-03-31T22:00:48.956+0000] {dagbag.py:588} INFO - Filling up the DagBag from /home/airflow/.local/lib/python3.12/site-packages/airflow/example_dags/tutorial_dag.py
[2025-03-31T22:00:48.994+0000] {processor.py:925} INFO - DAG(s) 'tutorial_dag' retrieved from /home/airflow/.local/lib/python3.12/site-packages/airflow/example_dags/tutorial_dag.py
[2025-03-31T22:00:49.075+0000] {logging_mixin.py:190} INFO - [2025-03-31T22:00:49.075+0000] {dag.py:3239} INFO - Sync 1 DAGs
[2025-03-31T22:00:49.193+0000] {logging_mixin.py:190} INFO - [2025-03-31T22:00:49.193+0000] {dag.py:4180} INFO - Setting next_dagrun for tutorial_dag to None, run_after=None
[2025-03-31T22:00:49.307+0000] {processor.py:208} INFO - Processing /home/airflow/.local/lib/python3.12/site-packages/airflow/example_dags/tutorial_dag.py took 0.385 seconds
