[2025-04-06T13:43:50.516+0100] {local_task_job_runner.py:123} INFO - ::group::Pre task execution logs
[2025-04-06T13:43:50.528+0100] {taskinstance.py:2614} INFO - Dependencies all met for dep_context=non-requeueable deps ti=<TaskInstance: premier_league_data_pipeline.load_data_to_postgres manual__2025-04-06T12:42:48.438916+00:00 [queued]>
[2025-04-06T13:43:50.534+0100] {taskinstance.py:2614} INFO - Dependencies all met for dep_context=requeueable deps ti=<TaskInstance: premier_league_data_pipeline.load_data_to_postgres manual__2025-04-06T12:42:48.438916+00:00 [queued]>
[2025-04-06T13:43:50.534+0100] {taskinstance.py:2867} INFO - Starting attempt 1 of 2
[2025-04-06T13:43:50.546+0100] {taskinstance.py:2890} INFO - Executing <Task(PythonOperator): load_data_to_postgres> on 2025-04-06 12:42:48.438916+00:00
[2025-04-06T13:43:50.550+0100] {standard_task_runner.py:72} INFO - Started process 19274 to run task
[2025-04-06T13:43:50.553+0100] {standard_task_runner.py:104} INFO - Running: ['airflow', 'tasks', 'run', 'premier_league_data_pipeline', 'load_data_to_postgres', 'manual__2025-04-06T12:42:48.438916+00:00', '--job-id', '5', '--raw', '--subdir', 'DAGS_FOLDER/premier_league_dag.py', '--cfg-path', '/tmp/tmp2cqttau_']
[2025-04-06T13:43:50.554+0100] {standard_task_runner.py:105} INFO - Job 5: Subtask load_data_to_postgres
[2025-04-06T13:43:50.584+0100] {task_command.py:467} INFO - Running <TaskInstance: premier_league_data_pipeline.load_data_to_postgres manual__2025-04-06T12:42:48.438916+00:00 [running]> on host dell-Latitude-5480
[2025-04-06T13:43:50.632+0100] {taskinstance.py:3134} INFO - Exporting env vars: AIRFLOW_CTX_DAG_OWNER='Victory' AIRFLOW_CTX_DAG_ID='premier_league_data_pipeline' AIRFLOW_CTX_TASK_ID='load_data_to_postgres' AIRFLOW_CTX_EXECUTION_DATE='2025-04-06T12:42:48.438916+00:00' AIRFLOW_CTX_TRY_NUMBER='1' AIRFLOW_CTX_DAG_RUN_ID='manual__2025-04-06T12:42:48.438916+00:00'
[2025-04-06T13:43:50.633+0100] {logging_mixin.py:190} INFO - Task instance is in running state
[2025-04-06T13:43:50.634+0100] {logging_mixin.py:190} INFO -  Previous state of the Task instance: queued
[2025-04-06T13:43:50.634+0100] {logging_mixin.py:190} INFO - Current task name:load_data_to_postgres state:running start_date:2025-04-06 12:43:50.528645+00:00
[2025-04-06T13:43:50.634+0100] {logging_mixin.py:190} INFO - Dag name:premier_league_data_pipeline and current dag run status:running
[2025-04-06T13:43:50.634+0100] {taskinstance.py:732} INFO - ::endgroup::
[2025-04-06T13:43:50.701+0100] {logging_mixin.py:190} INFO - Table 2019/20_premier_league_data created and data uploaded.
[2025-04-06T13:43:50.871+0100] {logging_mixin.py:190} INFO - Row inserted into 2019/20_premier_league_data.
[2025-04-06T13:43:50.876+0100] {logging_mixin.py:190} INFO - Row inserted into 2019/20_premier_league_data.
[2025-04-06T13:43:50.884+0100] {logging_mixin.py:190} INFO - Row inserted into 2019/20_premier_league_data.
[2025-04-06T13:43:50.889+0100] {logging_mixin.py:190} INFO - Row inserted into 2019/20_premier_league_data.
[2025-04-06T13:43:50.895+0100] {logging_mixin.py:190} INFO - Row inserted into 2019/20_premier_league_data.
[2025-04-06T13:43:50.898+0100] {logging_mixin.py:190} INFO - Row inserted into 2019/20_premier_league_data.
[2025-04-06T13:43:50.902+0100] {logging_mixin.py:190} INFO - Row inserted into 2019/20_premier_league_data.
[2025-04-06T13:43:50.906+0100] {logging_mixin.py:190} INFO - Row inserted into 2019/20_premier_league_data.
[2025-04-06T13:43:50.911+0100] {logging_mixin.py:190} INFO - Row inserted into 2019/20_premier_league_data.
[2025-04-06T13:43:50.915+0100] {logging_mixin.py:190} INFO - Row inserted into 2019/20_premier_league_data.
[2025-04-06T13:43:50.918+0100] {logging_mixin.py:190} INFO - Row inserted into 2019/20_premier_league_data.
[2025-04-06T13:43:50.922+0100] {logging_mixin.py:190} INFO - Row inserted into 2019/20_premier_league_data.
[2025-04-06T13:43:50.925+0100] {logging_mixin.py:190} INFO - Row inserted into 2019/20_premier_league_data.
[2025-04-06T13:43:50.929+0100] {logging_mixin.py:190} INFO - Row inserted into 2019/20_premier_league_data.
[2025-04-06T13:43:50.932+0100] {logging_mixin.py:190} INFO - Row inserted into 2019/20_premier_league_data.
[2025-04-06T13:43:50.936+0100] {logging_mixin.py:190} INFO - Row inserted into 2019/20_premier_league_data.
[2025-04-06T13:43:50.940+0100] {logging_mixin.py:190} INFO - Row inserted into 2019/20_premier_league_data.
[2025-04-06T13:43:50.944+0100] {logging_mixin.py:190} INFO - Row inserted into 2019/20_premier_league_data.
[2025-04-06T13:43:50.947+0100] {logging_mixin.py:190} INFO - Row inserted into 2019/20_premier_league_data.
[2025-04-06T13:43:50.951+0100] {logging_mixin.py:190} INFO - Row inserted into 2019/20_premier_league_data.
[2025-04-06T13:43:50.985+0100] {logging_mixin.py:190} INFO - Row inserted into 2019/20_premier_league_data.
[2025-04-06T13:43:50.989+0100] {logging_mixin.py:190} INFO - Row inserted into 2019/20_premier_league_data.
[2025-04-06T13:43:50.993+0100] {logging_mixin.py:190} INFO - Row inserted into 2019/20_premier_league_data.
[2025-04-06T13:43:50.997+0100] {logging_mixin.py:190} INFO - Row inserted into 2019/20_premier_league_data.
[2025-04-06T13:43:51.000+0100] {logging_mixin.py:190} INFO - Row inserted into 2019/20_premier_league_data.
[2025-04-06T13:43:51.003+0100] {logging_mixin.py:190} INFO - Row inserted into 2019/20_premier_league_data.
[2025-04-06T13:43:51.007+0100] {logging_mixin.py:190} INFO - Row inserted into 2019/20_premier_league_data.
[2025-04-06T13:43:51.010+0100] {logging_mixin.py:190} INFO - Row inserted into 2019/20_premier_league_data.
[2025-04-06T13:43:51.013+0100] {logging_mixin.py:190} INFO - Row inserted into 2019/20_premier_league_data.
[2025-04-06T13:43:51.017+0100] {logging_mixin.py:190} INFO - Row inserted into 2019/20_premier_league_data.
[2025-04-06T13:43:51.021+0100] {logging_mixin.py:190} INFO - Row inserted into 2019/20_premier_league_data.
[2025-04-06T13:43:51.024+0100] {logging_mixin.py:190} INFO - Row inserted into 2019/20_premier_league_data.
[2025-04-06T13:43:51.028+0100] {logging_mixin.py:190} INFO - Row inserted into 2019/20_premier_league_data.
[2025-04-06T13:43:51.031+0100] {logging_mixin.py:190} INFO - Row inserted into 2019/20_premier_league_data.
[2025-04-06T13:43:51.034+0100] {logging_mixin.py:190} INFO - Row inserted into 2019/20_premier_league_data.
[2025-04-06T13:43:51.038+0100] {logging_mixin.py:190} INFO - Row inserted into 2019/20_premier_league_data.
[2025-04-06T13:43:51.049+0100] {logging_mixin.py:190} INFO - Row inserted into 2019/20_premier_league_data.
[2025-04-06T13:43:51.054+0100] {logging_mixin.py:190} INFO - Row inserted into 2019/20_premier_league_data.
[2025-04-06T13:43:51.059+0100] {logging_mixin.py:190} INFO - Row inserted into 2019/20_premier_league_data.
[2025-04-06T13:43:51.064+0100] {logging_mixin.py:190} INFO - Row inserted into 2019/20_premier_league_data.
[2025-04-06T13:43:51.068+0100] {python.py:240} INFO - Done. Returned value was: None
[2025-04-06T13:43:51.079+0100] {taskinstance.py:341} INFO - ::group::Post task execution logs
[2025-04-06T13:43:51.080+0100] {taskinstance.py:353} INFO - Marking task as SUCCESS. dag_id=premier_league_data_pipeline, task_id=load_data_to_postgres, run_id=manual__2025-04-06T12:42:48.438916+00:00, execution_date=20250406T124248, start_date=20250406T124350, end_date=20250406T124351
[2025-04-06T13:43:51.105+0100] {logging_mixin.py:190} INFO - Task instance in success state
[2025-04-06T13:43:51.106+0100] {logging_mixin.py:190} INFO -  Previous state of the Task instance: running
[2025-04-06T13:43:51.106+0100] {logging_mixin.py:190} INFO - Dag name:premier_league_data_pipeline queued_at:2025-04-06 12:42:48.460974+00:00
[2025-04-06T13:43:51.106+0100] {logging_mixin.py:190} INFO - Task hostname:dell-Latitude-5480 operator:PythonOperator
[2025-04-06T13:43:51.127+0100] {local_task_job_runner.py:266} INFO - Task exited with return code 0
[2025-04-06T13:43:51.137+0100] {taskinstance.py:3901} INFO - 0 downstream tasks scheduled from follow-on schedule check
[2025-04-06T13:43:51.138+0100] {local_task_job_runner.py:245} INFO - ::endgroup::
