[2025-04-06T13:40:38.260+0100] {local_task_job_runner.py:123} INFO - ::group::Pre task execution logs
[2025-04-06T13:40:38.271+0100] {taskinstance.py:2614} INFO - Dependencies all met for dep_context=non-requeueable deps ti=<TaskInstance: premier_league_data_pipeline.upload_data_to_s3 manual__2025-04-06T12:34:49.189703+00:00 [queued]>
[2025-04-06T13:40:38.276+0100] {taskinstance.py:2614} INFO - Dependencies all met for dep_context=requeueable deps ti=<TaskInstance: premier_league_data_pipeline.upload_data_to_s3 manual__2025-04-06T12:34:49.189703+00:00 [queued]>
[2025-04-06T13:40:38.277+0100] {taskinstance.py:2867} INFO - Starting attempt 1 of 2
[2025-04-06T13:40:38.288+0100] {taskinstance.py:2890} INFO - Executing <Task(PythonOperator): upload_data_to_s3> on 2025-04-06 12:34:49.189703+00:00
[2025-04-06T13:40:38.291+0100] {standard_task_runner.py:72} INFO - Started process 18391 to run task
[2025-04-06T13:40:38.294+0100] {standard_task_runner.py:104} INFO - Running: ['airflow', 'tasks', 'run', 'premier_league_data_pipeline', 'upload_data_to_s3', 'manual__2025-04-06T12:34:49.189703+00:00', '--job-id', '11', '--raw', '--subdir', 'DAGS_FOLDER/premier_league_dag.py', '--cfg-path', '/tmp/tmpkaq37hiy']
[2025-04-06T13:40:38.294+0100] {standard_task_runner.py:105} INFO - Job 11: Subtask upload_data_to_s3
[2025-04-06T13:40:38.321+0100] {task_command.py:467} INFO - Running <TaskInstance: premier_league_data_pipeline.upload_data_to_s3 manual__2025-04-06T12:34:49.189703+00:00 [running]> on host dell-Latitude-5480
[2025-04-06T13:40:38.364+0100] {taskinstance.py:3134} INFO - Exporting env vars: AIRFLOW_CTX_DAG_OWNER='Victory' AIRFLOW_CTX_DAG_ID='premier_league_data_pipeline' AIRFLOW_CTX_TASK_ID='upload_data_to_s3' AIRFLOW_CTX_EXECUTION_DATE='2025-04-06T12:34:49.189703+00:00' AIRFLOW_CTX_TRY_NUMBER='1' AIRFLOW_CTX_DAG_RUN_ID='manual__2025-04-06T12:34:49.189703+00:00'
[2025-04-06T13:40:38.365+0100] {logging_mixin.py:190} INFO - Task instance is in running state
[2025-04-06T13:40:38.365+0100] {logging_mixin.py:190} INFO -  Previous state of the Task instance: queued
[2025-04-06T13:40:38.365+0100] {logging_mixin.py:190} INFO - Current task name:upload_data_to_s3 state:running start_date:2025-04-06 12:40:38.271324+00:00
[2025-04-06T13:40:38.365+0100] {logging_mixin.py:190} INFO - Dag name:premier_league_data_pipeline and current dag run status:running
[2025-04-06T13:40:38.366+0100] {taskinstance.py:732} INFO - ::endgroup::
[2025-04-06T13:40:38.379+0100] {credentials.py:1352} INFO - Found credentials in shared credentials file: ~/.aws/credentials
[2025-04-06T13:40:39.802+0100] {logging_mixin.py:190} INFO - Uploaded to s3://premier-league-football-data-bucket/2019_20_GW1_data.csv
[2025-04-06T13:40:39.802+0100] {logging_mixin.py:190} INFO - Deleted local file: ../data/2019_20_GW1_data.csv
[2025-04-06T13:40:40.415+0100] {logging_mixin.py:190} INFO - Uploaded to s3://premier-league-football-data-bucket/2019_20_GW2_data.csv
[2025-04-06T13:40:40.416+0100] {logging_mixin.py:190} INFO - Deleted local file: ../data/2019_20_GW2_data.csv
[2025-04-06T13:40:41.030+0100] {logging_mixin.py:190} INFO - Uploaded to s3://premier-league-football-data-bucket/2019_20_GW3_data.csv
[2025-04-06T13:40:41.030+0100] {logging_mixin.py:190} INFO - Deleted local file: ../data/2019_20_GW3_data.csv
[2025-04-06T13:40:41.031+0100] {logging_mixin.py:190} INFO - Deleted empty directory ../data
[2025-04-06T13:40:41.035+0100] {python.py:240} INFO - Done. Returned value was: None
[2025-04-06T13:40:41.044+0100] {taskinstance.py:341} INFO - ::group::Post task execution logs
[2025-04-06T13:40:41.044+0100] {taskinstance.py:353} INFO - Marking task as SUCCESS. dag_id=premier_league_data_pipeline, task_id=upload_data_to_s3, run_id=manual__2025-04-06T12:34:49.189703+00:00, execution_date=20250406T123449, start_date=20250406T124038, end_date=20250406T124041
[2025-04-06T13:40:41.085+0100] {logging_mixin.py:190} INFO - Task instance in success state
[2025-04-06T13:40:41.085+0100] {logging_mixin.py:190} INFO -  Previous state of the Task instance: running
[2025-04-06T13:40:41.086+0100] {logging_mixin.py:190} INFO - Dag name:premier_league_data_pipeline queued_at:2025-04-06 12:34:49.202756+00:00
[2025-04-06T13:40:41.086+0100] {logging_mixin.py:190} INFO - Task hostname:dell-Latitude-5480 operator:PythonOperator
[2025-04-06T13:40:41.114+0100] {local_task_job_runner.py:266} INFO - Task exited with return code 0
[2025-04-06T13:40:41.192+0100] {taskinstance.py:3901} INFO - 1 downstream tasks scheduled from follow-on schedule check
[2025-04-06T13:40:41.196+0100] {local_task_job_runner.py:245} INFO - ::endgroup::
