[2025-04-06T13:39:55.518+0100] {local_task_job_runner.py:123} INFO - ::group::Pre task execution logs
[2025-04-06T13:39:55.535+0100] {taskinstance.py:2614} INFO - Dependencies all met for dep_context=non-requeueable deps ti=<TaskInstance: premier_league_data_pipeline.download_data manual__2025-04-06T12:34:49.189703+00:00 [queued]>
[2025-04-06T13:39:55.545+0100] {taskinstance.py:2614} INFO - Dependencies all met for dep_context=requeueable deps ti=<TaskInstance: premier_league_data_pipeline.download_data manual__2025-04-06T12:34:49.189703+00:00 [queued]>
[2025-04-06T13:39:55.545+0100] {taskinstance.py:2867} INFO - Starting attempt 2 of 2
[2025-04-06T13:39:55.565+0100] {taskinstance.py:2890} INFO - Executing <Task(PythonOperator): download_data> on 2025-04-06 12:34:49.189703+00:00
[2025-04-06T13:39:55.570+0100] {standard_task_runner.py:72} INFO - Started process 18037 to run task
[2025-04-06T13:39:55.577+0100] {standard_task_runner.py:104} INFO - Running: ['airflow', 'tasks', 'run', 'premier_league_data_pipeline', 'download_data', 'manual__2025-04-06T12:34:49.189703+00:00', '--job-id', '10', '--raw', '--subdir', 'DAGS_FOLDER/premier_league_dag.py', '--cfg-path', '/tmp/tmpr02z_48o']
[2025-04-06T13:39:55.578+0100] {standard_task_runner.py:105} INFO - Job 10: Subtask download_data
[2025-04-06T13:39:55.629+0100] {task_command.py:467} INFO - Running <TaskInstance: premier_league_data_pipeline.download_data manual__2025-04-06T12:34:49.189703+00:00 [running]> on host dell-Latitude-5480
[2025-04-06T13:39:55.712+0100] {taskinstance.py:3134} INFO - Exporting env vars: AIRFLOW_CTX_DAG_OWNER='Victory' AIRFLOW_CTX_DAG_ID='premier_league_data_pipeline' AIRFLOW_CTX_TASK_ID='download_data' AIRFLOW_CTX_EXECUTION_DATE='2025-04-06T12:34:49.189703+00:00' AIRFLOW_CTX_TRY_NUMBER='2' AIRFLOW_CTX_DAG_RUN_ID='manual__2025-04-06T12:34:49.189703+00:00'
[2025-04-06T13:39:55.713+0100] {logging_mixin.py:190} INFO - Task instance is in running state
[2025-04-06T13:39:55.714+0100] {logging_mixin.py:190} INFO -  Previous state of the Task instance: queued
[2025-04-06T13:39:55.714+0100] {logging_mixin.py:190} INFO - Current task name:download_data state:running start_date:2025-04-06 12:39:55.535735+00:00
[2025-04-06T13:39:55.715+0100] {logging_mixin.py:190} INFO - Dag name:premier_league_data_pipeline and current dag run status:running
[2025-04-06T13:39:55.715+0100] {taskinstance.py:732} INFO - ::endgroup::
[2025-04-06T13:40:05.923+0100] {logging_mixin.py:190} INFO - Accepted cookies
[2025-04-06T13:40:09.134+0100] {logging_mixin.py:190} INFO - Opened game week dropdown
[2025-04-06T13:40:10.165+0100] {logging_mixin.py:190} INFO - Selected game week 1
[2025-04-06T13:40:19.376+0100] {logging_mixin.py:190} INFO - Selected game week 2
[2025-04-06T13:40:27.530+0100] {logging_mixin.py:190} INFO - Selected game week 3
[2025-04-06T13:40:34.860+0100] {logging_mixin.py:190} INFO - Game Week 1 data saved: ../data/2019_20_GW1_data.csv
[2025-04-06T13:40:34.863+0100] {logging_mixin.py:190} INFO - Game Week 2 data saved: ../data/2019_20_GW2_data.csv
[2025-04-06T13:40:34.880+0100] {logging_mixin.py:190} INFO - Game Week 3 data saved: ../data/2019_20_GW3_data.csv
[2025-04-06T13:40:34.881+0100] {python.py:240} INFO - Done. Returned value was: None
[2025-04-06T13:40:34.908+0100] {taskinstance.py:341} INFO - ::group::Post task execution logs
[2025-04-06T13:40:34.910+0100] {taskinstance.py:353} INFO - Marking task as SUCCESS. dag_id=premier_league_data_pipeline, task_id=download_data, run_id=manual__2025-04-06T12:34:49.189703+00:00, execution_date=20250406T123449, start_date=20250406T123955, end_date=20250406T124034
[2025-04-06T13:40:35.043+0100] {logging_mixin.py:190} INFO - Task instance in success state
[2025-04-06T13:40:35.044+0100] {logging_mixin.py:190} INFO -  Previous state of the Task instance: running
[2025-04-06T13:40:35.044+0100] {logging_mixin.py:190} INFO - Dag name:premier_league_data_pipeline queued_at:2025-04-06 12:34:49.202756+00:00
[2025-04-06T13:40:35.044+0100] {logging_mixin.py:190} INFO - Task hostname:dell-Latitude-5480 operator:PythonOperator
[2025-04-06T13:40:35.093+0100] {local_task_job_runner.py:266} INFO - Task exited with return code 0
[2025-04-06T13:40:35.115+0100] {taskinstance.py:3901} INFO - 1 downstream tasks scheduled from follow-on schedule check
[2025-04-06T13:40:35.120+0100] {local_task_job_runner.py:245} INFO - ::endgroup::
