[2025-04-06T15:42:01.743+0100] {local_task_job_runner.py:123} INFO - ::group::Pre task execution logs
[2025-04-06T15:42:01.751+0100] {taskinstance.py:2614} INFO - Dependencies all met for dep_context=non-requeueable deps ti=<TaskInstance: premier_league_data_pipeline.download_data_2020_21 manual__2025-04-06T14:34:57.308181+00:00 [queued]>
[2025-04-06T15:42:01.758+0100] {taskinstance.py:2614} INFO - Dependencies all met for dep_context=requeueable deps ti=<TaskInstance: premier_league_data_pipeline.download_data_2020_21 manual__2025-04-06T14:34:57.308181+00:00 [queued]>
[2025-04-06T15:42:01.758+0100] {taskinstance.py:2867} INFO - Starting attempt 1 of 2
[2025-04-06T15:42:01.770+0100] {taskinstance.py:2890} INFO - Executing <Task(PythonOperator): download_data_2020_21> on 2025-04-06 14:34:57.308181+00:00
[2025-04-06T15:42:01.775+0100] {standard_task_runner.py:72} INFO - Started process 39321 to run task
[2025-04-06T15:42:01.778+0100] {standard_task_runner.py:104} INFO - Running: ['airflow', 'tasks', 'run', 'premier_league_data_pipeline', 'download_data_2020_21', 'manual__2025-04-06T14:34:57.308181+00:00', '--job-id', '27', '--raw', '--subdir', 'DAGS_FOLDER/premier_league_dag.py', '--cfg-path', '/tmp/tmph87y95fc']
[2025-04-06T15:42:01.780+0100] {standard_task_runner.py:105} INFO - Job 27: Subtask download_data_2020_21
[2025-04-06T15:42:01.812+0100] {task_command.py:467} INFO - Running <TaskInstance: premier_league_data_pipeline.download_data_2020_21 manual__2025-04-06T14:34:57.308181+00:00 [running]> on host dell-Latitude-5480
[2025-04-06T15:42:01.864+0100] {taskinstance.py:3134} INFO - Exporting env vars: AIRFLOW_CTX_DAG_OWNER='Victory' AIRFLOW_CTX_DAG_ID='premier_league_data_pipeline' AIRFLOW_CTX_TASK_ID='download_data_2020_21' AIRFLOW_CTX_EXECUTION_DATE='2025-04-06T14:34:57.308181+00:00' AIRFLOW_CTX_TRY_NUMBER='1' AIRFLOW_CTX_DAG_RUN_ID='manual__2025-04-06T14:34:57.308181+00:00'
[2025-04-06T15:42:01.865+0100] {logging_mixin.py:190} INFO - Task instance is in running state
[2025-04-06T15:42:01.865+0100] {logging_mixin.py:190} INFO -  Previous state of the Task instance: queued
[2025-04-06T15:42:01.866+0100] {logging_mixin.py:190} INFO - Current task name:download_data_2020_21 state:running start_date:2025-04-06 14:42:01.751907+00:00
[2025-04-06T15:42:01.866+0100] {logging_mixin.py:190} INFO - Dag name:premier_league_data_pipeline and current dag run status:running
[2025-04-06T15:42:01.866+0100] {taskinstance.py:732} INFO - ::endgroup::
[2025-04-06T15:42:07.833+0100] {logging_mixin.py:190} INFO - Accepted cookies
[2025-04-06T15:42:11.050+0100] {logging_mixin.py:190} INFO - Opened game week dropdown
[2025-04-06T15:42:12.092+0100] {logging_mixin.py:190} INFO - Selected game week 1
[2025-04-06T15:42:33.478+0100] {logging_mixin.py:190} INFO - Selected game week 2
[2025-04-06T15:42:42.714+0100] {logging_mixin.py:190} INFO - Selected game week 3
[2025-04-06T15:42:51.443+0100] {logging_mixin.py:190} INFO - Selected game week 4
[2025-04-06T15:43:01.166+0100] {logging_mixin.py:190} INFO - Selected game week 5
[2025-04-06T15:43:11.243+0100] {logging_mixin.py:190} INFO - Selected game week 6
[2025-04-06T15:43:20.298+0100] {logging_mixin.py:190} INFO - Selected game week 7
[2025-04-06T15:43:30.074+0100] {logging_mixin.py:190} INFO - Selected game week 8
[2025-04-06T15:43:46.442+0100] {logging_mixin.py:190} INFO - Selected game week 9
[2025-04-06T15:43:55.831+0100] {logging_mixin.py:190} INFO - Selected game week 10
[2025-04-06T15:44:05.738+0100] {logging_mixin.py:190} INFO - Selected game week 11
[2025-04-06T15:44:14.681+0100] {logging_mixin.py:190} INFO - Selected game week 12
[2025-04-06T15:44:24.572+0100] {logging_mixin.py:190} INFO - Selected game week 13
[2025-04-06T15:44:33.675+0100] {logging_mixin.py:190} INFO - Selected game week 14
[2025-04-06T15:44:43.262+0100] {logging_mixin.py:190} INFO - Selected game week 15
[2025-04-06T15:44:52.399+0100] {logging_mixin.py:190} INFO - Selected game week 16
[2025-04-06T15:45:02.412+0100] {logging_mixin.py:190} INFO - Selected game week 17
[2025-04-06T15:45:12.242+0100] {logging_mixin.py:190} INFO - Selected game week 18
[2025-04-06T15:45:21.263+0100] {logging_mixin.py:190} INFO - Selected game week 19
[2025-04-06T15:45:30.327+0100] {logging_mixin.py:190} INFO - Selected game week 20
[2025-04-06T15:45:40.440+0100] {logging_mixin.py:190} INFO - Selected game week 21
[2025-04-06T15:45:55.951+0100] {logging_mixin.py:190} INFO - Selected game week 22
[2025-04-06T15:46:05.211+0100] {logging_mixin.py:190} INFO - Selected game week 23
[2025-04-06T15:46:14.990+0100] {logging_mixin.py:190} INFO - Selected game week 24
[2025-04-06T15:46:32.127+0100] {logging_mixin.py:190} INFO - Selected game week 25
[2025-04-06T15:46:41.454+0100] {logging_mixin.py:190} INFO - Selected game week 26
[2025-04-06T15:46:50.814+0100] {logging_mixin.py:190} INFO - Selected game week 27
[2025-04-06T15:47:08.006+0100] {logging_mixin.py:190} INFO - Selected game week 28
[2025-04-06T15:47:17.694+0100] {logging_mixin.py:190} INFO - Selected game week 29
[2025-04-06T15:47:33.396+0100] {logging_mixin.py:190} INFO - Selected game week 30
[2025-04-06T15:47:42.936+0100] {logging_mixin.py:190} INFO - Selected game week 31
[2025-04-06T15:47:53.033+0100] {logging_mixin.py:190} INFO - Selected game week 32
[2025-04-06T15:48:10.789+0100] {logging_mixin.py:190} INFO - Selected game week 33
[2025-04-06T15:48:31.679+0100] {logging_mixin.py:190} INFO - Selected game week 34
[2025-04-06T15:48:48.154+0100] {logging_mixin.py:190} INFO - Selected game week 35
[2025-04-06T15:49:06.407+0100] {logging_mixin.py:190} INFO - Selected game week 36
[2025-04-06T15:49:21.690+0100] {logging_mixin.py:190} INFO - Selected game week 37
[2025-04-06T15:49:41.655+0100] {logging_mixin.py:190} INFO - Selected game week 38
[2025-04-06T15:49:56.460+0100] {logging_mixin.py:190} INFO - Game Week 1 data saved: ../data/2020_21_GW1_data.csv
[2025-04-06T15:49:56.461+0100] {logging_mixin.py:190} INFO - Game Week 2 data saved: ../data/2020_21_GW2_data.csv
[2025-04-06T15:49:56.463+0100] {logging_mixin.py:190} INFO - Game Week 3 data saved: ../data/2020_21_GW3_data.csv
[2025-04-06T15:49:56.465+0100] {logging_mixin.py:190} INFO - Game Week 4 data saved: ../data/2020_21_GW4_data.csv
[2025-04-06T15:49:56.466+0100] {logging_mixin.py:190} INFO - Game Week 5 data saved: ../data/2020_21_GW5_data.csv
[2025-04-06T15:49:56.467+0100] {logging_mixin.py:190} INFO - Game Week 6 data saved: ../data/2020_21_GW6_data.csv
[2025-04-06T15:49:56.469+0100] {logging_mixin.py:190} INFO - Game Week 7 data saved: ../data/2020_21_GW7_data.csv
[2025-04-06T15:49:56.470+0100] {logging_mixin.py:190} INFO - Game Week 8 data saved: ../data/2020_21_GW8_data.csv
[2025-04-06T15:49:56.472+0100] {logging_mixin.py:190} INFO - Game Week 9 data saved: ../data/2020_21_GW9_data.csv
[2025-04-06T15:49:56.473+0100] {logging_mixin.py:190} INFO - Game Week 10 data saved: ../data/2020_21_GW10_data.csv
[2025-04-06T15:49:56.475+0100] {logging_mixin.py:190} INFO - Game Week 11 data saved: ../data/2020_21_GW11_data.csv
[2025-04-06T15:49:56.476+0100] {logging_mixin.py:190} INFO - Game Week 12 data saved: ../data/2020_21_GW12_data.csv
[2025-04-06T15:49:56.478+0100] {logging_mixin.py:190} INFO - Game Week 13 data saved: ../data/2020_21_GW13_data.csv
[2025-04-06T15:49:56.479+0100] {logging_mixin.py:190} INFO - Game Week 14 data saved: ../data/2020_21_GW14_data.csv
[2025-04-06T15:49:56.481+0100] {logging_mixin.py:190} INFO - Game Week 15 data saved: ../data/2020_21_GW15_data.csv
[2025-04-06T15:49:56.482+0100] {logging_mixin.py:190} INFO - Game Week 16 data saved: ../data/2020_21_GW16_data.csv
[2025-04-06T15:49:56.484+0100] {logging_mixin.py:190} INFO - Game Week 17 data saved: ../data/2020_21_GW17_data.csv
[2025-04-06T15:49:56.485+0100] {logging_mixin.py:190} INFO - Game Week 18 data saved: ../data/2020_21_GW18_data.csv
[2025-04-06T15:49:56.486+0100] {logging_mixin.py:190} INFO - Game Week 19 data saved: ../data/2020_21_GW19_data.csv
[2025-04-06T15:49:56.488+0100] {logging_mixin.py:190} INFO - Game Week 20 data saved: ../data/2020_21_GW20_data.csv
[2025-04-06T15:49:56.489+0100] {logging_mixin.py:190} INFO - Game Week 21 data saved: ../data/2020_21_GW21_data.csv
[2025-04-06T15:49:56.491+0100] {logging_mixin.py:190} INFO - Game Week 22 data saved: ../data/2020_21_GW22_data.csv
[2025-04-06T15:49:56.492+0100] {logging_mixin.py:190} INFO - Game Week 23 data saved: ../data/2020_21_GW23_data.csv
[2025-04-06T15:49:56.493+0100] {logging_mixin.py:190} INFO - Game Week 24 data saved: ../data/2020_21_GW24_data.csv
[2025-04-06T15:49:56.495+0100] {logging_mixin.py:190} INFO - Game Week 25 data saved: ../data/2020_21_GW25_data.csv
[2025-04-06T15:49:56.497+0100] {logging_mixin.py:190} INFO - Game Week 26 data saved: ../data/2020_21_GW26_data.csv
[2025-04-06T15:49:56.499+0100] {logging_mixin.py:190} INFO - Game Week 27 data saved: ../data/2020_21_GW27_data.csv
[2025-04-06T15:49:56.501+0100] {logging_mixin.py:190} INFO - Game Week 28 data saved: ../data/2020_21_GW28_data.csv
[2025-04-06T15:49:56.503+0100] {logging_mixin.py:190} INFO - Game Week 29 data saved: ../data/2020_21_GW29_data.csv
[2025-04-06T15:49:56.505+0100] {logging_mixin.py:190} INFO - Game Week 30 data saved: ../data/2020_21_GW30_data.csv
[2025-04-06T15:49:56.507+0100] {logging_mixin.py:190} INFO - Game Week 31 data saved: ../data/2020_21_GW31_data.csv
[2025-04-06T15:49:56.509+0100] {logging_mixin.py:190} INFO - Game Week 32 data saved: ../data/2020_21_GW32_data.csv
[2025-04-06T15:49:56.512+0100] {logging_mixin.py:190} INFO - Game Week 33 data saved: ../data/2020_21_GW33_data.csv
[2025-04-06T15:49:56.514+0100] {logging_mixin.py:190} INFO - Game Week 34 data saved: ../data/2020_21_GW34_data.csv
[2025-04-06T15:49:56.515+0100] {logging_mixin.py:190} INFO - Game Week 35 data saved: ../data/2020_21_GW35_data.csv
[2025-04-06T15:49:56.517+0100] {logging_mixin.py:190} INFO - Game Week 36 data saved: ../data/2020_21_GW36_data.csv
[2025-04-06T15:49:56.518+0100] {logging_mixin.py:190} INFO - Game Week 37 data saved: ../data/2020_21_GW37_data.csv
[2025-04-06T15:49:56.520+0100] {logging_mixin.py:190} INFO - Game Week 38 data saved: ../data/2020_21_GW38_data.csv
[2025-04-06T15:49:56.520+0100] {python.py:240} INFO - Done. Returned value was: None
[2025-04-06T15:49:56.525+0100] {taskinstance.py:341} INFO - ::group::Post task execution logs
[2025-04-06T15:49:56.525+0100] {taskinstance.py:353} INFO - Marking task as SUCCESS. dag_id=premier_league_data_pipeline, task_id=download_data_2020_21, run_id=manual__2025-04-06T14:34:57.308181+00:00, execution_date=20250406T143457, start_date=20250406T144201, end_date=20250406T144956
[2025-04-06T15:49:56.543+0100] {logging_mixin.py:190} INFO - Task instance in success state
[2025-04-06T15:49:56.543+0100] {logging_mixin.py:190} INFO -  Previous state of the Task instance: running
[2025-04-06T15:49:56.543+0100] {logging_mixin.py:190} INFO - Dag name:premier_league_data_pipeline queued_at:2025-04-06 14:34:57.327913+00:00
[2025-04-06T15:49:56.544+0100] {logging_mixin.py:190} INFO - Task hostname:dell-Latitude-5480 operator:PythonOperator
[2025-04-06T15:49:56.580+0100] {local_task_job_runner.py:266} INFO - Task exited with return code 0
[2025-04-06T15:49:56.601+0100] {taskinstance.py:3901} INFO - 1 downstream tasks scheduled from follow-on schedule check
[2025-04-06T15:49:56.603+0100] {local_task_job_runner.py:245} INFO - ::endgroup::
