[2025-04-06T14:11:18.280+0100] {local_task_job_runner.py:123} INFO - ::group::Pre task execution logs
[2025-04-06T14:11:18.294+0100] {taskinstance.py:2614} INFO - Dependencies all met for dep_context=non-requeueable deps ti=<TaskInstance: premier_league_data_pipeline.download_data_from_s3_2020_21 manual__2025-04-06T12:42:48.438916+00:00 [queued]>
[2025-04-06T14:11:18.301+0100] {taskinstance.py:2614} INFO - Dependencies all met for dep_context=requeueable deps ti=<TaskInstance: premier_league_data_pipeline.download_data_from_s3_2020_21 manual__2025-04-06T12:42:48.438916+00:00 [queued]>
[2025-04-06T14:11:18.302+0100] {taskinstance.py:2867} INFO - Starting attempt 1 of 2
[2025-04-06T14:11:18.314+0100] {taskinstance.py:2890} INFO - Executing <Task(PythonOperator): download_data_from_s3_2020_21> on 2025-04-06 12:42:48.438916+00:00
[2025-04-06T14:11:18.319+0100] {standard_task_runner.py:72} INFO - Started process 24934 to run task
[2025-04-06T14:11:18.322+0100] {standard_task_runner.py:104} INFO - Running: ['airflow', 'tasks', 'run', 'premier_league_data_pipeline', 'download_data_from_s3_2020_21', 'manual__2025-04-06T12:42:48.438916+00:00', '--job-id', '17', '--raw', '--subdir', 'DAGS_FOLDER/premier_league_dag.py', '--cfg-path', '/tmp/tmpey4111ka']
[2025-04-06T14:11:18.323+0100] {standard_task_runner.py:105} INFO - Job 17: Subtask download_data_from_s3_2020_21
[2025-04-06T14:11:18.352+0100] {task_command.py:467} INFO - Running <TaskInstance: premier_league_data_pipeline.download_data_from_s3_2020_21 manual__2025-04-06T12:42:48.438916+00:00 [running]> on host dell-Latitude-5480
[2025-04-06T14:11:18.400+0100] {taskinstance.py:3134} INFO - Exporting env vars: AIRFLOW_CTX_DAG_OWNER='Victory' AIRFLOW_CTX_DAG_ID='premier_league_data_pipeline' AIRFLOW_CTX_TASK_ID='download_data_from_s3_2020_21' AIRFLOW_CTX_EXECUTION_DATE='2025-04-06T12:42:48.438916+00:00' AIRFLOW_CTX_TRY_NUMBER='1' AIRFLOW_CTX_DAG_RUN_ID='manual__2025-04-06T12:42:48.438916+00:00'
[2025-04-06T14:11:18.401+0100] {logging_mixin.py:190} INFO - Task instance is in running state
[2025-04-06T14:11:18.401+0100] {logging_mixin.py:190} INFO -  Previous state of the Task instance: queued
[2025-04-06T14:11:18.401+0100] {logging_mixin.py:190} INFO - Current task name:download_data_from_s3_2020_21 state:running start_date:2025-04-06 13:11:18.294825+00:00
[2025-04-06T14:11:18.401+0100] {logging_mixin.py:190} INFO - Dag name:premier_league_data_pipeline and current dag run status:running
[2025-04-06T14:11:18.402+0100] {taskinstance.py:732} INFO - ::endgroup::
[2025-04-06T14:11:18.416+0100] {credentials.py:1352} INFO - Found credentials in shared credentials file: ~/.aws/credentials
[2025-04-06T14:11:19.915+0100] {logging_mixin.py:190} INFO - Downloaded 2020_21_GW1_data.csv to ../data/2020_21_GW1_data.csv
[2025-04-06T14:11:20.529+0100] {logging_mixin.py:190} INFO - Downloaded 2020_21_GW2_data.csv to ../data/2020_21_GW2_data.csv
[2025-04-06T14:11:21.052+0100] {logging_mixin.py:190} INFO - Downloaded 2020_21_GW3_data.csv to ../data/2020_21_GW3_data.csv
[2025-04-06T14:11:21.054+0100] {python.py:240} INFO - Done. Returned value was: None
[2025-04-06T14:11:21.061+0100] {taskinstance.py:341} INFO - ::group::Post task execution logs
[2025-04-06T14:11:21.061+0100] {taskinstance.py:353} INFO - Marking task as SUCCESS. dag_id=premier_league_data_pipeline, task_id=download_data_from_s3_2020_21, run_id=manual__2025-04-06T12:42:48.438916+00:00, execution_date=20250406T124248, start_date=20250406T131118, end_date=20250406T131121
[2025-04-06T14:11:21.100+0100] {logging_mixin.py:190} INFO - Task instance in success state
[2025-04-06T14:11:21.101+0100] {logging_mixin.py:190} INFO -  Previous state of the Task instance: running
[2025-04-06T14:11:21.101+0100] {logging_mixin.py:190} INFO - Dag name:premier_league_data_pipeline queued_at:2025-04-06 12:57:41.209428+00:00
[2025-04-06T14:11:21.101+0100] {logging_mixin.py:190} INFO - Task hostname:dell-Latitude-5480 operator:PythonOperator
[2025-04-06T14:11:21.141+0100] {local_task_job_runner.py:266} INFO - Task exited with return code 0
[2025-04-06T14:11:21.163+0100] {taskinstance.py:3901} INFO - 1 downstream tasks scheduled from follow-on schedule check
[2025-04-06T14:11:21.166+0100] {local_task_job_runner.py:245} INFO - ::endgroup::
