[2025-04-06T13:12:36.531+0100] {processor.py:186} INFO - Started process (PID=12587) to work on /home/Data_Professional/PycharmProjects/DE_Zoomcamp_Capstone_Project/.venv/lib/python3.10/site-packages/airflow/example_dags/example_external_task_marker_dag.py
[2025-04-06T13:12:36.532+0100] {processor.py:914} INFO - Processing file /home/Data_Professional/PycharmProjects/DE_Zoomcamp_Capstone_Project/.venv/lib/python3.10/site-packages/airflow/example_dags/example_external_task_marker_dag.py for tasks to queue
[2025-04-06T13:12:36.535+0100] {logging_mixin.py:190} INFO - [2025-04-06T13:12:36.534+0100] {dagbag.py:588} INFO - Filling up the DagBag from /home/Data_Professional/PycharmProjects/DE_Zoomcamp_Capstone_Project/.venv/lib/python3.10/site-packages/airflow/example_dags/example_external_task_marker_dag.py
[2025-04-06T13:12:36.545+0100] {processor.py:925} INFO - DAG(s) 'example_external_task_marker_child', 'example_external_task_marker_parent' retrieved from /home/Data_Professional/PycharmProjects/DE_Zoomcamp_Capstone_Project/.venv/lib/python3.10/site-packages/airflow/example_dags/example_external_task_marker_dag.py
[2025-04-06T13:12:36.684+0100] {logging_mixin.py:190} INFO - [2025-04-06T13:12:36.683+0100] {override.py:1912} INFO - Created Permission View: can delete on DAG:example_external_task_marker_child
[2025-04-06T13:12:36.707+0100] {logging_mixin.py:190} INFO - [2025-04-06T13:12:36.706+0100] {override.py:1912} INFO - Created Permission View: can read on DAG:example_external_task_marker_child
[2025-04-06T13:12:36.721+0100] {logging_mixin.py:190} INFO - [2025-04-06T13:12:36.721+0100] {override.py:1912} INFO - Created Permission View: can edit on DAG:example_external_task_marker_child
[2025-04-06T13:12:36.739+0100] {logging_mixin.py:190} INFO - [2025-04-06T13:12:36.739+0100] {override.py:1912} INFO - Created Permission View: can delete on DAG Run:example_external_task_marker_child
[2025-04-06T13:12:36.752+0100] {logging_mixin.py:190} INFO - [2025-04-06T13:12:36.752+0100] {override.py:1912} INFO - Created Permission View: can create on DAG Run:example_external_task_marker_child
[2025-04-06T13:12:36.764+0100] {logging_mixin.py:190} INFO - [2025-04-06T13:12:36.764+0100] {override.py:1912} INFO - Created Permission View: can read on DAG Run:example_external_task_marker_child
[2025-04-06T13:12:36.776+0100] {logging_mixin.py:190} INFO - [2025-04-06T13:12:36.776+0100] {override.py:1912} INFO - Created Permission View: menu access on DAG Run:example_external_task_marker_child
[2025-04-06T13:12:36.804+0100] {logging_mixin.py:190} INFO - [2025-04-06T13:12:36.803+0100] {override.py:1912} INFO - Created Permission View: can delete on DAG:example_external_task_marker_parent
[2025-04-06T13:12:36.816+0100] {logging_mixin.py:190} INFO - [2025-04-06T13:12:36.816+0100] {override.py:1912} INFO - Created Permission View: can read on DAG:example_external_task_marker_parent
[2025-04-06T13:12:36.829+0100] {logging_mixin.py:190} INFO - [2025-04-06T13:12:36.828+0100] {override.py:1912} INFO - Created Permission View: can edit on DAG:example_external_task_marker_parent
[2025-04-06T13:12:36.843+0100] {logging_mixin.py:190} INFO - [2025-04-06T13:12:36.842+0100] {override.py:1912} INFO - Created Permission View: can delete on DAG Run:example_external_task_marker_parent
[2025-04-06T13:12:36.853+0100] {logging_mixin.py:190} INFO - [2025-04-06T13:12:36.853+0100] {override.py:1912} INFO - Created Permission View: can create on DAG Run:example_external_task_marker_parent
[2025-04-06T13:12:36.863+0100] {logging_mixin.py:190} INFO - [2025-04-06T13:12:36.863+0100] {override.py:1912} INFO - Created Permission View: can read on DAG Run:example_external_task_marker_parent
[2025-04-06T13:12:36.874+0100] {logging_mixin.py:190} INFO - [2025-04-06T13:12:36.874+0100] {override.py:1912} INFO - Created Permission View: menu access on DAG Run:example_external_task_marker_parent
[2025-04-06T13:12:36.875+0100] {logging_mixin.py:190} INFO - [2025-04-06T13:12:36.875+0100] {dag.py:3239} INFO - Sync 2 DAGs
[2025-04-06T13:12:36.894+0100] {logging_mixin.py:190} INFO - [2025-04-06T13:12:36.893+0100] {dag.py:3262} INFO - Creating ORM DAG for example_external_task_marker_child
[2025-04-06T13:12:36.895+0100] {logging_mixin.py:190} INFO - [2025-04-06T13:12:36.894+0100] {dag.py:3262} INFO - Creating ORM DAG for example_external_task_marker_parent
[2025-04-06T13:12:36.896+0100] {logging_mixin.py:190} INFO - [2025-04-06T13:12:36.895+0100] {dag.py:4180} INFO - Setting next_dagrun for example_external_task_marker_child to None, run_after=None
[2025-04-06T13:12:36.897+0100] {logging_mixin.py:190} INFO - [2025-04-06T13:12:36.897+0100] {dag.py:4180} INFO - Setting next_dagrun for example_external_task_marker_parent to None, run_after=None
[2025-04-06T13:12:36.922+0100] {processor.py:208} INFO - Processing /home/Data_Professional/PycharmProjects/DE_Zoomcamp_Capstone_Project/.venv/lib/python3.10/site-packages/airflow/example_dags/example_external_task_marker_dag.py took 0.400 seconds
