[2025-04-06T13:11:52.348+0100] {processor.py:186} INFO - Started process (PID=12393) to work on /home/Data_Professional/PycharmProjects/DE_Zoomcamp_Capstone_Project/.venv/lib/python3.10/site-packages/airflow/example_dags/example_subdag_operator.py
[2025-04-06T13:11:52.349+0100] {processor.py:914} INFO - Processing file /home/Data_Professional/PycharmProjects/DE_Zoomcamp_Capstone_Project/.venv/lib/python3.10/site-packages/airflow/example_dags/example_subdag_operator.py for tasks to queue
[2025-04-06T13:11:52.351+0100] {logging_mixin.py:190} INFO - [2025-04-06T13:11:52.350+0100] {dagbag.py:588} INFO - Filling up the DagBag from /home/Data_Professional/PycharmProjects/DE_Zoomcamp_Capstone_Project/.venv/lib/python3.10/site-packages/airflow/example_dags/example_subdag_operator.py
[2025-04-06T13:11:52.425+0100] {processor.py:925} INFO - DAG(s) 'example_subdag_operator.section-1', 'example_subdag_operator.section-2', 'example_subdag_operator' retrieved from /home/Data_Professional/PycharmProjects/DE_Zoomcamp_Capstone_Project/.venv/lib/python3.10/site-packages/airflow/example_dags/example_subdag_operator.py
[2025-04-06T13:11:52.747+0100] {logging_mixin.py:190} INFO - [2025-04-06T13:11:52.746+0100] {override.py:1912} INFO - Created Permission View: can delete on DAG:example_subdag_operator
[2025-04-06T13:11:52.781+0100] {logging_mixin.py:190} INFO - [2025-04-06T13:11:52.781+0100] {override.py:1912} INFO - Created Permission View: can read on DAG:example_subdag_operator
[2025-04-06T13:11:52.795+0100] {logging_mixin.py:190} INFO - [2025-04-06T13:11:52.794+0100] {override.py:1912} INFO - Created Permission View: can edit on DAG:example_subdag_operator
[2025-04-06T13:11:52.821+0100] {logging_mixin.py:190} INFO - [2025-04-06T13:11:52.821+0100] {override.py:1912} INFO - Created Permission View: can delete on DAG Run:example_subdag_operator
[2025-04-06T13:11:52.836+0100] {logging_mixin.py:190} INFO - [2025-04-06T13:11:52.836+0100] {override.py:1912} INFO - Created Permission View: can create on DAG Run:example_subdag_operator
[2025-04-06T13:11:52.859+0100] {logging_mixin.py:190} INFO - [2025-04-06T13:11:52.858+0100] {override.py:1912} INFO - Created Permission View: can read on DAG Run:example_subdag_operator
[2025-04-06T13:11:52.882+0100] {logging_mixin.py:190} INFO - [2025-04-06T13:11:52.881+0100] {override.py:1912} INFO - Created Permission View: menu access on DAG Run:example_subdag_operator
[2025-04-06T13:11:52.883+0100] {logging_mixin.py:190} INFO - [2025-04-06T13:11:52.882+0100] {dag.py:3239} INFO - Sync 3 DAGs
[2025-04-06T13:11:52.909+0100] {logging_mixin.py:190} INFO - [2025-04-06T13:11:52.909+0100] {dag.py:3262} INFO - Creating ORM DAG for example_subdag_operator
[2025-04-06T13:11:52.910+0100] {logging_mixin.py:190} INFO - [2025-04-06T13:11:52.910+0100] {dag.py:3262} INFO - Creating ORM DAG for example_subdag_operator.section-1
[2025-04-06T13:11:52.911+0100] {logging_mixin.py:190} INFO - [2025-04-06T13:11:52.911+0100] {dag.py:3262} INFO - Creating ORM DAG for example_subdag_operator.section-2
[2025-04-06T13:11:52.950+0100] {logging_mixin.py:190} INFO - [2025-04-06T13:11:52.950+0100] {dag.py:4180} INFO - Setting next_dagrun for example_subdag_operator to 2022-01-01 00:00:00+00:00, run_after=2022-01-01 00:00:00+00:00
[2025-04-06T13:11:52.951+0100] {logging_mixin.py:190} INFO - [2025-04-06T13:11:52.951+0100] {dag.py:4180} INFO - Setting next_dagrun for example_subdag_operator.section-1 to None, run_after=None
[2025-04-06T13:11:52.952+0100] {logging_mixin.py:190} INFO - [2025-04-06T13:11:52.952+0100] {dag.py:4180} INFO - Setting next_dagrun for example_subdag_operator.section-2 to None, run_after=None
[2025-04-06T13:11:52.975+0100] {logging_mixin.py:190} INFO - [2025-04-06T13:11:52.975+0100] {dag.py:3239} INFO - Sync 2 DAGs
[2025-04-06T13:11:52.995+0100] {logging_mixin.py:190} INFO - [2025-04-06T13:11:52.995+0100] {dag.py:4180} INFO - Setting next_dagrun for example_subdag_operator.section-1 to None, run_after=None
[2025-04-06T13:11:52.999+0100] {logging_mixin.py:190} INFO - [2025-04-06T13:11:52.998+0100] {dag.py:4180} INFO - Setting next_dagrun for example_subdag_operator.section-2 to None, run_after=None
[2025-04-06T13:11:53.035+0100] {processor.py:208} INFO - Processing /home/Data_Professional/PycharmProjects/DE_Zoomcamp_Capstone_Project/.venv/lib/python3.10/site-packages/airflow/example_dags/example_subdag_operator.py took 0.700 seconds
