[2025-04-06T13:11:45.407+0100] {processor.py:186} INFO - Started process (PID=12384) to work on /home/Data_Professional/PycharmProjects/DE_Zoomcamp_Capstone_Project/.venv/lib/python3.10/site-packages/airflow/example_dags/example_sla_dag.py
[2025-04-06T13:11:45.408+0100] {processor.py:914} INFO - Processing file /home/Data_Professional/PycharmProjects/DE_Zoomcamp_Capstone_Project/.venv/lib/python3.10/site-packages/airflow/example_dags/example_sla_dag.py for tasks to queue
[2025-04-06T13:11:45.411+0100] {logging_mixin.py:190} INFO - [2025-04-06T13:11:45.410+0100] {dagbag.py:588} INFO - Filling up the DagBag from /home/Data_Professional/PycharmProjects/DE_Zoomcamp_Capstone_Project/.venv/lib/python3.10/site-packages/airflow/example_dags/example_sla_dag.py
[2025-04-06T13:11:45.429+0100] {processor.py:925} INFO - DAG(s) 'example_sla_dag' retrieved from /home/Data_Professional/PycharmProjects/DE_Zoomcamp_Capstone_Project/.venv/lib/python3.10/site-packages/airflow/example_dags/example_sla_dag.py
[2025-04-06T13:11:45.557+0100] {logging_mixin.py:190} INFO - [2025-04-06T13:11:45.556+0100] {override.py:1912} INFO - Created Permission View: can delete on DAG:example_sla_dag
[2025-04-06T13:11:45.570+0100] {logging_mixin.py:190} INFO - [2025-04-06T13:11:45.570+0100] {override.py:1912} INFO - Created Permission View: can read on DAG:example_sla_dag
[2025-04-06T13:11:45.580+0100] {logging_mixin.py:190} INFO - [2025-04-06T13:11:45.580+0100] {override.py:1912} INFO - Created Permission View: can edit on DAG:example_sla_dag
[2025-04-06T13:11:45.593+0100] {logging_mixin.py:190} INFO - [2025-04-06T13:11:45.593+0100] {override.py:1912} INFO - Created Permission View: can delete on DAG Run:example_sla_dag
[2025-04-06T13:11:45.603+0100] {logging_mixin.py:190} INFO - [2025-04-06T13:11:45.603+0100] {override.py:1912} INFO - Created Permission View: can create on DAG Run:example_sla_dag
[2025-04-06T13:11:45.613+0100] {logging_mixin.py:190} INFO - [2025-04-06T13:11:45.612+0100] {override.py:1912} INFO - Created Permission View: can read on DAG Run:example_sla_dag
[2025-04-06T13:11:45.624+0100] {logging_mixin.py:190} INFO - [2025-04-06T13:11:45.623+0100] {override.py:1912} INFO - Created Permission View: menu access on DAG Run:example_sla_dag
[2025-04-06T13:11:45.624+0100] {logging_mixin.py:190} INFO - [2025-04-06T13:11:45.624+0100] {dag.py:3239} INFO - Sync 1 DAGs
[2025-04-06T13:11:45.641+0100] {logging_mixin.py:190} INFO - [2025-04-06T13:11:45.640+0100] {dag.py:3262} INFO - Creating ORM DAG for example_sla_dag
[2025-04-06T13:11:45.658+0100] {logging_mixin.py:190} INFO - [2025-04-06T13:11:45.658+0100] {dag.py:4180} INFO - Setting next_dagrun for example_sla_dag to 2025-04-06 12:08:00+00:00, run_after=2025-04-06 12:10:00+00:00
[2025-04-06T13:11:45.683+0100] {processor.py:208} INFO - Processing /home/Data_Professional/PycharmProjects/DE_Zoomcamp_Capstone_Project/.venv/lib/python3.10/site-packages/airflow/example_dags/example_sla_dag.py took 0.284 seconds
[2025-04-06T13:13:04.126+0100] {processor.py:186} INFO - Started process (PID=12746) to work on /home/Data_Professional/PycharmProjects/DE_Zoomcamp_Capstone_Project/.venv/lib/python3.10/site-packages/airflow/example_dags/example_sla_dag.py
[2025-04-06T13:13:04.127+0100] {processor.py:914} INFO - Processing file /home/Data_Professional/PycharmProjects/DE_Zoomcamp_Capstone_Project/.venv/lib/python3.10/site-packages/airflow/example_dags/example_sla_dag.py for tasks to queue
[2025-04-06T13:13:04.129+0100] {logging_mixin.py:190} INFO - [2025-04-06T13:13:04.129+0100] {dagbag.py:588} INFO - Filling up the DagBag from /home/Data_Professional/PycharmProjects/DE_Zoomcamp_Capstone_Project/.venv/lib/python3.10/site-packages/airflow/example_dags/example_sla_dag.py
[2025-04-06T13:13:04.142+0100] {processor.py:925} INFO - DAG(s) 'example_sla_dag' retrieved from /home/Data_Professional/PycharmProjects/DE_Zoomcamp_Capstone_Project/.venv/lib/python3.10/site-packages/airflow/example_dags/example_sla_dag.py
[2025-04-06T13:13:04.158+0100] {logging_mixin.py:190} INFO - [2025-04-06T13:13:04.157+0100] {dag.py:3239} INFO - Sync 1 DAGs
[2025-04-06T13:13:04.188+0100] {logging_mixin.py:190} INFO - [2025-04-06T13:13:04.188+0100] {dag.py:4180} INFO - Setting next_dagrun for example_sla_dag to 2025-04-06 12:10:00+00:00, run_after=2025-04-06 12:12:00+00:00
[2025-04-06T13:13:04.211+0100] {processor.py:208} INFO - Processing /home/Data_Professional/PycharmProjects/DE_Zoomcamp_Capstone_Project/.venv/lib/python3.10/site-packages/airflow/example_dags/example_sla_dag.py took 0.092 seconds
