[2025-04-06T13:12:09.372+0100] {processor.py:186} INFO - Started process (PID=12417) to work on /home/Data_Professional/PycharmProjects/DE_Zoomcamp_Capstone_Project/.venv/lib/python3.10/site-packages/airflow/example_dags/example_outlet_event_extra.py
[2025-04-06T13:12:09.373+0100] {processor.py:914} INFO - Processing file /home/Data_Professional/PycharmProjects/DE_Zoomcamp_Capstone_Project/.venv/lib/python3.10/site-packages/airflow/example_dags/example_outlet_event_extra.py for tasks to queue
[2025-04-06T13:12:09.376+0100] {logging_mixin.py:190} INFO - [2025-04-06T13:12:09.375+0100] {dagbag.py:588} INFO - Filling up the DagBag from /home/Data_Professional/PycharmProjects/DE_Zoomcamp_Capstone_Project/.venv/lib/python3.10/site-packages/airflow/example_dags/example_outlet_event_extra.py
[2025-04-06T13:12:09.395+0100] {processor.py:925} INFO - DAG(s) 'dataset_with_extra_by_yield', 'dataset_with_extra_from_classic_operator', 'dataset_with_extra_by_context' retrieved from /home/Data_Professional/PycharmProjects/DE_Zoomcamp_Capstone_Project/.venv/lib/python3.10/site-packages/airflow/example_dags/example_outlet_event_extra.py
[2025-04-06T13:12:09.540+0100] {logging_mixin.py:190} INFO - [2025-04-06T13:12:09.539+0100] {override.py:1912} INFO - Created Permission View: can delete on DAG:dataset_with_extra_by_yield
[2025-04-06T13:12:09.556+0100] {logging_mixin.py:190} INFO - [2025-04-06T13:12:09.555+0100] {override.py:1912} INFO - Created Permission View: can read on DAG:dataset_with_extra_by_yield
[2025-04-06T13:12:09.567+0100] {logging_mixin.py:190} INFO - [2025-04-06T13:12:09.566+0100] {override.py:1912} INFO - Created Permission View: can edit on DAG:dataset_with_extra_by_yield
[2025-04-06T13:12:09.581+0100] {logging_mixin.py:190} INFO - [2025-04-06T13:12:09.581+0100] {override.py:1912} INFO - Created Permission View: can delete on DAG Run:dataset_with_extra_by_yield
[2025-04-06T13:12:09.593+0100] {logging_mixin.py:190} INFO - [2025-04-06T13:12:09.592+0100] {override.py:1912} INFO - Created Permission View: can create on DAG Run:dataset_with_extra_by_yield
[2025-04-06T13:12:09.604+0100] {logging_mixin.py:190} INFO - [2025-04-06T13:12:09.603+0100] {override.py:1912} INFO - Created Permission View: can read on DAG Run:dataset_with_extra_by_yield
[2025-04-06T13:12:09.614+0100] {logging_mixin.py:190} INFO - [2025-04-06T13:12:09.614+0100] {override.py:1912} INFO - Created Permission View: menu access on DAG Run:dataset_with_extra_by_yield
[2025-04-06T13:12:09.637+0100] {logging_mixin.py:190} INFO - [2025-04-06T13:12:09.636+0100] {override.py:1912} INFO - Created Permission View: can delete on DAG:dataset_with_extra_from_classic_operator
[2025-04-06T13:12:09.649+0100] {logging_mixin.py:190} INFO - [2025-04-06T13:12:09.648+0100] {override.py:1912} INFO - Created Permission View: can read on DAG:dataset_with_extra_from_classic_operator
[2025-04-06T13:12:09.659+0100] {logging_mixin.py:190} INFO - [2025-04-06T13:12:09.659+0100] {override.py:1912} INFO - Created Permission View: can edit on DAG:dataset_with_extra_from_classic_operator
[2025-04-06T13:12:09.685+0100] {logging_mixin.py:190} INFO - [2025-04-06T13:12:09.684+0100] {override.py:1912} INFO - Created Permission View: can delete on DAG Run:dataset_with_extra_from_classic_operator
[2025-04-06T13:12:09.694+0100] {logging_mixin.py:190} INFO - [2025-04-06T13:12:09.694+0100] {override.py:1912} INFO - Created Permission View: can create on DAG Run:dataset_with_extra_from_classic_operator
[2025-04-06T13:12:09.704+0100] {logging_mixin.py:190} INFO - [2025-04-06T13:12:09.704+0100] {override.py:1912} INFO - Created Permission View: can read on DAG Run:dataset_with_extra_from_classic_operator
[2025-04-06T13:12:09.714+0100] {logging_mixin.py:190} INFO - [2025-04-06T13:12:09.713+0100] {override.py:1912} INFO - Created Permission View: menu access on DAG Run:dataset_with_extra_from_classic_operator
[2025-04-06T13:12:09.739+0100] {logging_mixin.py:190} INFO - [2025-04-06T13:12:09.738+0100] {override.py:1912} INFO - Created Permission View: can delete on DAG:dataset_with_extra_by_context
[2025-04-06T13:12:09.749+0100] {logging_mixin.py:190} INFO - [2025-04-06T13:12:09.749+0100] {override.py:1912} INFO - Created Permission View: can read on DAG:dataset_with_extra_by_context
[2025-04-06T13:12:09.760+0100] {logging_mixin.py:190} INFO - [2025-04-06T13:12:09.759+0100] {override.py:1912} INFO - Created Permission View: can edit on DAG:dataset_with_extra_by_context
[2025-04-06T13:12:09.774+0100] {logging_mixin.py:190} INFO - [2025-04-06T13:12:09.774+0100] {override.py:1912} INFO - Created Permission View: can delete on DAG Run:dataset_with_extra_by_context
[2025-04-06T13:12:09.789+0100] {logging_mixin.py:190} INFO - [2025-04-06T13:12:09.789+0100] {override.py:1912} INFO - Created Permission View: can create on DAG Run:dataset_with_extra_by_context
[2025-04-06T13:12:09.800+0100] {logging_mixin.py:190} INFO - [2025-04-06T13:12:09.800+0100] {override.py:1912} INFO - Created Permission View: can read on DAG Run:dataset_with_extra_by_context
[2025-04-06T13:12:09.811+0100] {logging_mixin.py:190} INFO - [2025-04-06T13:12:09.811+0100] {override.py:1912} INFO - Created Permission View: menu access on DAG Run:dataset_with_extra_by_context
[2025-04-06T13:12:09.812+0100] {logging_mixin.py:190} INFO - [2025-04-06T13:12:09.812+0100] {dag.py:3239} INFO - Sync 3 DAGs
[2025-04-06T13:12:09.833+0100] {logging_mixin.py:190} INFO - [2025-04-06T13:12:09.833+0100] {dag.py:3262} INFO - Creating ORM DAG for dataset_with_extra_from_classic_operator
[2025-04-06T13:12:09.834+0100] {logging_mixin.py:190} INFO - [2025-04-06T13:12:09.834+0100] {dag.py:3262} INFO - Creating ORM DAG for dataset_with_extra_by_context
[2025-04-06T13:12:09.835+0100] {logging_mixin.py:190} INFO - [2025-04-06T13:12:09.835+0100] {dag.py:3262} INFO - Creating ORM DAG for dataset_with_extra_by_yield
[2025-04-06T13:12:09.851+0100] {logging_mixin.py:190} INFO - [2025-04-06T13:12:09.850+0100] {dag.py:4180} INFO - Setting next_dagrun for dataset_with_extra_by_context to 2025-04-05 00:00:00+00:00, run_after=2025-04-06 00:00:00+00:00
[2025-04-06T13:12:09.854+0100] {logging_mixin.py:190} INFO - [2025-04-06T13:12:09.853+0100] {dag.py:4180} INFO - Setting next_dagrun for dataset_with_extra_by_yield to 2025-04-05 00:00:00+00:00, run_after=2025-04-06 00:00:00+00:00
[2025-04-06T13:12:09.857+0100] {logging_mixin.py:190} INFO - [2025-04-06T13:12:09.856+0100] {dag.py:4180} INFO - Setting next_dagrun for dataset_with_extra_from_classic_operator to 2025-04-05 00:00:00+00:00, run_after=2025-04-06 00:00:00+00:00
[2025-04-06T13:12:09.889+0100] {processor.py:208} INFO - Processing /home/Data_Professional/PycharmProjects/DE_Zoomcamp_Capstone_Project/.venv/lib/python3.10/site-packages/airflow/example_dags/example_outlet_event_extra.py took 0.524 seconds
