[2025-04-06T13:11:47.615+0100] {processor.py:186} INFO - Started process (PID=12386) to work on /home/Data_Professional/PycharmProjects/DE_Zoomcamp_Capstone_Project/.venv/lib/python3.10/site-packages/airflow/example_dags/example_skip_dag.py
[2025-04-06T13:11:47.615+0100] {processor.py:914} INFO - Processing file /home/Data_Professional/PycharmProjects/DE_Zoomcamp_Capstone_Project/.venv/lib/python3.10/site-packages/airflow/example_dags/example_skip_dag.py for tasks to queue
[2025-04-06T13:11:47.617+0100] {logging_mixin.py:190} INFO - [2025-04-06T13:11:47.617+0100] {dagbag.py:588} INFO - Filling up the DagBag from /home/Data_Professional/PycharmProjects/DE_Zoomcamp_Capstone_Project/.venv/lib/python3.10/site-packages/airflow/example_dags/example_skip_dag.py
[2025-04-06T13:11:47.638+0100] {processor.py:925} INFO - DAG(s) 'example_skip_dag' retrieved from /home/Data_Professional/PycharmProjects/DE_Zoomcamp_Capstone_Project/.venv/lib/python3.10/site-packages/airflow/example_dags/example_skip_dag.py
[2025-04-06T13:11:47.781+0100] {logging_mixin.py:190} INFO - [2025-04-06T13:11:47.780+0100] {override.py:1912} INFO - Created Permission View: can delete on DAG:example_skip_dag
[2025-04-06T13:11:47.800+0100] {logging_mixin.py:190} INFO - [2025-04-06T13:11:47.799+0100] {override.py:1912} INFO - Created Permission View: can read on DAG:example_skip_dag
[2025-04-06T13:11:47.811+0100] {logging_mixin.py:190} INFO - [2025-04-06T13:11:47.811+0100] {override.py:1912} INFO - Created Permission View: can edit on DAG:example_skip_dag
[2025-04-06T13:11:47.828+0100] {logging_mixin.py:190} INFO - [2025-04-06T13:11:47.827+0100] {override.py:1912} INFO - Created Permission View: can delete on DAG Run:example_skip_dag
[2025-04-06T13:11:47.840+0100] {logging_mixin.py:190} INFO - [2025-04-06T13:11:47.839+0100] {override.py:1912} INFO - Created Permission View: can create on DAG Run:example_skip_dag
[2025-04-06T13:11:47.868+0100] {logging_mixin.py:190} INFO - [2025-04-06T13:11:47.868+0100] {override.py:1912} INFO - Created Permission View: can read on DAG Run:example_skip_dag
[2025-04-06T13:11:47.889+0100] {logging_mixin.py:190} INFO - [2025-04-06T13:11:47.888+0100] {override.py:1912} INFO - Created Permission View: menu access on DAG Run:example_skip_dag
[2025-04-06T13:11:47.889+0100] {logging_mixin.py:190} INFO - [2025-04-06T13:11:47.889+0100] {dag.py:3239} INFO - Sync 1 DAGs
[2025-04-06T13:11:47.917+0100] {logging_mixin.py:190} INFO - [2025-04-06T13:11:47.917+0100] {dag.py:3262} INFO - Creating ORM DAG for example_skip_dag
[2025-04-06T13:11:47.944+0100] {logging_mixin.py:190} INFO - [2025-04-06T13:11:47.944+0100] {dag.py:4180} INFO - Setting next_dagrun for example_skip_dag to 2025-04-05 00:00:00+00:00, run_after=2025-04-06 00:00:00+00:00
[2025-04-06T13:11:47.992+0100] {processor.py:208} INFO - Processing /home/Data_Professional/PycharmProjects/DE_Zoomcamp_Capstone_Project/.venv/lib/python3.10/site-packages/airflow/example_dags/example_skip_dag.py took 0.400 seconds
[2025-04-06T13:13:06.550+0100] {processor.py:186} INFO - Started process (PID=12748) to work on /home/Data_Professional/PycharmProjects/DE_Zoomcamp_Capstone_Project/.venv/lib/python3.10/site-packages/airflow/example_dags/example_skip_dag.py
[2025-04-06T13:13:06.559+0100] {processor.py:914} INFO - Processing file /home/Data_Professional/PycharmProjects/DE_Zoomcamp_Capstone_Project/.venv/lib/python3.10/site-packages/airflow/example_dags/example_skip_dag.py for tasks to queue
[2025-04-06T13:13:06.560+0100] {logging_mixin.py:190} INFO - [2025-04-06T13:13:06.560+0100] {dagbag.py:588} INFO - Filling up the DagBag from /home/Data_Professional/PycharmProjects/DE_Zoomcamp_Capstone_Project/.venv/lib/python3.10/site-packages/airflow/example_dags/example_skip_dag.py
[2025-04-06T13:13:06.588+0100] {processor.py:925} INFO - DAG(s) 'example_skip_dag' retrieved from /home/Data_Professional/PycharmProjects/DE_Zoomcamp_Capstone_Project/.venv/lib/python3.10/site-packages/airflow/example_dags/example_skip_dag.py
[2025-04-06T13:13:06.634+0100] {logging_mixin.py:190} INFO - [2025-04-06T13:13:06.634+0100] {dag.py:3239} INFO - Sync 1 DAGs
[2025-04-06T13:13:06.702+0100] {logging_mixin.py:190} INFO - [2025-04-06T13:13:06.702+0100] {dag.py:4180} INFO - Setting next_dagrun for example_skip_dag to 2025-04-05 00:00:00+00:00, run_after=2025-04-06 00:00:00+00:00
[2025-04-06T13:13:06.759+0100] {processor.py:208} INFO - Processing /home/Data_Professional/PycharmProjects/DE_Zoomcamp_Capstone_Project/.venv/lib/python3.10/site-packages/airflow/example_dags/example_skip_dag.py took 0.223 seconds
