[2025-04-06T13:11:41.929+0100] {processor.py:186} INFO - Started process (PID=12381) to work on /home/Data_Professional/PycharmProjects/DE_Zoomcamp_Capstone_Project/.venv/lib/python3.10/site-packages/airflow/example_dags/tutorial_taskflow_api.py
[2025-04-06T13:11:41.930+0100] {processor.py:914} INFO - Processing file /home/Data_Professional/PycharmProjects/DE_Zoomcamp_Capstone_Project/.venv/lib/python3.10/site-packages/airflow/example_dags/tutorial_taskflow_api.py for tasks to queue
[2025-04-06T13:11:41.932+0100] {logging_mixin.py:190} INFO - [2025-04-06T13:11:41.932+0100] {dagbag.py:588} INFO - Filling up the DagBag from /home/Data_Professional/PycharmProjects/DE_Zoomcamp_Capstone_Project/.venv/lib/python3.10/site-packages/airflow/example_dags/tutorial_taskflow_api.py
[2025-04-06T13:11:41.941+0100] {processor.py:925} INFO - DAG(s) 'tutorial_taskflow_api' retrieved from /home/Data_Professional/PycharmProjects/DE_Zoomcamp_Capstone_Project/.venv/lib/python3.10/site-packages/airflow/example_dags/tutorial_taskflow_api.py
[2025-04-06T13:11:42.031+0100] {logging_mixin.py:190} INFO - [2025-04-06T13:11:42.031+0100] {override.py:1912} INFO - Created Permission View: can delete on DAG:tutorial_taskflow_api
[2025-04-06T13:11:42.042+0100] {logging_mixin.py:190} INFO - [2025-04-06T13:11:42.041+0100] {override.py:1912} INFO - Created Permission View: can read on DAG:tutorial_taskflow_api
[2025-04-06T13:11:42.051+0100] {logging_mixin.py:190} INFO - [2025-04-06T13:11:42.050+0100] {override.py:1912} INFO - Created Permission View: can edit on DAG:tutorial_taskflow_api
[2025-04-06T13:11:42.063+0100] {logging_mixin.py:190} INFO - [2025-04-06T13:11:42.063+0100] {override.py:1912} INFO - Created Permission View: can delete on DAG Run:tutorial_taskflow_api
[2025-04-06T13:11:42.073+0100] {logging_mixin.py:190} INFO - [2025-04-06T13:11:42.072+0100] {override.py:1912} INFO - Created Permission View: can create on DAG Run:tutorial_taskflow_api
[2025-04-06T13:11:42.082+0100] {logging_mixin.py:190} INFO - [2025-04-06T13:11:42.082+0100] {override.py:1912} INFO - Created Permission View: can read on DAG Run:tutorial_taskflow_api
[2025-04-06T13:11:42.091+0100] {logging_mixin.py:190} INFO - [2025-04-06T13:11:42.090+0100] {override.py:1912} INFO - Created Permission View: menu access on DAG Run:tutorial_taskflow_api
[2025-04-06T13:11:42.091+0100] {logging_mixin.py:190} INFO - [2025-04-06T13:11:42.091+0100] {dag.py:3239} INFO - Sync 1 DAGs
[2025-04-06T13:11:42.101+0100] {logging_mixin.py:190} INFO - [2025-04-06T13:11:42.101+0100] {dag.py:3262} INFO - Creating ORM DAG for tutorial_taskflow_api
[2025-04-06T13:11:42.102+0100] {logging_mixin.py:190} INFO - [2025-04-06T13:11:42.101+0100] {dag.py:4180} INFO - Setting next_dagrun for tutorial_taskflow_api to None, run_after=None
[2025-04-06T13:11:42.121+0100] {processor.py:208} INFO - Processing /home/Data_Professional/PycharmProjects/DE_Zoomcamp_Capstone_Project/.venv/lib/python3.10/site-packages/airflow/example_dags/tutorial_taskflow_api.py took 0.197 seconds
[2025-04-06T13:13:00.546+0100] {processor.py:186} INFO - Started process (PID=12743) to work on /home/Data_Professional/PycharmProjects/DE_Zoomcamp_Capstone_Project/.venv/lib/python3.10/site-packages/airflow/example_dags/tutorial_taskflow_api.py
[2025-04-06T13:13:00.547+0100] {processor.py:914} INFO - Processing file /home/Data_Professional/PycharmProjects/DE_Zoomcamp_Capstone_Project/.venv/lib/python3.10/site-packages/airflow/example_dags/tutorial_taskflow_api.py for tasks to queue
[2025-04-06T13:13:00.549+0100] {logging_mixin.py:190} INFO - [2025-04-06T13:13:00.548+0100] {dagbag.py:588} INFO - Filling up the DagBag from /home/Data_Professional/PycharmProjects/DE_Zoomcamp_Capstone_Project/.venv/lib/python3.10/site-packages/airflow/example_dags/tutorial_taskflow_api.py
[2025-04-06T13:13:00.574+0100] {processor.py:925} INFO - DAG(s) 'tutorial_taskflow_api' retrieved from /home/Data_Professional/PycharmProjects/DE_Zoomcamp_Capstone_Project/.venv/lib/python3.10/site-packages/airflow/example_dags/tutorial_taskflow_api.py
[2025-04-06T13:13:00.597+0100] {logging_mixin.py:190} INFO - [2025-04-06T13:13:00.597+0100] {dag.py:3239} INFO - Sync 1 DAGs
[2025-04-06T13:13:00.621+0100] {logging_mixin.py:190} INFO - [2025-04-06T13:13:00.621+0100] {dag.py:4180} INFO - Setting next_dagrun for tutorial_taskflow_api to None, run_after=None
[2025-04-06T13:13:00.654+0100] {processor.py:208} INFO - Processing /home/Data_Professional/PycharmProjects/DE_Zoomcamp_Capstone_Project/.venv/lib/python3.10/site-packages/airflow/example_dags/tutorial_taskflow_api.py took 0.116 seconds
