[2025-04-05T09:52:14.624+0100] {processor.py:186} INFO - Started process (PID=11634) to work on /home/Data_Professional/PycharmProjects/DE_Zoomcamp_Capstone_Project/.venv/lib/python3.10/site-packages/airflow/example_dags/example_xcomargs.py
[2025-04-05T09:52:14.625+0100] {processor.py:914} INFO - Processing file /home/Data_Professional/PycharmProjects/DE_Zoomcamp_Capstone_Project/.venv/lib/python3.10/site-packages/airflow/example_dags/example_xcomargs.py for tasks to queue
[2025-04-05T09:52:14.628+0100] {logging_mixin.py:190} INFO - [2025-04-05T09:52:14.628+0100] {dagbag.py:588} INFO - Filling up the DagBag from /home/Data_Professional/PycharmProjects/DE_Zoomcamp_Capstone_Project/.venv/lib/python3.10/site-packages/airflow/example_dags/example_xcomargs.py
[2025-04-05T09:52:14.647+0100] {processor.py:925} INFO - DAG(s) 'example_xcom_args_with_operators', 'example_xcom_args' retrieved from /home/Data_Professional/PycharmProjects/DE_Zoomcamp_Capstone_Project/.venv/lib/python3.10/site-packages/airflow/example_dags/example_xcomargs.py
[2025-04-05T09:52:14.733+0100] {logging_mixin.py:190} INFO - [2025-04-05T09:52:14.733+0100] {override.py:1912} INFO - Created Permission View: can read on DAG:example_xcom_args_with_operators
[2025-04-05T09:52:14.742+0100] {logging_mixin.py:190} INFO - [2025-04-05T09:52:14.742+0100] {override.py:1912} INFO - Created Permission View: can edit on DAG:example_xcom_args_with_operators
[2025-04-05T09:52:14.749+0100] {logging_mixin.py:190} INFO - [2025-04-05T09:52:14.748+0100] {override.py:1912} INFO - Created Permission View: can delete on DAG:example_xcom_args_with_operators
[2025-04-05T09:52:14.758+0100] {logging_mixin.py:190} INFO - [2025-04-05T09:52:14.758+0100] {override.py:1912} INFO - Created Permission View: can read on DAG Run:example_xcom_args_with_operators
[2025-04-05T09:52:14.765+0100] {logging_mixin.py:190} INFO - [2025-04-05T09:52:14.764+0100] {override.py:1912} INFO - Created Permission View: menu access on DAG Run:example_xcom_args_with_operators
[2025-04-05T09:52:14.771+0100] {logging_mixin.py:190} INFO - [2025-04-05T09:52:14.771+0100] {override.py:1912} INFO - Created Permission View: can create on DAG Run:example_xcom_args_with_operators
[2025-04-05T09:52:14.778+0100] {logging_mixin.py:190} INFO - [2025-04-05T09:52:14.778+0100] {override.py:1912} INFO - Created Permission View: can delete on DAG Run:example_xcom_args_with_operators
[2025-04-05T09:52:14.791+0100] {logging_mixin.py:190} INFO - [2025-04-05T09:52:14.791+0100] {override.py:1912} INFO - Created Permission View: can read on DAG:example_xcom_args
[2025-04-05T09:52:14.799+0100] {logging_mixin.py:190} INFO - [2025-04-05T09:52:14.798+0100] {override.py:1912} INFO - Created Permission View: can edit on DAG:example_xcom_args
[2025-04-05T09:52:14.806+0100] {logging_mixin.py:190} INFO - [2025-04-05T09:52:14.806+0100] {override.py:1912} INFO - Created Permission View: can delete on DAG:example_xcom_args
[2025-04-05T09:52:14.818+0100] {logging_mixin.py:190} INFO - [2025-04-05T09:52:14.818+0100] {override.py:1912} INFO - Created Permission View: can read on DAG Run:example_xcom_args
[2025-04-05T09:52:14.824+0100] {logging_mixin.py:190} INFO - [2025-04-05T09:52:14.824+0100] {override.py:1912} INFO - Created Permission View: menu access on DAG Run:example_xcom_args
[2025-04-05T09:52:14.830+0100] {logging_mixin.py:190} INFO - [2025-04-05T09:52:14.830+0100] {override.py:1912} INFO - Created Permission View: can create on DAG Run:example_xcom_args
[2025-04-05T09:52:14.837+0100] {logging_mixin.py:190} INFO - [2025-04-05T09:52:14.836+0100] {override.py:1912} INFO - Created Permission View: can delete on DAG Run:example_xcom_args
[2025-04-05T09:52:14.837+0100] {logging_mixin.py:190} INFO - [2025-04-05T09:52:14.837+0100] {dag.py:3239} INFO - Sync 2 DAGs
[2025-04-05T09:52:14.847+0100] {logging_mixin.py:190} INFO - [2025-04-05T09:52:14.847+0100] {dag.py:3262} INFO - Creating ORM DAG for example_xcom_args_with_operators
[2025-04-05T09:52:14.848+0100] {logging_mixin.py:190} INFO - [2025-04-05T09:52:14.848+0100] {dag.py:3262} INFO - Creating ORM DAG for example_xcom_args
[2025-04-05T09:52:14.848+0100] {logging_mixin.py:190} INFO - [2025-04-05T09:52:14.848+0100] {dag.py:4180} INFO - Setting next_dagrun for example_xcom_args to None, run_after=None
[2025-04-05T09:52:14.849+0100] {logging_mixin.py:190} INFO - [2025-04-05T09:52:14.848+0100] {dag.py:4180} INFO - Setting next_dagrun for example_xcom_args_with_operators to None, run_after=None
[2025-04-05T09:52:14.865+0100] {processor.py:208} INFO - Processing /home/Data_Professional/PycharmProjects/DE_Zoomcamp_Capstone_Project/.venv/lib/python3.10/site-packages/airflow/example_dags/example_xcomargs.py took 0.252 seconds
[2025-04-05T09:55:08.715+0100] {processor.py:186} INFO - Started process (PID=11769) to work on /home/Data_Professional/PycharmProjects/DE_Zoomcamp_Capstone_Project/.venv/lib/python3.10/site-packages/airflow/example_dags/example_xcomargs.py
[2025-04-05T09:55:08.718+0100] {processor.py:914} INFO - Processing file /home/Data_Professional/PycharmProjects/DE_Zoomcamp_Capstone_Project/.venv/lib/python3.10/site-packages/airflow/example_dags/example_xcomargs.py for tasks to queue
[2025-04-05T09:55:08.721+0100] {logging_mixin.py:190} INFO - [2025-04-05T09:55:08.720+0100] {dagbag.py:588} INFO - Filling up the DagBag from /home/Data_Professional/PycharmProjects/DE_Zoomcamp_Capstone_Project/.venv/lib/python3.10/site-packages/airflow/example_dags/example_xcomargs.py
[2025-04-05T09:55:08.737+0100] {processor.py:925} INFO - DAG(s) 'example_xcom_args_with_operators', 'example_xcom_args' retrieved from /home/Data_Professional/PycharmProjects/DE_Zoomcamp_Capstone_Project/.venv/lib/python3.10/site-packages/airflow/example_dags/example_xcomargs.py
[2025-04-05T09:55:08.756+0100] {logging_mixin.py:190} INFO - [2025-04-05T09:55:08.756+0100] {dag.py:3239} INFO - Sync 2 DAGs
[2025-04-05T09:55:08.765+0100] {logging_mixin.py:190} INFO - [2025-04-05T09:55:08.765+0100] {dag.py:4180} INFO - Setting next_dagrun for example_xcom_args to None, run_after=None
[2025-04-05T09:55:08.768+0100] {logging_mixin.py:190} INFO - [2025-04-05T09:55:08.768+0100] {dag.py:4180} INFO - Setting next_dagrun for example_xcom_args_with_operators to None, run_after=None
[2025-04-05T09:55:08.783+0100] {processor.py:208} INFO - Processing /home/Data_Professional/PycharmProjects/DE_Zoomcamp_Capstone_Project/.venv/lib/python3.10/site-packages/airflow/example_dags/example_xcomargs.py took 0.077 seconds
[2025-04-05T09:56:14.957+0100] {processor.py:186} INFO - Started process (PID=12119) to work on /home/Data_Professional/PycharmProjects/DE_Zoomcamp_Capstone_Project/.venv/lib/python3.10/site-packages/airflow/example_dags/example_xcomargs.py
[2025-04-05T09:56:14.962+0100] {processor.py:914} INFO - Processing file /home/Data_Professional/PycharmProjects/DE_Zoomcamp_Capstone_Project/.venv/lib/python3.10/site-packages/airflow/example_dags/example_xcomargs.py for tasks to queue
[2025-04-05T09:56:14.968+0100] {logging_mixin.py:190} INFO - [2025-04-05T09:56:14.967+0100] {dagbag.py:588} INFO - Filling up the DagBag from /home/Data_Professional/PycharmProjects/DE_Zoomcamp_Capstone_Project/.venv/lib/python3.10/site-packages/airflow/example_dags/example_xcomargs.py
[2025-04-05T09:56:14.985+0100] {processor.py:925} INFO - DAG(s) 'example_xcom_args', 'example_xcom_args_with_operators' retrieved from /home/Data_Professional/PycharmProjects/DE_Zoomcamp_Capstone_Project/.venv/lib/python3.10/site-packages/airflow/example_dags/example_xcomargs.py
[2025-04-05T09:56:15.005+0100] {logging_mixin.py:190} INFO - [2025-04-05T09:56:15.004+0100] {dag.py:3239} INFO - Sync 2 DAGs
[2025-04-05T09:56:15.016+0100] {logging_mixin.py:190} INFO - [2025-04-05T09:56:15.016+0100] {dag.py:4180} INFO - Setting next_dagrun for example_xcom_args to None, run_after=None
[2025-04-05T09:56:15.019+0100] {logging_mixin.py:190} INFO - [2025-04-05T09:56:15.019+0100] {dag.py:4180} INFO - Setting next_dagrun for example_xcom_args_with_operators to None, run_after=None
[2025-04-05T09:56:15.036+0100] {processor.py:208} INFO - Processing /home/Data_Professional/PycharmProjects/DE_Zoomcamp_Capstone_Project/.venv/lib/python3.10/site-packages/airflow/example_dags/example_xcomargs.py took 0.093 seconds
[2025-04-05T09:57:11.882+0100] {processor.py:186} INFO - Started process (PID=12268) to work on /home/Data_Professional/PycharmProjects/DE_Zoomcamp_Capstone_Project/.venv/lib/python3.10/site-packages/airflow/example_dags/example_xcomargs.py
[2025-04-05T09:57:11.885+0100] {processor.py:914} INFO - Processing file /home/Data_Professional/PycharmProjects/DE_Zoomcamp_Capstone_Project/.venv/lib/python3.10/site-packages/airflow/example_dags/example_xcomargs.py for tasks to queue
[2025-04-05T09:57:11.890+0100] {logging_mixin.py:190} INFO - [2025-04-05T09:57:11.889+0100] {dagbag.py:588} INFO - Filling up the DagBag from /home/Data_Professional/PycharmProjects/DE_Zoomcamp_Capstone_Project/.venv/lib/python3.10/site-packages/airflow/example_dags/example_xcomargs.py
[2025-04-05T09:57:11.905+0100] {processor.py:925} INFO - DAG(s) 'example_xcom_args_with_operators', 'example_xcom_args' retrieved from /home/Data_Professional/PycharmProjects/DE_Zoomcamp_Capstone_Project/.venv/lib/python3.10/site-packages/airflow/example_dags/example_xcomargs.py
[2025-04-05T09:57:11.922+0100] {logging_mixin.py:190} INFO - [2025-04-05T09:57:11.922+0100] {dag.py:3239} INFO - Sync 2 DAGs
[2025-04-05T09:57:11.932+0100] {logging_mixin.py:190} INFO - [2025-04-05T09:57:11.932+0100] {dag.py:4180} INFO - Setting next_dagrun for example_xcom_args to None, run_after=None
[2025-04-05T09:57:11.935+0100] {logging_mixin.py:190} INFO - [2025-04-05T09:57:11.934+0100] {dag.py:4180} INFO - Setting next_dagrun for example_xcom_args_with_operators to None, run_after=None
[2025-04-05T09:57:11.949+0100] {processor.py:208} INFO - Processing /home/Data_Professional/PycharmProjects/DE_Zoomcamp_Capstone_Project/.venv/lib/python3.10/site-packages/airflow/example_dags/example_xcomargs.py took 0.080 seconds
[2025-04-05T09:58:04.950+0100] {processor.py:186} INFO - Started process (PID=12331) to work on /home/Data_Professional/PycharmProjects/DE_Zoomcamp_Capstone_Project/.venv/lib/python3.10/site-packages/airflow/example_dags/example_xcomargs.py
[2025-04-05T09:58:04.953+0100] {processor.py:914} INFO - Processing file /home/Data_Professional/PycharmProjects/DE_Zoomcamp_Capstone_Project/.venv/lib/python3.10/site-packages/airflow/example_dags/example_xcomargs.py for tasks to queue
[2025-04-05T09:58:04.958+0100] {logging_mixin.py:190} INFO - [2025-04-05T09:58:04.957+0100] {dagbag.py:588} INFO - Filling up the DagBag from /home/Data_Professional/PycharmProjects/DE_Zoomcamp_Capstone_Project/.venv/lib/python3.10/site-packages/airflow/example_dags/example_xcomargs.py
[2025-04-05T09:58:04.977+0100] {processor.py:925} INFO - DAG(s) 'example_xcom_args', 'example_xcom_args_with_operators' retrieved from /home/Data_Professional/PycharmProjects/DE_Zoomcamp_Capstone_Project/.venv/lib/python3.10/site-packages/airflow/example_dags/example_xcomargs.py
[2025-04-05T09:58:04.997+0100] {logging_mixin.py:190} INFO - [2025-04-05T09:58:04.997+0100] {dag.py:3239} INFO - Sync 2 DAGs
[2025-04-05T09:58:05.006+0100] {logging_mixin.py:190} INFO - [2025-04-05T09:58:05.006+0100] {dag.py:4180} INFO - Setting next_dagrun for example_xcom_args to None, run_after=None
[2025-04-05T09:58:05.009+0100] {logging_mixin.py:190} INFO - [2025-04-05T09:58:05.009+0100] {dag.py:4180} INFO - Setting next_dagrun for example_xcom_args_with_operators to None, run_after=None
[2025-04-05T09:58:05.024+0100] {processor.py:208} INFO - Processing /home/Data_Professional/PycharmProjects/DE_Zoomcamp_Capstone_Project/.venv/lib/python3.10/site-packages/airflow/example_dags/example_xcomargs.py took 0.079 seconds
[2025-04-05T09:59:00.724+0100] {processor.py:186} INFO - Started process (PID=12396) to work on /home/Data_Professional/PycharmProjects/DE_Zoomcamp_Capstone_Project/.venv/lib/python3.10/site-packages/airflow/example_dags/example_xcomargs.py
[2025-04-05T09:59:00.727+0100] {processor.py:914} INFO - Processing file /home/Data_Professional/PycharmProjects/DE_Zoomcamp_Capstone_Project/.venv/lib/python3.10/site-packages/airflow/example_dags/example_xcomargs.py for tasks to queue
[2025-04-05T09:59:00.733+0100] {logging_mixin.py:190} INFO - [2025-04-05T09:59:00.732+0100] {dagbag.py:588} INFO - Filling up the DagBag from /home/Data_Professional/PycharmProjects/DE_Zoomcamp_Capstone_Project/.venv/lib/python3.10/site-packages/airflow/example_dags/example_xcomargs.py
[2025-04-05T09:59:00.753+0100] {processor.py:925} INFO - DAG(s) 'example_xcom_args_with_operators', 'example_xcom_args' retrieved from /home/Data_Professional/PycharmProjects/DE_Zoomcamp_Capstone_Project/.venv/lib/python3.10/site-packages/airflow/example_dags/example_xcomargs.py
[2025-04-05T09:59:00.773+0100] {logging_mixin.py:190} INFO - [2025-04-05T09:59:00.773+0100] {dag.py:3239} INFO - Sync 2 DAGs
[2025-04-05T09:59:00.783+0100] {logging_mixin.py:190} INFO - [2025-04-05T09:59:00.783+0100] {dag.py:4180} INFO - Setting next_dagrun for example_xcom_args to None, run_after=None
[2025-04-05T09:59:00.786+0100] {logging_mixin.py:190} INFO - [2025-04-05T09:59:00.786+0100] {dag.py:4180} INFO - Setting next_dagrun for example_xcom_args_with_operators to None, run_after=None
[2025-04-05T09:59:00.800+0100] {processor.py:208} INFO - Processing /home/Data_Professional/PycharmProjects/DE_Zoomcamp_Capstone_Project/.venv/lib/python3.10/site-packages/airflow/example_dags/example_xcomargs.py took 0.081 seconds
[2025-04-05T09:59:59.039+0100] {processor.py:186} INFO - Started process (PID=12567) to work on /home/Data_Professional/PycharmProjects/DE_Zoomcamp_Capstone_Project/.venv/lib/python3.10/site-packages/airflow/example_dags/example_xcomargs.py
[2025-04-05T09:59:59.041+0100] {processor.py:914} INFO - Processing file /home/Data_Professional/PycharmProjects/DE_Zoomcamp_Capstone_Project/.venv/lib/python3.10/site-packages/airflow/example_dags/example_xcomargs.py for tasks to queue
[2025-04-05T09:59:59.043+0100] {logging_mixin.py:190} INFO - [2025-04-05T09:59:59.043+0100] {dagbag.py:588} INFO - Filling up the DagBag from /home/Data_Professional/PycharmProjects/DE_Zoomcamp_Capstone_Project/.venv/lib/python3.10/site-packages/airflow/example_dags/example_xcomargs.py
[2025-04-05T09:59:59.053+0100] {processor.py:925} INFO - DAG(s) 'example_xcom_args', 'example_xcom_args_with_operators' retrieved from /home/Data_Professional/PycharmProjects/DE_Zoomcamp_Capstone_Project/.venv/lib/python3.10/site-packages/airflow/example_dags/example_xcomargs.py
[2025-04-05T09:59:59.071+0100] {logging_mixin.py:190} INFO - [2025-04-05T09:59:59.071+0100] {dag.py:3239} INFO - Sync 2 DAGs
[2025-04-05T09:59:59.082+0100] {logging_mixin.py:190} INFO - [2025-04-05T09:59:59.082+0100] {dag.py:4180} INFO - Setting next_dagrun for example_xcom_args to None, run_after=None
[2025-04-05T09:59:59.086+0100] {logging_mixin.py:190} INFO - [2025-04-05T09:59:59.086+0100] {dag.py:4180} INFO - Setting next_dagrun for example_xcom_args_with_operators to None, run_after=None
[2025-04-05T09:59:59.105+0100] {processor.py:208} INFO - Processing /home/Data_Professional/PycharmProjects/DE_Zoomcamp_Capstone_Project/.venv/lib/python3.10/site-packages/airflow/example_dags/example_xcomargs.py took 0.071 seconds
[2025-04-05T10:00:57.398+0100] {processor.py:186} INFO - Started process (PID=12836) to work on /home/Data_Professional/PycharmProjects/DE_Zoomcamp_Capstone_Project/.venv/lib/python3.10/site-packages/airflow/example_dags/example_xcomargs.py
[2025-04-05T10:00:57.401+0100] {processor.py:914} INFO - Processing file /home/Data_Professional/PycharmProjects/DE_Zoomcamp_Capstone_Project/.venv/lib/python3.10/site-packages/airflow/example_dags/example_xcomargs.py for tasks to queue
[2025-04-05T10:00:57.403+0100] {logging_mixin.py:190} INFO - [2025-04-05T10:00:57.402+0100] {dagbag.py:588} INFO - Filling up the DagBag from /home/Data_Professional/PycharmProjects/DE_Zoomcamp_Capstone_Project/.venv/lib/python3.10/site-packages/airflow/example_dags/example_xcomargs.py
[2025-04-05T10:00:57.412+0100] {processor.py:925} INFO - DAG(s) 'example_xcom_args', 'example_xcom_args_with_operators' retrieved from /home/Data_Professional/PycharmProjects/DE_Zoomcamp_Capstone_Project/.venv/lib/python3.10/site-packages/airflow/example_dags/example_xcomargs.py
[2025-04-05T10:00:57.428+0100] {logging_mixin.py:190} INFO - [2025-04-05T10:00:57.428+0100] {dag.py:3239} INFO - Sync 2 DAGs
[2025-04-05T10:00:57.438+0100] {logging_mixin.py:190} INFO - [2025-04-05T10:00:57.438+0100] {dag.py:4180} INFO - Setting next_dagrun for example_xcom_args to None, run_after=None
[2025-04-05T10:00:57.442+0100] {logging_mixin.py:190} INFO - [2025-04-05T10:00:57.441+0100] {dag.py:4180} INFO - Setting next_dagrun for example_xcom_args_with_operators to None, run_after=None
[2025-04-05T10:00:57.457+0100] {processor.py:208} INFO - Processing /home/Data_Professional/PycharmProjects/DE_Zoomcamp_Capstone_Project/.venv/lib/python3.10/site-packages/airflow/example_dags/example_xcomargs.py took 0.070 seconds
[2025-04-05T10:01:54.744+0100] {processor.py:186} INFO - Started process (PID=12929) to work on /home/Data_Professional/PycharmProjects/DE_Zoomcamp_Capstone_Project/.venv/lib/python3.10/site-packages/airflow/example_dags/example_xcomargs.py
[2025-04-05T10:01:54.747+0100] {processor.py:914} INFO - Processing file /home/Data_Professional/PycharmProjects/DE_Zoomcamp_Capstone_Project/.venv/lib/python3.10/site-packages/airflow/example_dags/example_xcomargs.py for tasks to queue
[2025-04-05T10:01:54.752+0100] {logging_mixin.py:190} INFO - [2025-04-05T10:01:54.751+0100] {dagbag.py:588} INFO - Filling up the DagBag from /home/Data_Professional/PycharmProjects/DE_Zoomcamp_Capstone_Project/.venv/lib/python3.10/site-packages/airflow/example_dags/example_xcomargs.py
[2025-04-05T10:01:54.775+0100] {processor.py:925} INFO - DAG(s) 'example_xcom_args_with_operators', 'example_xcom_args' retrieved from /home/Data_Professional/PycharmProjects/DE_Zoomcamp_Capstone_Project/.venv/lib/python3.10/site-packages/airflow/example_dags/example_xcomargs.py
[2025-04-05T10:01:54.794+0100] {logging_mixin.py:190} INFO - [2025-04-05T10:01:54.793+0100] {dag.py:3239} INFO - Sync 2 DAGs
[2025-04-05T10:01:54.804+0100] {logging_mixin.py:190} INFO - [2025-04-05T10:01:54.804+0100] {dag.py:4180} INFO - Setting next_dagrun for example_xcom_args to None, run_after=None
[2025-04-05T10:01:54.807+0100] {logging_mixin.py:190} INFO - [2025-04-05T10:01:54.806+0100] {dag.py:4180} INFO - Setting next_dagrun for example_xcom_args_with_operators to None, run_after=None
[2025-04-05T10:01:54.821+0100] {processor.py:208} INFO - Processing /home/Data_Professional/PycharmProjects/DE_Zoomcamp_Capstone_Project/.venv/lib/python3.10/site-packages/airflow/example_dags/example_xcomargs.py took 0.083 seconds
[2025-04-05T10:02:52.774+0100] {processor.py:186} INFO - Started process (PID=13093) to work on /home/Data_Professional/PycharmProjects/DE_Zoomcamp_Capstone_Project/.venv/lib/python3.10/site-packages/airflow/example_dags/example_xcomargs.py
[2025-04-05T10:02:52.778+0100] {processor.py:914} INFO - Processing file /home/Data_Professional/PycharmProjects/DE_Zoomcamp_Capstone_Project/.venv/lib/python3.10/site-packages/airflow/example_dags/example_xcomargs.py for tasks to queue
[2025-04-05T10:02:52.783+0100] {logging_mixin.py:190} INFO - [2025-04-05T10:02:52.782+0100] {dagbag.py:588} INFO - Filling up the DagBag from /home/Data_Professional/PycharmProjects/DE_Zoomcamp_Capstone_Project/.venv/lib/python3.10/site-packages/airflow/example_dags/example_xcomargs.py
[2025-04-05T10:02:52.803+0100] {processor.py:925} INFO - DAG(s) 'example_xcom_args', 'example_xcom_args_with_operators' retrieved from /home/Data_Professional/PycharmProjects/DE_Zoomcamp_Capstone_Project/.venv/lib/python3.10/site-packages/airflow/example_dags/example_xcomargs.py
[2025-04-05T10:02:52.823+0100] {logging_mixin.py:190} INFO - [2025-04-05T10:02:52.823+0100] {dag.py:3239} INFO - Sync 2 DAGs
[2025-04-05T10:02:52.835+0100] {logging_mixin.py:190} INFO - [2025-04-05T10:02:52.835+0100] {dag.py:4180} INFO - Setting next_dagrun for example_xcom_args to None, run_after=None
[2025-04-05T10:02:52.838+0100] {logging_mixin.py:190} INFO - [2025-04-05T10:02:52.837+0100] {dag.py:4180} INFO - Setting next_dagrun for example_xcom_args_with_operators to None, run_after=None
[2025-04-05T10:02:52.852+0100] {processor.py:208} INFO - Processing /home/Data_Professional/PycharmProjects/DE_Zoomcamp_Capstone_Project/.venv/lib/python3.10/site-packages/airflow/example_dags/example_xcomargs.py took 0.094 seconds
[2025-04-05T10:03:51.667+0100] {processor.py:186} INFO - Started process (PID=13167) to work on /home/Data_Professional/PycharmProjects/DE_Zoomcamp_Capstone_Project/.venv/lib/python3.10/site-packages/airflow/example_dags/example_xcomargs.py
[2025-04-05T10:03:51.671+0100] {processor.py:914} INFO - Processing file /home/Data_Professional/PycharmProjects/DE_Zoomcamp_Capstone_Project/.venv/lib/python3.10/site-packages/airflow/example_dags/example_xcomargs.py for tasks to queue
[2025-04-05T10:03:51.674+0100] {logging_mixin.py:190} INFO - [2025-04-05T10:03:51.674+0100] {dagbag.py:588} INFO - Filling up the DagBag from /home/Data_Professional/PycharmProjects/DE_Zoomcamp_Capstone_Project/.venv/lib/python3.10/site-packages/airflow/example_dags/example_xcomargs.py
[2025-04-05T10:03:51.687+0100] {processor.py:925} INFO - DAG(s) 'example_xcom_args', 'example_xcom_args_with_operators' retrieved from /home/Data_Professional/PycharmProjects/DE_Zoomcamp_Capstone_Project/.venv/lib/python3.10/site-packages/airflow/example_dags/example_xcomargs.py
[2025-04-05T10:03:51.702+0100] {logging_mixin.py:190} INFO - [2025-04-05T10:03:51.702+0100] {dag.py:3239} INFO - Sync 2 DAGs
[2025-04-05T10:03:51.712+0100] {logging_mixin.py:190} INFO - [2025-04-05T10:03:51.712+0100] {dag.py:4180} INFO - Setting next_dagrun for example_xcom_args to None, run_after=None
[2025-04-05T10:03:51.715+0100] {logging_mixin.py:190} INFO - [2025-04-05T10:03:51.714+0100] {dag.py:4180} INFO - Setting next_dagrun for example_xcom_args_with_operators to None, run_after=None
[2025-04-05T10:03:51.729+0100] {processor.py:208} INFO - Processing /home/Data_Professional/PycharmProjects/DE_Zoomcamp_Capstone_Project/.venv/lib/python3.10/site-packages/airflow/example_dags/example_xcomargs.py took 0.077 seconds
[2025-04-05T10:04:51.917+0100] {processor.py:186} INFO - Started process (PID=13359) to work on /home/Data_Professional/PycharmProjects/DE_Zoomcamp_Capstone_Project/.venv/lib/python3.10/site-packages/airflow/example_dags/example_xcomargs.py
[2025-04-05T10:04:51.920+0100] {processor.py:914} INFO - Processing file /home/Data_Professional/PycharmProjects/DE_Zoomcamp_Capstone_Project/.venv/lib/python3.10/site-packages/airflow/example_dags/example_xcomargs.py for tasks to queue
[2025-04-05T10:04:51.922+0100] {logging_mixin.py:190} INFO - [2025-04-05T10:04:51.921+0100] {dagbag.py:588} INFO - Filling up the DagBag from /home/Data_Professional/PycharmProjects/DE_Zoomcamp_Capstone_Project/.venv/lib/python3.10/site-packages/airflow/example_dags/example_xcomargs.py
[2025-04-05T10:04:51.929+0100] {processor.py:925} INFO - DAG(s) 'example_xcom_args_with_operators', 'example_xcom_args' retrieved from /home/Data_Professional/PycharmProjects/DE_Zoomcamp_Capstone_Project/.venv/lib/python3.10/site-packages/airflow/example_dags/example_xcomargs.py
[2025-04-05T10:04:51.944+0100] {logging_mixin.py:190} INFO - [2025-04-05T10:04:51.943+0100] {dag.py:3239} INFO - Sync 2 DAGs
[2025-04-05T10:04:51.953+0100] {logging_mixin.py:190} INFO - [2025-04-05T10:04:51.953+0100] {dag.py:4180} INFO - Setting next_dagrun for example_xcom_args to None, run_after=None
[2025-04-05T10:04:51.956+0100] {logging_mixin.py:190} INFO - [2025-04-05T10:04:51.956+0100] {dag.py:4180} INFO - Setting next_dagrun for example_xcom_args_with_operators to None, run_after=None
[2025-04-05T10:04:51.970+0100] {processor.py:208} INFO - Processing /home/Data_Professional/PycharmProjects/DE_Zoomcamp_Capstone_Project/.venv/lib/python3.10/site-packages/airflow/example_dags/example_xcomargs.py took 0.058 seconds
[2025-04-05T10:05:54.342+0100] {processor.py:186} INFO - Started process (PID=13612) to work on /home/Data_Professional/PycharmProjects/DE_Zoomcamp_Capstone_Project/.venv/lib/python3.10/site-packages/airflow/example_dags/example_xcomargs.py
[2025-04-05T10:05:54.345+0100] {processor.py:914} INFO - Processing file /home/Data_Professional/PycharmProjects/DE_Zoomcamp_Capstone_Project/.venv/lib/python3.10/site-packages/airflow/example_dags/example_xcomargs.py for tasks to queue
[2025-04-05T10:05:54.347+0100] {logging_mixin.py:190} INFO - [2025-04-05T10:05:54.346+0100] {dagbag.py:588} INFO - Filling up the DagBag from /home/Data_Professional/PycharmProjects/DE_Zoomcamp_Capstone_Project/.venv/lib/python3.10/site-packages/airflow/example_dags/example_xcomargs.py
[2025-04-05T10:05:54.360+0100] {processor.py:925} INFO - DAG(s) 'example_xcom_args_with_operators', 'example_xcom_args' retrieved from /home/Data_Professional/PycharmProjects/DE_Zoomcamp_Capstone_Project/.venv/lib/python3.10/site-packages/airflow/example_dags/example_xcomargs.py
[2025-04-05T10:05:54.377+0100] {logging_mixin.py:190} INFO - [2025-04-05T10:05:54.377+0100] {dag.py:3239} INFO - Sync 2 DAGs
[2025-04-05T10:05:54.388+0100] {logging_mixin.py:190} INFO - [2025-04-05T10:05:54.387+0100] {dag.py:4180} INFO - Setting next_dagrun for example_xcom_args to None, run_after=None
[2025-04-05T10:05:54.390+0100] {logging_mixin.py:190} INFO - [2025-04-05T10:05:54.390+0100] {dag.py:4180} INFO - Setting next_dagrun for example_xcom_args_with_operators to None, run_after=None
[2025-04-05T10:05:54.406+0100] {processor.py:208} INFO - Processing /home/Data_Professional/PycharmProjects/DE_Zoomcamp_Capstone_Project/.venv/lib/python3.10/site-packages/airflow/example_dags/example_xcomargs.py took 0.072 seconds
[2025-04-05T10:06:56.086+0100] {processor.py:186} INFO - Started process (PID=13810) to work on /home/Data_Professional/PycharmProjects/DE_Zoomcamp_Capstone_Project/.venv/lib/python3.10/site-packages/airflow/example_dags/example_xcomargs.py
[2025-04-05T10:06:56.089+0100] {processor.py:914} INFO - Processing file /home/Data_Professional/PycharmProjects/DE_Zoomcamp_Capstone_Project/.venv/lib/python3.10/site-packages/airflow/example_dags/example_xcomargs.py for tasks to queue
[2025-04-05T10:06:56.091+0100] {logging_mixin.py:190} INFO - [2025-04-05T10:06:56.090+0100] {dagbag.py:588} INFO - Filling up the DagBag from /home/Data_Professional/PycharmProjects/DE_Zoomcamp_Capstone_Project/.venv/lib/python3.10/site-packages/airflow/example_dags/example_xcomargs.py
[2025-04-05T10:06:56.102+0100] {processor.py:925} INFO - DAG(s) 'example_xcom_args', 'example_xcom_args_with_operators' retrieved from /home/Data_Professional/PycharmProjects/DE_Zoomcamp_Capstone_Project/.venv/lib/python3.10/site-packages/airflow/example_dags/example_xcomargs.py
[2025-04-05T10:06:56.120+0100] {logging_mixin.py:190} INFO - [2025-04-05T10:06:56.120+0100] {dag.py:3239} INFO - Sync 2 DAGs
[2025-04-05T10:06:56.131+0100] {logging_mixin.py:190} INFO - [2025-04-05T10:06:56.131+0100] {dag.py:4180} INFO - Setting next_dagrun for example_xcom_args to None, run_after=None
[2025-04-05T10:06:56.134+0100] {logging_mixin.py:190} INFO - [2025-04-05T10:06:56.134+0100] {dag.py:4180} INFO - Setting next_dagrun for example_xcom_args_with_operators to None, run_after=None
[2025-04-05T10:06:56.150+0100] {processor.py:208} INFO - Processing /home/Data_Professional/PycharmProjects/DE_Zoomcamp_Capstone_Project/.venv/lib/python3.10/site-packages/airflow/example_dags/example_xcomargs.py took 0.070 seconds
[2025-04-05T10:07:59.157+0100] {processor.py:186} INFO - Started process (PID=13981) to work on /home/Data_Professional/PycharmProjects/DE_Zoomcamp_Capstone_Project/.venv/lib/python3.10/site-packages/airflow/example_dags/example_xcomargs.py
[2025-04-05T10:07:59.160+0100] {processor.py:914} INFO - Processing file /home/Data_Professional/PycharmProjects/DE_Zoomcamp_Capstone_Project/.venv/lib/python3.10/site-packages/airflow/example_dags/example_xcomargs.py for tasks to queue
[2025-04-05T10:07:59.161+0100] {logging_mixin.py:190} INFO - [2025-04-05T10:07:59.161+0100] {dagbag.py:588} INFO - Filling up the DagBag from /home/Data_Professional/PycharmProjects/DE_Zoomcamp_Capstone_Project/.venv/lib/python3.10/site-packages/airflow/example_dags/example_xcomargs.py
[2025-04-05T10:07:59.174+0100] {processor.py:925} INFO - DAG(s) 'example_xcom_args', 'example_xcom_args_with_operators' retrieved from /home/Data_Professional/PycharmProjects/DE_Zoomcamp_Capstone_Project/.venv/lib/python3.10/site-packages/airflow/example_dags/example_xcomargs.py
[2025-04-05T10:07:59.195+0100] {logging_mixin.py:190} INFO - [2025-04-05T10:07:59.195+0100] {dag.py:3239} INFO - Sync 2 DAGs
[2025-04-05T10:07:59.205+0100] {logging_mixin.py:190} INFO - [2025-04-05T10:07:59.205+0100] {dag.py:4180} INFO - Setting next_dagrun for example_xcom_args to None, run_after=None
[2025-04-05T10:07:59.208+0100] {logging_mixin.py:190} INFO - [2025-04-05T10:07:59.208+0100] {dag.py:4180} INFO - Setting next_dagrun for example_xcom_args_with_operators to None, run_after=None
[2025-04-05T10:07:59.223+0100] {processor.py:208} INFO - Processing /home/Data_Professional/PycharmProjects/DE_Zoomcamp_Capstone_Project/.venv/lib/python3.10/site-packages/airflow/example_dags/example_xcomargs.py took 0.073 seconds
[2025-04-05T10:09:07.004+0100] {processor.py:186} INFO - Started process (PID=14287) to work on /home/Data_Professional/PycharmProjects/DE_Zoomcamp_Capstone_Project/.venv/lib/python3.10/site-packages/airflow/example_dags/example_xcomargs.py
[2025-04-05T10:09:07.007+0100] {processor.py:914} INFO - Processing file /home/Data_Professional/PycharmProjects/DE_Zoomcamp_Capstone_Project/.venv/lib/python3.10/site-packages/airflow/example_dags/example_xcomargs.py for tasks to queue
[2025-04-05T10:09:07.010+0100] {logging_mixin.py:190} INFO - [2025-04-05T10:09:07.009+0100] {dagbag.py:588} INFO - Filling up the DagBag from /home/Data_Professional/PycharmProjects/DE_Zoomcamp_Capstone_Project/.venv/lib/python3.10/site-packages/airflow/example_dags/example_xcomargs.py
[2025-04-05T10:09:07.034+0100] {processor.py:925} INFO - DAG(s) 'example_xcom_args_with_operators', 'example_xcom_args' retrieved from /home/Data_Professional/PycharmProjects/DE_Zoomcamp_Capstone_Project/.venv/lib/python3.10/site-packages/airflow/example_dags/example_xcomargs.py
[2025-04-05T10:09:07.053+0100] {logging_mixin.py:190} INFO - [2025-04-05T10:09:07.052+0100] {dag.py:3239} INFO - Sync 2 DAGs
[2025-04-05T10:09:07.063+0100] {logging_mixin.py:190} INFO - [2025-04-05T10:09:07.063+0100] {dag.py:4180} INFO - Setting next_dagrun for example_xcom_args to None, run_after=None
[2025-04-05T10:09:07.066+0100] {logging_mixin.py:190} INFO - [2025-04-05T10:09:07.066+0100] {dag.py:4180} INFO - Setting next_dagrun for example_xcom_args_with_operators to None, run_after=None
[2025-04-05T10:09:07.080+0100] {processor.py:208} INFO - Processing /home/Data_Professional/PycharmProjects/DE_Zoomcamp_Capstone_Project/.venv/lib/python3.10/site-packages/airflow/example_dags/example_xcomargs.py took 0.084 seconds
[2025-04-05T10:10:07.945+0100] {processor.py:186} INFO - Started process (PID=14432) to work on /home/Data_Professional/PycharmProjects/DE_Zoomcamp_Capstone_Project/.venv/lib/python3.10/site-packages/airflow/example_dags/example_xcomargs.py
[2025-04-05T10:10:07.948+0100] {processor.py:914} INFO - Processing file /home/Data_Professional/PycharmProjects/DE_Zoomcamp_Capstone_Project/.venv/lib/python3.10/site-packages/airflow/example_dags/example_xcomargs.py for tasks to queue
[2025-04-05T10:10:07.949+0100] {logging_mixin.py:190} INFO - [2025-04-05T10:10:07.949+0100] {dagbag.py:588} INFO - Filling up the DagBag from /home/Data_Professional/PycharmProjects/DE_Zoomcamp_Capstone_Project/.venv/lib/python3.10/site-packages/airflow/example_dags/example_xcomargs.py
[2025-04-05T10:10:07.960+0100] {processor.py:925} INFO - DAG(s) 'example_xcom_args', 'example_xcom_args_with_operators' retrieved from /home/Data_Professional/PycharmProjects/DE_Zoomcamp_Capstone_Project/.venv/lib/python3.10/site-packages/airflow/example_dags/example_xcomargs.py
[2025-04-05T10:10:07.975+0100] {logging_mixin.py:190} INFO - [2025-04-05T10:10:07.975+0100] {dag.py:3239} INFO - Sync 2 DAGs
[2025-04-05T10:10:07.986+0100] {logging_mixin.py:190} INFO - [2025-04-05T10:10:07.986+0100] {dag.py:4180} INFO - Setting next_dagrun for example_xcom_args to None, run_after=None
[2025-04-05T10:10:07.989+0100] {logging_mixin.py:190} INFO - [2025-04-05T10:10:07.988+0100] {dag.py:4180} INFO - Setting next_dagrun for example_xcom_args_with_operators to None, run_after=None
[2025-04-05T10:10:08.004+0100] {processor.py:208} INFO - Processing /home/Data_Professional/PycharmProjects/DE_Zoomcamp_Capstone_Project/.venv/lib/python3.10/site-packages/airflow/example_dags/example_xcomargs.py took 0.066 seconds
[2025-04-05T10:11:08.855+0100] {processor.py:186} INFO - Started process (PID=14596) to work on /home/Data_Professional/PycharmProjects/DE_Zoomcamp_Capstone_Project/.venv/lib/python3.10/site-packages/airflow/example_dags/example_xcomargs.py
[2025-04-05T10:11:08.859+0100] {processor.py:914} INFO - Processing file /home/Data_Professional/PycharmProjects/DE_Zoomcamp_Capstone_Project/.venv/lib/python3.10/site-packages/airflow/example_dags/example_xcomargs.py for tasks to queue
[2025-04-05T10:11:08.862+0100] {logging_mixin.py:190} INFO - [2025-04-05T10:11:08.861+0100] {dagbag.py:588} INFO - Filling up the DagBag from /home/Data_Professional/PycharmProjects/DE_Zoomcamp_Capstone_Project/.venv/lib/python3.10/site-packages/airflow/example_dags/example_xcomargs.py
[2025-04-05T10:11:08.877+0100] {processor.py:925} INFO - DAG(s) 'example_xcom_args', 'example_xcom_args_with_operators' retrieved from /home/Data_Professional/PycharmProjects/DE_Zoomcamp_Capstone_Project/.venv/lib/python3.10/site-packages/airflow/example_dags/example_xcomargs.py
[2025-04-05T10:11:08.893+0100] {logging_mixin.py:190} INFO - [2025-04-05T10:11:08.893+0100] {dag.py:3239} INFO - Sync 2 DAGs
[2025-04-05T10:11:08.903+0100] {logging_mixin.py:190} INFO - [2025-04-05T10:11:08.903+0100] {dag.py:4180} INFO - Setting next_dagrun for example_xcom_args to None, run_after=None
[2025-04-05T10:11:08.906+0100] {logging_mixin.py:190} INFO - [2025-04-05T10:11:08.906+0100] {dag.py:4180} INFO - Setting next_dagrun for example_xcom_args_with_operators to None, run_after=None
[2025-04-05T10:11:08.931+0100] {processor.py:208} INFO - Processing /home/Data_Professional/PycharmProjects/DE_Zoomcamp_Capstone_Project/.venv/lib/python3.10/site-packages/airflow/example_dags/example_xcomargs.py took 0.092 seconds
[2025-04-05T10:12:10.940+0100] {processor.py:186} INFO - Started process (PID=15007) to work on /home/Data_Professional/PycharmProjects/DE_Zoomcamp_Capstone_Project/.venv/lib/python3.10/site-packages/airflow/example_dags/example_xcomargs.py
[2025-04-05T10:12:10.943+0100] {processor.py:914} INFO - Processing file /home/Data_Professional/PycharmProjects/DE_Zoomcamp_Capstone_Project/.venv/lib/python3.10/site-packages/airflow/example_dags/example_xcomargs.py for tasks to queue
[2025-04-05T10:12:10.944+0100] {logging_mixin.py:190} INFO - [2025-04-05T10:12:10.944+0100] {dagbag.py:588} INFO - Filling up the DagBag from /home/Data_Professional/PycharmProjects/DE_Zoomcamp_Capstone_Project/.venv/lib/python3.10/site-packages/airflow/example_dags/example_xcomargs.py
[2025-04-05T10:12:10.953+0100] {processor.py:925} INFO - DAG(s) 'example_xcom_args_with_operators', 'example_xcom_args' retrieved from /home/Data_Professional/PycharmProjects/DE_Zoomcamp_Capstone_Project/.venv/lib/python3.10/site-packages/airflow/example_dags/example_xcomargs.py
[2025-04-05T10:12:10.968+0100] {logging_mixin.py:190} INFO - [2025-04-05T10:12:10.968+0100] {dag.py:3239} INFO - Sync 2 DAGs
[2025-04-05T10:12:10.979+0100] {logging_mixin.py:190} INFO - [2025-04-05T10:12:10.979+0100] {dag.py:4180} INFO - Setting next_dagrun for example_xcom_args to None, run_after=None
[2025-04-05T10:12:10.982+0100] {logging_mixin.py:190} INFO - [2025-04-05T10:12:10.982+0100] {dag.py:4180} INFO - Setting next_dagrun for example_xcom_args_with_operators to None, run_after=None
[2025-04-05T10:12:10.997+0100] {processor.py:208} INFO - Processing /home/Data_Professional/PycharmProjects/DE_Zoomcamp_Capstone_Project/.venv/lib/python3.10/site-packages/airflow/example_dags/example_xcomargs.py took 0.064 seconds
[2025-04-05T10:13:13.219+0100] {processor.py:186} INFO - Started process (PID=15101) to work on /home/Data_Professional/PycharmProjects/DE_Zoomcamp_Capstone_Project/.venv/lib/python3.10/site-packages/airflow/example_dags/example_xcomargs.py
[2025-04-05T10:13:13.222+0100] {processor.py:914} INFO - Processing file /home/Data_Professional/PycharmProjects/DE_Zoomcamp_Capstone_Project/.venv/lib/python3.10/site-packages/airflow/example_dags/example_xcomargs.py for tasks to queue
[2025-04-05T10:13:13.225+0100] {logging_mixin.py:190} INFO - [2025-04-05T10:13:13.224+0100] {dagbag.py:588} INFO - Filling up the DagBag from /home/Data_Professional/PycharmProjects/DE_Zoomcamp_Capstone_Project/.venv/lib/python3.10/site-packages/airflow/example_dags/example_xcomargs.py
[2025-04-05T10:13:13.238+0100] {processor.py:925} INFO - DAG(s) 'example_xcom_args_with_operators', 'example_xcom_args' retrieved from /home/Data_Professional/PycharmProjects/DE_Zoomcamp_Capstone_Project/.venv/lib/python3.10/site-packages/airflow/example_dags/example_xcomargs.py
[2025-04-05T10:13:13.255+0100] {logging_mixin.py:190} INFO - [2025-04-05T10:13:13.255+0100] {dag.py:3239} INFO - Sync 2 DAGs
[2025-04-05T10:13:13.266+0100] {logging_mixin.py:190} INFO - [2025-04-05T10:13:13.266+0100] {dag.py:4180} INFO - Setting next_dagrun for example_xcom_args to None, run_after=None
[2025-04-05T10:13:13.270+0100] {logging_mixin.py:190} INFO - [2025-04-05T10:13:13.269+0100] {dag.py:4180} INFO - Setting next_dagrun for example_xcom_args_with_operators to None, run_after=None
[2025-04-05T10:13:13.287+0100] {processor.py:208} INFO - Processing /home/Data_Professional/PycharmProjects/DE_Zoomcamp_Capstone_Project/.venv/lib/python3.10/site-packages/airflow/example_dags/example_xcomargs.py took 0.082 seconds
[2025-04-05T10:14:08.659+0100] {processor.py:186} INFO - Started process (PID=15185) to work on /home/Data_Professional/PycharmProjects/DE_Zoomcamp_Capstone_Project/.venv/lib/python3.10/site-packages/airflow/example_dags/example_xcomargs.py
[2025-04-05T10:14:08.662+0100] {processor.py:914} INFO - Processing file /home/Data_Professional/PycharmProjects/DE_Zoomcamp_Capstone_Project/.venv/lib/python3.10/site-packages/airflow/example_dags/example_xcomargs.py for tasks to queue
[2025-04-05T10:14:08.664+0100] {logging_mixin.py:190} INFO - [2025-04-05T10:14:08.663+0100] {dagbag.py:588} INFO - Filling up the DagBag from /home/Data_Professional/PycharmProjects/DE_Zoomcamp_Capstone_Project/.venv/lib/python3.10/site-packages/airflow/example_dags/example_xcomargs.py
[2025-04-05T10:14:08.685+0100] {processor.py:925} INFO - DAG(s) 'example_xcom_args_with_operators', 'example_xcom_args' retrieved from /home/Data_Professional/PycharmProjects/DE_Zoomcamp_Capstone_Project/.venv/lib/python3.10/site-packages/airflow/example_dags/example_xcomargs.py
[2025-04-05T10:14:08.706+0100] {logging_mixin.py:190} INFO - [2025-04-05T10:14:08.705+0100] {dag.py:3239} INFO - Sync 2 DAGs
[2025-04-05T10:14:08.716+0100] {logging_mixin.py:190} INFO - [2025-04-05T10:14:08.716+0100] {dag.py:4180} INFO - Setting next_dagrun for example_xcom_args to None, run_after=None
[2025-04-05T10:14:08.719+0100] {logging_mixin.py:190} INFO - [2025-04-05T10:14:08.719+0100] {dag.py:4180} INFO - Setting next_dagrun for example_xcom_args_with_operators to None, run_after=None
[2025-04-05T10:14:08.741+0100] {processor.py:208} INFO - Processing /home/Data_Professional/PycharmProjects/DE_Zoomcamp_Capstone_Project/.venv/lib/python3.10/site-packages/airflow/example_dags/example_xcomargs.py took 0.086 seconds
[2025-04-05T12:24:10.515+0100] {processor.py:186} INFO - Started process (PID=15534) to work on /home/Data_Professional/PycharmProjects/DE_Zoomcamp_Capstone_Project/.venv/lib/python3.10/site-packages/airflow/example_dags/example_xcomargs.py
[2025-04-05T12:24:10.517+0100] {processor.py:914} INFO - Processing file /home/Data_Professional/PycharmProjects/DE_Zoomcamp_Capstone_Project/.venv/lib/python3.10/site-packages/airflow/example_dags/example_xcomargs.py for tasks to queue
[2025-04-05T12:24:10.519+0100] {logging_mixin.py:190} INFO - [2025-04-05T12:24:10.518+0100] {dagbag.py:588} INFO - Filling up the DagBag from /home/Data_Professional/PycharmProjects/DE_Zoomcamp_Capstone_Project/.venv/lib/python3.10/site-packages/airflow/example_dags/example_xcomargs.py
[2025-04-05T12:24:10.536+0100] {processor.py:925} INFO - DAG(s) 'example_xcom_args_with_operators', 'example_xcom_args' retrieved from /home/Data_Professional/PycharmProjects/DE_Zoomcamp_Capstone_Project/.venv/lib/python3.10/site-packages/airflow/example_dags/example_xcomargs.py
[2025-04-05T12:24:10.553+0100] {logging_mixin.py:190} INFO - [2025-04-05T12:24:10.553+0100] {dag.py:3239} INFO - Sync 2 DAGs
[2025-04-05T12:24:10.563+0100] {logging_mixin.py:190} INFO - [2025-04-05T12:24:10.563+0100] {dag.py:4180} INFO - Setting next_dagrun for example_xcom_args to None, run_after=None
[2025-04-05T12:24:10.566+0100] {logging_mixin.py:190} INFO - [2025-04-05T12:24:10.566+0100] {dag.py:4180} INFO - Setting next_dagrun for example_xcom_args_with_operators to None, run_after=None
[2025-04-05T12:24:10.582+0100] {processor.py:208} INFO - Processing /home/Data_Professional/PycharmProjects/DE_Zoomcamp_Capstone_Project/.venv/lib/python3.10/site-packages/airflow/example_dags/example_xcomargs.py took 0.079 seconds
