[2025-04-05T09:55:31.477+0100] {processor.py:186} INFO - Started process (PID=11860) to work on /home/Data_Professional/PycharmProjects/DE_Zoomcamp_Capstone_Project/.venv/lib/python3.10/site-packages/airflow/example_dags/example_params_trigger_ui.py
[2025-04-05T09:55:31.477+0100] {processor.py:914} INFO - Processing file /home/Data_Professional/PycharmProjects/DE_Zoomcamp_Capstone_Project/.venv/lib/python3.10/site-packages/airflow/example_dags/example_params_trigger_ui.py for tasks to queue
[2025-04-05T09:55:31.479+0100] {logging_mixin.py:190} INFO - [2025-04-05T09:55:31.479+0100] {dagbag.py:588} INFO - Filling up the DagBag from /home/Data_Professional/PycharmProjects/DE_Zoomcamp_Capstone_Project/.venv/lib/python3.10/site-packages/airflow/example_dags/example_params_trigger_ui.py
[2025-04-05T09:55:31.489+0100] {processor.py:925} INFO - DAG(s) 'example_params_trigger_ui' retrieved from /home/Data_Professional/PycharmProjects/DE_Zoomcamp_Capstone_Project/.venv/lib/python3.10/site-packages/airflow/example_dags/example_params_trigger_ui.py
[2025-04-05T09:55:31.604+0100] {logging_mixin.py:190} INFO - [2025-04-05T09:55:31.603+0100] {override.py:1912} INFO - Created Permission View: can read on DAG:example_params_trigger_ui
[2025-04-05T09:55:31.616+0100] {logging_mixin.py:190} INFO - [2025-04-05T09:55:31.615+0100] {override.py:1912} INFO - Created Permission View: can delete on DAG:example_params_trigger_ui
[2025-04-05T09:55:31.625+0100] {logging_mixin.py:190} INFO - [2025-04-05T09:55:31.624+0100] {override.py:1912} INFO - Created Permission View: can edit on DAG:example_params_trigger_ui
[2025-04-05T09:55:31.640+0100] {logging_mixin.py:190} INFO - [2025-04-05T09:55:31.640+0100] {override.py:1912} INFO - Created Permission View: can create on DAG Run:example_params_trigger_ui
[2025-04-05T09:55:31.648+0100] {logging_mixin.py:190} INFO - [2025-04-05T09:55:31.648+0100] {override.py:1912} INFO - Created Permission View: can read on DAG Run:example_params_trigger_ui
[2025-04-05T09:55:31.655+0100] {logging_mixin.py:190} INFO - [2025-04-05T09:55:31.655+0100] {override.py:1912} INFO - Created Permission View: can delete on DAG Run:example_params_trigger_ui
[2025-04-05T09:55:31.661+0100] {logging_mixin.py:190} INFO - [2025-04-05T09:55:31.661+0100] {override.py:1912} INFO - Created Permission View: menu access on DAG Run:example_params_trigger_ui
[2025-04-05T09:55:31.662+0100] {logging_mixin.py:190} INFO - [2025-04-05T09:55:31.662+0100] {dag.py:3239} INFO - Sync 1 DAGs
[2025-04-05T09:55:31.672+0100] {logging_mixin.py:190} INFO - [2025-04-05T09:55:31.672+0100] {dag.py:3262} INFO - Creating ORM DAG for example_params_trigger_ui
[2025-04-05T09:55:31.673+0100] {logging_mixin.py:190} INFO - [2025-04-05T09:55:31.673+0100] {dag.py:4180} INFO - Setting next_dagrun for example_params_trigger_ui to None, run_after=None
[2025-04-05T09:55:31.690+0100] {processor.py:208} INFO - Processing /home/Data_Professional/PycharmProjects/DE_Zoomcamp_Capstone_Project/.venv/lib/python3.10/site-packages/airflow/example_dags/example_params_trigger_ui.py took 0.221 seconds
[2025-04-05T09:56:35.307+0100] {processor.py:186} INFO - Started process (PID=12184) to work on /home/Data_Professional/PycharmProjects/DE_Zoomcamp_Capstone_Project/.venv/lib/python3.10/site-packages/airflow/example_dags/example_params_trigger_ui.py
[2025-04-05T09:56:35.310+0100] {processor.py:914} INFO - Processing file /home/Data_Professional/PycharmProjects/DE_Zoomcamp_Capstone_Project/.venv/lib/python3.10/site-packages/airflow/example_dags/example_params_trigger_ui.py for tasks to queue
[2025-04-05T09:56:35.313+0100] {logging_mixin.py:190} INFO - [2025-04-05T09:56:35.313+0100] {dagbag.py:588} INFO - Filling up the DagBag from /home/Data_Professional/PycharmProjects/DE_Zoomcamp_Capstone_Project/.venv/lib/python3.10/site-packages/airflow/example_dags/example_params_trigger_ui.py
[2025-04-05T09:56:35.350+0100] {processor.py:925} INFO - DAG(s) 'example_params_trigger_ui' retrieved from /home/Data_Professional/PycharmProjects/DE_Zoomcamp_Capstone_Project/.venv/lib/python3.10/site-packages/airflow/example_dags/example_params_trigger_ui.py
[2025-04-05T09:56:35.456+0100] {logging_mixin.py:190} INFO - [2025-04-05T09:56:35.455+0100] {dag.py:3239} INFO - Sync 1 DAGs
[2025-04-05T09:56:35.480+0100] {logging_mixin.py:190} INFO - [2025-04-05T09:56:35.480+0100] {dag.py:4180} INFO - Setting next_dagrun for example_params_trigger_ui to None, run_after=None
[2025-04-05T09:56:35.532+0100] {processor.py:208} INFO - Processing /home/Data_Professional/PycharmProjects/DE_Zoomcamp_Capstone_Project/.venv/lib/python3.10/site-packages/airflow/example_dags/example_params_trigger_ui.py took 0.242 seconds
[2025-04-05T09:57:30.857+0100] {processor.py:186} INFO - Started process (PID=12291) to work on /home/Data_Professional/PycharmProjects/DE_Zoomcamp_Capstone_Project/.venv/lib/python3.10/site-packages/airflow/example_dags/example_params_trigger_ui.py
[2025-04-05T09:57:30.861+0100] {processor.py:914} INFO - Processing file /home/Data_Professional/PycharmProjects/DE_Zoomcamp_Capstone_Project/.venv/lib/python3.10/site-packages/airflow/example_dags/example_params_trigger_ui.py for tasks to queue
[2025-04-05T09:57:30.865+0100] {logging_mixin.py:190} INFO - [2025-04-05T09:57:30.864+0100] {dagbag.py:588} INFO - Filling up the DagBag from /home/Data_Professional/PycharmProjects/DE_Zoomcamp_Capstone_Project/.venv/lib/python3.10/site-packages/airflow/example_dags/example_params_trigger_ui.py
[2025-04-05T09:57:30.883+0100] {processor.py:925} INFO - DAG(s) 'example_params_trigger_ui' retrieved from /home/Data_Professional/PycharmProjects/DE_Zoomcamp_Capstone_Project/.venv/lib/python3.10/site-packages/airflow/example_dags/example_params_trigger_ui.py
[2025-04-05T09:57:30.919+0100] {logging_mixin.py:190} INFO - [2025-04-05T09:57:30.918+0100] {dag.py:3239} INFO - Sync 1 DAGs
[2025-04-05T09:57:30.928+0100] {logging_mixin.py:190} INFO - [2025-04-05T09:57:30.928+0100] {dag.py:4180} INFO - Setting next_dagrun for example_params_trigger_ui to None, run_after=None
[2025-04-05T09:57:30.944+0100] {processor.py:208} INFO - Processing /home/Data_Professional/PycharmProjects/DE_Zoomcamp_Capstone_Project/.venv/lib/python3.10/site-packages/airflow/example_dags/example_params_trigger_ui.py took 0.099 seconds
[2025-04-05T09:58:32.660+0100] {processor.py:186} INFO - Started process (PID=12363) to work on /home/Data_Professional/PycharmProjects/DE_Zoomcamp_Capstone_Project/.venv/lib/python3.10/site-packages/airflow/example_dags/example_params_trigger_ui.py
[2025-04-05T09:58:32.662+0100] {processor.py:914} INFO - Processing file /home/Data_Professional/PycharmProjects/DE_Zoomcamp_Capstone_Project/.venv/lib/python3.10/site-packages/airflow/example_dags/example_params_trigger_ui.py for tasks to queue
[2025-04-05T09:58:32.664+0100] {logging_mixin.py:190} INFO - [2025-04-05T09:58:32.664+0100] {dagbag.py:588} INFO - Filling up the DagBag from /home/Data_Professional/PycharmProjects/DE_Zoomcamp_Capstone_Project/.venv/lib/python3.10/site-packages/airflow/example_dags/example_params_trigger_ui.py
[2025-04-05T09:58:32.672+0100] {processor.py:925} INFO - DAG(s) 'example_params_trigger_ui' retrieved from /home/Data_Professional/PycharmProjects/DE_Zoomcamp_Capstone_Project/.venv/lib/python3.10/site-packages/airflow/example_dags/example_params_trigger_ui.py
[2025-04-05T09:58:32.706+0100] {logging_mixin.py:190} INFO - [2025-04-05T09:58:32.705+0100] {dag.py:3239} INFO - Sync 1 DAGs
[2025-04-05T09:58:32.715+0100] {logging_mixin.py:190} INFO - [2025-04-05T09:58:32.715+0100] {dag.py:4180} INFO - Setting next_dagrun for example_params_trigger_ui to None, run_after=None
[2025-04-05T09:58:32.731+0100] {processor.py:208} INFO - Processing /home/Data_Professional/PycharmProjects/DE_Zoomcamp_Capstone_Project/.venv/lib/python3.10/site-packages/airflow/example_dags/example_params_trigger_ui.py took 0.076 seconds
[2025-04-05T09:59:28.631+0100] {processor.py:186} INFO - Started process (PID=12434) to work on /home/Data_Professional/PycharmProjects/DE_Zoomcamp_Capstone_Project/.venv/lib/python3.10/site-packages/airflow/example_dags/example_params_trigger_ui.py
[2025-04-05T09:59:28.635+0100] {processor.py:914} INFO - Processing file /home/Data_Professional/PycharmProjects/DE_Zoomcamp_Capstone_Project/.venv/lib/python3.10/site-packages/airflow/example_dags/example_params_trigger_ui.py for tasks to queue
[2025-04-05T09:59:28.639+0100] {logging_mixin.py:190} INFO - [2025-04-05T09:59:28.638+0100] {dagbag.py:588} INFO - Filling up the DagBag from /home/Data_Professional/PycharmProjects/DE_Zoomcamp_Capstone_Project/.venv/lib/python3.10/site-packages/airflow/example_dags/example_params_trigger_ui.py
[2025-04-05T09:59:28.657+0100] {processor.py:925} INFO - DAG(s) 'example_params_trigger_ui' retrieved from /home/Data_Professional/PycharmProjects/DE_Zoomcamp_Capstone_Project/.venv/lib/python3.10/site-packages/airflow/example_dags/example_params_trigger_ui.py
[2025-04-05T09:59:28.693+0100] {logging_mixin.py:190} INFO - [2025-04-05T09:59:28.692+0100] {dag.py:3239} INFO - Sync 1 DAGs
[2025-04-05T09:59:28.704+0100] {logging_mixin.py:190} INFO - [2025-04-05T09:59:28.704+0100] {dag.py:4180} INFO - Setting next_dagrun for example_params_trigger_ui to None, run_after=None
[2025-04-05T09:59:28.720+0100] {processor.py:208} INFO - Processing /home/Data_Professional/PycharmProjects/DE_Zoomcamp_Capstone_Project/.venv/lib/python3.10/site-packages/airflow/example_dags/example_params_trigger_ui.py took 0.100 seconds
[2025-04-05T10:00:27.076+0100] {processor.py:186} INFO - Started process (PID=12655) to work on /home/Data_Professional/PycharmProjects/DE_Zoomcamp_Capstone_Project/.venv/lib/python3.10/site-packages/airflow/example_dags/example_params_trigger_ui.py
[2025-04-05T10:00:27.078+0100] {processor.py:914} INFO - Processing file /home/Data_Professional/PycharmProjects/DE_Zoomcamp_Capstone_Project/.venv/lib/python3.10/site-packages/airflow/example_dags/example_params_trigger_ui.py for tasks to queue
[2025-04-05T10:00:27.080+0100] {logging_mixin.py:190} INFO - [2025-04-05T10:00:27.080+0100] {dagbag.py:588} INFO - Filling up the DagBag from /home/Data_Professional/PycharmProjects/DE_Zoomcamp_Capstone_Project/.venv/lib/python3.10/site-packages/airflow/example_dags/example_params_trigger_ui.py
[2025-04-05T10:00:27.089+0100] {processor.py:925} INFO - DAG(s) 'example_params_trigger_ui' retrieved from /home/Data_Professional/PycharmProjects/DE_Zoomcamp_Capstone_Project/.venv/lib/python3.10/site-packages/airflow/example_dags/example_params_trigger_ui.py
[2025-04-05T10:00:27.122+0100] {logging_mixin.py:190} INFO - [2025-04-05T10:00:27.122+0100] {dag.py:3239} INFO - Sync 1 DAGs
[2025-04-05T10:00:27.132+0100] {logging_mixin.py:190} INFO - [2025-04-05T10:00:27.132+0100] {dag.py:4180} INFO - Setting next_dagrun for example_params_trigger_ui to None, run_after=None
[2025-04-05T10:00:27.149+0100] {processor.py:208} INFO - Processing /home/Data_Professional/PycharmProjects/DE_Zoomcamp_Capstone_Project/.venv/lib/python3.10/site-packages/airflow/example_dags/example_params_trigger_ui.py took 0.078 seconds
[2025-04-05T10:01:24.261+0100] {processor.py:186} INFO - Started process (PID=12893) to work on /home/Data_Professional/PycharmProjects/DE_Zoomcamp_Capstone_Project/.venv/lib/python3.10/site-packages/airflow/example_dags/example_params_trigger_ui.py
[2025-04-05T10:01:24.265+0100] {processor.py:914} INFO - Processing file /home/Data_Professional/PycharmProjects/DE_Zoomcamp_Capstone_Project/.venv/lib/python3.10/site-packages/airflow/example_dags/example_params_trigger_ui.py for tasks to queue
[2025-04-05T10:01:24.272+0100] {logging_mixin.py:190} INFO - [2025-04-05T10:01:24.270+0100] {dagbag.py:588} INFO - Filling up the DagBag from /home/Data_Professional/PycharmProjects/DE_Zoomcamp_Capstone_Project/.venv/lib/python3.10/site-packages/airflow/example_dags/example_params_trigger_ui.py
[2025-04-05T10:01:24.320+0100] {processor.py:925} INFO - DAG(s) 'example_params_trigger_ui' retrieved from /home/Data_Professional/PycharmProjects/DE_Zoomcamp_Capstone_Project/.venv/lib/python3.10/site-packages/airflow/example_dags/example_params_trigger_ui.py
[2025-04-05T10:01:24.388+0100] {logging_mixin.py:190} INFO - [2025-04-05T10:01:24.388+0100] {dag.py:3239} INFO - Sync 1 DAGs
[2025-04-05T10:01:24.399+0100] {logging_mixin.py:190} INFO - [2025-04-05T10:01:24.398+0100] {dag.py:4180} INFO - Setting next_dagrun for example_params_trigger_ui to None, run_after=None
[2025-04-05T10:01:24.419+0100] {processor.py:208} INFO - Processing /home/Data_Professional/PycharmProjects/DE_Zoomcamp_Capstone_Project/.venv/lib/python3.10/site-packages/airflow/example_dags/example_params_trigger_ui.py took 0.184 seconds
[2025-04-05T10:02:21.381+0100] {processor.py:186} INFO - Started process (PID=13019) to work on /home/Data_Professional/PycharmProjects/DE_Zoomcamp_Capstone_Project/.venv/lib/python3.10/site-packages/airflow/example_dags/example_params_trigger_ui.py
[2025-04-05T10:02:21.384+0100] {processor.py:914} INFO - Processing file /home/Data_Professional/PycharmProjects/DE_Zoomcamp_Capstone_Project/.venv/lib/python3.10/site-packages/airflow/example_dags/example_params_trigger_ui.py for tasks to queue
[2025-04-05T10:02:21.388+0100] {logging_mixin.py:190} INFO - [2025-04-05T10:02:21.388+0100] {dagbag.py:588} INFO - Filling up the DagBag from /home/Data_Professional/PycharmProjects/DE_Zoomcamp_Capstone_Project/.venv/lib/python3.10/site-packages/airflow/example_dags/example_params_trigger_ui.py
[2025-04-05T10:02:21.403+0100] {processor.py:925} INFO - DAG(s) 'example_params_trigger_ui' retrieved from /home/Data_Professional/PycharmProjects/DE_Zoomcamp_Capstone_Project/.venv/lib/python3.10/site-packages/airflow/example_dags/example_params_trigger_ui.py
[2025-04-05T10:02:21.440+0100] {logging_mixin.py:190} INFO - [2025-04-05T10:02:21.440+0100] {dag.py:3239} INFO - Sync 1 DAGs
[2025-04-05T10:02:21.450+0100] {logging_mixin.py:190} INFO - [2025-04-05T10:02:21.450+0100] {dag.py:4180} INFO - Setting next_dagrun for example_params_trigger_ui to None, run_after=None
[2025-04-05T10:02:21.479+0100] {processor.py:208} INFO - Processing /home/Data_Professional/PycharmProjects/DE_Zoomcamp_Capstone_Project/.venv/lib/python3.10/site-packages/airflow/example_dags/example_params_trigger_ui.py took 0.110 seconds
[2025-04-05T10:03:18.721+0100] {processor.py:186} INFO - Started process (PID=13123) to work on /home/Data_Professional/PycharmProjects/DE_Zoomcamp_Capstone_Project/.venv/lib/python3.10/site-packages/airflow/example_dags/example_params_trigger_ui.py
[2025-04-05T10:03:18.724+0100] {processor.py:914} INFO - Processing file /home/Data_Professional/PycharmProjects/DE_Zoomcamp_Capstone_Project/.venv/lib/python3.10/site-packages/airflow/example_dags/example_params_trigger_ui.py for tasks to queue
[2025-04-05T10:03:18.726+0100] {logging_mixin.py:190} INFO - [2025-04-05T10:03:18.726+0100] {dagbag.py:588} INFO - Filling up the DagBag from /home/Data_Professional/PycharmProjects/DE_Zoomcamp_Capstone_Project/.venv/lib/python3.10/site-packages/airflow/example_dags/example_params_trigger_ui.py
[2025-04-05T10:03:18.743+0100] {processor.py:925} INFO - DAG(s) 'example_params_trigger_ui' retrieved from /home/Data_Professional/PycharmProjects/DE_Zoomcamp_Capstone_Project/.venv/lib/python3.10/site-packages/airflow/example_dags/example_params_trigger_ui.py
[2025-04-05T10:03:18.780+0100] {logging_mixin.py:190} INFO - [2025-04-05T10:03:18.780+0100] {dag.py:3239} INFO - Sync 1 DAGs
[2025-04-05T10:03:18.790+0100] {logging_mixin.py:190} INFO - [2025-04-05T10:03:18.790+0100] {dag.py:4180} INFO - Setting next_dagrun for example_params_trigger_ui to None, run_after=None
[2025-04-05T10:03:18.807+0100] {processor.py:208} INFO - Processing /home/Data_Professional/PycharmProjects/DE_Zoomcamp_Capstone_Project/.venv/lib/python3.10/site-packages/airflow/example_dags/example_params_trigger_ui.py took 0.095 seconds
[2025-04-05T10:04:20.867+0100] {processor.py:186} INFO - Started process (PID=13238) to work on /home/Data_Professional/PycharmProjects/DE_Zoomcamp_Capstone_Project/.venv/lib/python3.10/site-packages/airflow/example_dags/example_params_trigger_ui.py
[2025-04-05T10:04:20.868+0100] {processor.py:914} INFO - Processing file /home/Data_Professional/PycharmProjects/DE_Zoomcamp_Capstone_Project/.venv/lib/python3.10/site-packages/airflow/example_dags/example_params_trigger_ui.py for tasks to queue
[2025-04-05T10:04:20.871+0100] {logging_mixin.py:190} INFO - [2025-04-05T10:04:20.871+0100] {dagbag.py:588} INFO - Filling up the DagBag from /home/Data_Professional/PycharmProjects/DE_Zoomcamp_Capstone_Project/.venv/lib/python3.10/site-packages/airflow/example_dags/example_params_trigger_ui.py
[2025-04-05T10:04:20.886+0100] {processor.py:925} INFO - DAG(s) 'example_params_trigger_ui' retrieved from /home/Data_Professional/PycharmProjects/DE_Zoomcamp_Capstone_Project/.venv/lib/python3.10/site-packages/airflow/example_dags/example_params_trigger_ui.py
[2025-04-05T10:04:20.921+0100] {logging_mixin.py:190} INFO - [2025-04-05T10:04:20.921+0100] {dag.py:3239} INFO - Sync 1 DAGs
[2025-04-05T10:04:20.931+0100] {logging_mixin.py:190} INFO - [2025-04-05T10:04:20.931+0100] {dag.py:4180} INFO - Setting next_dagrun for example_params_trigger_ui to None, run_after=None
[2025-04-05T10:04:20.948+0100] {processor.py:208} INFO - Processing /home/Data_Professional/PycharmProjects/DE_Zoomcamp_Capstone_Project/.venv/lib/python3.10/site-packages/airflow/example_dags/example_params_trigger_ui.py took 0.091 seconds
[2025-04-05T10:05:19.077+0100] {processor.py:186} INFO - Started process (PID=13476) to work on /home/Data_Professional/PycharmProjects/DE_Zoomcamp_Capstone_Project/.venv/lib/python3.10/site-packages/airflow/example_dags/example_params_trigger_ui.py
[2025-04-05T10:05:19.077+0100] {processor.py:914} INFO - Processing file /home/Data_Professional/PycharmProjects/DE_Zoomcamp_Capstone_Project/.venv/lib/python3.10/site-packages/airflow/example_dags/example_params_trigger_ui.py for tasks to queue
[2025-04-05T10:05:19.078+0100] {logging_mixin.py:190} INFO - [2025-04-05T10:05:19.078+0100] {dagbag.py:588} INFO - Filling up the DagBag from /home/Data_Professional/PycharmProjects/DE_Zoomcamp_Capstone_Project/.venv/lib/python3.10/site-packages/airflow/example_dags/example_params_trigger_ui.py
[2025-04-05T10:05:19.088+0100] {processor.py:925} INFO - DAG(s) 'example_params_trigger_ui' retrieved from /home/Data_Professional/PycharmProjects/DE_Zoomcamp_Capstone_Project/.venv/lib/python3.10/site-packages/airflow/example_dags/example_params_trigger_ui.py
[2025-04-05T10:05:19.122+0100] {logging_mixin.py:190} INFO - [2025-04-05T10:05:19.121+0100] {dag.py:3239} INFO - Sync 1 DAGs
[2025-04-05T10:05:19.131+0100] {logging_mixin.py:190} INFO - [2025-04-05T10:05:19.131+0100] {dag.py:4180} INFO - Setting next_dagrun for example_params_trigger_ui to None, run_after=None
[2025-04-05T10:05:19.147+0100] {processor.py:208} INFO - Processing /home/Data_Professional/PycharmProjects/DE_Zoomcamp_Capstone_Project/.venv/lib/python3.10/site-packages/airflow/example_dags/example_params_trigger_ui.py took 0.075 seconds
[2025-04-05T10:06:21.037+0100] {processor.py:186} INFO - Started process (PID=13691) to work on /home/Data_Professional/PycharmProjects/DE_Zoomcamp_Capstone_Project/.venv/lib/python3.10/site-packages/airflow/example_dags/example_params_trigger_ui.py
[2025-04-05T10:06:21.038+0100] {processor.py:914} INFO - Processing file /home/Data_Professional/PycharmProjects/DE_Zoomcamp_Capstone_Project/.venv/lib/python3.10/site-packages/airflow/example_dags/example_params_trigger_ui.py for tasks to queue
[2025-04-05T10:06:21.039+0100] {logging_mixin.py:190} INFO - [2025-04-05T10:06:21.039+0100] {dagbag.py:588} INFO - Filling up the DagBag from /home/Data_Professional/PycharmProjects/DE_Zoomcamp_Capstone_Project/.venv/lib/python3.10/site-packages/airflow/example_dags/example_params_trigger_ui.py
[2025-04-05T10:06:21.050+0100] {processor.py:925} INFO - DAG(s) 'example_params_trigger_ui' retrieved from /home/Data_Professional/PycharmProjects/DE_Zoomcamp_Capstone_Project/.venv/lib/python3.10/site-packages/airflow/example_dags/example_params_trigger_ui.py
[2025-04-05T10:06:21.085+0100] {logging_mixin.py:190} INFO - [2025-04-05T10:06:21.085+0100] {dag.py:3239} INFO - Sync 1 DAGs
[2025-04-05T10:06:21.095+0100] {logging_mixin.py:190} INFO - [2025-04-05T10:06:21.095+0100] {dag.py:4180} INFO - Setting next_dagrun for example_params_trigger_ui to None, run_after=None
[2025-04-05T10:06:21.112+0100] {processor.py:208} INFO - Processing /home/Data_Professional/PycharmProjects/DE_Zoomcamp_Capstone_Project/.venv/lib/python3.10/site-packages/airflow/example_dags/example_params_trigger_ui.py took 0.082 seconds
[2025-04-05T10:07:22.888+0100] {processor.py:186} INFO - Started process (PID=13864) to work on /home/Data_Professional/PycharmProjects/DE_Zoomcamp_Capstone_Project/.venv/lib/python3.10/site-packages/airflow/example_dags/example_params_trigger_ui.py
[2025-04-05T10:07:22.891+0100] {processor.py:914} INFO - Processing file /home/Data_Professional/PycharmProjects/DE_Zoomcamp_Capstone_Project/.venv/lib/python3.10/site-packages/airflow/example_dags/example_params_trigger_ui.py for tasks to queue
[2025-04-05T10:07:22.893+0100] {logging_mixin.py:190} INFO - [2025-04-05T10:07:22.892+0100] {dagbag.py:588} INFO - Filling up the DagBag from /home/Data_Professional/PycharmProjects/DE_Zoomcamp_Capstone_Project/.venv/lib/python3.10/site-packages/airflow/example_dags/example_params_trigger_ui.py
[2025-04-05T10:07:22.909+0100] {processor.py:925} INFO - DAG(s) 'example_params_trigger_ui' retrieved from /home/Data_Professional/PycharmProjects/DE_Zoomcamp_Capstone_Project/.venv/lib/python3.10/site-packages/airflow/example_dags/example_params_trigger_ui.py
[2025-04-05T10:07:22.948+0100] {logging_mixin.py:190} INFO - [2025-04-05T10:07:22.948+0100] {dag.py:3239} INFO - Sync 1 DAGs
[2025-04-05T10:07:22.959+0100] {logging_mixin.py:190} INFO - [2025-04-05T10:07:22.958+0100] {dag.py:4180} INFO - Setting next_dagrun for example_params_trigger_ui to None, run_after=None
[2025-04-05T10:07:22.976+0100] {processor.py:208} INFO - Processing /home/Data_Professional/PycharmProjects/DE_Zoomcamp_Capstone_Project/.venv/lib/python3.10/site-packages/airflow/example_dags/example_params_trigger_ui.py took 0.096 seconds
[2025-04-05T10:08:28.342+0100] {processor.py:186} INFO - Started process (PID=14162) to work on /home/Data_Professional/PycharmProjects/DE_Zoomcamp_Capstone_Project/.venv/lib/python3.10/site-packages/airflow/example_dags/example_params_trigger_ui.py
[2025-04-05T10:08:28.345+0100] {processor.py:914} INFO - Processing file /home/Data_Professional/PycharmProjects/DE_Zoomcamp_Capstone_Project/.venv/lib/python3.10/site-packages/airflow/example_dags/example_params_trigger_ui.py for tasks to queue
[2025-04-05T10:08:28.346+0100] {logging_mixin.py:190} INFO - [2025-04-05T10:08:28.346+0100] {dagbag.py:588} INFO - Filling up the DagBag from /home/Data_Professional/PycharmProjects/DE_Zoomcamp_Capstone_Project/.venv/lib/python3.10/site-packages/airflow/example_dags/example_params_trigger_ui.py
[2025-04-05T10:08:28.363+0100] {processor.py:925} INFO - DAG(s) 'example_params_trigger_ui' retrieved from /home/Data_Professional/PycharmProjects/DE_Zoomcamp_Capstone_Project/.venv/lib/python3.10/site-packages/airflow/example_dags/example_params_trigger_ui.py
[2025-04-05T10:08:28.426+0100] {logging_mixin.py:190} INFO - [2025-04-05T10:08:28.426+0100] {dag.py:3239} INFO - Sync 1 DAGs
[2025-04-05T10:08:28.444+0100] {logging_mixin.py:190} INFO - [2025-04-05T10:08:28.444+0100] {dag.py:4180} INFO - Setting next_dagrun for example_params_trigger_ui to None, run_after=None
[2025-04-05T10:08:28.475+0100] {processor.py:208} INFO - Processing /home/Data_Professional/PycharmProjects/DE_Zoomcamp_Capstone_Project/.venv/lib/python3.10/site-packages/airflow/example_dags/example_params_trigger_ui.py took 0.141 seconds
[2025-04-05T10:09:40.744+0100] {processor.py:186} INFO - Started process (PID=14354) to work on /home/Data_Professional/PycharmProjects/DE_Zoomcamp_Capstone_Project/.venv/lib/python3.10/site-packages/airflow/example_dags/example_params_trigger_ui.py
[2025-04-05T10:09:40.748+0100] {processor.py:914} INFO - Processing file /home/Data_Professional/PycharmProjects/DE_Zoomcamp_Capstone_Project/.venv/lib/python3.10/site-packages/airflow/example_dags/example_params_trigger_ui.py for tasks to queue
[2025-04-05T10:09:40.751+0100] {logging_mixin.py:190} INFO - [2025-04-05T10:09:40.750+0100] {dagbag.py:588} INFO - Filling up the DagBag from /home/Data_Professional/PycharmProjects/DE_Zoomcamp_Capstone_Project/.venv/lib/python3.10/site-packages/airflow/example_dags/example_params_trigger_ui.py
[2025-04-05T10:09:40.769+0100] {processor.py:925} INFO - DAG(s) 'example_params_trigger_ui' retrieved from /home/Data_Professional/PycharmProjects/DE_Zoomcamp_Capstone_Project/.venv/lib/python3.10/site-packages/airflow/example_dags/example_params_trigger_ui.py
[2025-04-05T10:09:40.805+0100] {logging_mixin.py:190} INFO - [2025-04-05T10:09:40.804+0100] {dag.py:3239} INFO - Sync 1 DAGs
[2025-04-05T10:09:40.814+0100] {logging_mixin.py:190} INFO - [2025-04-05T10:09:40.814+0100] {dag.py:4180} INFO - Setting next_dagrun for example_params_trigger_ui to None, run_after=None
[2025-04-05T10:09:40.832+0100] {processor.py:208} INFO - Processing /home/Data_Professional/PycharmProjects/DE_Zoomcamp_Capstone_Project/.venv/lib/python3.10/site-packages/airflow/example_dags/example_params_trigger_ui.py took 0.102 seconds
[2025-04-05T10:10:37.775+0100] {processor.py:186} INFO - Started process (PID=14533) to work on /home/Data_Professional/PycharmProjects/DE_Zoomcamp_Capstone_Project/.venv/lib/python3.10/site-packages/airflow/example_dags/example_params_trigger_ui.py
[2025-04-05T10:10:37.778+0100] {processor.py:914} INFO - Processing file /home/Data_Professional/PycharmProjects/DE_Zoomcamp_Capstone_Project/.venv/lib/python3.10/site-packages/airflow/example_dags/example_params_trigger_ui.py for tasks to queue
[2025-04-05T10:10:37.783+0100] {logging_mixin.py:190} INFO - [2025-04-05T10:10:37.782+0100] {dagbag.py:588} INFO - Filling up the DagBag from /home/Data_Professional/PycharmProjects/DE_Zoomcamp_Capstone_Project/.venv/lib/python3.10/site-packages/airflow/example_dags/example_params_trigger_ui.py
[2025-04-05T10:10:37.803+0100] {processor.py:925} INFO - DAG(s) 'example_params_trigger_ui' retrieved from /home/Data_Professional/PycharmProjects/DE_Zoomcamp_Capstone_Project/.venv/lib/python3.10/site-packages/airflow/example_dags/example_params_trigger_ui.py
[2025-04-05T10:10:37.838+0100] {logging_mixin.py:190} INFO - [2025-04-05T10:10:37.838+0100] {dag.py:3239} INFO - Sync 1 DAGs
[2025-04-05T10:10:37.848+0100] {logging_mixin.py:190} INFO - [2025-04-05T10:10:37.847+0100] {dag.py:4180} INFO - Setting next_dagrun for example_params_trigger_ui to None, run_after=None
[2025-04-05T10:10:37.864+0100] {processor.py:208} INFO - Processing /home/Data_Professional/PycharmProjects/DE_Zoomcamp_Capstone_Project/.venv/lib/python3.10/site-packages/airflow/example_dags/example_params_trigger_ui.py took 0.096 seconds
[2025-04-05T10:11:41.861+0100] {processor.py:186} INFO - Started process (PID=14895) to work on /home/Data_Professional/PycharmProjects/DE_Zoomcamp_Capstone_Project/.venv/lib/python3.10/site-packages/airflow/example_dags/example_params_trigger_ui.py
[2025-04-05T10:11:41.864+0100] {processor.py:914} INFO - Processing file /home/Data_Professional/PycharmProjects/DE_Zoomcamp_Capstone_Project/.venv/lib/python3.10/site-packages/airflow/example_dags/example_params_trigger_ui.py for tasks to queue
[2025-04-05T10:11:41.866+0100] {logging_mixin.py:190} INFO - [2025-04-05T10:11:41.865+0100] {dagbag.py:588} INFO - Filling up the DagBag from /home/Data_Professional/PycharmProjects/DE_Zoomcamp_Capstone_Project/.venv/lib/python3.10/site-packages/airflow/example_dags/example_params_trigger_ui.py
[2025-04-05T10:11:41.876+0100] {processor.py:925} INFO - DAG(s) 'example_params_trigger_ui' retrieved from /home/Data_Professional/PycharmProjects/DE_Zoomcamp_Capstone_Project/.venv/lib/python3.10/site-packages/airflow/example_dags/example_params_trigger_ui.py
[2025-04-05T10:11:41.910+0100] {logging_mixin.py:190} INFO - [2025-04-05T10:11:41.910+0100] {dag.py:3239} INFO - Sync 1 DAGs
[2025-04-05T10:11:41.920+0100] {logging_mixin.py:190} INFO - [2025-04-05T10:11:41.920+0100] {dag.py:4180} INFO - Setting next_dagrun for example_params_trigger_ui to None, run_after=None
[2025-04-05T10:11:41.937+0100] {processor.py:208} INFO - Processing /home/Data_Professional/PycharmProjects/DE_Zoomcamp_Capstone_Project/.venv/lib/python3.10/site-packages/airflow/example_dags/example_params_trigger_ui.py took 0.083 seconds
[2025-04-05T10:12:49.876+0100] {processor.py:186} INFO - Started process (PID=15056) to work on /home/Data_Professional/PycharmProjects/DE_Zoomcamp_Capstone_Project/.venv/lib/python3.10/site-packages/airflow/example_dags/example_params_trigger_ui.py
[2025-04-05T10:12:49.879+0100] {processor.py:914} INFO - Processing file /home/Data_Professional/PycharmProjects/DE_Zoomcamp_Capstone_Project/.venv/lib/python3.10/site-packages/airflow/example_dags/example_params_trigger_ui.py for tasks to queue
[2025-04-05T10:12:49.882+0100] {logging_mixin.py:190} INFO - [2025-04-05T10:12:49.881+0100] {dagbag.py:588} INFO - Filling up the DagBag from /home/Data_Professional/PycharmProjects/DE_Zoomcamp_Capstone_Project/.venv/lib/python3.10/site-packages/airflow/example_dags/example_params_trigger_ui.py
[2025-04-05T10:12:49.901+0100] {processor.py:925} INFO - DAG(s) 'example_params_trigger_ui' retrieved from /home/Data_Professional/PycharmProjects/DE_Zoomcamp_Capstone_Project/.venv/lib/python3.10/site-packages/airflow/example_dags/example_params_trigger_ui.py
[2025-04-05T10:12:49.942+0100] {logging_mixin.py:190} INFO - [2025-04-05T10:12:49.942+0100] {dag.py:3239} INFO - Sync 1 DAGs
[2025-04-05T10:12:49.953+0100] {logging_mixin.py:190} INFO - [2025-04-05T10:12:49.953+0100] {dag.py:4180} INFO - Setting next_dagrun for example_params_trigger_ui to None, run_after=None
[2025-04-05T10:12:49.972+0100] {processor.py:208} INFO - Processing /home/Data_Professional/PycharmProjects/DE_Zoomcamp_Capstone_Project/.venv/lib/python3.10/site-packages/airflow/example_dags/example_params_trigger_ui.py took 0.111 seconds
[2025-04-05T10:13:46.712+0100] {processor.py:186} INFO - Started process (PID=15143) to work on /home/Data_Professional/PycharmProjects/DE_Zoomcamp_Capstone_Project/.venv/lib/python3.10/site-packages/airflow/example_dags/example_params_trigger_ui.py
[2025-04-05T10:13:46.715+0100] {processor.py:914} INFO - Processing file /home/Data_Professional/PycharmProjects/DE_Zoomcamp_Capstone_Project/.venv/lib/python3.10/site-packages/airflow/example_dags/example_params_trigger_ui.py for tasks to queue
[2025-04-05T10:13:46.716+0100] {logging_mixin.py:190} INFO - [2025-04-05T10:13:46.716+0100] {dagbag.py:588} INFO - Filling up the DagBag from /home/Data_Professional/PycharmProjects/DE_Zoomcamp_Capstone_Project/.venv/lib/python3.10/site-packages/airflow/example_dags/example_params_trigger_ui.py
[2025-04-05T10:13:46.727+0100] {processor.py:925} INFO - DAG(s) 'example_params_trigger_ui' retrieved from /home/Data_Professional/PycharmProjects/DE_Zoomcamp_Capstone_Project/.venv/lib/python3.10/site-packages/airflow/example_dags/example_params_trigger_ui.py
[2025-04-05T10:13:46.765+0100] {logging_mixin.py:190} INFO - [2025-04-05T10:13:46.764+0100] {dag.py:3239} INFO - Sync 1 DAGs
[2025-04-05T10:13:46.854+0100] {logging_mixin.py:190} INFO - [2025-04-05T10:13:46.854+0100] {dag.py:4180} INFO - Setting next_dagrun for example_params_trigger_ui to None, run_after=None
[2025-04-05T10:13:46.874+0100] {processor.py:208} INFO - Processing /home/Data_Professional/PycharmProjects/DE_Zoomcamp_Capstone_Project/.venv/lib/python3.10/site-packages/airflow/example_dags/example_params_trigger_ui.py took 0.167 seconds
[2025-04-05T12:23:41.403+0100] {processor.py:186} INFO - Started process (PID=15404) to work on /home/Data_Professional/PycharmProjects/DE_Zoomcamp_Capstone_Project/.venv/lib/python3.10/site-packages/airflow/example_dags/example_params_trigger_ui.py
[2025-04-05T12:23:41.405+0100] {processor.py:914} INFO - Processing file /home/Data_Professional/PycharmProjects/DE_Zoomcamp_Capstone_Project/.venv/lib/python3.10/site-packages/airflow/example_dags/example_params_trigger_ui.py for tasks to queue
[2025-04-05T12:23:41.406+0100] {logging_mixin.py:190} INFO - [2025-04-05T12:23:41.406+0100] {dagbag.py:588} INFO - Filling up the DagBag from /home/Data_Professional/PycharmProjects/DE_Zoomcamp_Capstone_Project/.venv/lib/python3.10/site-packages/airflow/example_dags/example_params_trigger_ui.py
[2025-04-05T12:23:41.424+0100] {processor.py:925} INFO - DAG(s) 'example_params_trigger_ui' retrieved from /home/Data_Professional/PycharmProjects/DE_Zoomcamp_Capstone_Project/.venv/lib/python3.10/site-packages/airflow/example_dags/example_params_trigger_ui.py
[2025-04-05T12:23:41.461+0100] {logging_mixin.py:190} INFO - [2025-04-05T12:23:41.461+0100] {dag.py:3239} INFO - Sync 1 DAGs
[2025-04-05T12:23:41.472+0100] {logging_mixin.py:190} INFO - [2025-04-05T12:23:41.471+0100] {dag.py:4180} INFO - Setting next_dagrun for example_params_trigger_ui to None, run_after=None
[2025-04-05T12:23:41.569+0100] {processor.py:208} INFO - Processing /home/Data_Professional/PycharmProjects/DE_Zoomcamp_Capstone_Project/.venv/lib/python3.10/site-packages/airflow/example_dags/example_params_trigger_ui.py took 0.175 seconds
