[2025-04-05T09:52:19.663+0100] {processor.py:186} INFO - Started process (PID=11639) to work on /home/Data_Professional/PycharmProjects/DE_Zoomcamp_Capstone_Project/.venv/lib/python3.10/site-packages/airflow/example_dags/example_sla_dag.py
[2025-04-05T09:52:19.663+0100] {processor.py:914} INFO - Processing file /home/Data_Professional/PycharmProjects/DE_Zoomcamp_Capstone_Project/.venv/lib/python3.10/site-packages/airflow/example_dags/example_sla_dag.py for tasks to queue
[2025-04-05T09:52:19.665+0100] {logging_mixin.py:190} INFO - [2025-04-05T09:52:19.665+0100] {dagbag.py:588} INFO - Filling up the DagBag from /home/Data_Professional/PycharmProjects/DE_Zoomcamp_Capstone_Project/.venv/lib/python3.10/site-packages/airflow/example_dags/example_sla_dag.py
[2025-04-05T09:52:19.675+0100] {processor.py:925} INFO - DAG(s) 'example_sla_dag' retrieved from /home/Data_Professional/PycharmProjects/DE_Zoomcamp_Capstone_Project/.venv/lib/python3.10/site-packages/airflow/example_dags/example_sla_dag.py
[2025-04-05T09:52:19.758+0100] {logging_mixin.py:190} INFO - [2025-04-05T09:52:19.757+0100] {override.py:1912} INFO - Created Permission View: can read on DAG:example_sla_dag
[2025-04-05T09:52:19.769+0100] {logging_mixin.py:190} INFO - [2025-04-05T09:52:19.769+0100] {override.py:1912} INFO - Created Permission View: can edit on DAG:example_sla_dag
[2025-04-05T09:52:19.776+0100] {logging_mixin.py:190} INFO - [2025-04-05T09:52:19.776+0100] {override.py:1912} INFO - Created Permission View: can delete on DAG:example_sla_dag
[2025-04-05T09:52:19.786+0100] {logging_mixin.py:190} INFO - [2025-04-05T09:52:19.786+0100] {override.py:1912} INFO - Created Permission View: can read on DAG Run:example_sla_dag
[2025-04-05T09:52:19.793+0100] {logging_mixin.py:190} INFO - [2025-04-05T09:52:19.792+0100] {override.py:1912} INFO - Created Permission View: menu access on DAG Run:example_sla_dag
[2025-04-05T09:52:19.799+0100] {logging_mixin.py:190} INFO - [2025-04-05T09:52:19.799+0100] {override.py:1912} INFO - Created Permission View: can create on DAG Run:example_sla_dag
[2025-04-05T09:52:19.806+0100] {logging_mixin.py:190} INFO - [2025-04-05T09:52:19.806+0100] {override.py:1912} INFO - Created Permission View: can delete on DAG Run:example_sla_dag
[2025-04-05T09:52:19.807+0100] {logging_mixin.py:190} INFO - [2025-04-05T09:52:19.806+0100] {dag.py:3239} INFO - Sync 1 DAGs
[2025-04-05T09:52:19.816+0100] {logging_mixin.py:190} INFO - [2025-04-05T09:52:19.815+0100] {dag.py:3262} INFO - Creating ORM DAG for example_sla_dag
[2025-04-05T09:52:19.825+0100] {logging_mixin.py:190} INFO - [2025-04-05T09:52:19.825+0100] {dag.py:4180} INFO - Setting next_dagrun for example_sla_dag to 2025-04-05 08:50:00+00:00, run_after=2025-04-05 08:52:00+00:00
[2025-04-05T09:52:19.839+0100] {processor.py:208} INFO - Processing /home/Data_Professional/PycharmProjects/DE_Zoomcamp_Capstone_Project/.venv/lib/python3.10/site-packages/airflow/example_dags/example_sla_dag.py took 0.182 seconds
[2025-04-05T09:55:13.796+0100] {processor.py:186} INFO - Started process (PID=11813) to work on /home/Data_Professional/PycharmProjects/DE_Zoomcamp_Capstone_Project/.venv/lib/python3.10/site-packages/airflow/example_dags/example_sla_dag.py
[2025-04-05T09:55:13.800+0100] {processor.py:914} INFO - Processing file /home/Data_Professional/PycharmProjects/DE_Zoomcamp_Capstone_Project/.venv/lib/python3.10/site-packages/airflow/example_dags/example_sla_dag.py for tasks to queue
[2025-04-05T09:55:13.804+0100] {logging_mixin.py:190} INFO - [2025-04-05T09:55:13.804+0100] {dagbag.py:588} INFO - Filling up the DagBag from /home/Data_Professional/PycharmProjects/DE_Zoomcamp_Capstone_Project/.venv/lib/python3.10/site-packages/airflow/example_dags/example_sla_dag.py
[2025-04-05T09:55:13.828+0100] {processor.py:925} INFO - DAG(s) 'example_sla_dag' retrieved from /home/Data_Professional/PycharmProjects/DE_Zoomcamp_Capstone_Project/.venv/lib/python3.10/site-packages/airflow/example_dags/example_sla_dag.py
[2025-04-05T09:55:13.845+0100] {logging_mixin.py:190} INFO - [2025-04-05T09:55:13.845+0100] {dag.py:3239} INFO - Sync 1 DAGs
[2025-04-05T09:55:13.867+0100] {logging_mixin.py:190} INFO - [2025-04-05T09:55:13.867+0100] {dag.py:4180} INFO - Setting next_dagrun for example_sla_dag to 2025-04-05 08:52:00+00:00, run_after=2025-04-05 08:54:00+00:00
[2025-04-05T09:55:13.886+0100] {processor.py:208} INFO - Processing /home/Data_Professional/PycharmProjects/DE_Zoomcamp_Capstone_Project/.venv/lib/python3.10/site-packages/airflow/example_dags/example_sla_dag.py took 0.101 seconds
[2025-04-05T09:56:19.790+0100] {processor.py:186} INFO - Started process (PID=12143) to work on /home/Data_Professional/PycharmProjects/DE_Zoomcamp_Capstone_Project/.venv/lib/python3.10/site-packages/airflow/example_dags/example_sla_dag.py
[2025-04-05T09:56:19.792+0100] {processor.py:914} INFO - Processing file /home/Data_Professional/PycharmProjects/DE_Zoomcamp_Capstone_Project/.venv/lib/python3.10/site-packages/airflow/example_dags/example_sla_dag.py for tasks to queue
[2025-04-05T09:56:19.795+0100] {logging_mixin.py:190} INFO - [2025-04-05T09:56:19.794+0100] {dagbag.py:588} INFO - Filling up the DagBag from /home/Data_Professional/PycharmProjects/DE_Zoomcamp_Capstone_Project/.venv/lib/python3.10/site-packages/airflow/example_dags/example_sla_dag.py
[2025-04-05T09:56:19.806+0100] {processor.py:925} INFO - DAG(s) 'example_sla_dag' retrieved from /home/Data_Professional/PycharmProjects/DE_Zoomcamp_Capstone_Project/.venv/lib/python3.10/site-packages/airflow/example_dags/example_sla_dag.py
[2025-04-05T09:56:19.819+0100] {logging_mixin.py:190} INFO - [2025-04-05T09:56:19.818+0100] {dag.py:3239} INFO - Sync 1 DAGs
[2025-04-05T09:56:19.837+0100] {logging_mixin.py:190} INFO - [2025-04-05T09:56:19.837+0100] {dag.py:4180} INFO - Setting next_dagrun for example_sla_dag to 2025-04-05 08:54:00+00:00, run_after=2025-04-05 08:56:00+00:00
[2025-04-05T09:56:19.853+0100] {processor.py:208} INFO - Processing /home/Data_Professional/PycharmProjects/DE_Zoomcamp_Capstone_Project/.venv/lib/python3.10/site-packages/airflow/example_dags/example_sla_dag.py took 0.070 seconds
[2025-04-05T09:57:15.697+0100] {processor.py:186} INFO - Started process (PID=12273) to work on /home/Data_Professional/PycharmProjects/DE_Zoomcamp_Capstone_Project/.venv/lib/python3.10/site-packages/airflow/example_dags/example_sla_dag.py
[2025-04-05T09:57:15.698+0100] {processor.py:914} INFO - Processing file /home/Data_Professional/PycharmProjects/DE_Zoomcamp_Capstone_Project/.venv/lib/python3.10/site-packages/airflow/example_dags/example_sla_dag.py for tasks to queue
[2025-04-05T09:57:15.700+0100] {logging_mixin.py:190} INFO - [2025-04-05T09:57:15.699+0100] {dagbag.py:588} INFO - Filling up the DagBag from /home/Data_Professional/PycharmProjects/DE_Zoomcamp_Capstone_Project/.venv/lib/python3.10/site-packages/airflow/example_dags/example_sla_dag.py
[2025-04-05T09:57:15.709+0100] {processor.py:925} INFO - DAG(s) 'example_sla_dag' retrieved from /home/Data_Professional/PycharmProjects/DE_Zoomcamp_Capstone_Project/.venv/lib/python3.10/site-packages/airflow/example_dags/example_sla_dag.py
[2025-04-05T09:57:15.721+0100] {logging_mixin.py:190} INFO - [2025-04-05T09:57:15.721+0100] {dag.py:3239} INFO - Sync 1 DAGs
[2025-04-05T09:57:15.740+0100] {logging_mixin.py:190} INFO - [2025-04-05T09:57:15.740+0100] {dag.py:4180} INFO - Setting next_dagrun for example_sla_dag to 2025-04-05 08:54:00+00:00, run_after=2025-04-05 08:56:00+00:00
[2025-04-05T09:57:15.755+0100] {processor.py:208} INFO - Processing /home/Data_Professional/PycharmProjects/DE_Zoomcamp_Capstone_Project/.venv/lib/python3.10/site-packages/airflow/example_dags/example_sla_dag.py took 0.064 seconds
[2025-04-05T09:58:10.843+0100] {processor.py:186} INFO - Started process (PID=12338) to work on /home/Data_Professional/PycharmProjects/DE_Zoomcamp_Capstone_Project/.venv/lib/python3.10/site-packages/airflow/example_dags/example_sla_dag.py
[2025-04-05T09:58:10.845+0100] {processor.py:914} INFO - Processing file /home/Data_Professional/PycharmProjects/DE_Zoomcamp_Capstone_Project/.venv/lib/python3.10/site-packages/airflow/example_dags/example_sla_dag.py for tasks to queue
[2025-04-05T09:58:10.849+0100] {logging_mixin.py:190} INFO - [2025-04-05T09:58:10.849+0100] {dagbag.py:588} INFO - Filling up the DagBag from /home/Data_Professional/PycharmProjects/DE_Zoomcamp_Capstone_Project/.venv/lib/python3.10/site-packages/airflow/example_dags/example_sla_dag.py
[2025-04-05T09:58:10.870+0100] {processor.py:925} INFO - DAG(s) 'example_sla_dag' retrieved from /home/Data_Professional/PycharmProjects/DE_Zoomcamp_Capstone_Project/.venv/lib/python3.10/site-packages/airflow/example_dags/example_sla_dag.py
[2025-04-05T09:58:10.885+0100] {logging_mixin.py:190} INFO - [2025-04-05T09:58:10.885+0100] {dag.py:3239} INFO - Sync 1 DAGs
[2025-04-05T09:58:10.904+0100] {logging_mixin.py:190} INFO - [2025-04-05T09:58:10.904+0100] {dag.py:4180} INFO - Setting next_dagrun for example_sla_dag to 2025-04-05 08:56:00+00:00, run_after=2025-04-05 08:58:00+00:00
[2025-04-05T09:58:10.919+0100] {processor.py:208} INFO - Processing /home/Data_Professional/PycharmProjects/DE_Zoomcamp_Capstone_Project/.venv/lib/python3.10/site-packages/airflow/example_dags/example_sla_dag.py took 0.081 seconds
[2025-04-05T09:59:05.533+0100] {processor.py:186} INFO - Started process (PID=12402) to work on /home/Data_Professional/PycharmProjects/DE_Zoomcamp_Capstone_Project/.venv/lib/python3.10/site-packages/airflow/example_dags/example_sla_dag.py
[2025-04-05T09:59:05.536+0100] {processor.py:914} INFO - Processing file /home/Data_Professional/PycharmProjects/DE_Zoomcamp_Capstone_Project/.venv/lib/python3.10/site-packages/airflow/example_dags/example_sla_dag.py for tasks to queue
[2025-04-05T09:59:05.540+0100] {logging_mixin.py:190} INFO - [2025-04-05T09:59:05.539+0100] {dagbag.py:588} INFO - Filling up the DagBag from /home/Data_Professional/PycharmProjects/DE_Zoomcamp_Capstone_Project/.venv/lib/python3.10/site-packages/airflow/example_dags/example_sla_dag.py
[2025-04-05T09:59:05.562+0100] {processor.py:925} INFO - DAG(s) 'example_sla_dag' retrieved from /home/Data_Professional/PycharmProjects/DE_Zoomcamp_Capstone_Project/.venv/lib/python3.10/site-packages/airflow/example_dags/example_sla_dag.py
[2025-04-05T09:59:05.579+0100] {logging_mixin.py:190} INFO - [2025-04-05T09:59:05.578+0100] {dag.py:3239} INFO - Sync 1 DAGs
[2025-04-05T09:59:05.597+0100] {logging_mixin.py:190} INFO - [2025-04-05T09:59:05.597+0100] {dag.py:4180} INFO - Setting next_dagrun for example_sla_dag to 2025-04-05 08:56:00+00:00, run_after=2025-04-05 08:58:00+00:00
[2025-04-05T09:59:05.613+0100] {processor.py:208} INFO - Processing /home/Data_Professional/PycharmProjects/DE_Zoomcamp_Capstone_Project/.venv/lib/python3.10/site-packages/airflow/example_dags/example_sla_dag.py took 0.085 seconds
[2025-04-05T10:00:03.616+0100] {processor.py:186} INFO - Started process (PID=12592) to work on /home/Data_Professional/PycharmProjects/DE_Zoomcamp_Capstone_Project/.venv/lib/python3.10/site-packages/airflow/example_dags/example_sla_dag.py
[2025-04-05T10:00:03.619+0100] {processor.py:914} INFO - Processing file /home/Data_Professional/PycharmProjects/DE_Zoomcamp_Capstone_Project/.venv/lib/python3.10/site-packages/airflow/example_dags/example_sla_dag.py for tasks to queue
[2025-04-05T10:00:03.621+0100] {logging_mixin.py:190} INFO - [2025-04-05T10:00:03.620+0100] {dagbag.py:588} INFO - Filling up the DagBag from /home/Data_Professional/PycharmProjects/DE_Zoomcamp_Capstone_Project/.venv/lib/python3.10/site-packages/airflow/example_dags/example_sla_dag.py
[2025-04-05T10:00:03.630+0100] {processor.py:925} INFO - DAG(s) 'example_sla_dag' retrieved from /home/Data_Professional/PycharmProjects/DE_Zoomcamp_Capstone_Project/.venv/lib/python3.10/site-packages/airflow/example_dags/example_sla_dag.py
[2025-04-05T10:00:03.643+0100] {logging_mixin.py:190} INFO - [2025-04-05T10:00:03.642+0100] {dag.py:3239} INFO - Sync 1 DAGs
[2025-04-05T10:00:03.666+0100] {logging_mixin.py:190} INFO - [2025-04-05T10:00:03.665+0100] {dag.py:4180} INFO - Setting next_dagrun for example_sla_dag to 2025-04-05 08:58:00+00:00, run_after=2025-04-05 09:00:00+00:00
[2025-04-05T10:00:03.694+0100] {processor.py:208} INFO - Processing /home/Data_Professional/PycharmProjects/DE_Zoomcamp_Capstone_Project/.venv/lib/python3.10/site-packages/airflow/example_dags/example_sla_dag.py took 0.086 seconds
[2025-04-05T10:01:01.089+0100] {processor.py:186} INFO - Started process (PID=12846) to work on /home/Data_Professional/PycharmProjects/DE_Zoomcamp_Capstone_Project/.venv/lib/python3.10/site-packages/airflow/example_dags/example_sla_dag.py
[2025-04-05T10:01:01.090+0100] {processor.py:914} INFO - Processing file /home/Data_Professional/PycharmProjects/DE_Zoomcamp_Capstone_Project/.venv/lib/python3.10/site-packages/airflow/example_dags/example_sla_dag.py for tasks to queue
[2025-04-05T10:01:01.095+0100] {logging_mixin.py:190} INFO - [2025-04-05T10:01:01.094+0100] {dagbag.py:588} INFO - Filling up the DagBag from /home/Data_Professional/PycharmProjects/DE_Zoomcamp_Capstone_Project/.venv/lib/python3.10/site-packages/airflow/example_dags/example_sla_dag.py
[2025-04-05T10:01:01.109+0100] {processor.py:925} INFO - DAG(s) 'example_sla_dag' retrieved from /home/Data_Professional/PycharmProjects/DE_Zoomcamp_Capstone_Project/.venv/lib/python3.10/site-packages/airflow/example_dags/example_sla_dag.py
[2025-04-05T10:01:01.122+0100] {logging_mixin.py:190} INFO - [2025-04-05T10:01:01.122+0100] {dag.py:3239} INFO - Sync 1 DAGs
[2025-04-05T10:01:01.141+0100] {logging_mixin.py:190} INFO - [2025-04-05T10:01:01.141+0100] {dag.py:4180} INFO - Setting next_dagrun for example_sla_dag to 2025-04-05 08:58:00+00:00, run_after=2025-04-05 09:00:00+00:00
[2025-04-05T10:01:01.158+0100] {processor.py:208} INFO - Processing /home/Data_Professional/PycharmProjects/DE_Zoomcamp_Capstone_Project/.venv/lib/python3.10/site-packages/airflow/example_dags/example_sla_dag.py took 0.080 seconds
[2025-04-05T10:01:59.438+0100] {processor.py:186} INFO - Started process (PID=12953) to work on /home/Data_Professional/PycharmProjects/DE_Zoomcamp_Capstone_Project/.venv/lib/python3.10/site-packages/airflow/example_dags/example_sla_dag.py
[2025-04-05T10:01:59.441+0100] {processor.py:914} INFO - Processing file /home/Data_Professional/PycharmProjects/DE_Zoomcamp_Capstone_Project/.venv/lib/python3.10/site-packages/airflow/example_dags/example_sla_dag.py for tasks to queue
[2025-04-05T10:01:59.446+0100] {logging_mixin.py:190} INFO - [2025-04-05T10:01:59.446+0100] {dagbag.py:588} INFO - Filling up the DagBag from /home/Data_Professional/PycharmProjects/DE_Zoomcamp_Capstone_Project/.venv/lib/python3.10/site-packages/airflow/example_dags/example_sla_dag.py
[2025-04-05T10:01:59.462+0100] {processor.py:925} INFO - DAG(s) 'example_sla_dag' retrieved from /home/Data_Professional/PycharmProjects/DE_Zoomcamp_Capstone_Project/.venv/lib/python3.10/site-packages/airflow/example_dags/example_sla_dag.py
[2025-04-05T10:01:59.479+0100] {logging_mixin.py:190} INFO - [2025-04-05T10:01:59.479+0100] {dag.py:3239} INFO - Sync 1 DAGs
[2025-04-05T10:01:59.498+0100] {logging_mixin.py:190} INFO - [2025-04-05T10:01:59.498+0100] {dag.py:4180} INFO - Setting next_dagrun for example_sla_dag to 2025-04-05 08:58:00+00:00, run_after=2025-04-05 09:00:00+00:00
[2025-04-05T10:01:59.516+0100] {processor.py:208} INFO - Processing /home/Data_Professional/PycharmProjects/DE_Zoomcamp_Capstone_Project/.venv/lib/python3.10/site-packages/airflow/example_dags/example_sla_dag.py took 0.091 seconds
[2025-04-05T10:02:58.044+0100] {processor.py:186} INFO - Started process (PID=13098) to work on /home/Data_Professional/PycharmProjects/DE_Zoomcamp_Capstone_Project/.venv/lib/python3.10/site-packages/airflow/example_dags/example_sla_dag.py
[2025-04-05T10:02:58.047+0100] {processor.py:914} INFO - Processing file /home/Data_Professional/PycharmProjects/DE_Zoomcamp_Capstone_Project/.venv/lib/python3.10/site-packages/airflow/example_dags/example_sla_dag.py for tasks to queue
[2025-04-05T10:02:58.049+0100] {logging_mixin.py:190} INFO - [2025-04-05T10:02:58.049+0100] {dagbag.py:588} INFO - Filling up the DagBag from /home/Data_Professional/PycharmProjects/DE_Zoomcamp_Capstone_Project/.venv/lib/python3.10/site-packages/airflow/example_dags/example_sla_dag.py
[2025-04-05T10:02:58.060+0100] {processor.py:925} INFO - DAG(s) 'example_sla_dag' retrieved from /home/Data_Professional/PycharmProjects/DE_Zoomcamp_Capstone_Project/.venv/lib/python3.10/site-packages/airflow/example_dags/example_sla_dag.py
[2025-04-05T10:02:58.073+0100] {logging_mixin.py:190} INFO - [2025-04-05T10:02:58.073+0100] {dag.py:3239} INFO - Sync 1 DAGs
[2025-04-05T10:02:58.094+0100] {logging_mixin.py:190} INFO - [2025-04-05T10:02:58.094+0100] {dag.py:4180} INFO - Setting next_dagrun for example_sla_dag to 2025-04-05 09:00:00+00:00, run_after=2025-04-05 09:02:00+00:00
[2025-04-05T10:02:58.112+0100] {processor.py:208} INFO - Processing /home/Data_Professional/PycharmProjects/DE_Zoomcamp_Capstone_Project/.venv/lib/python3.10/site-packages/airflow/example_dags/example_sla_dag.py took 0.073 seconds
[2025-04-05T10:03:57.385+0100] {processor.py:186} INFO - Started process (PID=13172) to work on /home/Data_Professional/PycharmProjects/DE_Zoomcamp_Capstone_Project/.venv/lib/python3.10/site-packages/airflow/example_dags/example_sla_dag.py
[2025-04-05T10:03:57.387+0100] {processor.py:914} INFO - Processing file /home/Data_Professional/PycharmProjects/DE_Zoomcamp_Capstone_Project/.venv/lib/python3.10/site-packages/airflow/example_dags/example_sla_dag.py for tasks to queue
[2025-04-05T10:03:57.389+0100] {logging_mixin.py:190} INFO - [2025-04-05T10:03:57.388+0100] {dagbag.py:588} INFO - Filling up the DagBag from /home/Data_Professional/PycharmProjects/DE_Zoomcamp_Capstone_Project/.venv/lib/python3.10/site-packages/airflow/example_dags/example_sla_dag.py
[2025-04-05T10:03:57.396+0100] {processor.py:925} INFO - DAG(s) 'example_sla_dag' retrieved from /home/Data_Professional/PycharmProjects/DE_Zoomcamp_Capstone_Project/.venv/lib/python3.10/site-packages/airflow/example_dags/example_sla_dag.py
[2025-04-05T10:03:57.408+0100] {logging_mixin.py:190} INFO - [2025-04-05T10:03:57.408+0100] {dag.py:3239} INFO - Sync 1 DAGs
[2025-04-05T10:03:57.426+0100] {logging_mixin.py:190} INFO - [2025-04-05T10:03:57.426+0100] {dag.py:4180} INFO - Setting next_dagrun for example_sla_dag to 2025-04-05 09:00:00+00:00, run_after=2025-04-05 09:02:00+00:00
[2025-04-05T10:03:57.442+0100] {processor.py:208} INFO - Processing /home/Data_Professional/PycharmProjects/DE_Zoomcamp_Capstone_Project/.venv/lib/python3.10/site-packages/airflow/example_dags/example_sla_dag.py took 0.062 seconds
[2025-04-05T10:04:57.072+0100] {processor.py:186} INFO - Started process (PID=13430) to work on /home/Data_Professional/PycharmProjects/DE_Zoomcamp_Capstone_Project/.venv/lib/python3.10/site-packages/airflow/example_dags/example_sla_dag.py
[2025-04-05T10:04:57.075+0100] {processor.py:914} INFO - Processing file /home/Data_Professional/PycharmProjects/DE_Zoomcamp_Capstone_Project/.venv/lib/python3.10/site-packages/airflow/example_dags/example_sla_dag.py for tasks to queue
[2025-04-05T10:04:57.080+0100] {logging_mixin.py:190} INFO - [2025-04-05T10:04:57.079+0100] {dagbag.py:588} INFO - Filling up the DagBag from /home/Data_Professional/PycharmProjects/DE_Zoomcamp_Capstone_Project/.venv/lib/python3.10/site-packages/airflow/example_dags/example_sla_dag.py
[2025-04-05T10:04:57.102+0100] {processor.py:925} INFO - DAG(s) 'example_sla_dag' retrieved from /home/Data_Professional/PycharmProjects/DE_Zoomcamp_Capstone_Project/.venv/lib/python3.10/site-packages/airflow/example_dags/example_sla_dag.py
[2025-04-05T10:04:57.117+0100] {logging_mixin.py:190} INFO - [2025-04-05T10:04:57.116+0100] {dag.py:3239} INFO - Sync 1 DAGs
[2025-04-05T10:04:57.135+0100] {logging_mixin.py:190} INFO - [2025-04-05T10:04:57.135+0100] {dag.py:4180} INFO - Setting next_dagrun for example_sla_dag to 2025-04-05 09:02:00+00:00, run_after=2025-04-05 09:04:00+00:00
[2025-04-05T10:04:57.150+0100] {processor.py:208} INFO - Processing /home/Data_Professional/PycharmProjects/DE_Zoomcamp_Capstone_Project/.venv/lib/python3.10/site-packages/airflow/example_dags/example_sla_dag.py took 0.083 seconds
[2025-04-05T10:05:59.559+0100] {processor.py:186} INFO - Started process (PID=13617) to work on /home/Data_Professional/PycharmProjects/DE_Zoomcamp_Capstone_Project/.venv/lib/python3.10/site-packages/airflow/example_dags/example_sla_dag.py
[2025-04-05T10:05:59.564+0100] {processor.py:914} INFO - Processing file /home/Data_Professional/PycharmProjects/DE_Zoomcamp_Capstone_Project/.venv/lib/python3.10/site-packages/airflow/example_dags/example_sla_dag.py for tasks to queue
[2025-04-05T10:05:59.569+0100] {logging_mixin.py:190} INFO - [2025-04-05T10:05:59.568+0100] {dagbag.py:588} INFO - Filling up the DagBag from /home/Data_Professional/PycharmProjects/DE_Zoomcamp_Capstone_Project/.venv/lib/python3.10/site-packages/airflow/example_dags/example_sla_dag.py
[2025-04-05T10:05:59.593+0100] {processor.py:925} INFO - DAG(s) 'example_sla_dag' retrieved from /home/Data_Professional/PycharmProjects/DE_Zoomcamp_Capstone_Project/.venv/lib/python3.10/site-packages/airflow/example_dags/example_sla_dag.py
[2025-04-05T10:05:59.622+0100] {logging_mixin.py:190} INFO - [2025-04-05T10:05:59.621+0100] {dag.py:3239} INFO - Sync 1 DAGs
[2025-04-05T10:05:59.647+0100] {logging_mixin.py:190} INFO - [2025-04-05T10:05:59.647+0100] {dag.py:4180} INFO - Setting next_dagrun for example_sla_dag to 2025-04-05 09:02:00+00:00, run_after=2025-04-05 09:04:00+00:00
[2025-04-05T10:05:59.665+0100] {processor.py:208} INFO - Processing /home/Data_Professional/PycharmProjects/DE_Zoomcamp_Capstone_Project/.venv/lib/python3.10/site-packages/airflow/example_dags/example_sla_dag.py took 0.129 seconds
[2025-04-05T10:07:00.882+0100] {processor.py:186} INFO - Started process (PID=13821) to work on /home/Data_Professional/PycharmProjects/DE_Zoomcamp_Capstone_Project/.venv/lib/python3.10/site-packages/airflow/example_dags/example_sla_dag.py
[2025-04-05T10:07:00.884+0100] {processor.py:914} INFO - Processing file /home/Data_Professional/PycharmProjects/DE_Zoomcamp_Capstone_Project/.venv/lib/python3.10/site-packages/airflow/example_dags/example_sla_dag.py for tasks to queue
[2025-04-05T10:07:00.887+0100] {logging_mixin.py:190} INFO - [2025-04-05T10:07:00.886+0100] {dagbag.py:588} INFO - Filling up the DagBag from /home/Data_Professional/PycharmProjects/DE_Zoomcamp_Capstone_Project/.venv/lib/python3.10/site-packages/airflow/example_dags/example_sla_dag.py
[2025-04-05T10:07:00.901+0100] {processor.py:925} INFO - DAG(s) 'example_sla_dag' retrieved from /home/Data_Professional/PycharmProjects/DE_Zoomcamp_Capstone_Project/.venv/lib/python3.10/site-packages/airflow/example_dags/example_sla_dag.py
[2025-04-05T10:07:00.915+0100] {logging_mixin.py:190} INFO - [2025-04-05T10:07:00.915+0100] {dag.py:3239} INFO - Sync 1 DAGs
[2025-04-05T10:07:00.934+0100] {logging_mixin.py:190} INFO - [2025-04-05T10:07:00.934+0100] {dag.py:4180} INFO - Setting next_dagrun for example_sla_dag to 2025-04-05 09:04:00+00:00, run_after=2025-04-05 09:06:00+00:00
[2025-04-05T10:07:00.951+0100] {processor.py:208} INFO - Processing /home/Data_Professional/PycharmProjects/DE_Zoomcamp_Capstone_Project/.venv/lib/python3.10/site-packages/airflow/example_dags/example_sla_dag.py took 0.078 seconds
[2025-04-05T10:08:03.512+0100] {processor.py:186} INFO - Started process (PID=14042) to work on /home/Data_Professional/PycharmProjects/DE_Zoomcamp_Capstone_Project/.venv/lib/python3.10/site-packages/airflow/example_dags/example_sla_dag.py
[2025-04-05T10:08:03.521+0100] {processor.py:914} INFO - Processing file /home/Data_Professional/PycharmProjects/DE_Zoomcamp_Capstone_Project/.venv/lib/python3.10/site-packages/airflow/example_dags/example_sla_dag.py for tasks to queue
[2025-04-05T10:08:03.527+0100] {logging_mixin.py:190} INFO - [2025-04-05T10:08:03.522+0100] {dagbag.py:588} INFO - Filling up the DagBag from /home/Data_Professional/PycharmProjects/DE_Zoomcamp_Capstone_Project/.venv/lib/python3.10/site-packages/airflow/example_dags/example_sla_dag.py
[2025-04-05T10:08:03.547+0100] {processor.py:925} INFO - DAG(s) 'example_sla_dag' retrieved from /home/Data_Professional/PycharmProjects/DE_Zoomcamp_Capstone_Project/.venv/lib/python3.10/site-packages/airflow/example_dags/example_sla_dag.py
[2025-04-05T10:08:03.573+0100] {logging_mixin.py:190} INFO - [2025-04-05T10:08:03.573+0100] {dag.py:3239} INFO - Sync 1 DAGs
[2025-04-05T10:08:03.619+0100] {logging_mixin.py:190} INFO - [2025-04-05T10:08:03.618+0100] {dag.py:4180} INFO - Setting next_dagrun for example_sla_dag to 2025-04-05 09:06:00+00:00, run_after=2025-04-05 09:08:00+00:00
[2025-04-05T10:08:03.648+0100] {processor.py:208} INFO - Processing /home/Data_Professional/PycharmProjects/DE_Zoomcamp_Capstone_Project/.venv/lib/python3.10/site-packages/airflow/example_dags/example_sla_dag.py took 0.160 seconds
[2025-04-05T10:09:14.543+0100] {processor.py:186} INFO - Started process (PID=14308) to work on /home/Data_Professional/PycharmProjects/DE_Zoomcamp_Capstone_Project/.venv/lib/python3.10/site-packages/airflow/example_dags/example_sla_dag.py
[2025-04-05T10:09:14.547+0100] {processor.py:914} INFO - Processing file /home/Data_Professional/PycharmProjects/DE_Zoomcamp_Capstone_Project/.venv/lib/python3.10/site-packages/airflow/example_dags/example_sla_dag.py for tasks to queue
[2025-04-05T10:09:14.550+0100] {logging_mixin.py:190} INFO - [2025-04-05T10:09:14.549+0100] {dagbag.py:588} INFO - Filling up the DagBag from /home/Data_Professional/PycharmProjects/DE_Zoomcamp_Capstone_Project/.venv/lib/python3.10/site-packages/airflow/example_dags/example_sla_dag.py
[2025-04-05T10:09:14.572+0100] {processor.py:925} INFO - DAG(s) 'example_sla_dag' retrieved from /home/Data_Professional/PycharmProjects/DE_Zoomcamp_Capstone_Project/.venv/lib/python3.10/site-packages/airflow/example_dags/example_sla_dag.py
[2025-04-05T10:09:14.586+0100] {logging_mixin.py:190} INFO - [2025-04-05T10:09:14.586+0100] {dag.py:3239} INFO - Sync 1 DAGs
[2025-04-05T10:09:14.605+0100] {logging_mixin.py:190} INFO - [2025-04-05T10:09:14.605+0100] {dag.py:4180} INFO - Setting next_dagrun for example_sla_dag to 2025-04-05 09:06:00+00:00, run_after=2025-04-05 09:08:00+00:00
[2025-04-05T10:09:14.622+0100] {processor.py:208} INFO - Processing /home/Data_Professional/PycharmProjects/DE_Zoomcamp_Capstone_Project/.venv/lib/python3.10/site-packages/airflow/example_dags/example_sla_dag.py took 0.088 seconds
[2025-04-05T10:10:12.986+0100] {processor.py:186} INFO - Started process (PID=14443) to work on /home/Data_Professional/PycharmProjects/DE_Zoomcamp_Capstone_Project/.venv/lib/python3.10/site-packages/airflow/example_dags/example_sla_dag.py
[2025-04-05T10:10:12.988+0100] {processor.py:914} INFO - Processing file /home/Data_Professional/PycharmProjects/DE_Zoomcamp_Capstone_Project/.venv/lib/python3.10/site-packages/airflow/example_dags/example_sla_dag.py for tasks to queue
[2025-04-05T10:10:12.990+0100] {logging_mixin.py:190} INFO - [2025-04-05T10:10:12.989+0100] {dagbag.py:588} INFO - Filling up the DagBag from /home/Data_Professional/PycharmProjects/DE_Zoomcamp_Capstone_Project/.venv/lib/python3.10/site-packages/airflow/example_dags/example_sla_dag.py
[2025-04-05T10:10:13.000+0100] {processor.py:925} INFO - DAG(s) 'example_sla_dag' retrieved from /home/Data_Professional/PycharmProjects/DE_Zoomcamp_Capstone_Project/.venv/lib/python3.10/site-packages/airflow/example_dags/example_sla_dag.py
[2025-04-05T10:10:13.012+0100] {logging_mixin.py:190} INFO - [2025-04-05T10:10:13.012+0100] {dag.py:3239} INFO - Sync 1 DAGs
[2025-04-05T10:10:13.032+0100] {logging_mixin.py:190} INFO - [2025-04-05T10:10:13.032+0100] {dag.py:4180} INFO - Setting next_dagrun for example_sla_dag to 2025-04-05 09:08:00+00:00, run_after=2025-04-05 09:10:00+00:00
[2025-04-05T10:10:13.050+0100] {processor.py:208} INFO - Processing /home/Data_Professional/PycharmProjects/DE_Zoomcamp_Capstone_Project/.venv/lib/python3.10/site-packages/airflow/example_dags/example_sla_dag.py took 0.072 seconds
[2025-04-05T10:11:13.853+0100] {processor.py:186} INFO - Started process (PID=14606) to work on /home/Data_Professional/PycharmProjects/DE_Zoomcamp_Capstone_Project/.venv/lib/python3.10/site-packages/airflow/example_dags/example_sla_dag.py
[2025-04-05T10:11:13.856+0100] {processor.py:914} INFO - Processing file /home/Data_Professional/PycharmProjects/DE_Zoomcamp_Capstone_Project/.venv/lib/python3.10/site-packages/airflow/example_dags/example_sla_dag.py for tasks to queue
[2025-04-05T10:11:13.857+0100] {logging_mixin.py:190} INFO - [2025-04-05T10:11:13.857+0100] {dagbag.py:588} INFO - Filling up the DagBag from /home/Data_Professional/PycharmProjects/DE_Zoomcamp_Capstone_Project/.venv/lib/python3.10/site-packages/airflow/example_dags/example_sla_dag.py
[2025-04-05T10:11:13.866+0100] {processor.py:925} INFO - DAG(s) 'example_sla_dag' retrieved from /home/Data_Professional/PycharmProjects/DE_Zoomcamp_Capstone_Project/.venv/lib/python3.10/site-packages/airflow/example_dags/example_sla_dag.py
[2025-04-05T10:11:13.878+0100] {logging_mixin.py:190} INFO - [2025-04-05T10:11:13.878+0100] {dag.py:3239} INFO - Sync 1 DAGs
[2025-04-05T10:11:13.898+0100] {logging_mixin.py:190} INFO - [2025-04-05T10:11:13.898+0100] {dag.py:4180} INFO - Setting next_dagrun for example_sla_dag to 2025-04-05 09:08:00+00:00, run_after=2025-04-05 09:10:00+00:00
[2025-04-05T10:11:13.914+0100] {processor.py:208} INFO - Processing /home/Data_Professional/PycharmProjects/DE_Zoomcamp_Capstone_Project/.venv/lib/python3.10/site-packages/airflow/example_dags/example_sla_dag.py took 0.068 seconds
[2025-04-05T10:12:16.130+0100] {processor.py:186} INFO - Started process (PID=15013) to work on /home/Data_Professional/PycharmProjects/DE_Zoomcamp_Capstone_Project/.venv/lib/python3.10/site-packages/airflow/example_dags/example_sla_dag.py
[2025-04-05T10:12:16.133+0100] {processor.py:914} INFO - Processing file /home/Data_Professional/PycharmProjects/DE_Zoomcamp_Capstone_Project/.venv/lib/python3.10/site-packages/airflow/example_dags/example_sla_dag.py for tasks to queue
[2025-04-05T10:12:16.135+0100] {logging_mixin.py:190} INFO - [2025-04-05T10:12:16.134+0100] {dagbag.py:588} INFO - Filling up the DagBag from /home/Data_Professional/PycharmProjects/DE_Zoomcamp_Capstone_Project/.venv/lib/python3.10/site-packages/airflow/example_dags/example_sla_dag.py
[2025-04-05T10:12:16.150+0100] {processor.py:925} INFO - DAG(s) 'example_sla_dag' retrieved from /home/Data_Professional/PycharmProjects/DE_Zoomcamp_Capstone_Project/.venv/lib/python3.10/site-packages/airflow/example_dags/example_sla_dag.py
[2025-04-05T10:12:16.165+0100] {logging_mixin.py:190} INFO - [2025-04-05T10:12:16.165+0100] {dag.py:3239} INFO - Sync 1 DAGs
[2025-04-05T10:12:16.183+0100] {logging_mixin.py:190} INFO - [2025-04-05T10:12:16.183+0100] {dag.py:4180} INFO - Setting next_dagrun for example_sla_dag to 2025-04-05 09:10:00+00:00, run_after=2025-04-05 09:12:00+00:00
[2025-04-05T10:12:16.282+0100] {processor.py:208} INFO - Processing /home/Data_Professional/PycharmProjects/DE_Zoomcamp_Capstone_Project/.venv/lib/python3.10/site-packages/airflow/example_dags/example_sla_dag.py took 0.161 seconds
[2025-04-05T10:13:18.377+0100] {processor.py:186} INFO - Started process (PID=15107) to work on /home/Data_Professional/PycharmProjects/DE_Zoomcamp_Capstone_Project/.venv/lib/python3.10/site-packages/airflow/example_dags/example_sla_dag.py
[2025-04-05T10:13:18.379+0100] {processor.py:914} INFO - Processing file /home/Data_Professional/PycharmProjects/DE_Zoomcamp_Capstone_Project/.venv/lib/python3.10/site-packages/airflow/example_dags/example_sla_dag.py for tasks to queue
[2025-04-05T10:13:18.382+0100] {logging_mixin.py:190} INFO - [2025-04-05T10:13:18.381+0100] {dagbag.py:588} INFO - Filling up the DagBag from /home/Data_Professional/PycharmProjects/DE_Zoomcamp_Capstone_Project/.venv/lib/python3.10/site-packages/airflow/example_dags/example_sla_dag.py
[2025-04-05T10:13:18.399+0100] {processor.py:925} INFO - DAG(s) 'example_sla_dag' retrieved from /home/Data_Professional/PycharmProjects/DE_Zoomcamp_Capstone_Project/.venv/lib/python3.10/site-packages/airflow/example_dags/example_sla_dag.py
[2025-04-05T10:13:18.412+0100] {logging_mixin.py:190} INFO - [2025-04-05T10:13:18.412+0100] {dag.py:3239} INFO - Sync 1 DAGs
[2025-04-05T10:13:18.430+0100] {logging_mixin.py:190} INFO - [2025-04-05T10:13:18.430+0100] {dag.py:4180} INFO - Setting next_dagrun for example_sla_dag to 2025-04-05 09:10:00+00:00, run_after=2025-04-05 09:12:00+00:00
[2025-04-05T10:13:18.447+0100] {processor.py:208} INFO - Processing /home/Data_Professional/PycharmProjects/DE_Zoomcamp_Capstone_Project/.venv/lib/python3.10/site-packages/airflow/example_dags/example_sla_dag.py took 0.082 seconds
[2025-04-05T10:14:12.834+0100] {processor.py:186} INFO - Started process (PID=15192) to work on /home/Data_Professional/PycharmProjects/DE_Zoomcamp_Capstone_Project/.venv/lib/python3.10/site-packages/airflow/example_dags/example_sla_dag.py
[2025-04-05T10:14:12.837+0100] {processor.py:914} INFO - Processing file /home/Data_Professional/PycharmProjects/DE_Zoomcamp_Capstone_Project/.venv/lib/python3.10/site-packages/airflow/example_dags/example_sla_dag.py for tasks to queue
[2025-04-05T10:14:12.838+0100] {logging_mixin.py:190} INFO - [2025-04-05T10:14:12.837+0100] {dagbag.py:588} INFO - Filling up the DagBag from /home/Data_Professional/PycharmProjects/DE_Zoomcamp_Capstone_Project/.venv/lib/python3.10/site-packages/airflow/example_dags/example_sla_dag.py
[2025-04-05T10:14:12.848+0100] {processor.py:925} INFO - DAG(s) 'example_sla_dag' retrieved from /home/Data_Professional/PycharmProjects/DE_Zoomcamp_Capstone_Project/.venv/lib/python3.10/site-packages/airflow/example_dags/example_sla_dag.py
[2025-04-05T10:14:12.861+0100] {logging_mixin.py:190} INFO - [2025-04-05T10:14:12.861+0100] {dag.py:3239} INFO - Sync 1 DAGs
[2025-04-05T10:14:12.880+0100] {logging_mixin.py:190} INFO - [2025-04-05T10:14:12.880+0100] {dag.py:4180} INFO - Setting next_dagrun for example_sla_dag to 2025-04-05 09:12:00+00:00, run_after=2025-04-05 09:14:00+00:00
[2025-04-05T10:14:12.904+0100] {processor.py:208} INFO - Processing /home/Data_Professional/PycharmProjects/DE_Zoomcamp_Capstone_Project/.venv/lib/python3.10/site-packages/airflow/example_dags/example_sla_dag.py took 0.075 seconds
[2025-04-05T12:24:14.730+0100] {processor.py:186} INFO - Started process (PID=15542) to work on /home/Data_Professional/PycharmProjects/DE_Zoomcamp_Capstone_Project/.venv/lib/python3.10/site-packages/airflow/example_dags/example_sla_dag.py
[2025-04-05T12:24:14.733+0100] {processor.py:914} INFO - Processing file /home/Data_Professional/PycharmProjects/DE_Zoomcamp_Capstone_Project/.venv/lib/python3.10/site-packages/airflow/example_dags/example_sla_dag.py for tasks to queue
[2025-04-05T12:24:14.738+0100] {logging_mixin.py:190} INFO - [2025-04-05T12:24:14.736+0100] {dagbag.py:588} INFO - Filling up the DagBag from /home/Data_Professional/PycharmProjects/DE_Zoomcamp_Capstone_Project/.venv/lib/python3.10/site-packages/airflow/example_dags/example_sla_dag.py
[2025-04-05T12:24:14.756+0100] {processor.py:925} INFO - DAG(s) 'example_sla_dag' retrieved from /home/Data_Professional/PycharmProjects/DE_Zoomcamp_Capstone_Project/.venv/lib/python3.10/site-packages/airflow/example_dags/example_sla_dag.py
[2025-04-05T12:24:14.769+0100] {logging_mixin.py:190} INFO - [2025-04-05T12:24:14.769+0100] {dag.py:3239} INFO - Sync 1 DAGs
[2025-04-05T12:24:14.788+0100] {logging_mixin.py:190} INFO - [2025-04-05T12:24:14.787+0100] {dag.py:4180} INFO - Setting next_dagrun for example_sla_dag to 2025-04-05 11:22:00+00:00, run_after=2025-04-05 11:24:00+00:00
[2025-04-05T12:24:14.803+0100] {processor.py:208} INFO - Processing /home/Data_Professional/PycharmProjects/DE_Zoomcamp_Capstone_Project/.venv/lib/python3.10/site-packages/airflow/example_dags/example_sla_dag.py took 0.086 seconds
