[2025-04-05T09:55:22.167+0100] {processor.py:186} INFO - Started process (PID=11850) to work on /home/Data_Professional/PycharmProjects/DE_Zoomcamp_Capstone_Project/.venv/lib/python3.10/site-packages/airflow/example_dags/example_setup_teardown.py
[2025-04-05T09:55:22.168+0100] {processor.py:914} INFO - Processing file /home/Data_Professional/PycharmProjects/DE_Zoomcamp_Capstone_Project/.venv/lib/python3.10/site-packages/airflow/example_dags/example_setup_teardown.py for tasks to queue
[2025-04-05T09:55:22.170+0100] {logging_mixin.py:190} INFO - [2025-04-05T09:55:22.169+0100] {dagbag.py:588} INFO - Filling up the DagBag from /home/Data_Professional/PycharmProjects/DE_Zoomcamp_Capstone_Project/.venv/lib/python3.10/site-packages/airflow/example_dags/example_setup_teardown.py
[2025-04-05T09:55:22.178+0100] {processor.py:925} INFO - DAG(s) 'example_setup_teardown' retrieved from /home/Data_Professional/PycharmProjects/DE_Zoomcamp_Capstone_Project/.venv/lib/python3.10/site-packages/airflow/example_dags/example_setup_teardown.py
[2025-04-05T09:55:22.303+0100] {logging_mixin.py:190} INFO - [2025-04-05T09:55:22.302+0100] {override.py:1912} INFO - Created Permission View: can read on DAG:example_setup_teardown
[2025-04-05T09:55:22.324+0100] {logging_mixin.py:190} INFO - [2025-04-05T09:55:22.324+0100] {override.py:1912} INFO - Created Permission View: can delete on DAG:example_setup_teardown
[2025-04-05T09:55:22.341+0100] {logging_mixin.py:190} INFO - [2025-04-05T09:55:22.341+0100] {override.py:1912} INFO - Created Permission View: can edit on DAG:example_setup_teardown
[2025-04-05T09:55:22.363+0100] {logging_mixin.py:190} INFO - [2025-04-05T09:55:22.363+0100] {override.py:1912} INFO - Created Permission View: can create on DAG Run:example_setup_teardown
[2025-04-05T09:55:22.380+0100] {logging_mixin.py:190} INFO - [2025-04-05T09:55:22.379+0100] {override.py:1912} INFO - Created Permission View: can read on DAG Run:example_setup_teardown
[2025-04-05T09:55:22.392+0100] {logging_mixin.py:190} INFO - [2025-04-05T09:55:22.391+0100] {override.py:1912} INFO - Created Permission View: can delete on DAG Run:example_setup_teardown
[2025-04-05T09:55:22.408+0100] {logging_mixin.py:190} INFO - [2025-04-05T09:55:22.407+0100] {override.py:1912} INFO - Created Permission View: menu access on DAG Run:example_setup_teardown
[2025-04-05T09:55:22.408+0100] {logging_mixin.py:190} INFO - [2025-04-05T09:55:22.408+0100] {dag.py:3239} INFO - Sync 1 DAGs
[2025-04-05T09:55:22.424+0100] {logging_mixin.py:190} INFO - [2025-04-05T09:55:22.424+0100] {dag.py:3262} INFO - Creating ORM DAG for example_setup_teardown
[2025-04-05T09:55:22.425+0100] {logging_mixin.py:190} INFO - [2025-04-05T09:55:22.425+0100] {dag.py:4180} INFO - Setting next_dagrun for example_setup_teardown to None, run_after=None
[2025-04-05T09:55:22.485+0100] {processor.py:208} INFO - Processing /home/Data_Professional/PycharmProjects/DE_Zoomcamp_Capstone_Project/.venv/lib/python3.10/site-packages/airflow/example_dags/example_setup_teardown.py took 0.324 seconds
[2025-04-05T09:56:26.063+0100] {processor.py:186} INFO - Started process (PID=12162) to work on /home/Data_Professional/PycharmProjects/DE_Zoomcamp_Capstone_Project/.venv/lib/python3.10/site-packages/airflow/example_dags/example_setup_teardown.py
[2025-04-05T09:56:26.066+0100] {processor.py:914} INFO - Processing file /home/Data_Professional/PycharmProjects/DE_Zoomcamp_Capstone_Project/.venv/lib/python3.10/site-packages/airflow/example_dags/example_setup_teardown.py for tasks to queue
[2025-04-05T09:56:26.067+0100] {logging_mixin.py:190} INFO - [2025-04-05T09:56:26.067+0100] {dagbag.py:588} INFO - Filling up the DagBag from /home/Data_Professional/PycharmProjects/DE_Zoomcamp_Capstone_Project/.venv/lib/python3.10/site-packages/airflow/example_dags/example_setup_teardown.py
[2025-04-05T09:56:26.074+0100] {processor.py:925} INFO - DAG(s) 'example_setup_teardown' retrieved from /home/Data_Professional/PycharmProjects/DE_Zoomcamp_Capstone_Project/.venv/lib/python3.10/site-packages/airflow/example_dags/example_setup_teardown.py
[2025-04-05T09:56:26.088+0100] {logging_mixin.py:190} INFO - [2025-04-05T09:56:26.087+0100] {dag.py:3239} INFO - Sync 1 DAGs
[2025-04-05T09:56:26.099+0100] {logging_mixin.py:190} INFO - [2025-04-05T09:56:26.098+0100] {dag.py:4180} INFO - Setting next_dagrun for example_setup_teardown to None, run_after=None
[2025-04-05T09:56:26.119+0100] {processor.py:208} INFO - Processing /home/Data_Professional/PycharmProjects/DE_Zoomcamp_Capstone_Project/.venv/lib/python3.10/site-packages/airflow/example_dags/example_setup_teardown.py took 0.060 seconds
[2025-04-05T09:57:22.014+0100] {processor.py:186} INFO - Started process (PID=12280) to work on /home/Data_Professional/PycharmProjects/DE_Zoomcamp_Capstone_Project/.venv/lib/python3.10/site-packages/airflow/example_dags/example_setup_teardown.py
[2025-04-05T09:57:22.017+0100] {processor.py:914} INFO - Processing file /home/Data_Professional/PycharmProjects/DE_Zoomcamp_Capstone_Project/.venv/lib/python3.10/site-packages/airflow/example_dags/example_setup_teardown.py for tasks to queue
[2025-04-05T09:57:22.019+0100] {logging_mixin.py:190} INFO - [2025-04-05T09:57:22.019+0100] {dagbag.py:588} INFO - Filling up the DagBag from /home/Data_Professional/PycharmProjects/DE_Zoomcamp_Capstone_Project/.venv/lib/python3.10/site-packages/airflow/example_dags/example_setup_teardown.py
[2025-04-05T09:57:22.030+0100] {processor.py:925} INFO - DAG(s) 'example_setup_teardown' retrieved from /home/Data_Professional/PycharmProjects/DE_Zoomcamp_Capstone_Project/.venv/lib/python3.10/site-packages/airflow/example_dags/example_setup_teardown.py
[2025-04-05T09:57:22.046+0100] {logging_mixin.py:190} INFO - [2025-04-05T09:57:22.046+0100] {dag.py:3239} INFO - Sync 1 DAGs
[2025-04-05T09:57:22.056+0100] {logging_mixin.py:190} INFO - [2025-04-05T09:57:22.056+0100] {dag.py:4180} INFO - Setting next_dagrun for example_setup_teardown to None, run_after=None
[2025-04-05T09:57:22.071+0100] {processor.py:208} INFO - Processing /home/Data_Professional/PycharmProjects/DE_Zoomcamp_Capstone_Project/.venv/lib/python3.10/site-packages/airflow/example_dags/example_setup_teardown.py took 0.066 seconds
[2025-04-05T09:58:17.522+0100] {processor.py:186} INFO - Started process (PID=12345) to work on /home/Data_Professional/PycharmProjects/DE_Zoomcamp_Capstone_Project/.venv/lib/python3.10/site-packages/airflow/example_dags/example_setup_teardown.py
[2025-04-05T09:58:17.524+0100] {processor.py:914} INFO - Processing file /home/Data_Professional/PycharmProjects/DE_Zoomcamp_Capstone_Project/.venv/lib/python3.10/site-packages/airflow/example_dags/example_setup_teardown.py for tasks to queue
[2025-04-05T09:58:17.526+0100] {logging_mixin.py:190} INFO - [2025-04-05T09:58:17.526+0100] {dagbag.py:588} INFO - Filling up the DagBag from /home/Data_Professional/PycharmProjects/DE_Zoomcamp_Capstone_Project/.venv/lib/python3.10/site-packages/airflow/example_dags/example_setup_teardown.py
[2025-04-05T09:58:17.533+0100] {processor.py:925} INFO - DAG(s) 'example_setup_teardown' retrieved from /home/Data_Professional/PycharmProjects/DE_Zoomcamp_Capstone_Project/.venv/lib/python3.10/site-packages/airflow/example_dags/example_setup_teardown.py
[2025-04-05T09:58:17.547+0100] {logging_mixin.py:190} INFO - [2025-04-05T09:58:17.547+0100] {dag.py:3239} INFO - Sync 1 DAGs
[2025-04-05T09:58:17.557+0100] {logging_mixin.py:190} INFO - [2025-04-05T09:58:17.557+0100] {dag.py:4180} INFO - Setting next_dagrun for example_setup_teardown to None, run_after=None
[2025-04-05T09:58:17.573+0100] {processor.py:208} INFO - Processing /home/Data_Professional/PycharmProjects/DE_Zoomcamp_Capstone_Project/.venv/lib/python3.10/site-packages/airflow/example_dags/example_setup_teardown.py took 0.058 seconds
[2025-04-05T09:59:12.978+0100] {processor.py:186} INFO - Started process (PID=12416) to work on /home/Data_Professional/PycharmProjects/DE_Zoomcamp_Capstone_Project/.venv/lib/python3.10/site-packages/airflow/example_dags/example_setup_teardown.py
[2025-04-05T09:59:12.982+0100] {processor.py:914} INFO - Processing file /home/Data_Professional/PycharmProjects/DE_Zoomcamp_Capstone_Project/.venv/lib/python3.10/site-packages/airflow/example_dags/example_setup_teardown.py for tasks to queue
[2025-04-05T09:59:12.986+0100] {logging_mixin.py:190} INFO - [2025-04-05T09:59:12.985+0100] {dagbag.py:588} INFO - Filling up the DagBag from /home/Data_Professional/PycharmProjects/DE_Zoomcamp_Capstone_Project/.venv/lib/python3.10/site-packages/airflow/example_dags/example_setup_teardown.py
[2025-04-05T09:59:13.001+0100] {processor.py:925} INFO - DAG(s) 'example_setup_teardown' retrieved from /home/Data_Professional/PycharmProjects/DE_Zoomcamp_Capstone_Project/.venv/lib/python3.10/site-packages/airflow/example_dags/example_setup_teardown.py
[2025-04-05T09:59:13.018+0100] {logging_mixin.py:190} INFO - [2025-04-05T09:59:13.017+0100] {dag.py:3239} INFO - Sync 1 DAGs
[2025-04-05T09:59:13.028+0100] {logging_mixin.py:190} INFO - [2025-04-05T09:59:13.027+0100] {dag.py:4180} INFO - Setting next_dagrun for example_setup_teardown to None, run_after=None
[2025-04-05T09:59:13.044+0100] {processor.py:208} INFO - Processing /home/Data_Professional/PycharmProjects/DE_Zoomcamp_Capstone_Project/.venv/lib/python3.10/site-packages/airflow/example_dags/example_setup_teardown.py took 0.080 seconds
[2025-04-05T10:00:11.123+0100] {processor.py:186} INFO - Started process (PID=12600) to work on /home/Data_Professional/PycharmProjects/DE_Zoomcamp_Capstone_Project/.venv/lib/python3.10/site-packages/airflow/example_dags/example_setup_teardown.py
[2025-04-05T10:00:11.127+0100] {processor.py:914} INFO - Processing file /home/Data_Professional/PycharmProjects/DE_Zoomcamp_Capstone_Project/.venv/lib/python3.10/site-packages/airflow/example_dags/example_setup_teardown.py for tasks to queue
[2025-04-05T10:00:11.132+0100] {logging_mixin.py:190} INFO - [2025-04-05T10:00:11.131+0100] {dagbag.py:588} INFO - Filling up the DagBag from /home/Data_Professional/PycharmProjects/DE_Zoomcamp_Capstone_Project/.venv/lib/python3.10/site-packages/airflow/example_dags/example_setup_teardown.py
[2025-04-05T10:00:11.145+0100] {processor.py:925} INFO - DAG(s) 'example_setup_teardown' retrieved from /home/Data_Professional/PycharmProjects/DE_Zoomcamp_Capstone_Project/.venv/lib/python3.10/site-packages/airflow/example_dags/example_setup_teardown.py
[2025-04-05T10:00:11.162+0100] {logging_mixin.py:190} INFO - [2025-04-05T10:00:11.162+0100] {dag.py:3239} INFO - Sync 1 DAGs
[2025-04-05T10:00:11.172+0100] {logging_mixin.py:190} INFO - [2025-04-05T10:00:11.172+0100] {dag.py:4180} INFO - Setting next_dagrun for example_setup_teardown to None, run_after=None
[2025-04-05T10:00:11.189+0100] {processor.py:208} INFO - Processing /home/Data_Professional/PycharmProjects/DE_Zoomcamp_Capstone_Project/.venv/lib/python3.10/site-packages/airflow/example_dags/example_setup_teardown.py took 0.082 seconds
[2025-04-05T10:01:08.289+0100] {processor.py:186} INFO - Started process (PID=12854) to work on /home/Data_Professional/PycharmProjects/DE_Zoomcamp_Capstone_Project/.venv/lib/python3.10/site-packages/airflow/example_dags/example_setup_teardown.py
[2025-04-05T10:01:08.292+0100] {processor.py:914} INFO - Processing file /home/Data_Professional/PycharmProjects/DE_Zoomcamp_Capstone_Project/.venv/lib/python3.10/site-packages/airflow/example_dags/example_setup_teardown.py for tasks to queue
[2025-04-05T10:01:08.294+0100] {logging_mixin.py:190} INFO - [2025-04-05T10:01:08.293+0100] {dagbag.py:588} INFO - Filling up the DagBag from /home/Data_Professional/PycharmProjects/DE_Zoomcamp_Capstone_Project/.venv/lib/python3.10/site-packages/airflow/example_dags/example_setup_teardown.py
[2025-04-05T10:01:08.300+0100] {processor.py:925} INFO - DAG(s) 'example_setup_teardown' retrieved from /home/Data_Professional/PycharmProjects/DE_Zoomcamp_Capstone_Project/.venv/lib/python3.10/site-packages/airflow/example_dags/example_setup_teardown.py
[2025-04-05T10:01:08.313+0100] {logging_mixin.py:190} INFO - [2025-04-05T10:01:08.313+0100] {dag.py:3239} INFO - Sync 1 DAGs
[2025-04-05T10:01:08.323+0100] {logging_mixin.py:190} INFO - [2025-04-05T10:01:08.323+0100] {dag.py:4180} INFO - Setting next_dagrun for example_setup_teardown to None, run_after=None
[2025-04-05T10:01:08.339+0100] {processor.py:208} INFO - Processing /home/Data_Professional/PycharmProjects/DE_Zoomcamp_Capstone_Project/.venv/lib/python3.10/site-packages/airflow/example_dags/example_setup_teardown.py took 0.055 seconds
[2025-04-05T10:02:05.704+0100] {processor.py:186} INFO - Started process (PID=12961) to work on /home/Data_Professional/PycharmProjects/DE_Zoomcamp_Capstone_Project/.venv/lib/python3.10/site-packages/airflow/example_dags/example_setup_teardown.py
[2025-04-05T10:02:05.707+0100] {processor.py:914} INFO - Processing file /home/Data_Professional/PycharmProjects/DE_Zoomcamp_Capstone_Project/.venv/lib/python3.10/site-packages/airflow/example_dags/example_setup_teardown.py for tasks to queue
[2025-04-05T10:02:05.709+0100] {logging_mixin.py:190} INFO - [2025-04-05T10:02:05.709+0100] {dagbag.py:588} INFO - Filling up the DagBag from /home/Data_Professional/PycharmProjects/DE_Zoomcamp_Capstone_Project/.venv/lib/python3.10/site-packages/airflow/example_dags/example_setup_teardown.py
[2025-04-05T10:02:05.717+0100] {processor.py:925} INFO - DAG(s) 'example_setup_teardown' retrieved from /home/Data_Professional/PycharmProjects/DE_Zoomcamp_Capstone_Project/.venv/lib/python3.10/site-packages/airflow/example_dags/example_setup_teardown.py
[2025-04-05T10:02:05.729+0100] {logging_mixin.py:190} INFO - [2025-04-05T10:02:05.729+0100] {dag.py:3239} INFO - Sync 1 DAGs
[2025-04-05T10:02:05.739+0100] {logging_mixin.py:190} INFO - [2025-04-05T10:02:05.739+0100] {dag.py:4180} INFO - Setting next_dagrun for example_setup_teardown to None, run_after=None
[2025-04-05T10:02:05.755+0100] {processor.py:208} INFO - Processing /home/Data_Professional/PycharmProjects/DE_Zoomcamp_Capstone_Project/.venv/lib/python3.10/site-packages/airflow/example_dags/example_setup_teardown.py took 0.058 seconds
[2025-04-05T10:03:04.429+0100] {processor.py:186} INFO - Started process (PID=13106) to work on /home/Data_Professional/PycharmProjects/DE_Zoomcamp_Capstone_Project/.venv/lib/python3.10/site-packages/airflow/example_dags/example_setup_teardown.py
[2025-04-05T10:03:04.431+0100] {processor.py:914} INFO - Processing file /home/Data_Professional/PycharmProjects/DE_Zoomcamp_Capstone_Project/.venv/lib/python3.10/site-packages/airflow/example_dags/example_setup_teardown.py for tasks to queue
[2025-04-05T10:03:04.435+0100] {logging_mixin.py:190} INFO - [2025-04-05T10:03:04.435+0100] {dagbag.py:588} INFO - Filling up the DagBag from /home/Data_Professional/PycharmProjects/DE_Zoomcamp_Capstone_Project/.venv/lib/python3.10/site-packages/airflow/example_dags/example_setup_teardown.py
[2025-04-05T10:03:04.448+0100] {processor.py:925} INFO - DAG(s) 'example_setup_teardown' retrieved from /home/Data_Professional/PycharmProjects/DE_Zoomcamp_Capstone_Project/.venv/lib/python3.10/site-packages/airflow/example_dags/example_setup_teardown.py
[2025-04-05T10:03:04.463+0100] {logging_mixin.py:190} INFO - [2025-04-05T10:03:04.463+0100] {dag.py:3239} INFO - Sync 1 DAGs
[2025-04-05T10:03:04.473+0100] {logging_mixin.py:190} INFO - [2025-04-05T10:03:04.473+0100] {dag.py:4180} INFO - Setting next_dagrun for example_setup_teardown to None, run_after=None
[2025-04-05T10:03:04.500+0100] {processor.py:208} INFO - Processing /home/Data_Professional/PycharmProjects/DE_Zoomcamp_Capstone_Project/.venv/lib/python3.10/site-packages/airflow/example_dags/example_setup_teardown.py took 0.082 seconds
[2025-04-05T10:04:04.048+0100] {processor.py:186} INFO - Started process (PID=13180) to work on /home/Data_Professional/PycharmProjects/DE_Zoomcamp_Capstone_Project/.venv/lib/python3.10/site-packages/airflow/example_dags/example_setup_teardown.py
[2025-04-05T10:04:04.050+0100] {processor.py:914} INFO - Processing file /home/Data_Professional/PycharmProjects/DE_Zoomcamp_Capstone_Project/.venv/lib/python3.10/site-packages/airflow/example_dags/example_setup_teardown.py for tasks to queue
[2025-04-05T10:04:04.054+0100] {logging_mixin.py:190} INFO - [2025-04-05T10:04:04.053+0100] {dagbag.py:588} INFO - Filling up the DagBag from /home/Data_Professional/PycharmProjects/DE_Zoomcamp_Capstone_Project/.venv/lib/python3.10/site-packages/airflow/example_dags/example_setup_teardown.py
[2025-04-05T10:04:04.066+0100] {processor.py:925} INFO - DAG(s) 'example_setup_teardown' retrieved from /home/Data_Professional/PycharmProjects/DE_Zoomcamp_Capstone_Project/.venv/lib/python3.10/site-packages/airflow/example_dags/example_setup_teardown.py
[2025-04-05T10:04:04.081+0100] {logging_mixin.py:190} INFO - [2025-04-05T10:04:04.081+0100] {dag.py:3239} INFO - Sync 1 DAGs
[2025-04-05T10:04:04.091+0100] {logging_mixin.py:190} INFO - [2025-04-05T10:04:04.091+0100] {dag.py:4180} INFO - Setting next_dagrun for example_setup_teardown to None, run_after=None
[2025-04-05T10:04:04.107+0100] {processor.py:208} INFO - Processing /home/Data_Professional/PycharmProjects/DE_Zoomcamp_Capstone_Project/.venv/lib/python3.10/site-packages/airflow/example_dags/example_setup_teardown.py took 0.073 seconds
[2025-04-05T10:05:04.696+0100] {processor.py:186} INFO - Started process (PID=13453) to work on /home/Data_Professional/PycharmProjects/DE_Zoomcamp_Capstone_Project/.venv/lib/python3.10/site-packages/airflow/example_dags/example_setup_teardown.py
[2025-04-05T10:05:04.699+0100] {processor.py:914} INFO - Processing file /home/Data_Professional/PycharmProjects/DE_Zoomcamp_Capstone_Project/.venv/lib/python3.10/site-packages/airflow/example_dags/example_setup_teardown.py for tasks to queue
[2025-04-05T10:05:04.700+0100] {logging_mixin.py:190} INFO - [2025-04-05T10:05:04.700+0100] {dagbag.py:588} INFO - Filling up the DagBag from /home/Data_Professional/PycharmProjects/DE_Zoomcamp_Capstone_Project/.venv/lib/python3.10/site-packages/airflow/example_dags/example_setup_teardown.py
[2025-04-05T10:05:04.710+0100] {processor.py:925} INFO - DAG(s) 'example_setup_teardown' retrieved from /home/Data_Professional/PycharmProjects/DE_Zoomcamp_Capstone_Project/.venv/lib/python3.10/site-packages/airflow/example_dags/example_setup_teardown.py
[2025-04-05T10:05:04.723+0100] {logging_mixin.py:190} INFO - [2025-04-05T10:05:04.723+0100] {dag.py:3239} INFO - Sync 1 DAGs
[2025-04-05T10:05:04.734+0100] {logging_mixin.py:190} INFO - [2025-04-05T10:05:04.734+0100] {dag.py:4180} INFO - Setting next_dagrun for example_setup_teardown to None, run_after=None
[2025-04-05T10:05:04.751+0100] {processor.py:208} INFO - Processing /home/Data_Professional/PycharmProjects/DE_Zoomcamp_Capstone_Project/.venv/lib/python3.10/site-packages/airflow/example_dags/example_setup_teardown.py took 0.066 seconds
[2025-04-05T10:06:06.496+0100] {processor.py:186} INFO - Started process (PID=13635) to work on /home/Data_Professional/PycharmProjects/DE_Zoomcamp_Capstone_Project/.venv/lib/python3.10/site-packages/airflow/example_dags/example_setup_teardown.py
[2025-04-05T10:06:06.499+0100] {processor.py:914} INFO - Processing file /home/Data_Professional/PycharmProjects/DE_Zoomcamp_Capstone_Project/.venv/lib/python3.10/site-packages/airflow/example_dags/example_setup_teardown.py for tasks to queue
[2025-04-05T10:06:06.501+0100] {logging_mixin.py:190} INFO - [2025-04-05T10:06:06.500+0100] {dagbag.py:588} INFO - Filling up the DagBag from /home/Data_Professional/PycharmProjects/DE_Zoomcamp_Capstone_Project/.venv/lib/python3.10/site-packages/airflow/example_dags/example_setup_teardown.py
[2025-04-05T10:06:06.513+0100] {processor.py:925} INFO - DAG(s) 'example_setup_teardown' retrieved from /home/Data_Professional/PycharmProjects/DE_Zoomcamp_Capstone_Project/.venv/lib/python3.10/site-packages/airflow/example_dags/example_setup_teardown.py
[2025-04-05T10:06:06.530+0100] {logging_mixin.py:190} INFO - [2025-04-05T10:06:06.529+0100] {dag.py:3239} INFO - Sync 1 DAGs
[2025-04-05T10:06:06.540+0100] {logging_mixin.py:190} INFO - [2025-04-05T10:06:06.539+0100] {dag.py:4180} INFO - Setting next_dagrun for example_setup_teardown to None, run_after=None
[2025-04-05T10:06:06.555+0100] {processor.py:208} INFO - Processing /home/Data_Professional/PycharmProjects/DE_Zoomcamp_Capstone_Project/.venv/lib/python3.10/site-packages/airflow/example_dags/example_setup_teardown.py took 0.069 seconds
[2025-04-05T10:07:07.718+0100] {processor.py:186} INFO - Started process (PID=13831) to work on /home/Data_Professional/PycharmProjects/DE_Zoomcamp_Capstone_Project/.venv/lib/python3.10/site-packages/airflow/example_dags/example_setup_teardown.py
[2025-04-05T10:07:07.721+0100] {processor.py:914} INFO - Processing file /home/Data_Professional/PycharmProjects/DE_Zoomcamp_Capstone_Project/.venv/lib/python3.10/site-packages/airflow/example_dags/example_setup_teardown.py for tasks to queue
[2025-04-05T10:07:07.723+0100] {logging_mixin.py:190} INFO - [2025-04-05T10:07:07.722+0100] {dagbag.py:588} INFO - Filling up the DagBag from /home/Data_Professional/PycharmProjects/DE_Zoomcamp_Capstone_Project/.venv/lib/python3.10/site-packages/airflow/example_dags/example_setup_teardown.py
[2025-04-05T10:07:07.734+0100] {processor.py:925} INFO - DAG(s) 'example_setup_teardown' retrieved from /home/Data_Professional/PycharmProjects/DE_Zoomcamp_Capstone_Project/.venv/lib/python3.10/site-packages/airflow/example_dags/example_setup_teardown.py
[2025-04-05T10:07:07.750+0100] {logging_mixin.py:190} INFO - [2025-04-05T10:07:07.750+0100] {dag.py:3239} INFO - Sync 1 DAGs
[2025-04-05T10:07:07.761+0100] {logging_mixin.py:190} INFO - [2025-04-05T10:07:07.760+0100] {dag.py:4180} INFO - Setting next_dagrun for example_setup_teardown to None, run_after=None
[2025-04-05T10:07:07.778+0100] {processor.py:208} INFO - Processing /home/Data_Professional/PycharmProjects/DE_Zoomcamp_Capstone_Project/.venv/lib/python3.10/site-packages/airflow/example_dags/example_setup_teardown.py took 0.068 seconds
[2025-04-05T10:08:11.428+0100] {processor.py:186} INFO - Started process (PID=14115) to work on /home/Data_Professional/PycharmProjects/DE_Zoomcamp_Capstone_Project/.venv/lib/python3.10/site-packages/airflow/example_dags/example_setup_teardown.py
[2025-04-05T10:08:11.429+0100] {processor.py:914} INFO - Processing file /home/Data_Professional/PycharmProjects/DE_Zoomcamp_Capstone_Project/.venv/lib/python3.10/site-packages/airflow/example_dags/example_setup_teardown.py for tasks to queue
[2025-04-05T10:08:11.430+0100] {logging_mixin.py:190} INFO - [2025-04-05T10:08:11.430+0100] {dagbag.py:588} INFO - Filling up the DagBag from /home/Data_Professional/PycharmProjects/DE_Zoomcamp_Capstone_Project/.venv/lib/python3.10/site-packages/airflow/example_dags/example_setup_teardown.py
[2025-04-05T10:08:11.436+0100] {processor.py:925} INFO - DAG(s) 'example_setup_teardown' retrieved from /home/Data_Professional/PycharmProjects/DE_Zoomcamp_Capstone_Project/.venv/lib/python3.10/site-packages/airflow/example_dags/example_setup_teardown.py
[2025-04-05T10:08:11.449+0100] {logging_mixin.py:190} INFO - [2025-04-05T10:08:11.448+0100] {dag.py:3239} INFO - Sync 1 DAGs
[2025-04-05T10:08:11.459+0100] {logging_mixin.py:190} INFO - [2025-04-05T10:08:11.458+0100] {dag.py:4180} INFO - Setting next_dagrun for example_setup_teardown to None, run_after=None
[2025-04-05T10:08:11.475+0100] {processor.py:208} INFO - Processing /home/Data_Professional/PycharmProjects/DE_Zoomcamp_Capstone_Project/.venv/lib/python3.10/site-packages/airflow/example_dags/example_setup_teardown.py took 0.053 seconds
[2025-04-05T10:09:21.392+0100] {processor.py:186} INFO - Started process (PID=14320) to work on /home/Data_Professional/PycharmProjects/DE_Zoomcamp_Capstone_Project/.venv/lib/python3.10/site-packages/airflow/example_dags/example_setup_teardown.py
[2025-04-05T10:09:21.395+0100] {processor.py:914} INFO - Processing file /home/Data_Professional/PycharmProjects/DE_Zoomcamp_Capstone_Project/.venv/lib/python3.10/site-packages/airflow/example_dags/example_setup_teardown.py for tasks to queue
[2025-04-05T10:09:21.397+0100] {logging_mixin.py:190} INFO - [2025-04-05T10:09:21.396+0100] {dagbag.py:588} INFO - Filling up the DagBag from /home/Data_Professional/PycharmProjects/DE_Zoomcamp_Capstone_Project/.venv/lib/python3.10/site-packages/airflow/example_dags/example_setup_teardown.py
[2025-04-05T10:09:21.407+0100] {processor.py:925} INFO - DAG(s) 'example_setup_teardown' retrieved from /home/Data_Professional/PycharmProjects/DE_Zoomcamp_Capstone_Project/.venv/lib/python3.10/site-packages/airflow/example_dags/example_setup_teardown.py
[2025-04-05T10:09:21.421+0100] {logging_mixin.py:190} INFO - [2025-04-05T10:09:21.421+0100] {dag.py:3239} INFO - Sync 1 DAGs
[2025-04-05T10:09:21.431+0100] {logging_mixin.py:190} INFO - [2025-04-05T10:09:21.431+0100] {dag.py:4180} INFO - Setting next_dagrun for example_setup_teardown to None, run_after=None
[2025-04-05T10:09:21.450+0100] {processor.py:208} INFO - Processing /home/Data_Professional/PycharmProjects/DE_Zoomcamp_Capstone_Project/.venv/lib/python3.10/site-packages/airflow/example_dags/example_setup_teardown.py took 0.065 seconds
[2025-04-05T10:10:20.559+0100] {processor.py:186} INFO - Started process (PID=14456) to work on /home/Data_Professional/PycharmProjects/DE_Zoomcamp_Capstone_Project/.venv/lib/python3.10/site-packages/airflow/example_dags/example_setup_teardown.py
[2025-04-05T10:10:20.561+0100] {processor.py:914} INFO - Processing file /home/Data_Professional/PycharmProjects/DE_Zoomcamp_Capstone_Project/.venv/lib/python3.10/site-packages/airflow/example_dags/example_setup_teardown.py for tasks to queue
[2025-04-05T10:10:20.563+0100] {logging_mixin.py:190} INFO - [2025-04-05T10:10:20.562+0100] {dagbag.py:588} INFO - Filling up the DagBag from /home/Data_Professional/PycharmProjects/DE_Zoomcamp_Capstone_Project/.venv/lib/python3.10/site-packages/airflow/example_dags/example_setup_teardown.py
[2025-04-05T10:10:20.571+0100] {processor.py:925} INFO - DAG(s) 'example_setup_teardown' retrieved from /home/Data_Professional/PycharmProjects/DE_Zoomcamp_Capstone_Project/.venv/lib/python3.10/site-packages/airflow/example_dags/example_setup_teardown.py
[2025-04-05T10:10:20.585+0100] {logging_mixin.py:190} INFO - [2025-04-05T10:10:20.585+0100] {dag.py:3239} INFO - Sync 1 DAGs
[2025-04-05T10:10:20.598+0100] {logging_mixin.py:190} INFO - [2025-04-05T10:10:20.598+0100] {dag.py:4180} INFO - Setting next_dagrun for example_setup_teardown to None, run_after=None
[2025-04-05T10:10:20.615+0100] {processor.py:208} INFO - Processing /home/Data_Professional/PycharmProjects/DE_Zoomcamp_Capstone_Project/.venv/lib/python3.10/site-packages/airflow/example_dags/example_setup_teardown.py took 0.063 seconds
[2025-04-05T10:11:21.614+0100] {processor.py:186} INFO - Started process (PID=14669) to work on /home/Data_Professional/PycharmProjects/DE_Zoomcamp_Capstone_Project/.venv/lib/python3.10/site-packages/airflow/example_dags/example_setup_teardown.py
[2025-04-05T10:11:21.617+0100] {processor.py:914} INFO - Processing file /home/Data_Professional/PycharmProjects/DE_Zoomcamp_Capstone_Project/.venv/lib/python3.10/site-packages/airflow/example_dags/example_setup_teardown.py for tasks to queue
[2025-04-05T10:11:21.619+0100] {logging_mixin.py:190} INFO - [2025-04-05T10:11:21.618+0100] {dagbag.py:588} INFO - Filling up the DagBag from /home/Data_Professional/PycharmProjects/DE_Zoomcamp_Capstone_Project/.venv/lib/python3.10/site-packages/airflow/example_dags/example_setup_teardown.py
[2025-04-05T10:11:21.631+0100] {processor.py:925} INFO - DAG(s) 'example_setup_teardown' retrieved from /home/Data_Professional/PycharmProjects/DE_Zoomcamp_Capstone_Project/.venv/lib/python3.10/site-packages/airflow/example_dags/example_setup_teardown.py
[2025-04-05T10:11:21.652+0100] {logging_mixin.py:190} INFO - [2025-04-05T10:11:21.652+0100] {dag.py:3239} INFO - Sync 1 DAGs
[2025-04-05T10:11:21.669+0100] {logging_mixin.py:190} INFO - [2025-04-05T10:11:21.669+0100] {dag.py:4180} INFO - Setting next_dagrun for example_setup_teardown to None, run_after=None
[2025-04-05T10:11:21.721+0100] {processor.py:208} INFO - Processing /home/Data_Professional/PycharmProjects/DE_Zoomcamp_Capstone_Project/.venv/lib/python3.10/site-packages/airflow/example_dags/example_setup_teardown.py took 0.115 seconds
[2025-04-05T10:12:23.960+0100] {processor.py:186} INFO - Started process (PID=15023) to work on /home/Data_Professional/PycharmProjects/DE_Zoomcamp_Capstone_Project/.venv/lib/python3.10/site-packages/airflow/example_dags/example_setup_teardown.py
[2025-04-05T10:12:23.964+0100] {processor.py:914} INFO - Processing file /home/Data_Professional/PycharmProjects/DE_Zoomcamp_Capstone_Project/.venv/lib/python3.10/site-packages/airflow/example_dags/example_setup_teardown.py for tasks to queue
[2025-04-05T10:12:23.966+0100] {logging_mixin.py:190} INFO - [2025-04-05T10:12:23.966+0100] {dagbag.py:588} INFO - Filling up the DagBag from /home/Data_Professional/PycharmProjects/DE_Zoomcamp_Capstone_Project/.venv/lib/python3.10/site-packages/airflow/example_dags/example_setup_teardown.py
[2025-04-05T10:12:23.980+0100] {processor.py:925} INFO - DAG(s) 'example_setup_teardown' retrieved from /home/Data_Professional/PycharmProjects/DE_Zoomcamp_Capstone_Project/.venv/lib/python3.10/site-packages/airflow/example_dags/example_setup_teardown.py
[2025-04-05T10:12:23.995+0100] {logging_mixin.py:190} INFO - [2025-04-05T10:12:23.995+0100] {dag.py:3239} INFO - Sync 1 DAGs
[2025-04-05T10:12:24.006+0100] {logging_mixin.py:190} INFO - [2025-04-05T10:12:24.005+0100] {dag.py:4180} INFO - Setting next_dagrun for example_setup_teardown to None, run_after=None
[2025-04-05T10:12:24.109+0100] {processor.py:208} INFO - Processing /home/Data_Professional/PycharmProjects/DE_Zoomcamp_Capstone_Project/.venv/lib/python3.10/site-packages/airflow/example_dags/example_setup_teardown.py took 0.161 seconds
[2025-04-05T10:13:24.673+0100] {processor.py:186} INFO - Started process (PID=15118) to work on /home/Data_Professional/PycharmProjects/DE_Zoomcamp_Capstone_Project/.venv/lib/python3.10/site-packages/airflow/example_dags/example_setup_teardown.py
[2025-04-05T10:13:24.675+0100] {processor.py:914} INFO - Processing file /home/Data_Professional/PycharmProjects/DE_Zoomcamp_Capstone_Project/.venv/lib/python3.10/site-packages/airflow/example_dags/example_setup_teardown.py for tasks to queue
[2025-04-05T10:13:24.676+0100] {logging_mixin.py:190} INFO - [2025-04-05T10:13:24.676+0100] {dagbag.py:588} INFO - Filling up the DagBag from /home/Data_Professional/PycharmProjects/DE_Zoomcamp_Capstone_Project/.venv/lib/python3.10/site-packages/airflow/example_dags/example_setup_teardown.py
[2025-04-05T10:13:24.684+0100] {processor.py:925} INFO - DAG(s) 'example_setup_teardown' retrieved from /home/Data_Professional/PycharmProjects/DE_Zoomcamp_Capstone_Project/.venv/lib/python3.10/site-packages/airflow/example_dags/example_setup_teardown.py
[2025-04-05T10:13:24.699+0100] {logging_mixin.py:190} INFO - [2025-04-05T10:13:24.699+0100] {dag.py:3239} INFO - Sync 1 DAGs
[2025-04-05T10:13:24.710+0100] {logging_mixin.py:190} INFO - [2025-04-05T10:13:24.709+0100] {dag.py:4180} INFO - Setting next_dagrun for example_setup_teardown to None, run_after=None
[2025-04-05T10:13:24.726+0100] {processor.py:208} INFO - Processing /home/Data_Professional/PycharmProjects/DE_Zoomcamp_Capstone_Project/.venv/lib/python3.10/site-packages/airflow/example_dags/example_setup_teardown.py took 0.058 seconds
[2025-04-05T10:14:20.077+0100] {processor.py:186} INFO - Started process (PID=15200) to work on /home/Data_Professional/PycharmProjects/DE_Zoomcamp_Capstone_Project/.venv/lib/python3.10/site-packages/airflow/example_dags/example_setup_teardown.py
[2025-04-05T10:14:20.080+0100] {processor.py:914} INFO - Processing file /home/Data_Professional/PycharmProjects/DE_Zoomcamp_Capstone_Project/.venv/lib/python3.10/site-packages/airflow/example_dags/example_setup_teardown.py for tasks to queue
[2025-04-05T10:14:20.082+0100] {logging_mixin.py:190} INFO - [2025-04-05T10:14:20.081+0100] {dagbag.py:588} INFO - Filling up the DagBag from /home/Data_Professional/PycharmProjects/DE_Zoomcamp_Capstone_Project/.venv/lib/python3.10/site-packages/airflow/example_dags/example_setup_teardown.py
[2025-04-05T10:14:20.096+0100] {processor.py:925} INFO - DAG(s) 'example_setup_teardown' retrieved from /home/Data_Professional/PycharmProjects/DE_Zoomcamp_Capstone_Project/.venv/lib/python3.10/site-packages/airflow/example_dags/example_setup_teardown.py
[2025-04-05T10:14:20.113+0100] {logging_mixin.py:190} INFO - [2025-04-05T10:14:20.113+0100] {dag.py:3239} INFO - Sync 1 DAGs
[2025-04-05T10:14:20.123+0100] {logging_mixin.py:190} INFO - [2025-04-05T10:14:20.123+0100] {dag.py:4180} INFO - Setting next_dagrun for example_setup_teardown to None, run_after=None
[2025-04-05T10:14:20.139+0100] {processor.py:208} INFO - Processing /home/Data_Professional/PycharmProjects/DE_Zoomcamp_Capstone_Project/.venv/lib/python3.10/site-packages/airflow/example_dags/example_setup_teardown.py took 0.072 seconds
