[2025-04-05T09:55:20.699+0100] {processor.py:186} INFO - Started process (PID=11845) to work on /home/Data_Professional/PycharmProjects/DE_Zoomcamp_Capstone_Project/.venv/lib/python3.10/site-packages/airflow/example_dags/example_sensors.py
[2025-04-05T09:55:20.700+0100] {processor.py:914} INFO - Processing file /home/Data_Professional/PycharmProjects/DE_Zoomcamp_Capstone_Project/.venv/lib/python3.10/site-packages/airflow/example_dags/example_sensors.py for tasks to queue
[2025-04-05T09:55:20.702+0100] {logging_mixin.py:190} INFO - [2025-04-05T09:55:20.701+0100] {dagbag.py:588} INFO - Filling up the DagBag from /home/Data_Professional/PycharmProjects/DE_Zoomcamp_Capstone_Project/.venv/lib/python3.10/site-packages/airflow/example_dags/example_sensors.py
[2025-04-05T09:55:20.714+0100] {processor.py:925} INFO - DAG(s) 'example_sensors' retrieved from /home/Data_Professional/PycharmProjects/DE_Zoomcamp_Capstone_Project/.venv/lib/python3.10/site-packages/airflow/example_dags/example_sensors.py
[2025-04-05T09:55:20.829+0100] {logging_mixin.py:190} INFO - [2025-04-05T09:55:20.828+0100] {override.py:1912} INFO - Created Permission View: can read on DAG:example_sensors
[2025-04-05T09:55:20.860+0100] {logging_mixin.py:190} INFO - [2025-04-05T09:55:20.859+0100] {override.py:1912} INFO - Created Permission View: can delete on DAG:example_sensors
[2025-04-05T09:55:20.882+0100] {logging_mixin.py:190} INFO - [2025-04-05T09:55:20.881+0100] {override.py:1912} INFO - Created Permission View: can edit on DAG:example_sensors
[2025-04-05T09:55:20.894+0100] {logging_mixin.py:190} INFO - [2025-04-05T09:55:20.893+0100] {override.py:1912} INFO - Created Permission View: can create on DAG Run:example_sensors
[2025-04-05T09:55:20.907+0100] {logging_mixin.py:190} INFO - [2025-04-05T09:55:20.906+0100] {override.py:1912} INFO - Created Permission View: can read on DAG Run:example_sensors
[2025-04-05T09:55:20.927+0100] {logging_mixin.py:190} INFO - [2025-04-05T09:55:20.927+0100] {override.py:1912} INFO - Created Permission View: can delete on DAG Run:example_sensors
[2025-04-05T09:55:20.944+0100] {logging_mixin.py:190} INFO - [2025-04-05T09:55:20.943+0100] {override.py:1912} INFO - Created Permission View: menu access on DAG Run:example_sensors
[2025-04-05T09:55:20.945+0100] {logging_mixin.py:190} INFO - [2025-04-05T09:55:20.945+0100] {dag.py:3239} INFO - Sync 1 DAGs
[2025-04-05T09:55:20.966+0100] {logging_mixin.py:190} INFO - [2025-04-05T09:55:20.965+0100] {dag.py:3262} INFO - Creating ORM DAG for example_sensors
[2025-04-05T09:55:20.967+0100] {logging_mixin.py:190} INFO - [2025-04-05T09:55:20.967+0100] {dag.py:4180} INFO - Setting next_dagrun for example_sensors to None, run_after=None
[2025-04-05T09:55:20.994+0100] {processor.py:208} INFO - Processing /home/Data_Professional/PycharmProjects/DE_Zoomcamp_Capstone_Project/.venv/lib/python3.10/site-packages/airflow/example_dags/example_sensors.py took 0.300 seconds
[2025-04-05T09:56:24.924+0100] {processor.py:186} INFO - Started process (PID=12158) to work on /home/Data_Professional/PycharmProjects/DE_Zoomcamp_Capstone_Project/.venv/lib/python3.10/site-packages/airflow/example_dags/example_sensors.py
[2025-04-05T09:56:24.926+0100] {processor.py:914} INFO - Processing file /home/Data_Professional/PycharmProjects/DE_Zoomcamp_Capstone_Project/.venv/lib/python3.10/site-packages/airflow/example_dags/example_sensors.py for tasks to queue
[2025-04-05T09:56:24.928+0100] {logging_mixin.py:190} INFO - [2025-04-05T09:56:24.928+0100] {dagbag.py:588} INFO - Filling up the DagBag from /home/Data_Professional/PycharmProjects/DE_Zoomcamp_Capstone_Project/.venv/lib/python3.10/site-packages/airflow/example_dags/example_sensors.py
[2025-04-05T09:56:24.939+0100] {processor.py:925} INFO - DAG(s) 'example_sensors' retrieved from /home/Data_Professional/PycharmProjects/DE_Zoomcamp_Capstone_Project/.venv/lib/python3.10/site-packages/airflow/example_dags/example_sensors.py
[2025-04-05T09:56:24.958+0100] {logging_mixin.py:190} INFO - [2025-04-05T09:56:24.958+0100] {dag.py:3239} INFO - Sync 1 DAGs
[2025-04-05T09:56:24.969+0100] {logging_mixin.py:190} INFO - [2025-04-05T09:56:24.968+0100] {dag.py:4180} INFO - Setting next_dagrun for example_sensors to None, run_after=None
[2025-04-05T09:56:24.986+0100] {processor.py:208} INFO - Processing /home/Data_Professional/PycharmProjects/DE_Zoomcamp_Capstone_Project/.venv/lib/python3.10/site-packages/airflow/example_dags/example_sensors.py took 0.068 seconds
[2025-04-05T09:57:21.849+0100] {processor.py:186} INFO - Started process (PID=12279) to work on /home/Data_Professional/PycharmProjects/DE_Zoomcamp_Capstone_Project/.venv/lib/python3.10/site-packages/airflow/example_dags/example_sensors.py
[2025-04-05T09:57:21.851+0100] {processor.py:914} INFO - Processing file /home/Data_Professional/PycharmProjects/DE_Zoomcamp_Capstone_Project/.venv/lib/python3.10/site-packages/airflow/example_dags/example_sensors.py for tasks to queue
[2025-04-05T09:57:21.853+0100] {logging_mixin.py:190} INFO - [2025-04-05T09:57:21.852+0100] {dagbag.py:588} INFO - Filling up the DagBag from /home/Data_Professional/PycharmProjects/DE_Zoomcamp_Capstone_Project/.venv/lib/python3.10/site-packages/airflow/example_dags/example_sensors.py
[2025-04-05T09:57:21.861+0100] {processor.py:925} INFO - DAG(s) 'example_sensors' retrieved from /home/Data_Professional/PycharmProjects/DE_Zoomcamp_Capstone_Project/.venv/lib/python3.10/site-packages/airflow/example_dags/example_sensors.py
[2025-04-05T09:57:21.878+0100] {logging_mixin.py:190} INFO - [2025-04-05T09:57:21.878+0100] {dag.py:3239} INFO - Sync 1 DAGs
[2025-04-05T09:57:21.888+0100] {logging_mixin.py:190} INFO - [2025-04-05T09:57:21.887+0100] {dag.py:4180} INFO - Setting next_dagrun for example_sensors to None, run_after=None
[2025-04-05T09:57:21.912+0100] {processor.py:208} INFO - Processing /home/Data_Professional/PycharmProjects/DE_Zoomcamp_Capstone_Project/.venv/lib/python3.10/site-packages/airflow/example_dags/example_sensors.py took 0.068 seconds
[2025-04-05T09:58:16.374+0100] {processor.py:186} INFO - Started process (PID=12344) to work on /home/Data_Professional/PycharmProjects/DE_Zoomcamp_Capstone_Project/.venv/lib/python3.10/site-packages/airflow/example_dags/example_sensors.py
[2025-04-05T09:58:16.376+0100] {processor.py:914} INFO - Processing file /home/Data_Professional/PycharmProjects/DE_Zoomcamp_Capstone_Project/.venv/lib/python3.10/site-packages/airflow/example_dags/example_sensors.py for tasks to queue
[2025-04-05T09:58:16.378+0100] {logging_mixin.py:190} INFO - [2025-04-05T09:58:16.378+0100] {dagbag.py:588} INFO - Filling up the DagBag from /home/Data_Professional/PycharmProjects/DE_Zoomcamp_Capstone_Project/.venv/lib/python3.10/site-packages/airflow/example_dags/example_sensors.py
[2025-04-05T09:58:16.388+0100] {processor.py:925} INFO - DAG(s) 'example_sensors' retrieved from /home/Data_Professional/PycharmProjects/DE_Zoomcamp_Capstone_Project/.venv/lib/python3.10/site-packages/airflow/example_dags/example_sensors.py
[2025-04-05T09:58:16.406+0100] {logging_mixin.py:190} INFO - [2025-04-05T09:58:16.406+0100] {dag.py:3239} INFO - Sync 1 DAGs
[2025-04-05T09:58:16.416+0100] {logging_mixin.py:190} INFO - [2025-04-05T09:58:16.416+0100] {dag.py:4180} INFO - Setting next_dagrun for example_sensors to None, run_after=None
[2025-04-05T09:58:16.432+0100] {processor.py:208} INFO - Processing /home/Data_Professional/PycharmProjects/DE_Zoomcamp_Capstone_Project/.venv/lib/python3.10/site-packages/airflow/example_dags/example_sensors.py took 0.062 seconds
[2025-04-05T09:59:11.814+0100] {processor.py:186} INFO - Started process (PID=12415) to work on /home/Data_Professional/PycharmProjects/DE_Zoomcamp_Capstone_Project/.venv/lib/python3.10/site-packages/airflow/example_dags/example_sensors.py
[2025-04-05T09:59:11.816+0100] {processor.py:914} INFO - Processing file /home/Data_Professional/PycharmProjects/DE_Zoomcamp_Capstone_Project/.venv/lib/python3.10/site-packages/airflow/example_dags/example_sensors.py for tasks to queue
[2025-04-05T09:59:11.817+0100] {logging_mixin.py:190} INFO - [2025-04-05T09:59:11.817+0100] {dagbag.py:588} INFO - Filling up the DagBag from /home/Data_Professional/PycharmProjects/DE_Zoomcamp_Capstone_Project/.venv/lib/python3.10/site-packages/airflow/example_dags/example_sensors.py
[2025-04-05T09:59:11.826+0100] {processor.py:925} INFO - DAG(s) 'example_sensors' retrieved from /home/Data_Professional/PycharmProjects/DE_Zoomcamp_Capstone_Project/.venv/lib/python3.10/site-packages/airflow/example_dags/example_sensors.py
[2025-04-05T09:59:11.842+0100] {logging_mixin.py:190} INFO - [2025-04-05T09:59:11.842+0100] {dag.py:3239} INFO - Sync 1 DAGs
[2025-04-05T09:59:11.852+0100] {logging_mixin.py:190} INFO - [2025-04-05T09:59:11.851+0100] {dag.py:4180} INFO - Setting next_dagrun for example_sensors to None, run_after=None
[2025-04-05T09:59:11.868+0100] {processor.py:208} INFO - Processing /home/Data_Professional/PycharmProjects/DE_Zoomcamp_Capstone_Project/.venv/lib/python3.10/site-packages/airflow/example_dags/example_sensors.py took 0.059 seconds
[2025-04-05T10:00:09.955+0100] {processor.py:186} INFO - Started process (PID=12598) to work on /home/Data_Professional/PycharmProjects/DE_Zoomcamp_Capstone_Project/.venv/lib/python3.10/site-packages/airflow/example_dags/example_sensors.py
[2025-04-05T10:00:09.957+0100] {processor.py:914} INFO - Processing file /home/Data_Professional/PycharmProjects/DE_Zoomcamp_Capstone_Project/.venv/lib/python3.10/site-packages/airflow/example_dags/example_sensors.py for tasks to queue
[2025-04-05T10:00:09.959+0100] {logging_mixin.py:190} INFO - [2025-04-05T10:00:09.959+0100] {dagbag.py:588} INFO - Filling up the DagBag from /home/Data_Professional/PycharmProjects/DE_Zoomcamp_Capstone_Project/.venv/lib/python3.10/site-packages/airflow/example_dags/example_sensors.py
[2025-04-05T10:00:09.970+0100] {processor.py:925} INFO - DAG(s) 'example_sensors' retrieved from /home/Data_Professional/PycharmProjects/DE_Zoomcamp_Capstone_Project/.venv/lib/python3.10/site-packages/airflow/example_dags/example_sensors.py
[2025-04-05T10:00:09.989+0100] {logging_mixin.py:190} INFO - [2025-04-05T10:00:09.989+0100] {dag.py:3239} INFO - Sync 1 DAGs
[2025-04-05T10:00:10.000+0100] {logging_mixin.py:190} INFO - [2025-04-05T10:00:10.000+0100] {dag.py:4180} INFO - Setting next_dagrun for example_sensors to None, run_after=None
[2025-04-05T10:00:10.020+0100] {processor.py:208} INFO - Processing /home/Data_Professional/PycharmProjects/DE_Zoomcamp_Capstone_Project/.venv/lib/python3.10/site-packages/airflow/example_dags/example_sensors.py took 0.072 seconds
[2025-04-05T10:01:07.655+0100] {processor.py:186} INFO - Started process (PID=12853) to work on /home/Data_Professional/PycharmProjects/DE_Zoomcamp_Capstone_Project/.venv/lib/python3.10/site-packages/airflow/example_dags/example_sensors.py
[2025-04-05T10:01:07.658+0100] {processor.py:914} INFO - Processing file /home/Data_Professional/PycharmProjects/DE_Zoomcamp_Capstone_Project/.venv/lib/python3.10/site-packages/airflow/example_dags/example_sensors.py for tasks to queue
[2025-04-05T10:01:07.661+0100] {logging_mixin.py:190} INFO - [2025-04-05T10:01:07.660+0100] {dagbag.py:588} INFO - Filling up the DagBag from /home/Data_Professional/PycharmProjects/DE_Zoomcamp_Capstone_Project/.venv/lib/python3.10/site-packages/airflow/example_dags/example_sensors.py
[2025-04-05T10:01:07.677+0100] {processor.py:925} INFO - DAG(s) 'example_sensors' retrieved from /home/Data_Professional/PycharmProjects/DE_Zoomcamp_Capstone_Project/.venv/lib/python3.10/site-packages/airflow/example_dags/example_sensors.py
[2025-04-05T10:01:07.697+0100] {logging_mixin.py:190} INFO - [2025-04-05T10:01:07.697+0100] {dag.py:3239} INFO - Sync 1 DAGs
[2025-04-05T10:01:07.707+0100] {logging_mixin.py:190} INFO - [2025-04-05T10:01:07.706+0100] {dag.py:4180} INFO - Setting next_dagrun for example_sensors to None, run_after=None
[2025-04-05T10:01:07.723+0100] {processor.py:208} INFO - Processing /home/Data_Professional/PycharmProjects/DE_Zoomcamp_Capstone_Project/.venv/lib/python3.10/site-packages/airflow/example_dags/example_sensors.py took 0.078 seconds
[2025-04-05T10:02:05.307+0100] {processor.py:186} INFO - Started process (PID=12960) to work on /home/Data_Professional/PycharmProjects/DE_Zoomcamp_Capstone_Project/.venv/lib/python3.10/site-packages/airflow/example_dags/example_sensors.py
[2025-04-05T10:02:05.310+0100] {processor.py:914} INFO - Processing file /home/Data_Professional/PycharmProjects/DE_Zoomcamp_Capstone_Project/.venv/lib/python3.10/site-packages/airflow/example_dags/example_sensors.py for tasks to queue
[2025-04-05T10:02:05.315+0100] {logging_mixin.py:190} INFO - [2025-04-05T10:02:05.314+0100] {dagbag.py:588} INFO - Filling up the DagBag from /home/Data_Professional/PycharmProjects/DE_Zoomcamp_Capstone_Project/.venv/lib/python3.10/site-packages/airflow/example_dags/example_sensors.py
[2025-04-05T10:02:05.340+0100] {processor.py:925} INFO - DAG(s) 'example_sensors' retrieved from /home/Data_Professional/PycharmProjects/DE_Zoomcamp_Capstone_Project/.venv/lib/python3.10/site-packages/airflow/example_dags/example_sensors.py
[2025-04-05T10:02:05.361+0100] {logging_mixin.py:190} INFO - [2025-04-05T10:02:05.361+0100] {dag.py:3239} INFO - Sync 1 DAGs
[2025-04-05T10:02:05.371+0100] {logging_mixin.py:190} INFO - [2025-04-05T10:02:05.371+0100] {dag.py:4180} INFO - Setting next_dagrun for example_sensors to None, run_after=None
[2025-04-05T10:02:05.387+0100] {processor.py:208} INFO - Processing /home/Data_Professional/PycharmProjects/DE_Zoomcamp_Capstone_Project/.venv/lib/python3.10/site-packages/airflow/example_dags/example_sensors.py took 0.085 seconds
[2025-04-05T10:03:03.257+0100] {processor.py:186} INFO - Started process (PID=13105) to work on /home/Data_Professional/PycharmProjects/DE_Zoomcamp_Capstone_Project/.venv/lib/python3.10/site-packages/airflow/example_dags/example_sensors.py
[2025-04-05T10:03:03.259+0100] {processor.py:914} INFO - Processing file /home/Data_Professional/PycharmProjects/DE_Zoomcamp_Capstone_Project/.venv/lib/python3.10/site-packages/airflow/example_dags/example_sensors.py for tasks to queue
[2025-04-05T10:03:03.261+0100] {logging_mixin.py:190} INFO - [2025-04-05T10:03:03.260+0100] {dagbag.py:588} INFO - Filling up the DagBag from /home/Data_Professional/PycharmProjects/DE_Zoomcamp_Capstone_Project/.venv/lib/python3.10/site-packages/airflow/example_dags/example_sensors.py
[2025-04-05T10:03:03.274+0100] {processor.py:925} INFO - DAG(s) 'example_sensors' retrieved from /home/Data_Professional/PycharmProjects/DE_Zoomcamp_Capstone_Project/.venv/lib/python3.10/site-packages/airflow/example_dags/example_sensors.py
[2025-04-05T10:03:03.295+0100] {logging_mixin.py:190} INFO - [2025-04-05T10:03:03.295+0100] {dag.py:3239} INFO - Sync 1 DAGs
[2025-04-05T10:03:03.308+0100] {logging_mixin.py:190} INFO - [2025-04-05T10:03:03.308+0100] {dag.py:4180} INFO - Setting next_dagrun for example_sensors to None, run_after=None
[2025-04-05T10:03:03.329+0100] {processor.py:208} INFO - Processing /home/Data_Professional/PycharmProjects/DE_Zoomcamp_Capstone_Project/.venv/lib/python3.10/site-packages/airflow/example_dags/example_sensors.py took 0.081 seconds
[2025-04-05T10:04:02.881+0100] {processor.py:186} INFO - Started process (PID=13179) to work on /home/Data_Professional/PycharmProjects/DE_Zoomcamp_Capstone_Project/.venv/lib/python3.10/site-packages/airflow/example_dags/example_sensors.py
[2025-04-05T10:04:02.884+0100] {processor.py:914} INFO - Processing file /home/Data_Professional/PycharmProjects/DE_Zoomcamp_Capstone_Project/.venv/lib/python3.10/site-packages/airflow/example_dags/example_sensors.py for tasks to queue
[2025-04-05T10:04:02.887+0100] {logging_mixin.py:190} INFO - [2025-04-05T10:04:02.887+0100] {dagbag.py:588} INFO - Filling up the DagBag from /home/Data_Professional/PycharmProjects/DE_Zoomcamp_Capstone_Project/.venv/lib/python3.10/site-packages/airflow/example_dags/example_sensors.py
[2025-04-05T10:04:02.905+0100] {processor.py:925} INFO - DAG(s) 'example_sensors' retrieved from /home/Data_Professional/PycharmProjects/DE_Zoomcamp_Capstone_Project/.venv/lib/python3.10/site-packages/airflow/example_dags/example_sensors.py
[2025-04-05T10:04:02.925+0100] {logging_mixin.py:190} INFO - [2025-04-05T10:04:02.925+0100] {dag.py:3239} INFO - Sync 1 DAGs
[2025-04-05T10:04:02.935+0100] {logging_mixin.py:190} INFO - [2025-04-05T10:04:02.935+0100] {dag.py:4180} INFO - Setting next_dagrun for example_sensors to None, run_after=None
[2025-04-05T10:04:02.951+0100] {processor.py:208} INFO - Processing /home/Data_Professional/PycharmProjects/DE_Zoomcamp_Capstone_Project/.venv/lib/python3.10/site-packages/airflow/example_dags/example_sensors.py took 0.081 seconds
[2025-04-05T10:05:03.524+0100] {processor.py:186} INFO - Started process (PID=13452) to work on /home/Data_Professional/PycharmProjects/DE_Zoomcamp_Capstone_Project/.venv/lib/python3.10/site-packages/airflow/example_dags/example_sensors.py
[2025-04-05T10:05:03.527+0100] {processor.py:914} INFO - Processing file /home/Data_Professional/PycharmProjects/DE_Zoomcamp_Capstone_Project/.venv/lib/python3.10/site-packages/airflow/example_dags/example_sensors.py for tasks to queue
[2025-04-05T10:05:03.530+0100] {logging_mixin.py:190} INFO - [2025-04-05T10:05:03.529+0100] {dagbag.py:588} INFO - Filling up the DagBag from /home/Data_Professional/PycharmProjects/DE_Zoomcamp_Capstone_Project/.venv/lib/python3.10/site-packages/airflow/example_dags/example_sensors.py
[2025-04-05T10:05:03.547+0100] {processor.py:925} INFO - DAG(s) 'example_sensors' retrieved from /home/Data_Professional/PycharmProjects/DE_Zoomcamp_Capstone_Project/.venv/lib/python3.10/site-packages/airflow/example_dags/example_sensors.py
[2025-04-05T10:05:03.566+0100] {logging_mixin.py:190} INFO - [2025-04-05T10:05:03.566+0100] {dag.py:3239} INFO - Sync 1 DAGs
[2025-04-05T10:05:03.577+0100] {logging_mixin.py:190} INFO - [2025-04-05T10:05:03.576+0100] {dag.py:4180} INFO - Setting next_dagrun for example_sensors to None, run_after=None
[2025-04-05T10:05:03.594+0100] {processor.py:208} INFO - Processing /home/Data_Professional/PycharmProjects/DE_Zoomcamp_Capstone_Project/.venv/lib/python3.10/site-packages/airflow/example_dags/example_sensors.py took 0.079 seconds
[2025-04-05T10:06:05.301+0100] {processor.py:186} INFO - Started process (PID=13634) to work on /home/Data_Professional/PycharmProjects/DE_Zoomcamp_Capstone_Project/.venv/lib/python3.10/site-packages/airflow/example_dags/example_sensors.py
[2025-04-05T10:06:05.302+0100] {processor.py:914} INFO - Processing file /home/Data_Professional/PycharmProjects/DE_Zoomcamp_Capstone_Project/.venv/lib/python3.10/site-packages/airflow/example_dags/example_sensors.py for tasks to queue
[2025-04-05T10:06:05.303+0100] {logging_mixin.py:190} INFO - [2025-04-05T10:06:05.303+0100] {dagbag.py:588} INFO - Filling up the DagBag from /home/Data_Professional/PycharmProjects/DE_Zoomcamp_Capstone_Project/.venv/lib/python3.10/site-packages/airflow/example_dags/example_sensors.py
[2025-04-05T10:06:05.313+0100] {processor.py:925} INFO - DAG(s) 'example_sensors' retrieved from /home/Data_Professional/PycharmProjects/DE_Zoomcamp_Capstone_Project/.venv/lib/python3.10/site-packages/airflow/example_dags/example_sensors.py
[2025-04-05T10:06:05.333+0100] {logging_mixin.py:190} INFO - [2025-04-05T10:06:05.332+0100] {dag.py:3239} INFO - Sync 1 DAGs
[2025-04-05T10:06:05.343+0100] {logging_mixin.py:190} INFO - [2025-04-05T10:06:05.343+0100] {dag.py:4180} INFO - Setting next_dagrun for example_sensors to None, run_after=None
[2025-04-05T10:06:05.359+0100] {processor.py:208} INFO - Processing /home/Data_Professional/PycharmProjects/DE_Zoomcamp_Capstone_Project/.venv/lib/python3.10/site-packages/airflow/example_dags/example_sensors.py took 0.063 seconds
[2025-04-05T10:07:07.348+0100] {processor.py:186} INFO - Started process (PID=13830) to work on /home/Data_Professional/PycharmProjects/DE_Zoomcamp_Capstone_Project/.venv/lib/python3.10/site-packages/airflow/example_dags/example_sensors.py
[2025-04-05T10:07:07.350+0100] {processor.py:914} INFO - Processing file /home/Data_Professional/PycharmProjects/DE_Zoomcamp_Capstone_Project/.venv/lib/python3.10/site-packages/airflow/example_dags/example_sensors.py for tasks to queue
[2025-04-05T10:07:07.351+0100] {logging_mixin.py:190} INFO - [2025-04-05T10:07:07.351+0100] {dagbag.py:588} INFO - Filling up the DagBag from /home/Data_Professional/PycharmProjects/DE_Zoomcamp_Capstone_Project/.venv/lib/python3.10/site-packages/airflow/example_dags/example_sensors.py
[2025-04-05T10:07:07.361+0100] {processor.py:925} INFO - DAG(s) 'example_sensors' retrieved from /home/Data_Professional/PycharmProjects/DE_Zoomcamp_Capstone_Project/.venv/lib/python3.10/site-packages/airflow/example_dags/example_sensors.py
[2025-04-05T10:07:07.379+0100] {logging_mixin.py:190} INFO - [2025-04-05T10:07:07.379+0100] {dag.py:3239} INFO - Sync 1 DAGs
[2025-04-05T10:07:07.389+0100] {logging_mixin.py:190} INFO - [2025-04-05T10:07:07.389+0100] {dag.py:4180} INFO - Setting next_dagrun for example_sensors to None, run_after=None
[2025-04-05T10:07:07.417+0100] {processor.py:208} INFO - Processing /home/Data_Professional/PycharmProjects/DE_Zoomcamp_Capstone_Project/.venv/lib/python3.10/site-packages/airflow/example_dags/example_sensors.py took 0.074 seconds
[2025-04-05T10:08:10.142+0100] {processor.py:186} INFO - Started process (PID=14113) to work on /home/Data_Professional/PycharmProjects/DE_Zoomcamp_Capstone_Project/.venv/lib/python3.10/site-packages/airflow/example_dags/example_sensors.py
[2025-04-05T10:08:10.147+0100] {processor.py:914} INFO - Processing file /home/Data_Professional/PycharmProjects/DE_Zoomcamp_Capstone_Project/.venv/lib/python3.10/site-packages/airflow/example_dags/example_sensors.py for tasks to queue
[2025-04-05T10:08:10.151+0100] {logging_mixin.py:190} INFO - [2025-04-05T10:08:10.150+0100] {dagbag.py:588} INFO - Filling up the DagBag from /home/Data_Professional/PycharmProjects/DE_Zoomcamp_Capstone_Project/.venv/lib/python3.10/site-packages/airflow/example_dags/example_sensors.py
[2025-04-05T10:08:10.188+0100] {processor.py:925} INFO - DAG(s) 'example_sensors' retrieved from /home/Data_Professional/PycharmProjects/DE_Zoomcamp_Capstone_Project/.venv/lib/python3.10/site-packages/airflow/example_dags/example_sensors.py
[2025-04-05T10:08:10.217+0100] {logging_mixin.py:190} INFO - [2025-04-05T10:08:10.217+0100] {dag.py:3239} INFO - Sync 1 DAGs
[2025-04-05T10:08:10.228+0100] {logging_mixin.py:190} INFO - [2025-04-05T10:08:10.228+0100] {dag.py:4180} INFO - Setting next_dagrun for example_sensors to None, run_after=None
[2025-04-05T10:08:10.246+0100] {processor.py:208} INFO - Processing /home/Data_Professional/PycharmProjects/DE_Zoomcamp_Capstone_Project/.venv/lib/python3.10/site-packages/airflow/example_dags/example_sensors.py took 0.124 seconds
[2025-04-05T10:09:20.213+0100] {processor.py:186} INFO - Started process (PID=14318) to work on /home/Data_Professional/PycharmProjects/DE_Zoomcamp_Capstone_Project/.venv/lib/python3.10/site-packages/airflow/example_dags/example_sensors.py
[2025-04-05T10:09:20.215+0100] {processor.py:914} INFO - Processing file /home/Data_Professional/PycharmProjects/DE_Zoomcamp_Capstone_Project/.venv/lib/python3.10/site-packages/airflow/example_dags/example_sensors.py for tasks to queue
[2025-04-05T10:09:20.216+0100] {logging_mixin.py:190} INFO - [2025-04-05T10:09:20.216+0100] {dagbag.py:588} INFO - Filling up the DagBag from /home/Data_Professional/PycharmProjects/DE_Zoomcamp_Capstone_Project/.venv/lib/python3.10/site-packages/airflow/example_dags/example_sensors.py
[2025-04-05T10:09:20.226+0100] {processor.py:925} INFO - DAG(s) 'example_sensors' retrieved from /home/Data_Professional/PycharmProjects/DE_Zoomcamp_Capstone_Project/.venv/lib/python3.10/site-packages/airflow/example_dags/example_sensors.py
[2025-04-05T10:09:20.245+0100] {logging_mixin.py:190} INFO - [2025-04-05T10:09:20.244+0100] {dag.py:3239} INFO - Sync 1 DAGs
[2025-04-05T10:09:20.255+0100] {logging_mixin.py:190} INFO - [2025-04-05T10:09:20.255+0100] {dag.py:4180} INFO - Setting next_dagrun for example_sensors to None, run_after=None
[2025-04-05T10:09:20.271+0100] {processor.py:208} INFO - Processing /home/Data_Professional/PycharmProjects/DE_Zoomcamp_Capstone_Project/.venv/lib/python3.10/site-packages/airflow/example_dags/example_sensors.py took 0.064 seconds
[2025-04-05T10:10:19.406+0100] {processor.py:186} INFO - Started process (PID=14453) to work on /home/Data_Professional/PycharmProjects/DE_Zoomcamp_Capstone_Project/.venv/lib/python3.10/site-packages/airflow/example_dags/example_sensors.py
[2025-04-05T10:10:19.407+0100] {processor.py:914} INFO - Processing file /home/Data_Professional/PycharmProjects/DE_Zoomcamp_Capstone_Project/.venv/lib/python3.10/site-packages/airflow/example_dags/example_sensors.py for tasks to queue
[2025-04-05T10:10:19.409+0100] {logging_mixin.py:190} INFO - [2025-04-05T10:10:19.408+0100] {dagbag.py:588} INFO - Filling up the DagBag from /home/Data_Professional/PycharmProjects/DE_Zoomcamp_Capstone_Project/.venv/lib/python3.10/site-packages/airflow/example_dags/example_sensors.py
[2025-04-05T10:10:19.425+0100] {processor.py:925} INFO - DAG(s) 'example_sensors' retrieved from /home/Data_Professional/PycharmProjects/DE_Zoomcamp_Capstone_Project/.venv/lib/python3.10/site-packages/airflow/example_dags/example_sensors.py
[2025-04-05T10:10:19.446+0100] {logging_mixin.py:190} INFO - [2025-04-05T10:10:19.446+0100] {dag.py:3239} INFO - Sync 1 DAGs
[2025-04-05T10:10:19.455+0100] {logging_mixin.py:190} INFO - [2025-04-05T10:10:19.455+0100] {dag.py:4180} INFO - Setting next_dagrun for example_sensors to None, run_after=None
[2025-04-05T10:10:19.471+0100] {processor.py:208} INFO - Processing /home/Data_Professional/PycharmProjects/DE_Zoomcamp_Capstone_Project/.venv/lib/python3.10/site-packages/airflow/example_dags/example_sensors.py took 0.075 seconds
[2025-04-05T10:11:20.348+0100] {processor.py:186} INFO - Started process (PID=14668) to work on /home/Data_Professional/PycharmProjects/DE_Zoomcamp_Capstone_Project/.venv/lib/python3.10/site-packages/airflow/example_dags/example_sensors.py
[2025-04-05T10:11:20.353+0100] {processor.py:914} INFO - Processing file /home/Data_Professional/PycharmProjects/DE_Zoomcamp_Capstone_Project/.venv/lib/python3.10/site-packages/airflow/example_dags/example_sensors.py for tasks to queue
[2025-04-05T10:11:20.356+0100] {logging_mixin.py:190} INFO - [2025-04-05T10:11:20.355+0100] {dagbag.py:588} INFO - Filling up the DagBag from /home/Data_Professional/PycharmProjects/DE_Zoomcamp_Capstone_Project/.venv/lib/python3.10/site-packages/airflow/example_dags/example_sensors.py
[2025-04-05T10:11:20.380+0100] {processor.py:925} INFO - DAG(s) 'example_sensors' retrieved from /home/Data_Professional/PycharmProjects/DE_Zoomcamp_Capstone_Project/.venv/lib/python3.10/site-packages/airflow/example_dags/example_sensors.py
[2025-04-05T10:11:20.404+0100] {logging_mixin.py:190} INFO - [2025-04-05T10:11:20.404+0100] {dag.py:3239} INFO - Sync 1 DAGs
[2025-04-05T10:11:20.415+0100] {logging_mixin.py:190} INFO - [2025-04-05T10:11:20.415+0100] {dag.py:4180} INFO - Setting next_dagrun for example_sensors to None, run_after=None
[2025-04-05T10:11:20.431+0100] {processor.py:208} INFO - Processing /home/Data_Professional/PycharmProjects/DE_Zoomcamp_Capstone_Project/.venv/lib/python3.10/site-packages/airflow/example_dags/example_sensors.py took 0.100 seconds
[2025-04-05T10:12:22.687+0100] {processor.py:186} INFO - Started process (PID=15022) to work on /home/Data_Professional/PycharmProjects/DE_Zoomcamp_Capstone_Project/.venv/lib/python3.10/site-packages/airflow/example_dags/example_sensors.py
[2025-04-05T10:12:22.690+0100] {processor.py:914} INFO - Processing file /home/Data_Professional/PycharmProjects/DE_Zoomcamp_Capstone_Project/.venv/lib/python3.10/site-packages/airflow/example_dags/example_sensors.py for tasks to queue
[2025-04-05T10:12:22.693+0100] {logging_mixin.py:190} INFO - [2025-04-05T10:12:22.692+0100] {dagbag.py:588} INFO - Filling up the DagBag from /home/Data_Professional/PycharmProjects/DE_Zoomcamp_Capstone_Project/.venv/lib/python3.10/site-packages/airflow/example_dags/example_sensors.py
[2025-04-05T10:12:22.709+0100] {processor.py:925} INFO - DAG(s) 'example_sensors' retrieved from /home/Data_Professional/PycharmProjects/DE_Zoomcamp_Capstone_Project/.venv/lib/python3.10/site-packages/airflow/example_dags/example_sensors.py
[2025-04-05T10:12:22.729+0100] {logging_mixin.py:190} INFO - [2025-04-05T10:12:22.728+0100] {dag.py:3239} INFO - Sync 1 DAGs
[2025-04-05T10:12:22.740+0100] {logging_mixin.py:190} INFO - [2025-04-05T10:12:22.739+0100] {dag.py:4180} INFO - Setting next_dagrun for example_sensors to None, run_after=None
[2025-04-05T10:12:22.846+0100] {processor.py:208} INFO - Processing /home/Data_Professional/PycharmProjects/DE_Zoomcamp_Capstone_Project/.venv/lib/python3.10/site-packages/airflow/example_dags/example_sensors.py took 0.171 seconds
[2025-04-05T10:13:23.537+0100] {processor.py:186} INFO - Started process (PID=15116) to work on /home/Data_Professional/PycharmProjects/DE_Zoomcamp_Capstone_Project/.venv/lib/python3.10/site-packages/airflow/example_dags/example_sensors.py
[2025-04-05T10:13:23.540+0100] {processor.py:914} INFO - Processing file /home/Data_Professional/PycharmProjects/DE_Zoomcamp_Capstone_Project/.venv/lib/python3.10/site-packages/airflow/example_dags/example_sensors.py for tasks to queue
[2025-04-05T10:13:23.542+0100] {logging_mixin.py:190} INFO - [2025-04-05T10:13:23.542+0100] {dagbag.py:588} INFO - Filling up the DagBag from /home/Data_Professional/PycharmProjects/DE_Zoomcamp_Capstone_Project/.venv/lib/python3.10/site-packages/airflow/example_dags/example_sensors.py
[2025-04-05T10:13:23.563+0100] {processor.py:925} INFO - DAG(s) 'example_sensors' retrieved from /home/Data_Professional/PycharmProjects/DE_Zoomcamp_Capstone_Project/.venv/lib/python3.10/site-packages/airflow/example_dags/example_sensors.py
[2025-04-05T10:13:23.583+0100] {logging_mixin.py:190} INFO - [2025-04-05T10:13:23.582+0100] {dag.py:3239} INFO - Sync 1 DAGs
[2025-04-05T10:13:23.592+0100] {logging_mixin.py:190} INFO - [2025-04-05T10:13:23.592+0100] {dag.py:4180} INFO - Setting next_dagrun for example_sensors to None, run_after=None
[2025-04-05T10:13:23.609+0100] {processor.py:208} INFO - Processing /home/Data_Professional/PycharmProjects/DE_Zoomcamp_Capstone_Project/.venv/lib/python3.10/site-packages/airflow/example_dags/example_sensors.py took 0.085 seconds
[2025-04-05T10:14:18.915+0100] {processor.py:186} INFO - Started process (PID=15199) to work on /home/Data_Professional/PycharmProjects/DE_Zoomcamp_Capstone_Project/.venv/lib/python3.10/site-packages/airflow/example_dags/example_sensors.py
[2025-04-05T10:14:18.918+0100] {processor.py:914} INFO - Processing file /home/Data_Professional/PycharmProjects/DE_Zoomcamp_Capstone_Project/.venv/lib/python3.10/site-packages/airflow/example_dags/example_sensors.py for tasks to queue
[2025-04-05T10:14:18.919+0100] {logging_mixin.py:190} INFO - [2025-04-05T10:14:18.919+0100] {dagbag.py:588} INFO - Filling up the DagBag from /home/Data_Professional/PycharmProjects/DE_Zoomcamp_Capstone_Project/.venv/lib/python3.10/site-packages/airflow/example_dags/example_sensors.py
[2025-04-05T10:14:18.929+0100] {processor.py:925} INFO - DAG(s) 'example_sensors' retrieved from /home/Data_Professional/PycharmProjects/DE_Zoomcamp_Capstone_Project/.venv/lib/python3.10/site-packages/airflow/example_dags/example_sensors.py
[2025-04-05T10:14:18.945+0100] {logging_mixin.py:190} INFO - [2025-04-05T10:14:18.945+0100] {dag.py:3239} INFO - Sync 1 DAGs
[2025-04-05T10:14:18.955+0100] {logging_mixin.py:190} INFO - [2025-04-05T10:14:18.955+0100] {dag.py:4180} INFO - Setting next_dagrun for example_sensors to None, run_after=None
[2025-04-05T10:14:18.972+0100] {processor.py:208} INFO - Processing /home/Data_Professional/PycharmProjects/DE_Zoomcamp_Capstone_Project/.venv/lib/python3.10/site-packages/airflow/example_dags/example_sensors.py took 0.061 seconds
