[2025-04-05T09:55:44.317+0100] {processor.py:186} INFO - Started process (PID=11945) to work on /home/Data_Professional/PycharmProjects/DE_Zoomcamp_Capstone_Project/.venv/lib/python3.10/site-packages/airflow/example_dags/example_latest_only.py
[2025-04-05T09:55:44.318+0100] {processor.py:914} INFO - Processing file /home/Data_Professional/PycharmProjects/DE_Zoomcamp_Capstone_Project/.venv/lib/python3.10/site-packages/airflow/example_dags/example_latest_only.py for tasks to queue
[2025-04-05T09:55:44.319+0100] {logging_mixin.py:190} INFO - [2025-04-05T09:55:44.319+0100] {dagbag.py:588} INFO - Filling up the DagBag from /home/Data_Professional/PycharmProjects/DE_Zoomcamp_Capstone_Project/.venv/lib/python3.10/site-packages/airflow/example_dags/example_latest_only.py
[2025-04-05T09:55:44.325+0100] {processor.py:925} INFO - DAG(s) 'latest_only' retrieved from /home/Data_Professional/PycharmProjects/DE_Zoomcamp_Capstone_Project/.venv/lib/python3.10/site-packages/airflow/example_dags/example_latest_only.py
[2025-04-05T09:55:44.403+0100] {logging_mixin.py:190} INFO - [2025-04-05T09:55:44.402+0100] {override.py:1912} INFO - Created Permission View: can read on DAG:latest_only
[2025-04-05T09:55:44.412+0100] {logging_mixin.py:190} INFO - [2025-04-05T09:55:44.411+0100] {override.py:1912} INFO - Created Permission View: can delete on DAG:latest_only
[2025-04-05T09:55:44.418+0100] {logging_mixin.py:190} INFO - [2025-04-05T09:55:44.418+0100] {override.py:1912} INFO - Created Permission View: can edit on DAG:latest_only
[2025-04-05T09:55:44.430+0100] {logging_mixin.py:190} INFO - [2025-04-05T09:55:44.429+0100] {override.py:1912} INFO - Created Permission View: can create on DAG Run:latest_only
[2025-04-05T09:55:44.449+0100] {logging_mixin.py:190} INFO - [2025-04-05T09:55:44.448+0100] {override.py:1912} INFO - Created Permission View: can read on DAG Run:latest_only
[2025-04-05T09:55:44.467+0100] {logging_mixin.py:190} INFO - [2025-04-05T09:55:44.466+0100] {override.py:1912} INFO - Created Permission View: can delete on DAG Run:latest_only
[2025-04-05T09:55:44.489+0100] {logging_mixin.py:190} INFO - [2025-04-05T09:55:44.488+0100] {override.py:1912} INFO - Created Permission View: menu access on DAG Run:latest_only
[2025-04-05T09:55:44.490+0100] {logging_mixin.py:190} INFO - [2025-04-05T09:55:44.490+0100] {dag.py:3239} INFO - Sync 1 DAGs
[2025-04-05T09:55:44.527+0100] {logging_mixin.py:190} INFO - [2025-04-05T09:55:44.526+0100] {dag.py:3262} INFO - Creating ORM DAG for latest_only
[2025-04-05T09:55:44.543+0100] {logging_mixin.py:190} INFO - [2025-04-05T09:55:44.543+0100] {dag.py:4180} INFO - Setting next_dagrun for latest_only to 2025-04-05 04:00:00+00:00, run_after=2025-04-05 08:00:00+00:00
[2025-04-05T09:55:44.563+0100] {processor.py:208} INFO - Processing /home/Data_Professional/PycharmProjects/DE_Zoomcamp_Capstone_Project/.venv/lib/python3.10/site-packages/airflow/example_dags/example_latest_only.py took 0.251 seconds
[2025-04-05T09:56:49.629+0100] {processor.py:186} INFO - Started process (PID=12242) to work on /home/Data_Professional/PycharmProjects/DE_Zoomcamp_Capstone_Project/.venv/lib/python3.10/site-packages/airflow/example_dags/example_latest_only.py
[2025-04-05T09:56:49.632+0100] {processor.py:914} INFO - Processing file /home/Data_Professional/PycharmProjects/DE_Zoomcamp_Capstone_Project/.venv/lib/python3.10/site-packages/airflow/example_dags/example_latest_only.py for tasks to queue
[2025-04-05T09:56:49.636+0100] {logging_mixin.py:190} INFO - [2025-04-05T09:56:49.635+0100] {dagbag.py:588} INFO - Filling up the DagBag from /home/Data_Professional/PycharmProjects/DE_Zoomcamp_Capstone_Project/.venv/lib/python3.10/site-packages/airflow/example_dags/example_latest_only.py
[2025-04-05T09:56:49.645+0100] {processor.py:925} INFO - DAG(s) 'latest_only' retrieved from /home/Data_Professional/PycharmProjects/DE_Zoomcamp_Capstone_Project/.venv/lib/python3.10/site-packages/airflow/example_dags/example_latest_only.py
[2025-04-05T09:56:49.658+0100] {logging_mixin.py:190} INFO - [2025-04-05T09:56:49.658+0100] {dag.py:3239} INFO - Sync 1 DAGs
[2025-04-05T09:56:49.674+0100] {logging_mixin.py:190} INFO - [2025-04-05T09:56:49.674+0100] {dag.py:4180} INFO - Setting next_dagrun for latest_only to 2025-04-05 04:00:00+00:00, run_after=2025-04-05 08:00:00+00:00
[2025-04-05T09:56:49.702+0100] {processor.py:208} INFO - Processing /home/Data_Professional/PycharmProjects/DE_Zoomcamp_Capstone_Project/.venv/lib/python3.10/site-packages/airflow/example_dags/example_latest_only.py took 0.092 seconds
[2025-04-05T09:57:46.123+0100] {processor.py:186} INFO - Started process (PID=12308) to work on /home/Data_Professional/PycharmProjects/DE_Zoomcamp_Capstone_Project/.venv/lib/python3.10/site-packages/airflow/example_dags/example_latest_only.py
[2025-04-05T09:57:46.127+0100] {processor.py:914} INFO - Processing file /home/Data_Professional/PycharmProjects/DE_Zoomcamp_Capstone_Project/.venv/lib/python3.10/site-packages/airflow/example_dags/example_latest_only.py for tasks to queue
[2025-04-05T09:57:46.131+0100] {logging_mixin.py:190} INFO - [2025-04-05T09:57:46.130+0100] {dagbag.py:588} INFO - Filling up the DagBag from /home/Data_Professional/PycharmProjects/DE_Zoomcamp_Capstone_Project/.venv/lib/python3.10/site-packages/airflow/example_dags/example_latest_only.py
[2025-04-05T09:57:46.143+0100] {processor.py:925} INFO - DAG(s) 'latest_only' retrieved from /home/Data_Professional/PycharmProjects/DE_Zoomcamp_Capstone_Project/.venv/lib/python3.10/site-packages/airflow/example_dags/example_latest_only.py
[2025-04-05T09:57:46.158+0100] {logging_mixin.py:190} INFO - [2025-04-05T09:57:46.158+0100] {dag.py:3239} INFO - Sync 1 DAGs
[2025-04-05T09:57:46.174+0100] {logging_mixin.py:190} INFO - [2025-04-05T09:57:46.174+0100] {dag.py:4180} INFO - Setting next_dagrun for latest_only to 2025-04-05 04:00:00+00:00, run_after=2025-04-05 08:00:00+00:00
[2025-04-05T09:57:46.191+0100] {processor.py:208} INFO - Processing /home/Data_Professional/PycharmProjects/DE_Zoomcamp_Capstone_Project/.venv/lib/python3.10/site-packages/airflow/example_dags/example_latest_only.py took 0.083 seconds
[2025-04-05T09:58:43.167+0100] {processor.py:186} INFO - Started process (PID=12377) to work on /home/Data_Professional/PycharmProjects/DE_Zoomcamp_Capstone_Project/.venv/lib/python3.10/site-packages/airflow/example_dags/example_latest_only.py
[2025-04-05T09:58:43.170+0100] {processor.py:914} INFO - Processing file /home/Data_Professional/PycharmProjects/DE_Zoomcamp_Capstone_Project/.venv/lib/python3.10/site-packages/airflow/example_dags/example_latest_only.py for tasks to queue
[2025-04-05T09:58:43.174+0100] {logging_mixin.py:190} INFO - [2025-04-05T09:58:43.173+0100] {dagbag.py:588} INFO - Filling up the DagBag from /home/Data_Professional/PycharmProjects/DE_Zoomcamp_Capstone_Project/.venv/lib/python3.10/site-packages/airflow/example_dags/example_latest_only.py
[2025-04-05T09:58:43.190+0100] {processor.py:925} INFO - DAG(s) 'latest_only' retrieved from /home/Data_Professional/PycharmProjects/DE_Zoomcamp_Capstone_Project/.venv/lib/python3.10/site-packages/airflow/example_dags/example_latest_only.py
[2025-04-05T09:58:43.207+0100] {logging_mixin.py:190} INFO - [2025-04-05T09:58:43.207+0100] {dag.py:3239} INFO - Sync 1 DAGs
[2025-04-05T09:58:43.224+0100] {logging_mixin.py:190} INFO - [2025-04-05T09:58:43.224+0100] {dag.py:4180} INFO - Setting next_dagrun for latest_only to 2025-04-05 04:00:00+00:00, run_after=2025-04-05 08:00:00+00:00
[2025-04-05T09:58:43.240+0100] {processor.py:208} INFO - Processing /home/Data_Professional/PycharmProjects/DE_Zoomcamp_Capstone_Project/.venv/lib/python3.10/site-packages/airflow/example_dags/example_latest_only.py took 0.078 seconds
[2025-04-05T09:59:39.322+0100] {processor.py:186} INFO - Started process (PID=12459) to work on /home/Data_Professional/PycharmProjects/DE_Zoomcamp_Capstone_Project/.venv/lib/python3.10/site-packages/airflow/example_dags/example_latest_only.py
[2025-04-05T09:59:39.325+0100] {processor.py:914} INFO - Processing file /home/Data_Professional/PycharmProjects/DE_Zoomcamp_Capstone_Project/.venv/lib/python3.10/site-packages/airflow/example_dags/example_latest_only.py for tasks to queue
[2025-04-05T09:59:39.328+0100] {logging_mixin.py:190} INFO - [2025-04-05T09:59:39.327+0100] {dagbag.py:588} INFO - Filling up the DagBag from /home/Data_Professional/PycharmProjects/DE_Zoomcamp_Capstone_Project/.venv/lib/python3.10/site-packages/airflow/example_dags/example_latest_only.py
[2025-04-05T09:59:39.339+0100] {processor.py:925} INFO - DAG(s) 'latest_only' retrieved from /home/Data_Professional/PycharmProjects/DE_Zoomcamp_Capstone_Project/.venv/lib/python3.10/site-packages/airflow/example_dags/example_latest_only.py
[2025-04-05T09:59:39.355+0100] {logging_mixin.py:190} INFO - [2025-04-05T09:59:39.355+0100] {dag.py:3239} INFO - Sync 1 DAGs
[2025-04-05T09:59:39.371+0100] {logging_mixin.py:190} INFO - [2025-04-05T09:59:39.371+0100] {dag.py:4180} INFO - Setting next_dagrun for latest_only to 2025-04-05 04:00:00+00:00, run_after=2025-04-05 08:00:00+00:00
[2025-04-05T09:59:39.387+0100] {processor.py:208} INFO - Processing /home/Data_Professional/PycharmProjects/DE_Zoomcamp_Capstone_Project/.venv/lib/python3.10/site-packages/airflow/example_dags/example_latest_only.py took 0.075 seconds
[2025-04-05T10:00:38.532+0100] {processor.py:186} INFO - Started process (PID=12797) to work on /home/Data_Professional/PycharmProjects/DE_Zoomcamp_Capstone_Project/.venv/lib/python3.10/site-packages/airflow/example_dags/example_latest_only.py
[2025-04-05T10:00:38.535+0100] {processor.py:914} INFO - Processing file /home/Data_Professional/PycharmProjects/DE_Zoomcamp_Capstone_Project/.venv/lib/python3.10/site-packages/airflow/example_dags/example_latest_only.py for tasks to queue
[2025-04-05T10:00:38.537+0100] {logging_mixin.py:190} INFO - [2025-04-05T10:00:38.537+0100] {dagbag.py:588} INFO - Filling up the DagBag from /home/Data_Professional/PycharmProjects/DE_Zoomcamp_Capstone_Project/.venv/lib/python3.10/site-packages/airflow/example_dags/example_latest_only.py
[2025-04-05T10:00:38.543+0100] {processor.py:925} INFO - DAG(s) 'latest_only' retrieved from /home/Data_Professional/PycharmProjects/DE_Zoomcamp_Capstone_Project/.venv/lib/python3.10/site-packages/airflow/example_dags/example_latest_only.py
[2025-04-05T10:00:38.554+0100] {logging_mixin.py:190} INFO - [2025-04-05T10:00:38.554+0100] {dag.py:3239} INFO - Sync 1 DAGs
[2025-04-05T10:00:38.572+0100] {logging_mixin.py:190} INFO - [2025-04-05T10:00:38.571+0100] {dag.py:4180} INFO - Setting next_dagrun for latest_only to 2025-04-05 04:00:00+00:00, run_after=2025-04-05 08:00:00+00:00
[2025-04-05T10:00:38.588+0100] {processor.py:208} INFO - Processing /home/Data_Professional/PycharmProjects/DE_Zoomcamp_Capstone_Project/.venv/lib/python3.10/site-packages/airflow/example_dags/example_latest_only.py took 0.061 seconds
[2025-04-05T10:01:35.649+0100] {processor.py:186} INFO - Started process (PID=12907) to work on /home/Data_Professional/PycharmProjects/DE_Zoomcamp_Capstone_Project/.venv/lib/python3.10/site-packages/airflow/example_dags/example_latest_only.py
[2025-04-05T10:01:35.652+0100] {processor.py:914} INFO - Processing file /home/Data_Professional/PycharmProjects/DE_Zoomcamp_Capstone_Project/.venv/lib/python3.10/site-packages/airflow/example_dags/example_latest_only.py for tasks to queue
[2025-04-05T10:01:35.656+0100] {logging_mixin.py:190} INFO - [2025-04-05T10:01:35.656+0100] {dagbag.py:588} INFO - Filling up the DagBag from /home/Data_Professional/PycharmProjects/DE_Zoomcamp_Capstone_Project/.venv/lib/python3.10/site-packages/airflow/example_dags/example_latest_only.py
[2025-04-05T10:01:35.667+0100] {processor.py:925} INFO - DAG(s) 'latest_only' retrieved from /home/Data_Professional/PycharmProjects/DE_Zoomcamp_Capstone_Project/.venv/lib/python3.10/site-packages/airflow/example_dags/example_latest_only.py
[2025-04-05T10:01:35.682+0100] {logging_mixin.py:190} INFO - [2025-04-05T10:01:35.681+0100] {dag.py:3239} INFO - Sync 1 DAGs
[2025-04-05T10:01:35.699+0100] {logging_mixin.py:190} INFO - [2025-04-05T10:01:35.699+0100] {dag.py:4180} INFO - Setting next_dagrun for latest_only to 2025-04-05 04:00:00+00:00, run_after=2025-04-05 08:00:00+00:00
[2025-04-05T10:01:35.717+0100] {processor.py:208} INFO - Processing /home/Data_Professional/PycharmProjects/DE_Zoomcamp_Capstone_Project/.venv/lib/python3.10/site-packages/airflow/example_dags/example_latest_only.py took 0.081 seconds
[2025-04-05T10:02:34.263+0100] {processor.py:186} INFO - Started process (PID=13053) to work on /home/Data_Professional/PycharmProjects/DE_Zoomcamp_Capstone_Project/.venv/lib/python3.10/site-packages/airflow/example_dags/example_latest_only.py
[2025-04-05T10:02:34.266+0100] {processor.py:914} INFO - Processing file /home/Data_Professional/PycharmProjects/DE_Zoomcamp_Capstone_Project/.venv/lib/python3.10/site-packages/airflow/example_dags/example_latest_only.py for tasks to queue
[2025-04-05T10:02:34.268+0100] {logging_mixin.py:190} INFO - [2025-04-05T10:02:34.267+0100] {dagbag.py:588} INFO - Filling up the DagBag from /home/Data_Professional/PycharmProjects/DE_Zoomcamp_Capstone_Project/.venv/lib/python3.10/site-packages/airflow/example_dags/example_latest_only.py
[2025-04-05T10:02:34.276+0100] {processor.py:925} INFO - DAG(s) 'latest_only' retrieved from /home/Data_Professional/PycharmProjects/DE_Zoomcamp_Capstone_Project/.venv/lib/python3.10/site-packages/airflow/example_dags/example_latest_only.py
[2025-04-05T10:02:34.291+0100] {logging_mixin.py:190} INFO - [2025-04-05T10:02:34.290+0100] {dag.py:3239} INFO - Sync 1 DAGs
[2025-04-05T10:02:34.309+0100] {logging_mixin.py:190} INFO - [2025-04-05T10:02:34.308+0100] {dag.py:4180} INFO - Setting next_dagrun for latest_only to 2025-04-05 04:00:00+00:00, run_after=2025-04-05 08:00:00+00:00
[2025-04-05T10:02:34.326+0100] {processor.py:208} INFO - Processing /home/Data_Professional/PycharmProjects/DE_Zoomcamp_Capstone_Project/.venv/lib/python3.10/site-packages/airflow/example_dags/example_latest_only.py took 0.070 seconds
[2025-04-05T10:03:30.142+0100] {processor.py:186} INFO - Started process (PID=13137) to work on /home/Data_Professional/PycharmProjects/DE_Zoomcamp_Capstone_Project/.venv/lib/python3.10/site-packages/airflow/example_dags/example_latest_only.py
[2025-04-05T10:03:30.144+0100] {processor.py:914} INFO - Processing file /home/Data_Professional/PycharmProjects/DE_Zoomcamp_Capstone_Project/.venv/lib/python3.10/site-packages/airflow/example_dags/example_latest_only.py for tasks to queue
[2025-04-05T10:03:30.145+0100] {logging_mixin.py:190} INFO - [2025-04-05T10:03:30.145+0100] {dagbag.py:588} INFO - Filling up the DagBag from /home/Data_Professional/PycharmProjects/DE_Zoomcamp_Capstone_Project/.venv/lib/python3.10/site-packages/airflow/example_dags/example_latest_only.py
[2025-04-05T10:03:30.152+0100] {processor.py:925} INFO - DAG(s) 'latest_only' retrieved from /home/Data_Professional/PycharmProjects/DE_Zoomcamp_Capstone_Project/.venv/lib/python3.10/site-packages/airflow/example_dags/example_latest_only.py
[2025-04-05T10:03:30.165+0100] {logging_mixin.py:190} INFO - [2025-04-05T10:03:30.165+0100] {dag.py:3239} INFO - Sync 1 DAGs
[2025-04-05T10:03:30.184+0100] {logging_mixin.py:190} INFO - [2025-04-05T10:03:30.184+0100] {dag.py:4180} INFO - Setting next_dagrun for latest_only to 2025-04-05 04:00:00+00:00, run_after=2025-04-05 08:00:00+00:00
[2025-04-05T10:03:30.203+0100] {processor.py:208} INFO - Processing /home/Data_Professional/PycharmProjects/DE_Zoomcamp_Capstone_Project/.venv/lib/python3.10/site-packages/airflow/example_dags/example_latest_only.py took 0.069 seconds
[2025-04-05T10:04:32.454+0100] {processor.py:186} INFO - Started process (PID=13272) to work on /home/Data_Professional/PycharmProjects/DE_Zoomcamp_Capstone_Project/.venv/lib/python3.10/site-packages/airflow/example_dags/example_latest_only.py
[2025-04-05T10:04:32.458+0100] {processor.py:914} INFO - Processing file /home/Data_Professional/PycharmProjects/DE_Zoomcamp_Capstone_Project/.venv/lib/python3.10/site-packages/airflow/example_dags/example_latest_only.py for tasks to queue
[2025-04-05T10:04:32.465+0100] {logging_mixin.py:190} INFO - [2025-04-05T10:04:32.464+0100] {dagbag.py:588} INFO - Filling up the DagBag from /home/Data_Professional/PycharmProjects/DE_Zoomcamp_Capstone_Project/.venv/lib/python3.10/site-packages/airflow/example_dags/example_latest_only.py
[2025-04-05T10:04:32.491+0100] {processor.py:925} INFO - DAG(s) 'latest_only' retrieved from /home/Data_Professional/PycharmProjects/DE_Zoomcamp_Capstone_Project/.venv/lib/python3.10/site-packages/airflow/example_dags/example_latest_only.py
[2025-04-05T10:04:32.527+0100] {logging_mixin.py:190} INFO - [2025-04-05T10:04:32.527+0100] {dag.py:3239} INFO - Sync 1 DAGs
[2025-04-05T10:04:32.558+0100] {logging_mixin.py:190} INFO - [2025-04-05T10:04:32.558+0100] {dag.py:4180} INFO - Setting next_dagrun for latest_only to 2025-04-05 04:00:00+00:00, run_after=2025-04-05 08:00:00+00:00
[2025-04-05T10:04:32.582+0100] {processor.py:208} INFO - Processing /home/Data_Professional/PycharmProjects/DE_Zoomcamp_Capstone_Project/.venv/lib/python3.10/site-packages/airflow/example_dags/example_latest_only.py took 0.152 seconds
[2025-04-05T10:05:30.500+0100] {processor.py:186} INFO - Started process (PID=13560) to work on /home/Data_Professional/PycharmProjects/DE_Zoomcamp_Capstone_Project/.venv/lib/python3.10/site-packages/airflow/example_dags/example_latest_only.py
[2025-04-05T10:05:30.502+0100] {processor.py:914} INFO - Processing file /home/Data_Professional/PycharmProjects/DE_Zoomcamp_Capstone_Project/.venv/lib/python3.10/site-packages/airflow/example_dags/example_latest_only.py for tasks to queue
[2025-04-05T10:05:30.504+0100] {logging_mixin.py:190} INFO - [2025-04-05T10:05:30.504+0100] {dagbag.py:588} INFO - Filling up the DagBag from /home/Data_Professional/PycharmProjects/DE_Zoomcamp_Capstone_Project/.venv/lib/python3.10/site-packages/airflow/example_dags/example_latest_only.py
[2025-04-05T10:05:30.514+0100] {processor.py:925} INFO - DAG(s) 'latest_only' retrieved from /home/Data_Professional/PycharmProjects/DE_Zoomcamp_Capstone_Project/.venv/lib/python3.10/site-packages/airflow/example_dags/example_latest_only.py
[2025-04-05T10:05:30.530+0100] {logging_mixin.py:190} INFO - [2025-04-05T10:05:30.529+0100] {dag.py:3239} INFO - Sync 1 DAGs
[2025-04-05T10:05:30.552+0100] {logging_mixin.py:190} INFO - [2025-04-05T10:05:30.552+0100] {dag.py:4180} INFO - Setting next_dagrun for latest_only to 2025-04-05 04:00:00+00:00, run_after=2025-04-05 08:00:00+00:00
[2025-04-05T10:05:30.578+0100] {processor.py:208} INFO - Processing /home/Data_Professional/PycharmProjects/DE_Zoomcamp_Capstone_Project/.venv/lib/python3.10/site-packages/airflow/example_dags/example_latest_only.py took 0.096 seconds
[2025-04-05T10:06:32.601+0100] {processor.py:186} INFO - Started process (PID=13768) to work on /home/Data_Professional/PycharmProjects/DE_Zoomcamp_Capstone_Project/.venv/lib/python3.10/site-packages/airflow/example_dags/example_latest_only.py
[2025-04-05T10:06:32.603+0100] {processor.py:914} INFO - Processing file /home/Data_Professional/PycharmProjects/DE_Zoomcamp_Capstone_Project/.venv/lib/python3.10/site-packages/airflow/example_dags/example_latest_only.py for tasks to queue
[2025-04-05T10:06:32.604+0100] {logging_mixin.py:190} INFO - [2025-04-05T10:06:32.604+0100] {dagbag.py:588} INFO - Filling up the DagBag from /home/Data_Professional/PycharmProjects/DE_Zoomcamp_Capstone_Project/.venv/lib/python3.10/site-packages/airflow/example_dags/example_latest_only.py
[2025-04-05T10:06:32.612+0100] {processor.py:925} INFO - DAG(s) 'latest_only' retrieved from /home/Data_Professional/PycharmProjects/DE_Zoomcamp_Capstone_Project/.venv/lib/python3.10/site-packages/airflow/example_dags/example_latest_only.py
[2025-04-05T10:06:32.625+0100] {logging_mixin.py:190} INFO - [2025-04-05T10:06:32.624+0100] {dag.py:3239} INFO - Sync 1 DAGs
[2025-04-05T10:06:32.640+0100] {logging_mixin.py:190} INFO - [2025-04-05T10:06:32.640+0100] {dag.py:4180} INFO - Setting next_dagrun for latest_only to 2025-04-05 04:00:00+00:00, run_after=2025-04-05 08:00:00+00:00
[2025-04-05T10:06:32.659+0100] {processor.py:208} INFO - Processing /home/Data_Professional/PycharmProjects/DE_Zoomcamp_Capstone_Project/.venv/lib/python3.10/site-packages/airflow/example_dags/example_latest_only.py took 0.065 seconds
[2025-04-05T10:07:33.816+0100] {processor.py:186} INFO - Started process (PID=13889) to work on /home/Data_Professional/PycharmProjects/DE_Zoomcamp_Capstone_Project/.venv/lib/python3.10/site-packages/airflow/example_dags/example_latest_only.py
[2025-04-05T10:07:33.818+0100] {processor.py:914} INFO - Processing file /home/Data_Professional/PycharmProjects/DE_Zoomcamp_Capstone_Project/.venv/lib/python3.10/site-packages/airflow/example_dags/example_latest_only.py for tasks to queue
[2025-04-05T10:07:33.819+0100] {logging_mixin.py:190} INFO - [2025-04-05T10:07:33.819+0100] {dagbag.py:588} INFO - Filling up the DagBag from /home/Data_Professional/PycharmProjects/DE_Zoomcamp_Capstone_Project/.venv/lib/python3.10/site-packages/airflow/example_dags/example_latest_only.py
[2025-04-05T10:07:33.825+0100] {processor.py:925} INFO - DAG(s) 'latest_only' retrieved from /home/Data_Professional/PycharmProjects/DE_Zoomcamp_Capstone_Project/.venv/lib/python3.10/site-packages/airflow/example_dags/example_latest_only.py
[2025-04-05T10:07:33.837+0100] {logging_mixin.py:190} INFO - [2025-04-05T10:07:33.836+0100] {dag.py:3239} INFO - Sync 1 DAGs
[2025-04-05T10:07:33.858+0100] {logging_mixin.py:190} INFO - [2025-04-05T10:07:33.858+0100] {dag.py:4180} INFO - Setting next_dagrun for latest_only to 2025-04-05 04:00:00+00:00, run_after=2025-04-05 08:00:00+00:00
[2025-04-05T10:07:33.875+0100] {processor.py:208} INFO - Processing /home/Data_Professional/PycharmProjects/DE_Zoomcamp_Capstone_Project/.venv/lib/python3.10/site-packages/airflow/example_dags/example_latest_only.py took 0.065 seconds
[2025-04-05T10:08:40.010+0100] {processor.py:186} INFO - Started process (PID=14223) to work on /home/Data_Professional/PycharmProjects/DE_Zoomcamp_Capstone_Project/.venv/lib/python3.10/site-packages/airflow/example_dags/example_latest_only.py
[2025-04-05T10:08:40.014+0100] {processor.py:914} INFO - Processing file /home/Data_Professional/PycharmProjects/DE_Zoomcamp_Capstone_Project/.venv/lib/python3.10/site-packages/airflow/example_dags/example_latest_only.py for tasks to queue
[2025-04-05T10:08:40.016+0100] {logging_mixin.py:190} INFO - [2025-04-05T10:08:40.015+0100] {dagbag.py:588} INFO - Filling up the DagBag from /home/Data_Professional/PycharmProjects/DE_Zoomcamp_Capstone_Project/.venv/lib/python3.10/site-packages/airflow/example_dags/example_latest_only.py
[2025-04-05T10:08:40.029+0100] {processor.py:925} INFO - DAG(s) 'latest_only' retrieved from /home/Data_Professional/PycharmProjects/DE_Zoomcamp_Capstone_Project/.venv/lib/python3.10/site-packages/airflow/example_dags/example_latest_only.py
[2025-04-05T10:08:40.045+0100] {logging_mixin.py:190} INFO - [2025-04-05T10:08:40.044+0100] {dag.py:3239} INFO - Sync 1 DAGs
[2025-04-05T10:08:40.061+0100] {logging_mixin.py:190} INFO - [2025-04-05T10:08:40.061+0100] {dag.py:4180} INFO - Setting next_dagrun for latest_only to 2025-04-05 04:00:00+00:00, run_after=2025-04-05 08:00:00+00:00
[2025-04-05T10:08:40.078+0100] {processor.py:208} INFO - Processing /home/Data_Professional/PycharmProjects/DE_Zoomcamp_Capstone_Project/.venv/lib/python3.10/site-packages/airflow/example_dags/example_latest_only.py took 0.078 seconds
[2025-04-05T10:09:52.412+0100] {processor.py:186} INFO - Started process (PID=14398) to work on /home/Data_Professional/PycharmProjects/DE_Zoomcamp_Capstone_Project/.venv/lib/python3.10/site-packages/airflow/example_dags/example_latest_only.py
[2025-04-05T10:09:52.415+0100] {processor.py:914} INFO - Processing file /home/Data_Professional/PycharmProjects/DE_Zoomcamp_Capstone_Project/.venv/lib/python3.10/site-packages/airflow/example_dags/example_latest_only.py for tasks to queue
[2025-04-05T10:09:52.416+0100] {logging_mixin.py:190} INFO - [2025-04-05T10:09:52.415+0100] {dagbag.py:588} INFO - Filling up the DagBag from /home/Data_Professional/PycharmProjects/DE_Zoomcamp_Capstone_Project/.venv/lib/python3.10/site-packages/airflow/example_dags/example_latest_only.py
[2025-04-05T10:09:52.422+0100] {processor.py:925} INFO - DAG(s) 'latest_only' retrieved from /home/Data_Professional/PycharmProjects/DE_Zoomcamp_Capstone_Project/.venv/lib/python3.10/site-packages/airflow/example_dags/example_latest_only.py
[2025-04-05T10:09:52.435+0100] {logging_mixin.py:190} INFO - [2025-04-05T10:09:52.435+0100] {dag.py:3239} INFO - Sync 1 DAGs
[2025-04-05T10:09:52.453+0100] {logging_mixin.py:190} INFO - [2025-04-05T10:09:52.453+0100] {dag.py:4180} INFO - Setting next_dagrun for latest_only to 2025-04-05 04:00:00+00:00, run_after=2025-04-05 08:00:00+00:00
[2025-04-05T10:09:52.470+0100] {processor.py:208} INFO - Processing /home/Data_Professional/PycharmProjects/DE_Zoomcamp_Capstone_Project/.venv/lib/python3.10/site-packages/airflow/example_dags/example_latest_only.py took 0.063 seconds
[2025-04-05T10:10:50.376+0100] {processor.py:186} INFO - Started process (PID=14558) to work on /home/Data_Professional/PycharmProjects/DE_Zoomcamp_Capstone_Project/.venv/lib/python3.10/site-packages/airflow/example_dags/example_latest_only.py
[2025-04-05T10:10:50.379+0100] {processor.py:914} INFO - Processing file /home/Data_Professional/PycharmProjects/DE_Zoomcamp_Capstone_Project/.venv/lib/python3.10/site-packages/airflow/example_dags/example_latest_only.py for tasks to queue
[2025-04-05T10:10:50.381+0100] {logging_mixin.py:190} INFO - [2025-04-05T10:10:50.380+0100] {dagbag.py:588} INFO - Filling up the DagBag from /home/Data_Professional/PycharmProjects/DE_Zoomcamp_Capstone_Project/.venv/lib/python3.10/site-packages/airflow/example_dags/example_latest_only.py
[2025-04-05T10:10:50.392+0100] {processor.py:925} INFO - DAG(s) 'latest_only' retrieved from /home/Data_Professional/PycharmProjects/DE_Zoomcamp_Capstone_Project/.venv/lib/python3.10/site-packages/airflow/example_dags/example_latest_only.py
[2025-04-05T10:10:50.404+0100] {logging_mixin.py:190} INFO - [2025-04-05T10:10:50.404+0100] {dag.py:3239} INFO - Sync 1 DAGs
[2025-04-05T10:10:50.420+0100] {logging_mixin.py:190} INFO - [2025-04-05T10:10:50.420+0100] {dag.py:4180} INFO - Setting next_dagrun for latest_only to 2025-04-05 04:00:00+00:00, run_after=2025-04-05 08:00:00+00:00
[2025-04-05T10:10:50.437+0100] {processor.py:208} INFO - Processing /home/Data_Professional/PycharmProjects/DE_Zoomcamp_Capstone_Project/.venv/lib/python3.10/site-packages/airflow/example_dags/example_latest_only.py took 0.070 seconds
[2025-04-05T10:11:53.994+0100] {processor.py:186} INFO - Started process (PID=14928) to work on /home/Data_Professional/PycharmProjects/DE_Zoomcamp_Capstone_Project/.venv/lib/python3.10/site-packages/airflow/example_dags/example_latest_only.py
[2025-04-05T10:11:53.997+0100] {processor.py:914} INFO - Processing file /home/Data_Professional/PycharmProjects/DE_Zoomcamp_Capstone_Project/.venv/lib/python3.10/site-packages/airflow/example_dags/example_latest_only.py for tasks to queue
[2025-04-05T10:11:53.998+0100] {logging_mixin.py:190} INFO - [2025-04-05T10:11:53.998+0100] {dagbag.py:588} INFO - Filling up the DagBag from /home/Data_Professional/PycharmProjects/DE_Zoomcamp_Capstone_Project/.venv/lib/python3.10/site-packages/airflow/example_dags/example_latest_only.py
[2025-04-05T10:11:54.007+0100] {processor.py:925} INFO - DAG(s) 'latest_only' retrieved from /home/Data_Professional/PycharmProjects/DE_Zoomcamp_Capstone_Project/.venv/lib/python3.10/site-packages/airflow/example_dags/example_latest_only.py
[2025-04-05T10:11:54.022+0100] {logging_mixin.py:190} INFO - [2025-04-05T10:11:54.022+0100] {dag.py:3239} INFO - Sync 1 DAGs
[2025-04-05T10:11:54.038+0100] {logging_mixin.py:190} INFO - [2025-04-05T10:11:54.038+0100] {dag.py:4180} INFO - Setting next_dagrun for latest_only to 2025-04-05 04:00:00+00:00, run_after=2025-04-05 08:00:00+00:00
[2025-04-05T10:11:54.055+0100] {processor.py:208} INFO - Processing /home/Data_Professional/PycharmProjects/DE_Zoomcamp_Capstone_Project/.venv/lib/python3.10/site-packages/airflow/example_dags/example_latest_only.py took 0.068 seconds
[2025-04-05T10:13:00.542+0100] {processor.py:186} INFO - Started process (PID=15072) to work on /home/Data_Professional/PycharmProjects/DE_Zoomcamp_Capstone_Project/.venv/lib/python3.10/site-packages/airflow/example_dags/example_latest_only.py
[2025-04-05T10:13:00.546+0100] {processor.py:914} INFO - Processing file /home/Data_Professional/PycharmProjects/DE_Zoomcamp_Capstone_Project/.venv/lib/python3.10/site-packages/airflow/example_dags/example_latest_only.py for tasks to queue
[2025-04-05T10:13:00.548+0100] {logging_mixin.py:190} INFO - [2025-04-05T10:13:00.547+0100] {dagbag.py:588} INFO - Filling up the DagBag from /home/Data_Professional/PycharmProjects/DE_Zoomcamp_Capstone_Project/.venv/lib/python3.10/site-packages/airflow/example_dags/example_latest_only.py
[2025-04-05T10:13:00.562+0100] {processor.py:925} INFO - DAG(s) 'latest_only' retrieved from /home/Data_Professional/PycharmProjects/DE_Zoomcamp_Capstone_Project/.venv/lib/python3.10/site-packages/airflow/example_dags/example_latest_only.py
[2025-04-05T10:13:00.578+0100] {logging_mixin.py:190} INFO - [2025-04-05T10:13:00.578+0100] {dag.py:3239} INFO - Sync 1 DAGs
[2025-04-05T10:13:00.594+0100] {logging_mixin.py:190} INFO - [2025-04-05T10:13:00.594+0100] {dag.py:4180} INFO - Setting next_dagrun for latest_only to 2025-04-05 04:00:00+00:00, run_after=2025-04-05 08:00:00+00:00
[2025-04-05T10:13:00.611+0100] {processor.py:208} INFO - Processing /home/Data_Professional/PycharmProjects/DE_Zoomcamp_Capstone_Project/.venv/lib/python3.10/site-packages/airflow/example_dags/example_latest_only.py took 0.080 seconds
[2025-04-05T10:13:58.413+0100] {processor.py:186} INFO - Started process (PID=15158) to work on /home/Data_Professional/PycharmProjects/DE_Zoomcamp_Capstone_Project/.venv/lib/python3.10/site-packages/airflow/example_dags/example_latest_only.py
[2025-04-05T10:13:58.416+0100] {processor.py:914} INFO - Processing file /home/Data_Professional/PycharmProjects/DE_Zoomcamp_Capstone_Project/.venv/lib/python3.10/site-packages/airflow/example_dags/example_latest_only.py for tasks to queue
[2025-04-05T10:13:58.417+0100] {logging_mixin.py:190} INFO - [2025-04-05T10:13:58.417+0100] {dagbag.py:588} INFO - Filling up the DagBag from /home/Data_Professional/PycharmProjects/DE_Zoomcamp_Capstone_Project/.venv/lib/python3.10/site-packages/airflow/example_dags/example_latest_only.py
[2025-04-05T10:13:58.423+0100] {processor.py:925} INFO - DAG(s) 'latest_only' retrieved from /home/Data_Professional/PycharmProjects/DE_Zoomcamp_Capstone_Project/.venv/lib/python3.10/site-packages/airflow/example_dags/example_latest_only.py
[2025-04-05T10:13:58.436+0100] {logging_mixin.py:190} INFO - [2025-04-05T10:13:58.436+0100] {dag.py:3239} INFO - Sync 1 DAGs
[2025-04-05T10:13:58.452+0100] {logging_mixin.py:190} INFO - [2025-04-05T10:13:58.452+0100] {dag.py:4180} INFO - Setting next_dagrun for latest_only to 2025-04-05 04:00:00+00:00, run_after=2025-04-05 08:00:00+00:00
[2025-04-05T10:13:58.468+0100] {processor.py:208} INFO - Processing /home/Data_Professional/PycharmProjects/DE_Zoomcamp_Capstone_Project/.venv/lib/python3.10/site-packages/airflow/example_dags/example_latest_only.py took 0.060 seconds
[2025-04-05T12:23:54.203+0100] {processor.py:186} INFO - Started process (PID=15423) to work on /home/Data_Professional/PycharmProjects/DE_Zoomcamp_Capstone_Project/.venv/lib/python3.10/site-packages/airflow/example_dags/example_latest_only.py
[2025-04-05T12:23:54.207+0100] {processor.py:914} INFO - Processing file /home/Data_Professional/PycharmProjects/DE_Zoomcamp_Capstone_Project/.venv/lib/python3.10/site-packages/airflow/example_dags/example_latest_only.py for tasks to queue
[2025-04-05T12:23:54.210+0100] {logging_mixin.py:190} INFO - [2025-04-05T12:23:54.209+0100] {dagbag.py:588} INFO - Filling up the DagBag from /home/Data_Professional/PycharmProjects/DE_Zoomcamp_Capstone_Project/.venv/lib/python3.10/site-packages/airflow/example_dags/example_latest_only.py
[2025-04-05T12:23:54.224+0100] {processor.py:925} INFO - DAG(s) 'latest_only' retrieved from /home/Data_Professional/PycharmProjects/DE_Zoomcamp_Capstone_Project/.venv/lib/python3.10/site-packages/airflow/example_dags/example_latest_only.py
[2025-04-05T12:23:54.238+0100] {logging_mixin.py:190} INFO - [2025-04-05T12:23:54.238+0100] {dag.py:3239} INFO - Sync 1 DAGs
[2025-04-05T12:23:54.341+0100] {logging_mixin.py:190} INFO - [2025-04-05T12:23:54.341+0100] {dag.py:4180} INFO - Setting next_dagrun for latest_only to 2025-04-05 04:00:00+00:00, run_after=2025-04-05 08:00:00+00:00
[2025-04-05T12:23:54.361+0100] {processor.py:208} INFO - Processing /home/Data_Professional/PycharmProjects/DE_Zoomcamp_Capstone_Project/.venv/lib/python3.10/site-packages/airflow/example_dags/example_latest_only.py took 0.172 seconds
