[2025-04-05T09:55:18.119+0100] {processor.py:186} INFO - Started process (PID=11841) to work on /home/Data_Professional/PycharmProjects/DE_Zoomcamp_Capstone_Project/.venv/lib/python3.10/site-packages/airflow/example_dags/example_time_delta_sensor_async.py
[2025-04-05T09:55:18.119+0100] {processor.py:914} INFO - Processing file /home/Data_Professional/PycharmProjects/DE_Zoomcamp_Capstone_Project/.venv/lib/python3.10/site-packages/airflow/example_dags/example_time_delta_sensor_async.py for tasks to queue
[2025-04-05T09:55:18.121+0100] {logging_mixin.py:190} INFO - [2025-04-05T09:55:18.121+0100] {dagbag.py:588} INFO - Filling up the DagBag from /home/Data_Professional/PycharmProjects/DE_Zoomcamp_Capstone_Project/.venv/lib/python3.10/site-packages/airflow/example_dags/example_time_delta_sensor_async.py
[2025-04-05T09:55:18.129+0100] {processor.py:925} INFO - DAG(s) 'example_time_delta_sensor_async' retrieved from /home/Data_Professional/PycharmProjects/DE_Zoomcamp_Capstone_Project/.venv/lib/python3.10/site-packages/airflow/example_dags/example_time_delta_sensor_async.py
[2025-04-05T09:55:18.222+0100] {logging_mixin.py:190} INFO - [2025-04-05T09:55:18.222+0100] {override.py:1912} INFO - Created Permission View: can read on DAG:example_time_delta_sensor_async
[2025-04-05T09:55:18.234+0100] {logging_mixin.py:190} INFO - [2025-04-05T09:55:18.234+0100] {override.py:1912} INFO - Created Permission View: can delete on DAG:example_time_delta_sensor_async
[2025-04-05T09:55:18.244+0100] {logging_mixin.py:190} INFO - [2025-04-05T09:55:18.243+0100] {override.py:1912} INFO - Created Permission View: can edit on DAG:example_time_delta_sensor_async
[2025-04-05T09:55:18.256+0100] {logging_mixin.py:190} INFO - [2025-04-05T09:55:18.256+0100] {override.py:1912} INFO - Created Permission View: can create on DAG Run:example_time_delta_sensor_async
[2025-04-05T09:55:18.266+0100] {logging_mixin.py:190} INFO - [2025-04-05T09:55:18.266+0100] {override.py:1912} INFO - Created Permission View: can read on DAG Run:example_time_delta_sensor_async
[2025-04-05T09:55:18.273+0100] {logging_mixin.py:190} INFO - [2025-04-05T09:55:18.273+0100] {override.py:1912} INFO - Created Permission View: can delete on DAG Run:example_time_delta_sensor_async
[2025-04-05T09:55:18.280+0100] {logging_mixin.py:190} INFO - [2025-04-05T09:55:18.280+0100] {override.py:1912} INFO - Created Permission View: menu access on DAG Run:example_time_delta_sensor_async
[2025-04-05T09:55:18.281+0100] {logging_mixin.py:190} INFO - [2025-04-05T09:55:18.281+0100] {dag.py:3239} INFO - Sync 1 DAGs
[2025-04-05T09:55:18.290+0100] {logging_mixin.py:190} INFO - [2025-04-05T09:55:18.290+0100] {dag.py:3262} INFO - Creating ORM DAG for example_time_delta_sensor_async
[2025-04-05T09:55:18.291+0100] {logging_mixin.py:190} INFO - [2025-04-05T09:55:18.291+0100] {dag.py:4180} INFO - Setting next_dagrun for example_time_delta_sensor_async to None, run_after=None
[2025-04-05T09:55:18.307+0100] {processor.py:208} INFO - Processing /home/Data_Professional/PycharmProjects/DE_Zoomcamp_Capstone_Project/.venv/lib/python3.10/site-packages/airflow/example_dags/example_time_delta_sensor_async.py took 0.193 seconds
[2025-04-05T09:56:23.491+0100] {processor.py:186} INFO - Started process (PID=12153) to work on /home/Data_Professional/PycharmProjects/DE_Zoomcamp_Capstone_Project/.venv/lib/python3.10/site-packages/airflow/example_dags/example_time_delta_sensor_async.py
[2025-04-05T09:56:23.494+0100] {processor.py:914} INFO - Processing file /home/Data_Professional/PycharmProjects/DE_Zoomcamp_Capstone_Project/.venv/lib/python3.10/site-packages/airflow/example_dags/example_time_delta_sensor_async.py for tasks to queue
[2025-04-05T09:56:23.496+0100] {logging_mixin.py:190} INFO - [2025-04-05T09:56:23.496+0100] {dagbag.py:588} INFO - Filling up the DagBag from /home/Data_Professional/PycharmProjects/DE_Zoomcamp_Capstone_Project/.venv/lib/python3.10/site-packages/airflow/example_dags/example_time_delta_sensor_async.py
[2025-04-05T09:56:23.501+0100] {processor.py:925} INFO - DAG(s) 'example_time_delta_sensor_async' retrieved from /home/Data_Professional/PycharmProjects/DE_Zoomcamp_Capstone_Project/.venv/lib/python3.10/site-packages/airflow/example_dags/example_time_delta_sensor_async.py
[2025-04-05T09:56:23.514+0100] {logging_mixin.py:190} INFO - [2025-04-05T09:56:23.514+0100] {dag.py:3239} INFO - Sync 1 DAGs
[2025-04-05T09:56:23.525+0100] {logging_mixin.py:190} INFO - [2025-04-05T09:56:23.525+0100] {dag.py:4180} INFO - Setting next_dagrun for example_time_delta_sensor_async to None, run_after=None
[2025-04-05T09:56:23.543+0100] {processor.py:208} INFO - Processing /home/Data_Professional/PycharmProjects/DE_Zoomcamp_Capstone_Project/.venv/lib/python3.10/site-packages/airflow/example_dags/example_time_delta_sensor_async.py took 0.056 seconds
[2025-04-05T09:57:20.302+0100] {processor.py:186} INFO - Started process (PID=12277) to work on /home/Data_Professional/PycharmProjects/DE_Zoomcamp_Capstone_Project/.venv/lib/python3.10/site-packages/airflow/example_dags/example_time_delta_sensor_async.py
[2025-04-05T09:57:20.306+0100] {processor.py:914} INFO - Processing file /home/Data_Professional/PycharmProjects/DE_Zoomcamp_Capstone_Project/.venv/lib/python3.10/site-packages/airflow/example_dags/example_time_delta_sensor_async.py for tasks to queue
[2025-04-05T09:57:20.310+0100] {logging_mixin.py:190} INFO - [2025-04-05T09:57:20.309+0100] {dagbag.py:588} INFO - Filling up the DagBag from /home/Data_Professional/PycharmProjects/DE_Zoomcamp_Capstone_Project/.venv/lib/python3.10/site-packages/airflow/example_dags/example_time_delta_sensor_async.py
[2025-04-05T09:57:20.321+0100] {processor.py:925} INFO - DAG(s) 'example_time_delta_sensor_async' retrieved from /home/Data_Professional/PycharmProjects/DE_Zoomcamp_Capstone_Project/.venv/lib/python3.10/site-packages/airflow/example_dags/example_time_delta_sensor_async.py
[2025-04-05T09:57:20.336+0100] {logging_mixin.py:190} INFO - [2025-04-05T09:57:20.336+0100] {dag.py:3239} INFO - Sync 1 DAGs
[2025-04-05T09:57:20.346+0100] {logging_mixin.py:190} INFO - [2025-04-05T09:57:20.346+0100] {dag.py:4180} INFO - Setting next_dagrun for example_time_delta_sensor_async to None, run_after=None
[2025-04-05T09:57:20.362+0100] {processor.py:208} INFO - Processing /home/Data_Professional/PycharmProjects/DE_Zoomcamp_Capstone_Project/.venv/lib/python3.10/site-packages/airflow/example_dags/example_time_delta_sensor_async.py took 0.072 seconds
[2025-04-05T09:58:13.947+0100] {processor.py:186} INFO - Started process (PID=12342) to work on /home/Data_Professional/PycharmProjects/DE_Zoomcamp_Capstone_Project/.venv/lib/python3.10/site-packages/airflow/example_dags/example_time_delta_sensor_async.py
[2025-04-05T09:58:13.949+0100] {processor.py:914} INFO - Processing file /home/Data_Professional/PycharmProjects/DE_Zoomcamp_Capstone_Project/.venv/lib/python3.10/site-packages/airflow/example_dags/example_time_delta_sensor_async.py for tasks to queue
[2025-04-05T09:58:13.954+0100] {logging_mixin.py:190} INFO - [2025-04-05T09:58:13.953+0100] {dagbag.py:588} INFO - Filling up the DagBag from /home/Data_Professional/PycharmProjects/DE_Zoomcamp_Capstone_Project/.venv/lib/python3.10/site-packages/airflow/example_dags/example_time_delta_sensor_async.py
[2025-04-05T09:58:13.968+0100] {processor.py:925} INFO - DAG(s) 'example_time_delta_sensor_async' retrieved from /home/Data_Professional/PycharmProjects/DE_Zoomcamp_Capstone_Project/.venv/lib/python3.10/site-packages/airflow/example_dags/example_time_delta_sensor_async.py
[2025-04-05T09:58:13.988+0100] {logging_mixin.py:190} INFO - [2025-04-05T09:58:13.988+0100] {dag.py:3239} INFO - Sync 1 DAGs
[2025-04-05T09:58:14.000+0100] {logging_mixin.py:190} INFO - [2025-04-05T09:58:13.999+0100] {dag.py:4180} INFO - Setting next_dagrun for example_time_delta_sensor_async to None, run_after=None
[2025-04-05T09:58:14.025+0100] {processor.py:208} INFO - Processing /home/Data_Professional/PycharmProjects/DE_Zoomcamp_Capstone_Project/.venv/lib/python3.10/site-packages/airflow/example_dags/example_time_delta_sensor_async.py took 0.083 seconds
[2025-04-05T09:59:09.514+0100] {processor.py:186} INFO - Started process (PID=12407) to work on /home/Data_Professional/PycharmProjects/DE_Zoomcamp_Capstone_Project/.venv/lib/python3.10/site-packages/airflow/example_dags/example_time_delta_sensor_async.py
[2025-04-05T09:59:09.516+0100] {processor.py:914} INFO - Processing file /home/Data_Professional/PycharmProjects/DE_Zoomcamp_Capstone_Project/.venv/lib/python3.10/site-packages/airflow/example_dags/example_time_delta_sensor_async.py for tasks to queue
[2025-04-05T09:59:09.518+0100] {logging_mixin.py:190} INFO - [2025-04-05T09:59:09.518+0100] {dagbag.py:588} INFO - Filling up the DagBag from /home/Data_Professional/PycharmProjects/DE_Zoomcamp_Capstone_Project/.venv/lib/python3.10/site-packages/airflow/example_dags/example_time_delta_sensor_async.py
[2025-04-05T09:59:09.523+0100] {processor.py:925} INFO - DAG(s) 'example_time_delta_sensor_async' retrieved from /home/Data_Professional/PycharmProjects/DE_Zoomcamp_Capstone_Project/.venv/lib/python3.10/site-packages/airflow/example_dags/example_time_delta_sensor_async.py
[2025-04-05T09:59:09.535+0100] {logging_mixin.py:190} INFO - [2025-04-05T09:59:09.535+0100] {dag.py:3239} INFO - Sync 1 DAGs
[2025-04-05T09:59:09.545+0100] {logging_mixin.py:190} INFO - [2025-04-05T09:59:09.545+0100] {dag.py:4180} INFO - Setting next_dagrun for example_time_delta_sensor_async to None, run_after=None
[2025-04-05T09:59:09.562+0100] {processor.py:208} INFO - Processing /home/Data_Professional/PycharmProjects/DE_Zoomcamp_Capstone_Project/.venv/lib/python3.10/site-packages/airflow/example_dags/example_time_delta_sensor_async.py took 0.052 seconds
[2025-04-05T10:00:07.627+0100] {processor.py:186} INFO - Started process (PID=12596) to work on /home/Data_Professional/PycharmProjects/DE_Zoomcamp_Capstone_Project/.venv/lib/python3.10/site-packages/airflow/example_dags/example_time_delta_sensor_async.py
[2025-04-05T10:00:07.630+0100] {processor.py:914} INFO - Processing file /home/Data_Professional/PycharmProjects/DE_Zoomcamp_Capstone_Project/.venv/lib/python3.10/site-packages/airflow/example_dags/example_time_delta_sensor_async.py for tasks to queue
[2025-04-05T10:00:07.631+0100] {logging_mixin.py:190} INFO - [2025-04-05T10:00:07.631+0100] {dagbag.py:588} INFO - Filling up the DagBag from /home/Data_Professional/PycharmProjects/DE_Zoomcamp_Capstone_Project/.venv/lib/python3.10/site-packages/airflow/example_dags/example_time_delta_sensor_async.py
[2025-04-05T10:00:07.636+0100] {processor.py:925} INFO - DAG(s) 'example_time_delta_sensor_async' retrieved from /home/Data_Professional/PycharmProjects/DE_Zoomcamp_Capstone_Project/.venv/lib/python3.10/site-packages/airflow/example_dags/example_time_delta_sensor_async.py
[2025-04-05T10:00:07.647+0100] {logging_mixin.py:190} INFO - [2025-04-05T10:00:07.647+0100] {dag.py:3239} INFO - Sync 1 DAGs
[2025-04-05T10:00:07.657+0100] {logging_mixin.py:190} INFO - [2025-04-05T10:00:07.657+0100] {dag.py:4180} INFO - Setting next_dagrun for example_time_delta_sensor_async to None, run_after=None
[2025-04-05T10:00:07.673+0100] {processor.py:208} INFO - Processing /home/Data_Professional/PycharmProjects/DE_Zoomcamp_Capstone_Project/.venv/lib/python3.10/site-packages/airflow/example_dags/example_time_delta_sensor_async.py took 0.051 seconds
[2025-04-05T10:01:05.236+0100] {processor.py:186} INFO - Started process (PID=12851) to work on /home/Data_Professional/PycharmProjects/DE_Zoomcamp_Capstone_Project/.venv/lib/python3.10/site-packages/airflow/example_dags/example_time_delta_sensor_async.py
[2025-04-05T10:01:05.237+0100] {processor.py:914} INFO - Processing file /home/Data_Professional/PycharmProjects/DE_Zoomcamp_Capstone_Project/.venv/lib/python3.10/site-packages/airflow/example_dags/example_time_delta_sensor_async.py for tasks to queue
[2025-04-05T10:01:05.239+0100] {logging_mixin.py:190} INFO - [2025-04-05T10:01:05.238+0100] {dagbag.py:588} INFO - Filling up the DagBag from /home/Data_Professional/PycharmProjects/DE_Zoomcamp_Capstone_Project/.venv/lib/python3.10/site-packages/airflow/example_dags/example_time_delta_sensor_async.py
[2025-04-05T10:01:05.246+0100] {processor.py:925} INFO - DAG(s) 'example_time_delta_sensor_async' retrieved from /home/Data_Professional/PycharmProjects/DE_Zoomcamp_Capstone_Project/.venv/lib/python3.10/site-packages/airflow/example_dags/example_time_delta_sensor_async.py
[2025-04-05T10:01:05.259+0100] {logging_mixin.py:190} INFO - [2025-04-05T10:01:05.259+0100] {dag.py:3239} INFO - Sync 1 DAGs
[2025-04-05T10:01:05.270+0100] {logging_mixin.py:190} INFO - [2025-04-05T10:01:05.270+0100] {dag.py:4180} INFO - Setting next_dagrun for example_time_delta_sensor_async to None, run_after=None
[2025-04-05T10:01:05.289+0100] {processor.py:208} INFO - Processing /home/Data_Professional/PycharmProjects/DE_Zoomcamp_Capstone_Project/.venv/lib/python3.10/site-packages/airflow/example_dags/example_time_delta_sensor_async.py took 0.061 seconds
[2025-04-05T10:02:02.886+0100] {processor.py:186} INFO - Started process (PID=12958) to work on /home/Data_Professional/PycharmProjects/DE_Zoomcamp_Capstone_Project/.venv/lib/python3.10/site-packages/airflow/example_dags/example_time_delta_sensor_async.py
[2025-04-05T10:02:02.888+0100] {processor.py:914} INFO - Processing file /home/Data_Professional/PycharmProjects/DE_Zoomcamp_Capstone_Project/.venv/lib/python3.10/site-packages/airflow/example_dags/example_time_delta_sensor_async.py for tasks to queue
[2025-04-05T10:02:02.890+0100] {logging_mixin.py:190} INFO - [2025-04-05T10:02:02.890+0100] {dagbag.py:588} INFO - Filling up the DagBag from /home/Data_Professional/PycharmProjects/DE_Zoomcamp_Capstone_Project/.venv/lib/python3.10/site-packages/airflow/example_dags/example_time_delta_sensor_async.py
[2025-04-05T10:02:02.897+0100] {processor.py:925} INFO - DAG(s) 'example_time_delta_sensor_async' retrieved from /home/Data_Professional/PycharmProjects/DE_Zoomcamp_Capstone_Project/.venv/lib/python3.10/site-packages/airflow/example_dags/example_time_delta_sensor_async.py
[2025-04-05T10:02:02.911+0100] {logging_mixin.py:190} INFO - [2025-04-05T10:02:02.911+0100] {dag.py:3239} INFO - Sync 1 DAGs
[2025-04-05T10:02:02.922+0100] {logging_mixin.py:190} INFO - [2025-04-05T10:02:02.922+0100] {dag.py:4180} INFO - Setting next_dagrun for example_time_delta_sensor_async to None, run_after=None
[2025-04-05T10:02:02.943+0100] {processor.py:208} INFO - Processing /home/Data_Professional/PycharmProjects/DE_Zoomcamp_Capstone_Project/.venv/lib/python3.10/site-packages/airflow/example_dags/example_time_delta_sensor_async.py took 0.066 seconds
[2025-04-05T10:03:01.417+0100] {processor.py:186} INFO - Started process (PID=13102) to work on /home/Data_Professional/PycharmProjects/DE_Zoomcamp_Capstone_Project/.venv/lib/python3.10/site-packages/airflow/example_dags/example_time_delta_sensor_async.py
[2025-04-05T10:03:01.421+0100] {processor.py:914} INFO - Processing file /home/Data_Professional/PycharmProjects/DE_Zoomcamp_Capstone_Project/.venv/lib/python3.10/site-packages/airflow/example_dags/example_time_delta_sensor_async.py for tasks to queue
[2025-04-05T10:03:01.426+0100] {logging_mixin.py:190} INFO - [2025-04-05T10:03:01.425+0100] {dagbag.py:588} INFO - Filling up the DagBag from /home/Data_Professional/PycharmProjects/DE_Zoomcamp_Capstone_Project/.venv/lib/python3.10/site-packages/airflow/example_dags/example_time_delta_sensor_async.py
[2025-04-05T10:03:01.438+0100] {processor.py:925} INFO - DAG(s) 'example_time_delta_sensor_async' retrieved from /home/Data_Professional/PycharmProjects/DE_Zoomcamp_Capstone_Project/.venv/lib/python3.10/site-packages/airflow/example_dags/example_time_delta_sensor_async.py
[2025-04-05T10:03:01.453+0100] {logging_mixin.py:190} INFO - [2025-04-05T10:03:01.453+0100] {dag.py:3239} INFO - Sync 1 DAGs
[2025-04-05T10:03:01.463+0100] {logging_mixin.py:190} INFO - [2025-04-05T10:03:01.463+0100] {dag.py:4180} INFO - Setting next_dagrun for example_time_delta_sensor_async to None, run_after=None
[2025-04-05T10:03:01.479+0100] {processor.py:208} INFO - Processing /home/Data_Professional/PycharmProjects/DE_Zoomcamp_Capstone_Project/.venv/lib/python3.10/site-packages/airflow/example_dags/example_time_delta_sensor_async.py took 0.078 seconds
[2025-04-05T10:04:00.410+0100] {processor.py:186} INFO - Started process (PID=13176) to work on /home/Data_Professional/PycharmProjects/DE_Zoomcamp_Capstone_Project/.venv/lib/python3.10/site-packages/airflow/example_dags/example_time_delta_sensor_async.py
[2025-04-05T10:04:00.414+0100] {processor.py:914} INFO - Processing file /home/Data_Professional/PycharmProjects/DE_Zoomcamp_Capstone_Project/.venv/lib/python3.10/site-packages/airflow/example_dags/example_time_delta_sensor_async.py for tasks to queue
[2025-04-05T10:04:00.418+0100] {logging_mixin.py:190} INFO - [2025-04-05T10:04:00.417+0100] {dagbag.py:588} INFO - Filling up the DagBag from /home/Data_Professional/PycharmProjects/DE_Zoomcamp_Capstone_Project/.venv/lib/python3.10/site-packages/airflow/example_dags/example_time_delta_sensor_async.py
[2025-04-05T10:04:00.429+0100] {processor.py:925} INFO - DAG(s) 'example_time_delta_sensor_async' retrieved from /home/Data_Professional/PycharmProjects/DE_Zoomcamp_Capstone_Project/.venv/lib/python3.10/site-packages/airflow/example_dags/example_time_delta_sensor_async.py
[2025-04-05T10:04:00.443+0100] {logging_mixin.py:190} INFO - [2025-04-05T10:04:00.443+0100] {dag.py:3239} INFO - Sync 1 DAGs
[2025-04-05T10:04:00.453+0100] {logging_mixin.py:190} INFO - [2025-04-05T10:04:00.453+0100] {dag.py:4180} INFO - Setting next_dagrun for example_time_delta_sensor_async to None, run_after=None
[2025-04-05T10:04:00.469+0100] {processor.py:208} INFO - Processing /home/Data_Professional/PycharmProjects/DE_Zoomcamp_Capstone_Project/.venv/lib/python3.10/site-packages/airflow/example_dags/example_time_delta_sensor_async.py took 0.070 seconds
[2025-04-05T10:04:59.675+0100] {processor.py:186} INFO - Started process (PID=13444) to work on /home/Data_Professional/PycharmProjects/DE_Zoomcamp_Capstone_Project/.venv/lib/python3.10/site-packages/airflow/example_dags/example_time_delta_sensor_async.py
[2025-04-05T10:04:59.677+0100] {processor.py:914} INFO - Processing file /home/Data_Professional/PycharmProjects/DE_Zoomcamp_Capstone_Project/.venv/lib/python3.10/site-packages/airflow/example_dags/example_time_delta_sensor_async.py for tasks to queue
[2025-04-05T10:04:59.679+0100] {logging_mixin.py:190} INFO - [2025-04-05T10:04:59.679+0100] {dagbag.py:588} INFO - Filling up the DagBag from /home/Data_Professional/PycharmProjects/DE_Zoomcamp_Capstone_Project/.venv/lib/python3.10/site-packages/airflow/example_dags/example_time_delta_sensor_async.py
[2025-04-05T10:04:59.685+0100] {processor.py:925} INFO - DAG(s) 'example_time_delta_sensor_async' retrieved from /home/Data_Professional/PycharmProjects/DE_Zoomcamp_Capstone_Project/.venv/lib/python3.10/site-packages/airflow/example_dags/example_time_delta_sensor_async.py
[2025-04-05T10:04:59.699+0100] {logging_mixin.py:190} INFO - [2025-04-05T10:04:59.699+0100] {dag.py:3239} INFO - Sync 1 DAGs
[2025-04-05T10:04:59.709+0100] {logging_mixin.py:190} INFO - [2025-04-05T10:04:59.709+0100] {dag.py:4180} INFO - Setting next_dagrun for example_time_delta_sensor_async to None, run_after=None
[2025-04-05T10:04:59.725+0100] {processor.py:208} INFO - Processing /home/Data_Professional/PycharmProjects/DE_Zoomcamp_Capstone_Project/.venv/lib/python3.10/site-packages/airflow/example_dags/example_time_delta_sensor_async.py took 0.056 seconds
[2025-04-05T10:06:03.159+0100] {processor.py:186} INFO - Started process (PID=13622) to work on /home/Data_Professional/PycharmProjects/DE_Zoomcamp_Capstone_Project/.venv/lib/python3.10/site-packages/airflow/example_dags/example_time_delta_sensor_async.py
[2025-04-05T10:06:03.160+0100] {processor.py:914} INFO - Processing file /home/Data_Professional/PycharmProjects/DE_Zoomcamp_Capstone_Project/.venv/lib/python3.10/site-packages/airflow/example_dags/example_time_delta_sensor_async.py for tasks to queue
[2025-04-05T10:06:03.162+0100] {logging_mixin.py:190} INFO - [2025-04-05T10:06:03.161+0100] {dagbag.py:588} INFO - Filling up the DagBag from /home/Data_Professional/PycharmProjects/DE_Zoomcamp_Capstone_Project/.venv/lib/python3.10/site-packages/airflow/example_dags/example_time_delta_sensor_async.py
[2025-04-05T10:06:03.171+0100] {processor.py:925} INFO - DAG(s) 'example_time_delta_sensor_async' retrieved from /home/Data_Professional/PycharmProjects/DE_Zoomcamp_Capstone_Project/.venv/lib/python3.10/site-packages/airflow/example_dags/example_time_delta_sensor_async.py
[2025-04-05T10:06:03.186+0100] {logging_mixin.py:190} INFO - [2025-04-05T10:06:03.186+0100] {dag.py:3239} INFO - Sync 1 DAGs
[2025-04-05T10:06:03.197+0100] {logging_mixin.py:190} INFO - [2025-04-05T10:06:03.197+0100] {dag.py:4180} INFO - Setting next_dagrun for example_time_delta_sensor_async to None, run_after=None
[2025-04-05T10:06:03.214+0100] {processor.py:208} INFO - Processing /home/Data_Professional/PycharmProjects/DE_Zoomcamp_Capstone_Project/.venv/lib/python3.10/site-packages/airflow/example_dags/example_time_delta_sensor_async.py took 0.066 seconds
[2025-04-05T10:07:05.032+0100] {processor.py:186} INFO - Started process (PID=13826) to work on /home/Data_Professional/PycharmProjects/DE_Zoomcamp_Capstone_Project/.venv/lib/python3.10/site-packages/airflow/example_dags/example_time_delta_sensor_async.py
[2025-04-05T10:07:05.035+0100] {processor.py:914} INFO - Processing file /home/Data_Professional/PycharmProjects/DE_Zoomcamp_Capstone_Project/.venv/lib/python3.10/site-packages/airflow/example_dags/example_time_delta_sensor_async.py for tasks to queue
[2025-04-05T10:07:05.036+0100] {logging_mixin.py:190} INFO - [2025-04-05T10:07:05.035+0100] {dagbag.py:588} INFO - Filling up the DagBag from /home/Data_Professional/PycharmProjects/DE_Zoomcamp_Capstone_Project/.venv/lib/python3.10/site-packages/airflow/example_dags/example_time_delta_sensor_async.py
[2025-04-05T10:07:05.041+0100] {processor.py:925} INFO - DAG(s) 'example_time_delta_sensor_async' retrieved from /home/Data_Professional/PycharmProjects/DE_Zoomcamp_Capstone_Project/.venv/lib/python3.10/site-packages/airflow/example_dags/example_time_delta_sensor_async.py
[2025-04-05T10:07:05.052+0100] {logging_mixin.py:190} INFO - [2025-04-05T10:07:05.052+0100] {dag.py:3239} INFO - Sync 1 DAGs
[2025-04-05T10:07:05.062+0100] {logging_mixin.py:190} INFO - [2025-04-05T10:07:05.062+0100] {dag.py:4180} INFO - Setting next_dagrun for example_time_delta_sensor_async to None, run_after=None
[2025-04-05T10:07:05.078+0100] {processor.py:208} INFO - Processing /home/Data_Professional/PycharmProjects/DE_Zoomcamp_Capstone_Project/.venv/lib/python3.10/site-packages/airflow/example_dags/example_time_delta_sensor_async.py took 0.051 seconds
[2025-04-05T10:08:08.405+0100] {processor.py:186} INFO - Started process (PID=14108) to work on /home/Data_Professional/PycharmProjects/DE_Zoomcamp_Capstone_Project/.venv/lib/python3.10/site-packages/airflow/example_dags/example_time_delta_sensor_async.py
[2025-04-05T10:08:08.408+0100] {processor.py:914} INFO - Processing file /home/Data_Professional/PycharmProjects/DE_Zoomcamp_Capstone_Project/.venv/lib/python3.10/site-packages/airflow/example_dags/example_time_delta_sensor_async.py for tasks to queue
[2025-04-05T10:08:08.410+0100] {logging_mixin.py:190} INFO - [2025-04-05T10:08:08.409+0100] {dagbag.py:588} INFO - Filling up the DagBag from /home/Data_Professional/PycharmProjects/DE_Zoomcamp_Capstone_Project/.venv/lib/python3.10/site-packages/airflow/example_dags/example_time_delta_sensor_async.py
[2025-04-05T10:08:08.419+0100] {processor.py:925} INFO - DAG(s) 'example_time_delta_sensor_async' retrieved from /home/Data_Professional/PycharmProjects/DE_Zoomcamp_Capstone_Project/.venv/lib/python3.10/site-packages/airflow/example_dags/example_time_delta_sensor_async.py
[2025-04-05T10:08:08.435+0100] {logging_mixin.py:190} INFO - [2025-04-05T10:08:08.434+0100] {dag.py:3239} INFO - Sync 1 DAGs
[2025-04-05T10:08:08.445+0100] {logging_mixin.py:190} INFO - [2025-04-05T10:08:08.445+0100] {dag.py:4180} INFO - Setting next_dagrun for example_time_delta_sensor_async to None, run_after=None
[2025-04-05T10:08:08.461+0100] {processor.py:208} INFO - Processing /home/Data_Professional/PycharmProjects/DE_Zoomcamp_Capstone_Project/.venv/lib/python3.10/site-packages/airflow/example_dags/example_time_delta_sensor_async.py took 0.065 seconds
[2025-04-05T10:09:18.326+0100] {processor.py:186} INFO - Started process (PID=14315) to work on /home/Data_Professional/PycharmProjects/DE_Zoomcamp_Capstone_Project/.venv/lib/python3.10/site-packages/airflow/example_dags/example_time_delta_sensor_async.py
[2025-04-05T10:09:18.329+0100] {processor.py:914} INFO - Processing file /home/Data_Professional/PycharmProjects/DE_Zoomcamp_Capstone_Project/.venv/lib/python3.10/site-packages/airflow/example_dags/example_time_delta_sensor_async.py for tasks to queue
[2025-04-05T10:09:18.332+0100] {logging_mixin.py:190} INFO - [2025-04-05T10:09:18.331+0100] {dagbag.py:588} INFO - Filling up the DagBag from /home/Data_Professional/PycharmProjects/DE_Zoomcamp_Capstone_Project/.venv/lib/python3.10/site-packages/airflow/example_dags/example_time_delta_sensor_async.py
[2025-04-05T10:09:18.343+0100] {processor.py:925} INFO - DAG(s) 'example_time_delta_sensor_async' retrieved from /home/Data_Professional/PycharmProjects/DE_Zoomcamp_Capstone_Project/.venv/lib/python3.10/site-packages/airflow/example_dags/example_time_delta_sensor_async.py
[2025-04-05T10:09:18.357+0100] {logging_mixin.py:190} INFO - [2025-04-05T10:09:18.357+0100] {dag.py:3239} INFO - Sync 1 DAGs
[2025-04-05T10:09:18.368+0100] {logging_mixin.py:190} INFO - [2025-04-05T10:09:18.368+0100] {dag.py:4180} INFO - Setting next_dagrun for example_time_delta_sensor_async to None, run_after=None
[2025-04-05T10:09:18.385+0100] {processor.py:208} INFO - Processing /home/Data_Professional/PycharmProjects/DE_Zoomcamp_Capstone_Project/.venv/lib/python3.10/site-packages/airflow/example_dags/example_time_delta_sensor_async.py took 0.071 seconds
[2025-04-05T10:10:16.921+0100] {processor.py:186} INFO - Started process (PID=14451) to work on /home/Data_Professional/PycharmProjects/DE_Zoomcamp_Capstone_Project/.venv/lib/python3.10/site-packages/airflow/example_dags/example_time_delta_sensor_async.py
[2025-04-05T10:10:16.924+0100] {processor.py:914} INFO - Processing file /home/Data_Professional/PycharmProjects/DE_Zoomcamp_Capstone_Project/.venv/lib/python3.10/site-packages/airflow/example_dags/example_time_delta_sensor_async.py for tasks to queue
[2025-04-05T10:10:16.926+0100] {logging_mixin.py:190} INFO - [2025-04-05T10:10:16.925+0100] {dagbag.py:588} INFO - Filling up the DagBag from /home/Data_Professional/PycharmProjects/DE_Zoomcamp_Capstone_Project/.venv/lib/python3.10/site-packages/airflow/example_dags/example_time_delta_sensor_async.py
[2025-04-05T10:10:16.932+0100] {processor.py:925} INFO - DAG(s) 'example_time_delta_sensor_async' retrieved from /home/Data_Professional/PycharmProjects/DE_Zoomcamp_Capstone_Project/.venv/lib/python3.10/site-packages/airflow/example_dags/example_time_delta_sensor_async.py
[2025-04-05T10:10:16.946+0100] {logging_mixin.py:190} INFO - [2025-04-05T10:10:16.946+0100] {dag.py:3239} INFO - Sync 1 DAGs
[2025-04-05T10:10:16.958+0100] {logging_mixin.py:190} INFO - [2025-04-05T10:10:16.958+0100] {dag.py:4180} INFO - Setting next_dagrun for example_time_delta_sensor_async to None, run_after=None
[2025-04-05T10:10:16.975+0100] {processor.py:208} INFO - Processing /home/Data_Professional/PycharmProjects/DE_Zoomcamp_Capstone_Project/.venv/lib/python3.10/site-packages/airflow/example_dags/example_time_delta_sensor_async.py took 0.059 seconds
[2025-04-05T10:11:18.530+0100] {processor.py:186} INFO - Started process (PID=14664) to work on /home/Data_Professional/PycharmProjects/DE_Zoomcamp_Capstone_Project/.venv/lib/python3.10/site-packages/airflow/example_dags/example_time_delta_sensor_async.py
[2025-04-05T10:11:18.533+0100] {processor.py:914} INFO - Processing file /home/Data_Professional/PycharmProjects/DE_Zoomcamp_Capstone_Project/.venv/lib/python3.10/site-packages/airflow/example_dags/example_time_delta_sensor_async.py for tasks to queue
[2025-04-05T10:11:18.534+0100] {logging_mixin.py:190} INFO - [2025-04-05T10:11:18.534+0100] {dagbag.py:588} INFO - Filling up the DagBag from /home/Data_Professional/PycharmProjects/DE_Zoomcamp_Capstone_Project/.venv/lib/python3.10/site-packages/airflow/example_dags/example_time_delta_sensor_async.py
[2025-04-05T10:11:18.540+0100] {processor.py:925} INFO - DAG(s) 'example_time_delta_sensor_async' retrieved from /home/Data_Professional/PycharmProjects/DE_Zoomcamp_Capstone_Project/.venv/lib/python3.10/site-packages/airflow/example_dags/example_time_delta_sensor_async.py
[2025-04-05T10:11:18.553+0100] {logging_mixin.py:190} INFO - [2025-04-05T10:11:18.553+0100] {dag.py:3239} INFO - Sync 1 DAGs
[2025-04-05T10:11:18.563+0100] {logging_mixin.py:190} INFO - [2025-04-05T10:11:18.563+0100] {dag.py:4180} INFO - Setting next_dagrun for example_time_delta_sensor_async to None, run_after=None
[2025-04-05T10:11:18.581+0100] {processor.py:208} INFO - Processing /home/Data_Professional/PycharmProjects/DE_Zoomcamp_Capstone_Project/.venv/lib/python3.10/site-packages/airflow/example_dags/example_time_delta_sensor_async.py took 0.056 seconds
[2025-04-05T10:12:21.052+0100] {processor.py:186} INFO - Started process (PID=15018) to work on /home/Data_Professional/PycharmProjects/DE_Zoomcamp_Capstone_Project/.venv/lib/python3.10/site-packages/airflow/example_dags/example_time_delta_sensor_async.py
[2025-04-05T10:12:21.054+0100] {processor.py:914} INFO - Processing file /home/Data_Professional/PycharmProjects/DE_Zoomcamp_Capstone_Project/.venv/lib/python3.10/site-packages/airflow/example_dags/example_time_delta_sensor_async.py for tasks to queue
[2025-04-05T10:12:21.056+0100] {logging_mixin.py:190} INFO - [2025-04-05T10:12:21.055+0100] {dagbag.py:588} INFO - Filling up the DagBag from /home/Data_Professional/PycharmProjects/DE_Zoomcamp_Capstone_Project/.venv/lib/python3.10/site-packages/airflow/example_dags/example_time_delta_sensor_async.py
[2025-04-05T10:12:21.062+0100] {processor.py:925} INFO - DAG(s) 'example_time_delta_sensor_async' retrieved from /home/Data_Professional/PycharmProjects/DE_Zoomcamp_Capstone_Project/.venv/lib/python3.10/site-packages/airflow/example_dags/example_time_delta_sensor_async.py
[2025-04-05T10:12:21.076+0100] {logging_mixin.py:190} INFO - [2025-04-05T10:12:21.075+0100] {dag.py:3239} INFO - Sync 1 DAGs
[2025-04-05T10:12:21.088+0100] {logging_mixin.py:190} INFO - [2025-04-05T10:12:21.088+0100] {dag.py:4180} INFO - Setting next_dagrun for example_time_delta_sensor_async to None, run_after=None
[2025-04-05T10:12:21.107+0100] {processor.py:208} INFO - Processing /home/Data_Professional/PycharmProjects/DE_Zoomcamp_Capstone_Project/.venv/lib/python3.10/site-packages/airflow/example_dags/example_time_delta_sensor_async.py took 0.064 seconds
[2025-04-05T10:13:21.988+0100] {processor.py:186} INFO - Started process (PID=15112) to work on /home/Data_Professional/PycharmProjects/DE_Zoomcamp_Capstone_Project/.venv/lib/python3.10/site-packages/airflow/example_dags/example_time_delta_sensor_async.py
[2025-04-05T10:13:21.990+0100] {processor.py:914} INFO - Processing file /home/Data_Professional/PycharmProjects/DE_Zoomcamp_Capstone_Project/.venv/lib/python3.10/site-packages/airflow/example_dags/example_time_delta_sensor_async.py for tasks to queue
[2025-04-05T10:13:21.991+0100] {logging_mixin.py:190} INFO - [2025-04-05T10:13:21.991+0100] {dagbag.py:588} INFO - Filling up the DagBag from /home/Data_Professional/PycharmProjects/DE_Zoomcamp_Capstone_Project/.venv/lib/python3.10/site-packages/airflow/example_dags/example_time_delta_sensor_async.py
[2025-04-05T10:13:21.997+0100] {processor.py:925} INFO - DAG(s) 'example_time_delta_sensor_async' retrieved from /home/Data_Professional/PycharmProjects/DE_Zoomcamp_Capstone_Project/.venv/lib/python3.10/site-packages/airflow/example_dags/example_time_delta_sensor_async.py
[2025-04-05T10:13:22.008+0100] {logging_mixin.py:190} INFO - [2025-04-05T10:13:22.008+0100] {dag.py:3239} INFO - Sync 1 DAGs
[2025-04-05T10:13:22.018+0100] {logging_mixin.py:190} INFO - [2025-04-05T10:13:22.018+0100] {dag.py:4180} INFO - Setting next_dagrun for example_time_delta_sensor_async to None, run_after=None
[2025-04-05T10:13:22.036+0100] {processor.py:208} INFO - Processing /home/Data_Professional/PycharmProjects/DE_Zoomcamp_Capstone_Project/.venv/lib/python3.10/site-packages/airflow/example_dags/example_time_delta_sensor_async.py took 0.053 seconds
[2025-04-05T10:14:16.639+0100] {processor.py:186} INFO - Started process (PID=15197) to work on /home/Data_Professional/PycharmProjects/DE_Zoomcamp_Capstone_Project/.venv/lib/python3.10/site-packages/airflow/example_dags/example_time_delta_sensor_async.py
[2025-04-05T10:14:16.641+0100] {processor.py:914} INFO - Processing file /home/Data_Professional/PycharmProjects/DE_Zoomcamp_Capstone_Project/.venv/lib/python3.10/site-packages/airflow/example_dags/example_time_delta_sensor_async.py for tasks to queue
[2025-04-05T10:14:16.642+0100] {logging_mixin.py:190} INFO - [2025-04-05T10:14:16.642+0100] {dagbag.py:588} INFO - Filling up the DagBag from /home/Data_Professional/PycharmProjects/DE_Zoomcamp_Capstone_Project/.venv/lib/python3.10/site-packages/airflow/example_dags/example_time_delta_sensor_async.py
[2025-04-05T10:14:16.649+0100] {processor.py:925} INFO - DAG(s) 'example_time_delta_sensor_async' retrieved from /home/Data_Professional/PycharmProjects/DE_Zoomcamp_Capstone_Project/.venv/lib/python3.10/site-packages/airflow/example_dags/example_time_delta_sensor_async.py
[2025-04-05T10:14:16.664+0100] {logging_mixin.py:190} INFO - [2025-04-05T10:14:16.664+0100] {dag.py:3239} INFO - Sync 1 DAGs
[2025-04-05T10:14:16.676+0100] {logging_mixin.py:190} INFO - [2025-04-05T10:14:16.676+0100] {dag.py:4180} INFO - Setting next_dagrun for example_time_delta_sensor_async to None, run_after=None
[2025-04-05T10:14:16.692+0100] {processor.py:208} INFO - Processing /home/Data_Professional/PycharmProjects/DE_Zoomcamp_Capstone_Project/.venv/lib/python3.10/site-packages/airflow/example_dags/example_time_delta_sensor_async.py took 0.058 seconds
[2025-04-05T12:24:19.176+0100] {processor.py:186} INFO - Started process (PID=15547) to work on /home/Data_Professional/PycharmProjects/DE_Zoomcamp_Capstone_Project/.venv/lib/python3.10/site-packages/airflow/example_dags/example_time_delta_sensor_async.py
[2025-04-05T12:24:19.177+0100] {processor.py:914} INFO - Processing file /home/Data_Professional/PycharmProjects/DE_Zoomcamp_Capstone_Project/.venv/lib/python3.10/site-packages/airflow/example_dags/example_time_delta_sensor_async.py for tasks to queue
[2025-04-05T12:24:19.178+0100] {logging_mixin.py:190} INFO - [2025-04-05T12:24:19.178+0100] {dagbag.py:588} INFO - Filling up the DagBag from /home/Data_Professional/PycharmProjects/DE_Zoomcamp_Capstone_Project/.venv/lib/python3.10/site-packages/airflow/example_dags/example_time_delta_sensor_async.py
[2025-04-05T12:24:19.186+0100] {processor.py:925} INFO - DAG(s) 'example_time_delta_sensor_async' retrieved from /home/Data_Professional/PycharmProjects/DE_Zoomcamp_Capstone_Project/.venv/lib/python3.10/site-packages/airflow/example_dags/example_time_delta_sensor_async.py
[2025-04-05T12:24:19.200+0100] {logging_mixin.py:190} INFO - [2025-04-05T12:24:19.200+0100] {dag.py:3239} INFO - Sync 1 DAGs
[2025-04-05T12:24:19.210+0100] {logging_mixin.py:190} INFO - [2025-04-05T12:24:19.210+0100] {dag.py:4180} INFO - Setting next_dagrun for example_time_delta_sensor_async to None, run_after=None
[2025-04-05T12:24:19.227+0100] {processor.py:208} INFO - Processing /home/Data_Professional/PycharmProjects/DE_Zoomcamp_Capstone_Project/.venv/lib/python3.10/site-packages/airflow/example_dags/example_time_delta_sensor_async.py took 0.059 seconds
