[2025-04-05T09:55:29.667+0100] {processor.py:186} INFO - Started process (PID=11857) to work on /home/Data_Professional/PycharmProjects/DE_Zoomcamp_Capstone_Project/.venv/lib/python3.10/site-packages/airflow/example_dags/example_params_ui_tutorial.py
[2025-04-05T09:55:29.668+0100] {processor.py:914} INFO - Processing file /home/Data_Professional/PycharmProjects/DE_Zoomcamp_Capstone_Project/.venv/lib/python3.10/site-packages/airflow/example_dags/example_params_ui_tutorial.py for tasks to queue
[2025-04-05T09:55:29.670+0100] {logging_mixin.py:190} INFO - [2025-04-05T09:55:29.669+0100] {dagbag.py:588} INFO - Filling up the DagBag from /home/Data_Professional/PycharmProjects/DE_Zoomcamp_Capstone_Project/.venv/lib/python3.10/site-packages/airflow/example_dags/example_params_ui_tutorial.py
[2025-04-05T09:55:29.680+0100] {processor.py:925} INFO - DAG(s) 'example_params_ui_tutorial' retrieved from /home/Data_Professional/PycharmProjects/DE_Zoomcamp_Capstone_Project/.venv/lib/python3.10/site-packages/airflow/example_dags/example_params_ui_tutorial.py
[2025-04-05T09:55:29.791+0100] {logging_mixin.py:190} INFO - [2025-04-05T09:55:29.790+0100] {override.py:1912} INFO - Created Permission View: can read on DAG:example_params_ui_tutorial
[2025-04-05T09:55:29.800+0100] {logging_mixin.py:190} INFO - [2025-04-05T09:55:29.799+0100] {override.py:1912} INFO - Created Permission View: can delete on DAG:example_params_ui_tutorial
[2025-04-05T09:55:29.807+0100] {logging_mixin.py:190} INFO - [2025-04-05T09:55:29.806+0100] {override.py:1912} INFO - Created Permission View: can edit on DAG:example_params_ui_tutorial
[2025-04-05T09:55:29.817+0100] {logging_mixin.py:190} INFO - [2025-04-05T09:55:29.816+0100] {override.py:1912} INFO - Created Permission View: can create on DAG Run:example_params_ui_tutorial
[2025-04-05T09:55:29.824+0100] {logging_mixin.py:190} INFO - [2025-04-05T09:55:29.824+0100] {override.py:1912} INFO - Created Permission View: can read on DAG Run:example_params_ui_tutorial
[2025-04-05T09:55:29.830+0100] {logging_mixin.py:190} INFO - [2025-04-05T09:55:29.830+0100] {override.py:1912} INFO - Created Permission View: can delete on DAG Run:example_params_ui_tutorial
[2025-04-05T09:55:29.837+0100] {logging_mixin.py:190} INFO - [2025-04-05T09:55:29.837+0100] {override.py:1912} INFO - Created Permission View: menu access on DAG Run:example_params_ui_tutorial
[2025-04-05T09:55:29.837+0100] {logging_mixin.py:190} INFO - [2025-04-05T09:55:29.837+0100] {dag.py:3239} INFO - Sync 1 DAGs
[2025-04-05T09:55:29.849+0100] {logging_mixin.py:190} INFO - [2025-04-05T09:55:29.849+0100] {dag.py:3262} INFO - Creating ORM DAG for example_params_ui_tutorial
[2025-04-05T09:55:29.849+0100] {logging_mixin.py:190} INFO - [2025-04-05T09:55:29.849+0100] {dag.py:4180} INFO - Setting next_dagrun for example_params_ui_tutorial to None, run_after=None
[2025-04-05T09:55:29.866+0100] {processor.py:208} INFO - Processing /home/Data_Professional/PycharmProjects/DE_Zoomcamp_Capstone_Project/.venv/lib/python3.10/site-packages/airflow/example_dags/example_params_ui_tutorial.py took 0.205 seconds
[2025-04-05T09:56:33.559+0100] {processor.py:186} INFO - Started process (PID=12175) to work on /home/Data_Professional/PycharmProjects/DE_Zoomcamp_Capstone_Project/.venv/lib/python3.10/site-packages/airflow/example_dags/example_params_ui_tutorial.py
[2025-04-05T09:56:33.562+0100] {processor.py:914} INFO - Processing file /home/Data_Professional/PycharmProjects/DE_Zoomcamp_Capstone_Project/.venv/lib/python3.10/site-packages/airflow/example_dags/example_params_ui_tutorial.py for tasks to queue
[2025-04-05T09:56:33.566+0100] {logging_mixin.py:190} INFO - [2025-04-05T09:56:33.566+0100] {dagbag.py:588} INFO - Filling up the DagBag from /home/Data_Professional/PycharmProjects/DE_Zoomcamp_Capstone_Project/.venv/lib/python3.10/site-packages/airflow/example_dags/example_params_ui_tutorial.py
[2025-04-05T09:56:33.585+0100] {processor.py:925} INFO - DAG(s) 'example_params_ui_tutorial' retrieved from /home/Data_Professional/PycharmProjects/DE_Zoomcamp_Capstone_Project/.venv/lib/python3.10/site-packages/airflow/example_dags/example_params_ui_tutorial.py
[2025-04-05T09:56:33.624+0100] {logging_mixin.py:190} INFO - [2025-04-05T09:56:33.624+0100] {dag.py:3239} INFO - Sync 1 DAGs
[2025-04-05T09:56:33.634+0100] {logging_mixin.py:190} INFO - [2025-04-05T09:56:33.634+0100] {dag.py:4180} INFO - Setting next_dagrun for example_params_ui_tutorial to None, run_after=None
[2025-04-05T09:56:33.650+0100] {processor.py:208} INFO - Processing /home/Data_Professional/PycharmProjects/DE_Zoomcamp_Capstone_Project/.venv/lib/python3.10/site-packages/airflow/example_dags/example_params_ui_tutorial.py took 0.096 seconds
[2025-04-05T09:57:29.294+0100] {processor.py:186} INFO - Started process (PID=12288) to work on /home/Data_Professional/PycharmProjects/DE_Zoomcamp_Capstone_Project/.venv/lib/python3.10/site-packages/airflow/example_dags/example_params_ui_tutorial.py
[2025-04-05T09:57:29.297+0100] {processor.py:914} INFO - Processing file /home/Data_Professional/PycharmProjects/DE_Zoomcamp_Capstone_Project/.venv/lib/python3.10/site-packages/airflow/example_dags/example_params_ui_tutorial.py for tasks to queue
[2025-04-05T09:57:29.301+0100] {logging_mixin.py:190} INFO - [2025-04-05T09:57:29.300+0100] {dagbag.py:588} INFO - Filling up the DagBag from /home/Data_Professional/PycharmProjects/DE_Zoomcamp_Capstone_Project/.venv/lib/python3.10/site-packages/airflow/example_dags/example_params_ui_tutorial.py
[2025-04-05T09:57:29.321+0100] {processor.py:925} INFO - DAG(s) 'example_params_ui_tutorial' retrieved from /home/Data_Professional/PycharmProjects/DE_Zoomcamp_Capstone_Project/.venv/lib/python3.10/site-packages/airflow/example_dags/example_params_ui_tutorial.py
[2025-04-05T09:57:29.363+0100] {logging_mixin.py:190} INFO - [2025-04-05T09:57:29.363+0100] {dag.py:3239} INFO - Sync 1 DAGs
[2025-04-05T09:57:29.373+0100] {logging_mixin.py:190} INFO - [2025-04-05T09:57:29.373+0100] {dag.py:4180} INFO - Setting next_dagrun for example_params_ui_tutorial to None, run_after=None
[2025-04-05T09:57:29.391+0100] {processor.py:208} INFO - Processing /home/Data_Professional/PycharmProjects/DE_Zoomcamp_Capstone_Project/.venv/lib/python3.10/site-packages/airflow/example_dags/example_params_ui_tutorial.py took 0.101 seconds
[2025-04-05T09:58:30.377+0100] {processor.py:186} INFO - Started process (PID=12361) to work on /home/Data_Professional/PycharmProjects/DE_Zoomcamp_Capstone_Project/.venv/lib/python3.10/site-packages/airflow/example_dags/example_params_ui_tutorial.py
[2025-04-05T09:58:30.380+0100] {processor.py:914} INFO - Processing file /home/Data_Professional/PycharmProjects/DE_Zoomcamp_Capstone_Project/.venv/lib/python3.10/site-packages/airflow/example_dags/example_params_ui_tutorial.py for tasks to queue
[2025-04-05T09:58:30.381+0100] {logging_mixin.py:190} INFO - [2025-04-05T09:58:30.381+0100] {dagbag.py:588} INFO - Filling up the DagBag from /home/Data_Professional/PycharmProjects/DE_Zoomcamp_Capstone_Project/.venv/lib/python3.10/site-packages/airflow/example_dags/example_params_ui_tutorial.py
[2025-04-05T09:58:30.388+0100] {processor.py:925} INFO - DAG(s) 'example_params_ui_tutorial' retrieved from /home/Data_Professional/PycharmProjects/DE_Zoomcamp_Capstone_Project/.venv/lib/python3.10/site-packages/airflow/example_dags/example_params_ui_tutorial.py
[2025-04-05T09:58:30.424+0100] {logging_mixin.py:190} INFO - [2025-04-05T09:58:30.423+0100] {dag.py:3239} INFO - Sync 1 DAGs
[2025-04-05T09:58:30.433+0100] {logging_mixin.py:190} INFO - [2025-04-05T09:58:30.433+0100] {dag.py:4180} INFO - Setting next_dagrun for example_params_ui_tutorial to None, run_after=None
[2025-04-05T09:58:30.449+0100] {processor.py:208} INFO - Processing /home/Data_Professional/PycharmProjects/DE_Zoomcamp_Capstone_Project/.venv/lib/python3.10/site-packages/airflow/example_dags/example_params_ui_tutorial.py took 0.076 seconds
[2025-04-05T09:59:26.184+0100] {processor.py:186} INFO - Started process (PID=12430) to work on /home/Data_Professional/PycharmProjects/DE_Zoomcamp_Capstone_Project/.venv/lib/python3.10/site-packages/airflow/example_dags/example_params_ui_tutorial.py
[2025-04-05T09:59:26.188+0100] {processor.py:914} INFO - Processing file /home/Data_Professional/PycharmProjects/DE_Zoomcamp_Capstone_Project/.venv/lib/python3.10/site-packages/airflow/example_dags/example_params_ui_tutorial.py for tasks to queue
[2025-04-05T09:59:26.194+0100] {logging_mixin.py:190} INFO - [2025-04-05T09:59:26.193+0100] {dagbag.py:588} INFO - Filling up the DagBag from /home/Data_Professional/PycharmProjects/DE_Zoomcamp_Capstone_Project/.venv/lib/python3.10/site-packages/airflow/example_dags/example_params_ui_tutorial.py
[2025-04-05T09:59:26.211+0100] {processor.py:925} INFO - DAG(s) 'example_params_ui_tutorial' retrieved from /home/Data_Professional/PycharmProjects/DE_Zoomcamp_Capstone_Project/.venv/lib/python3.10/site-packages/airflow/example_dags/example_params_ui_tutorial.py
[2025-04-05T09:59:26.250+0100] {logging_mixin.py:190} INFO - [2025-04-05T09:59:26.250+0100] {dag.py:3239} INFO - Sync 1 DAGs
[2025-04-05T09:59:26.261+0100] {logging_mixin.py:190} INFO - [2025-04-05T09:59:26.260+0100] {dag.py:4180} INFO - Setting next_dagrun for example_params_ui_tutorial to None, run_after=None
[2025-04-05T09:59:26.277+0100] {processor.py:208} INFO - Processing /home/Data_Professional/PycharmProjects/DE_Zoomcamp_Capstone_Project/.venv/lib/python3.10/site-packages/airflow/example_dags/example_params_ui_tutorial.py took 0.104 seconds
[2025-04-05T10:00:24.777+0100] {processor.py:186} INFO - Started process (PID=12653) to work on /home/Data_Professional/PycharmProjects/DE_Zoomcamp_Capstone_Project/.venv/lib/python3.10/site-packages/airflow/example_dags/example_params_ui_tutorial.py
[2025-04-05T10:00:24.779+0100] {processor.py:914} INFO - Processing file /home/Data_Professional/PycharmProjects/DE_Zoomcamp_Capstone_Project/.venv/lib/python3.10/site-packages/airflow/example_dags/example_params_ui_tutorial.py for tasks to queue
[2025-04-05T10:00:24.781+0100] {logging_mixin.py:190} INFO - [2025-04-05T10:00:24.781+0100] {dagbag.py:588} INFO - Filling up the DagBag from /home/Data_Professional/PycharmProjects/DE_Zoomcamp_Capstone_Project/.venv/lib/python3.10/site-packages/airflow/example_dags/example_params_ui_tutorial.py
[2025-04-05T10:00:24.789+0100] {processor.py:925} INFO - DAG(s) 'example_params_ui_tutorial' retrieved from /home/Data_Professional/PycharmProjects/DE_Zoomcamp_Capstone_Project/.venv/lib/python3.10/site-packages/airflow/example_dags/example_params_ui_tutorial.py
[2025-04-05T10:00:24.827+0100] {logging_mixin.py:190} INFO - [2025-04-05T10:00:24.827+0100] {dag.py:3239} INFO - Sync 1 DAGs
[2025-04-05T10:00:24.838+0100] {logging_mixin.py:190} INFO - [2025-04-05T10:00:24.837+0100] {dag.py:4180} INFO - Setting next_dagrun for example_params_ui_tutorial to None, run_after=None
[2025-04-05T10:00:24.856+0100] {processor.py:208} INFO - Processing /home/Data_Professional/PycharmProjects/DE_Zoomcamp_Capstone_Project/.venv/lib/python3.10/site-packages/airflow/example_dags/example_params_ui_tutorial.py took 0.087 seconds
[2025-04-05T10:01:22.634+0100] {processor.py:186} INFO - Started process (PID=12891) to work on /home/Data_Professional/PycharmProjects/DE_Zoomcamp_Capstone_Project/.venv/lib/python3.10/site-packages/airflow/example_dags/example_params_ui_tutorial.py
[2025-04-05T10:01:22.636+0100] {processor.py:914} INFO - Processing file /home/Data_Professional/PycharmProjects/DE_Zoomcamp_Capstone_Project/.venv/lib/python3.10/site-packages/airflow/example_dags/example_params_ui_tutorial.py for tasks to queue
[2025-04-05T10:01:22.639+0100] {logging_mixin.py:190} INFO - [2025-04-05T10:01:22.638+0100] {dagbag.py:588} INFO - Filling up the DagBag from /home/Data_Professional/PycharmProjects/DE_Zoomcamp_Capstone_Project/.venv/lib/python3.10/site-packages/airflow/example_dags/example_params_ui_tutorial.py
[2025-04-05T10:01:22.655+0100] {processor.py:925} INFO - DAG(s) 'example_params_ui_tutorial' retrieved from /home/Data_Professional/PycharmProjects/DE_Zoomcamp_Capstone_Project/.venv/lib/python3.10/site-packages/airflow/example_dags/example_params_ui_tutorial.py
[2025-04-05T10:01:22.700+0100] {logging_mixin.py:190} INFO - [2025-04-05T10:01:22.700+0100] {dag.py:3239} INFO - Sync 1 DAGs
[2025-04-05T10:01:22.712+0100] {logging_mixin.py:190} INFO - [2025-04-05T10:01:22.712+0100] {dag.py:4180} INFO - Setting next_dagrun for example_params_ui_tutorial to None, run_after=None
[2025-04-05T10:01:22.730+0100] {processor.py:208} INFO - Processing /home/Data_Professional/PycharmProjects/DE_Zoomcamp_Capstone_Project/.venv/lib/python3.10/site-packages/airflow/example_dags/example_params_ui_tutorial.py took 0.116 seconds
[2025-04-05T10:02:19.328+0100] {processor.py:186} INFO - Started process (PID=13016) to work on /home/Data_Professional/PycharmProjects/DE_Zoomcamp_Capstone_Project/.venv/lib/python3.10/site-packages/airflow/example_dags/example_params_ui_tutorial.py
[2025-04-05T10:02:19.334+0100] {processor.py:914} INFO - Processing file /home/Data_Professional/PycharmProjects/DE_Zoomcamp_Capstone_Project/.venv/lib/python3.10/site-packages/airflow/example_dags/example_params_ui_tutorial.py for tasks to queue
[2025-04-05T10:02:19.336+0100] {logging_mixin.py:190} INFO - [2025-04-05T10:02:19.336+0100] {dagbag.py:588} INFO - Filling up the DagBag from /home/Data_Professional/PycharmProjects/DE_Zoomcamp_Capstone_Project/.venv/lib/python3.10/site-packages/airflow/example_dags/example_params_ui_tutorial.py
[2025-04-05T10:02:19.361+0100] {processor.py:925} INFO - DAG(s) 'example_params_ui_tutorial' retrieved from /home/Data_Professional/PycharmProjects/DE_Zoomcamp_Capstone_Project/.venv/lib/python3.10/site-packages/airflow/example_dags/example_params_ui_tutorial.py
[2025-04-05T10:02:19.401+0100] {logging_mixin.py:190} INFO - [2025-04-05T10:02:19.400+0100] {dag.py:3239} INFO - Sync 1 DAGs
[2025-04-05T10:02:19.412+0100] {logging_mixin.py:190} INFO - [2025-04-05T10:02:19.412+0100] {dag.py:4180} INFO - Setting next_dagrun for example_params_ui_tutorial to None, run_after=None
[2025-04-05T10:02:19.434+0100] {processor.py:208} INFO - Processing /home/Data_Professional/PycharmProjects/DE_Zoomcamp_Capstone_Project/.venv/lib/python3.10/site-packages/airflow/example_dags/example_params_ui_tutorial.py took 0.114 seconds
[2025-04-05T10:03:17.215+0100] {processor.py:186} INFO - Started process (PID=13121) to work on /home/Data_Professional/PycharmProjects/DE_Zoomcamp_Capstone_Project/.venv/lib/python3.10/site-packages/airflow/example_dags/example_params_ui_tutorial.py
[2025-04-05T10:03:17.218+0100] {processor.py:914} INFO - Processing file /home/Data_Professional/PycharmProjects/DE_Zoomcamp_Capstone_Project/.venv/lib/python3.10/site-packages/airflow/example_dags/example_params_ui_tutorial.py for tasks to queue
[2025-04-05T10:03:17.220+0100] {logging_mixin.py:190} INFO - [2025-04-05T10:03:17.220+0100] {dagbag.py:588} INFO - Filling up the DagBag from /home/Data_Professional/PycharmProjects/DE_Zoomcamp_Capstone_Project/.venv/lib/python3.10/site-packages/airflow/example_dags/example_params_ui_tutorial.py
[2025-04-05T10:03:17.231+0100] {processor.py:925} INFO - DAG(s) 'example_params_ui_tutorial' retrieved from /home/Data_Professional/PycharmProjects/DE_Zoomcamp_Capstone_Project/.venv/lib/python3.10/site-packages/airflow/example_dags/example_params_ui_tutorial.py
[2025-04-05T10:03:17.267+0100] {logging_mixin.py:190} INFO - [2025-04-05T10:03:17.267+0100] {dag.py:3239} INFO - Sync 1 DAGs
[2025-04-05T10:03:17.277+0100] {logging_mixin.py:190} INFO - [2025-04-05T10:03:17.277+0100] {dag.py:4180} INFO - Setting next_dagrun for example_params_ui_tutorial to None, run_after=None
[2025-04-05T10:03:17.302+0100] {processor.py:208} INFO - Processing /home/Data_Professional/PycharmProjects/DE_Zoomcamp_Capstone_Project/.venv/lib/python3.10/site-packages/airflow/example_dags/example_params_ui_tutorial.py took 0.094 seconds
[2025-04-05T10:04:19.210+0100] {processor.py:186} INFO - Started process (PID=13236) to work on /home/Data_Professional/PycharmProjects/DE_Zoomcamp_Capstone_Project/.venv/lib/python3.10/site-packages/airflow/example_dags/example_params_ui_tutorial.py
[2025-04-05T10:04:19.213+0100] {processor.py:914} INFO - Processing file /home/Data_Professional/PycharmProjects/DE_Zoomcamp_Capstone_Project/.venv/lib/python3.10/site-packages/airflow/example_dags/example_params_ui_tutorial.py for tasks to queue
[2025-04-05T10:04:19.214+0100] {logging_mixin.py:190} INFO - [2025-04-05T10:04:19.214+0100] {dagbag.py:588} INFO - Filling up the DagBag from /home/Data_Professional/PycharmProjects/DE_Zoomcamp_Capstone_Project/.venv/lib/python3.10/site-packages/airflow/example_dags/example_params_ui_tutorial.py
[2025-04-05T10:04:19.221+0100] {processor.py:925} INFO - DAG(s) 'example_params_ui_tutorial' retrieved from /home/Data_Professional/PycharmProjects/DE_Zoomcamp_Capstone_Project/.venv/lib/python3.10/site-packages/airflow/example_dags/example_params_ui_tutorial.py
[2025-04-05T10:04:19.257+0100] {logging_mixin.py:190} INFO - [2025-04-05T10:04:19.256+0100] {dag.py:3239} INFO - Sync 1 DAGs
[2025-04-05T10:04:19.267+0100] {logging_mixin.py:190} INFO - [2025-04-05T10:04:19.266+0100] {dag.py:4180} INFO - Setting next_dagrun for example_params_ui_tutorial to None, run_after=None
[2025-04-05T10:04:19.283+0100] {processor.py:208} INFO - Processing /home/Data_Professional/PycharmProjects/DE_Zoomcamp_Capstone_Project/.venv/lib/python3.10/site-packages/airflow/example_dags/example_params_ui_tutorial.py took 0.078 seconds
[2025-04-05T10:05:17.752+0100] {processor.py:186} INFO - Started process (PID=13474) to work on /home/Data_Professional/PycharmProjects/DE_Zoomcamp_Capstone_Project/.venv/lib/python3.10/site-packages/airflow/example_dags/example_params_ui_tutorial.py
[2025-04-05T10:05:17.755+0100] {processor.py:914} INFO - Processing file /home/Data_Professional/PycharmProjects/DE_Zoomcamp_Capstone_Project/.venv/lib/python3.10/site-packages/airflow/example_dags/example_params_ui_tutorial.py for tasks to queue
[2025-04-05T10:05:17.756+0100] {logging_mixin.py:190} INFO - [2025-04-05T10:05:17.756+0100] {dagbag.py:588} INFO - Filling up the DagBag from /home/Data_Professional/PycharmProjects/DE_Zoomcamp_Capstone_Project/.venv/lib/python3.10/site-packages/airflow/example_dags/example_params_ui_tutorial.py
[2025-04-05T10:05:17.767+0100] {processor.py:925} INFO - DAG(s) 'example_params_ui_tutorial' retrieved from /home/Data_Professional/PycharmProjects/DE_Zoomcamp_Capstone_Project/.venv/lib/python3.10/site-packages/airflow/example_dags/example_params_ui_tutorial.py
[2025-04-05T10:05:17.808+0100] {logging_mixin.py:190} INFO - [2025-04-05T10:05:17.808+0100] {dag.py:3239} INFO - Sync 1 DAGs
[2025-04-05T10:05:17.821+0100] {logging_mixin.py:190} INFO - [2025-04-05T10:05:17.821+0100] {dag.py:4180} INFO - Setting next_dagrun for example_params_ui_tutorial to None, run_after=None
[2025-04-05T10:05:17.839+0100] {processor.py:208} INFO - Processing /home/Data_Professional/PycharmProjects/DE_Zoomcamp_Capstone_Project/.venv/lib/python3.10/site-packages/airflow/example_dags/example_params_ui_tutorial.py took 0.096 seconds
[2025-04-05T10:06:19.425+0100] {processor.py:186} INFO - Started process (PID=13679) to work on /home/Data_Professional/PycharmProjects/DE_Zoomcamp_Capstone_Project/.venv/lib/python3.10/site-packages/airflow/example_dags/example_params_ui_tutorial.py
[2025-04-05T10:06:19.429+0100] {processor.py:914} INFO - Processing file /home/Data_Professional/PycharmProjects/DE_Zoomcamp_Capstone_Project/.venv/lib/python3.10/site-packages/airflow/example_dags/example_params_ui_tutorial.py for tasks to queue
[2025-04-05T10:06:19.431+0100] {logging_mixin.py:190} INFO - [2025-04-05T10:06:19.430+0100] {dagbag.py:588} INFO - Filling up the DagBag from /home/Data_Professional/PycharmProjects/DE_Zoomcamp_Capstone_Project/.venv/lib/python3.10/site-packages/airflow/example_dags/example_params_ui_tutorial.py
[2025-04-05T10:06:19.446+0100] {processor.py:925} INFO - DAG(s) 'example_params_ui_tutorial' retrieved from /home/Data_Professional/PycharmProjects/DE_Zoomcamp_Capstone_Project/.venv/lib/python3.10/site-packages/airflow/example_dags/example_params_ui_tutorial.py
[2025-04-05T10:06:19.485+0100] {logging_mixin.py:190} INFO - [2025-04-05T10:06:19.485+0100] {dag.py:3239} INFO - Sync 1 DAGs
[2025-04-05T10:06:19.495+0100] {logging_mixin.py:190} INFO - [2025-04-05T10:06:19.495+0100] {dag.py:4180} INFO - Setting next_dagrun for example_params_ui_tutorial to None, run_after=None
[2025-04-05T10:06:19.512+0100] {processor.py:208} INFO - Processing /home/Data_Professional/PycharmProjects/DE_Zoomcamp_Capstone_Project/.venv/lib/python3.10/site-packages/airflow/example_dags/example_params_ui_tutorial.py took 0.099 seconds
[2025-04-05T10:07:21.201+0100] {processor.py:186} INFO - Started process (PID=13858) to work on /home/Data_Professional/PycharmProjects/DE_Zoomcamp_Capstone_Project/.venv/lib/python3.10/site-packages/airflow/example_dags/example_params_ui_tutorial.py
[2025-04-05T10:07:21.202+0100] {processor.py:914} INFO - Processing file /home/Data_Professional/PycharmProjects/DE_Zoomcamp_Capstone_Project/.venv/lib/python3.10/site-packages/airflow/example_dags/example_params_ui_tutorial.py for tasks to queue
[2025-04-05T10:07:21.203+0100] {logging_mixin.py:190} INFO - [2025-04-05T10:07:21.203+0100] {dagbag.py:588} INFO - Filling up the DagBag from /home/Data_Professional/PycharmProjects/DE_Zoomcamp_Capstone_Project/.venv/lib/python3.10/site-packages/airflow/example_dags/example_params_ui_tutorial.py
[2025-04-05T10:07:21.210+0100] {processor.py:925} INFO - DAG(s) 'example_params_ui_tutorial' retrieved from /home/Data_Professional/PycharmProjects/DE_Zoomcamp_Capstone_Project/.venv/lib/python3.10/site-packages/airflow/example_dags/example_params_ui_tutorial.py
[2025-04-05T10:07:21.249+0100] {logging_mixin.py:190} INFO - [2025-04-05T10:07:21.249+0100] {dag.py:3239} INFO - Sync 1 DAGs
[2025-04-05T10:07:21.260+0100] {logging_mixin.py:190} INFO - [2025-04-05T10:07:21.260+0100] {dag.py:4180} INFO - Setting next_dagrun for example_params_ui_tutorial to None, run_after=None
[2025-04-05T10:07:21.289+0100] {processor.py:208} INFO - Processing /home/Data_Professional/PycharmProjects/DE_Zoomcamp_Capstone_Project/.venv/lib/python3.10/site-packages/airflow/example_dags/example_params_ui_tutorial.py took 0.093 seconds
[2025-04-05T10:08:25.907+0100] {processor.py:186} INFO - Started process (PID=14158) to work on /home/Data_Professional/PycharmProjects/DE_Zoomcamp_Capstone_Project/.venv/lib/python3.10/site-packages/airflow/example_dags/example_params_ui_tutorial.py
[2025-04-05T10:08:25.910+0100] {processor.py:914} INFO - Processing file /home/Data_Professional/PycharmProjects/DE_Zoomcamp_Capstone_Project/.venv/lib/python3.10/site-packages/airflow/example_dags/example_params_ui_tutorial.py for tasks to queue
[2025-04-05T10:08:25.912+0100] {logging_mixin.py:190} INFO - [2025-04-05T10:08:25.911+0100] {dagbag.py:588} INFO - Filling up the DagBag from /home/Data_Professional/PycharmProjects/DE_Zoomcamp_Capstone_Project/.venv/lib/python3.10/site-packages/airflow/example_dags/example_params_ui_tutorial.py
[2025-04-05T10:08:25.928+0100] {processor.py:925} INFO - DAG(s) 'example_params_ui_tutorial' retrieved from /home/Data_Professional/PycharmProjects/DE_Zoomcamp_Capstone_Project/.venv/lib/python3.10/site-packages/airflow/example_dags/example_params_ui_tutorial.py
[2025-04-05T10:08:25.967+0100] {logging_mixin.py:190} INFO - [2025-04-05T10:08:25.967+0100] {dag.py:3239} INFO - Sync 1 DAGs
[2025-04-05T10:08:25.977+0100] {logging_mixin.py:190} INFO - [2025-04-05T10:08:25.977+0100] {dag.py:4180} INFO - Setting next_dagrun for example_params_ui_tutorial to None, run_after=None
[2025-04-05T10:08:25.993+0100] {processor.py:208} INFO - Processing /home/Data_Professional/PycharmProjects/DE_Zoomcamp_Capstone_Project/.venv/lib/python3.10/site-packages/airflow/example_dags/example_params_ui_tutorial.py took 0.096 seconds
[2025-04-05T10:09:28.491+0100] {processor.py:186} INFO - Started process (PID=14335) to work on /home/Data_Professional/PycharmProjects/DE_Zoomcamp_Capstone_Project/.venv/lib/python3.10/site-packages/airflow/example_dags/example_params_ui_tutorial.py
[2025-04-05T10:09:28.495+0100] {processor.py:914} INFO - Processing file /home/Data_Professional/PycharmProjects/DE_Zoomcamp_Capstone_Project/.venv/lib/python3.10/site-packages/airflow/example_dags/example_params_ui_tutorial.py for tasks to queue
[2025-04-05T10:09:28.498+0100] {logging_mixin.py:190} INFO - [2025-04-05T10:09:28.497+0100] {dagbag.py:588} INFO - Filling up the DagBag from /home/Data_Professional/PycharmProjects/DE_Zoomcamp_Capstone_Project/.venv/lib/python3.10/site-packages/airflow/example_dags/example_params_ui_tutorial.py
[2025-04-05T10:09:28.516+0100] {processor.py:925} INFO - DAG(s) 'example_params_ui_tutorial' retrieved from /home/Data_Professional/PycharmProjects/DE_Zoomcamp_Capstone_Project/.venv/lib/python3.10/site-packages/airflow/example_dags/example_params_ui_tutorial.py
[2025-04-05T10:09:28.556+0100] {logging_mixin.py:190} INFO - [2025-04-05T10:09:28.556+0100] {dag.py:3239} INFO - Sync 1 DAGs
[2025-04-05T10:09:28.567+0100] {logging_mixin.py:190} INFO - [2025-04-05T10:09:28.567+0100] {dag.py:4180} INFO - Setting next_dagrun for example_params_ui_tutorial to None, run_after=None
[2025-04-05T10:09:28.583+0100] {processor.py:208} INFO - Processing /home/Data_Professional/PycharmProjects/DE_Zoomcamp_Capstone_Project/.venv/lib/python3.10/site-packages/airflow/example_dags/example_params_ui_tutorial.py took 0.111 seconds
[2025-04-05T10:10:27.108+0100] {processor.py:186} INFO - Started process (PID=14514) to work on /home/Data_Professional/PycharmProjects/DE_Zoomcamp_Capstone_Project/.venv/lib/python3.10/site-packages/airflow/example_dags/example_params_ui_tutorial.py
[2025-04-05T10:10:27.111+0100] {processor.py:914} INFO - Processing file /home/Data_Professional/PycharmProjects/DE_Zoomcamp_Capstone_Project/.venv/lib/python3.10/site-packages/airflow/example_dags/example_params_ui_tutorial.py for tasks to queue
[2025-04-05T10:10:27.114+0100] {logging_mixin.py:190} INFO - [2025-04-05T10:10:27.113+0100] {dagbag.py:588} INFO - Filling up the DagBag from /home/Data_Professional/PycharmProjects/DE_Zoomcamp_Capstone_Project/.venv/lib/python3.10/site-packages/airflow/example_dags/example_params_ui_tutorial.py
[2025-04-05T10:10:27.128+0100] {processor.py:925} INFO - DAG(s) 'example_params_ui_tutorial' retrieved from /home/Data_Professional/PycharmProjects/DE_Zoomcamp_Capstone_Project/.venv/lib/python3.10/site-packages/airflow/example_dags/example_params_ui_tutorial.py
[2025-04-05T10:10:27.169+0100] {logging_mixin.py:190} INFO - [2025-04-05T10:10:27.168+0100] {dag.py:3239} INFO - Sync 1 DAGs
[2025-04-05T10:10:27.179+0100] {logging_mixin.py:190} INFO - [2025-04-05T10:10:27.179+0100] {dag.py:4180} INFO - Setting next_dagrun for example_params_ui_tutorial to None, run_after=None
[2025-04-05T10:10:27.195+0100] {processor.py:208} INFO - Processing /home/Data_Professional/PycharmProjects/DE_Zoomcamp_Capstone_Project/.venv/lib/python3.10/site-packages/airflow/example_dags/example_params_ui_tutorial.py took 0.097 seconds
[2025-04-05T10:11:28.771+0100] {processor.py:186} INFO - Started process (PID=14682) to work on /home/Data_Professional/PycharmProjects/DE_Zoomcamp_Capstone_Project/.venv/lib/python3.10/site-packages/airflow/example_dags/example_params_ui_tutorial.py
[2025-04-05T10:11:28.775+0100] {processor.py:914} INFO - Processing file /home/Data_Professional/PycharmProjects/DE_Zoomcamp_Capstone_Project/.venv/lib/python3.10/site-packages/airflow/example_dags/example_params_ui_tutorial.py for tasks to queue
[2025-04-05T10:11:28.779+0100] {logging_mixin.py:190} INFO - [2025-04-05T10:11:28.778+0100] {dagbag.py:588} INFO - Filling up the DagBag from /home/Data_Professional/PycharmProjects/DE_Zoomcamp_Capstone_Project/.venv/lib/python3.10/site-packages/airflow/example_dags/example_params_ui_tutorial.py
[2025-04-05T10:11:28.807+0100] {processor.py:925} INFO - DAG(s) 'example_params_ui_tutorial' retrieved from /home/Data_Professional/PycharmProjects/DE_Zoomcamp_Capstone_Project/.venv/lib/python3.10/site-packages/airflow/example_dags/example_params_ui_tutorial.py
[2025-04-05T10:11:28.852+0100] {logging_mixin.py:190} INFO - [2025-04-05T10:11:28.852+0100] {dag.py:3239} INFO - Sync 1 DAGs
[2025-04-05T10:11:28.862+0100] {logging_mixin.py:190} INFO - [2025-04-05T10:11:28.862+0100] {dag.py:4180} INFO - Setting next_dagrun for example_params_ui_tutorial to None, run_after=None
[2025-04-05T10:11:28.878+0100] {processor.py:208} INFO - Processing /home/Data_Professional/PycharmProjects/DE_Zoomcamp_Capstone_Project/.venv/lib/python3.10/site-packages/airflow/example_dags/example_params_ui_tutorial.py took 0.125 seconds
[2025-04-05T10:12:31.860+0100] {processor.py:186} INFO - Started process (PID=15034) to work on /home/Data_Professional/PycharmProjects/DE_Zoomcamp_Capstone_Project/.venv/lib/python3.10/site-packages/airflow/example_dags/example_params_ui_tutorial.py
[2025-04-05T10:12:31.863+0100] {processor.py:914} INFO - Processing file /home/Data_Professional/PycharmProjects/DE_Zoomcamp_Capstone_Project/.venv/lib/python3.10/site-packages/airflow/example_dags/example_params_ui_tutorial.py for tasks to queue
[2025-04-05T10:12:31.864+0100] {logging_mixin.py:190} INFO - [2025-04-05T10:12:31.863+0100] {dagbag.py:588} INFO - Filling up the DagBag from /home/Data_Professional/PycharmProjects/DE_Zoomcamp_Capstone_Project/.venv/lib/python3.10/site-packages/airflow/example_dags/example_params_ui_tutorial.py
[2025-04-05T10:12:31.873+0100] {processor.py:925} INFO - DAG(s) 'example_params_ui_tutorial' retrieved from /home/Data_Professional/PycharmProjects/DE_Zoomcamp_Capstone_Project/.venv/lib/python3.10/site-packages/airflow/example_dags/example_params_ui_tutorial.py
[2025-04-05T10:12:31.909+0100] {logging_mixin.py:190} INFO - [2025-04-05T10:12:31.908+0100] {dag.py:3239} INFO - Sync 1 DAGs
[2025-04-05T10:12:32.005+0100] {logging_mixin.py:190} INFO - [2025-04-05T10:12:32.005+0100] {dag.py:4180} INFO - Setting next_dagrun for example_params_ui_tutorial to None, run_after=None
[2025-04-05T10:12:32.025+0100] {processor.py:208} INFO - Processing /home/Data_Professional/PycharmProjects/DE_Zoomcamp_Capstone_Project/.venv/lib/python3.10/site-packages/airflow/example_dags/example_params_ui_tutorial.py took 0.172 seconds
[2025-04-05T10:13:32.134+0100] {processor.py:186} INFO - Started process (PID=15127) to work on /home/Data_Professional/PycharmProjects/DE_Zoomcamp_Capstone_Project/.venv/lib/python3.10/site-packages/airflow/example_dags/example_params_ui_tutorial.py
[2025-04-05T10:13:32.137+0100] {processor.py:914} INFO - Processing file /home/Data_Professional/PycharmProjects/DE_Zoomcamp_Capstone_Project/.venv/lib/python3.10/site-packages/airflow/example_dags/example_params_ui_tutorial.py for tasks to queue
[2025-04-05T10:13:32.138+0100] {logging_mixin.py:190} INFO - [2025-04-05T10:13:32.138+0100] {dagbag.py:588} INFO - Filling up the DagBag from /home/Data_Professional/PycharmProjects/DE_Zoomcamp_Capstone_Project/.venv/lib/python3.10/site-packages/airflow/example_dags/example_params_ui_tutorial.py
[2025-04-05T10:13:32.147+0100] {processor.py:925} INFO - DAG(s) 'example_params_ui_tutorial' retrieved from /home/Data_Professional/PycharmProjects/DE_Zoomcamp_Capstone_Project/.venv/lib/python3.10/site-packages/airflow/example_dags/example_params_ui_tutorial.py
[2025-04-05T10:13:32.182+0100] {logging_mixin.py:190} INFO - [2025-04-05T10:13:32.182+0100] {dag.py:3239} INFO - Sync 1 DAGs
[2025-04-05T10:13:32.192+0100] {logging_mixin.py:190} INFO - [2025-04-05T10:13:32.192+0100] {dag.py:4180} INFO - Setting next_dagrun for example_params_ui_tutorial to None, run_after=None
[2025-04-05T10:13:32.288+0100] {processor.py:208} INFO - Processing /home/Data_Professional/PycharmProjects/DE_Zoomcamp_Capstone_Project/.venv/lib/python3.10/site-packages/airflow/example_dags/example_params_ui_tutorial.py took 0.162 seconds
[2025-04-05T10:14:26.955+0100] {processor.py:186} INFO - Started process (PID=15210) to work on /home/Data_Professional/PycharmProjects/DE_Zoomcamp_Capstone_Project/.venv/lib/python3.10/site-packages/airflow/example_dags/example_params_ui_tutorial.py
[2025-04-05T10:14:26.957+0100] {processor.py:914} INFO - Processing file /home/Data_Professional/PycharmProjects/DE_Zoomcamp_Capstone_Project/.venv/lib/python3.10/site-packages/airflow/example_dags/example_params_ui_tutorial.py for tasks to queue
[2025-04-05T10:14:26.958+0100] {logging_mixin.py:190} INFO - [2025-04-05T10:14:26.958+0100] {dagbag.py:588} INFO - Filling up the DagBag from /home/Data_Professional/PycharmProjects/DE_Zoomcamp_Capstone_Project/.venv/lib/python3.10/site-packages/airflow/example_dags/example_params_ui_tutorial.py
[2025-04-05T10:14:26.967+0100] {processor.py:925} INFO - DAG(s) 'example_params_ui_tutorial' retrieved from /home/Data_Professional/PycharmProjects/DE_Zoomcamp_Capstone_Project/.venv/lib/python3.10/site-packages/airflow/example_dags/example_params_ui_tutorial.py
[2025-04-05T10:14:27.002+0100] {logging_mixin.py:190} INFO - [2025-04-05T10:14:27.002+0100] {dag.py:3239} INFO - Sync 1 DAGs
[2025-04-05T10:14:27.012+0100] {logging_mixin.py:190} INFO - [2025-04-05T10:14:27.012+0100] {dag.py:4180} INFO - Setting next_dagrun for example_params_ui_tutorial to None, run_after=None
[2025-04-05T10:14:27.029+0100] {processor.py:208} INFO - Processing /home/Data_Professional/PycharmProjects/DE_Zoomcamp_Capstone_Project/.venv/lib/python3.10/site-packages/airflow/example_dags/example_params_ui_tutorial.py took 0.079 seconds
