[2025-04-05T09:55:40.056+0100] {processor.py:186} INFO - Started process (PID=11904) to work on /home/Data_Professional/PycharmProjects/DE_Zoomcamp_Capstone_Project/.venv/lib/python3.10/site-packages/airflow/example_dags/example_display_name.py
[2025-04-05T09:55:40.056+0100] {processor.py:914} INFO - Processing file /home/Data_Professional/PycharmProjects/DE_Zoomcamp_Capstone_Project/.venv/lib/python3.10/site-packages/airflow/example_dags/example_display_name.py for tasks to queue
[2025-04-05T09:55:40.059+0100] {logging_mixin.py:190} INFO - [2025-04-05T09:55:40.058+0100] {dagbag.py:588} INFO - Filling up the DagBag from /home/Data_Professional/PycharmProjects/DE_Zoomcamp_Capstone_Project/.venv/lib/python3.10/site-packages/airflow/example_dags/example_display_name.py
[2025-04-05T09:55:40.066+0100] {processor.py:925} INFO - DAG(s) 'example_display_name' retrieved from /home/Data_Professional/PycharmProjects/DE_Zoomcamp_Capstone_Project/.venv/lib/python3.10/site-packages/airflow/example_dags/example_display_name.py
[2025-04-05T09:55:40.151+0100] {logging_mixin.py:190} INFO - [2025-04-05T09:55:40.150+0100] {override.py:1912} INFO - Created Permission View: can read on DAG:example_display_name
[2025-04-05T09:55:40.163+0100] {logging_mixin.py:190} INFO - [2025-04-05T09:55:40.163+0100] {override.py:1912} INFO - Created Permission View: can delete on DAG:example_display_name
[2025-04-05T09:55:40.171+0100] {logging_mixin.py:190} INFO - [2025-04-05T09:55:40.170+0100] {override.py:1912} INFO - Created Permission View: can edit on DAG:example_display_name
[2025-04-05T09:55:40.180+0100] {logging_mixin.py:190} INFO - [2025-04-05T09:55:40.180+0100] {override.py:1912} INFO - Created Permission View: can create on DAG Run:example_display_name
[2025-04-05T09:55:40.188+0100] {logging_mixin.py:190} INFO - [2025-04-05T09:55:40.188+0100] {override.py:1912} INFO - Created Permission View: can read on DAG Run:example_display_name
[2025-04-05T09:55:40.196+0100] {logging_mixin.py:190} INFO - [2025-04-05T09:55:40.196+0100] {override.py:1912} INFO - Created Permission View: can delete on DAG Run:example_display_name
[2025-04-05T09:55:40.202+0100] {logging_mixin.py:190} INFO - [2025-04-05T09:55:40.202+0100] {override.py:1912} INFO - Created Permission View: menu access on DAG Run:example_display_name
[2025-04-05T09:55:40.203+0100] {logging_mixin.py:190} INFO - [2025-04-05T09:55:40.203+0100] {dag.py:3239} INFO - Sync 1 DAGs
[2025-04-05T09:55:40.213+0100] {logging_mixin.py:190} INFO - [2025-04-05T09:55:40.213+0100] {dag.py:3262} INFO - Creating ORM DAG for example_display_name
[2025-04-05T09:55:40.214+0100] {logging_mixin.py:190} INFO - [2025-04-05T09:55:40.213+0100] {dag.py:4180} INFO - Setting next_dagrun for example_display_name to None, run_after=None
[2025-04-05T09:55:40.228+0100] {processor.py:208} INFO - Processing /home/Data_Professional/PycharmProjects/DE_Zoomcamp_Capstone_Project/.venv/lib/python3.10/site-packages/airflow/example_dags/example_display_name.py took 0.180 seconds
[2025-04-05T09:56:45.263+0100] {processor.py:186} INFO - Started process (PID=12236) to work on /home/Data_Professional/PycharmProjects/DE_Zoomcamp_Capstone_Project/.venv/lib/python3.10/site-packages/airflow/example_dags/example_display_name.py
[2025-04-05T09:56:45.264+0100] {processor.py:914} INFO - Processing file /home/Data_Professional/PycharmProjects/DE_Zoomcamp_Capstone_Project/.venv/lib/python3.10/site-packages/airflow/example_dags/example_display_name.py for tasks to queue
[2025-04-05T09:56:45.267+0100] {logging_mixin.py:190} INFO - [2025-04-05T09:56:45.266+0100] {dagbag.py:588} INFO - Filling up the DagBag from /home/Data_Professional/PycharmProjects/DE_Zoomcamp_Capstone_Project/.venv/lib/python3.10/site-packages/airflow/example_dags/example_display_name.py
[2025-04-05T09:56:45.277+0100] {processor.py:925} INFO - DAG(s) 'example_display_name' retrieved from /home/Data_Professional/PycharmProjects/DE_Zoomcamp_Capstone_Project/.venv/lib/python3.10/site-packages/airflow/example_dags/example_display_name.py
[2025-04-05T09:56:45.291+0100] {logging_mixin.py:190} INFO - [2025-04-05T09:56:45.291+0100] {dag.py:3239} INFO - Sync 1 DAGs
[2025-04-05T09:56:45.301+0100] {logging_mixin.py:190} INFO - [2025-04-05T09:56:45.301+0100] {dag.py:4180} INFO - Setting next_dagrun for example_display_name to None, run_after=None
[2025-04-05T09:56:45.317+0100] {processor.py:208} INFO - Processing /home/Data_Professional/PycharmProjects/DE_Zoomcamp_Capstone_Project/.venv/lib/python3.10/site-packages/airflow/example_dags/example_display_name.py took 0.064 seconds
[2025-04-05T09:57:41.323+0100] {processor.py:186} INFO - Started process (PID=12301) to work on /home/Data_Professional/PycharmProjects/DE_Zoomcamp_Capstone_Project/.venv/lib/python3.10/site-packages/airflow/example_dags/example_display_name.py
[2025-04-05T09:57:41.326+0100] {processor.py:914} INFO - Processing file /home/Data_Professional/PycharmProjects/DE_Zoomcamp_Capstone_Project/.venv/lib/python3.10/site-packages/airflow/example_dags/example_display_name.py for tasks to queue
[2025-04-05T09:57:41.330+0100] {logging_mixin.py:190} INFO - [2025-04-05T09:57:41.329+0100] {dagbag.py:588} INFO - Filling up the DagBag from /home/Data_Professional/PycharmProjects/DE_Zoomcamp_Capstone_Project/.venv/lib/python3.10/site-packages/airflow/example_dags/example_display_name.py
[2025-04-05T09:57:41.342+0100] {processor.py:925} INFO - DAG(s) 'example_display_name' retrieved from /home/Data_Professional/PycharmProjects/DE_Zoomcamp_Capstone_Project/.venv/lib/python3.10/site-packages/airflow/example_dags/example_display_name.py
[2025-04-05T09:57:41.356+0100] {logging_mixin.py:190} INFO - [2025-04-05T09:57:41.356+0100] {dag.py:3239} INFO - Sync 1 DAGs
[2025-04-05T09:57:41.367+0100] {logging_mixin.py:190} INFO - [2025-04-05T09:57:41.366+0100] {dag.py:4180} INFO - Setting next_dagrun for example_display_name to None, run_after=None
[2025-04-05T09:57:41.383+0100] {processor.py:208} INFO - Processing /home/Data_Professional/PycharmProjects/DE_Zoomcamp_Capstone_Project/.venv/lib/python3.10/site-packages/airflow/example_dags/example_display_name.py took 0.074 seconds
[2025-04-05T09:58:38.358+0100] {processor.py:186} INFO - Started process (PID=12371) to work on /home/Data_Professional/PycharmProjects/DE_Zoomcamp_Capstone_Project/.venv/lib/python3.10/site-packages/airflow/example_dags/example_display_name.py
[2025-04-05T09:58:38.361+0100] {processor.py:914} INFO - Processing file /home/Data_Professional/PycharmProjects/DE_Zoomcamp_Capstone_Project/.venv/lib/python3.10/site-packages/airflow/example_dags/example_display_name.py for tasks to queue
[2025-04-05T09:58:38.364+0100] {logging_mixin.py:190} INFO - [2025-04-05T09:58:38.364+0100] {dagbag.py:588} INFO - Filling up the DagBag from /home/Data_Professional/PycharmProjects/DE_Zoomcamp_Capstone_Project/.venv/lib/python3.10/site-packages/airflow/example_dags/example_display_name.py
[2025-04-05T09:58:38.374+0100] {processor.py:925} INFO - DAG(s) 'example_display_name' retrieved from /home/Data_Professional/PycharmProjects/DE_Zoomcamp_Capstone_Project/.venv/lib/python3.10/site-packages/airflow/example_dags/example_display_name.py
[2025-04-05T09:58:38.388+0100] {logging_mixin.py:190} INFO - [2025-04-05T09:58:38.388+0100] {dag.py:3239} INFO - Sync 1 DAGs
[2025-04-05T09:58:38.398+0100] {logging_mixin.py:190} INFO - [2025-04-05T09:58:38.398+0100] {dag.py:4180} INFO - Setting next_dagrun for example_display_name to None, run_after=None
[2025-04-05T09:58:38.414+0100] {processor.py:208} INFO - Processing /home/Data_Professional/PycharmProjects/DE_Zoomcamp_Capstone_Project/.venv/lib/python3.10/site-packages/airflow/example_dags/example_display_name.py took 0.065 seconds
[2025-04-05T09:59:35.125+0100] {processor.py:186} INFO - Started process (PID=12445) to work on /home/Data_Professional/PycharmProjects/DE_Zoomcamp_Capstone_Project/.venv/lib/python3.10/site-packages/airflow/example_dags/example_display_name.py
[2025-04-05T09:59:35.127+0100] {processor.py:914} INFO - Processing file /home/Data_Professional/PycharmProjects/DE_Zoomcamp_Capstone_Project/.venv/lib/python3.10/site-packages/airflow/example_dags/example_display_name.py for tasks to queue
[2025-04-05T09:59:35.130+0100] {logging_mixin.py:190} INFO - [2025-04-05T09:59:35.129+0100] {dagbag.py:588} INFO - Filling up the DagBag from /home/Data_Professional/PycharmProjects/DE_Zoomcamp_Capstone_Project/.venv/lib/python3.10/site-packages/airflow/example_dags/example_display_name.py
[2025-04-05T09:59:35.136+0100] {processor.py:925} INFO - DAG(s) 'example_display_name' retrieved from /home/Data_Professional/PycharmProjects/DE_Zoomcamp_Capstone_Project/.venv/lib/python3.10/site-packages/airflow/example_dags/example_display_name.py
[2025-04-05T09:59:35.147+0100] {logging_mixin.py:190} INFO - [2025-04-05T09:59:35.147+0100] {dag.py:3239} INFO - Sync 1 DAGs
[2025-04-05T09:59:35.158+0100] {logging_mixin.py:190} INFO - [2025-04-05T09:59:35.158+0100] {dag.py:4180} INFO - Setting next_dagrun for example_display_name to None, run_after=None
[2025-04-05T09:59:35.175+0100] {processor.py:208} INFO - Processing /home/Data_Professional/PycharmProjects/DE_Zoomcamp_Capstone_Project/.venv/lib/python3.10/site-packages/airflow/example_dags/example_display_name.py took 0.056 seconds
[2025-04-05T10:00:34.130+0100] {processor.py:186} INFO - Started process (PID=12790) to work on /home/Data_Professional/PycharmProjects/DE_Zoomcamp_Capstone_Project/.venv/lib/python3.10/site-packages/airflow/example_dags/example_display_name.py
[2025-04-05T10:00:34.133+0100] {processor.py:914} INFO - Processing file /home/Data_Professional/PycharmProjects/DE_Zoomcamp_Capstone_Project/.venv/lib/python3.10/site-packages/airflow/example_dags/example_display_name.py for tasks to queue
[2025-04-05T10:00:34.138+0100] {logging_mixin.py:190} INFO - [2025-04-05T10:00:34.137+0100] {dagbag.py:588} INFO - Filling up the DagBag from /home/Data_Professional/PycharmProjects/DE_Zoomcamp_Capstone_Project/.venv/lib/python3.10/site-packages/airflow/example_dags/example_display_name.py
[2025-04-05T10:00:34.152+0100] {processor.py:925} INFO - DAG(s) 'example_display_name' retrieved from /home/Data_Professional/PycharmProjects/DE_Zoomcamp_Capstone_Project/.venv/lib/python3.10/site-packages/airflow/example_dags/example_display_name.py
[2025-04-05T10:00:34.175+0100] {logging_mixin.py:190} INFO - [2025-04-05T10:00:34.175+0100] {dag.py:3239} INFO - Sync 1 DAGs
[2025-04-05T10:00:34.192+0100] {logging_mixin.py:190} INFO - [2025-04-05T10:00:34.192+0100] {dag.py:4180} INFO - Setting next_dagrun for example_display_name to None, run_after=None
[2025-04-05T10:00:34.216+0100] {processor.py:208} INFO - Processing /home/Data_Professional/PycharmProjects/DE_Zoomcamp_Capstone_Project/.venv/lib/python3.10/site-packages/airflow/example_dags/example_display_name.py took 0.098 seconds
[2025-04-05T10:01:31.788+0100] {processor.py:186} INFO - Started process (PID=12901) to work on /home/Data_Professional/PycharmProjects/DE_Zoomcamp_Capstone_Project/.venv/lib/python3.10/site-packages/airflow/example_dags/example_display_name.py
[2025-04-05T10:01:31.791+0100] {processor.py:914} INFO - Processing file /home/Data_Professional/PycharmProjects/DE_Zoomcamp_Capstone_Project/.venv/lib/python3.10/site-packages/airflow/example_dags/example_display_name.py for tasks to queue
[2025-04-05T10:01:31.792+0100] {logging_mixin.py:190} INFO - [2025-04-05T10:01:31.792+0100] {dagbag.py:588} INFO - Filling up the DagBag from /home/Data_Professional/PycharmProjects/DE_Zoomcamp_Capstone_Project/.venv/lib/python3.10/site-packages/airflow/example_dags/example_display_name.py
[2025-04-05T10:01:31.799+0100] {processor.py:925} INFO - DAG(s) 'example_display_name' retrieved from /home/Data_Professional/PycharmProjects/DE_Zoomcamp_Capstone_Project/.venv/lib/python3.10/site-packages/airflow/example_dags/example_display_name.py
[2025-04-05T10:01:31.816+0100] {logging_mixin.py:190} INFO - [2025-04-05T10:01:31.815+0100] {dag.py:3239} INFO - Sync 1 DAGs
[2025-04-05T10:01:31.828+0100] {logging_mixin.py:190} INFO - [2025-04-05T10:01:31.827+0100] {dag.py:4180} INFO - Setting next_dagrun for example_display_name to None, run_after=None
[2025-04-05T10:01:31.843+0100] {processor.py:208} INFO - Processing /home/Data_Professional/PycharmProjects/DE_Zoomcamp_Capstone_Project/.venv/lib/python3.10/site-packages/airflow/example_dags/example_display_name.py took 0.060 seconds
[2025-04-05T10:02:29.153+0100] {processor.py:186} INFO - Started process (PID=13047) to work on /home/Data_Professional/PycharmProjects/DE_Zoomcamp_Capstone_Project/.venv/lib/python3.10/site-packages/airflow/example_dags/example_display_name.py
[2025-04-05T10:02:29.159+0100] {processor.py:914} INFO - Processing file /home/Data_Professional/PycharmProjects/DE_Zoomcamp_Capstone_Project/.venv/lib/python3.10/site-packages/airflow/example_dags/example_display_name.py for tasks to queue
[2025-04-05T10:02:29.169+0100] {logging_mixin.py:190} INFO - [2025-04-05T10:02:29.167+0100] {dagbag.py:588} INFO - Filling up the DagBag from /home/Data_Professional/PycharmProjects/DE_Zoomcamp_Capstone_Project/.venv/lib/python3.10/site-packages/airflow/example_dags/example_display_name.py
[2025-04-05T10:02:29.196+0100] {processor.py:925} INFO - DAG(s) 'example_display_name' retrieved from /home/Data_Professional/PycharmProjects/DE_Zoomcamp_Capstone_Project/.venv/lib/python3.10/site-packages/airflow/example_dags/example_display_name.py
[2025-04-05T10:02:29.217+0100] {logging_mixin.py:190} INFO - [2025-04-05T10:02:29.217+0100] {dag.py:3239} INFO - Sync 1 DAGs
[2025-04-05T10:02:29.232+0100] {logging_mixin.py:190} INFO - [2025-04-05T10:02:29.231+0100] {dag.py:4180} INFO - Setting next_dagrun for example_display_name to None, run_after=None
[2025-04-05T10:02:29.249+0100] {processor.py:208} INFO - Processing /home/Data_Professional/PycharmProjects/DE_Zoomcamp_Capstone_Project/.venv/lib/python3.10/site-packages/airflow/example_dags/example_display_name.py took 0.127 seconds
[2025-04-05T10:03:26.113+0100] {processor.py:186} INFO - Started process (PID=13131) to work on /home/Data_Professional/PycharmProjects/DE_Zoomcamp_Capstone_Project/.venv/lib/python3.10/site-packages/airflow/example_dags/example_display_name.py
[2025-04-05T10:03:26.116+0100] {processor.py:914} INFO - Processing file /home/Data_Professional/PycharmProjects/DE_Zoomcamp_Capstone_Project/.venv/lib/python3.10/site-packages/airflow/example_dags/example_display_name.py for tasks to queue
[2025-04-05T10:03:26.118+0100] {logging_mixin.py:190} INFO - [2025-04-05T10:03:26.117+0100] {dagbag.py:588} INFO - Filling up the DagBag from /home/Data_Professional/PycharmProjects/DE_Zoomcamp_Capstone_Project/.venv/lib/python3.10/site-packages/airflow/example_dags/example_display_name.py
[2025-04-05T10:03:26.127+0100] {processor.py:925} INFO - DAG(s) 'example_display_name' retrieved from /home/Data_Professional/PycharmProjects/DE_Zoomcamp_Capstone_Project/.venv/lib/python3.10/site-packages/airflow/example_dags/example_display_name.py
[2025-04-05T10:03:26.140+0100] {logging_mixin.py:190} INFO - [2025-04-05T10:03:26.140+0100] {dag.py:3239} INFO - Sync 1 DAGs
[2025-04-05T10:03:26.151+0100] {logging_mixin.py:190} INFO - [2025-04-05T10:03:26.151+0100] {dag.py:4180} INFO - Setting next_dagrun for example_display_name to None, run_after=None
[2025-04-05T10:03:26.171+0100] {processor.py:208} INFO - Processing /home/Data_Professional/PycharmProjects/DE_Zoomcamp_Capstone_Project/.venv/lib/python3.10/site-packages/airflow/example_dags/example_display_name.py took 0.066 seconds
[2025-04-05T10:04:28.213+0100] {processor.py:186} INFO - Started process (PID=13247) to work on /home/Data_Professional/PycharmProjects/DE_Zoomcamp_Capstone_Project/.venv/lib/python3.10/site-packages/airflow/example_dags/example_display_name.py
[2025-04-05T10:04:28.216+0100] {processor.py:914} INFO - Processing file /home/Data_Professional/PycharmProjects/DE_Zoomcamp_Capstone_Project/.venv/lib/python3.10/site-packages/airflow/example_dags/example_display_name.py for tasks to queue
[2025-04-05T10:04:28.218+0100] {logging_mixin.py:190} INFO - [2025-04-05T10:04:28.217+0100] {dagbag.py:588} INFO - Filling up the DagBag from /home/Data_Professional/PycharmProjects/DE_Zoomcamp_Capstone_Project/.venv/lib/python3.10/site-packages/airflow/example_dags/example_display_name.py
[2025-04-05T10:04:28.224+0100] {processor.py:925} INFO - DAG(s) 'example_display_name' retrieved from /home/Data_Professional/PycharmProjects/DE_Zoomcamp_Capstone_Project/.venv/lib/python3.10/site-packages/airflow/example_dags/example_display_name.py
[2025-04-05T10:04:28.236+0100] {logging_mixin.py:190} INFO - [2025-04-05T10:04:28.236+0100] {dag.py:3239} INFO - Sync 1 DAGs
[2025-04-05T10:04:28.246+0100] {logging_mixin.py:190} INFO - [2025-04-05T10:04:28.245+0100] {dag.py:4180} INFO - Setting next_dagrun for example_display_name to None, run_after=None
[2025-04-05T10:04:28.264+0100] {processor.py:208} INFO - Processing /home/Data_Professional/PycharmProjects/DE_Zoomcamp_Capstone_Project/.venv/lib/python3.10/site-packages/airflow/example_dags/example_display_name.py took 0.057 seconds
[2025-04-05T10:05:26.445+0100] {processor.py:186} INFO - Started process (PID=13526) to work on /home/Data_Professional/PycharmProjects/DE_Zoomcamp_Capstone_Project/.venv/lib/python3.10/site-packages/airflow/example_dags/example_display_name.py
[2025-04-05T10:05:26.446+0100] {processor.py:914} INFO - Processing file /home/Data_Professional/PycharmProjects/DE_Zoomcamp_Capstone_Project/.venv/lib/python3.10/site-packages/airflow/example_dags/example_display_name.py for tasks to queue
[2025-04-05T10:05:26.448+0100] {logging_mixin.py:190} INFO - [2025-04-05T10:05:26.447+0100] {dagbag.py:588} INFO - Filling up the DagBag from /home/Data_Professional/PycharmProjects/DE_Zoomcamp_Capstone_Project/.venv/lib/python3.10/site-packages/airflow/example_dags/example_display_name.py
[2025-04-05T10:05:26.456+0100] {processor.py:925} INFO - DAG(s) 'example_display_name' retrieved from /home/Data_Professional/PycharmProjects/DE_Zoomcamp_Capstone_Project/.venv/lib/python3.10/site-packages/airflow/example_dags/example_display_name.py
[2025-04-05T10:05:26.467+0100] {logging_mixin.py:190} INFO - [2025-04-05T10:05:26.467+0100] {dag.py:3239} INFO - Sync 1 DAGs
[2025-04-05T10:05:26.477+0100] {logging_mixin.py:190} INFO - [2025-04-05T10:05:26.477+0100] {dag.py:4180} INFO - Setting next_dagrun for example_display_name to None, run_after=None
[2025-04-05T10:05:26.495+0100] {processor.py:208} INFO - Processing /home/Data_Professional/PycharmProjects/DE_Zoomcamp_Capstone_Project/.venv/lib/python3.10/site-packages/airflow/example_dags/example_display_name.py took 0.055 seconds
[2025-04-05T10:06:28.542+0100] {processor.py:186} INFO - Started process (PID=13699) to work on /home/Data_Professional/PycharmProjects/DE_Zoomcamp_Capstone_Project/.venv/lib/python3.10/site-packages/airflow/example_dags/example_display_name.py
[2025-04-05T10:06:28.543+0100] {processor.py:914} INFO - Processing file /home/Data_Professional/PycharmProjects/DE_Zoomcamp_Capstone_Project/.venv/lib/python3.10/site-packages/airflow/example_dags/example_display_name.py for tasks to queue
[2025-04-05T10:06:28.545+0100] {logging_mixin.py:190} INFO - [2025-04-05T10:06:28.544+0100] {dagbag.py:588} INFO - Filling up the DagBag from /home/Data_Professional/PycharmProjects/DE_Zoomcamp_Capstone_Project/.venv/lib/python3.10/site-packages/airflow/example_dags/example_display_name.py
[2025-04-05T10:06:28.551+0100] {processor.py:925} INFO - DAG(s) 'example_display_name' retrieved from /home/Data_Professional/PycharmProjects/DE_Zoomcamp_Capstone_Project/.venv/lib/python3.10/site-packages/airflow/example_dags/example_display_name.py
[2025-04-05T10:06:28.564+0100] {logging_mixin.py:190} INFO - [2025-04-05T10:06:28.564+0100] {dag.py:3239} INFO - Sync 1 DAGs
[2025-04-05T10:06:28.575+0100] {logging_mixin.py:190} INFO - [2025-04-05T10:06:28.574+0100] {dag.py:4180} INFO - Setting next_dagrun for example_display_name to None, run_after=None
[2025-04-05T10:06:28.591+0100] {processor.py:208} INFO - Processing /home/Data_Professional/PycharmProjects/DE_Zoomcamp_Capstone_Project/.venv/lib/python3.10/site-packages/airflow/example_dags/example_display_name.py took 0.054 seconds
[2025-04-05T10:07:29.838+0100] {processor.py:186} INFO - Started process (PID=13881) to work on /home/Data_Professional/PycharmProjects/DE_Zoomcamp_Capstone_Project/.venv/lib/python3.10/site-packages/airflow/example_dags/example_display_name.py
[2025-04-05T10:07:29.841+0100] {processor.py:914} INFO - Processing file /home/Data_Professional/PycharmProjects/DE_Zoomcamp_Capstone_Project/.venv/lib/python3.10/site-packages/airflow/example_dags/example_display_name.py for tasks to queue
[2025-04-05T10:07:29.843+0100] {logging_mixin.py:190} INFO - [2025-04-05T10:07:29.843+0100] {dagbag.py:588} INFO - Filling up the DagBag from /home/Data_Professional/PycharmProjects/DE_Zoomcamp_Capstone_Project/.venv/lib/python3.10/site-packages/airflow/example_dags/example_display_name.py
[2025-04-05T10:07:29.855+0100] {processor.py:925} INFO - DAG(s) 'example_display_name' retrieved from /home/Data_Professional/PycharmProjects/DE_Zoomcamp_Capstone_Project/.venv/lib/python3.10/site-packages/airflow/example_dags/example_display_name.py
[2025-04-05T10:07:29.869+0100] {logging_mixin.py:190} INFO - [2025-04-05T10:07:29.868+0100] {dag.py:3239} INFO - Sync 1 DAGs
[2025-04-05T10:07:29.879+0100] {logging_mixin.py:190} INFO - [2025-04-05T10:07:29.879+0100] {dag.py:4180} INFO - Setting next_dagrun for example_display_name to None, run_after=None
[2025-04-05T10:07:29.898+0100] {processor.py:208} INFO - Processing /home/Data_Professional/PycharmProjects/DE_Zoomcamp_Capstone_Project/.venv/lib/python3.10/site-packages/airflow/example_dags/example_display_name.py took 0.070 seconds
[2025-04-05T10:08:35.125+0100] {processor.py:186} INFO - Started process (PID=14214) to work on /home/Data_Professional/PycharmProjects/DE_Zoomcamp_Capstone_Project/.venv/lib/python3.10/site-packages/airflow/example_dags/example_display_name.py
[2025-04-05T10:08:35.128+0100] {processor.py:914} INFO - Processing file /home/Data_Professional/PycharmProjects/DE_Zoomcamp_Capstone_Project/.venv/lib/python3.10/site-packages/airflow/example_dags/example_display_name.py for tasks to queue
[2025-04-05T10:08:35.129+0100] {logging_mixin.py:190} INFO - [2025-04-05T10:08:35.129+0100] {dagbag.py:588} INFO - Filling up the DagBag from /home/Data_Professional/PycharmProjects/DE_Zoomcamp_Capstone_Project/.venv/lib/python3.10/site-packages/airflow/example_dags/example_display_name.py
[2025-04-05T10:08:35.139+0100] {processor.py:925} INFO - DAG(s) 'example_display_name' retrieved from /home/Data_Professional/PycharmProjects/DE_Zoomcamp_Capstone_Project/.venv/lib/python3.10/site-packages/airflow/example_dags/example_display_name.py
[2025-04-05T10:08:35.153+0100] {logging_mixin.py:190} INFO - [2025-04-05T10:08:35.153+0100] {dag.py:3239} INFO - Sync 1 DAGs
[2025-04-05T10:08:35.165+0100] {logging_mixin.py:190} INFO - [2025-04-05T10:08:35.165+0100] {dag.py:4180} INFO - Setting next_dagrun for example_display_name to None, run_after=None
[2025-04-05T10:08:35.183+0100] {processor.py:208} INFO - Processing /home/Data_Professional/PycharmProjects/DE_Zoomcamp_Capstone_Project/.venv/lib/python3.10/site-packages/airflow/example_dags/example_display_name.py took 0.067 seconds
[2025-04-05T10:09:47.643+0100] {processor.py:186} INFO - Started process (PID=14366) to work on /home/Data_Professional/PycharmProjects/DE_Zoomcamp_Capstone_Project/.venv/lib/python3.10/site-packages/airflow/example_dags/example_display_name.py
[2025-04-05T10:09:47.644+0100] {processor.py:914} INFO - Processing file /home/Data_Professional/PycharmProjects/DE_Zoomcamp_Capstone_Project/.venv/lib/python3.10/site-packages/airflow/example_dags/example_display_name.py for tasks to queue
[2025-04-05T10:09:47.646+0100] {logging_mixin.py:190} INFO - [2025-04-05T10:09:47.645+0100] {dagbag.py:588} INFO - Filling up the DagBag from /home/Data_Professional/PycharmProjects/DE_Zoomcamp_Capstone_Project/.venv/lib/python3.10/site-packages/airflow/example_dags/example_display_name.py
[2025-04-05T10:09:47.656+0100] {processor.py:925} INFO - DAG(s) 'example_display_name' retrieved from /home/Data_Professional/PycharmProjects/DE_Zoomcamp_Capstone_Project/.venv/lib/python3.10/site-packages/airflow/example_dags/example_display_name.py
[2025-04-05T10:09:47.671+0100] {logging_mixin.py:190} INFO - [2025-04-05T10:09:47.671+0100] {dag.py:3239} INFO - Sync 1 DAGs
[2025-04-05T10:09:47.684+0100] {logging_mixin.py:190} INFO - [2025-04-05T10:09:47.683+0100] {dag.py:4180} INFO - Setting next_dagrun for example_display_name to None, run_after=None
[2025-04-05T10:09:47.702+0100] {processor.py:208} INFO - Processing /home/Data_Professional/PycharmProjects/DE_Zoomcamp_Capstone_Project/.venv/lib/python3.10/site-packages/airflow/example_dags/example_display_name.py took 0.067 seconds
[2025-04-05T10:10:45.437+0100] {processor.py:186} INFO - Started process (PID=14551) to work on /home/Data_Professional/PycharmProjects/DE_Zoomcamp_Capstone_Project/.venv/lib/python3.10/site-packages/airflow/example_dags/example_display_name.py
[2025-04-05T10:10:45.441+0100] {processor.py:914} INFO - Processing file /home/Data_Professional/PycharmProjects/DE_Zoomcamp_Capstone_Project/.venv/lib/python3.10/site-packages/airflow/example_dags/example_display_name.py for tasks to queue
[2025-04-05T10:10:45.444+0100] {logging_mixin.py:190} INFO - [2025-04-05T10:10:45.443+0100] {dagbag.py:588} INFO - Filling up the DagBag from /home/Data_Professional/PycharmProjects/DE_Zoomcamp_Capstone_Project/.venv/lib/python3.10/site-packages/airflow/example_dags/example_display_name.py
[2025-04-05T10:10:45.467+0100] {processor.py:925} INFO - DAG(s) 'example_display_name' retrieved from /home/Data_Professional/PycharmProjects/DE_Zoomcamp_Capstone_Project/.venv/lib/python3.10/site-packages/airflow/example_dags/example_display_name.py
[2025-04-05T10:10:45.512+0100] {logging_mixin.py:190} INFO - [2025-04-05T10:10:45.511+0100] {dag.py:3239} INFO - Sync 1 DAGs
[2025-04-05T10:10:45.554+0100] {logging_mixin.py:190} INFO - [2025-04-05T10:10:45.553+0100] {dag.py:4180} INFO - Setting next_dagrun for example_display_name to None, run_after=None
[2025-04-05T10:10:45.579+0100] {processor.py:208} INFO - Processing /home/Data_Professional/PycharmProjects/DE_Zoomcamp_Capstone_Project/.venv/lib/python3.10/site-packages/airflow/example_dags/example_display_name.py took 0.156 seconds
[2025-04-05T10:11:49.253+0100] {processor.py:186} INFO - Started process (PID=14919) to work on /home/Data_Professional/PycharmProjects/DE_Zoomcamp_Capstone_Project/.venv/lib/python3.10/site-packages/airflow/example_dags/example_display_name.py
[2025-04-05T10:11:49.256+0100] {processor.py:914} INFO - Processing file /home/Data_Professional/PycharmProjects/DE_Zoomcamp_Capstone_Project/.venv/lib/python3.10/site-packages/airflow/example_dags/example_display_name.py for tasks to queue
[2025-04-05T10:11:49.257+0100] {logging_mixin.py:190} INFO - [2025-04-05T10:11:49.257+0100] {dagbag.py:588} INFO - Filling up the DagBag from /home/Data_Professional/PycharmProjects/DE_Zoomcamp_Capstone_Project/.venv/lib/python3.10/site-packages/airflow/example_dags/example_display_name.py
[2025-04-05T10:11:49.265+0100] {processor.py:925} INFO - DAG(s) 'example_display_name' retrieved from /home/Data_Professional/PycharmProjects/DE_Zoomcamp_Capstone_Project/.venv/lib/python3.10/site-packages/airflow/example_dags/example_display_name.py
[2025-04-05T10:11:49.281+0100] {logging_mixin.py:190} INFO - [2025-04-05T10:11:49.281+0100] {dag.py:3239} INFO - Sync 1 DAGs
[2025-04-05T10:11:49.292+0100] {logging_mixin.py:190} INFO - [2025-04-05T10:11:49.292+0100] {dag.py:4180} INFO - Setting next_dagrun for example_display_name to None, run_after=None
[2025-04-05T10:11:49.309+0100] {processor.py:208} INFO - Processing /home/Data_Professional/PycharmProjects/DE_Zoomcamp_Capstone_Project/.venv/lib/python3.10/site-packages/airflow/example_dags/example_display_name.py took 0.061 seconds
[2025-04-05T10:12:57.224+0100] {processor.py:186} INFO - Started process (PID=15067) to work on /home/Data_Professional/PycharmProjects/DE_Zoomcamp_Capstone_Project/.venv/lib/python3.10/site-packages/airflow/example_dags/example_display_name.py
[2025-04-05T10:12:57.228+0100] {processor.py:914} INFO - Processing file /home/Data_Professional/PycharmProjects/DE_Zoomcamp_Capstone_Project/.venv/lib/python3.10/site-packages/airflow/example_dags/example_display_name.py for tasks to queue
[2025-04-05T10:12:57.231+0100] {logging_mixin.py:190} INFO - [2025-04-05T10:12:57.230+0100] {dagbag.py:588} INFO - Filling up the DagBag from /home/Data_Professional/PycharmProjects/DE_Zoomcamp_Capstone_Project/.venv/lib/python3.10/site-packages/airflow/example_dags/example_display_name.py
[2025-04-05T10:12:57.244+0100] {processor.py:925} INFO - DAG(s) 'example_display_name' retrieved from /home/Data_Professional/PycharmProjects/DE_Zoomcamp_Capstone_Project/.venv/lib/python3.10/site-packages/airflow/example_dags/example_display_name.py
[2025-04-05T10:12:57.259+0100] {logging_mixin.py:190} INFO - [2025-04-05T10:12:57.258+0100] {dag.py:3239} INFO - Sync 1 DAGs
[2025-04-05T10:12:57.269+0100] {logging_mixin.py:190} INFO - [2025-04-05T10:12:57.269+0100] {dag.py:4180} INFO - Setting next_dagrun for example_display_name to None, run_after=None
[2025-04-05T10:12:57.285+0100] {processor.py:208} INFO - Processing /home/Data_Professional/PycharmProjects/DE_Zoomcamp_Capstone_Project/.venv/lib/python3.10/site-packages/airflow/example_dags/example_display_name.py took 0.075 seconds
[2025-04-05T10:13:53.784+0100] {processor.py:186} INFO - Started process (PID=15153) to work on /home/Data_Professional/PycharmProjects/DE_Zoomcamp_Capstone_Project/.venv/lib/python3.10/site-packages/airflow/example_dags/example_display_name.py
[2025-04-05T10:13:53.787+0100] {processor.py:914} INFO - Processing file /home/Data_Professional/PycharmProjects/DE_Zoomcamp_Capstone_Project/.venv/lib/python3.10/site-packages/airflow/example_dags/example_display_name.py for tasks to queue
[2025-04-05T10:13:53.788+0100] {logging_mixin.py:190} INFO - [2025-04-05T10:13:53.788+0100] {dagbag.py:588} INFO - Filling up the DagBag from /home/Data_Professional/PycharmProjects/DE_Zoomcamp_Capstone_Project/.venv/lib/python3.10/site-packages/airflow/example_dags/example_display_name.py
[2025-04-05T10:13:53.794+0100] {processor.py:925} INFO - DAG(s) 'example_display_name' retrieved from /home/Data_Professional/PycharmProjects/DE_Zoomcamp_Capstone_Project/.venv/lib/python3.10/site-packages/airflow/example_dags/example_display_name.py
[2025-04-05T10:13:53.806+0100] {logging_mixin.py:190} INFO - [2025-04-05T10:13:53.805+0100] {dag.py:3239} INFO - Sync 1 DAGs
[2025-04-05T10:13:53.896+0100] {logging_mixin.py:190} INFO - [2025-04-05T10:13:53.896+0100] {dag.py:4180} INFO - Setting next_dagrun for example_display_name to None, run_after=None
[2025-04-05T10:13:53.915+0100] {processor.py:208} INFO - Processing /home/Data_Professional/PycharmProjects/DE_Zoomcamp_Capstone_Project/.venv/lib/python3.10/site-packages/airflow/example_dags/example_display_name.py took 0.136 seconds
[2025-04-05T12:23:49.451+0100] {processor.py:186} INFO - Started process (PID=15418) to work on /home/Data_Professional/PycharmProjects/DE_Zoomcamp_Capstone_Project/.venv/lib/python3.10/site-packages/airflow/example_dags/example_display_name.py
[2025-04-05T12:23:49.453+0100] {processor.py:914} INFO - Processing file /home/Data_Professional/PycharmProjects/DE_Zoomcamp_Capstone_Project/.venv/lib/python3.10/site-packages/airflow/example_dags/example_display_name.py for tasks to queue
[2025-04-05T12:23:49.455+0100] {logging_mixin.py:190} INFO - [2025-04-05T12:23:49.454+0100] {dagbag.py:588} INFO - Filling up the DagBag from /home/Data_Professional/PycharmProjects/DE_Zoomcamp_Capstone_Project/.venv/lib/python3.10/site-packages/airflow/example_dags/example_display_name.py
[2025-04-05T12:23:49.462+0100] {processor.py:925} INFO - DAG(s) 'example_display_name' retrieved from /home/Data_Professional/PycharmProjects/DE_Zoomcamp_Capstone_Project/.venv/lib/python3.10/site-packages/airflow/example_dags/example_display_name.py
[2025-04-05T12:23:49.474+0100] {logging_mixin.py:190} INFO - [2025-04-05T12:23:49.473+0100] {dag.py:3239} INFO - Sync 1 DAGs
[2025-04-05T12:23:49.484+0100] {logging_mixin.py:190} INFO - [2025-04-05T12:23:49.484+0100] {dag.py:4180} INFO - Setting next_dagrun for example_display_name to None, run_after=None
[2025-04-05T12:23:49.587+0100] {processor.py:208} INFO - Processing /home/Data_Professional/PycharmProjects/DE_Zoomcamp_Capstone_Project/.venv/lib/python3.10/site-packages/airflow/example_dags/example_display_name.py took 0.144 seconds
