[2025-04-05T09:55:45.704+0100] {processor.py:186} INFO - Started process (PID=11947) to work on /home/Data_Professional/PycharmProjects/DE_Zoomcamp_Capstone_Project/.venv/lib/python3.10/site-packages/airflow/example_dags/example_datasets.py
[2025-04-05T09:55:45.707+0100] {processor.py:914} INFO - Processing file /home/Data_Professional/PycharmProjects/DE_Zoomcamp_Capstone_Project/.venv/lib/python3.10/site-packages/airflow/example_dags/example_datasets.py for tasks to queue
[2025-04-05T09:55:45.711+0100] {logging_mixin.py:190} INFO - [2025-04-05T09:55:45.710+0100] {dagbag.py:588} INFO - Filling up the DagBag from /home/Data_Professional/PycharmProjects/DE_Zoomcamp_Capstone_Project/.venv/lib/python3.10/site-packages/airflow/example_dags/example_datasets.py
[2025-04-05T09:55:45.730+0100] {processor.py:925} INFO - DAG(s) 'dataset_consumes_1_and_2', 'dataset_consumes_1_never_scheduled', 'conditional_dataset_and_time_based_timetable', 'dataset_produces_1', 'dataset_produces_2', 'consume_1_or_both_2_and_3_with_dataset_expressions', 'dataset_consumes_unknown_never_scheduled', 'dataset_consumes_1', 'consume_1_or_2_with_dataset_expressions', 'consume_1_and_2_with_dataset_expressions' retrieved from /home/Data_Professional/PycharmProjects/DE_Zoomcamp_Capstone_Project/.venv/lib/python3.10/site-packages/airflow/example_dags/example_datasets.py
[2025-04-05T09:55:45.849+0100] {logging_mixin.py:190} INFO - [2025-04-05T09:55:45.849+0100] {override.py:1912} INFO - Created Permission View: can read on DAG:dataset_consumes_1_and_2
[2025-04-05T09:55:45.864+0100] {logging_mixin.py:190} INFO - [2025-04-05T09:55:45.863+0100] {override.py:1912} INFO - Created Permission View: can delete on DAG:dataset_consumes_1_and_2
[2025-04-05T09:55:45.873+0100] {logging_mixin.py:190} INFO - [2025-04-05T09:55:45.873+0100] {override.py:1912} INFO - Created Permission View: can edit on DAG:dataset_consumes_1_and_2
[2025-04-05T09:55:45.888+0100] {logging_mixin.py:190} INFO - [2025-04-05T09:55:45.887+0100] {override.py:1912} INFO - Created Permission View: can create on DAG Run:dataset_consumes_1_and_2
[2025-04-05T09:55:45.913+0100] {logging_mixin.py:190} INFO - [2025-04-05T09:55:45.912+0100] {override.py:1912} INFO - Created Permission View: can read on DAG Run:dataset_consumes_1_and_2
[2025-04-05T09:55:45.925+0100] {logging_mixin.py:190} INFO - [2025-04-05T09:55:45.924+0100] {override.py:1912} INFO - Created Permission View: can delete on DAG Run:dataset_consumes_1_and_2
[2025-04-05T09:55:45.946+0100] {logging_mixin.py:190} INFO - [2025-04-05T09:55:45.945+0100] {override.py:1912} INFO - Created Permission View: menu access on DAG Run:dataset_consumes_1_and_2
[2025-04-05T09:55:45.971+0100] {logging_mixin.py:190} INFO - [2025-04-05T09:55:45.970+0100] {override.py:1912} INFO - Created Permission View: can read on DAG:dataset_consumes_1_never_scheduled
[2025-04-05T09:55:45.981+0100] {logging_mixin.py:190} INFO - [2025-04-05T09:55:45.981+0100] {override.py:1912} INFO - Created Permission View: can delete on DAG:dataset_consumes_1_never_scheduled
[2025-04-05T09:55:45.993+0100] {logging_mixin.py:190} INFO - [2025-04-05T09:55:45.992+0100] {override.py:1912} INFO - Created Permission View: can edit on DAG:dataset_consumes_1_never_scheduled
[2025-04-05T09:55:46.058+0100] {logging_mixin.py:190} INFO - [2025-04-05T09:55:46.057+0100] {override.py:1912} INFO - Created Permission View: can create on DAG Run:dataset_consumes_1_never_scheduled
[2025-04-05T09:55:46.073+0100] {logging_mixin.py:190} INFO - [2025-04-05T09:55:46.072+0100] {override.py:1912} INFO - Created Permission View: can read on DAG Run:dataset_consumes_1_never_scheduled
[2025-04-05T09:55:46.084+0100] {logging_mixin.py:190} INFO - [2025-04-05T09:55:46.083+0100] {override.py:1912} INFO - Created Permission View: can delete on DAG Run:dataset_consumes_1_never_scheduled
[2025-04-05T09:55:46.101+0100] {logging_mixin.py:190} INFO - [2025-04-05T09:55:46.099+0100] {override.py:1912} INFO - Created Permission View: menu access on DAG Run:dataset_consumes_1_never_scheduled
[2025-04-05T09:55:46.143+0100] {logging_mixin.py:190} INFO - [2025-04-05T09:55:46.141+0100] {override.py:1912} INFO - Created Permission View: can read on DAG:conditional_dataset_and_time_based_timetable
[2025-04-05T09:55:46.155+0100] {logging_mixin.py:190} INFO - [2025-04-05T09:55:46.154+0100] {override.py:1912} INFO - Created Permission View: can delete on DAG:conditional_dataset_and_time_based_timetable
[2025-04-05T09:55:46.169+0100] {logging_mixin.py:190} INFO - [2025-04-05T09:55:46.169+0100] {override.py:1912} INFO - Created Permission View: can edit on DAG:conditional_dataset_and_time_based_timetable
[2025-04-05T09:55:46.184+0100] {logging_mixin.py:190} INFO - [2025-04-05T09:55:46.183+0100] {override.py:1912} INFO - Created Permission View: can create on DAG Run:conditional_dataset_and_time_based_timetable
[2025-04-05T09:55:46.197+0100] {logging_mixin.py:190} INFO - [2025-04-05T09:55:46.197+0100] {override.py:1912} INFO - Created Permission View: can read on DAG Run:conditional_dataset_and_time_based_timetable
[2025-04-05T09:55:46.221+0100] {logging_mixin.py:190} INFO - [2025-04-05T09:55:46.212+0100] {override.py:1912} INFO - Created Permission View: can delete on DAG Run:conditional_dataset_and_time_based_timetable
[2025-04-05T09:55:46.231+0100] {logging_mixin.py:190} INFO - [2025-04-05T09:55:46.230+0100] {override.py:1912} INFO - Created Permission View: menu access on DAG Run:conditional_dataset_and_time_based_timetable
[2025-04-05T09:55:46.270+0100] {logging_mixin.py:190} INFO - [2025-04-05T09:55:46.269+0100] {override.py:1912} INFO - Created Permission View: can read on DAG:dataset_produces_1
[2025-04-05T09:55:46.280+0100] {logging_mixin.py:190} INFO - [2025-04-05T09:55:46.279+0100] {override.py:1912} INFO - Created Permission View: can delete on DAG:dataset_produces_1
[2025-04-05T09:55:46.291+0100] {logging_mixin.py:190} INFO - [2025-04-05T09:55:46.290+0100] {override.py:1912} INFO - Created Permission View: can edit on DAG:dataset_produces_1
[2025-04-05T09:55:46.308+0100] {logging_mixin.py:190} INFO - [2025-04-05T09:55:46.308+0100] {override.py:1912} INFO - Created Permission View: can create on DAG Run:dataset_produces_1
[2025-04-05T09:55:46.318+0100] {logging_mixin.py:190} INFO - [2025-04-05T09:55:46.318+0100] {override.py:1912} INFO - Created Permission View: can read on DAG Run:dataset_produces_1
[2025-04-05T09:55:46.330+0100] {logging_mixin.py:190} INFO - [2025-04-05T09:55:46.330+0100] {override.py:1912} INFO - Created Permission View: can delete on DAG Run:dataset_produces_1
[2025-04-05T09:55:46.341+0100] {logging_mixin.py:190} INFO - [2025-04-05T09:55:46.340+0100] {override.py:1912} INFO - Created Permission View: menu access on DAG Run:dataset_produces_1
[2025-04-05T09:55:46.368+0100] {logging_mixin.py:190} INFO - [2025-04-05T09:55:46.368+0100] {override.py:1912} INFO - Created Permission View: can read on DAG:dataset_produces_2
[2025-04-05T09:55:46.377+0100] {logging_mixin.py:190} INFO - [2025-04-05T09:55:46.376+0100] {override.py:1912} INFO - Created Permission View: can delete on DAG:dataset_produces_2
[2025-04-05T09:55:46.386+0100] {logging_mixin.py:190} INFO - [2025-04-05T09:55:46.385+0100] {override.py:1912} INFO - Created Permission View: can edit on DAG:dataset_produces_2
[2025-04-05T09:55:46.396+0100] {logging_mixin.py:190} INFO - [2025-04-05T09:55:46.396+0100] {override.py:1912} INFO - Created Permission View: can create on DAG Run:dataset_produces_2
[2025-04-05T09:55:46.403+0100] {logging_mixin.py:190} INFO - [2025-04-05T09:55:46.402+0100] {override.py:1912} INFO - Created Permission View: can read on DAG Run:dataset_produces_2
[2025-04-05T09:55:46.409+0100] {logging_mixin.py:190} INFO - [2025-04-05T09:55:46.409+0100] {override.py:1912} INFO - Created Permission View: can delete on DAG Run:dataset_produces_2
[2025-04-05T09:55:46.415+0100] {logging_mixin.py:190} INFO - [2025-04-05T09:55:46.415+0100] {override.py:1912} INFO - Created Permission View: menu access on DAG Run:dataset_produces_2
[2025-04-05T09:55:46.428+0100] {logging_mixin.py:190} INFO - [2025-04-05T09:55:46.428+0100] {override.py:1912} INFO - Created Permission View: can read on DAG:consume_1_or_both_2_and_3_with_dataset_expressions
[2025-04-05T09:55:46.435+0100] {logging_mixin.py:190} INFO - [2025-04-05T09:55:46.434+0100] {override.py:1912} INFO - Created Permission View: can delete on DAG:consume_1_or_both_2_and_3_with_dataset_expressions
[2025-04-05T09:55:46.441+0100] {logging_mixin.py:190} INFO - [2025-04-05T09:55:46.441+0100] {override.py:1912} INFO - Created Permission View: can edit on DAG:consume_1_or_both_2_and_3_with_dataset_expressions
[2025-04-05T09:55:46.451+0100] {logging_mixin.py:190} INFO - [2025-04-05T09:55:46.450+0100] {override.py:1912} INFO - Created Permission View: can create on DAG Run:consume_1_or_both_2_and_3_with_dataset_expressions
[2025-04-05T09:55:46.473+0100] {logging_mixin.py:190} INFO - [2025-04-05T09:55:46.472+0100] {override.py:1912} INFO - Created Permission View: can read on DAG Run:consume_1_or_both_2_and_3_with_dataset_expressions
[2025-04-05T09:55:46.490+0100] {logging_mixin.py:190} INFO - [2025-04-05T09:55:46.490+0100] {override.py:1912} INFO - Created Permission View: can delete on DAG Run:consume_1_or_both_2_and_3_with_dataset_expressions
[2025-04-05T09:55:46.507+0100] {logging_mixin.py:190} INFO - [2025-04-05T09:55:46.506+0100] {override.py:1912} INFO - Created Permission View: menu access on DAG Run:consume_1_or_both_2_and_3_with_dataset_expressions
[2025-04-05T09:55:46.540+0100] {logging_mixin.py:190} INFO - [2025-04-05T09:55:46.539+0100] {override.py:1912} INFO - Created Permission View: can read on DAG:dataset_consumes_unknown_never_scheduled
[2025-04-05T09:55:46.561+0100] {logging_mixin.py:190} INFO - [2025-04-05T09:55:46.560+0100] {override.py:1912} INFO - Created Permission View: can delete on DAG:dataset_consumes_unknown_never_scheduled
[2025-04-05T09:55:46.584+0100] {logging_mixin.py:190} INFO - [2025-04-05T09:55:46.583+0100] {override.py:1912} INFO - Created Permission View: can edit on DAG:dataset_consumes_unknown_never_scheduled
[2025-04-05T09:55:46.604+0100] {logging_mixin.py:190} INFO - [2025-04-05T09:55:46.604+0100] {override.py:1912} INFO - Created Permission View: can create on DAG Run:dataset_consumes_unknown_never_scheduled
[2025-04-05T09:55:46.625+0100] {logging_mixin.py:190} INFO - [2025-04-05T09:55:46.625+0100] {override.py:1912} INFO - Created Permission View: can read on DAG Run:dataset_consumes_unknown_never_scheduled
[2025-04-05T09:55:46.645+0100] {logging_mixin.py:190} INFO - [2025-04-05T09:55:46.645+0100] {override.py:1912} INFO - Created Permission View: can delete on DAG Run:dataset_consumes_unknown_never_scheduled
[2025-04-05T09:55:46.663+0100] {logging_mixin.py:190} INFO - [2025-04-05T09:55:46.663+0100] {override.py:1912} INFO - Created Permission View: menu access on DAG Run:dataset_consumes_unknown_never_scheduled
[2025-04-05T09:55:46.689+0100] {logging_mixin.py:190} INFO - [2025-04-05T09:55:46.688+0100] {override.py:1912} INFO - Created Permission View: can read on DAG:dataset_consumes_1
[2025-04-05T09:55:46.699+0100] {logging_mixin.py:190} INFO - [2025-04-05T09:55:46.698+0100] {override.py:1912} INFO - Created Permission View: can delete on DAG:dataset_consumes_1
[2025-04-05T09:55:46.712+0100] {logging_mixin.py:190} INFO - [2025-04-05T09:55:46.711+0100] {override.py:1912} INFO - Created Permission View: can edit on DAG:dataset_consumes_1
[2025-04-05T09:55:46.727+0100] {logging_mixin.py:190} INFO - [2025-04-05T09:55:46.727+0100] {override.py:1912} INFO - Created Permission View: can create on DAG Run:dataset_consumes_1
[2025-04-05T09:55:46.740+0100] {logging_mixin.py:190} INFO - [2025-04-05T09:55:46.739+0100] {override.py:1912} INFO - Created Permission View: can read on DAG Run:dataset_consumes_1
[2025-04-05T09:55:46.752+0100] {logging_mixin.py:190} INFO - [2025-04-05T09:55:46.752+0100] {override.py:1912} INFO - Created Permission View: can delete on DAG Run:dataset_consumes_1
[2025-04-05T09:55:46.769+0100] {logging_mixin.py:190} INFO - [2025-04-05T09:55:46.767+0100] {override.py:1912} INFO - Created Permission View: menu access on DAG Run:dataset_consumes_1
[2025-04-05T09:55:46.810+0100] {logging_mixin.py:190} INFO - [2025-04-05T09:55:46.809+0100] {override.py:1912} INFO - Created Permission View: can read on DAG:consume_1_or_2_with_dataset_expressions
[2025-04-05T09:55:46.822+0100] {logging_mixin.py:190} INFO - [2025-04-05T09:55:46.821+0100] {override.py:1912} INFO - Created Permission View: can delete on DAG:consume_1_or_2_with_dataset_expressions
[2025-04-05T09:55:46.835+0100] {logging_mixin.py:190} INFO - [2025-04-05T09:55:46.833+0100] {override.py:1912} INFO - Created Permission View: can edit on DAG:consume_1_or_2_with_dataset_expressions
[2025-04-05T09:55:46.853+0100] {logging_mixin.py:190} INFO - [2025-04-05T09:55:46.852+0100] {override.py:1912} INFO - Created Permission View: can create on DAG Run:consume_1_or_2_with_dataset_expressions
[2025-04-05T09:55:46.876+0100] {logging_mixin.py:190} INFO - [2025-04-05T09:55:46.875+0100] {override.py:1912} INFO - Created Permission View: can read on DAG Run:consume_1_or_2_with_dataset_expressions
[2025-04-05T09:55:46.896+0100] {logging_mixin.py:190} INFO - [2025-04-05T09:55:46.896+0100] {override.py:1912} INFO - Created Permission View: can delete on DAG Run:consume_1_or_2_with_dataset_expressions
[2025-04-05T09:55:46.919+0100] {logging_mixin.py:190} INFO - [2025-04-05T09:55:46.919+0100] {override.py:1912} INFO - Created Permission View: menu access on DAG Run:consume_1_or_2_with_dataset_expressions
[2025-04-05T09:55:46.960+0100] {logging_mixin.py:190} INFO - [2025-04-05T09:55:46.959+0100] {override.py:1912} INFO - Created Permission View: can read on DAG:consume_1_and_2_with_dataset_expressions
[2025-04-05T09:55:46.984+0100] {logging_mixin.py:190} INFO - [2025-04-05T09:55:46.983+0100] {override.py:1912} INFO - Created Permission View: can delete on DAG:consume_1_and_2_with_dataset_expressions
[2025-04-05T09:55:47.005+0100] {logging_mixin.py:190} INFO - [2025-04-05T09:55:47.004+0100] {override.py:1912} INFO - Created Permission View: can edit on DAG:consume_1_and_2_with_dataset_expressions
[2025-04-05T09:55:47.031+0100] {logging_mixin.py:190} INFO - [2025-04-05T09:55:47.031+0100] {override.py:1912} INFO - Created Permission View: can create on DAG Run:consume_1_and_2_with_dataset_expressions
[2025-04-05T09:55:47.044+0100] {logging_mixin.py:190} INFO - [2025-04-05T09:55:47.044+0100] {override.py:1912} INFO - Created Permission View: can read on DAG Run:consume_1_and_2_with_dataset_expressions
[2025-04-05T09:55:47.061+0100] {logging_mixin.py:190} INFO - [2025-04-05T09:55:47.061+0100] {override.py:1912} INFO - Created Permission View: can delete on DAG Run:consume_1_and_2_with_dataset_expressions
[2025-04-05T09:55:47.073+0100] {logging_mixin.py:190} INFO - [2025-04-05T09:55:47.072+0100] {override.py:1912} INFO - Created Permission View: menu access on DAG Run:consume_1_and_2_with_dataset_expressions
[2025-04-05T09:55:47.073+0100] {logging_mixin.py:190} INFO - [2025-04-05T09:55:47.073+0100] {dag.py:3239} INFO - Sync 10 DAGs
[2025-04-05T09:55:47.092+0100] {logging_mixin.py:190} INFO - [2025-04-05T09:55:47.092+0100] {dag.py:3262} INFO - Creating ORM DAG for dataset_produces_1
[2025-04-05T09:55:47.093+0100] {logging_mixin.py:190} INFO - [2025-04-05T09:55:47.093+0100] {dag.py:3262} INFO - Creating ORM DAG for dataset_produces_2
[2025-04-05T09:55:47.094+0100] {logging_mixin.py:190} INFO - [2025-04-05T09:55:47.093+0100] {dag.py:3262} INFO - Creating ORM DAG for dataset_consumes_1_and_2
[2025-04-05T09:55:47.094+0100] {logging_mixin.py:190} INFO - [2025-04-05T09:55:47.094+0100] {dag.py:3262} INFO - Creating ORM DAG for dataset_consumes_1_never_scheduled
[2025-04-05T09:55:47.095+0100] {logging_mixin.py:190} INFO - [2025-04-05T09:55:47.095+0100] {dag.py:3262} INFO - Creating ORM DAG for conditional_dataset_and_time_based_timetable
[2025-04-05T09:55:47.096+0100] {logging_mixin.py:190} INFO - [2025-04-05T09:55:47.095+0100] {dag.py:3262} INFO - Creating ORM DAG for dataset_consumes_unknown_never_scheduled
[2025-04-05T09:55:47.096+0100] {logging_mixin.py:190} INFO - [2025-04-05T09:55:47.096+0100] {dag.py:3262} INFO - Creating ORM DAG for consume_1_or_both_2_and_3_with_dataset_expressions
[2025-04-05T09:55:47.097+0100] {logging_mixin.py:190} INFO - [2025-04-05T09:55:47.097+0100] {dag.py:3262} INFO - Creating ORM DAG for consume_1_and_2_with_dataset_expressions
[2025-04-05T09:55:47.098+0100] {logging_mixin.py:190} INFO - [2025-04-05T09:55:47.097+0100] {dag.py:3262} INFO - Creating ORM DAG for consume_1_or_2_with_dataset_expressions
[2025-04-05T09:55:47.098+0100] {logging_mixin.py:190} INFO - [2025-04-05T09:55:47.098+0100] {dag.py:3262} INFO - Creating ORM DAG for dataset_consumes_1
[2025-04-05T09:55:47.111+0100] {logging_mixin.py:190} INFO - [2025-04-05T09:55:47.111+0100] {dag.py:4180} INFO - Setting next_dagrun for conditional_dataset_and_time_based_timetable to 2025-04-02 01:00:00+00:00, run_after=2025-04-02 01:00:00+00:00
[2025-04-05T09:55:47.112+0100] {logging_mixin.py:190} INFO - [2025-04-05T09:55:47.112+0100] {dag.py:4180} INFO - Setting next_dagrun for consume_1_and_2_with_dataset_expressions to None, run_after=None
[2025-04-05T09:55:47.112+0100] {logging_mixin.py:190} INFO - [2025-04-05T09:55:47.112+0100] {dag.py:4180} INFO - Setting next_dagrun for consume_1_or_2_with_dataset_expressions to None, run_after=None
[2025-04-05T09:55:47.112+0100] {logging_mixin.py:190} INFO - [2025-04-05T09:55:47.112+0100] {dag.py:4180} INFO - Setting next_dagrun for consume_1_or_both_2_and_3_with_dataset_expressions to None, run_after=None
[2025-04-05T09:55:47.113+0100] {logging_mixin.py:190} INFO - [2025-04-05T09:55:47.113+0100] {dag.py:4180} INFO - Setting next_dagrun for dataset_consumes_1 to None, run_after=None
[2025-04-05T09:55:47.113+0100] {logging_mixin.py:190} INFO - [2025-04-05T09:55:47.113+0100] {dag.py:4180} INFO - Setting next_dagrun for dataset_consumes_1_and_2 to None, run_after=None
[2025-04-05T09:55:47.114+0100] {logging_mixin.py:190} INFO - [2025-04-05T09:55:47.114+0100] {dag.py:4180} INFO - Setting next_dagrun for dataset_consumes_1_never_scheduled to None, run_after=None
[2025-04-05T09:55:47.115+0100] {logging_mixin.py:190} INFO - [2025-04-05T09:55:47.114+0100] {dag.py:4180} INFO - Setting next_dagrun for dataset_consumes_unknown_never_scheduled to None, run_after=None
[2025-04-05T09:55:47.117+0100] {logging_mixin.py:190} INFO - [2025-04-05T09:55:47.117+0100] {dag.py:4180} INFO - Setting next_dagrun for dataset_produces_1 to 2025-04-04 00:00:00+00:00, run_after=2025-04-05 00:00:00+00:00
[2025-04-05T09:55:47.118+0100] {logging_mixin.py:190} INFO - [2025-04-05T09:55:47.117+0100] {dag.py:4180} INFO - Setting next_dagrun for dataset_produces_2 to None, run_after=None
[2025-04-05T09:55:47.285+0100] {processor.py:208} INFO - Processing /home/Data_Professional/PycharmProjects/DE_Zoomcamp_Capstone_Project/.venv/lib/python3.10/site-packages/airflow/example_dags/example_datasets.py took 1.597 seconds
[2025-04-05T09:56:50.771+0100] {processor.py:186} INFO - Started process (PID=12243) to work on /home/Data_Professional/PycharmProjects/DE_Zoomcamp_Capstone_Project/.venv/lib/python3.10/site-packages/airflow/example_dags/example_datasets.py
[2025-04-05T09:56:50.773+0100] {processor.py:914} INFO - Processing file /home/Data_Professional/PycharmProjects/DE_Zoomcamp_Capstone_Project/.venv/lib/python3.10/site-packages/airflow/example_dags/example_datasets.py for tasks to queue
[2025-04-05T09:56:50.775+0100] {logging_mixin.py:190} INFO - [2025-04-05T09:56:50.775+0100] {dagbag.py:588} INFO - Filling up the DagBag from /home/Data_Professional/PycharmProjects/DE_Zoomcamp_Capstone_Project/.venv/lib/python3.10/site-packages/airflow/example_dags/example_datasets.py
[2025-04-05T09:56:50.788+0100] {processor.py:925} INFO - DAG(s) 'consume_1_and_2_with_dataset_expressions', 'consume_1_or_2_with_dataset_expressions', 'consume_1_or_both_2_and_3_with_dataset_expressions', 'dataset_consumes_unknown_never_scheduled', 'conditional_dataset_and_time_based_timetable', 'dataset_consumes_1', 'dataset_consumes_1_and_2', 'dataset_produces_1', 'dataset_produces_2', 'dataset_consumes_1_never_scheduled' retrieved from /home/Data_Professional/PycharmProjects/DE_Zoomcamp_Capstone_Project/.venv/lib/python3.10/site-packages/airflow/example_dags/example_datasets.py
[2025-04-05T09:56:50.816+0100] {logging_mixin.py:190} INFO - [2025-04-05T09:56:50.816+0100] {dag.py:3239} INFO - Sync 10 DAGs
[2025-04-05T09:56:50.835+0100] {logging_mixin.py:190} INFO - [2025-04-05T09:56:50.835+0100] {dag.py:4180} INFO - Setting next_dagrun for conditional_dataset_and_time_based_timetable to 2025-04-02 01:00:00+00:00, run_after=2025-04-02 01:00:00+00:00
[2025-04-05T09:56:50.838+0100] {logging_mixin.py:190} INFO - [2025-04-05T09:56:50.837+0100] {dag.py:4180} INFO - Setting next_dagrun for consume_1_and_2_with_dataset_expressions to None, run_after=None
[2025-04-05T09:56:50.839+0100] {logging_mixin.py:190} INFO - [2025-04-05T09:56:50.838+0100] {dag.py:4180} INFO - Setting next_dagrun for consume_1_or_2_with_dataset_expressions to None, run_after=None
[2025-04-05T09:56:50.839+0100] {logging_mixin.py:190} INFO - [2025-04-05T09:56:50.839+0100] {dag.py:4180} INFO - Setting next_dagrun for consume_1_or_both_2_and_3_with_dataset_expressions to None, run_after=None
[2025-04-05T09:56:50.840+0100] {logging_mixin.py:190} INFO - [2025-04-05T09:56:50.840+0100] {dag.py:4180} INFO - Setting next_dagrun for dataset_consumes_1 to None, run_after=None
[2025-04-05T09:56:50.841+0100] {logging_mixin.py:190} INFO - [2025-04-05T09:56:50.841+0100] {dag.py:4180} INFO - Setting next_dagrun for dataset_consumes_1_and_2 to None, run_after=None
[2025-04-05T09:56:50.842+0100] {logging_mixin.py:190} INFO - [2025-04-05T09:56:50.842+0100] {dag.py:4180} INFO - Setting next_dagrun for dataset_consumes_1_never_scheduled to None, run_after=None
[2025-04-05T09:56:50.842+0100] {logging_mixin.py:190} INFO - [2025-04-05T09:56:50.842+0100] {dag.py:4180} INFO - Setting next_dagrun for dataset_consumes_unknown_never_scheduled to None, run_after=None
[2025-04-05T09:56:50.844+0100] {logging_mixin.py:190} INFO - [2025-04-05T09:56:50.844+0100] {dag.py:4180} INFO - Setting next_dagrun for dataset_produces_1 to 2025-04-04 00:00:00+00:00, run_after=2025-04-05 00:00:00+00:00
[2025-04-05T09:56:50.845+0100] {logging_mixin.py:190} INFO - [2025-04-05T09:56:50.845+0100] {dag.py:4180} INFO - Setting next_dagrun for dataset_produces_2 to None, run_after=None
[2025-04-05T09:56:50.869+0100] {processor.py:208} INFO - Processing /home/Data_Professional/PycharmProjects/DE_Zoomcamp_Capstone_Project/.venv/lib/python3.10/site-packages/airflow/example_dags/example_datasets.py took 0.103 seconds
[2025-04-05T09:57:46.480+0100] {processor.py:186} INFO - Started process (PID=12309) to work on /home/Data_Professional/PycharmProjects/DE_Zoomcamp_Capstone_Project/.venv/lib/python3.10/site-packages/airflow/example_dags/example_datasets.py
[2025-04-05T09:57:46.483+0100] {processor.py:914} INFO - Processing file /home/Data_Professional/PycharmProjects/DE_Zoomcamp_Capstone_Project/.venv/lib/python3.10/site-packages/airflow/example_dags/example_datasets.py for tasks to queue
[2025-04-05T09:57:46.486+0100] {logging_mixin.py:190} INFO - [2025-04-05T09:57:46.486+0100] {dagbag.py:588} INFO - Filling up the DagBag from /home/Data_Professional/PycharmProjects/DE_Zoomcamp_Capstone_Project/.venv/lib/python3.10/site-packages/airflow/example_dags/example_datasets.py
[2025-04-05T09:57:46.507+0100] {processor.py:925} INFO - DAG(s) 'dataset_produces_2', 'dataset_consumes_1', 'consume_1_or_both_2_and_3_with_dataset_expressions', 'conditional_dataset_and_time_based_timetable', 'consume_1_or_2_with_dataset_expressions', 'dataset_consumes_unknown_never_scheduled', 'dataset_produces_1', 'dataset_consumes_1_and_2', 'dataset_consumes_1_never_scheduled', 'consume_1_and_2_with_dataset_expressions' retrieved from /home/Data_Professional/PycharmProjects/DE_Zoomcamp_Capstone_Project/.venv/lib/python3.10/site-packages/airflow/example_dags/example_datasets.py
[2025-04-05T09:57:46.539+0100] {logging_mixin.py:190} INFO - [2025-04-05T09:57:46.539+0100] {dag.py:3239} INFO - Sync 10 DAGs
[2025-04-05T09:57:46.558+0100] {logging_mixin.py:190} INFO - [2025-04-05T09:57:46.558+0100] {dag.py:4180} INFO - Setting next_dagrun for conditional_dataset_and_time_based_timetable to 2025-04-02 01:00:00+00:00, run_after=2025-04-02 01:00:00+00:00
[2025-04-05T09:57:46.561+0100] {logging_mixin.py:190} INFO - [2025-04-05T09:57:46.561+0100] {dag.py:4180} INFO - Setting next_dagrun for consume_1_and_2_with_dataset_expressions to None, run_after=None
[2025-04-05T09:57:46.562+0100] {logging_mixin.py:190} INFO - [2025-04-05T09:57:46.561+0100] {dag.py:4180} INFO - Setting next_dagrun for consume_1_or_2_with_dataset_expressions to None, run_after=None
[2025-04-05T09:57:46.562+0100] {logging_mixin.py:190} INFO - [2025-04-05T09:57:46.562+0100] {dag.py:4180} INFO - Setting next_dagrun for consume_1_or_both_2_and_3_with_dataset_expressions to None, run_after=None
[2025-04-05T09:57:46.563+0100] {logging_mixin.py:190} INFO - [2025-04-05T09:57:46.563+0100] {dag.py:4180} INFO - Setting next_dagrun for dataset_consumes_1 to None, run_after=None
[2025-04-05T09:57:46.564+0100] {logging_mixin.py:190} INFO - [2025-04-05T09:57:46.564+0100] {dag.py:4180} INFO - Setting next_dagrun for dataset_consumes_1_and_2 to None, run_after=None
[2025-04-05T09:57:46.565+0100] {logging_mixin.py:190} INFO - [2025-04-05T09:57:46.565+0100] {dag.py:4180} INFO - Setting next_dagrun for dataset_consumes_1_never_scheduled to None, run_after=None
[2025-04-05T09:57:46.566+0100] {logging_mixin.py:190} INFO - [2025-04-05T09:57:46.566+0100] {dag.py:4180} INFO - Setting next_dagrun for dataset_consumes_unknown_never_scheduled to None, run_after=None
[2025-04-05T09:57:46.568+0100] {logging_mixin.py:190} INFO - [2025-04-05T09:57:46.568+0100] {dag.py:4180} INFO - Setting next_dagrun for dataset_produces_1 to 2025-04-04 00:00:00+00:00, run_after=2025-04-05 00:00:00+00:00
[2025-04-05T09:57:46.569+0100] {logging_mixin.py:190} INFO - [2025-04-05T09:57:46.569+0100] {dag.py:4180} INFO - Setting next_dagrun for dataset_produces_2 to None, run_after=None
[2025-04-05T09:57:46.595+0100] {processor.py:208} INFO - Processing /home/Data_Professional/PycharmProjects/DE_Zoomcamp_Capstone_Project/.venv/lib/python3.10/site-packages/airflow/example_dags/example_datasets.py took 0.124 seconds
[2025-04-05T09:58:43.546+0100] {processor.py:186} INFO - Started process (PID=12378) to work on /home/Data_Professional/PycharmProjects/DE_Zoomcamp_Capstone_Project/.venv/lib/python3.10/site-packages/airflow/example_dags/example_datasets.py
[2025-04-05T09:58:43.548+0100] {processor.py:914} INFO - Processing file /home/Data_Professional/PycharmProjects/DE_Zoomcamp_Capstone_Project/.venv/lib/python3.10/site-packages/airflow/example_dags/example_datasets.py for tasks to queue
[2025-04-05T09:58:43.550+0100] {logging_mixin.py:190} INFO - [2025-04-05T09:58:43.550+0100] {dagbag.py:588} INFO - Filling up the DagBag from /home/Data_Professional/PycharmProjects/DE_Zoomcamp_Capstone_Project/.venv/lib/python3.10/site-packages/airflow/example_dags/example_datasets.py
[2025-04-05T09:58:43.564+0100] {processor.py:925} INFO - DAG(s) 'conditional_dataset_and_time_based_timetable', 'consume_1_and_2_with_dataset_expressions', 'dataset_produces_2', 'dataset_consumes_1', 'dataset_consumes_unknown_never_scheduled', 'consume_1_or_both_2_and_3_with_dataset_expressions', 'dataset_consumes_1_never_scheduled', 'dataset_produces_1', 'consume_1_or_2_with_dataset_expressions', 'dataset_consumes_1_and_2' retrieved from /home/Data_Professional/PycharmProjects/DE_Zoomcamp_Capstone_Project/.venv/lib/python3.10/site-packages/airflow/example_dags/example_datasets.py
[2025-04-05T09:58:43.592+0100] {logging_mixin.py:190} INFO - [2025-04-05T09:58:43.592+0100] {dag.py:3239} INFO - Sync 10 DAGs
[2025-04-05T09:58:43.611+0100] {logging_mixin.py:190} INFO - [2025-04-05T09:58:43.610+0100] {dag.py:4180} INFO - Setting next_dagrun for conditional_dataset_and_time_based_timetable to 2025-04-02 01:00:00+00:00, run_after=2025-04-02 01:00:00+00:00
[2025-04-05T09:58:43.613+0100] {logging_mixin.py:190} INFO - [2025-04-05T09:58:43.613+0100] {dag.py:4180} INFO - Setting next_dagrun for consume_1_and_2_with_dataset_expressions to None, run_after=None
[2025-04-05T09:58:43.614+0100] {logging_mixin.py:190} INFO - [2025-04-05T09:58:43.614+0100] {dag.py:4180} INFO - Setting next_dagrun for consume_1_or_2_with_dataset_expressions to None, run_after=None
[2025-04-05T09:58:43.615+0100] {logging_mixin.py:190} INFO - [2025-04-05T09:58:43.615+0100] {dag.py:4180} INFO - Setting next_dagrun for consume_1_or_both_2_and_3_with_dataset_expressions to None, run_after=None
[2025-04-05T09:58:43.616+0100] {logging_mixin.py:190} INFO - [2025-04-05T09:58:43.615+0100] {dag.py:4180} INFO - Setting next_dagrun for dataset_consumes_1 to None, run_after=None
[2025-04-05T09:58:43.616+0100] {logging_mixin.py:190} INFO - [2025-04-05T09:58:43.616+0100] {dag.py:4180} INFO - Setting next_dagrun for dataset_consumes_1_and_2 to None, run_after=None
[2025-04-05T09:58:43.617+0100] {logging_mixin.py:190} INFO - [2025-04-05T09:58:43.617+0100] {dag.py:4180} INFO - Setting next_dagrun for dataset_consumes_1_never_scheduled to None, run_after=None
[2025-04-05T09:58:43.618+0100] {logging_mixin.py:190} INFO - [2025-04-05T09:58:43.618+0100] {dag.py:4180} INFO - Setting next_dagrun for dataset_consumes_unknown_never_scheduled to None, run_after=None
[2025-04-05T09:58:43.620+0100] {logging_mixin.py:190} INFO - [2025-04-05T09:58:43.620+0100] {dag.py:4180} INFO - Setting next_dagrun for dataset_produces_1 to 2025-04-04 00:00:00+00:00, run_after=2025-04-05 00:00:00+00:00
[2025-04-05T09:58:43.621+0100] {logging_mixin.py:190} INFO - [2025-04-05T09:58:43.621+0100] {dag.py:4180} INFO - Setting next_dagrun for dataset_produces_2 to None, run_after=None
[2025-04-05T09:58:43.645+0100] {processor.py:208} INFO - Processing /home/Data_Professional/PycharmProjects/DE_Zoomcamp_Capstone_Project/.venv/lib/python3.10/site-packages/airflow/example_dags/example_datasets.py took 0.108 seconds
[2025-04-05T09:59:40.470+0100] {processor.py:186} INFO - Started process (PID=12460) to work on /home/Data_Professional/PycharmProjects/DE_Zoomcamp_Capstone_Project/.venv/lib/python3.10/site-packages/airflow/example_dags/example_datasets.py
[2025-04-05T09:59:40.473+0100] {processor.py:914} INFO - Processing file /home/Data_Professional/PycharmProjects/DE_Zoomcamp_Capstone_Project/.venv/lib/python3.10/site-packages/airflow/example_dags/example_datasets.py for tasks to queue
[2025-04-05T09:59:40.474+0100] {logging_mixin.py:190} INFO - [2025-04-05T09:59:40.474+0100] {dagbag.py:588} INFO - Filling up the DagBag from /home/Data_Professional/PycharmProjects/DE_Zoomcamp_Capstone_Project/.venv/lib/python3.10/site-packages/airflow/example_dags/example_datasets.py
[2025-04-05T09:59:40.487+0100] {processor.py:925} INFO - DAG(s) 'dataset_produces_2', 'dataset_consumes_1_never_scheduled', 'consume_1_or_both_2_and_3_with_dataset_expressions', 'consume_1_and_2_with_dataset_expressions', 'dataset_consumes_unknown_never_scheduled', 'dataset_produces_1', 'consume_1_or_2_with_dataset_expressions', 'dataset_consumes_1', 'dataset_consumes_1_and_2', 'conditional_dataset_and_time_based_timetable' retrieved from /home/Data_Professional/PycharmProjects/DE_Zoomcamp_Capstone_Project/.venv/lib/python3.10/site-packages/airflow/example_dags/example_datasets.py
[2025-04-05T09:59:40.516+0100] {logging_mixin.py:190} INFO - [2025-04-05T09:59:40.516+0100] {dag.py:3239} INFO - Sync 10 DAGs
[2025-04-05T09:59:40.534+0100] {logging_mixin.py:190} INFO - [2025-04-05T09:59:40.534+0100] {dag.py:4180} INFO - Setting next_dagrun for conditional_dataset_and_time_based_timetable to 2025-04-02 01:00:00+00:00, run_after=2025-04-02 01:00:00+00:00
[2025-04-05T09:59:40.537+0100] {logging_mixin.py:190} INFO - [2025-04-05T09:59:40.537+0100] {dag.py:4180} INFO - Setting next_dagrun for consume_1_and_2_with_dataset_expressions to None, run_after=None
[2025-04-05T09:59:40.538+0100] {logging_mixin.py:190} INFO - [2025-04-05T09:59:40.538+0100] {dag.py:4180} INFO - Setting next_dagrun for consume_1_or_2_with_dataset_expressions to None, run_after=None
[2025-04-05T09:59:40.539+0100] {logging_mixin.py:190} INFO - [2025-04-05T09:59:40.538+0100] {dag.py:4180} INFO - Setting next_dagrun for consume_1_or_both_2_and_3_with_dataset_expressions to None, run_after=None
[2025-04-05T09:59:40.539+0100] {logging_mixin.py:190} INFO - [2025-04-05T09:59:40.539+0100] {dag.py:4180} INFO - Setting next_dagrun for dataset_consumes_1 to None, run_after=None
[2025-04-05T09:59:40.540+0100] {logging_mixin.py:190} INFO - [2025-04-05T09:59:40.540+0100] {dag.py:4180} INFO - Setting next_dagrun for dataset_consumes_1_and_2 to None, run_after=None
[2025-04-05T09:59:40.541+0100] {logging_mixin.py:190} INFO - [2025-04-05T09:59:40.541+0100] {dag.py:4180} INFO - Setting next_dagrun for dataset_consumes_1_never_scheduled to None, run_after=None
[2025-04-05T09:59:40.542+0100] {logging_mixin.py:190} INFO - [2025-04-05T09:59:40.542+0100] {dag.py:4180} INFO - Setting next_dagrun for dataset_consumes_unknown_never_scheduled to None, run_after=None
[2025-04-05T09:59:40.544+0100] {logging_mixin.py:190} INFO - [2025-04-05T09:59:40.543+0100] {dag.py:4180} INFO - Setting next_dagrun for dataset_produces_1 to 2025-04-04 00:00:00+00:00, run_after=2025-04-05 00:00:00+00:00
[2025-04-05T09:59:40.544+0100] {logging_mixin.py:190} INFO - [2025-04-05T09:59:40.544+0100] {dag.py:4180} INFO - Setting next_dagrun for dataset_produces_2 to None, run_after=None
[2025-04-05T09:59:40.568+0100] {processor.py:208} INFO - Processing /home/Data_Professional/PycharmProjects/DE_Zoomcamp_Capstone_Project/.venv/lib/python3.10/site-packages/airflow/example_dags/example_datasets.py took 0.103 seconds
[2025-04-05T10:00:39.700+0100] {processor.py:186} INFO - Started process (PID=12798) to work on /home/Data_Professional/PycharmProjects/DE_Zoomcamp_Capstone_Project/.venv/lib/python3.10/site-packages/airflow/example_dags/example_datasets.py
[2025-04-05T10:00:39.703+0100] {processor.py:914} INFO - Processing file /home/Data_Professional/PycharmProjects/DE_Zoomcamp_Capstone_Project/.venv/lib/python3.10/site-packages/airflow/example_dags/example_datasets.py for tasks to queue
[2025-04-05T10:00:39.707+0100] {logging_mixin.py:190} INFO - [2025-04-05T10:00:39.706+0100] {dagbag.py:588} INFO - Filling up the DagBag from /home/Data_Professional/PycharmProjects/DE_Zoomcamp_Capstone_Project/.venv/lib/python3.10/site-packages/airflow/example_dags/example_datasets.py
[2025-04-05T10:00:39.731+0100] {processor.py:925} INFO - DAG(s) 'consume_1_or_2_with_dataset_expressions', 'consume_1_and_2_with_dataset_expressions', 'consume_1_or_both_2_and_3_with_dataset_expressions', 'dataset_produces_1', 'dataset_consumes_unknown_never_scheduled', 'dataset_consumes_1_never_scheduled', 'dataset_consumes_1', 'conditional_dataset_and_time_based_timetable', 'dataset_consumes_1_and_2', 'dataset_produces_2' retrieved from /home/Data_Professional/PycharmProjects/DE_Zoomcamp_Capstone_Project/.venv/lib/python3.10/site-packages/airflow/example_dags/example_datasets.py
[2025-04-05T10:00:39.761+0100] {logging_mixin.py:190} INFO - [2025-04-05T10:00:39.761+0100] {dag.py:3239} INFO - Sync 10 DAGs
[2025-04-05T10:00:39.779+0100] {logging_mixin.py:190} INFO - [2025-04-05T10:00:39.779+0100] {dag.py:4180} INFO - Setting next_dagrun for conditional_dataset_and_time_based_timetable to 2025-04-02 01:00:00+00:00, run_after=2025-04-02 01:00:00+00:00
[2025-04-05T10:00:39.782+0100] {logging_mixin.py:190} INFO - [2025-04-05T10:00:39.782+0100] {dag.py:4180} INFO - Setting next_dagrun for consume_1_and_2_with_dataset_expressions to None, run_after=None
[2025-04-05T10:00:39.783+0100] {logging_mixin.py:190} INFO - [2025-04-05T10:00:39.783+0100] {dag.py:4180} INFO - Setting next_dagrun for consume_1_or_2_with_dataset_expressions to None, run_after=None
[2025-04-05T10:00:39.784+0100] {logging_mixin.py:190} INFO - [2025-04-05T10:00:39.784+0100] {dag.py:4180} INFO - Setting next_dagrun for consume_1_or_both_2_and_3_with_dataset_expressions to None, run_after=None
[2025-04-05T10:00:39.785+0100] {logging_mixin.py:190} INFO - [2025-04-05T10:00:39.784+0100] {dag.py:4180} INFO - Setting next_dagrun for dataset_consumes_1 to None, run_after=None
[2025-04-05T10:00:39.786+0100] {logging_mixin.py:190} INFO - [2025-04-05T10:00:39.785+0100] {dag.py:4180} INFO - Setting next_dagrun for dataset_consumes_1_and_2 to None, run_after=None
[2025-04-05T10:00:39.786+0100] {logging_mixin.py:190} INFO - [2025-04-05T10:00:39.786+0100] {dag.py:4180} INFO - Setting next_dagrun for dataset_consumes_1_never_scheduled to None, run_after=None
[2025-04-05T10:00:39.787+0100] {logging_mixin.py:190} INFO - [2025-04-05T10:00:39.787+0100] {dag.py:4180} INFO - Setting next_dagrun for dataset_consumes_unknown_never_scheduled to None, run_after=None
[2025-04-05T10:00:39.789+0100] {logging_mixin.py:190} INFO - [2025-04-05T10:00:39.789+0100] {dag.py:4180} INFO - Setting next_dagrun for dataset_produces_1 to 2025-04-04 00:00:00+00:00, run_after=2025-04-05 00:00:00+00:00
[2025-04-05T10:00:39.790+0100] {logging_mixin.py:190} INFO - [2025-04-05T10:00:39.790+0100] {dag.py:4180} INFO - Setting next_dagrun for dataset_produces_2 to None, run_after=None
[2025-04-05T10:00:39.814+0100] {processor.py:208} INFO - Processing /home/Data_Professional/PycharmProjects/DE_Zoomcamp_Capstone_Project/.venv/lib/python3.10/site-packages/airflow/example_dags/example_datasets.py took 0.125 seconds
[2025-04-05T10:01:36.811+0100] {processor.py:186} INFO - Started process (PID=12908) to work on /home/Data_Professional/PycharmProjects/DE_Zoomcamp_Capstone_Project/.venv/lib/python3.10/site-packages/airflow/example_dags/example_datasets.py
[2025-04-05T10:01:36.815+0100] {processor.py:914} INFO - Processing file /home/Data_Professional/PycharmProjects/DE_Zoomcamp_Capstone_Project/.venv/lib/python3.10/site-packages/airflow/example_dags/example_datasets.py for tasks to queue
[2025-04-05T10:01:36.820+0100] {logging_mixin.py:190} INFO - [2025-04-05T10:01:36.819+0100] {dagbag.py:588} INFO - Filling up the DagBag from /home/Data_Professional/PycharmProjects/DE_Zoomcamp_Capstone_Project/.venv/lib/python3.10/site-packages/airflow/example_dags/example_datasets.py
[2025-04-05T10:01:36.841+0100] {processor.py:925} INFO - DAG(s) 'conditional_dataset_and_time_based_timetable', 'consume_1_or_both_2_and_3_with_dataset_expressions', 'dataset_consumes_1', 'dataset_consumes_1_never_scheduled', 'dataset_consumes_1_and_2', 'dataset_consumes_unknown_never_scheduled', 'dataset_produces_2', 'dataset_produces_1', 'consume_1_and_2_with_dataset_expressions', 'consume_1_or_2_with_dataset_expressions' retrieved from /home/Data_Professional/PycharmProjects/DE_Zoomcamp_Capstone_Project/.venv/lib/python3.10/site-packages/airflow/example_dags/example_datasets.py
[2025-04-05T10:01:36.874+0100] {logging_mixin.py:190} INFO - [2025-04-05T10:01:36.873+0100] {dag.py:3239} INFO - Sync 10 DAGs
[2025-04-05T10:01:36.895+0100] {logging_mixin.py:190} INFO - [2025-04-05T10:01:36.894+0100] {dag.py:4180} INFO - Setting next_dagrun for conditional_dataset_and_time_based_timetable to 2025-04-02 01:00:00+00:00, run_after=2025-04-02 01:00:00+00:00
[2025-04-05T10:01:36.898+0100] {logging_mixin.py:190} INFO - [2025-04-05T10:01:36.898+0100] {dag.py:4180} INFO - Setting next_dagrun for consume_1_and_2_with_dataset_expressions to None, run_after=None
[2025-04-05T10:01:36.899+0100] {logging_mixin.py:190} INFO - [2025-04-05T10:01:36.899+0100] {dag.py:4180} INFO - Setting next_dagrun for consume_1_or_2_with_dataset_expressions to None, run_after=None
[2025-04-05T10:01:36.900+0100] {logging_mixin.py:190} INFO - [2025-04-05T10:01:36.900+0100] {dag.py:4180} INFO - Setting next_dagrun for consume_1_or_both_2_and_3_with_dataset_expressions to None, run_after=None
[2025-04-05T10:01:36.901+0100] {logging_mixin.py:190} INFO - [2025-04-05T10:01:36.901+0100] {dag.py:4180} INFO - Setting next_dagrun for dataset_consumes_1 to None, run_after=None
[2025-04-05T10:01:36.902+0100] {logging_mixin.py:190} INFO - [2025-04-05T10:01:36.901+0100] {dag.py:4180} INFO - Setting next_dagrun for dataset_consumes_1_and_2 to None, run_after=None
[2025-04-05T10:01:36.902+0100] {logging_mixin.py:190} INFO - [2025-04-05T10:01:36.902+0100] {dag.py:4180} INFO - Setting next_dagrun for dataset_consumes_1_never_scheduled to None, run_after=None
[2025-04-05T10:01:36.903+0100] {logging_mixin.py:190} INFO - [2025-04-05T10:01:36.903+0100] {dag.py:4180} INFO - Setting next_dagrun for dataset_consumes_unknown_never_scheduled to None, run_after=None
[2025-04-05T10:01:36.905+0100] {logging_mixin.py:190} INFO - [2025-04-05T10:01:36.905+0100] {dag.py:4180} INFO - Setting next_dagrun for dataset_produces_1 to 2025-04-04 00:00:00+00:00, run_after=2025-04-05 00:00:00+00:00
[2025-04-05T10:01:36.907+0100] {logging_mixin.py:190} INFO - [2025-04-05T10:01:36.906+0100] {dag.py:4180} INFO - Setting next_dagrun for dataset_produces_2 to None, run_after=None
[2025-04-05T10:01:36.933+0100] {processor.py:208} INFO - Processing /home/Data_Professional/PycharmProjects/DE_Zoomcamp_Capstone_Project/.venv/lib/python3.10/site-packages/airflow/example_dags/example_datasets.py took 0.137 seconds
[2025-04-05T10:02:34.589+0100] {processor.py:186} INFO - Started process (PID=13054) to work on /home/Data_Professional/PycharmProjects/DE_Zoomcamp_Capstone_Project/.venv/lib/python3.10/site-packages/airflow/example_dags/example_datasets.py
[2025-04-05T10:02:34.592+0100] {processor.py:914} INFO - Processing file /home/Data_Professional/PycharmProjects/DE_Zoomcamp_Capstone_Project/.venv/lib/python3.10/site-packages/airflow/example_dags/example_datasets.py for tasks to queue
[2025-04-05T10:02:34.595+0100] {logging_mixin.py:190} INFO - [2025-04-05T10:02:34.595+0100] {dagbag.py:588} INFO - Filling up the DagBag from /home/Data_Professional/PycharmProjects/DE_Zoomcamp_Capstone_Project/.venv/lib/python3.10/site-packages/airflow/example_dags/example_datasets.py
[2025-04-05T10:02:34.622+0100] {processor.py:925} INFO - DAG(s) 'dataset_consumes_1_and_2', 'consume_1_or_2_with_dataset_expressions', 'dataset_consumes_unknown_never_scheduled', 'conditional_dataset_and_time_based_timetable', 'consume_1_and_2_with_dataset_expressions', 'consume_1_or_both_2_and_3_with_dataset_expressions', 'dataset_consumes_1_never_scheduled', 'dataset_consumes_1', 'dataset_produces_2', 'dataset_produces_1' retrieved from /home/Data_Professional/PycharmProjects/DE_Zoomcamp_Capstone_Project/.venv/lib/python3.10/site-packages/airflow/example_dags/example_datasets.py
[2025-04-05T10:02:34.652+0100] {logging_mixin.py:190} INFO - [2025-04-05T10:02:34.652+0100] {dag.py:3239} INFO - Sync 10 DAGs
[2025-04-05T10:02:34.675+0100] {logging_mixin.py:190} INFO - [2025-04-05T10:02:34.674+0100] {dag.py:4180} INFO - Setting next_dagrun for conditional_dataset_and_time_based_timetable to 2025-04-02 01:00:00+00:00, run_after=2025-04-02 01:00:00+00:00
[2025-04-05T10:02:34.677+0100] {logging_mixin.py:190} INFO - [2025-04-05T10:02:34.677+0100] {dag.py:4180} INFO - Setting next_dagrun for consume_1_and_2_with_dataset_expressions to None, run_after=None
[2025-04-05T10:02:34.678+0100] {logging_mixin.py:190} INFO - [2025-04-05T10:02:34.678+0100] {dag.py:4180} INFO - Setting next_dagrun for consume_1_or_2_with_dataset_expressions to None, run_after=None
[2025-04-05T10:02:34.679+0100] {logging_mixin.py:190} INFO - [2025-04-05T10:02:34.679+0100] {dag.py:4180} INFO - Setting next_dagrun for consume_1_or_both_2_and_3_with_dataset_expressions to None, run_after=None
[2025-04-05T10:02:34.680+0100] {logging_mixin.py:190} INFO - [2025-04-05T10:02:34.680+0100] {dag.py:4180} INFO - Setting next_dagrun for dataset_consumes_1 to None, run_after=None
[2025-04-05T10:02:34.681+0100] {logging_mixin.py:190} INFO - [2025-04-05T10:02:34.681+0100] {dag.py:4180} INFO - Setting next_dagrun for dataset_consumes_1_and_2 to None, run_after=None
[2025-04-05T10:02:34.682+0100] {logging_mixin.py:190} INFO - [2025-04-05T10:02:34.682+0100] {dag.py:4180} INFO - Setting next_dagrun for dataset_consumes_1_never_scheduled to None, run_after=None
[2025-04-05T10:02:34.683+0100] {logging_mixin.py:190} INFO - [2025-04-05T10:02:34.683+0100] {dag.py:4180} INFO - Setting next_dagrun for dataset_consumes_unknown_never_scheduled to None, run_after=None
[2025-04-05T10:02:34.686+0100] {logging_mixin.py:190} INFO - [2025-04-05T10:02:34.686+0100] {dag.py:4180} INFO - Setting next_dagrun for dataset_produces_1 to 2025-04-04 00:00:00+00:00, run_after=2025-04-05 00:00:00+00:00
[2025-04-05T10:02:34.687+0100] {logging_mixin.py:190} INFO - [2025-04-05T10:02:34.687+0100] {dag.py:4180} INFO - Setting next_dagrun for dataset_produces_2 to None, run_after=None
[2025-04-05T10:02:34.716+0100] {processor.py:208} INFO - Processing /home/Data_Professional/PycharmProjects/DE_Zoomcamp_Capstone_Project/.venv/lib/python3.10/site-packages/airflow/example_dags/example_datasets.py took 0.138 seconds
[2025-04-05T10:03:31.310+0100] {processor.py:186} INFO - Started process (PID=13138) to work on /home/Data_Professional/PycharmProjects/DE_Zoomcamp_Capstone_Project/.venv/lib/python3.10/site-packages/airflow/example_dags/example_datasets.py
[2025-04-05T10:03:31.313+0100] {processor.py:914} INFO - Processing file /home/Data_Professional/PycharmProjects/DE_Zoomcamp_Capstone_Project/.venv/lib/python3.10/site-packages/airflow/example_dags/example_datasets.py for tasks to queue
[2025-04-05T10:03:31.317+0100] {logging_mixin.py:190} INFO - [2025-04-05T10:03:31.316+0100] {dagbag.py:588} INFO - Filling up the DagBag from /home/Data_Professional/PycharmProjects/DE_Zoomcamp_Capstone_Project/.venv/lib/python3.10/site-packages/airflow/example_dags/example_datasets.py
[2025-04-05T10:03:31.341+0100] {processor.py:925} INFO - DAG(s) 'consume_1_or_both_2_and_3_with_dataset_expressions', 'consume_1_or_2_with_dataset_expressions', 'dataset_produces_1', 'dataset_consumes_1_never_scheduled', 'dataset_consumes_unknown_never_scheduled', 'consume_1_and_2_with_dataset_expressions', 'dataset_produces_2', 'dataset_consumes_1_and_2', 'conditional_dataset_and_time_based_timetable', 'dataset_consumes_1' retrieved from /home/Data_Professional/PycharmProjects/DE_Zoomcamp_Capstone_Project/.venv/lib/python3.10/site-packages/airflow/example_dags/example_datasets.py
[2025-04-05T10:03:31.371+0100] {logging_mixin.py:190} INFO - [2025-04-05T10:03:31.371+0100] {dag.py:3239} INFO - Sync 10 DAGs
[2025-04-05T10:03:31.392+0100] {logging_mixin.py:190} INFO - [2025-04-05T10:03:31.392+0100] {dag.py:4180} INFO - Setting next_dagrun for conditional_dataset_and_time_based_timetable to 2025-04-02 01:00:00+00:00, run_after=2025-04-02 01:00:00+00:00
[2025-04-05T10:03:31.395+0100] {logging_mixin.py:190} INFO - [2025-04-05T10:03:31.394+0100] {dag.py:4180} INFO - Setting next_dagrun for consume_1_and_2_with_dataset_expressions to None, run_after=None
[2025-04-05T10:03:31.396+0100] {logging_mixin.py:190} INFO - [2025-04-05T10:03:31.395+0100] {dag.py:4180} INFO - Setting next_dagrun for consume_1_or_2_with_dataset_expressions to None, run_after=None
[2025-04-05T10:03:31.396+0100] {logging_mixin.py:190} INFO - [2025-04-05T10:03:31.396+0100] {dag.py:4180} INFO - Setting next_dagrun for consume_1_or_both_2_and_3_with_dataset_expressions to None, run_after=None
[2025-04-05T10:03:31.397+0100] {logging_mixin.py:190} INFO - [2025-04-05T10:03:31.397+0100] {dag.py:4180} INFO - Setting next_dagrun for dataset_consumes_1 to None, run_after=None
[2025-04-05T10:03:31.398+0100] {logging_mixin.py:190} INFO - [2025-04-05T10:03:31.398+0100] {dag.py:4180} INFO - Setting next_dagrun for dataset_consumes_1_and_2 to None, run_after=None
[2025-04-05T10:03:31.400+0100] {logging_mixin.py:190} INFO - [2025-04-05T10:03:31.399+0100] {dag.py:4180} INFO - Setting next_dagrun for dataset_consumes_1_never_scheduled to None, run_after=None
[2025-04-05T10:03:31.402+0100] {logging_mixin.py:190} INFO - [2025-04-05T10:03:31.402+0100] {dag.py:4180} INFO - Setting next_dagrun for dataset_consumes_unknown_never_scheduled to None, run_after=None
[2025-04-05T10:03:31.404+0100] {logging_mixin.py:190} INFO - [2025-04-05T10:03:31.404+0100] {dag.py:4180} INFO - Setting next_dagrun for dataset_produces_1 to 2025-04-04 00:00:00+00:00, run_after=2025-04-05 00:00:00+00:00
[2025-04-05T10:03:31.405+0100] {logging_mixin.py:190} INFO - [2025-04-05T10:03:31.405+0100] {dag.py:4180} INFO - Setting next_dagrun for dataset_produces_2 to None, run_after=None
[2025-04-05T10:03:31.431+0100] {processor.py:208} INFO - Processing /home/Data_Professional/PycharmProjects/DE_Zoomcamp_Capstone_Project/.venv/lib/python3.10/site-packages/airflow/example_dags/example_datasets.py took 0.134 seconds
[2025-04-05T10:04:33.712+0100] {processor.py:186} INFO - Started process (PID=13273) to work on /home/Data_Professional/PycharmProjects/DE_Zoomcamp_Capstone_Project/.venv/lib/python3.10/site-packages/airflow/example_dags/example_datasets.py
[2025-04-05T10:04:33.715+0100] {processor.py:914} INFO - Processing file /home/Data_Professional/PycharmProjects/DE_Zoomcamp_Capstone_Project/.venv/lib/python3.10/site-packages/airflow/example_dags/example_datasets.py for tasks to queue
[2025-04-05T10:04:33.717+0100] {logging_mixin.py:190} INFO - [2025-04-05T10:04:33.717+0100] {dagbag.py:588} INFO - Filling up the DagBag from /home/Data_Professional/PycharmProjects/DE_Zoomcamp_Capstone_Project/.venv/lib/python3.10/site-packages/airflow/example_dags/example_datasets.py
[2025-04-05T10:04:33.731+0100] {processor.py:925} INFO - DAG(s) 'consume_1_and_2_with_dataset_expressions', 'consume_1_or_2_with_dataset_expressions', 'dataset_consumes_1_never_scheduled', 'dataset_consumes_1_and_2', 'dataset_consumes_unknown_never_scheduled', 'dataset_produces_1', 'dataset_consumes_1', 'dataset_produces_2', 'consume_1_or_both_2_and_3_with_dataset_expressions', 'conditional_dataset_and_time_based_timetable' retrieved from /home/Data_Professional/PycharmProjects/DE_Zoomcamp_Capstone_Project/.venv/lib/python3.10/site-packages/airflow/example_dags/example_datasets.py
[2025-04-05T10:04:33.761+0100] {logging_mixin.py:190} INFO - [2025-04-05T10:04:33.761+0100] {dag.py:3239} INFO - Sync 10 DAGs
[2025-04-05T10:04:33.780+0100] {logging_mixin.py:190} INFO - [2025-04-05T10:04:33.780+0100] {dag.py:4180} INFO - Setting next_dagrun for conditional_dataset_and_time_based_timetable to 2025-04-02 01:00:00+00:00, run_after=2025-04-02 01:00:00+00:00
[2025-04-05T10:04:33.783+0100] {logging_mixin.py:190} INFO - [2025-04-05T10:04:33.783+0100] {dag.py:4180} INFO - Setting next_dagrun for consume_1_and_2_with_dataset_expressions to None, run_after=None
[2025-04-05T10:04:33.784+0100] {logging_mixin.py:190} INFO - [2025-04-05T10:04:33.784+0100] {dag.py:4180} INFO - Setting next_dagrun for consume_1_or_2_with_dataset_expressions to None, run_after=None
[2025-04-05T10:04:33.785+0100] {logging_mixin.py:190} INFO - [2025-04-05T10:04:33.785+0100] {dag.py:4180} INFO - Setting next_dagrun for consume_1_or_both_2_and_3_with_dataset_expressions to None, run_after=None
[2025-04-05T10:04:33.786+0100] {logging_mixin.py:190} INFO - [2025-04-05T10:04:33.785+0100] {dag.py:4180} INFO - Setting next_dagrun for dataset_consumes_1 to None, run_after=None
[2025-04-05T10:04:33.786+0100] {logging_mixin.py:190} INFO - [2025-04-05T10:04:33.786+0100] {dag.py:4180} INFO - Setting next_dagrun for dataset_consumes_1_and_2 to None, run_after=None
[2025-04-05T10:04:33.787+0100] {logging_mixin.py:190} INFO - [2025-04-05T10:04:33.787+0100] {dag.py:4180} INFO - Setting next_dagrun for dataset_consumes_1_never_scheduled to None, run_after=None
[2025-04-05T10:04:33.788+0100] {logging_mixin.py:190} INFO - [2025-04-05T10:04:33.788+0100] {dag.py:4180} INFO - Setting next_dagrun for dataset_consumes_unknown_never_scheduled to None, run_after=None
[2025-04-05T10:04:33.790+0100] {logging_mixin.py:190} INFO - [2025-04-05T10:04:33.790+0100] {dag.py:4180} INFO - Setting next_dagrun for dataset_produces_1 to 2025-04-04 00:00:00+00:00, run_after=2025-04-05 00:00:00+00:00
[2025-04-05T10:04:33.791+0100] {logging_mixin.py:190} INFO - [2025-04-05T10:04:33.790+0100] {dag.py:4180} INFO - Setting next_dagrun for dataset_produces_2 to None, run_after=None
[2025-04-05T10:04:33.816+0100] {processor.py:208} INFO - Processing /home/Data_Professional/PycharmProjects/DE_Zoomcamp_Capstone_Project/.venv/lib/python3.10/site-packages/airflow/example_dags/example_datasets.py took 0.111 seconds
[2025-04-05T10:05:31.895+0100] {processor.py:186} INFO - Started process (PID=13581) to work on /home/Data_Professional/PycharmProjects/DE_Zoomcamp_Capstone_Project/.venv/lib/python3.10/site-packages/airflow/example_dags/example_datasets.py
[2025-04-05T10:05:31.900+0100] {processor.py:914} INFO - Processing file /home/Data_Professional/PycharmProjects/DE_Zoomcamp_Capstone_Project/.venv/lib/python3.10/site-packages/airflow/example_dags/example_datasets.py for tasks to queue
[2025-04-05T10:05:31.905+0100] {logging_mixin.py:190} INFO - [2025-04-05T10:05:31.903+0100] {dagbag.py:588} INFO - Filling up the DagBag from /home/Data_Professional/PycharmProjects/DE_Zoomcamp_Capstone_Project/.venv/lib/python3.10/site-packages/airflow/example_dags/example_datasets.py
[2025-04-05T10:05:31.940+0100] {processor.py:925} INFO - DAG(s) 'dataset_consumes_1_and_2', 'dataset_consumes_1_never_scheduled', 'conditional_dataset_and_time_based_timetable', 'consume_1_or_2_with_dataset_expressions', 'dataset_consumes_1', 'consume_1_and_2_with_dataset_expressions', 'consume_1_or_both_2_and_3_with_dataset_expressions', 'dataset_consumes_unknown_never_scheduled', 'dataset_produces_2', 'dataset_produces_1' retrieved from /home/Data_Professional/PycharmProjects/DE_Zoomcamp_Capstone_Project/.venv/lib/python3.10/site-packages/airflow/example_dags/example_datasets.py
[2025-04-05T10:05:31.978+0100] {logging_mixin.py:190} INFO - [2025-04-05T10:05:31.977+0100] {dag.py:3239} INFO - Sync 10 DAGs
[2025-04-05T10:05:32.008+0100] {logging_mixin.py:190} INFO - [2025-04-05T10:05:32.008+0100] {dag.py:4180} INFO - Setting next_dagrun for conditional_dataset_and_time_based_timetable to 2025-04-02 01:00:00+00:00, run_after=2025-04-02 01:00:00+00:00
[2025-04-05T10:05:32.013+0100] {logging_mixin.py:190} INFO - [2025-04-05T10:05:32.013+0100] {dag.py:4180} INFO - Setting next_dagrun for consume_1_and_2_with_dataset_expressions to None, run_after=None
[2025-04-05T10:05:32.015+0100] {logging_mixin.py:190} INFO - [2025-04-05T10:05:32.015+0100] {dag.py:4180} INFO - Setting next_dagrun for consume_1_or_2_with_dataset_expressions to None, run_after=None
[2025-04-05T10:05:32.017+0100] {logging_mixin.py:190} INFO - [2025-04-05T10:05:32.017+0100] {dag.py:4180} INFO - Setting next_dagrun for consume_1_or_both_2_and_3_with_dataset_expressions to None, run_after=None
[2025-04-05T10:05:32.019+0100] {logging_mixin.py:190} INFO - [2025-04-05T10:05:32.018+0100] {dag.py:4180} INFO - Setting next_dagrun for dataset_consumes_1 to None, run_after=None
[2025-04-05T10:05:32.021+0100] {logging_mixin.py:190} INFO - [2025-04-05T10:05:32.020+0100] {dag.py:4180} INFO - Setting next_dagrun for dataset_consumes_1_and_2 to None, run_after=None
[2025-04-05T10:05:32.022+0100] {logging_mixin.py:190} INFO - [2025-04-05T10:05:32.022+0100] {dag.py:4180} INFO - Setting next_dagrun for dataset_consumes_1_never_scheduled to None, run_after=None
[2025-04-05T10:05:32.024+0100] {logging_mixin.py:190} INFO - [2025-04-05T10:05:32.024+0100] {dag.py:4180} INFO - Setting next_dagrun for dataset_consumes_unknown_never_scheduled to None, run_after=None
[2025-04-05T10:05:32.029+0100] {logging_mixin.py:190} INFO - [2025-04-05T10:05:32.028+0100] {dag.py:4180} INFO - Setting next_dagrun for dataset_produces_1 to 2025-04-04 00:00:00+00:00, run_after=2025-04-05 00:00:00+00:00
[2025-04-05T10:05:32.030+0100] {logging_mixin.py:190} INFO - [2025-04-05T10:05:32.030+0100] {dag.py:4180} INFO - Setting next_dagrun for dataset_produces_2 to None, run_after=None
[2025-04-05T10:05:32.072+0100] {processor.py:208} INFO - Processing /home/Data_Professional/PycharmProjects/DE_Zoomcamp_Capstone_Project/.venv/lib/python3.10/site-packages/airflow/example_dags/example_datasets.py took 0.202 seconds
[2025-04-05T10:06:33.770+0100] {processor.py:186} INFO - Started process (PID=13769) to work on /home/Data_Professional/PycharmProjects/DE_Zoomcamp_Capstone_Project/.venv/lib/python3.10/site-packages/airflow/example_dags/example_datasets.py
[2025-04-05T10:06:33.773+0100] {processor.py:914} INFO - Processing file /home/Data_Professional/PycharmProjects/DE_Zoomcamp_Capstone_Project/.venv/lib/python3.10/site-packages/airflow/example_dags/example_datasets.py for tasks to queue
[2025-04-05T10:06:33.774+0100] {logging_mixin.py:190} INFO - [2025-04-05T10:06:33.773+0100] {dagbag.py:588} INFO - Filling up the DagBag from /home/Data_Professional/PycharmProjects/DE_Zoomcamp_Capstone_Project/.venv/lib/python3.10/site-packages/airflow/example_dags/example_datasets.py
[2025-04-05T10:06:33.786+0100] {processor.py:925} INFO - DAG(s) 'consume_1_or_both_2_and_3_with_dataset_expressions', 'consume_1_and_2_with_dataset_expressions', 'dataset_produces_1', 'consume_1_or_2_with_dataset_expressions', 'dataset_consumes_1_and_2', 'conditional_dataset_and_time_based_timetable', 'dataset_consumes_1', 'dataset_consumes_1_never_scheduled', 'dataset_consumes_unknown_never_scheduled', 'dataset_produces_2' retrieved from /home/Data_Professional/PycharmProjects/DE_Zoomcamp_Capstone_Project/.venv/lib/python3.10/site-packages/airflow/example_dags/example_datasets.py
[2025-04-05T10:06:33.816+0100] {logging_mixin.py:190} INFO - [2025-04-05T10:06:33.815+0100] {dag.py:3239} INFO - Sync 10 DAGs
[2025-04-05T10:06:33.836+0100] {logging_mixin.py:190} INFO - [2025-04-05T10:06:33.836+0100] {dag.py:4180} INFO - Setting next_dagrun for conditional_dataset_and_time_based_timetable to 2025-04-02 01:00:00+00:00, run_after=2025-04-02 01:00:00+00:00
[2025-04-05T10:06:33.839+0100] {logging_mixin.py:190} INFO - [2025-04-05T10:06:33.839+0100] {dag.py:4180} INFO - Setting next_dagrun for consume_1_and_2_with_dataset_expressions to None, run_after=None
[2025-04-05T10:06:33.840+0100] {logging_mixin.py:190} INFO - [2025-04-05T10:06:33.840+0100] {dag.py:4180} INFO - Setting next_dagrun for consume_1_or_2_with_dataset_expressions to None, run_after=None
[2025-04-05T10:06:33.841+0100] {logging_mixin.py:190} INFO - [2025-04-05T10:06:33.841+0100] {dag.py:4180} INFO - Setting next_dagrun for consume_1_or_both_2_and_3_with_dataset_expressions to None, run_after=None
[2025-04-05T10:06:33.842+0100] {logging_mixin.py:190} INFO - [2025-04-05T10:06:33.842+0100] {dag.py:4180} INFO - Setting next_dagrun for dataset_consumes_1 to None, run_after=None
[2025-04-05T10:06:33.843+0100] {logging_mixin.py:190} INFO - [2025-04-05T10:06:33.842+0100] {dag.py:4180} INFO - Setting next_dagrun for dataset_consumes_1_and_2 to None, run_after=None
[2025-04-05T10:06:33.843+0100] {logging_mixin.py:190} INFO - [2025-04-05T10:06:33.843+0100] {dag.py:4180} INFO - Setting next_dagrun for dataset_consumes_1_never_scheduled to None, run_after=None
[2025-04-05T10:06:33.844+0100] {logging_mixin.py:190} INFO - [2025-04-05T10:06:33.844+0100] {dag.py:4180} INFO - Setting next_dagrun for dataset_consumes_unknown_never_scheduled to None, run_after=None
[2025-04-05T10:06:33.846+0100] {logging_mixin.py:190} INFO - [2025-04-05T10:06:33.846+0100] {dag.py:4180} INFO - Setting next_dagrun for dataset_produces_1 to 2025-04-04 00:00:00+00:00, run_after=2025-04-05 00:00:00+00:00
[2025-04-05T10:06:33.847+0100] {logging_mixin.py:190} INFO - [2025-04-05T10:06:33.847+0100] {dag.py:4180} INFO - Setting next_dagrun for dataset_produces_2 to None, run_after=None
[2025-04-05T10:06:33.873+0100] {processor.py:208} INFO - Processing /home/Data_Professional/PycharmProjects/DE_Zoomcamp_Capstone_Project/.venv/lib/python3.10/site-packages/airflow/example_dags/example_datasets.py took 0.109 seconds
[2025-04-05T10:07:34.993+0100] {processor.py:186} INFO - Started process (PID=13891) to work on /home/Data_Professional/PycharmProjects/DE_Zoomcamp_Capstone_Project/.venv/lib/python3.10/site-packages/airflow/example_dags/example_datasets.py
[2025-04-05T10:07:34.997+0100] {processor.py:914} INFO - Processing file /home/Data_Professional/PycharmProjects/DE_Zoomcamp_Capstone_Project/.venv/lib/python3.10/site-packages/airflow/example_dags/example_datasets.py for tasks to queue
[2025-04-05T10:07:35.001+0100] {logging_mixin.py:190} INFO - [2025-04-05T10:07:35.000+0100] {dagbag.py:588} INFO - Filling up the DagBag from /home/Data_Professional/PycharmProjects/DE_Zoomcamp_Capstone_Project/.venv/lib/python3.10/site-packages/airflow/example_dags/example_datasets.py
[2025-04-05T10:07:35.031+0100] {processor.py:925} INFO - DAG(s) 'consume_1_or_both_2_and_3_with_dataset_expressions', 'conditional_dataset_and_time_based_timetable', 'dataset_produces_1', 'consume_1_or_2_with_dataset_expressions', 'dataset_consumes_1', 'dataset_produces_2', 'dataset_consumes_1_and_2', 'dataset_consumes_unknown_never_scheduled', 'consume_1_and_2_with_dataset_expressions', 'dataset_consumes_1_never_scheduled' retrieved from /home/Data_Professional/PycharmProjects/DE_Zoomcamp_Capstone_Project/.venv/lib/python3.10/site-packages/airflow/example_dags/example_datasets.py
[2025-04-05T10:07:35.064+0100] {logging_mixin.py:190} INFO - [2025-04-05T10:07:35.064+0100] {dag.py:3239} INFO - Sync 10 DAGs
[2025-04-05T10:07:35.084+0100] {logging_mixin.py:190} INFO - [2025-04-05T10:07:35.084+0100] {dag.py:4180} INFO - Setting next_dagrun for conditional_dataset_and_time_based_timetable to 2025-04-02 01:00:00+00:00, run_after=2025-04-02 01:00:00+00:00
[2025-04-05T10:07:35.087+0100] {logging_mixin.py:190} INFO - [2025-04-05T10:07:35.087+0100] {dag.py:4180} INFO - Setting next_dagrun for consume_1_and_2_with_dataset_expressions to None, run_after=None
[2025-04-05T10:07:35.088+0100] {logging_mixin.py:190} INFO - [2025-04-05T10:07:35.088+0100] {dag.py:4180} INFO - Setting next_dagrun for consume_1_or_2_with_dataset_expressions to None, run_after=None
[2025-04-05T10:07:35.089+0100] {logging_mixin.py:190} INFO - [2025-04-05T10:07:35.089+0100] {dag.py:4180} INFO - Setting next_dagrun for consume_1_or_both_2_and_3_with_dataset_expressions to None, run_after=None
[2025-04-05T10:07:35.090+0100] {logging_mixin.py:190} INFO - [2025-04-05T10:07:35.090+0100] {dag.py:4180} INFO - Setting next_dagrun for dataset_consumes_1 to None, run_after=None
[2025-04-05T10:07:35.091+0100] {logging_mixin.py:190} INFO - [2025-04-05T10:07:35.091+0100] {dag.py:4180} INFO - Setting next_dagrun for dataset_consumes_1_and_2 to None, run_after=None
[2025-04-05T10:07:35.092+0100] {logging_mixin.py:190} INFO - [2025-04-05T10:07:35.092+0100] {dag.py:4180} INFO - Setting next_dagrun for dataset_consumes_1_never_scheduled to None, run_after=None
[2025-04-05T10:07:35.092+0100] {logging_mixin.py:190} INFO - [2025-04-05T10:07:35.092+0100] {dag.py:4180} INFO - Setting next_dagrun for dataset_consumes_unknown_never_scheduled to None, run_after=None
[2025-04-05T10:07:35.094+0100] {logging_mixin.py:190} INFO - [2025-04-05T10:07:35.094+0100] {dag.py:4180} INFO - Setting next_dagrun for dataset_produces_1 to 2025-04-04 00:00:00+00:00, run_after=2025-04-05 00:00:00+00:00
[2025-04-05T10:07:35.095+0100] {logging_mixin.py:190} INFO - [2025-04-05T10:07:35.095+0100] {dag.py:4180} INFO - Setting next_dagrun for dataset_produces_2 to None, run_after=None
[2025-04-05T10:07:35.123+0100] {processor.py:208} INFO - Processing /home/Data_Professional/PycharmProjects/DE_Zoomcamp_Capstone_Project/.venv/lib/python3.10/site-packages/airflow/example_dags/example_datasets.py took 0.135 seconds
[2025-04-05T10:08:41.178+0100] {processor.py:186} INFO - Started process (PID=14225) to work on /home/Data_Professional/PycharmProjects/DE_Zoomcamp_Capstone_Project/.venv/lib/python3.10/site-packages/airflow/example_dags/example_datasets.py
[2025-04-05T10:08:41.181+0100] {processor.py:914} INFO - Processing file /home/Data_Professional/PycharmProjects/DE_Zoomcamp_Capstone_Project/.venv/lib/python3.10/site-packages/airflow/example_dags/example_datasets.py for tasks to queue
[2025-04-05T10:08:41.183+0100] {logging_mixin.py:190} INFO - [2025-04-05T10:08:41.183+0100] {dagbag.py:588} INFO - Filling up the DagBag from /home/Data_Professional/PycharmProjects/DE_Zoomcamp_Capstone_Project/.venv/lib/python3.10/site-packages/airflow/example_dags/example_datasets.py
[2025-04-05T10:08:41.205+0100] {processor.py:925} INFO - DAG(s) 'consume_1_and_2_with_dataset_expressions', 'dataset_consumes_1_and_2', 'dataset_consumes_1', 'consume_1_or_both_2_and_3_with_dataset_expressions', 'dataset_produces_2', 'dataset_produces_1', 'consume_1_or_2_with_dataset_expressions', 'dataset_consumes_1_never_scheduled', 'dataset_consumes_unknown_never_scheduled', 'conditional_dataset_and_time_based_timetable' retrieved from /home/Data_Professional/PycharmProjects/DE_Zoomcamp_Capstone_Project/.venv/lib/python3.10/site-packages/airflow/example_dags/example_datasets.py
[2025-04-05T10:08:41.235+0100] {logging_mixin.py:190} INFO - [2025-04-05T10:08:41.235+0100] {dag.py:3239} INFO - Sync 10 DAGs
[2025-04-05T10:08:41.254+0100] {logging_mixin.py:190} INFO - [2025-04-05T10:08:41.254+0100] {dag.py:4180} INFO - Setting next_dagrun for conditional_dataset_and_time_based_timetable to 2025-04-02 01:00:00+00:00, run_after=2025-04-02 01:00:00+00:00
[2025-04-05T10:08:41.257+0100] {logging_mixin.py:190} INFO - [2025-04-05T10:08:41.257+0100] {dag.py:4180} INFO - Setting next_dagrun for consume_1_and_2_with_dataset_expressions to None, run_after=None
[2025-04-05T10:08:41.258+0100] {logging_mixin.py:190} INFO - [2025-04-05T10:08:41.258+0100] {dag.py:4180} INFO - Setting next_dagrun for consume_1_or_2_with_dataset_expressions to None, run_after=None
[2025-04-05T10:08:41.259+0100] {logging_mixin.py:190} INFO - [2025-04-05T10:08:41.259+0100] {dag.py:4180} INFO - Setting next_dagrun for consume_1_or_both_2_and_3_with_dataset_expressions to None, run_after=None
[2025-04-05T10:08:41.260+0100] {logging_mixin.py:190} INFO - [2025-04-05T10:08:41.260+0100] {dag.py:4180} INFO - Setting next_dagrun for dataset_consumes_1 to None, run_after=None
[2025-04-05T10:08:41.260+0100] {logging_mixin.py:190} INFO - [2025-04-05T10:08:41.260+0100] {dag.py:4180} INFO - Setting next_dagrun for dataset_consumes_1_and_2 to None, run_after=None
[2025-04-05T10:08:41.261+0100] {logging_mixin.py:190} INFO - [2025-04-05T10:08:41.261+0100] {dag.py:4180} INFO - Setting next_dagrun for dataset_consumes_1_never_scheduled to None, run_after=None
[2025-04-05T10:08:41.262+0100] {logging_mixin.py:190} INFO - [2025-04-05T10:08:41.262+0100] {dag.py:4180} INFO - Setting next_dagrun for dataset_consumes_unknown_never_scheduled to None, run_after=None
[2025-04-05T10:08:41.264+0100] {logging_mixin.py:190} INFO - [2025-04-05T10:08:41.264+0100] {dag.py:4180} INFO - Setting next_dagrun for dataset_produces_1 to 2025-04-04 00:00:00+00:00, run_after=2025-04-05 00:00:00+00:00
[2025-04-05T10:08:41.265+0100] {logging_mixin.py:190} INFO - [2025-04-05T10:08:41.265+0100] {dag.py:4180} INFO - Setting next_dagrun for dataset_produces_2 to None, run_after=None
[2025-04-05T10:08:41.289+0100] {processor.py:208} INFO - Processing /home/Data_Professional/PycharmProjects/DE_Zoomcamp_Capstone_Project/.venv/lib/python3.10/site-packages/airflow/example_dags/example_datasets.py took 0.120 seconds
[2025-04-05T10:09:53.567+0100] {processor.py:186} INFO - Started process (PID=14400) to work on /home/Data_Professional/PycharmProjects/DE_Zoomcamp_Capstone_Project/.venv/lib/python3.10/site-packages/airflow/example_dags/example_datasets.py
[2025-04-05T10:09:53.569+0100] {processor.py:914} INFO - Processing file /home/Data_Professional/PycharmProjects/DE_Zoomcamp_Capstone_Project/.venv/lib/python3.10/site-packages/airflow/example_dags/example_datasets.py for tasks to queue
[2025-04-05T10:09:53.571+0100] {logging_mixin.py:190} INFO - [2025-04-05T10:09:53.570+0100] {dagbag.py:588} INFO - Filling up the DagBag from /home/Data_Professional/PycharmProjects/DE_Zoomcamp_Capstone_Project/.venv/lib/python3.10/site-packages/airflow/example_dags/example_datasets.py
[2025-04-05T10:09:53.590+0100] {processor.py:925} INFO - DAG(s) 'dataset_produces_1', 'dataset_produces_2', 'consume_1_or_2_with_dataset_expressions', 'dataset_consumes_1_never_scheduled', 'dataset_consumes_1', 'conditional_dataset_and_time_based_timetable', 'dataset_consumes_unknown_never_scheduled', 'consume_1_or_both_2_and_3_with_dataset_expressions', 'dataset_consumes_1_and_2', 'consume_1_and_2_with_dataset_expressions' retrieved from /home/Data_Professional/PycharmProjects/DE_Zoomcamp_Capstone_Project/.venv/lib/python3.10/site-packages/airflow/example_dags/example_datasets.py
[2025-04-05T10:09:53.641+0100] {logging_mixin.py:190} INFO - [2025-04-05T10:09:53.641+0100] {dag.py:3239} INFO - Sync 10 DAGs
[2025-04-05T10:09:53.676+0100] {logging_mixin.py:190} INFO - [2025-04-05T10:09:53.675+0100] {dag.py:4180} INFO - Setting next_dagrun for conditional_dataset_and_time_based_timetable to 2025-04-02 01:00:00+00:00, run_after=2025-04-02 01:00:00+00:00
[2025-04-05T10:09:53.797+0100] {logging_mixin.py:190} INFO - [2025-04-05T10:09:53.797+0100] {dag.py:4180} INFO - Setting next_dagrun for consume_1_and_2_with_dataset_expressions to None, run_after=None
[2025-04-05T10:09:53.798+0100] {logging_mixin.py:190} INFO - [2025-04-05T10:09:53.798+0100] {dag.py:4180} INFO - Setting next_dagrun for consume_1_or_2_with_dataset_expressions to None, run_after=None
[2025-04-05T10:09:53.800+0100] {logging_mixin.py:190} INFO - [2025-04-05T10:09:53.800+0100] {dag.py:4180} INFO - Setting next_dagrun for consume_1_or_both_2_and_3_with_dataset_expressions to None, run_after=None
[2025-04-05T10:09:53.801+0100] {logging_mixin.py:190} INFO - [2025-04-05T10:09:53.801+0100] {dag.py:4180} INFO - Setting next_dagrun for dataset_consumes_1 to None, run_after=None
[2025-04-05T10:09:53.803+0100] {logging_mixin.py:190} INFO - [2025-04-05T10:09:53.802+0100] {dag.py:4180} INFO - Setting next_dagrun for dataset_consumes_1_and_2 to None, run_after=None
[2025-04-05T10:09:53.804+0100] {logging_mixin.py:190} INFO - [2025-04-05T10:09:53.804+0100] {dag.py:4180} INFO - Setting next_dagrun for dataset_consumes_1_never_scheduled to None, run_after=None
[2025-04-05T10:09:53.806+0100] {logging_mixin.py:190} INFO - [2025-04-05T10:09:53.806+0100] {dag.py:4180} INFO - Setting next_dagrun for dataset_consumes_unknown_never_scheduled to None, run_after=None
[2025-04-05T10:09:53.811+0100] {logging_mixin.py:190} INFO - [2025-04-05T10:09:53.811+0100] {dag.py:4180} INFO - Setting next_dagrun for dataset_produces_1 to 2025-04-04 00:00:00+00:00, run_after=2025-04-05 00:00:00+00:00
[2025-04-05T10:09:53.813+0100] {logging_mixin.py:190} INFO - [2025-04-05T10:09:53.813+0100] {dag.py:4180} INFO - Setting next_dagrun for dataset_produces_2 to None, run_after=None
[2025-04-05T10:09:53.850+0100] {processor.py:208} INFO - Processing /home/Data_Professional/PycharmProjects/DE_Zoomcamp_Capstone_Project/.venv/lib/python3.10/site-packages/airflow/example_dags/example_datasets.py took 0.292 seconds
[2025-04-05T10:10:51.549+0100] {processor.py:186} INFO - Started process (PID=14561) to work on /home/Data_Professional/PycharmProjects/DE_Zoomcamp_Capstone_Project/.venv/lib/python3.10/site-packages/airflow/example_dags/example_datasets.py
[2025-04-05T10:10:51.555+0100] {processor.py:914} INFO - Processing file /home/Data_Professional/PycharmProjects/DE_Zoomcamp_Capstone_Project/.venv/lib/python3.10/site-packages/airflow/example_dags/example_datasets.py for tasks to queue
[2025-04-05T10:10:51.557+0100] {logging_mixin.py:190} INFO - [2025-04-05T10:10:51.557+0100] {dagbag.py:588} INFO - Filling up the DagBag from /home/Data_Professional/PycharmProjects/DE_Zoomcamp_Capstone_Project/.venv/lib/python3.10/site-packages/airflow/example_dags/example_datasets.py
[2025-04-05T10:10:51.571+0100] {processor.py:925} INFO - DAG(s) 'consume_1_or_both_2_and_3_with_dataset_expressions', 'consume_1_or_2_with_dataset_expressions', 'dataset_produces_1', 'dataset_produces_2', 'consume_1_and_2_with_dataset_expressions', 'dataset_consumes_1', 'dataset_consumes_unknown_never_scheduled', 'dataset_consumes_1_and_2', 'conditional_dataset_and_time_based_timetable', 'dataset_consumes_1_never_scheduled' retrieved from /home/Data_Professional/PycharmProjects/DE_Zoomcamp_Capstone_Project/.venv/lib/python3.10/site-packages/airflow/example_dags/example_datasets.py
[2025-04-05T10:10:51.601+0100] {logging_mixin.py:190} INFO - [2025-04-05T10:10:51.601+0100] {dag.py:3239} INFO - Sync 10 DAGs
[2025-04-05T10:10:51.620+0100] {logging_mixin.py:190} INFO - [2025-04-05T10:10:51.619+0100] {dag.py:4180} INFO - Setting next_dagrun for conditional_dataset_and_time_based_timetable to 2025-04-02 01:00:00+00:00, run_after=2025-04-02 01:00:00+00:00
[2025-04-05T10:10:51.623+0100] {logging_mixin.py:190} INFO - [2025-04-05T10:10:51.623+0100] {dag.py:4180} INFO - Setting next_dagrun for consume_1_and_2_with_dataset_expressions to None, run_after=None
[2025-04-05T10:10:51.624+0100] {logging_mixin.py:190} INFO - [2025-04-05T10:10:51.624+0100] {dag.py:4180} INFO - Setting next_dagrun for consume_1_or_2_with_dataset_expressions to None, run_after=None
[2025-04-05T10:10:51.625+0100] {logging_mixin.py:190} INFO - [2025-04-05T10:10:51.625+0100] {dag.py:4180} INFO - Setting next_dagrun for consume_1_or_both_2_and_3_with_dataset_expressions to None, run_after=None
[2025-04-05T10:10:51.626+0100] {logging_mixin.py:190} INFO - [2025-04-05T10:10:51.626+0100] {dag.py:4180} INFO - Setting next_dagrun for dataset_consumes_1 to None, run_after=None
[2025-04-05T10:10:51.626+0100] {logging_mixin.py:190} INFO - [2025-04-05T10:10:51.626+0100] {dag.py:4180} INFO - Setting next_dagrun for dataset_consumes_1_and_2 to None, run_after=None
[2025-04-05T10:10:51.627+0100] {logging_mixin.py:190} INFO - [2025-04-05T10:10:51.627+0100] {dag.py:4180} INFO - Setting next_dagrun for dataset_consumes_1_never_scheduled to None, run_after=None
[2025-04-05T10:10:51.628+0100] {logging_mixin.py:190} INFO - [2025-04-05T10:10:51.628+0100] {dag.py:4180} INFO - Setting next_dagrun for dataset_consumes_unknown_never_scheduled to None, run_after=None
[2025-04-05T10:10:51.630+0100] {logging_mixin.py:190} INFO - [2025-04-05T10:10:51.630+0100] {dag.py:4180} INFO - Setting next_dagrun for dataset_produces_1 to 2025-04-04 00:00:00+00:00, run_after=2025-04-05 00:00:00+00:00
[2025-04-05T10:10:51.631+0100] {logging_mixin.py:190} INFO - [2025-04-05T10:10:51.631+0100] {dag.py:4180} INFO - Setting next_dagrun for dataset_produces_2 to None, run_after=None
[2025-04-05T10:10:51.745+0100] {processor.py:208} INFO - Processing /home/Data_Professional/PycharmProjects/DE_Zoomcamp_Capstone_Project/.venv/lib/python3.10/site-packages/airflow/example_dags/example_datasets.py took 0.209 seconds
[2025-04-05T10:11:55.165+0100] {processor.py:186} INFO - Started process (PID=14930) to work on /home/Data_Professional/PycharmProjects/DE_Zoomcamp_Capstone_Project/.venv/lib/python3.10/site-packages/airflow/example_dags/example_datasets.py
[2025-04-05T10:11:55.169+0100] {processor.py:914} INFO - Processing file /home/Data_Professional/PycharmProjects/DE_Zoomcamp_Capstone_Project/.venv/lib/python3.10/site-packages/airflow/example_dags/example_datasets.py for tasks to queue
[2025-04-05T10:11:55.171+0100] {logging_mixin.py:190} INFO - [2025-04-05T10:11:55.170+0100] {dagbag.py:588} INFO - Filling up the DagBag from /home/Data_Professional/PycharmProjects/DE_Zoomcamp_Capstone_Project/.venv/lib/python3.10/site-packages/airflow/example_dags/example_datasets.py
[2025-04-05T10:11:55.196+0100] {processor.py:925} INFO - DAG(s) 'dataset_consumes_1_never_scheduled', 'dataset_consumes_1', 'dataset_consumes_1_and_2', 'consume_1_or_2_with_dataset_expressions', 'conditional_dataset_and_time_based_timetable', 'dataset_produces_1', 'consume_1_and_2_with_dataset_expressions', 'dataset_consumes_unknown_never_scheduled', 'consume_1_or_both_2_and_3_with_dataset_expressions', 'dataset_produces_2' retrieved from /home/Data_Professional/PycharmProjects/DE_Zoomcamp_Capstone_Project/.venv/lib/python3.10/site-packages/airflow/example_dags/example_datasets.py
[2025-04-05T10:11:55.226+0100] {logging_mixin.py:190} INFO - [2025-04-05T10:11:55.225+0100] {dag.py:3239} INFO - Sync 10 DAGs
[2025-04-05T10:11:55.244+0100] {logging_mixin.py:190} INFO - [2025-04-05T10:11:55.244+0100] {dag.py:4180} INFO - Setting next_dagrun for conditional_dataset_and_time_based_timetable to 2025-04-02 01:00:00+00:00, run_after=2025-04-02 01:00:00+00:00
[2025-04-05T10:11:55.247+0100] {logging_mixin.py:190} INFO - [2025-04-05T10:11:55.246+0100] {dag.py:4180} INFO - Setting next_dagrun for consume_1_and_2_with_dataset_expressions to None, run_after=None
[2025-04-05T10:11:55.248+0100] {logging_mixin.py:190} INFO - [2025-04-05T10:11:55.247+0100] {dag.py:4180} INFO - Setting next_dagrun for consume_1_or_2_with_dataset_expressions to None, run_after=None
[2025-04-05T10:11:55.248+0100] {logging_mixin.py:190} INFO - [2025-04-05T10:11:55.248+0100] {dag.py:4180} INFO - Setting next_dagrun for consume_1_or_both_2_and_3_with_dataset_expressions to None, run_after=None
[2025-04-05T10:11:55.249+0100] {logging_mixin.py:190} INFO - [2025-04-05T10:11:55.249+0100] {dag.py:4180} INFO - Setting next_dagrun for dataset_consumes_1 to None, run_after=None
[2025-04-05T10:11:55.250+0100] {logging_mixin.py:190} INFO - [2025-04-05T10:11:55.250+0100] {dag.py:4180} INFO - Setting next_dagrun for dataset_consumes_1_and_2 to None, run_after=None
[2025-04-05T10:11:55.251+0100] {logging_mixin.py:190} INFO - [2025-04-05T10:11:55.251+0100] {dag.py:4180} INFO - Setting next_dagrun for dataset_consumes_1_never_scheduled to None, run_after=None
[2025-04-05T10:11:55.252+0100] {logging_mixin.py:190} INFO - [2025-04-05T10:11:55.252+0100] {dag.py:4180} INFO - Setting next_dagrun for dataset_consumes_unknown_never_scheduled to None, run_after=None
[2025-04-05T10:11:55.254+0100] {logging_mixin.py:190} INFO - [2025-04-05T10:11:55.254+0100] {dag.py:4180} INFO - Setting next_dagrun for dataset_produces_1 to 2025-04-04 00:00:00+00:00, run_after=2025-04-05 00:00:00+00:00
[2025-04-05T10:11:55.255+0100] {logging_mixin.py:190} INFO - [2025-04-05T10:11:55.254+0100] {dag.py:4180} INFO - Setting next_dagrun for dataset_produces_2 to None, run_after=None
[2025-04-05T10:11:55.363+0100] {processor.py:208} INFO - Processing /home/Data_Professional/PycharmProjects/DE_Zoomcamp_Capstone_Project/.venv/lib/python3.10/site-packages/airflow/example_dags/example_datasets.py took 0.208 seconds
[2025-04-05T10:13:01.677+0100] {processor.py:186} INFO - Started process (PID=15073) to work on /home/Data_Professional/PycharmProjects/DE_Zoomcamp_Capstone_Project/.venv/lib/python3.10/site-packages/airflow/example_dags/example_datasets.py
[2025-04-05T10:13:01.680+0100] {processor.py:914} INFO - Processing file /home/Data_Professional/PycharmProjects/DE_Zoomcamp_Capstone_Project/.venv/lib/python3.10/site-packages/airflow/example_dags/example_datasets.py for tasks to queue
[2025-04-05T10:13:01.682+0100] {logging_mixin.py:190} INFO - [2025-04-05T10:13:01.681+0100] {dagbag.py:588} INFO - Filling up the DagBag from /home/Data_Professional/PycharmProjects/DE_Zoomcamp_Capstone_Project/.venv/lib/python3.10/site-packages/airflow/example_dags/example_datasets.py
[2025-04-05T10:13:01.699+0100] {processor.py:925} INFO - DAG(s) 'dataset_consumes_1_never_scheduled', 'dataset_produces_2', 'consume_1_or_both_2_and_3_with_dataset_expressions', 'dataset_consumes_unknown_never_scheduled', 'consume_1_or_2_with_dataset_expressions', 'consume_1_and_2_with_dataset_expressions', 'dataset_produces_1', 'dataset_consumes_1_and_2', 'conditional_dataset_and_time_based_timetable', 'dataset_consumes_1' retrieved from /home/Data_Professional/PycharmProjects/DE_Zoomcamp_Capstone_Project/.venv/lib/python3.10/site-packages/airflow/example_dags/example_datasets.py
[2025-04-05T10:13:01.728+0100] {logging_mixin.py:190} INFO - [2025-04-05T10:13:01.728+0100] {dag.py:3239} INFO - Sync 10 DAGs
[2025-04-05T10:13:01.747+0100] {logging_mixin.py:190} INFO - [2025-04-05T10:13:01.746+0100] {dag.py:4180} INFO - Setting next_dagrun for conditional_dataset_and_time_based_timetable to 2025-04-02 01:00:00+00:00, run_after=2025-04-02 01:00:00+00:00
[2025-04-05T10:13:01.749+0100] {logging_mixin.py:190} INFO - [2025-04-05T10:13:01.749+0100] {dag.py:4180} INFO - Setting next_dagrun for consume_1_and_2_with_dataset_expressions to None, run_after=None
[2025-04-05T10:13:01.750+0100] {logging_mixin.py:190} INFO - [2025-04-05T10:13:01.750+0100] {dag.py:4180} INFO - Setting next_dagrun for consume_1_or_2_with_dataset_expressions to None, run_after=None
[2025-04-05T10:13:01.751+0100] {logging_mixin.py:190} INFO - [2025-04-05T10:13:01.751+0100] {dag.py:4180} INFO - Setting next_dagrun for consume_1_or_both_2_and_3_with_dataset_expressions to None, run_after=None
[2025-04-05T10:13:01.752+0100] {logging_mixin.py:190} INFO - [2025-04-05T10:13:01.752+0100] {dag.py:4180} INFO - Setting next_dagrun for dataset_consumes_1 to None, run_after=None
[2025-04-05T10:13:01.753+0100] {logging_mixin.py:190} INFO - [2025-04-05T10:13:01.752+0100] {dag.py:4180} INFO - Setting next_dagrun for dataset_consumes_1_and_2 to None, run_after=None
[2025-04-05T10:13:01.753+0100] {logging_mixin.py:190} INFO - [2025-04-05T10:13:01.753+0100] {dag.py:4180} INFO - Setting next_dagrun for dataset_consumes_1_never_scheduled to None, run_after=None
[2025-04-05T10:13:01.754+0100] {logging_mixin.py:190} INFO - [2025-04-05T10:13:01.754+0100] {dag.py:4180} INFO - Setting next_dagrun for dataset_consumes_unknown_never_scheduled to None, run_after=None
[2025-04-05T10:13:01.756+0100] {logging_mixin.py:190} INFO - [2025-04-05T10:13:01.756+0100] {dag.py:4180} INFO - Setting next_dagrun for dataset_produces_1 to 2025-04-04 00:00:00+00:00, run_after=2025-04-05 00:00:00+00:00
[2025-04-05T10:13:01.757+0100] {logging_mixin.py:190} INFO - [2025-04-05T10:13:01.757+0100] {dag.py:4180} INFO - Setting next_dagrun for dataset_produces_2 to None, run_after=None
[2025-04-05T10:13:01.867+0100] {processor.py:208} INFO - Processing /home/Data_Professional/PycharmProjects/DE_Zoomcamp_Capstone_Project/.venv/lib/python3.10/site-packages/airflow/example_dags/example_datasets.py took 0.196 seconds
[2025-04-05T10:13:59.556+0100] {processor.py:186} INFO - Started process (PID=15159) to work on /home/Data_Professional/PycharmProjects/DE_Zoomcamp_Capstone_Project/.venv/lib/python3.10/site-packages/airflow/example_dags/example_datasets.py
[2025-04-05T10:13:59.557+0100] {processor.py:914} INFO - Processing file /home/Data_Professional/PycharmProjects/DE_Zoomcamp_Capstone_Project/.venv/lib/python3.10/site-packages/airflow/example_dags/example_datasets.py for tasks to queue
[2025-04-05T10:13:59.558+0100] {logging_mixin.py:190} INFO - [2025-04-05T10:13:59.557+0100] {dagbag.py:588} INFO - Filling up the DagBag from /home/Data_Professional/PycharmProjects/DE_Zoomcamp_Capstone_Project/.venv/lib/python3.10/site-packages/airflow/example_dags/example_datasets.py
[2025-04-05T10:13:59.572+0100] {processor.py:925} INFO - DAG(s) 'dataset_consumes_unknown_never_scheduled', 'dataset_consumes_1_and_2', 'consume_1_or_both_2_and_3_with_dataset_expressions', 'consume_1_and_2_with_dataset_expressions', 'conditional_dataset_and_time_based_timetable', 'dataset_consumes_1', 'consume_1_or_2_with_dataset_expressions', 'dataset_consumes_1_never_scheduled', 'dataset_produces_1', 'dataset_produces_2' retrieved from /home/Data_Professional/PycharmProjects/DE_Zoomcamp_Capstone_Project/.venv/lib/python3.10/site-packages/airflow/example_dags/example_datasets.py
[2025-04-05T10:13:59.601+0100] {logging_mixin.py:190} INFO - [2025-04-05T10:13:59.601+0100] {dag.py:3239} INFO - Sync 10 DAGs
[2025-04-05T10:13:59.620+0100] {logging_mixin.py:190} INFO - [2025-04-05T10:13:59.620+0100] {dag.py:4180} INFO - Setting next_dagrun for conditional_dataset_and_time_based_timetable to 2025-04-02 01:00:00+00:00, run_after=2025-04-02 01:00:00+00:00
[2025-04-05T10:13:59.622+0100] {logging_mixin.py:190} INFO - [2025-04-05T10:13:59.622+0100] {dag.py:4180} INFO - Setting next_dagrun for consume_1_and_2_with_dataset_expressions to None, run_after=None
[2025-04-05T10:13:59.623+0100] {logging_mixin.py:190} INFO - [2025-04-05T10:13:59.623+0100] {dag.py:4180} INFO - Setting next_dagrun for consume_1_or_2_with_dataset_expressions to None, run_after=None
[2025-04-05T10:13:59.624+0100] {logging_mixin.py:190} INFO - [2025-04-05T10:13:59.624+0100] {dag.py:4180} INFO - Setting next_dagrun for consume_1_or_both_2_and_3_with_dataset_expressions to None, run_after=None
[2025-04-05T10:13:59.625+0100] {logging_mixin.py:190} INFO - [2025-04-05T10:13:59.625+0100] {dag.py:4180} INFO - Setting next_dagrun for dataset_consumes_1 to None, run_after=None
[2025-04-05T10:13:59.626+0100] {logging_mixin.py:190} INFO - [2025-04-05T10:13:59.625+0100] {dag.py:4180} INFO - Setting next_dagrun for dataset_consumes_1_and_2 to None, run_after=None
[2025-04-05T10:13:59.626+0100] {logging_mixin.py:190} INFO - [2025-04-05T10:13:59.626+0100] {dag.py:4180} INFO - Setting next_dagrun for dataset_consumes_1_never_scheduled to None, run_after=None
[2025-04-05T10:13:59.627+0100] {logging_mixin.py:190} INFO - [2025-04-05T10:13:59.627+0100] {dag.py:4180} INFO - Setting next_dagrun for dataset_consumes_unknown_never_scheduled to None, run_after=None
[2025-04-05T10:13:59.629+0100] {logging_mixin.py:190} INFO - [2025-04-05T10:13:59.629+0100] {dag.py:4180} INFO - Setting next_dagrun for dataset_produces_1 to 2025-04-04 00:00:00+00:00, run_after=2025-04-05 00:00:00+00:00
[2025-04-05T10:13:59.630+0100] {logging_mixin.py:190} INFO - [2025-04-05T10:13:59.630+0100] {dag.py:4180} INFO - Setting next_dagrun for dataset_produces_2 to None, run_after=None
[2025-04-05T10:13:59.654+0100] {processor.py:208} INFO - Processing /home/Data_Professional/PycharmProjects/DE_Zoomcamp_Capstone_Project/.venv/lib/python3.10/site-packages/airflow/example_dags/example_datasets.py took 0.104 seconds
[2025-04-05T12:23:54.761+0100] {processor.py:186} INFO - Started process (PID=15427) to work on /home/Data_Professional/PycharmProjects/DE_Zoomcamp_Capstone_Project/.venv/lib/python3.10/site-packages/airflow/example_dags/example_datasets.py
[2025-04-05T12:23:54.765+0100] {processor.py:914} INFO - Processing file /home/Data_Professional/PycharmProjects/DE_Zoomcamp_Capstone_Project/.venv/lib/python3.10/site-packages/airflow/example_dags/example_datasets.py for tasks to queue
[2025-04-05T12:23:54.768+0100] {logging_mixin.py:190} INFO - [2025-04-05T12:23:54.767+0100] {dagbag.py:588} INFO - Filling up the DagBag from /home/Data_Professional/PycharmProjects/DE_Zoomcamp_Capstone_Project/.venv/lib/python3.10/site-packages/airflow/example_dags/example_datasets.py
[2025-04-05T12:23:54.789+0100] {processor.py:925} INFO - DAG(s) 'dataset_consumes_1_and_2', 'dataset_consumes_1', 'consume_1_or_2_with_dataset_expressions', 'conditional_dataset_and_time_based_timetable', 'dataset_produces_2', 'consume_1_or_both_2_and_3_with_dataset_expressions', 'consume_1_and_2_with_dataset_expressions', 'dataset_produces_1', 'dataset_consumes_1_never_scheduled', 'dataset_consumes_unknown_never_scheduled' retrieved from /home/Data_Professional/PycharmProjects/DE_Zoomcamp_Capstone_Project/.venv/lib/python3.10/site-packages/airflow/example_dags/example_datasets.py
[2025-04-05T12:23:54.825+0100] {logging_mixin.py:190} INFO - [2025-04-05T12:23:54.825+0100] {dag.py:3239} INFO - Sync 10 DAGs
[2025-04-05T12:23:54.930+0100] {logging_mixin.py:190} INFO - [2025-04-05T12:23:54.930+0100] {dag.py:4180} INFO - Setting next_dagrun for conditional_dataset_and_time_based_timetable to 2025-04-02 01:00:00+00:00, run_after=2025-04-02 01:00:00+00:00
[2025-04-05T12:23:54.933+0100] {logging_mixin.py:190} INFO - [2025-04-05T12:23:54.933+0100] {dag.py:4180} INFO - Setting next_dagrun for consume_1_and_2_with_dataset_expressions to None, run_after=None
[2025-04-05T12:23:54.934+0100] {logging_mixin.py:190} INFO - [2025-04-05T12:23:54.934+0100] {dag.py:4180} INFO - Setting next_dagrun for consume_1_or_2_with_dataset_expressions to None, run_after=None
[2025-04-05T12:23:54.935+0100] {logging_mixin.py:190} INFO - [2025-04-05T12:23:54.935+0100] {dag.py:4180} INFO - Setting next_dagrun for consume_1_or_both_2_and_3_with_dataset_expressions to None, run_after=None
[2025-04-05T12:23:54.936+0100] {logging_mixin.py:190} INFO - [2025-04-05T12:23:54.936+0100] {dag.py:4180} INFO - Setting next_dagrun for dataset_consumes_1 to None, run_after=None
[2025-04-05T12:23:54.937+0100] {logging_mixin.py:190} INFO - [2025-04-05T12:23:54.937+0100] {dag.py:4180} INFO - Setting next_dagrun for dataset_consumes_1_and_2 to None, run_after=None
[2025-04-05T12:23:54.938+0100] {logging_mixin.py:190} INFO - [2025-04-05T12:23:54.938+0100] {dag.py:4180} INFO - Setting next_dagrun for dataset_consumes_1_never_scheduled to None, run_after=None
[2025-04-05T12:23:54.939+0100] {logging_mixin.py:190} INFO - [2025-04-05T12:23:54.939+0100] {dag.py:4180} INFO - Setting next_dagrun for dataset_consumes_unknown_never_scheduled to None, run_after=None
[2025-04-05T12:23:54.941+0100] {logging_mixin.py:190} INFO - [2025-04-05T12:23:54.941+0100] {dag.py:4180} INFO - Setting next_dagrun for dataset_produces_1 to 2025-04-04 00:00:00+00:00, run_after=2025-04-05 00:00:00+00:00
[2025-04-05T12:23:54.942+0100] {logging_mixin.py:190} INFO - [2025-04-05T12:23:54.942+0100] {dag.py:4180} INFO - Setting next_dagrun for dataset_produces_2 to None, run_after=None
[2025-04-05T12:23:54.968+0100] {processor.py:208} INFO - Processing /home/Data_Professional/PycharmProjects/DE_Zoomcamp_Capstone_Project/.venv/lib/python3.10/site-packages/airflow/example_dags/example_datasets.py took 0.224 seconds
