[2025-04-05T09:52:20.305+0100] {processor.py:186} INFO - Started process (PID=11640) to work on /home/Data_Professional/PycharmProjects/DE_Zoomcamp_Capstone_Project/.venv/lib/python3.10/site-packages/airflow/example_dags/example_task_group_decorator.py
[2025-04-05T09:52:20.307+0100] {processor.py:914} INFO - Processing file /home/Data_Professional/PycharmProjects/DE_Zoomcamp_Capstone_Project/.venv/lib/python3.10/site-packages/airflow/example_dags/example_task_group_decorator.py for tasks to queue
[2025-04-05T09:52:20.311+0100] {logging_mixin.py:190} INFO - [2025-04-05T09:52:20.311+0100] {dagbag.py:588} INFO - Filling up the DagBag from /home/Data_Professional/PycharmProjects/DE_Zoomcamp_Capstone_Project/.venv/lib/python3.10/site-packages/airflow/example_dags/example_task_group_decorator.py
[2025-04-05T09:52:20.335+0100] {processor.py:925} INFO - DAG(s) 'example_task_group_decorator' retrieved from /home/Data_Professional/PycharmProjects/DE_Zoomcamp_Capstone_Project/.venv/lib/python3.10/site-packages/airflow/example_dags/example_task_group_decorator.py
[2025-04-05T09:52:20.423+0100] {logging_mixin.py:190} INFO - [2025-04-05T09:52:20.422+0100] {override.py:1912} INFO - Created Permission View: can read on DAG:example_task_group_decorator
[2025-04-05T09:52:20.432+0100] {logging_mixin.py:190} INFO - [2025-04-05T09:52:20.432+0100] {override.py:1912} INFO - Created Permission View: can edit on DAG:example_task_group_decorator
[2025-04-05T09:52:20.438+0100] {logging_mixin.py:190} INFO - [2025-04-05T09:52:20.438+0100] {override.py:1912} INFO - Created Permission View: can delete on DAG:example_task_group_decorator
[2025-04-05T09:52:20.448+0100] {logging_mixin.py:190} INFO - [2025-04-05T09:52:20.448+0100] {override.py:1912} INFO - Created Permission View: can read on DAG Run:example_task_group_decorator
[2025-04-05T09:52:20.454+0100] {logging_mixin.py:190} INFO - [2025-04-05T09:52:20.454+0100] {override.py:1912} INFO - Created Permission View: menu access on DAG Run:example_task_group_decorator
[2025-04-05T09:52:20.461+0100] {logging_mixin.py:190} INFO - [2025-04-05T09:52:20.461+0100] {override.py:1912} INFO - Created Permission View: can create on DAG Run:example_task_group_decorator
[2025-04-05T09:52:20.468+0100] {logging_mixin.py:190} INFO - [2025-04-05T09:52:20.468+0100] {override.py:1912} INFO - Created Permission View: can delete on DAG Run:example_task_group_decorator
[2025-04-05T09:52:20.468+0100] {logging_mixin.py:190} INFO - [2025-04-05T09:52:20.468+0100] {dag.py:3239} INFO - Sync 1 DAGs
[2025-04-05T09:52:20.477+0100] {logging_mixin.py:190} INFO - [2025-04-05T09:52:20.477+0100] {dag.py:3262} INFO - Creating ORM DAG for example_task_group_decorator
[2025-04-05T09:52:20.478+0100] {logging_mixin.py:190} INFO - [2025-04-05T09:52:20.478+0100] {dag.py:4180} INFO - Setting next_dagrun for example_task_group_decorator to None, run_after=None
[2025-04-05T09:52:20.494+0100] {processor.py:208} INFO - Processing /home/Data_Professional/PycharmProjects/DE_Zoomcamp_Capstone_Project/.venv/lib/python3.10/site-packages/airflow/example_dags/example_task_group_decorator.py took 0.204 seconds
[2025-04-05T09:55:14.237+0100] {processor.py:186} INFO - Started process (PID=11814) to work on /home/Data_Professional/PycharmProjects/DE_Zoomcamp_Capstone_Project/.venv/lib/python3.10/site-packages/airflow/example_dags/example_task_group_decorator.py
[2025-04-05T09:55:14.245+0100] {processor.py:914} INFO - Processing file /home/Data_Professional/PycharmProjects/DE_Zoomcamp_Capstone_Project/.venv/lib/python3.10/site-packages/airflow/example_dags/example_task_group_decorator.py for tasks to queue
[2025-04-05T09:55:14.247+0100] {logging_mixin.py:190} INFO - [2025-04-05T09:55:14.247+0100] {dagbag.py:588} INFO - Filling up the DagBag from /home/Data_Professional/PycharmProjects/DE_Zoomcamp_Capstone_Project/.venv/lib/python3.10/site-packages/airflow/example_dags/example_task_group_decorator.py
[2025-04-05T09:55:14.275+0100] {processor.py:925} INFO - DAG(s) 'example_task_group_decorator' retrieved from /home/Data_Professional/PycharmProjects/DE_Zoomcamp_Capstone_Project/.venv/lib/python3.10/site-packages/airflow/example_dags/example_task_group_decorator.py
[2025-04-05T09:55:14.308+0100] {logging_mixin.py:190} INFO - [2025-04-05T09:55:14.308+0100] {dag.py:3239} INFO - Sync 1 DAGs
[2025-04-05T09:55:14.324+0100] {logging_mixin.py:190} INFO - [2025-04-05T09:55:14.323+0100] {dag.py:4180} INFO - Setting next_dagrun for example_task_group_decorator to None, run_after=None
[2025-04-05T09:55:14.356+0100] {processor.py:208} INFO - Processing /home/Data_Professional/PycharmProjects/DE_Zoomcamp_Capstone_Project/.venv/lib/python3.10/site-packages/airflow/example_dags/example_task_group_decorator.py took 0.126 seconds
[2025-04-05T09:56:20.954+0100] {processor.py:186} INFO - Started process (PID=12147) to work on /home/Data_Professional/PycharmProjects/DE_Zoomcamp_Capstone_Project/.venv/lib/python3.10/site-packages/airflow/example_dags/example_task_group_decorator.py
[2025-04-05T09:56:20.957+0100] {processor.py:914} INFO - Processing file /home/Data_Professional/PycharmProjects/DE_Zoomcamp_Capstone_Project/.venv/lib/python3.10/site-packages/airflow/example_dags/example_task_group_decorator.py for tasks to queue
[2025-04-05T09:56:20.960+0100] {logging_mixin.py:190} INFO - [2025-04-05T09:56:20.960+0100] {dagbag.py:588} INFO - Filling up the DagBag from /home/Data_Professional/PycharmProjects/DE_Zoomcamp_Capstone_Project/.venv/lib/python3.10/site-packages/airflow/example_dags/example_task_group_decorator.py
[2025-04-05T09:56:20.979+0100] {processor.py:925} INFO - DAG(s) 'example_task_group_decorator' retrieved from /home/Data_Professional/PycharmProjects/DE_Zoomcamp_Capstone_Project/.venv/lib/python3.10/site-packages/airflow/example_dags/example_task_group_decorator.py
[2025-04-05T09:56:20.995+0100] {logging_mixin.py:190} INFO - [2025-04-05T09:56:20.995+0100] {dag.py:3239} INFO - Sync 1 DAGs
[2025-04-05T09:56:21.005+0100] {logging_mixin.py:190} INFO - [2025-04-05T09:56:21.005+0100] {dag.py:4180} INFO - Setting next_dagrun for example_task_group_decorator to None, run_after=None
[2025-04-05T09:56:21.021+0100] {processor.py:208} INFO - Processing /home/Data_Professional/PycharmProjects/DE_Zoomcamp_Capstone_Project/.venv/lib/python3.10/site-packages/airflow/example_dags/example_task_group_decorator.py took 0.078 seconds
[2025-04-05T09:57:16.838+0100] {processor.py:186} INFO - Started process (PID=12274) to work on /home/Data_Professional/PycharmProjects/DE_Zoomcamp_Capstone_Project/.venv/lib/python3.10/site-packages/airflow/example_dags/example_task_group_decorator.py
[2025-04-05T09:57:16.841+0100] {processor.py:914} INFO - Processing file /home/Data_Professional/PycharmProjects/DE_Zoomcamp_Capstone_Project/.venv/lib/python3.10/site-packages/airflow/example_dags/example_task_group_decorator.py for tasks to queue
[2025-04-05T09:57:16.845+0100] {logging_mixin.py:190} INFO - [2025-04-05T09:57:16.844+0100] {dagbag.py:588} INFO - Filling up the DagBag from /home/Data_Professional/PycharmProjects/DE_Zoomcamp_Capstone_Project/.venv/lib/python3.10/site-packages/airflow/example_dags/example_task_group_decorator.py
[2025-04-05T09:57:16.876+0100] {processor.py:925} INFO - DAG(s) 'example_task_group_decorator' retrieved from /home/Data_Professional/PycharmProjects/DE_Zoomcamp_Capstone_Project/.venv/lib/python3.10/site-packages/airflow/example_dags/example_task_group_decorator.py
[2025-04-05T09:57:16.896+0100] {logging_mixin.py:190} INFO - [2025-04-05T09:57:16.895+0100] {dag.py:3239} INFO - Sync 1 DAGs
[2025-04-05T09:57:16.905+0100] {logging_mixin.py:190} INFO - [2025-04-05T09:57:16.905+0100] {dag.py:4180} INFO - Setting next_dagrun for example_task_group_decorator to None, run_after=None
[2025-04-05T09:57:16.921+0100] {processor.py:208} INFO - Processing /home/Data_Professional/PycharmProjects/DE_Zoomcamp_Capstone_Project/.venv/lib/python3.10/site-packages/airflow/example_dags/example_task_group_decorator.py took 0.088 seconds
[2025-04-05T09:58:11.980+0100] {processor.py:186} INFO - Started process (PID=12339) to work on /home/Data_Professional/PycharmProjects/DE_Zoomcamp_Capstone_Project/.venv/lib/python3.10/site-packages/airflow/example_dags/example_task_group_decorator.py
[2025-04-05T09:58:11.983+0100] {processor.py:914} INFO - Processing file /home/Data_Professional/PycharmProjects/DE_Zoomcamp_Capstone_Project/.venv/lib/python3.10/site-packages/airflow/example_dags/example_task_group_decorator.py for tasks to queue
[2025-04-05T09:58:11.987+0100] {logging_mixin.py:190} INFO - [2025-04-05T09:58:11.986+0100] {dagbag.py:588} INFO - Filling up the DagBag from /home/Data_Professional/PycharmProjects/DE_Zoomcamp_Capstone_Project/.venv/lib/python3.10/site-packages/airflow/example_dags/example_task_group_decorator.py
[2025-04-05T09:58:12.018+0100] {processor.py:925} INFO - DAG(s) 'example_task_group_decorator' retrieved from /home/Data_Professional/PycharmProjects/DE_Zoomcamp_Capstone_Project/.venv/lib/python3.10/site-packages/airflow/example_dags/example_task_group_decorator.py
[2025-04-05T09:58:12.036+0100] {logging_mixin.py:190} INFO - [2025-04-05T09:58:12.036+0100] {dag.py:3239} INFO - Sync 1 DAGs
[2025-04-05T09:58:12.046+0100] {logging_mixin.py:190} INFO - [2025-04-05T09:58:12.046+0100] {dag.py:4180} INFO - Setting next_dagrun for example_task_group_decorator to None, run_after=None
[2025-04-05T09:58:12.062+0100] {processor.py:208} INFO - Processing /home/Data_Professional/PycharmProjects/DE_Zoomcamp_Capstone_Project/.venv/lib/python3.10/site-packages/airflow/example_dags/example_task_group_decorator.py took 0.088 seconds
[2025-04-05T09:59:06.693+0100] {processor.py:186} INFO - Started process (PID=12403) to work on /home/Data_Professional/PycharmProjects/DE_Zoomcamp_Capstone_Project/.venv/lib/python3.10/site-packages/airflow/example_dags/example_task_group_decorator.py
[2025-04-05T09:59:06.697+0100] {processor.py:914} INFO - Processing file /home/Data_Professional/PycharmProjects/DE_Zoomcamp_Capstone_Project/.venv/lib/python3.10/site-packages/airflow/example_dags/example_task_group_decorator.py for tasks to queue
[2025-04-05T09:59:06.701+0100] {logging_mixin.py:190} INFO - [2025-04-05T09:59:06.700+0100] {dagbag.py:588} INFO - Filling up the DagBag from /home/Data_Professional/PycharmProjects/DE_Zoomcamp_Capstone_Project/.venv/lib/python3.10/site-packages/airflow/example_dags/example_task_group_decorator.py
[2025-04-05T09:59:06.727+0100] {processor.py:925} INFO - DAG(s) 'example_task_group_decorator' retrieved from /home/Data_Professional/PycharmProjects/DE_Zoomcamp_Capstone_Project/.venv/lib/python3.10/site-packages/airflow/example_dags/example_task_group_decorator.py
[2025-04-05T09:59:06.744+0100] {logging_mixin.py:190} INFO - [2025-04-05T09:59:06.744+0100] {dag.py:3239} INFO - Sync 1 DAGs
[2025-04-05T09:59:06.753+0100] {logging_mixin.py:190} INFO - [2025-04-05T09:59:06.753+0100] {dag.py:4180} INFO - Setting next_dagrun for example_task_group_decorator to None, run_after=None
[2025-04-05T09:59:06.770+0100] {processor.py:208} INFO - Processing /home/Data_Professional/PycharmProjects/DE_Zoomcamp_Capstone_Project/.venv/lib/python3.10/site-packages/airflow/example_dags/example_task_group_decorator.py took 0.089 seconds
[2025-04-05T10:00:04.470+0100] {processor.py:186} INFO - Started process (PID=12593) to work on /home/Data_Professional/PycharmProjects/DE_Zoomcamp_Capstone_Project/.venv/lib/python3.10/site-packages/airflow/example_dags/example_task_group_decorator.py
[2025-04-05T10:00:04.473+0100] {processor.py:914} INFO - Processing file /home/Data_Professional/PycharmProjects/DE_Zoomcamp_Capstone_Project/.venv/lib/python3.10/site-packages/airflow/example_dags/example_task_group_decorator.py for tasks to queue
[2025-04-05T10:00:04.477+0100] {logging_mixin.py:190} INFO - [2025-04-05T10:00:04.476+0100] {dagbag.py:588} INFO - Filling up the DagBag from /home/Data_Professional/PycharmProjects/DE_Zoomcamp_Capstone_Project/.venv/lib/python3.10/site-packages/airflow/example_dags/example_task_group_decorator.py
[2025-04-05T10:00:04.498+0100] {processor.py:925} INFO - DAG(s) 'example_task_group_decorator' retrieved from /home/Data_Professional/PycharmProjects/DE_Zoomcamp_Capstone_Project/.venv/lib/python3.10/site-packages/airflow/example_dags/example_task_group_decorator.py
[2025-04-05T10:00:04.524+0100] {logging_mixin.py:190} INFO - [2025-04-05T10:00:04.524+0100] {dag.py:3239} INFO - Sync 1 DAGs
[2025-04-05T10:00:04.535+0100] {logging_mixin.py:190} INFO - [2025-04-05T10:00:04.535+0100] {dag.py:4180} INFO - Setting next_dagrun for example_task_group_decorator to None, run_after=None
[2025-04-05T10:00:04.557+0100] {processor.py:208} INFO - Processing /home/Data_Professional/PycharmProjects/DE_Zoomcamp_Capstone_Project/.venv/lib/python3.10/site-packages/airflow/example_dags/example_task_group_decorator.py took 0.092 seconds
[2025-04-05T10:01:02.249+0100] {processor.py:186} INFO - Started process (PID=12848) to work on /home/Data_Professional/PycharmProjects/DE_Zoomcamp_Capstone_Project/.venv/lib/python3.10/site-packages/airflow/example_dags/example_task_group_decorator.py
[2025-04-05T10:01:02.250+0100] {processor.py:914} INFO - Processing file /home/Data_Professional/PycharmProjects/DE_Zoomcamp_Capstone_Project/.venv/lib/python3.10/site-packages/airflow/example_dags/example_task_group_decorator.py for tasks to queue
[2025-04-05T10:01:02.253+0100] {logging_mixin.py:190} INFO - [2025-04-05T10:01:02.252+0100] {dagbag.py:588} INFO - Filling up the DagBag from /home/Data_Professional/PycharmProjects/DE_Zoomcamp_Capstone_Project/.venv/lib/python3.10/site-packages/airflow/example_dags/example_task_group_decorator.py
[2025-04-05T10:01:02.269+0100] {processor.py:925} INFO - DAG(s) 'example_task_group_decorator' retrieved from /home/Data_Professional/PycharmProjects/DE_Zoomcamp_Capstone_Project/.venv/lib/python3.10/site-packages/airflow/example_dags/example_task_group_decorator.py
[2025-04-05T10:01:02.286+0100] {logging_mixin.py:190} INFO - [2025-04-05T10:01:02.286+0100] {dag.py:3239} INFO - Sync 1 DAGs
[2025-04-05T10:01:02.296+0100] {logging_mixin.py:190} INFO - [2025-04-05T10:01:02.296+0100] {dag.py:4180} INFO - Setting next_dagrun for example_task_group_decorator to None, run_after=None
[2025-04-05T10:01:02.313+0100] {processor.py:208} INFO - Processing /home/Data_Professional/PycharmProjects/DE_Zoomcamp_Capstone_Project/.venv/lib/python3.10/site-packages/airflow/example_dags/example_task_group_decorator.py took 0.072 seconds
[2025-04-05T10:02:00.074+0100] {processor.py:186} INFO - Started process (PID=12954) to work on /home/Data_Professional/PycharmProjects/DE_Zoomcamp_Capstone_Project/.venv/lib/python3.10/site-packages/airflow/example_dags/example_task_group_decorator.py
[2025-04-05T10:02:00.077+0100] {processor.py:914} INFO - Processing file /home/Data_Professional/PycharmProjects/DE_Zoomcamp_Capstone_Project/.venv/lib/python3.10/site-packages/airflow/example_dags/example_task_group_decorator.py for tasks to queue
[2025-04-05T10:02:00.081+0100] {logging_mixin.py:190} INFO - [2025-04-05T10:02:00.080+0100] {dagbag.py:588} INFO - Filling up the DagBag from /home/Data_Professional/PycharmProjects/DE_Zoomcamp_Capstone_Project/.venv/lib/python3.10/site-packages/airflow/example_dags/example_task_group_decorator.py
[2025-04-05T10:02:00.098+0100] {processor.py:925} INFO - DAG(s) 'example_task_group_decorator' retrieved from /home/Data_Professional/PycharmProjects/DE_Zoomcamp_Capstone_Project/.venv/lib/python3.10/site-packages/airflow/example_dags/example_task_group_decorator.py
[2025-04-05T10:02:00.116+0100] {logging_mixin.py:190} INFO - [2025-04-05T10:02:00.116+0100] {dag.py:3239} INFO - Sync 1 DAGs
[2025-04-05T10:02:00.127+0100] {logging_mixin.py:190} INFO - [2025-04-05T10:02:00.127+0100] {dag.py:4180} INFO - Setting next_dagrun for example_task_group_decorator to None, run_after=None
[2025-04-05T10:02:00.143+0100] {processor.py:208} INFO - Processing /home/Data_Professional/PycharmProjects/DE_Zoomcamp_Capstone_Project/.venv/lib/python3.10/site-packages/airflow/example_dags/example_task_group_decorator.py took 0.076 seconds
[2025-04-05T10:02:59.205+0100] {processor.py:186} INFO - Started process (PID=13099) to work on /home/Data_Professional/PycharmProjects/DE_Zoomcamp_Capstone_Project/.venv/lib/python3.10/site-packages/airflow/example_dags/example_task_group_decorator.py
[2025-04-05T10:02:59.208+0100] {processor.py:914} INFO - Processing file /home/Data_Professional/PycharmProjects/DE_Zoomcamp_Capstone_Project/.venv/lib/python3.10/site-packages/airflow/example_dags/example_task_group_decorator.py for tasks to queue
[2025-04-05T10:02:59.209+0100] {logging_mixin.py:190} INFO - [2025-04-05T10:02:59.209+0100] {dagbag.py:588} INFO - Filling up the DagBag from /home/Data_Professional/PycharmProjects/DE_Zoomcamp_Capstone_Project/.venv/lib/python3.10/site-packages/airflow/example_dags/example_task_group_decorator.py
[2025-04-05T10:02:59.226+0100] {processor.py:925} INFO - DAG(s) 'example_task_group_decorator' retrieved from /home/Data_Professional/PycharmProjects/DE_Zoomcamp_Capstone_Project/.venv/lib/python3.10/site-packages/airflow/example_dags/example_task_group_decorator.py
[2025-04-05T10:02:59.245+0100] {logging_mixin.py:190} INFO - [2025-04-05T10:02:59.244+0100] {dag.py:3239} INFO - Sync 1 DAGs
[2025-04-05T10:02:59.257+0100] {logging_mixin.py:190} INFO - [2025-04-05T10:02:59.257+0100] {dag.py:4180} INFO - Setting next_dagrun for example_task_group_decorator to None, run_after=None
[2025-04-05T10:02:59.276+0100] {processor.py:208} INFO - Processing /home/Data_Professional/PycharmProjects/DE_Zoomcamp_Capstone_Project/.venv/lib/python3.10/site-packages/airflow/example_dags/example_task_group_decorator.py took 0.079 seconds
[2025-04-05T10:03:57.740+0100] {processor.py:186} INFO - Started process (PID=13173) to work on /home/Data_Professional/PycharmProjects/DE_Zoomcamp_Capstone_Project/.venv/lib/python3.10/site-packages/airflow/example_dags/example_task_group_decorator.py
[2025-04-05T10:03:57.741+0100] {processor.py:914} INFO - Processing file /home/Data_Professional/PycharmProjects/DE_Zoomcamp_Capstone_Project/.venv/lib/python3.10/site-packages/airflow/example_dags/example_task_group_decorator.py for tasks to queue
[2025-04-05T10:03:57.742+0100] {logging_mixin.py:190} INFO - [2025-04-05T10:03:57.742+0100] {dagbag.py:588} INFO - Filling up the DagBag from /home/Data_Professional/PycharmProjects/DE_Zoomcamp_Capstone_Project/.venv/lib/python3.10/site-packages/airflow/example_dags/example_task_group_decorator.py
[2025-04-05T10:03:57.766+0100] {processor.py:925} INFO - DAG(s) 'example_task_group_decorator' retrieved from /home/Data_Professional/PycharmProjects/DE_Zoomcamp_Capstone_Project/.venv/lib/python3.10/site-packages/airflow/example_dags/example_task_group_decorator.py
[2025-04-05T10:03:57.793+0100] {logging_mixin.py:190} INFO - [2025-04-05T10:03:57.793+0100] {dag.py:3239} INFO - Sync 1 DAGs
[2025-04-05T10:03:57.819+0100] {logging_mixin.py:190} INFO - [2025-04-05T10:03:57.819+0100] {dag.py:4180} INFO - Setting next_dagrun for example_task_group_decorator to None, run_after=None
[2025-04-05T10:03:57.846+0100] {processor.py:208} INFO - Processing /home/Data_Professional/PycharmProjects/DE_Zoomcamp_Capstone_Project/.venv/lib/python3.10/site-packages/airflow/example_dags/example_task_group_decorator.py took 0.111 seconds
[2025-04-05T10:04:58.240+0100] {processor.py:186} INFO - Started process (PID=13431) to work on /home/Data_Professional/PycharmProjects/DE_Zoomcamp_Capstone_Project/.venv/lib/python3.10/site-packages/airflow/example_dags/example_task_group_decorator.py
[2025-04-05T10:04:58.242+0100] {processor.py:914} INFO - Processing file /home/Data_Professional/PycharmProjects/DE_Zoomcamp_Capstone_Project/.venv/lib/python3.10/site-packages/airflow/example_dags/example_task_group_decorator.py for tasks to queue
[2025-04-05T10:04:58.244+0100] {logging_mixin.py:190} INFO - [2025-04-05T10:04:58.244+0100] {dagbag.py:588} INFO - Filling up the DagBag from /home/Data_Professional/PycharmProjects/DE_Zoomcamp_Capstone_Project/.venv/lib/python3.10/site-packages/airflow/example_dags/example_task_group_decorator.py
[2025-04-05T10:04:58.258+0100] {processor.py:925} INFO - DAG(s) 'example_task_group_decorator' retrieved from /home/Data_Professional/PycharmProjects/DE_Zoomcamp_Capstone_Project/.venv/lib/python3.10/site-packages/airflow/example_dags/example_task_group_decorator.py
[2025-04-05T10:04:58.275+0100] {logging_mixin.py:190} INFO - [2025-04-05T10:04:58.275+0100] {dag.py:3239} INFO - Sync 1 DAGs
[2025-04-05T10:04:58.285+0100] {logging_mixin.py:190} INFO - [2025-04-05T10:04:58.285+0100] {dag.py:4180} INFO - Setting next_dagrun for example_task_group_decorator to None, run_after=None
[2025-04-05T10:04:58.303+0100] {processor.py:208} INFO - Processing /home/Data_Professional/PycharmProjects/DE_Zoomcamp_Capstone_Project/.venv/lib/python3.10/site-packages/airflow/example_dags/example_task_group_decorator.py took 0.068 seconds
[2025-04-05T10:06:00.033+0100] {processor.py:186} INFO - Started process (PID=13618) to work on /home/Data_Professional/PycharmProjects/DE_Zoomcamp_Capstone_Project/.venv/lib/python3.10/site-packages/airflow/example_dags/example_task_group_decorator.py
[2025-04-05T10:06:00.036+0100] {processor.py:914} INFO - Processing file /home/Data_Professional/PycharmProjects/DE_Zoomcamp_Capstone_Project/.venv/lib/python3.10/site-packages/airflow/example_dags/example_task_group_decorator.py for tasks to queue
[2025-04-05T10:06:00.040+0100] {logging_mixin.py:190} INFO - [2025-04-05T10:06:00.040+0100] {dagbag.py:588} INFO - Filling up the DagBag from /home/Data_Professional/PycharmProjects/DE_Zoomcamp_Capstone_Project/.venv/lib/python3.10/site-packages/airflow/example_dags/example_task_group_decorator.py
[2025-04-05T10:06:00.070+0100] {processor.py:925} INFO - DAG(s) 'example_task_group_decorator' retrieved from /home/Data_Professional/PycharmProjects/DE_Zoomcamp_Capstone_Project/.venv/lib/python3.10/site-packages/airflow/example_dags/example_task_group_decorator.py
[2025-04-05T10:06:00.092+0100] {logging_mixin.py:190} INFO - [2025-04-05T10:06:00.092+0100] {dag.py:3239} INFO - Sync 1 DAGs
[2025-04-05T10:06:00.103+0100] {logging_mixin.py:190} INFO - [2025-04-05T10:06:00.102+0100] {dag.py:4180} INFO - Setting next_dagrun for example_task_group_decorator to None, run_after=None
[2025-04-05T10:06:00.121+0100] {processor.py:208} INFO - Processing /home/Data_Professional/PycharmProjects/DE_Zoomcamp_Capstone_Project/.venv/lib/python3.10/site-packages/airflow/example_dags/example_task_group_decorator.py took 0.108 seconds
[2025-04-05T10:07:02.059+0100] {processor.py:186} INFO - Started process (PID=13822) to work on /home/Data_Professional/PycharmProjects/DE_Zoomcamp_Capstone_Project/.venv/lib/python3.10/site-packages/airflow/example_dags/example_task_group_decorator.py
[2025-04-05T10:07:02.061+0100] {processor.py:914} INFO - Processing file /home/Data_Professional/PycharmProjects/DE_Zoomcamp_Capstone_Project/.venv/lib/python3.10/site-packages/airflow/example_dags/example_task_group_decorator.py for tasks to queue
[2025-04-05T10:07:02.064+0100] {logging_mixin.py:190} INFO - [2025-04-05T10:07:02.064+0100] {dagbag.py:588} INFO - Filling up the DagBag from /home/Data_Professional/PycharmProjects/DE_Zoomcamp_Capstone_Project/.venv/lib/python3.10/site-packages/airflow/example_dags/example_task_group_decorator.py
[2025-04-05T10:07:02.088+0100] {processor.py:925} INFO - DAG(s) 'example_task_group_decorator' retrieved from /home/Data_Professional/PycharmProjects/DE_Zoomcamp_Capstone_Project/.venv/lib/python3.10/site-packages/airflow/example_dags/example_task_group_decorator.py
[2025-04-05T10:07:02.105+0100] {logging_mixin.py:190} INFO - [2025-04-05T10:07:02.105+0100] {dag.py:3239} INFO - Sync 1 DAGs
[2025-04-05T10:07:02.115+0100] {logging_mixin.py:190} INFO - [2025-04-05T10:07:02.115+0100] {dag.py:4180} INFO - Setting next_dagrun for example_task_group_decorator to None, run_after=None
[2025-04-05T10:07:02.131+0100] {processor.py:208} INFO - Processing /home/Data_Professional/PycharmProjects/DE_Zoomcamp_Capstone_Project/.venv/lib/python3.10/site-packages/airflow/example_dags/example_task_group_decorator.py took 0.084 seconds
[2025-04-05T10:08:04.789+0100] {processor.py:186} INFO - Started process (PID=14100) to work on /home/Data_Professional/PycharmProjects/DE_Zoomcamp_Capstone_Project/.venv/lib/python3.10/site-packages/airflow/example_dags/example_task_group_decorator.py
[2025-04-05T10:08:04.799+0100] {processor.py:914} INFO - Processing file /home/Data_Professional/PycharmProjects/DE_Zoomcamp_Capstone_Project/.venv/lib/python3.10/site-packages/airflow/example_dags/example_task_group_decorator.py for tasks to queue
[2025-04-05T10:08:04.802+0100] {logging_mixin.py:190} INFO - [2025-04-05T10:08:04.801+0100] {dagbag.py:588} INFO - Filling up the DagBag from /home/Data_Professional/PycharmProjects/DE_Zoomcamp_Capstone_Project/.venv/lib/python3.10/site-packages/airflow/example_dags/example_task_group_decorator.py
[2025-04-05T10:08:04.841+0100] {processor.py:925} INFO - DAG(s) 'example_task_group_decorator' retrieved from /home/Data_Professional/PycharmProjects/DE_Zoomcamp_Capstone_Project/.venv/lib/python3.10/site-packages/airflow/example_dags/example_task_group_decorator.py
[2025-04-05T10:08:04.884+0100] {logging_mixin.py:190} INFO - [2025-04-05T10:08:04.884+0100] {dag.py:3239} INFO - Sync 1 DAGs
[2025-04-05T10:08:04.902+0100] {logging_mixin.py:190} INFO - [2025-04-05T10:08:04.901+0100] {dag.py:4180} INFO - Setting next_dagrun for example_task_group_decorator to None, run_after=None
[2025-04-05T10:08:04.947+0100] {processor.py:208} INFO - Processing /home/Data_Professional/PycharmProjects/DE_Zoomcamp_Capstone_Project/.venv/lib/python3.10/site-packages/airflow/example_dags/example_task_group_decorator.py took 0.165 seconds
[2025-04-05T10:09:15.048+0100] {processor.py:186} INFO - Started process (PID=14310) to work on /home/Data_Professional/PycharmProjects/DE_Zoomcamp_Capstone_Project/.venv/lib/python3.10/site-packages/airflow/example_dags/example_task_group_decorator.py
[2025-04-05T10:09:15.051+0100] {processor.py:914} INFO - Processing file /home/Data_Professional/PycharmProjects/DE_Zoomcamp_Capstone_Project/.venv/lib/python3.10/site-packages/airflow/example_dags/example_task_group_decorator.py for tasks to queue
[2025-04-05T10:09:15.053+0100] {logging_mixin.py:190} INFO - [2025-04-05T10:09:15.053+0100] {dagbag.py:588} INFO - Filling up the DagBag from /home/Data_Professional/PycharmProjects/DE_Zoomcamp_Capstone_Project/.venv/lib/python3.10/site-packages/airflow/example_dags/example_task_group_decorator.py
[2025-04-05T10:09:15.068+0100] {processor.py:925} INFO - DAG(s) 'example_task_group_decorator' retrieved from /home/Data_Professional/PycharmProjects/DE_Zoomcamp_Capstone_Project/.venv/lib/python3.10/site-packages/airflow/example_dags/example_task_group_decorator.py
[2025-04-05T10:09:15.087+0100] {logging_mixin.py:190} INFO - [2025-04-05T10:09:15.087+0100] {dag.py:3239} INFO - Sync 1 DAGs
[2025-04-05T10:09:15.098+0100] {logging_mixin.py:190} INFO - [2025-04-05T10:09:15.097+0100] {dag.py:4180} INFO - Setting next_dagrun for example_task_group_decorator to None, run_after=None
[2025-04-05T10:09:15.115+0100] {processor.py:208} INFO - Processing /home/Data_Professional/PycharmProjects/DE_Zoomcamp_Capstone_Project/.venv/lib/python3.10/site-packages/airflow/example_dags/example_task_group_decorator.py took 0.073 seconds
[2025-04-05T10:10:14.159+0100] {processor.py:186} INFO - Started process (PID=14445) to work on /home/Data_Professional/PycharmProjects/DE_Zoomcamp_Capstone_Project/.venv/lib/python3.10/site-packages/airflow/example_dags/example_task_group_decorator.py
[2025-04-05T10:10:14.162+0100] {processor.py:914} INFO - Processing file /home/Data_Professional/PycharmProjects/DE_Zoomcamp_Capstone_Project/.venv/lib/python3.10/site-packages/airflow/example_dags/example_task_group_decorator.py for tasks to queue
[2025-04-05T10:10:14.167+0100] {logging_mixin.py:190} INFO - [2025-04-05T10:10:14.166+0100] {dagbag.py:588} INFO - Filling up the DagBag from /home/Data_Professional/PycharmProjects/DE_Zoomcamp_Capstone_Project/.venv/lib/python3.10/site-packages/airflow/example_dags/example_task_group_decorator.py
[2025-04-05T10:10:14.190+0100] {processor.py:925} INFO - DAG(s) 'example_task_group_decorator' retrieved from /home/Data_Professional/PycharmProjects/DE_Zoomcamp_Capstone_Project/.venv/lib/python3.10/site-packages/airflow/example_dags/example_task_group_decorator.py
[2025-04-05T10:10:14.207+0100] {logging_mixin.py:190} INFO - [2025-04-05T10:10:14.207+0100] {dag.py:3239} INFO - Sync 1 DAGs
[2025-04-05T10:10:14.218+0100] {logging_mixin.py:190} INFO - [2025-04-05T10:10:14.218+0100] {dag.py:4180} INFO - Setting next_dagrun for example_task_group_decorator to None, run_after=None
[2025-04-05T10:10:14.235+0100] {processor.py:208} INFO - Processing /home/Data_Professional/PycharmProjects/DE_Zoomcamp_Capstone_Project/.venv/lib/python3.10/site-packages/airflow/example_dags/example_task_group_decorator.py took 0.084 seconds
[2025-04-05T10:11:15.049+0100] {processor.py:186} INFO - Started process (PID=14635) to work on /home/Data_Professional/PycharmProjects/DE_Zoomcamp_Capstone_Project/.venv/lib/python3.10/site-packages/airflow/example_dags/example_task_group_decorator.py
[2025-04-05T10:11:15.052+0100] {processor.py:914} INFO - Processing file /home/Data_Professional/PycharmProjects/DE_Zoomcamp_Capstone_Project/.venv/lib/python3.10/site-packages/airflow/example_dags/example_task_group_decorator.py for tasks to queue
[2025-04-05T10:11:15.056+0100] {logging_mixin.py:190} INFO - [2025-04-05T10:11:15.054+0100] {dagbag.py:588} INFO - Filling up the DagBag from /home/Data_Professional/PycharmProjects/DE_Zoomcamp_Capstone_Project/.venv/lib/python3.10/site-packages/airflow/example_dags/example_task_group_decorator.py
[2025-04-05T10:11:15.090+0100] {processor.py:925} INFO - DAG(s) 'example_task_group_decorator' retrieved from /home/Data_Professional/PycharmProjects/DE_Zoomcamp_Capstone_Project/.venv/lib/python3.10/site-packages/airflow/example_dags/example_task_group_decorator.py
[2025-04-05T10:11:15.116+0100] {logging_mixin.py:190} INFO - [2025-04-05T10:11:15.116+0100] {dag.py:3239} INFO - Sync 1 DAGs
[2025-04-05T10:11:15.133+0100] {logging_mixin.py:190} INFO - [2025-04-05T10:11:15.133+0100] {dag.py:4180} INFO - Setting next_dagrun for example_task_group_decorator to None, run_after=None
[2025-04-05T10:11:15.174+0100] {processor.py:208} INFO - Processing /home/Data_Professional/PycharmProjects/DE_Zoomcamp_Capstone_Project/.venv/lib/python3.10/site-packages/airflow/example_dags/example_task_group_decorator.py took 0.144 seconds
[2025-04-05T10:12:17.389+0100] {processor.py:186} INFO - Started process (PID=15015) to work on /home/Data_Professional/PycharmProjects/DE_Zoomcamp_Capstone_Project/.venv/lib/python3.10/site-packages/airflow/example_dags/example_task_group_decorator.py
[2025-04-05T10:12:17.391+0100] {processor.py:914} INFO - Processing file /home/Data_Professional/PycharmProjects/DE_Zoomcamp_Capstone_Project/.venv/lib/python3.10/site-packages/airflow/example_dags/example_task_group_decorator.py for tasks to queue
[2025-04-05T10:12:17.392+0100] {logging_mixin.py:190} INFO - [2025-04-05T10:12:17.392+0100] {dagbag.py:588} INFO - Filling up the DagBag from /home/Data_Professional/PycharmProjects/DE_Zoomcamp_Capstone_Project/.venv/lib/python3.10/site-packages/airflow/example_dags/example_task_group_decorator.py
[2025-04-05T10:12:17.405+0100] {processor.py:925} INFO - DAG(s) 'example_task_group_decorator' retrieved from /home/Data_Professional/PycharmProjects/DE_Zoomcamp_Capstone_Project/.venv/lib/python3.10/site-packages/airflow/example_dags/example_task_group_decorator.py
[2025-04-05T10:12:17.421+0100] {logging_mixin.py:190} INFO - [2025-04-05T10:12:17.421+0100] {dag.py:3239} INFO - Sync 1 DAGs
[2025-04-05T10:12:17.431+0100] {logging_mixin.py:190} INFO - [2025-04-05T10:12:17.431+0100] {dag.py:4180} INFO - Setting next_dagrun for example_task_group_decorator to None, run_after=None
[2025-04-05T10:12:17.527+0100] {processor.py:208} INFO - Processing /home/Data_Professional/PycharmProjects/DE_Zoomcamp_Capstone_Project/.venv/lib/python3.10/site-packages/airflow/example_dags/example_task_group_decorator.py took 0.143 seconds
[2025-04-05T10:13:19.515+0100] {processor.py:186} INFO - Started process (PID=15109) to work on /home/Data_Professional/PycharmProjects/DE_Zoomcamp_Capstone_Project/.venv/lib/python3.10/site-packages/airflow/example_dags/example_task_group_decorator.py
[2025-04-05T10:13:19.517+0100] {processor.py:914} INFO - Processing file /home/Data_Professional/PycharmProjects/DE_Zoomcamp_Capstone_Project/.venv/lib/python3.10/site-packages/airflow/example_dags/example_task_group_decorator.py for tasks to queue
[2025-04-05T10:13:19.518+0100] {logging_mixin.py:190} INFO - [2025-04-05T10:13:19.518+0100] {dagbag.py:588} INFO - Filling up the DagBag from /home/Data_Professional/PycharmProjects/DE_Zoomcamp_Capstone_Project/.venv/lib/python3.10/site-packages/airflow/example_dags/example_task_group_decorator.py
[2025-04-05T10:13:19.534+0100] {processor.py:925} INFO - DAG(s) 'example_task_group_decorator' retrieved from /home/Data_Professional/PycharmProjects/DE_Zoomcamp_Capstone_Project/.venv/lib/python3.10/site-packages/airflow/example_dags/example_task_group_decorator.py
[2025-04-05T10:13:19.551+0100] {logging_mixin.py:190} INFO - [2025-04-05T10:13:19.551+0100] {dag.py:3239} INFO - Sync 1 DAGs
[2025-04-05T10:13:19.561+0100] {logging_mixin.py:190} INFO - [2025-04-05T10:13:19.561+0100] {dag.py:4180} INFO - Setting next_dagrun for example_task_group_decorator to None, run_after=None
[2025-04-05T10:13:19.577+0100] {processor.py:208} INFO - Processing /home/Data_Professional/PycharmProjects/DE_Zoomcamp_Capstone_Project/.venv/lib/python3.10/site-packages/airflow/example_dags/example_task_group_decorator.py took 0.068 seconds
[2025-04-05T10:14:13.555+0100] {processor.py:186} INFO - Started process (PID=15193) to work on /home/Data_Professional/PycharmProjects/DE_Zoomcamp_Capstone_Project/.venv/lib/python3.10/site-packages/airflow/example_dags/example_task_group_decorator.py
[2025-04-05T10:14:13.558+0100] {processor.py:914} INFO - Processing file /home/Data_Professional/PycharmProjects/DE_Zoomcamp_Capstone_Project/.venv/lib/python3.10/site-packages/airflow/example_dags/example_task_group_decorator.py for tasks to queue
[2025-04-05T10:14:13.561+0100] {logging_mixin.py:190} INFO - [2025-04-05T10:14:13.560+0100] {dagbag.py:588} INFO - Filling up the DagBag from /home/Data_Professional/PycharmProjects/DE_Zoomcamp_Capstone_Project/.venv/lib/python3.10/site-packages/airflow/example_dags/example_task_group_decorator.py
[2025-04-05T10:14:13.591+0100] {processor.py:925} INFO - DAG(s) 'example_task_group_decorator' retrieved from /home/Data_Professional/PycharmProjects/DE_Zoomcamp_Capstone_Project/.venv/lib/python3.10/site-packages/airflow/example_dags/example_task_group_decorator.py
[2025-04-05T10:14:13.611+0100] {logging_mixin.py:190} INFO - [2025-04-05T10:14:13.610+0100] {dag.py:3239} INFO - Sync 1 DAGs
[2025-04-05T10:14:13.621+0100] {logging_mixin.py:190} INFO - [2025-04-05T10:14:13.620+0100] {dag.py:4180} INFO - Setting next_dagrun for example_task_group_decorator to None, run_after=None
[2025-04-05T10:14:13.637+0100] {processor.py:208} INFO - Processing /home/Data_Professional/PycharmProjects/DE_Zoomcamp_Capstone_Project/.venv/lib/python3.10/site-packages/airflow/example_dags/example_task_group_decorator.py took 0.086 seconds
[2025-04-05T12:24:15.680+0100] {processor.py:186} INFO - Started process (PID=15543) to work on /home/Data_Professional/PycharmProjects/DE_Zoomcamp_Capstone_Project/.venv/lib/python3.10/site-packages/airflow/example_dags/example_task_group_decorator.py
[2025-04-05T12:24:15.683+0100] {processor.py:914} INFO - Processing file /home/Data_Professional/PycharmProjects/DE_Zoomcamp_Capstone_Project/.venv/lib/python3.10/site-packages/airflow/example_dags/example_task_group_decorator.py for tasks to queue
[2025-04-05T12:24:15.688+0100] {logging_mixin.py:190} INFO - [2025-04-05T12:24:15.687+0100] {dagbag.py:588} INFO - Filling up the DagBag from /home/Data_Professional/PycharmProjects/DE_Zoomcamp_Capstone_Project/.venv/lib/python3.10/site-packages/airflow/example_dags/example_task_group_decorator.py
[2025-04-05T12:24:15.717+0100] {processor.py:925} INFO - DAG(s) 'example_task_group_decorator' retrieved from /home/Data_Professional/PycharmProjects/DE_Zoomcamp_Capstone_Project/.venv/lib/python3.10/site-packages/airflow/example_dags/example_task_group_decorator.py
[2025-04-05T12:24:15.735+0100] {logging_mixin.py:190} INFO - [2025-04-05T12:24:15.735+0100] {dag.py:3239} INFO - Sync 1 DAGs
[2025-04-05T12:24:15.745+0100] {logging_mixin.py:190} INFO - [2025-04-05T12:24:15.745+0100] {dag.py:4180} INFO - Setting next_dagrun for example_task_group_decorator to None, run_after=None
[2025-04-05T12:24:15.761+0100] {processor.py:208} INFO - Processing /home/Data_Professional/PycharmProjects/DE_Zoomcamp_Capstone_Project/.venv/lib/python3.10/site-packages/airflow/example_dags/example_task_group_decorator.py took 0.086 seconds
