[2025-04-05T09:56:03.085+0100] {processor.py:186} INFO - Started process (PID=12071) to work on /home/Data_Professional/PycharmProjects/DE_Zoomcamp_Capstone_Project/.venv/lib/python3.10/site-packages/airflow/example_dags/example_branch_day_of_week_operator.py
[2025-04-05T09:56:03.086+0100] {processor.py:914} INFO - Processing file /home/Data_Professional/PycharmProjects/DE_Zoomcamp_Capstone_Project/.venv/lib/python3.10/site-packages/airflow/example_dags/example_branch_day_of_week_operator.py for tasks to queue
[2025-04-05T09:56:03.088+0100] {logging_mixin.py:190} INFO - [2025-04-05T09:56:03.088+0100] {dagbag.py:588} INFO - Filling up the DagBag from /home/Data_Professional/PycharmProjects/DE_Zoomcamp_Capstone_Project/.venv/lib/python3.10/site-packages/airflow/example_dags/example_branch_day_of_week_operator.py
[2025-04-05T09:56:03.096+0100] {processor.py:925} INFO - DAG(s) 'example_weekday_branch_operator' retrieved from /home/Data_Professional/PycharmProjects/DE_Zoomcamp_Capstone_Project/.venv/lib/python3.10/site-packages/airflow/example_dags/example_branch_day_of_week_operator.py
[2025-04-05T09:56:03.182+0100] {logging_mixin.py:190} INFO - [2025-04-05T09:56:03.182+0100] {override.py:1912} INFO - Created Permission View: can read on DAG:example_weekday_branch_operator
[2025-04-05T09:56:03.194+0100] {logging_mixin.py:190} INFO - [2025-04-05T09:56:03.194+0100] {override.py:1912} INFO - Created Permission View: can delete on DAG:example_weekday_branch_operator
[2025-04-05T09:56:03.204+0100] {logging_mixin.py:190} INFO - [2025-04-05T09:56:03.204+0100] {override.py:1912} INFO - Created Permission View: can edit on DAG:example_weekday_branch_operator
[2025-04-05T09:56:03.213+0100] {logging_mixin.py:190} INFO - [2025-04-05T09:56:03.213+0100] {override.py:1912} INFO - Created Permission View: can create on DAG Run:example_weekday_branch_operator
[2025-04-05T09:56:03.220+0100] {logging_mixin.py:190} INFO - [2025-04-05T09:56:03.219+0100] {override.py:1912} INFO - Created Permission View: can read on DAG Run:example_weekday_branch_operator
[2025-04-05T09:56:03.226+0100] {logging_mixin.py:190} INFO - [2025-04-05T09:56:03.226+0100] {override.py:1912} INFO - Created Permission View: can delete on DAG Run:example_weekday_branch_operator
[2025-04-05T09:56:03.233+0100] {logging_mixin.py:190} INFO - [2025-04-05T09:56:03.232+0100] {override.py:1912} INFO - Created Permission View: menu access on DAG Run:example_weekday_branch_operator
[2025-04-05T09:56:03.233+0100] {logging_mixin.py:190} INFO - [2025-04-05T09:56:03.233+0100] {dag.py:3239} INFO - Sync 1 DAGs
[2025-04-05T09:56:03.243+0100] {logging_mixin.py:190} INFO - [2025-04-05T09:56:03.243+0100] {dag.py:3262} INFO - Creating ORM DAG for example_weekday_branch_operator
[2025-04-05T09:56:03.250+0100] {logging_mixin.py:190} INFO - [2025-04-05T09:56:03.250+0100] {dag.py:4180} INFO - Setting next_dagrun for example_weekday_branch_operator to 2025-04-04 00:00:00+00:00, run_after=2025-04-05 00:00:00+00:00
[2025-04-05T09:56:03.268+0100] {processor.py:208} INFO - Processing /home/Data_Professional/PycharmProjects/DE_Zoomcamp_Capstone_Project/.venv/lib/python3.10/site-packages/airflow/example_dags/example_branch_day_of_week_operator.py took 0.187 seconds
[2025-04-05T09:57:02.878+0100] {processor.py:186} INFO - Started process (PID=12258) to work on /home/Data_Professional/PycharmProjects/DE_Zoomcamp_Capstone_Project/.venv/lib/python3.10/site-packages/airflow/example_dags/example_branch_day_of_week_operator.py
[2025-04-05T09:57:02.881+0100] {processor.py:914} INFO - Processing file /home/Data_Professional/PycharmProjects/DE_Zoomcamp_Capstone_Project/.venv/lib/python3.10/site-packages/airflow/example_dags/example_branch_day_of_week_operator.py for tasks to queue
[2025-04-05T09:57:02.883+0100] {logging_mixin.py:190} INFO - [2025-04-05T09:57:02.882+0100] {dagbag.py:588} INFO - Filling up the DagBag from /home/Data_Professional/PycharmProjects/DE_Zoomcamp_Capstone_Project/.venv/lib/python3.10/site-packages/airflow/example_dags/example_branch_day_of_week_operator.py
[2025-04-05T09:57:02.890+0100] {processor.py:925} INFO - DAG(s) 'example_weekday_branch_operator' retrieved from /home/Data_Professional/PycharmProjects/DE_Zoomcamp_Capstone_Project/.venv/lib/python3.10/site-packages/airflow/example_dags/example_branch_day_of_week_operator.py
[2025-04-05T09:57:02.903+0100] {logging_mixin.py:190} INFO - [2025-04-05T09:57:02.902+0100] {dag.py:3239} INFO - Sync 1 DAGs
[2025-04-05T09:57:02.919+0100] {logging_mixin.py:190} INFO - [2025-04-05T09:57:02.919+0100] {dag.py:4180} INFO - Setting next_dagrun for example_weekday_branch_operator to 2025-04-04 00:00:00+00:00, run_after=2025-04-05 00:00:00+00:00
[2025-04-05T09:57:02.935+0100] {processor.py:208} INFO - Processing /home/Data_Professional/PycharmProjects/DE_Zoomcamp_Capstone_Project/.venv/lib/python3.10/site-packages/airflow/example_dags/example_branch_day_of_week_operator.py took 0.062 seconds
[2025-04-05T09:58:24.043+0100] {processor.py:186} INFO - Started process (PID=12353) to work on /home/Data_Professional/PycharmProjects/DE_Zoomcamp_Capstone_Project/.venv/lib/python3.10/site-packages/airflow/example_dags/example_branch_day_of_week_operator.py
[2025-04-05T09:58:24.047+0100] {processor.py:914} INFO - Processing file /home/Data_Professional/PycharmProjects/DE_Zoomcamp_Capstone_Project/.venv/lib/python3.10/site-packages/airflow/example_dags/example_branch_day_of_week_operator.py for tasks to queue
[2025-04-05T09:58:24.053+0100] {logging_mixin.py:190} INFO - [2025-04-05T09:58:24.052+0100] {dagbag.py:588} INFO - Filling up the DagBag from /home/Data_Professional/PycharmProjects/DE_Zoomcamp_Capstone_Project/.venv/lib/python3.10/site-packages/airflow/example_dags/example_branch_day_of_week_operator.py
[2025-04-05T09:58:24.067+0100] {processor.py:925} INFO - DAG(s) 'example_weekday_branch_operator' retrieved from /home/Data_Professional/PycharmProjects/DE_Zoomcamp_Capstone_Project/.venv/lib/python3.10/site-packages/airflow/example_dags/example_branch_day_of_week_operator.py
[2025-04-05T09:58:24.081+0100] {logging_mixin.py:190} INFO - [2025-04-05T09:58:24.081+0100] {dag.py:3239} INFO - Sync 1 DAGs
[2025-04-05T09:58:24.098+0100] {logging_mixin.py:190} INFO - [2025-04-05T09:58:24.098+0100] {dag.py:4180} INFO - Setting next_dagrun for example_weekday_branch_operator to 2025-04-04 00:00:00+00:00, run_after=2025-04-05 00:00:00+00:00
[2025-04-05T09:58:24.114+0100] {processor.py:208} INFO - Processing /home/Data_Professional/PycharmProjects/DE_Zoomcamp_Capstone_Project/.venv/lib/python3.10/site-packages/airflow/example_dags/example_branch_day_of_week_operator.py took 0.087 seconds
[2025-04-05T09:59:22.297+0100] {processor.py:186} INFO - Started process (PID=12426) to work on /home/Data_Professional/PycharmProjects/DE_Zoomcamp_Capstone_Project/.venv/lib/python3.10/site-packages/airflow/example_dags/example_branch_day_of_week_operator.py
[2025-04-05T09:59:22.300+0100] {processor.py:914} INFO - Processing file /home/Data_Professional/PycharmProjects/DE_Zoomcamp_Capstone_Project/.venv/lib/python3.10/site-packages/airflow/example_dags/example_branch_day_of_week_operator.py for tasks to queue
[2025-04-05T09:59:22.306+0100] {logging_mixin.py:190} INFO - [2025-04-05T09:59:22.305+0100] {dagbag.py:588} INFO - Filling up the DagBag from /home/Data_Professional/PycharmProjects/DE_Zoomcamp_Capstone_Project/.venv/lib/python3.10/site-packages/airflow/example_dags/example_branch_day_of_week_operator.py
[2025-04-05T09:59:22.319+0100] {processor.py:925} INFO - DAG(s) 'example_weekday_branch_operator' retrieved from /home/Data_Professional/PycharmProjects/DE_Zoomcamp_Capstone_Project/.venv/lib/python3.10/site-packages/airflow/example_dags/example_branch_day_of_week_operator.py
[2025-04-05T09:59:22.334+0100] {logging_mixin.py:190} INFO - [2025-04-05T09:59:22.333+0100] {dag.py:3239} INFO - Sync 1 DAGs
[2025-04-05T09:59:22.351+0100] {logging_mixin.py:190} INFO - [2025-04-05T09:59:22.350+0100] {dag.py:4180} INFO - Setting next_dagrun for example_weekday_branch_operator to 2025-04-04 00:00:00+00:00, run_after=2025-04-05 00:00:00+00:00
[2025-04-05T09:59:22.374+0100] {processor.py:208} INFO - Processing /home/Data_Professional/PycharmProjects/DE_Zoomcamp_Capstone_Project/.venv/lib/python3.10/site-packages/airflow/example_dags/example_branch_day_of_week_operator.py took 0.091 seconds
[2025-04-05T10:00:21.232+0100] {processor.py:186} INFO - Started process (PID=12648) to work on /home/Data_Professional/PycharmProjects/DE_Zoomcamp_Capstone_Project/.venv/lib/python3.10/site-packages/airflow/example_dags/example_branch_day_of_week_operator.py
[2025-04-05T10:00:21.236+0100] {processor.py:914} INFO - Processing file /home/Data_Professional/PycharmProjects/DE_Zoomcamp_Capstone_Project/.venv/lib/python3.10/site-packages/airflow/example_dags/example_branch_day_of_week_operator.py for tasks to queue
[2025-04-05T10:00:21.241+0100] {logging_mixin.py:190} INFO - [2025-04-05T10:00:21.241+0100] {dagbag.py:588} INFO - Filling up the DagBag from /home/Data_Professional/PycharmProjects/DE_Zoomcamp_Capstone_Project/.venv/lib/python3.10/site-packages/airflow/example_dags/example_branch_day_of_week_operator.py
[2025-04-05T10:00:21.254+0100] {processor.py:925} INFO - DAG(s) 'example_weekday_branch_operator' retrieved from /home/Data_Professional/PycharmProjects/DE_Zoomcamp_Capstone_Project/.venv/lib/python3.10/site-packages/airflow/example_dags/example_branch_day_of_week_operator.py
[2025-04-05T10:00:21.268+0100] {logging_mixin.py:190} INFO - [2025-04-05T10:00:21.268+0100] {dag.py:3239} INFO - Sync 1 DAGs
[2025-04-05T10:00:21.285+0100] {logging_mixin.py:190} INFO - [2025-04-05T10:00:21.284+0100] {dag.py:4180} INFO - Setting next_dagrun for example_weekday_branch_operator to 2025-04-04 00:00:00+00:00, run_after=2025-04-05 00:00:00+00:00
[2025-04-05T10:00:21.301+0100] {processor.py:208} INFO - Processing /home/Data_Professional/PycharmProjects/DE_Zoomcamp_Capstone_Project/.venv/lib/python3.10/site-packages/airflow/example_dags/example_branch_day_of_week_operator.py took 0.084 seconds
[2025-04-05T10:01:46.979+0100] {processor.py:186} INFO - Started process (PID=12921) to work on /home/Data_Professional/PycharmProjects/DE_Zoomcamp_Capstone_Project/.venv/lib/python3.10/site-packages/airflow/example_dags/example_branch_day_of_week_operator.py
[2025-04-05T10:01:46.982+0100] {processor.py:914} INFO - Processing file /home/Data_Professional/PycharmProjects/DE_Zoomcamp_Capstone_Project/.venv/lib/python3.10/site-packages/airflow/example_dags/example_branch_day_of_week_operator.py for tasks to queue
[2025-04-05T10:01:46.986+0100] {logging_mixin.py:190} INFO - [2025-04-05T10:01:46.985+0100] {dagbag.py:588} INFO - Filling up the DagBag from /home/Data_Professional/PycharmProjects/DE_Zoomcamp_Capstone_Project/.venv/lib/python3.10/site-packages/airflow/example_dags/example_branch_day_of_week_operator.py
[2025-04-05T10:01:47.001+0100] {processor.py:925} INFO - DAG(s) 'example_weekday_branch_operator' retrieved from /home/Data_Professional/PycharmProjects/DE_Zoomcamp_Capstone_Project/.venv/lib/python3.10/site-packages/airflow/example_dags/example_branch_day_of_week_operator.py
[2025-04-05T10:01:47.016+0100] {logging_mixin.py:190} INFO - [2025-04-05T10:01:47.016+0100] {dag.py:3239} INFO - Sync 1 DAGs
[2025-04-05T10:01:47.033+0100] {logging_mixin.py:190} INFO - [2025-04-05T10:01:47.032+0100] {dag.py:4180} INFO - Setting next_dagrun for example_weekday_branch_operator to 2025-04-04 00:00:00+00:00, run_after=2025-04-05 00:00:00+00:00
[2025-04-05T10:01:47.048+0100] {processor.py:208} INFO - Processing /home/Data_Professional/PycharmProjects/DE_Zoomcamp_Capstone_Project/.venv/lib/python3.10/site-packages/airflow/example_dags/example_branch_day_of_week_operator.py took 0.080 seconds
[2025-04-05T10:03:13.552+0100] {processor.py:186} INFO - Started process (PID=13117) to work on /home/Data_Professional/PycharmProjects/DE_Zoomcamp_Capstone_Project/.venv/lib/python3.10/site-packages/airflow/example_dags/example_branch_day_of_week_operator.py
[2025-04-05T10:03:13.555+0100] {processor.py:914} INFO - Processing file /home/Data_Professional/PycharmProjects/DE_Zoomcamp_Capstone_Project/.venv/lib/python3.10/site-packages/airflow/example_dags/example_branch_day_of_week_operator.py for tasks to queue
[2025-04-05T10:03:13.557+0100] {logging_mixin.py:190} INFO - [2025-04-05T10:03:13.556+0100] {dagbag.py:588} INFO - Filling up the DagBag from /home/Data_Professional/PycharmProjects/DE_Zoomcamp_Capstone_Project/.venv/lib/python3.10/site-packages/airflow/example_dags/example_branch_day_of_week_operator.py
[2025-04-05T10:03:13.565+0100] {processor.py:925} INFO - DAG(s) 'example_weekday_branch_operator' retrieved from /home/Data_Professional/PycharmProjects/DE_Zoomcamp_Capstone_Project/.venv/lib/python3.10/site-packages/airflow/example_dags/example_branch_day_of_week_operator.py
[2025-04-05T10:03:13.577+0100] {logging_mixin.py:190} INFO - [2025-04-05T10:03:13.577+0100] {dag.py:3239} INFO - Sync 1 DAGs
[2025-04-05T10:03:13.594+0100] {logging_mixin.py:190} INFO - [2025-04-05T10:03:13.594+0100] {dag.py:4180} INFO - Setting next_dagrun for example_weekday_branch_operator to 2025-04-04 00:00:00+00:00, run_after=2025-04-05 00:00:00+00:00
[2025-04-05T10:03:13.612+0100] {processor.py:208} INFO - Processing /home/Data_Professional/PycharmProjects/DE_Zoomcamp_Capstone_Project/.venv/lib/python3.10/site-packages/airflow/example_dags/example_branch_day_of_week_operator.py took 0.066 seconds
[2025-04-05T10:04:15.061+0100] {processor.py:186} INFO - Started process (PID=13232) to work on /home/Data_Professional/PycharmProjects/DE_Zoomcamp_Capstone_Project/.venv/lib/python3.10/site-packages/airflow/example_dags/example_branch_day_of_week_operator.py
[2025-04-05T10:04:15.064+0100] {processor.py:914} INFO - Processing file /home/Data_Professional/PycharmProjects/DE_Zoomcamp_Capstone_Project/.venv/lib/python3.10/site-packages/airflow/example_dags/example_branch_day_of_week_operator.py for tasks to queue
[2025-04-05T10:04:15.069+0100] {logging_mixin.py:190} INFO - [2025-04-05T10:04:15.068+0100] {dagbag.py:588} INFO - Filling up the DagBag from /home/Data_Professional/PycharmProjects/DE_Zoomcamp_Capstone_Project/.venv/lib/python3.10/site-packages/airflow/example_dags/example_branch_day_of_week_operator.py
[2025-04-05T10:04:15.083+0100] {processor.py:925} INFO - DAG(s) 'example_weekday_branch_operator' retrieved from /home/Data_Professional/PycharmProjects/DE_Zoomcamp_Capstone_Project/.venv/lib/python3.10/site-packages/airflow/example_dags/example_branch_day_of_week_operator.py
[2025-04-05T10:04:15.097+0100] {logging_mixin.py:190} INFO - [2025-04-05T10:04:15.097+0100] {dag.py:3239} INFO - Sync 1 DAGs
[2025-04-05T10:04:15.114+0100] {logging_mixin.py:190} INFO - [2025-04-05T10:04:15.113+0100] {dag.py:4180} INFO - Setting next_dagrun for example_weekday_branch_operator to 2025-04-04 00:00:00+00:00, run_after=2025-04-05 00:00:00+00:00
[2025-04-05T10:04:15.130+0100] {processor.py:208} INFO - Processing /home/Data_Professional/PycharmProjects/DE_Zoomcamp_Capstone_Project/.venv/lib/python3.10/site-packages/airflow/example_dags/example_branch_day_of_week_operator.py took 0.081 seconds
[2025-04-05T10:05:14.928+0100] {processor.py:186} INFO - Started process (PID=13464) to work on /home/Data_Professional/PycharmProjects/DE_Zoomcamp_Capstone_Project/.venv/lib/python3.10/site-packages/airflow/example_dags/example_branch_day_of_week_operator.py
[2025-04-05T10:05:14.931+0100] {processor.py:914} INFO - Processing file /home/Data_Professional/PycharmProjects/DE_Zoomcamp_Capstone_Project/.venv/lib/python3.10/site-packages/airflow/example_dags/example_branch_day_of_week_operator.py for tasks to queue
[2025-04-05T10:05:14.933+0100] {logging_mixin.py:190} INFO - [2025-04-05T10:05:14.932+0100] {dagbag.py:588} INFO - Filling up the DagBag from /home/Data_Professional/PycharmProjects/DE_Zoomcamp_Capstone_Project/.venv/lib/python3.10/site-packages/airflow/example_dags/example_branch_day_of_week_operator.py
[2025-04-05T10:05:14.941+0100] {processor.py:925} INFO - DAG(s) 'example_weekday_branch_operator' retrieved from /home/Data_Professional/PycharmProjects/DE_Zoomcamp_Capstone_Project/.venv/lib/python3.10/site-packages/airflow/example_dags/example_branch_day_of_week_operator.py
[2025-04-05T10:05:14.955+0100] {logging_mixin.py:190} INFO - [2025-04-05T10:05:14.955+0100] {dag.py:3239} INFO - Sync 1 DAGs
[2025-04-05T10:05:14.973+0100] {logging_mixin.py:190} INFO - [2025-04-05T10:05:14.973+0100] {dag.py:4180} INFO - Setting next_dagrun for example_weekday_branch_operator to 2025-04-04 00:00:00+00:00, run_after=2025-04-05 00:00:00+00:00
[2025-04-05T10:05:14.991+0100] {processor.py:208} INFO - Processing /home/Data_Professional/PycharmProjects/DE_Zoomcamp_Capstone_Project/.venv/lib/python3.10/site-packages/airflow/example_dags/example_branch_day_of_week_operator.py took 0.071 seconds
[2025-04-05T10:06:44.168+0100] {processor.py:186} INFO - Started process (PID=13795) to work on /home/Data_Professional/PycharmProjects/DE_Zoomcamp_Capstone_Project/.venv/lib/python3.10/site-packages/airflow/example_dags/example_branch_day_of_week_operator.py
[2025-04-05T10:06:44.171+0100] {processor.py:914} INFO - Processing file /home/Data_Professional/PycharmProjects/DE_Zoomcamp_Capstone_Project/.venv/lib/python3.10/site-packages/airflow/example_dags/example_branch_day_of_week_operator.py for tasks to queue
[2025-04-05T10:06:44.172+0100] {logging_mixin.py:190} INFO - [2025-04-05T10:06:44.171+0100] {dagbag.py:588} INFO - Filling up the DagBag from /home/Data_Professional/PycharmProjects/DE_Zoomcamp_Capstone_Project/.venv/lib/python3.10/site-packages/airflow/example_dags/example_branch_day_of_week_operator.py
[2025-04-05T10:06:44.179+0100] {processor.py:925} INFO - DAG(s) 'example_weekday_branch_operator' retrieved from /home/Data_Professional/PycharmProjects/DE_Zoomcamp_Capstone_Project/.venv/lib/python3.10/site-packages/airflow/example_dags/example_branch_day_of_week_operator.py
[2025-04-05T10:06:44.191+0100] {logging_mixin.py:190} INFO - [2025-04-05T10:06:44.191+0100] {dag.py:3239} INFO - Sync 1 DAGs
[2025-04-05T10:06:44.209+0100] {logging_mixin.py:190} INFO - [2025-04-05T10:06:44.208+0100] {dag.py:4180} INFO - Setting next_dagrun for example_weekday_branch_operator to 2025-04-04 00:00:00+00:00, run_after=2025-04-05 00:00:00+00:00
[2025-04-05T10:06:44.224+0100] {processor.py:208} INFO - Processing /home/Data_Professional/PycharmProjects/DE_Zoomcamp_Capstone_Project/.venv/lib/python3.10/site-packages/airflow/example_dags/example_branch_day_of_week_operator.py took 0.061 seconds
[2025-04-05T10:07:45.392+0100] {processor.py:186} INFO - Started process (PID=13954) to work on /home/Data_Professional/PycharmProjects/DE_Zoomcamp_Capstone_Project/.venv/lib/python3.10/site-packages/airflow/example_dags/example_branch_day_of_week_operator.py
[2025-04-05T10:07:45.395+0100] {processor.py:914} INFO - Processing file /home/Data_Professional/PycharmProjects/DE_Zoomcamp_Capstone_Project/.venv/lib/python3.10/site-packages/airflow/example_dags/example_branch_day_of_week_operator.py for tasks to queue
[2025-04-05T10:07:45.398+0100] {logging_mixin.py:190} INFO - [2025-04-05T10:07:45.397+0100] {dagbag.py:588} INFO - Filling up the DagBag from /home/Data_Professional/PycharmProjects/DE_Zoomcamp_Capstone_Project/.venv/lib/python3.10/site-packages/airflow/example_dags/example_branch_day_of_week_operator.py
[2025-04-05T10:07:45.412+0100] {processor.py:925} INFO - DAG(s) 'example_weekday_branch_operator' retrieved from /home/Data_Professional/PycharmProjects/DE_Zoomcamp_Capstone_Project/.venv/lib/python3.10/site-packages/airflow/example_dags/example_branch_day_of_week_operator.py
[2025-04-05T10:07:45.426+0100] {logging_mixin.py:190} INFO - [2025-04-05T10:07:45.426+0100] {dag.py:3239} INFO - Sync 1 DAGs
[2025-04-05T10:07:45.444+0100] {logging_mixin.py:190} INFO - [2025-04-05T10:07:45.444+0100] {dag.py:4180} INFO - Setting next_dagrun for example_weekday_branch_operator to 2025-04-04 00:00:00+00:00, run_after=2025-04-05 00:00:00+00:00
[2025-04-05T10:07:45.461+0100] {processor.py:208} INFO - Processing /home/Data_Professional/PycharmProjects/DE_Zoomcamp_Capstone_Project/.venv/lib/python3.10/site-packages/airflow/example_dags/example_branch_day_of_week_operator.py took 0.080 seconds
[2025-04-05T10:08:54.412+0100] {processor.py:186} INFO - Started process (PID=14267) to work on /home/Data_Professional/PycharmProjects/DE_Zoomcamp_Capstone_Project/.venv/lib/python3.10/site-packages/airflow/example_dags/example_branch_day_of_week_operator.py
[2025-04-05T10:08:54.415+0100] {processor.py:914} INFO - Processing file /home/Data_Professional/PycharmProjects/DE_Zoomcamp_Capstone_Project/.venv/lib/python3.10/site-packages/airflow/example_dags/example_branch_day_of_week_operator.py for tasks to queue
[2025-04-05T10:08:54.416+0100] {logging_mixin.py:190} INFO - [2025-04-05T10:08:54.416+0100] {dagbag.py:588} INFO - Filling up the DagBag from /home/Data_Professional/PycharmProjects/DE_Zoomcamp_Capstone_Project/.venv/lib/python3.10/site-packages/airflow/example_dags/example_branch_day_of_week_operator.py
[2025-04-05T10:08:54.425+0100] {processor.py:925} INFO - DAG(s) 'example_weekday_branch_operator' retrieved from /home/Data_Professional/PycharmProjects/DE_Zoomcamp_Capstone_Project/.venv/lib/python3.10/site-packages/airflow/example_dags/example_branch_day_of_week_operator.py
[2025-04-05T10:08:54.438+0100] {logging_mixin.py:190} INFO - [2025-04-05T10:08:54.438+0100] {dag.py:3239} INFO - Sync 1 DAGs
[2025-04-05T10:08:54.456+0100] {logging_mixin.py:190} INFO - [2025-04-05T10:08:54.456+0100] {dag.py:4180} INFO - Setting next_dagrun for example_weekday_branch_operator to 2025-04-04 00:00:00+00:00, run_after=2025-04-05 00:00:00+00:00
[2025-04-05T10:08:54.474+0100] {processor.py:208} INFO - Processing /home/Data_Professional/PycharmProjects/DE_Zoomcamp_Capstone_Project/.venv/lib/python3.10/site-packages/airflow/example_dags/example_branch_day_of_week_operator.py took 0.069 seconds
[2025-04-05T10:10:01.613+0100] {processor.py:186} INFO - Started process (PID=14420) to work on /home/Data_Professional/PycharmProjects/DE_Zoomcamp_Capstone_Project/.venv/lib/python3.10/site-packages/airflow/example_dags/example_branch_day_of_week_operator.py
[2025-04-05T10:10:01.617+0100] {processor.py:914} INFO - Processing file /home/Data_Professional/PycharmProjects/DE_Zoomcamp_Capstone_Project/.venv/lib/python3.10/site-packages/airflow/example_dags/example_branch_day_of_week_operator.py for tasks to queue
[2025-04-05T10:10:01.620+0100] {logging_mixin.py:190} INFO - [2025-04-05T10:10:01.619+0100] {dagbag.py:588} INFO - Filling up the DagBag from /home/Data_Professional/PycharmProjects/DE_Zoomcamp_Capstone_Project/.venv/lib/python3.10/site-packages/airflow/example_dags/example_branch_day_of_week_operator.py
[2025-04-05T10:10:01.636+0100] {processor.py:925} INFO - DAG(s) 'example_weekday_branch_operator' retrieved from /home/Data_Professional/PycharmProjects/DE_Zoomcamp_Capstone_Project/.venv/lib/python3.10/site-packages/airflow/example_dags/example_branch_day_of_week_operator.py
[2025-04-05T10:10:01.649+0100] {logging_mixin.py:190} INFO - [2025-04-05T10:10:01.649+0100] {dag.py:3239} INFO - Sync 1 DAGs
[2025-04-05T10:10:01.668+0100] {logging_mixin.py:190} INFO - [2025-04-05T10:10:01.668+0100] {dag.py:4180} INFO - Setting next_dagrun for example_weekday_branch_operator to 2025-04-04 00:00:00+00:00, run_after=2025-04-05 00:00:00+00:00
[2025-04-05T10:10:01.685+0100] {processor.py:208} INFO - Processing /home/Data_Professional/PycharmProjects/DE_Zoomcamp_Capstone_Project/.venv/lib/python3.10/site-packages/airflow/example_dags/example_branch_day_of_week_operator.py took 0.090 seconds
[2025-04-05T10:11:02.841+0100] {processor.py:186} INFO - Started process (PID=14584) to work on /home/Data_Professional/PycharmProjects/DE_Zoomcamp_Capstone_Project/.venv/lib/python3.10/site-packages/airflow/example_dags/example_branch_day_of_week_operator.py
[2025-04-05T10:11:02.845+0100] {processor.py:914} INFO - Processing file /home/Data_Professional/PycharmProjects/DE_Zoomcamp_Capstone_Project/.venv/lib/python3.10/site-packages/airflow/example_dags/example_branch_day_of_week_operator.py for tasks to queue
[2025-04-05T10:11:02.849+0100] {logging_mixin.py:190} INFO - [2025-04-05T10:11:02.848+0100] {dagbag.py:588} INFO - Filling up the DagBag from /home/Data_Professional/PycharmProjects/DE_Zoomcamp_Capstone_Project/.venv/lib/python3.10/site-packages/airflow/example_dags/example_branch_day_of_week_operator.py
[2025-04-05T10:11:02.864+0100] {processor.py:925} INFO - DAG(s) 'example_weekday_branch_operator' retrieved from /home/Data_Professional/PycharmProjects/DE_Zoomcamp_Capstone_Project/.venv/lib/python3.10/site-packages/airflow/example_dags/example_branch_day_of_week_operator.py
[2025-04-05T10:11:02.878+0100] {logging_mixin.py:190} INFO - [2025-04-05T10:11:02.878+0100] {dag.py:3239} INFO - Sync 1 DAGs
[2025-04-05T10:11:02.895+0100] {logging_mixin.py:190} INFO - [2025-04-05T10:11:02.895+0100] {dag.py:4180} INFO - Setting next_dagrun for example_weekday_branch_operator to 2025-04-04 00:00:00+00:00, run_after=2025-04-05 00:00:00+00:00
[2025-04-05T10:11:02.992+0100] {processor.py:208} INFO - Processing /home/Data_Professional/PycharmProjects/DE_Zoomcamp_Capstone_Project/.venv/lib/python3.10/site-packages/airflow/example_dags/example_branch_day_of_week_operator.py took 0.167 seconds
[2025-04-05T10:12:05.752+0100] {processor.py:186} INFO - Started process (PID=14999) to work on /home/Data_Professional/PycharmProjects/DE_Zoomcamp_Capstone_Project/.venv/lib/python3.10/site-packages/airflow/example_dags/example_branch_day_of_week_operator.py
[2025-04-05T10:12:05.755+0100] {processor.py:914} INFO - Processing file /home/Data_Professional/PycharmProjects/DE_Zoomcamp_Capstone_Project/.venv/lib/python3.10/site-packages/airflow/example_dags/example_branch_day_of_week_operator.py for tasks to queue
[2025-04-05T10:12:05.756+0100] {logging_mixin.py:190} INFO - [2025-04-05T10:12:05.756+0100] {dagbag.py:588} INFO - Filling up the DagBag from /home/Data_Professional/PycharmProjects/DE_Zoomcamp_Capstone_Project/.venv/lib/python3.10/site-packages/airflow/example_dags/example_branch_day_of_week_operator.py
[2025-04-05T10:12:05.768+0100] {processor.py:925} INFO - DAG(s) 'example_weekday_branch_operator' retrieved from /home/Data_Professional/PycharmProjects/DE_Zoomcamp_Capstone_Project/.venv/lib/python3.10/site-packages/airflow/example_dags/example_branch_day_of_week_operator.py
[2025-04-05T10:12:05.783+0100] {logging_mixin.py:190} INFO - [2025-04-05T10:12:05.783+0100] {dag.py:3239} INFO - Sync 1 DAGs
[2025-04-05T10:12:05.800+0100] {logging_mixin.py:190} INFO - [2025-04-05T10:12:05.800+0100] {dag.py:4180} INFO - Setting next_dagrun for example_weekday_branch_operator to 2025-04-04 00:00:00+00:00, run_after=2025-04-05 00:00:00+00:00
[2025-04-05T10:12:05.819+0100] {processor.py:208} INFO - Processing /home/Data_Professional/PycharmProjects/DE_Zoomcamp_Capstone_Project/.venv/lib/python3.10/site-packages/airflow/example_dags/example_branch_day_of_week_operator.py took 0.074 seconds
[2025-04-05T10:13:10.697+0100] {processor.py:186} INFO - Started process (PID=15098) to work on /home/Data_Professional/PycharmProjects/DE_Zoomcamp_Capstone_Project/.venv/lib/python3.10/site-packages/airflow/example_dags/example_branch_day_of_week_operator.py
[2025-04-05T10:13:10.700+0100] {processor.py:914} INFO - Processing file /home/Data_Professional/PycharmProjects/DE_Zoomcamp_Capstone_Project/.venv/lib/python3.10/site-packages/airflow/example_dags/example_branch_day_of_week_operator.py for tasks to queue
[2025-04-05T10:13:10.701+0100] {logging_mixin.py:190} INFO - [2025-04-05T10:13:10.701+0100] {dagbag.py:588} INFO - Filling up the DagBag from /home/Data_Professional/PycharmProjects/DE_Zoomcamp_Capstone_Project/.venv/lib/python3.10/site-packages/airflow/example_dags/example_branch_day_of_week_operator.py
[2025-04-05T10:13:10.710+0100] {processor.py:925} INFO - DAG(s) 'example_weekday_branch_operator' retrieved from /home/Data_Professional/PycharmProjects/DE_Zoomcamp_Capstone_Project/.venv/lib/python3.10/site-packages/airflow/example_dags/example_branch_day_of_week_operator.py
[2025-04-05T10:13:10.723+0100] {logging_mixin.py:190} INFO - [2025-04-05T10:13:10.723+0100] {dag.py:3239} INFO - Sync 1 DAGs
[2025-04-05T10:13:10.742+0100] {logging_mixin.py:190} INFO - [2025-04-05T10:13:10.741+0100] {dag.py:4180} INFO - Setting next_dagrun for example_weekday_branch_operator to 2025-04-04 00:00:00+00:00, run_after=2025-04-05 00:00:00+00:00
[2025-04-05T10:13:10.760+0100] {processor.py:208} INFO - Processing /home/Data_Professional/PycharmProjects/DE_Zoomcamp_Capstone_Project/.venv/lib/python3.10/site-packages/airflow/example_dags/example_branch_day_of_week_operator.py took 0.070 seconds
[2025-04-05T10:14:33.253+0100] {processor.py:186} INFO - Started process (PID=15219) to work on /home/Data_Professional/PycharmProjects/DE_Zoomcamp_Capstone_Project/.venv/lib/python3.10/site-packages/airflow/example_dags/example_branch_day_of_week_operator.py
[2025-04-05T10:14:33.256+0100] {processor.py:914} INFO - Processing file /home/Data_Professional/PycharmProjects/DE_Zoomcamp_Capstone_Project/.venv/lib/python3.10/site-packages/airflow/example_dags/example_branch_day_of_week_operator.py for tasks to queue
[2025-04-05T10:14:33.257+0100] {logging_mixin.py:190} INFO - [2025-04-05T10:14:33.256+0100] {dagbag.py:588} INFO - Filling up the DagBag from /home/Data_Professional/PycharmProjects/DE_Zoomcamp_Capstone_Project/.venv/lib/python3.10/site-packages/airflow/example_dags/example_branch_day_of_week_operator.py
[2025-04-05T10:14:33.266+0100] {processor.py:925} INFO - DAG(s) 'example_weekday_branch_operator' retrieved from /home/Data_Professional/PycharmProjects/DE_Zoomcamp_Capstone_Project/.venv/lib/python3.10/site-packages/airflow/example_dags/example_branch_day_of_week_operator.py
[2025-04-05T10:14:33.278+0100] {logging_mixin.py:190} INFO - [2025-04-05T10:14:33.278+0100] {dag.py:3239} INFO - Sync 1 DAGs
[2025-04-05T10:14:33.295+0100] {logging_mixin.py:190} INFO - [2025-04-05T10:14:33.295+0100] {dag.py:4180} INFO - Setting next_dagrun for example_weekday_branch_operator to 2025-04-04 00:00:00+00:00, run_after=2025-04-05 00:00:00+00:00
[2025-04-05T10:14:33.311+0100] {processor.py:208} INFO - Processing /home/Data_Professional/PycharmProjects/DE_Zoomcamp_Capstone_Project/.venv/lib/python3.10/site-packages/airflow/example_dags/example_branch_day_of_week_operator.py took 0.067 seconds
