[2025-04-05T09:55:23.667+0100] {processor.py:186} INFO - Started process (PID=11851) to work on /home/Data_Professional/PycharmProjects/DE_Zoomcamp_Capstone_Project/.venv/lib/python3.10/site-packages/airflow/example_dags/example_short_circuit_decorator.py
[2025-04-05T09:55:23.669+0100] {processor.py:914} INFO - Processing file /home/Data_Professional/PycharmProjects/DE_Zoomcamp_Capstone_Project/.venv/lib/python3.10/site-packages/airflow/example_dags/example_short_circuit_decorator.py for tasks to queue
[2025-04-05T09:55:23.672+0100] {logging_mixin.py:190} INFO - [2025-04-05T09:55:23.671+0100] {dagbag.py:588} INFO - Filling up the DagBag from /home/Data_Professional/PycharmProjects/DE_Zoomcamp_Capstone_Project/.venv/lib/python3.10/site-packages/airflow/example_dags/example_short_circuit_decorator.py
[2025-04-05T09:55:23.685+0100] {processor.py:925} INFO - DAG(s) 'example_short_circuit_decorator' retrieved from /home/Data_Professional/PycharmProjects/DE_Zoomcamp_Capstone_Project/.venv/lib/python3.10/site-packages/airflow/example_dags/example_short_circuit_decorator.py
[2025-04-05T09:55:23.776+0100] {logging_mixin.py:190} INFO - [2025-04-05T09:55:23.776+0100] {override.py:1912} INFO - Created Permission View: can read on DAG:example_short_circuit_decorator
[2025-04-05T09:55:23.788+0100] {logging_mixin.py:190} INFO - [2025-04-05T09:55:23.788+0100] {override.py:1912} INFO - Created Permission View: can delete on DAG:example_short_circuit_decorator
[2025-04-05T09:55:23.795+0100] {logging_mixin.py:190} INFO - [2025-04-05T09:55:23.795+0100] {override.py:1912} INFO - Created Permission View: can edit on DAG:example_short_circuit_decorator
[2025-04-05T09:55:23.805+0100] {logging_mixin.py:190} INFO - [2025-04-05T09:55:23.804+0100] {override.py:1912} INFO - Created Permission View: can create on DAG Run:example_short_circuit_decorator
[2025-04-05T09:55:23.811+0100] {logging_mixin.py:190} INFO - [2025-04-05T09:55:23.811+0100] {override.py:1912} INFO - Created Permission View: can read on DAG Run:example_short_circuit_decorator
[2025-04-05T09:55:23.817+0100] {logging_mixin.py:190} INFO - [2025-04-05T09:55:23.817+0100] {override.py:1912} INFO - Created Permission View: can delete on DAG Run:example_short_circuit_decorator
[2025-04-05T09:55:23.824+0100] {logging_mixin.py:190} INFO - [2025-04-05T09:55:23.824+0100] {override.py:1912} INFO - Created Permission View: menu access on DAG Run:example_short_circuit_decorator
[2025-04-05T09:55:23.824+0100] {logging_mixin.py:190} INFO - [2025-04-05T09:55:23.824+0100] {dag.py:3239} INFO - Sync 1 DAGs
[2025-04-05T09:55:23.834+0100] {logging_mixin.py:190} INFO - [2025-04-05T09:55:23.833+0100] {dag.py:3262} INFO - Creating ORM DAG for example_short_circuit_decorator
[2025-04-05T09:55:23.834+0100] {logging_mixin.py:190} INFO - [2025-04-05T09:55:23.834+0100] {dag.py:4180} INFO - Setting next_dagrun for example_short_circuit_decorator to None, run_after=None
[2025-04-05T09:55:23.850+0100] {processor.py:208} INFO - Processing /home/Data_Professional/PycharmProjects/DE_Zoomcamp_Capstone_Project/.venv/lib/python3.10/site-packages/airflow/example_dags/example_short_circuit_decorator.py took 0.199 seconds
[2025-04-05T09:56:27.234+0100] {processor.py:186} INFO - Started process (PID=12167) to work on /home/Data_Professional/PycharmProjects/DE_Zoomcamp_Capstone_Project/.venv/lib/python3.10/site-packages/airflow/example_dags/example_short_circuit_decorator.py
[2025-04-05T09:56:27.238+0100] {processor.py:914} INFO - Processing file /home/Data_Professional/PycharmProjects/DE_Zoomcamp_Capstone_Project/.venv/lib/python3.10/site-packages/airflow/example_dags/example_short_circuit_decorator.py for tasks to queue
[2025-04-05T09:56:27.242+0100] {logging_mixin.py:190} INFO - [2025-04-05T09:56:27.241+0100] {dagbag.py:588} INFO - Filling up the DagBag from /home/Data_Professional/PycharmProjects/DE_Zoomcamp_Capstone_Project/.venv/lib/python3.10/site-packages/airflow/example_dags/example_short_circuit_decorator.py
[2025-04-05T09:56:27.257+0100] {processor.py:925} INFO - DAG(s) 'example_short_circuit_decorator' retrieved from /home/Data_Professional/PycharmProjects/DE_Zoomcamp_Capstone_Project/.venv/lib/python3.10/site-packages/airflow/example_dags/example_short_circuit_decorator.py
[2025-04-05T09:56:27.274+0100] {logging_mixin.py:190} INFO - [2025-04-05T09:56:27.273+0100] {dag.py:3239} INFO - Sync 1 DAGs
[2025-04-05T09:56:27.283+0100] {logging_mixin.py:190} INFO - [2025-04-05T09:56:27.283+0100] {dag.py:4180} INFO - Setting next_dagrun for example_short_circuit_decorator to None, run_after=None
[2025-04-05T09:56:27.300+0100] {processor.py:208} INFO - Processing /home/Data_Professional/PycharmProjects/DE_Zoomcamp_Capstone_Project/.venv/lib/python3.10/site-packages/airflow/example_dags/example_short_circuit_decorator.py took 0.081 seconds
[2025-04-05T09:57:23.175+0100] {processor.py:186} INFO - Started process (PID=12282) to work on /home/Data_Professional/PycharmProjects/DE_Zoomcamp_Capstone_Project/.venv/lib/python3.10/site-packages/airflow/example_dags/example_short_circuit_decorator.py
[2025-04-05T09:57:23.179+0100] {processor.py:914} INFO - Processing file /home/Data_Professional/PycharmProjects/DE_Zoomcamp_Capstone_Project/.venv/lib/python3.10/site-packages/airflow/example_dags/example_short_circuit_decorator.py for tasks to queue
[2025-04-05T09:57:23.183+0100] {logging_mixin.py:190} INFO - [2025-04-05T09:57:23.182+0100] {dagbag.py:588} INFO - Filling up the DagBag from /home/Data_Professional/PycharmProjects/DE_Zoomcamp_Capstone_Project/.venv/lib/python3.10/site-packages/airflow/example_dags/example_short_circuit_decorator.py
[2025-04-05T09:57:23.197+0100] {processor.py:925} INFO - DAG(s) 'example_short_circuit_decorator' retrieved from /home/Data_Professional/PycharmProjects/DE_Zoomcamp_Capstone_Project/.venv/lib/python3.10/site-packages/airflow/example_dags/example_short_circuit_decorator.py
[2025-04-05T09:57:23.214+0100] {logging_mixin.py:190} INFO - [2025-04-05T09:57:23.214+0100] {dag.py:3239} INFO - Sync 1 DAGs
[2025-04-05T09:57:23.224+0100] {logging_mixin.py:190} INFO - [2025-04-05T09:57:23.224+0100] {dag.py:4180} INFO - Setting next_dagrun for example_short_circuit_decorator to None, run_after=None
[2025-04-05T09:57:23.240+0100] {processor.py:208} INFO - Processing /home/Data_Professional/PycharmProjects/DE_Zoomcamp_Capstone_Project/.venv/lib/python3.10/site-packages/airflow/example_dags/example_short_circuit_decorator.py took 0.078 seconds
[2025-04-05T09:58:17.695+0100] {processor.py:186} INFO - Started process (PID=12346) to work on /home/Data_Professional/PycharmProjects/DE_Zoomcamp_Capstone_Project/.venv/lib/python3.10/site-packages/airflow/example_dags/example_short_circuit_decorator.py
[2025-04-05T09:58:17.696+0100] {processor.py:914} INFO - Processing file /home/Data_Professional/PycharmProjects/DE_Zoomcamp_Capstone_Project/.venv/lib/python3.10/site-packages/airflow/example_dags/example_short_circuit_decorator.py for tasks to queue
[2025-04-05T09:58:17.698+0100] {logging_mixin.py:190} INFO - [2025-04-05T09:58:17.698+0100] {dagbag.py:588} INFO - Filling up the DagBag from /home/Data_Professional/PycharmProjects/DE_Zoomcamp_Capstone_Project/.venv/lib/python3.10/site-packages/airflow/example_dags/example_short_circuit_decorator.py
[2025-04-05T09:58:17.710+0100] {processor.py:925} INFO - DAG(s) 'example_short_circuit_decorator' retrieved from /home/Data_Professional/PycharmProjects/DE_Zoomcamp_Capstone_Project/.venv/lib/python3.10/site-packages/airflow/example_dags/example_short_circuit_decorator.py
[2025-04-05T09:58:17.726+0100] {logging_mixin.py:190} INFO - [2025-04-05T09:58:17.726+0100] {dag.py:3239} INFO - Sync 1 DAGs
[2025-04-05T09:58:17.736+0100] {logging_mixin.py:190} INFO - [2025-04-05T09:58:17.736+0100] {dag.py:4180} INFO - Setting next_dagrun for example_short_circuit_decorator to None, run_after=None
[2025-04-05T09:58:17.753+0100] {processor.py:208} INFO - Processing /home/Data_Professional/PycharmProjects/DE_Zoomcamp_Capstone_Project/.venv/lib/python3.10/site-packages/airflow/example_dags/example_short_circuit_decorator.py took 0.064 seconds
[2025-04-05T09:59:13.670+0100] {processor.py:186} INFO - Started process (PID=12417) to work on /home/Data_Professional/PycharmProjects/DE_Zoomcamp_Capstone_Project/.venv/lib/python3.10/site-packages/airflow/example_dags/example_short_circuit_decorator.py
[2025-04-05T09:59:13.674+0100] {processor.py:914} INFO - Processing file /home/Data_Professional/PycharmProjects/DE_Zoomcamp_Capstone_Project/.venv/lib/python3.10/site-packages/airflow/example_dags/example_short_circuit_decorator.py for tasks to queue
[2025-04-05T09:59:13.678+0100] {logging_mixin.py:190} INFO - [2025-04-05T09:59:13.677+0100] {dagbag.py:588} INFO - Filling up the DagBag from /home/Data_Professional/PycharmProjects/DE_Zoomcamp_Capstone_Project/.venv/lib/python3.10/site-packages/airflow/example_dags/example_short_circuit_decorator.py
[2025-04-05T09:59:13.692+0100] {processor.py:925} INFO - DAG(s) 'example_short_circuit_decorator' retrieved from /home/Data_Professional/PycharmProjects/DE_Zoomcamp_Capstone_Project/.venv/lib/python3.10/site-packages/airflow/example_dags/example_short_circuit_decorator.py
[2025-04-05T09:59:13.708+0100] {logging_mixin.py:190} INFO - [2025-04-05T09:59:13.708+0100] {dag.py:3239} INFO - Sync 1 DAGs
[2025-04-05T09:59:13.717+0100] {logging_mixin.py:190} INFO - [2025-04-05T09:59:13.717+0100] {dag.py:4180} INFO - Setting next_dagrun for example_short_circuit_decorator to None, run_after=None
[2025-04-05T09:59:13.734+0100] {processor.py:208} INFO - Processing /home/Data_Professional/PycharmProjects/DE_Zoomcamp_Capstone_Project/.venv/lib/python3.10/site-packages/airflow/example_dags/example_short_circuit_decorator.py took 0.079 seconds
[2025-04-05T10:00:11.658+0100] {processor.py:186} INFO - Started process (PID=12601) to work on /home/Data_Professional/PycharmProjects/DE_Zoomcamp_Capstone_Project/.venv/lib/python3.10/site-packages/airflow/example_dags/example_short_circuit_decorator.py
[2025-04-05T10:00:11.661+0100] {processor.py:914} INFO - Processing file /home/Data_Professional/PycharmProjects/DE_Zoomcamp_Capstone_Project/.venv/lib/python3.10/site-packages/airflow/example_dags/example_short_circuit_decorator.py for tasks to queue
[2025-04-05T10:00:11.664+0100] {logging_mixin.py:190} INFO - [2025-04-05T10:00:11.664+0100] {dagbag.py:588} INFO - Filling up the DagBag from /home/Data_Professional/PycharmProjects/DE_Zoomcamp_Capstone_Project/.venv/lib/python3.10/site-packages/airflow/example_dags/example_short_circuit_decorator.py
[2025-04-05T10:00:11.675+0100] {processor.py:925} INFO - DAG(s) 'example_short_circuit_decorator' retrieved from /home/Data_Professional/PycharmProjects/DE_Zoomcamp_Capstone_Project/.venv/lib/python3.10/site-packages/airflow/example_dags/example_short_circuit_decorator.py
[2025-04-05T10:00:11.690+0100] {logging_mixin.py:190} INFO - [2025-04-05T10:00:11.690+0100] {dag.py:3239} INFO - Sync 1 DAGs
[2025-04-05T10:00:11.700+0100] {logging_mixin.py:190} INFO - [2025-04-05T10:00:11.699+0100] {dag.py:4180} INFO - Setting next_dagrun for example_short_circuit_decorator to None, run_after=None
[2025-04-05T10:00:11.716+0100] {processor.py:208} INFO - Processing /home/Data_Professional/PycharmProjects/DE_Zoomcamp_Capstone_Project/.venv/lib/python3.10/site-packages/airflow/example_dags/example_short_circuit_decorator.py took 0.072 seconds
[2025-04-05T10:01:09.475+0100] {processor.py:186} INFO - Started process (PID=12855) to work on /home/Data_Professional/PycharmProjects/DE_Zoomcamp_Capstone_Project/.venv/lib/python3.10/site-packages/airflow/example_dags/example_short_circuit_decorator.py
[2025-04-05T10:01:09.476+0100] {processor.py:914} INFO - Processing file /home/Data_Professional/PycharmProjects/DE_Zoomcamp_Capstone_Project/.venv/lib/python3.10/site-packages/airflow/example_dags/example_short_circuit_decorator.py for tasks to queue
[2025-04-05T10:01:09.478+0100] {logging_mixin.py:190} INFO - [2025-04-05T10:01:09.478+0100] {dagbag.py:588} INFO - Filling up the DagBag from /home/Data_Professional/PycharmProjects/DE_Zoomcamp_Capstone_Project/.venv/lib/python3.10/site-packages/airflow/example_dags/example_short_circuit_decorator.py
[2025-04-05T10:01:09.488+0100] {processor.py:925} INFO - DAG(s) 'example_short_circuit_decorator' retrieved from /home/Data_Professional/PycharmProjects/DE_Zoomcamp_Capstone_Project/.venv/lib/python3.10/site-packages/airflow/example_dags/example_short_circuit_decorator.py
[2025-04-05T10:01:09.506+0100] {logging_mixin.py:190} INFO - [2025-04-05T10:01:09.505+0100] {dag.py:3239} INFO - Sync 1 DAGs
[2025-04-05T10:01:09.517+0100] {logging_mixin.py:190} INFO - [2025-04-05T10:01:09.516+0100] {dag.py:4180} INFO - Setting next_dagrun for example_short_circuit_decorator to None, run_after=None
[2025-04-05T10:01:09.537+0100] {processor.py:208} INFO - Processing /home/Data_Professional/PycharmProjects/DE_Zoomcamp_Capstone_Project/.venv/lib/python3.10/site-packages/airflow/example_dags/example_short_circuit_decorator.py took 0.070 seconds
[2025-04-05T10:02:06.111+0100] {processor.py:186} INFO - Started process (PID=12962) to work on /home/Data_Professional/PycharmProjects/DE_Zoomcamp_Capstone_Project/.venv/lib/python3.10/site-packages/airflow/example_dags/example_short_circuit_decorator.py
[2025-04-05T10:02:06.114+0100] {processor.py:914} INFO - Processing file /home/Data_Professional/PycharmProjects/DE_Zoomcamp_Capstone_Project/.venv/lib/python3.10/site-packages/airflow/example_dags/example_short_circuit_decorator.py for tasks to queue
[2025-04-05T10:02:06.115+0100] {logging_mixin.py:190} INFO - [2025-04-05T10:02:06.115+0100] {dagbag.py:588} INFO - Filling up the DagBag from /home/Data_Professional/PycharmProjects/DE_Zoomcamp_Capstone_Project/.venv/lib/python3.10/site-packages/airflow/example_dags/example_short_circuit_decorator.py
[2025-04-05T10:02:06.123+0100] {processor.py:925} INFO - DAG(s) 'example_short_circuit_decorator' retrieved from /home/Data_Professional/PycharmProjects/DE_Zoomcamp_Capstone_Project/.venv/lib/python3.10/site-packages/airflow/example_dags/example_short_circuit_decorator.py
[2025-04-05T10:02:06.137+0100] {logging_mixin.py:190} INFO - [2025-04-05T10:02:06.137+0100] {dag.py:3239} INFO - Sync 1 DAGs
[2025-04-05T10:02:06.148+0100] {logging_mixin.py:190} INFO - [2025-04-05T10:02:06.147+0100] {dag.py:4180} INFO - Setting next_dagrun for example_short_circuit_decorator to None, run_after=None
[2025-04-05T10:02:06.164+0100] {processor.py:208} INFO - Processing /home/Data_Professional/PycharmProjects/DE_Zoomcamp_Capstone_Project/.venv/lib/python3.10/site-packages/airflow/example_dags/example_short_circuit_decorator.py took 0.058 seconds
[2025-04-05T10:03:05.030+0100] {processor.py:186} INFO - Started process (PID=13107) to work on /home/Data_Professional/PycharmProjects/DE_Zoomcamp_Capstone_Project/.venv/lib/python3.10/site-packages/airflow/example_dags/example_short_circuit_decorator.py
[2025-04-05T10:03:05.032+0100] {processor.py:914} INFO - Processing file /home/Data_Professional/PycharmProjects/DE_Zoomcamp_Capstone_Project/.venv/lib/python3.10/site-packages/airflow/example_dags/example_short_circuit_decorator.py for tasks to queue
[2025-04-05T10:03:05.035+0100] {logging_mixin.py:190} INFO - [2025-04-05T10:03:05.034+0100] {dagbag.py:588} INFO - Filling up the DagBag from /home/Data_Professional/PycharmProjects/DE_Zoomcamp_Capstone_Project/.venv/lib/python3.10/site-packages/airflow/example_dags/example_short_circuit_decorator.py
[2025-04-05T10:03:05.049+0100] {processor.py:925} INFO - DAG(s) 'example_short_circuit_decorator' retrieved from /home/Data_Professional/PycharmProjects/DE_Zoomcamp_Capstone_Project/.venv/lib/python3.10/site-packages/airflow/example_dags/example_short_circuit_decorator.py
[2025-04-05T10:03:05.067+0100] {logging_mixin.py:190} INFO - [2025-04-05T10:03:05.066+0100] {dag.py:3239} INFO - Sync 1 DAGs
[2025-04-05T10:03:05.077+0100] {logging_mixin.py:190} INFO - [2025-04-05T10:03:05.077+0100] {dag.py:4180} INFO - Setting next_dagrun for example_short_circuit_decorator to None, run_after=None
[2025-04-05T10:03:05.094+0100] {processor.py:208} INFO - Processing /home/Data_Professional/PycharmProjects/DE_Zoomcamp_Capstone_Project/.venv/lib/python3.10/site-packages/airflow/example_dags/example_short_circuit_decorator.py took 0.077 seconds
[2025-04-05T10:04:05.184+0100] {processor.py:186} INFO - Started process (PID=13181) to work on /home/Data_Professional/PycharmProjects/DE_Zoomcamp_Capstone_Project/.venv/lib/python3.10/site-packages/airflow/example_dags/example_short_circuit_decorator.py
[2025-04-05T10:04:05.185+0100] {processor.py:914} INFO - Processing file /home/Data_Professional/PycharmProjects/DE_Zoomcamp_Capstone_Project/.venv/lib/python3.10/site-packages/airflow/example_dags/example_short_circuit_decorator.py for tasks to queue
[2025-04-05T10:04:05.186+0100] {logging_mixin.py:190} INFO - [2025-04-05T10:04:05.186+0100] {dagbag.py:588} INFO - Filling up the DagBag from /home/Data_Professional/PycharmProjects/DE_Zoomcamp_Capstone_Project/.venv/lib/python3.10/site-packages/airflow/example_dags/example_short_circuit_decorator.py
[2025-04-05T10:04:05.195+0100] {processor.py:925} INFO - DAG(s) 'example_short_circuit_decorator' retrieved from /home/Data_Professional/PycharmProjects/DE_Zoomcamp_Capstone_Project/.venv/lib/python3.10/site-packages/airflow/example_dags/example_short_circuit_decorator.py
[2025-04-05T10:04:05.211+0100] {logging_mixin.py:190} INFO - [2025-04-05T10:04:05.211+0100] {dag.py:3239} INFO - Sync 1 DAGs
[2025-04-05T10:04:05.221+0100] {logging_mixin.py:190} INFO - [2025-04-05T10:04:05.221+0100] {dag.py:4180} INFO - Setting next_dagrun for example_short_circuit_decorator to None, run_after=None
[2025-04-05T10:04:05.236+0100] {processor.py:208} INFO - Processing /home/Data_Professional/PycharmProjects/DE_Zoomcamp_Capstone_Project/.venv/lib/python3.10/site-packages/airflow/example_dags/example_short_circuit_decorator.py took 0.058 seconds
[2025-04-05T10:05:05.858+0100] {processor.py:186} INFO - Started process (PID=13454) to work on /home/Data_Professional/PycharmProjects/DE_Zoomcamp_Capstone_Project/.venv/lib/python3.10/site-packages/airflow/example_dags/example_short_circuit_decorator.py
[2025-04-05T10:05:05.860+0100] {processor.py:914} INFO - Processing file /home/Data_Professional/PycharmProjects/DE_Zoomcamp_Capstone_Project/.venv/lib/python3.10/site-packages/airflow/example_dags/example_short_circuit_decorator.py for tasks to queue
[2025-04-05T10:05:05.861+0100] {logging_mixin.py:190} INFO - [2025-04-05T10:05:05.861+0100] {dagbag.py:588} INFO - Filling up the DagBag from /home/Data_Professional/PycharmProjects/DE_Zoomcamp_Capstone_Project/.venv/lib/python3.10/site-packages/airflow/example_dags/example_short_circuit_decorator.py
[2025-04-05T10:05:05.870+0100] {processor.py:925} INFO - DAG(s) 'example_short_circuit_decorator' retrieved from /home/Data_Professional/PycharmProjects/DE_Zoomcamp_Capstone_Project/.venv/lib/python3.10/site-packages/airflow/example_dags/example_short_circuit_decorator.py
[2025-04-05T10:05:05.886+0100] {logging_mixin.py:190} INFO - [2025-04-05T10:05:05.886+0100] {dag.py:3239} INFO - Sync 1 DAGs
[2025-04-05T10:05:05.896+0100] {logging_mixin.py:190} INFO - [2025-04-05T10:05:05.896+0100] {dag.py:4180} INFO - Setting next_dagrun for example_short_circuit_decorator to None, run_after=None
[2025-04-05T10:05:05.914+0100] {processor.py:208} INFO - Processing /home/Data_Professional/PycharmProjects/DE_Zoomcamp_Capstone_Project/.venv/lib/python3.10/site-packages/airflow/example_dags/example_short_circuit_decorator.py took 0.061 seconds
[2025-04-05T10:06:07.149+0100] {processor.py:186} INFO - Started process (PID=13636) to work on /home/Data_Professional/PycharmProjects/DE_Zoomcamp_Capstone_Project/.venv/lib/python3.10/site-packages/airflow/example_dags/example_short_circuit_decorator.py
[2025-04-05T10:06:07.152+0100] {processor.py:914} INFO - Processing file /home/Data_Professional/PycharmProjects/DE_Zoomcamp_Capstone_Project/.venv/lib/python3.10/site-packages/airflow/example_dags/example_short_circuit_decorator.py for tasks to queue
[2025-04-05T10:06:07.153+0100] {logging_mixin.py:190} INFO - [2025-04-05T10:06:07.153+0100] {dagbag.py:588} INFO - Filling up the DagBag from /home/Data_Professional/PycharmProjects/DE_Zoomcamp_Capstone_Project/.venv/lib/python3.10/site-packages/airflow/example_dags/example_short_circuit_decorator.py
[2025-04-05T10:06:07.162+0100] {processor.py:925} INFO - DAG(s) 'example_short_circuit_decorator' retrieved from /home/Data_Professional/PycharmProjects/DE_Zoomcamp_Capstone_Project/.venv/lib/python3.10/site-packages/airflow/example_dags/example_short_circuit_decorator.py
[2025-04-05T10:06:07.179+0100] {logging_mixin.py:190} INFO - [2025-04-05T10:06:07.179+0100] {dag.py:3239} INFO - Sync 1 DAGs
[2025-04-05T10:06:07.191+0100] {logging_mixin.py:190} INFO - [2025-04-05T10:06:07.191+0100] {dag.py:4180} INFO - Setting next_dagrun for example_short_circuit_decorator to None, run_after=None
[2025-04-05T10:06:07.210+0100] {processor.py:208} INFO - Processing /home/Data_Professional/PycharmProjects/DE_Zoomcamp_Capstone_Project/.venv/lib/python3.10/site-packages/airflow/example_dags/example_short_circuit_decorator.py took 0.067 seconds
[2025-04-05T10:07:08.898+0100] {processor.py:186} INFO - Started process (PID=13832) to work on /home/Data_Professional/PycharmProjects/DE_Zoomcamp_Capstone_Project/.venv/lib/python3.10/site-packages/airflow/example_dags/example_short_circuit_decorator.py
[2025-04-05T10:07:08.899+0100] {processor.py:914} INFO - Processing file /home/Data_Professional/PycharmProjects/DE_Zoomcamp_Capstone_Project/.venv/lib/python3.10/site-packages/airflow/example_dags/example_short_circuit_decorator.py for tasks to queue
[2025-04-05T10:07:08.901+0100] {logging_mixin.py:190} INFO - [2025-04-05T10:07:08.901+0100] {dagbag.py:588} INFO - Filling up the DagBag from /home/Data_Professional/PycharmProjects/DE_Zoomcamp_Capstone_Project/.venv/lib/python3.10/site-packages/airflow/example_dags/example_short_circuit_decorator.py
[2025-04-05T10:07:08.912+0100] {processor.py:925} INFO - DAG(s) 'example_short_circuit_decorator' retrieved from /home/Data_Professional/PycharmProjects/DE_Zoomcamp_Capstone_Project/.venv/lib/python3.10/site-packages/airflow/example_dags/example_short_circuit_decorator.py
[2025-04-05T10:07:08.929+0100] {logging_mixin.py:190} INFO - [2025-04-05T10:07:08.928+0100] {dag.py:3239} INFO - Sync 1 DAGs
[2025-04-05T10:07:08.940+0100] {logging_mixin.py:190} INFO - [2025-04-05T10:07:08.940+0100] {dag.py:4180} INFO - Setting next_dagrun for example_short_circuit_decorator to None, run_after=None
[2025-04-05T10:07:08.957+0100] {processor.py:208} INFO - Processing /home/Data_Professional/PycharmProjects/DE_Zoomcamp_Capstone_Project/.venv/lib/python3.10/site-packages/airflow/example_dags/example_short_circuit_decorator.py took 0.065 seconds
[2025-04-05T10:08:12.400+0100] {processor.py:186} INFO - Started process (PID=14116) to work on /home/Data_Professional/PycharmProjects/DE_Zoomcamp_Capstone_Project/.venv/lib/python3.10/site-packages/airflow/example_dags/example_short_circuit_decorator.py
[2025-04-05T10:08:12.403+0100] {processor.py:914} INFO - Processing file /home/Data_Professional/PycharmProjects/DE_Zoomcamp_Capstone_Project/.venv/lib/python3.10/site-packages/airflow/example_dags/example_short_circuit_decorator.py for tasks to queue
[2025-04-05T10:08:12.404+0100] {logging_mixin.py:190} INFO - [2025-04-05T10:08:12.404+0100] {dagbag.py:588} INFO - Filling up the DagBag from /home/Data_Professional/PycharmProjects/DE_Zoomcamp_Capstone_Project/.venv/lib/python3.10/site-packages/airflow/example_dags/example_short_circuit_decorator.py
[2025-04-05T10:08:12.413+0100] {processor.py:925} INFO - DAG(s) 'example_short_circuit_decorator' retrieved from /home/Data_Professional/PycharmProjects/DE_Zoomcamp_Capstone_Project/.venv/lib/python3.10/site-packages/airflow/example_dags/example_short_circuit_decorator.py
[2025-04-05T10:08:12.429+0100] {logging_mixin.py:190} INFO - [2025-04-05T10:08:12.429+0100] {dag.py:3239} INFO - Sync 1 DAGs
[2025-04-05T10:08:12.440+0100] {logging_mixin.py:190} INFO - [2025-04-05T10:08:12.440+0100] {dag.py:4180} INFO - Setting next_dagrun for example_short_circuit_decorator to None, run_after=None
[2025-04-05T10:08:12.457+0100] {processor.py:208} INFO - Processing /home/Data_Professional/PycharmProjects/DE_Zoomcamp_Capstone_Project/.venv/lib/python3.10/site-packages/airflow/example_dags/example_short_circuit_decorator.py took 0.062 seconds
[2025-04-05T10:09:22.561+0100] {processor.py:186} INFO - Started process (PID=14323) to work on /home/Data_Professional/PycharmProjects/DE_Zoomcamp_Capstone_Project/.venv/lib/python3.10/site-packages/airflow/example_dags/example_short_circuit_decorator.py
[2025-04-05T10:09:22.564+0100] {processor.py:914} INFO - Processing file /home/Data_Professional/PycharmProjects/DE_Zoomcamp_Capstone_Project/.venv/lib/python3.10/site-packages/airflow/example_dags/example_short_circuit_decorator.py for tasks to queue
[2025-04-05T10:09:22.567+0100] {logging_mixin.py:190} INFO - [2025-04-05T10:09:22.566+0100] {dagbag.py:588} INFO - Filling up the DagBag from /home/Data_Professional/PycharmProjects/DE_Zoomcamp_Capstone_Project/.venv/lib/python3.10/site-packages/airflow/example_dags/example_short_circuit_decorator.py
[2025-04-05T10:09:22.581+0100] {processor.py:925} INFO - DAG(s) 'example_short_circuit_decorator' retrieved from /home/Data_Professional/PycharmProjects/DE_Zoomcamp_Capstone_Project/.venv/lib/python3.10/site-packages/airflow/example_dags/example_short_circuit_decorator.py
[2025-04-05T10:09:22.599+0100] {logging_mixin.py:190} INFO - [2025-04-05T10:09:22.599+0100] {dag.py:3239} INFO - Sync 1 DAGs
[2025-04-05T10:09:22.610+0100] {logging_mixin.py:190} INFO - [2025-04-05T10:09:22.609+0100] {dag.py:4180} INFO - Setting next_dagrun for example_short_circuit_decorator to None, run_after=None
[2025-04-05T10:09:22.628+0100] {processor.py:208} INFO - Processing /home/Data_Professional/PycharmProjects/DE_Zoomcamp_Capstone_Project/.venv/lib/python3.10/site-packages/airflow/example_dags/example_short_circuit_decorator.py took 0.079 seconds
[2025-04-05T10:10:21.733+0100] {processor.py:186} INFO - Started process (PID=14458) to work on /home/Data_Professional/PycharmProjects/DE_Zoomcamp_Capstone_Project/.venv/lib/python3.10/site-packages/airflow/example_dags/example_short_circuit_decorator.py
[2025-04-05T10:10:21.735+0100] {processor.py:914} INFO - Processing file /home/Data_Professional/PycharmProjects/DE_Zoomcamp_Capstone_Project/.venv/lib/python3.10/site-packages/airflow/example_dags/example_short_circuit_decorator.py for tasks to queue
[2025-04-05T10:10:21.737+0100] {logging_mixin.py:190} INFO - [2025-04-05T10:10:21.737+0100] {dagbag.py:588} INFO - Filling up the DagBag from /home/Data_Professional/PycharmProjects/DE_Zoomcamp_Capstone_Project/.venv/lib/python3.10/site-packages/airflow/example_dags/example_short_circuit_decorator.py
[2025-04-05T10:10:21.750+0100] {processor.py:925} INFO - DAG(s) 'example_short_circuit_decorator' retrieved from /home/Data_Professional/PycharmProjects/DE_Zoomcamp_Capstone_Project/.venv/lib/python3.10/site-packages/airflow/example_dags/example_short_circuit_decorator.py
[2025-04-05T10:10:21.766+0100] {logging_mixin.py:190} INFO - [2025-04-05T10:10:21.766+0100] {dag.py:3239} INFO - Sync 1 DAGs
[2025-04-05T10:10:21.777+0100] {logging_mixin.py:190} INFO - [2025-04-05T10:10:21.777+0100] {dag.py:4180} INFO - Setting next_dagrun for example_short_circuit_decorator to None, run_after=None
[2025-04-05T10:10:21.793+0100] {processor.py:208} INFO - Processing /home/Data_Professional/PycharmProjects/DE_Zoomcamp_Capstone_Project/.venv/lib/python3.10/site-packages/airflow/example_dags/example_short_circuit_decorator.py took 0.068 seconds
[2025-04-05T10:11:22.882+0100] {processor.py:186} INFO - Started process (PID=14671) to work on /home/Data_Professional/PycharmProjects/DE_Zoomcamp_Capstone_Project/.venv/lib/python3.10/site-packages/airflow/example_dags/example_short_circuit_decorator.py
[2025-04-05T10:11:22.885+0100] {processor.py:914} INFO - Processing file /home/Data_Professional/PycharmProjects/DE_Zoomcamp_Capstone_Project/.venv/lib/python3.10/site-packages/airflow/example_dags/example_short_circuit_decorator.py for tasks to queue
[2025-04-05T10:11:22.886+0100] {logging_mixin.py:190} INFO - [2025-04-05T10:11:22.885+0100] {dagbag.py:588} INFO - Filling up the DagBag from /home/Data_Professional/PycharmProjects/DE_Zoomcamp_Capstone_Project/.venv/lib/python3.10/site-packages/airflow/example_dags/example_short_circuit_decorator.py
[2025-04-05T10:11:22.898+0100] {processor.py:925} INFO - DAG(s) 'example_short_circuit_decorator' retrieved from /home/Data_Professional/PycharmProjects/DE_Zoomcamp_Capstone_Project/.venv/lib/python3.10/site-packages/airflow/example_dags/example_short_circuit_decorator.py
[2025-04-05T10:11:22.922+0100] {logging_mixin.py:190} INFO - [2025-04-05T10:11:22.921+0100] {dag.py:3239} INFO - Sync 1 DAGs
[2025-04-05T10:11:22.939+0100] {logging_mixin.py:190} INFO - [2025-04-05T10:11:22.938+0100] {dag.py:4180} INFO - Setting next_dagrun for example_short_circuit_decorator to None, run_after=None
[2025-04-05T10:11:22.958+0100] {processor.py:208} INFO - Processing /home/Data_Professional/PycharmProjects/DE_Zoomcamp_Capstone_Project/.venv/lib/python3.10/site-packages/airflow/example_dags/example_short_circuit_decorator.py took 0.082 seconds
[2025-04-05T10:12:25.212+0100] {processor.py:186} INFO - Started process (PID=15024) to work on /home/Data_Professional/PycharmProjects/DE_Zoomcamp_Capstone_Project/.venv/lib/python3.10/site-packages/airflow/example_dags/example_short_circuit_decorator.py
[2025-04-05T10:12:25.215+0100] {processor.py:914} INFO - Processing file /home/Data_Professional/PycharmProjects/DE_Zoomcamp_Capstone_Project/.venv/lib/python3.10/site-packages/airflow/example_dags/example_short_circuit_decorator.py for tasks to queue
[2025-04-05T10:12:25.216+0100] {logging_mixin.py:190} INFO - [2025-04-05T10:12:25.216+0100] {dagbag.py:588} INFO - Filling up the DagBag from /home/Data_Professional/PycharmProjects/DE_Zoomcamp_Capstone_Project/.venv/lib/python3.10/site-packages/airflow/example_dags/example_short_circuit_decorator.py
[2025-04-05T10:12:25.224+0100] {processor.py:925} INFO - DAG(s) 'example_short_circuit_decorator' retrieved from /home/Data_Professional/PycharmProjects/DE_Zoomcamp_Capstone_Project/.venv/lib/python3.10/site-packages/airflow/example_dags/example_short_circuit_decorator.py
[2025-04-05T10:12:25.239+0100] {logging_mixin.py:190} INFO - [2025-04-05T10:12:25.238+0100] {dag.py:3239} INFO - Sync 1 DAGs
[2025-04-05T10:12:25.249+0100] {logging_mixin.py:190} INFO - [2025-04-05T10:12:25.249+0100] {dag.py:4180} INFO - Setting next_dagrun for example_short_circuit_decorator to None, run_after=None
[2025-04-05T10:12:25.345+0100] {processor.py:208} INFO - Processing /home/Data_Professional/PycharmProjects/DE_Zoomcamp_Capstone_Project/.venv/lib/python3.10/site-packages/airflow/example_dags/example_short_circuit_decorator.py took 0.140 seconds
[2025-04-05T10:13:25.816+0100] {processor.py:186} INFO - Started process (PID=15119) to work on /home/Data_Professional/PycharmProjects/DE_Zoomcamp_Capstone_Project/.venv/lib/python3.10/site-packages/airflow/example_dags/example_short_circuit_decorator.py
[2025-04-05T10:13:25.819+0100] {processor.py:914} INFO - Processing file /home/Data_Professional/PycharmProjects/DE_Zoomcamp_Capstone_Project/.venv/lib/python3.10/site-packages/airflow/example_dags/example_short_circuit_decorator.py for tasks to queue
[2025-04-05T10:13:25.821+0100] {logging_mixin.py:190} INFO - [2025-04-05T10:13:25.821+0100] {dagbag.py:588} INFO - Filling up the DagBag from /home/Data_Professional/PycharmProjects/DE_Zoomcamp_Capstone_Project/.venv/lib/python3.10/site-packages/airflow/example_dags/example_short_circuit_decorator.py
[2025-04-05T10:13:25.842+0100] {processor.py:925} INFO - DAG(s) 'example_short_circuit_decorator' retrieved from /home/Data_Professional/PycharmProjects/DE_Zoomcamp_Capstone_Project/.venv/lib/python3.10/site-packages/airflow/example_dags/example_short_circuit_decorator.py
[2025-04-05T10:13:25.863+0100] {logging_mixin.py:190} INFO - [2025-04-05T10:13:25.863+0100] {dag.py:3239} INFO - Sync 1 DAGs
[2025-04-05T10:13:25.873+0100] {logging_mixin.py:190} INFO - [2025-04-05T10:13:25.873+0100] {dag.py:4180} INFO - Setting next_dagrun for example_short_circuit_decorator to None, run_after=None
[2025-04-05T10:13:25.889+0100] {processor.py:208} INFO - Processing /home/Data_Professional/PycharmProjects/DE_Zoomcamp_Capstone_Project/.venv/lib/python3.10/site-packages/airflow/example_dags/example_short_circuit_decorator.py took 0.078 seconds
[2025-04-05T10:14:20.652+0100] {processor.py:186} INFO - Started process (PID=15201) to work on /home/Data_Professional/PycharmProjects/DE_Zoomcamp_Capstone_Project/.venv/lib/python3.10/site-packages/airflow/example_dags/example_short_circuit_decorator.py
[2025-04-05T10:14:20.655+0100] {processor.py:914} INFO - Processing file /home/Data_Professional/PycharmProjects/DE_Zoomcamp_Capstone_Project/.venv/lib/python3.10/site-packages/airflow/example_dags/example_short_circuit_decorator.py for tasks to queue
[2025-04-05T10:14:20.657+0100] {logging_mixin.py:190} INFO - [2025-04-05T10:14:20.657+0100] {dagbag.py:588} INFO - Filling up the DagBag from /home/Data_Professional/PycharmProjects/DE_Zoomcamp_Capstone_Project/.venv/lib/python3.10/site-packages/airflow/example_dags/example_short_circuit_decorator.py
[2025-04-05T10:14:20.677+0100] {processor.py:925} INFO - DAG(s) 'example_short_circuit_decorator' retrieved from /home/Data_Professional/PycharmProjects/DE_Zoomcamp_Capstone_Project/.venv/lib/python3.10/site-packages/airflow/example_dags/example_short_circuit_decorator.py
[2025-04-05T10:14:20.697+0100] {logging_mixin.py:190} INFO - [2025-04-05T10:14:20.697+0100] {dag.py:3239} INFO - Sync 1 DAGs
[2025-04-05T10:14:20.707+0100] {logging_mixin.py:190} INFO - [2025-04-05T10:14:20.707+0100] {dag.py:4180} INFO - Setting next_dagrun for example_short_circuit_decorator to None, run_after=None
[2025-04-05T10:14:20.729+0100] {processor.py:208} INFO - Processing /home/Data_Professional/PycharmProjects/DE_Zoomcamp_Capstone_Project/.venv/lib/python3.10/site-packages/airflow/example_dags/example_short_circuit_decorator.py took 0.082 seconds
