[2025-04-05T09:56:02.035+0100] {processor.py:186} INFO - Started process (PID=12069) to work on /home/Data_Professional/PycharmProjects/DE_Zoomcamp_Capstone_Project/.venv/lib/python3.10/site-packages/airflow/example_dags/example_branch_labels.py
[2025-04-05T09:56:02.036+0100] {processor.py:914} INFO - Processing file /home/Data_Professional/PycharmProjects/DE_Zoomcamp_Capstone_Project/.venv/lib/python3.10/site-packages/airflow/example_dags/example_branch_labels.py for tasks to queue
[2025-04-05T09:56:02.038+0100] {logging_mixin.py:190} INFO - [2025-04-05T09:56:02.037+0100] {dagbag.py:588} INFO - Filling up the DagBag from /home/Data_Professional/PycharmProjects/DE_Zoomcamp_Capstone_Project/.venv/lib/python3.10/site-packages/airflow/example_dags/example_branch_labels.py
[2025-04-05T09:56:02.045+0100] {processor.py:925} INFO - DAG(s) 'example_branch_labels' retrieved from /home/Data_Professional/PycharmProjects/DE_Zoomcamp_Capstone_Project/.venv/lib/python3.10/site-packages/airflow/example_dags/example_branch_labels.py
[2025-04-05T09:56:02.137+0100] {logging_mixin.py:190} INFO - [2025-04-05T09:56:02.136+0100] {override.py:1912} INFO - Created Permission View: can read on DAG:example_branch_labels
[2025-04-05T09:56:02.148+0100] {logging_mixin.py:190} INFO - [2025-04-05T09:56:02.148+0100] {override.py:1912} INFO - Created Permission View: can delete on DAG:example_branch_labels
[2025-04-05T09:56:02.158+0100] {logging_mixin.py:190} INFO - [2025-04-05T09:56:02.157+0100] {override.py:1912} INFO - Created Permission View: can edit on DAG:example_branch_labels
[2025-04-05T09:56:02.168+0100] {logging_mixin.py:190} INFO - [2025-04-05T09:56:02.168+0100] {override.py:1912} INFO - Created Permission View: can create on DAG Run:example_branch_labels
[2025-04-05T09:56:02.177+0100] {logging_mixin.py:190} INFO - [2025-04-05T09:56:02.176+0100] {override.py:1912} INFO - Created Permission View: can read on DAG Run:example_branch_labels
[2025-04-05T09:56:02.185+0100] {logging_mixin.py:190} INFO - [2025-04-05T09:56:02.184+0100] {override.py:1912} INFO - Created Permission View: can delete on DAG Run:example_branch_labels
[2025-04-05T09:56:02.193+0100] {logging_mixin.py:190} INFO - [2025-04-05T09:56:02.193+0100] {override.py:1912} INFO - Created Permission View: menu access on DAG Run:example_branch_labels
[2025-04-05T09:56:02.194+0100] {logging_mixin.py:190} INFO - [2025-04-05T09:56:02.194+0100] {dag.py:3239} INFO - Sync 1 DAGs
[2025-04-05T09:56:02.210+0100] {logging_mixin.py:190} INFO - [2025-04-05T09:56:02.210+0100] {dag.py:3262} INFO - Creating ORM DAG for example_branch_labels
[2025-04-05T09:56:02.222+0100] {logging_mixin.py:190} INFO - [2025-04-05T09:56:02.222+0100] {dag.py:4180} INFO - Setting next_dagrun for example_branch_labels to 2025-04-04 00:00:00+00:00, run_after=2025-04-05 00:00:00+00:00
[2025-04-05T09:56:02.244+0100] {processor.py:208} INFO - Processing /home/Data_Professional/PycharmProjects/DE_Zoomcamp_Capstone_Project/.venv/lib/python3.10/site-packages/airflow/example_dags/example_branch_labels.py took 0.213 seconds
[2025-04-05T09:57:01.727+0100] {processor.py:186} INFO - Started process (PID=12256) to work on /home/Data_Professional/PycharmProjects/DE_Zoomcamp_Capstone_Project/.venv/lib/python3.10/site-packages/airflow/example_dags/example_branch_labels.py
[2025-04-05T09:57:01.730+0100] {processor.py:914} INFO - Processing file /home/Data_Professional/PycharmProjects/DE_Zoomcamp_Capstone_Project/.venv/lib/python3.10/site-packages/airflow/example_dags/example_branch_labels.py for tasks to queue
[2025-04-05T09:57:01.732+0100] {logging_mixin.py:190} INFO - [2025-04-05T09:57:01.732+0100] {dagbag.py:588} INFO - Filling up the DagBag from /home/Data_Professional/PycharmProjects/DE_Zoomcamp_Capstone_Project/.venv/lib/python3.10/site-packages/airflow/example_dags/example_branch_labels.py
[2025-04-05T09:57:01.746+0100] {processor.py:925} INFO - DAG(s) 'example_branch_labels' retrieved from /home/Data_Professional/PycharmProjects/DE_Zoomcamp_Capstone_Project/.venv/lib/python3.10/site-packages/airflow/example_dags/example_branch_labels.py
[2025-04-05T09:57:01.760+0100] {logging_mixin.py:190} INFO - [2025-04-05T09:57:01.760+0100] {dag.py:3239} INFO - Sync 1 DAGs
[2025-04-05T09:57:01.777+0100] {logging_mixin.py:190} INFO - [2025-04-05T09:57:01.777+0100] {dag.py:4180} INFO - Setting next_dagrun for example_branch_labels to 2025-04-04 00:00:00+00:00, run_after=2025-04-05 00:00:00+00:00
[2025-04-05T09:57:01.793+0100] {processor.py:208} INFO - Processing /home/Data_Professional/PycharmProjects/DE_Zoomcamp_Capstone_Project/.venv/lib/python3.10/site-packages/airflow/example_dags/example_branch_labels.py took 0.075 seconds
[2025-04-05T09:57:59.225+0100] {processor.py:186} INFO - Started process (PID=12323) to work on /home/Data_Professional/PycharmProjects/DE_Zoomcamp_Capstone_Project/.venv/lib/python3.10/site-packages/airflow/example_dags/example_branch_labels.py
[2025-04-05T09:57:59.228+0100] {processor.py:914} INFO - Processing file /home/Data_Professional/PycharmProjects/DE_Zoomcamp_Capstone_Project/.venv/lib/python3.10/site-packages/airflow/example_dags/example_branch_labels.py for tasks to queue
[2025-04-05T09:57:59.232+0100] {logging_mixin.py:190} INFO - [2025-04-05T09:57:59.231+0100] {dagbag.py:588} INFO - Filling up the DagBag from /home/Data_Professional/PycharmProjects/DE_Zoomcamp_Capstone_Project/.venv/lib/python3.10/site-packages/airflow/example_dags/example_branch_labels.py
[2025-04-05T09:57:59.248+0100] {processor.py:925} INFO - DAG(s) 'example_branch_labels' retrieved from /home/Data_Professional/PycharmProjects/DE_Zoomcamp_Capstone_Project/.venv/lib/python3.10/site-packages/airflow/example_dags/example_branch_labels.py
[2025-04-05T09:57:59.264+0100] {logging_mixin.py:190} INFO - [2025-04-05T09:57:59.264+0100] {dag.py:3239} INFO - Sync 1 DAGs
[2025-04-05T09:57:59.281+0100] {logging_mixin.py:190} INFO - [2025-04-05T09:57:59.281+0100] {dag.py:4180} INFO - Setting next_dagrun for example_branch_labels to 2025-04-04 00:00:00+00:00, run_after=2025-04-05 00:00:00+00:00
[2025-04-05T09:57:59.297+0100] {processor.py:208} INFO - Processing /home/Data_Professional/PycharmProjects/DE_Zoomcamp_Capstone_Project/.venv/lib/python3.10/site-packages/airflow/example_dags/example_branch_labels.py took 0.083 seconds
[2025-04-05T09:59:21.141+0100] {processor.py:186} INFO - Started process (PID=12424) to work on /home/Data_Professional/PycharmProjects/DE_Zoomcamp_Capstone_Project/.venv/lib/python3.10/site-packages/airflow/example_dags/example_branch_labels.py
[2025-04-05T09:59:21.144+0100] {processor.py:914} INFO - Processing file /home/Data_Professional/PycharmProjects/DE_Zoomcamp_Capstone_Project/.venv/lib/python3.10/site-packages/airflow/example_dags/example_branch_labels.py for tasks to queue
[2025-04-05T09:59:21.149+0100] {logging_mixin.py:190} INFO - [2025-04-05T09:59:21.148+0100] {dagbag.py:588} INFO - Filling up the DagBag from /home/Data_Professional/PycharmProjects/DE_Zoomcamp_Capstone_Project/.venv/lib/python3.10/site-packages/airflow/example_dags/example_branch_labels.py
[2025-04-05T09:59:21.163+0100] {processor.py:925} INFO - DAG(s) 'example_branch_labels' retrieved from /home/Data_Professional/PycharmProjects/DE_Zoomcamp_Capstone_Project/.venv/lib/python3.10/site-packages/airflow/example_dags/example_branch_labels.py
[2025-04-05T09:59:21.177+0100] {logging_mixin.py:190} INFO - [2025-04-05T09:59:21.177+0100] {dag.py:3239} INFO - Sync 1 DAGs
[2025-04-05T09:59:21.195+0100] {logging_mixin.py:190} INFO - [2025-04-05T09:59:21.194+0100] {dag.py:4180} INFO - Setting next_dagrun for example_branch_labels to 2025-04-04 00:00:00+00:00, run_after=2025-04-05 00:00:00+00:00
[2025-04-05T09:59:21.210+0100] {processor.py:208} INFO - Processing /home/Data_Professional/PycharmProjects/DE_Zoomcamp_Capstone_Project/.venv/lib/python3.10/site-packages/airflow/example_dags/example_branch_labels.py took 0.083 seconds
[2025-04-05T10:00:20.069+0100] {processor.py:186} INFO - Started process (PID=12647) to work on /home/Data_Professional/PycharmProjects/DE_Zoomcamp_Capstone_Project/.venv/lib/python3.10/site-packages/airflow/example_dags/example_branch_labels.py
[2025-04-05T10:00:20.071+0100] {processor.py:914} INFO - Processing file /home/Data_Professional/PycharmProjects/DE_Zoomcamp_Capstone_Project/.venv/lib/python3.10/site-packages/airflow/example_dags/example_branch_labels.py for tasks to queue
[2025-04-05T10:00:20.074+0100] {logging_mixin.py:190} INFO - [2025-04-05T10:00:20.073+0100] {dagbag.py:588} INFO - Filling up the DagBag from /home/Data_Professional/PycharmProjects/DE_Zoomcamp_Capstone_Project/.venv/lib/python3.10/site-packages/airflow/example_dags/example_branch_labels.py
[2025-04-05T10:00:20.088+0100] {processor.py:925} INFO - DAG(s) 'example_branch_labels' retrieved from /home/Data_Professional/PycharmProjects/DE_Zoomcamp_Capstone_Project/.venv/lib/python3.10/site-packages/airflow/example_dags/example_branch_labels.py
[2025-04-05T10:00:20.102+0100] {logging_mixin.py:190} INFO - [2025-04-05T10:00:20.102+0100] {dag.py:3239} INFO - Sync 1 DAGs
[2025-04-05T10:00:20.118+0100] {logging_mixin.py:190} INFO - [2025-04-05T10:00:20.118+0100] {dag.py:4180} INFO - Setting next_dagrun for example_branch_labels to 2025-04-04 00:00:00+00:00, run_after=2025-04-05 00:00:00+00:00
[2025-04-05T10:00:20.134+0100] {processor.py:208} INFO - Processing /home/Data_Professional/PycharmProjects/DE_Zoomcamp_Capstone_Project/.venv/lib/python3.10/site-packages/airflow/example_dags/example_branch_labels.py took 0.074 seconds
[2025-04-05T10:01:17.679+0100] {processor.py:186} INFO - Started process (PID=12884) to work on /home/Data_Professional/PycharmProjects/DE_Zoomcamp_Capstone_Project/.venv/lib/python3.10/site-packages/airflow/example_dags/example_branch_labels.py
[2025-04-05T10:01:17.682+0100] {processor.py:914} INFO - Processing file /home/Data_Professional/PycharmProjects/DE_Zoomcamp_Capstone_Project/.venv/lib/python3.10/site-packages/airflow/example_dags/example_branch_labels.py for tasks to queue
[2025-04-05T10:01:17.689+0100] {logging_mixin.py:190} INFO - [2025-04-05T10:01:17.688+0100] {dagbag.py:588} INFO - Filling up the DagBag from /home/Data_Professional/PycharmProjects/DE_Zoomcamp_Capstone_Project/.venv/lib/python3.10/site-packages/airflow/example_dags/example_branch_labels.py
[2025-04-05T10:01:17.708+0100] {processor.py:925} INFO - DAG(s) 'example_branch_labels' retrieved from /home/Data_Professional/PycharmProjects/DE_Zoomcamp_Capstone_Project/.venv/lib/python3.10/site-packages/airflow/example_dags/example_branch_labels.py
[2025-04-05T10:01:17.724+0100] {logging_mixin.py:190} INFO - [2025-04-05T10:01:17.724+0100] {dag.py:3239} INFO - Sync 1 DAGs
[2025-04-05T10:01:17.740+0100] {logging_mixin.py:190} INFO - [2025-04-05T10:01:17.740+0100] {dag.py:4180} INFO - Setting next_dagrun for example_branch_labels to 2025-04-04 00:00:00+00:00, run_after=2025-04-05 00:00:00+00:00
[2025-04-05T10:01:17.756+0100] {processor.py:208} INFO - Processing /home/Data_Professional/PycharmProjects/DE_Zoomcamp_Capstone_Project/.venv/lib/python3.10/site-packages/airflow/example_dags/example_branch_labels.py took 0.086 seconds
[2025-04-05T10:02:14.414+0100] {processor.py:186} INFO - Started process (PID=12991) to work on /home/Data_Professional/PycharmProjects/DE_Zoomcamp_Capstone_Project/.venv/lib/python3.10/site-packages/airflow/example_dags/example_branch_labels.py
[2025-04-05T10:02:14.417+0100] {processor.py:914} INFO - Processing file /home/Data_Professional/PycharmProjects/DE_Zoomcamp_Capstone_Project/.venv/lib/python3.10/site-packages/airflow/example_dags/example_branch_labels.py for tasks to queue
[2025-04-05T10:02:14.423+0100] {logging_mixin.py:190} INFO - [2025-04-05T10:02:14.422+0100] {dagbag.py:588} INFO - Filling up the DagBag from /home/Data_Professional/PycharmProjects/DE_Zoomcamp_Capstone_Project/.venv/lib/python3.10/site-packages/airflow/example_dags/example_branch_labels.py
[2025-04-05T10:02:14.436+0100] {processor.py:925} INFO - DAG(s) 'example_branch_labels' retrieved from /home/Data_Professional/PycharmProjects/DE_Zoomcamp_Capstone_Project/.venv/lib/python3.10/site-packages/airflow/example_dags/example_branch_labels.py
[2025-04-05T10:02:14.448+0100] {logging_mixin.py:190} INFO - [2025-04-05T10:02:14.448+0100] {dag.py:3239} INFO - Sync 1 DAGs
[2025-04-05T10:02:14.465+0100] {logging_mixin.py:190} INFO - [2025-04-05T10:02:14.465+0100] {dag.py:4180} INFO - Setting next_dagrun for example_branch_labels to 2025-04-04 00:00:00+00:00, run_after=2025-04-05 00:00:00+00:00
[2025-04-05T10:02:14.480+0100] {processor.py:208} INFO - Processing /home/Data_Professional/PycharmProjects/DE_Zoomcamp_Capstone_Project/.venv/lib/python3.10/site-packages/airflow/example_dags/example_branch_labels.py took 0.080 seconds
[2025-04-05T10:03:13.173+0100] {processor.py:186} INFO - Started process (PID=13116) to work on /home/Data_Professional/PycharmProjects/DE_Zoomcamp_Capstone_Project/.venv/lib/python3.10/site-packages/airflow/example_dags/example_branch_labels.py
[2025-04-05T10:03:13.176+0100] {processor.py:914} INFO - Processing file /home/Data_Professional/PycharmProjects/DE_Zoomcamp_Capstone_Project/.venv/lib/python3.10/site-packages/airflow/example_dags/example_branch_labels.py for tasks to queue
[2025-04-05T10:03:13.178+0100] {logging_mixin.py:190} INFO - [2025-04-05T10:03:13.177+0100] {dagbag.py:588} INFO - Filling up the DagBag from /home/Data_Professional/PycharmProjects/DE_Zoomcamp_Capstone_Project/.venv/lib/python3.10/site-packages/airflow/example_dags/example_branch_labels.py
[2025-04-05T10:03:13.187+0100] {processor.py:925} INFO - DAG(s) 'example_branch_labels' retrieved from /home/Data_Professional/PycharmProjects/DE_Zoomcamp_Capstone_Project/.venv/lib/python3.10/site-packages/airflow/example_dags/example_branch_labels.py
[2025-04-05T10:03:13.201+0100] {logging_mixin.py:190} INFO - [2025-04-05T10:03:13.201+0100] {dag.py:3239} INFO - Sync 1 DAGs
[2025-04-05T10:03:13.219+0100] {logging_mixin.py:190} INFO - [2025-04-05T10:03:13.219+0100] {dag.py:4180} INFO - Setting next_dagrun for example_branch_labels to 2025-04-04 00:00:00+00:00, run_after=2025-04-05 00:00:00+00:00
[2025-04-05T10:03:13.238+0100] {processor.py:208} INFO - Processing /home/Data_Professional/PycharmProjects/DE_Zoomcamp_Capstone_Project/.venv/lib/python3.10/site-packages/airflow/example_dags/example_branch_labels.py took 0.071 seconds
[2025-04-05T10:04:13.891+0100] {processor.py:186} INFO - Started process (PID=13231) to work on /home/Data_Professional/PycharmProjects/DE_Zoomcamp_Capstone_Project/.venv/lib/python3.10/site-packages/airflow/example_dags/example_branch_labels.py
[2025-04-05T10:04:13.894+0100] {processor.py:914} INFO - Processing file /home/Data_Professional/PycharmProjects/DE_Zoomcamp_Capstone_Project/.venv/lib/python3.10/site-packages/airflow/example_dags/example_branch_labels.py for tasks to queue
[2025-04-05T10:04:13.898+0100] {logging_mixin.py:190} INFO - [2025-04-05T10:04:13.897+0100] {dagbag.py:588} INFO - Filling up the DagBag from /home/Data_Professional/PycharmProjects/DE_Zoomcamp_Capstone_Project/.venv/lib/python3.10/site-packages/airflow/example_dags/example_branch_labels.py
[2025-04-05T10:04:13.911+0100] {processor.py:925} INFO - DAG(s) 'example_branch_labels' retrieved from /home/Data_Professional/PycharmProjects/DE_Zoomcamp_Capstone_Project/.venv/lib/python3.10/site-packages/airflow/example_dags/example_branch_labels.py
[2025-04-05T10:04:13.926+0100] {logging_mixin.py:190} INFO - [2025-04-05T10:04:13.926+0100] {dag.py:3239} INFO - Sync 1 DAGs
[2025-04-05T10:04:13.945+0100] {logging_mixin.py:190} INFO - [2025-04-05T10:04:13.945+0100] {dag.py:4180} INFO - Setting next_dagrun for example_branch_labels to 2025-04-04 00:00:00+00:00, run_after=2025-04-05 00:00:00+00:00
[2025-04-05T10:04:13.964+0100] {processor.py:208} INFO - Processing /home/Data_Professional/PycharmProjects/DE_Zoomcamp_Capstone_Project/.venv/lib/python3.10/site-packages/airflow/example_dags/example_branch_labels.py took 0.082 seconds
[2025-04-05T10:05:13.769+0100] {processor.py:186} INFO - Started process (PID=13463) to work on /home/Data_Professional/PycharmProjects/DE_Zoomcamp_Capstone_Project/.venv/lib/python3.10/site-packages/airflow/example_dags/example_branch_labels.py
[2025-04-05T10:05:13.772+0100] {processor.py:914} INFO - Processing file /home/Data_Professional/PycharmProjects/DE_Zoomcamp_Capstone_Project/.venv/lib/python3.10/site-packages/airflow/example_dags/example_branch_labels.py for tasks to queue
[2025-04-05T10:05:13.774+0100] {logging_mixin.py:190} INFO - [2025-04-05T10:05:13.773+0100] {dagbag.py:588} INFO - Filling up the DagBag from /home/Data_Professional/PycharmProjects/DE_Zoomcamp_Capstone_Project/.venv/lib/python3.10/site-packages/airflow/example_dags/example_branch_labels.py
[2025-04-05T10:05:13.787+0100] {processor.py:925} INFO - DAG(s) 'example_branch_labels' retrieved from /home/Data_Professional/PycharmProjects/DE_Zoomcamp_Capstone_Project/.venv/lib/python3.10/site-packages/airflow/example_dags/example_branch_labels.py
[2025-04-05T10:05:13.802+0100] {logging_mixin.py:190} INFO - [2025-04-05T10:05:13.801+0100] {dag.py:3239} INFO - Sync 1 DAGs
[2025-04-05T10:05:13.819+0100] {logging_mixin.py:190} INFO - [2025-04-05T10:05:13.819+0100] {dag.py:4180} INFO - Setting next_dagrun for example_branch_labels to 2025-04-04 00:00:00+00:00, run_after=2025-04-05 00:00:00+00:00
[2025-04-05T10:05:13.836+0100] {processor.py:208} INFO - Processing /home/Data_Professional/PycharmProjects/DE_Zoomcamp_Capstone_Project/.venv/lib/python3.10/site-packages/airflow/example_dags/example_branch_labels.py took 0.078 seconds
[2025-04-05T10:06:15.132+0100] {processor.py:186} INFO - Started process (PID=13645) to work on /home/Data_Professional/PycharmProjects/DE_Zoomcamp_Capstone_Project/.venv/lib/python3.10/site-packages/airflow/example_dags/example_branch_labels.py
[2025-04-05T10:06:15.135+0100] {processor.py:914} INFO - Processing file /home/Data_Professional/PycharmProjects/DE_Zoomcamp_Capstone_Project/.venv/lib/python3.10/site-packages/airflow/example_dags/example_branch_labels.py for tasks to queue
[2025-04-05T10:06:15.137+0100] {logging_mixin.py:190} INFO - [2025-04-05T10:06:15.137+0100] {dagbag.py:588} INFO - Filling up the DagBag from /home/Data_Professional/PycharmProjects/DE_Zoomcamp_Capstone_Project/.venv/lib/python3.10/site-packages/airflow/example_dags/example_branch_labels.py
[2025-04-05T10:06:15.146+0100] {processor.py:925} INFO - DAG(s) 'example_branch_labels' retrieved from /home/Data_Professional/PycharmProjects/DE_Zoomcamp_Capstone_Project/.venv/lib/python3.10/site-packages/airflow/example_dags/example_branch_labels.py
[2025-04-05T10:06:15.160+0100] {logging_mixin.py:190} INFO - [2025-04-05T10:06:15.160+0100] {dag.py:3239} INFO - Sync 1 DAGs
[2025-04-05T10:06:15.179+0100] {logging_mixin.py:190} INFO - [2025-04-05T10:06:15.179+0100] {dag.py:4180} INFO - Setting next_dagrun for example_branch_labels to 2025-04-04 00:00:00+00:00, run_after=2025-04-05 00:00:00+00:00
[2025-04-05T10:06:15.195+0100] {processor.py:208} INFO - Processing /home/Data_Professional/PycharmProjects/DE_Zoomcamp_Capstone_Project/.venv/lib/python3.10/site-packages/airflow/example_dags/example_branch_labels.py took 0.070 seconds
[2025-04-05T10:07:17.597+0100] {processor.py:186} INFO - Started process (PID=13851) to work on /home/Data_Professional/PycharmProjects/DE_Zoomcamp_Capstone_Project/.venv/lib/python3.10/site-packages/airflow/example_dags/example_branch_labels.py
[2025-04-05T10:07:17.600+0100] {processor.py:914} INFO - Processing file /home/Data_Professional/PycharmProjects/DE_Zoomcamp_Capstone_Project/.venv/lib/python3.10/site-packages/airflow/example_dags/example_branch_labels.py for tasks to queue
[2025-04-05T10:07:17.602+0100] {logging_mixin.py:190} INFO - [2025-04-05T10:07:17.602+0100] {dagbag.py:588} INFO - Filling up the DagBag from /home/Data_Professional/PycharmProjects/DE_Zoomcamp_Capstone_Project/.venv/lib/python3.10/site-packages/airflow/example_dags/example_branch_labels.py
[2025-04-05T10:07:17.615+0100] {processor.py:925} INFO - DAG(s) 'example_branch_labels' retrieved from /home/Data_Professional/PycharmProjects/DE_Zoomcamp_Capstone_Project/.venv/lib/python3.10/site-packages/airflow/example_dags/example_branch_labels.py
[2025-04-05T10:07:17.629+0100] {logging_mixin.py:190} INFO - [2025-04-05T10:07:17.629+0100] {dag.py:3239} INFO - Sync 1 DAGs
[2025-04-05T10:07:17.647+0100] {logging_mixin.py:190} INFO - [2025-04-05T10:07:17.646+0100] {dag.py:4180} INFO - Setting next_dagrun for example_branch_labels to 2025-04-04 00:00:00+00:00, run_after=2025-04-05 00:00:00+00:00
[2025-04-05T10:07:17.663+0100] {processor.py:208} INFO - Processing /home/Data_Professional/PycharmProjects/DE_Zoomcamp_Capstone_Project/.venv/lib/python3.10/site-packages/airflow/example_dags/example_branch_labels.py took 0.074 seconds
[2025-04-05T10:08:20.610+0100] {processor.py:186} INFO - Started process (PID=14151) to work on /home/Data_Professional/PycharmProjects/DE_Zoomcamp_Capstone_Project/.venv/lib/python3.10/site-packages/airflow/example_dags/example_branch_labels.py
[2025-04-05T10:08:20.616+0100] {processor.py:914} INFO - Processing file /home/Data_Professional/PycharmProjects/DE_Zoomcamp_Capstone_Project/.venv/lib/python3.10/site-packages/airflow/example_dags/example_branch_labels.py for tasks to queue
[2025-04-05T10:08:20.618+0100] {logging_mixin.py:190} INFO - [2025-04-05T10:08:20.617+0100] {dagbag.py:588} INFO - Filling up the DagBag from /home/Data_Professional/PycharmProjects/DE_Zoomcamp_Capstone_Project/.venv/lib/python3.10/site-packages/airflow/example_dags/example_branch_labels.py
[2025-04-05T10:08:20.631+0100] {processor.py:925} INFO - DAG(s) 'example_branch_labels' retrieved from /home/Data_Professional/PycharmProjects/DE_Zoomcamp_Capstone_Project/.venv/lib/python3.10/site-packages/airflow/example_dags/example_branch_labels.py
[2025-04-05T10:08:20.651+0100] {logging_mixin.py:190} INFO - [2025-04-05T10:08:20.651+0100] {dag.py:3239} INFO - Sync 1 DAGs
[2025-04-05T10:08:20.681+0100] {logging_mixin.py:190} INFO - [2025-04-05T10:08:20.681+0100] {dag.py:4180} INFO - Setting next_dagrun for example_branch_labels to 2025-04-04 00:00:00+00:00, run_after=2025-04-05 00:00:00+00:00
[2025-04-05T10:08:20.715+0100] {processor.py:208} INFO - Processing /home/Data_Professional/PycharmProjects/DE_Zoomcamp_Capstone_Project/.venv/lib/python3.10/site-packages/airflow/example_dags/example_branch_labels.py took 0.112 seconds
[2025-04-05T10:09:33.011+0100] {processor.py:186} INFO - Started process (PID=14342) to work on /home/Data_Professional/PycharmProjects/DE_Zoomcamp_Capstone_Project/.venv/lib/python3.10/site-packages/airflow/example_dags/example_branch_labels.py
[2025-04-05T10:09:33.015+0100] {processor.py:914} INFO - Processing file /home/Data_Professional/PycharmProjects/DE_Zoomcamp_Capstone_Project/.venv/lib/python3.10/site-packages/airflow/example_dags/example_branch_labels.py for tasks to queue
[2025-04-05T10:09:33.018+0100] {logging_mixin.py:190} INFO - [2025-04-05T10:09:33.017+0100] {dagbag.py:588} INFO - Filling up the DagBag from /home/Data_Professional/PycharmProjects/DE_Zoomcamp_Capstone_Project/.venv/lib/python3.10/site-packages/airflow/example_dags/example_branch_labels.py
[2025-04-05T10:09:33.034+0100] {processor.py:925} INFO - DAG(s) 'example_branch_labels' retrieved from /home/Data_Professional/PycharmProjects/DE_Zoomcamp_Capstone_Project/.venv/lib/python3.10/site-packages/airflow/example_dags/example_branch_labels.py
[2025-04-05T10:09:33.049+0100] {logging_mixin.py:190} INFO - [2025-04-05T10:09:33.048+0100] {dag.py:3239} INFO - Sync 1 DAGs
[2025-04-05T10:09:33.066+0100] {logging_mixin.py:190} INFO - [2025-04-05T10:09:33.066+0100] {dag.py:4180} INFO - Setting next_dagrun for example_branch_labels to 2025-04-04 00:00:00+00:00, run_after=2025-04-05 00:00:00+00:00
[2025-04-05T10:09:33.082+0100] {processor.py:208} INFO - Processing /home/Data_Professional/PycharmProjects/DE_Zoomcamp_Capstone_Project/.venv/lib/python3.10/site-packages/airflow/example_dags/example_branch_labels.py took 0.087 seconds
[2025-04-05T10:10:31.030+0100] {processor.py:186} INFO - Started process (PID=14522) to work on /home/Data_Professional/PycharmProjects/DE_Zoomcamp_Capstone_Project/.venv/lib/python3.10/site-packages/airflow/example_dags/example_branch_labels.py
[2025-04-05T10:10:31.033+0100] {processor.py:914} INFO - Processing file /home/Data_Professional/PycharmProjects/DE_Zoomcamp_Capstone_Project/.venv/lib/python3.10/site-packages/airflow/example_dags/example_branch_labels.py for tasks to queue
[2025-04-05T10:10:31.034+0100] {logging_mixin.py:190} INFO - [2025-04-05T10:10:31.034+0100] {dagbag.py:588} INFO - Filling up the DagBag from /home/Data_Professional/PycharmProjects/DE_Zoomcamp_Capstone_Project/.venv/lib/python3.10/site-packages/airflow/example_dags/example_branch_labels.py
[2025-04-05T10:10:31.045+0100] {processor.py:925} INFO - DAG(s) 'example_branch_labels' retrieved from /home/Data_Professional/PycharmProjects/DE_Zoomcamp_Capstone_Project/.venv/lib/python3.10/site-packages/airflow/example_dags/example_branch_labels.py
[2025-04-05T10:10:31.060+0100] {logging_mixin.py:190} INFO - [2025-04-05T10:10:31.060+0100] {dag.py:3239} INFO - Sync 1 DAGs
[2025-04-05T10:10:31.079+0100] {logging_mixin.py:190} INFO - [2025-04-05T10:10:31.079+0100] {dag.py:4180} INFO - Setting next_dagrun for example_branch_labels to 2025-04-04 00:00:00+00:00, run_after=2025-04-05 00:00:00+00:00
[2025-04-05T10:10:31.097+0100] {processor.py:208} INFO - Processing /home/Data_Professional/PycharmProjects/DE_Zoomcamp_Capstone_Project/.venv/lib/python3.10/site-packages/airflow/example_dags/example_branch_labels.py took 0.072 seconds
[2025-04-05T10:11:32.980+0100] {processor.py:186} INFO - Started process (PID=14689) to work on /home/Data_Professional/PycharmProjects/DE_Zoomcamp_Capstone_Project/.venv/lib/python3.10/site-packages/airflow/example_dags/example_branch_labels.py
[2025-04-05T10:11:32.984+0100] {processor.py:914} INFO - Processing file /home/Data_Professional/PycharmProjects/DE_Zoomcamp_Capstone_Project/.venv/lib/python3.10/site-packages/airflow/example_dags/example_branch_labels.py for tasks to queue
[2025-04-05T10:11:32.987+0100] {logging_mixin.py:190} INFO - [2025-04-05T10:11:32.986+0100] {dagbag.py:588} INFO - Filling up the DagBag from /home/Data_Professional/PycharmProjects/DE_Zoomcamp_Capstone_Project/.venv/lib/python3.10/site-packages/airflow/example_dags/example_branch_labels.py
[2025-04-05T10:11:33.005+0100] {processor.py:925} INFO - DAG(s) 'example_branch_labels' retrieved from /home/Data_Professional/PycharmProjects/DE_Zoomcamp_Capstone_Project/.venv/lib/python3.10/site-packages/airflow/example_dags/example_branch_labels.py
[2025-04-05T10:11:33.028+0100] {logging_mixin.py:190} INFO - [2025-04-05T10:11:33.027+0100] {dag.py:3239} INFO - Sync 1 DAGs
[2025-04-05T10:11:33.063+0100] {logging_mixin.py:190} INFO - [2025-04-05T10:11:33.063+0100] {dag.py:4180} INFO - Setting next_dagrun for example_branch_labels to 2025-04-04 00:00:00+00:00, run_after=2025-04-05 00:00:00+00:00
[2025-04-05T10:11:33.093+0100] {processor.py:208} INFO - Processing /home/Data_Professional/PycharmProjects/DE_Zoomcamp_Capstone_Project/.venv/lib/python3.10/site-packages/airflow/example_dags/example_branch_labels.py took 0.134 seconds
[2025-04-05T10:12:37.022+0100] {processor.py:186} INFO - Started process (PID=15040) to work on /home/Data_Professional/PycharmProjects/DE_Zoomcamp_Capstone_Project/.venv/lib/python3.10/site-packages/airflow/example_dags/example_branch_labels.py
[2025-04-05T10:12:37.025+0100] {processor.py:914} INFO - Processing file /home/Data_Professional/PycharmProjects/DE_Zoomcamp_Capstone_Project/.venv/lib/python3.10/site-packages/airflow/example_dags/example_branch_labels.py for tasks to queue
[2025-04-05T10:12:37.026+0100] {logging_mixin.py:190} INFO - [2025-04-05T10:12:37.026+0100] {dagbag.py:588} INFO - Filling up the DagBag from /home/Data_Professional/PycharmProjects/DE_Zoomcamp_Capstone_Project/.venv/lib/python3.10/site-packages/airflow/example_dags/example_branch_labels.py
[2025-04-05T10:12:37.037+0100] {processor.py:925} INFO - DAG(s) 'example_branch_labels' retrieved from /home/Data_Professional/PycharmProjects/DE_Zoomcamp_Capstone_Project/.venv/lib/python3.10/site-packages/airflow/example_dags/example_branch_labels.py
[2025-04-05T10:12:37.052+0100] {logging_mixin.py:190} INFO - [2025-04-05T10:12:37.052+0100] {dag.py:3239} INFO - Sync 1 DAGs
[2025-04-05T10:12:37.154+0100] {logging_mixin.py:190} INFO - [2025-04-05T10:12:37.154+0100] {dag.py:4180} INFO - Setting next_dagrun for example_branch_labels to 2025-04-04 00:00:00+00:00, run_after=2025-04-05 00:00:00+00:00
[2025-04-05T10:12:37.182+0100] {processor.py:208} INFO - Processing /home/Data_Professional/PycharmProjects/DE_Zoomcamp_Capstone_Project/.venv/lib/python3.10/site-packages/airflow/example_dags/example_branch_labels.py took 0.166 seconds
[2025-04-05T10:13:36.338+0100] {processor.py:186} INFO - Started process (PID=15132) to work on /home/Data_Professional/PycharmProjects/DE_Zoomcamp_Capstone_Project/.venv/lib/python3.10/site-packages/airflow/example_dags/example_branch_labels.py
[2025-04-05T10:13:36.341+0100] {processor.py:914} INFO - Processing file /home/Data_Professional/PycharmProjects/DE_Zoomcamp_Capstone_Project/.venv/lib/python3.10/site-packages/airflow/example_dags/example_branch_labels.py for tasks to queue
[2025-04-05T10:13:36.342+0100] {logging_mixin.py:190} INFO - [2025-04-05T10:13:36.342+0100] {dagbag.py:588} INFO - Filling up the DagBag from /home/Data_Professional/PycharmProjects/DE_Zoomcamp_Capstone_Project/.venv/lib/python3.10/site-packages/airflow/example_dags/example_branch_labels.py
[2025-04-05T10:13:36.351+0100] {processor.py:925} INFO - DAG(s) 'example_branch_labels' retrieved from /home/Data_Professional/PycharmProjects/DE_Zoomcamp_Capstone_Project/.venv/lib/python3.10/site-packages/airflow/example_dags/example_branch_labels.py
[2025-04-05T10:13:36.365+0100] {logging_mixin.py:190} INFO - [2025-04-05T10:13:36.365+0100] {dag.py:3239} INFO - Sync 1 DAGs
[2025-04-05T10:13:36.382+0100] {logging_mixin.py:190} INFO - [2025-04-05T10:13:36.382+0100] {dag.py:4180} INFO - Setting next_dagrun for example_branch_labels to 2025-04-04 00:00:00+00:00, run_after=2025-04-05 00:00:00+00:00
[2025-04-05T10:13:36.478+0100] {processor.py:208} INFO - Processing /home/Data_Professional/PycharmProjects/DE_Zoomcamp_Capstone_Project/.venv/lib/python3.10/site-packages/airflow/example_dags/example_branch_labels.py took 0.145 seconds
[2025-04-05T12:24:00.129+0100] {processor.py:186} INFO - Started process (PID=15488) to work on /home/Data_Professional/PycharmProjects/DE_Zoomcamp_Capstone_Project/.venv/lib/python3.10/site-packages/airflow/example_dags/example_branch_labels.py
[2025-04-05T12:24:00.133+0100] {processor.py:914} INFO - Processing file /home/Data_Professional/PycharmProjects/DE_Zoomcamp_Capstone_Project/.venv/lib/python3.10/site-packages/airflow/example_dags/example_branch_labels.py for tasks to queue
[2025-04-05T12:24:00.135+0100] {logging_mixin.py:190} INFO - [2025-04-05T12:24:00.134+0100] {dagbag.py:588} INFO - Filling up the DagBag from /home/Data_Professional/PycharmProjects/DE_Zoomcamp_Capstone_Project/.venv/lib/python3.10/site-packages/airflow/example_dags/example_branch_labels.py
[2025-04-05T12:24:00.151+0100] {processor.py:925} INFO - DAG(s) 'example_branch_labels' retrieved from /home/Data_Professional/PycharmProjects/DE_Zoomcamp_Capstone_Project/.venv/lib/python3.10/site-packages/airflow/example_dags/example_branch_labels.py
[2025-04-05T12:24:00.167+0100] {logging_mixin.py:190} INFO - [2025-04-05T12:24:00.167+0100] {dag.py:3239} INFO - Sync 1 DAGs
[2025-04-05T12:24:00.277+0100] {logging_mixin.py:190} INFO - [2025-04-05T12:24:00.277+0100] {dag.py:4180} INFO - Setting next_dagrun for example_branch_labels to 2025-04-04 00:00:00+00:00, run_after=2025-04-05 00:00:00+00:00
[2025-04-05T12:24:00.304+0100] {processor.py:208} INFO - Processing /home/Data_Professional/PycharmProjects/DE_Zoomcamp_Capstone_Project/.venv/lib/python3.10/site-packages/airflow/example_dags/example_branch_labels.py took 0.184 seconds
