[2025-04-05T09:55:27.356+0100] {processor.py:186} INFO - Started process (PID=11854) to work on /home/Data_Professional/PycharmProjects/DE_Zoomcamp_Capstone_Project/.venv/lib/python3.10/site-packages/airflow/example_dags/example_short_circuit_operator.py
[2025-04-05T09:55:27.356+0100] {processor.py:914} INFO - Processing file /home/Data_Professional/PycharmProjects/DE_Zoomcamp_Capstone_Project/.venv/lib/python3.10/site-packages/airflow/example_dags/example_short_circuit_operator.py for tasks to queue
[2025-04-05T09:55:27.358+0100] {logging_mixin.py:190} INFO - [2025-04-05T09:55:27.358+0100] {dagbag.py:588} INFO - Filling up the DagBag from /home/Data_Professional/PycharmProjects/DE_Zoomcamp_Capstone_Project/.venv/lib/python3.10/site-packages/airflow/example_dags/example_short_circuit_operator.py
[2025-04-05T09:55:27.365+0100] {processor.py:925} INFO - DAG(s) 'example_short_circuit_operator' retrieved from /home/Data_Professional/PycharmProjects/DE_Zoomcamp_Capstone_Project/.venv/lib/python3.10/site-packages/airflow/example_dags/example_short_circuit_operator.py
[2025-04-05T09:55:27.447+0100] {logging_mixin.py:190} INFO - [2025-04-05T09:55:27.446+0100] {override.py:1912} INFO - Created Permission View: can read on DAG:example_short_circuit_operator
[2025-04-05T09:55:27.457+0100] {logging_mixin.py:190} INFO - [2025-04-05T09:55:27.457+0100] {override.py:1912} INFO - Created Permission View: can delete on DAG:example_short_circuit_operator
[2025-04-05T09:55:27.465+0100] {logging_mixin.py:190} INFO - [2025-04-05T09:55:27.465+0100] {override.py:1912} INFO - Created Permission View: can edit on DAG:example_short_circuit_operator
[2025-04-05T09:55:27.479+0100] {logging_mixin.py:190} INFO - [2025-04-05T09:55:27.478+0100] {override.py:1912} INFO - Created Permission View: can create on DAG Run:example_short_circuit_operator
[2025-04-05T09:55:27.489+0100] {logging_mixin.py:190} INFO - [2025-04-05T09:55:27.488+0100] {override.py:1912} INFO - Created Permission View: can read on DAG Run:example_short_circuit_operator
[2025-04-05T09:55:27.496+0100] {logging_mixin.py:190} INFO - [2025-04-05T09:55:27.496+0100] {override.py:1912} INFO - Created Permission View: can delete on DAG Run:example_short_circuit_operator
[2025-04-05T09:55:27.503+0100] {logging_mixin.py:190} INFO - [2025-04-05T09:55:27.503+0100] {override.py:1912} INFO - Created Permission View: menu access on DAG Run:example_short_circuit_operator
[2025-04-05T09:55:27.503+0100] {logging_mixin.py:190} INFO - [2025-04-05T09:55:27.503+0100] {dag.py:3239} INFO - Sync 1 DAGs
[2025-04-05T09:55:27.513+0100] {logging_mixin.py:190} INFO - [2025-04-05T09:55:27.513+0100] {dag.py:3262} INFO - Creating ORM DAG for example_short_circuit_operator
[2025-04-05T09:55:27.513+0100] {logging_mixin.py:190} INFO - [2025-04-05T09:55:27.513+0100] {dag.py:4180} INFO - Setting next_dagrun for example_short_circuit_operator to None, run_after=None
[2025-04-05T09:55:27.529+0100] {processor.py:208} INFO - Processing /home/Data_Professional/PycharmProjects/DE_Zoomcamp_Capstone_Project/.venv/lib/python3.10/site-packages/airflow/example_dags/example_short_circuit_operator.py took 0.178 seconds
[2025-04-05T09:56:30.105+0100] {processor.py:186} INFO - Started process (PID=12171) to work on /home/Data_Professional/PycharmProjects/DE_Zoomcamp_Capstone_Project/.venv/lib/python3.10/site-packages/airflow/example_dags/example_short_circuit_operator.py
[2025-04-05T09:56:30.108+0100] {processor.py:914} INFO - Processing file /home/Data_Professional/PycharmProjects/DE_Zoomcamp_Capstone_Project/.venv/lib/python3.10/site-packages/airflow/example_dags/example_short_circuit_operator.py for tasks to queue
[2025-04-05T09:56:30.112+0100] {logging_mixin.py:190} INFO - [2025-04-05T09:56:30.111+0100] {dagbag.py:588} INFO - Filling up the DagBag from /home/Data_Professional/PycharmProjects/DE_Zoomcamp_Capstone_Project/.venv/lib/python3.10/site-packages/airflow/example_dags/example_short_circuit_operator.py
[2025-04-05T09:56:30.126+0100] {processor.py:925} INFO - DAG(s) 'example_short_circuit_operator' retrieved from /home/Data_Professional/PycharmProjects/DE_Zoomcamp_Capstone_Project/.venv/lib/python3.10/site-packages/airflow/example_dags/example_short_circuit_operator.py
[2025-04-05T09:56:30.144+0100] {logging_mixin.py:190} INFO - [2025-04-05T09:56:30.144+0100] {dag.py:3239} INFO - Sync 1 DAGs
[2025-04-05T09:56:30.155+0100] {logging_mixin.py:190} INFO - [2025-04-05T09:56:30.155+0100] {dag.py:4180} INFO - Setting next_dagrun for example_short_circuit_operator to None, run_after=None
[2025-04-05T09:56:30.171+0100] {processor.py:208} INFO - Processing /home/Data_Professional/PycharmProjects/DE_Zoomcamp_Capstone_Project/.venv/lib/python3.10/site-packages/airflow/example_dags/example_short_circuit_operator.py took 0.079 seconds
[2025-04-05T09:57:25.855+0100] {processor.py:186} INFO - Started process (PID=12285) to work on /home/Data_Professional/PycharmProjects/DE_Zoomcamp_Capstone_Project/.venv/lib/python3.10/site-packages/airflow/example_dags/example_short_circuit_operator.py
[2025-04-05T09:57:25.859+0100] {processor.py:914} INFO - Processing file /home/Data_Professional/PycharmProjects/DE_Zoomcamp_Capstone_Project/.venv/lib/python3.10/site-packages/airflow/example_dags/example_short_circuit_operator.py for tasks to queue
[2025-04-05T09:57:25.863+0100] {logging_mixin.py:190} INFO - [2025-04-05T09:57:25.862+0100] {dagbag.py:588} INFO - Filling up the DagBag from /home/Data_Professional/PycharmProjects/DE_Zoomcamp_Capstone_Project/.venv/lib/python3.10/site-packages/airflow/example_dags/example_short_circuit_operator.py
[2025-04-05T09:57:25.879+0100] {processor.py:925} INFO - DAG(s) 'example_short_circuit_operator' retrieved from /home/Data_Professional/PycharmProjects/DE_Zoomcamp_Capstone_Project/.venv/lib/python3.10/site-packages/airflow/example_dags/example_short_circuit_operator.py
[2025-04-05T09:57:25.897+0100] {logging_mixin.py:190} INFO - [2025-04-05T09:57:25.897+0100] {dag.py:3239} INFO - Sync 1 DAGs
[2025-04-05T09:57:25.907+0100] {logging_mixin.py:190} INFO - [2025-04-05T09:57:25.907+0100] {dag.py:4180} INFO - Setting next_dagrun for example_short_circuit_operator to None, run_after=None
[2025-04-05T09:57:25.923+0100] {processor.py:208} INFO - Processing /home/Data_Professional/PycharmProjects/DE_Zoomcamp_Capstone_Project/.venv/lib/python3.10/site-packages/airflow/example_dags/example_short_circuit_operator.py took 0.079 seconds
[2025-04-05T09:58:21.187+0100] {processor.py:186} INFO - Started process (PID=12349) to work on /home/Data_Professional/PycharmProjects/DE_Zoomcamp_Capstone_Project/.venv/lib/python3.10/site-packages/airflow/example_dags/example_short_circuit_operator.py
[2025-04-05T09:58:21.191+0100] {processor.py:914} INFO - Processing file /home/Data_Professional/PycharmProjects/DE_Zoomcamp_Capstone_Project/.venv/lib/python3.10/site-packages/airflow/example_dags/example_short_circuit_operator.py for tasks to queue
[2025-04-05T09:58:21.195+0100] {logging_mixin.py:190} INFO - [2025-04-05T09:58:21.194+0100] {dagbag.py:588} INFO - Filling up the DagBag from /home/Data_Professional/PycharmProjects/DE_Zoomcamp_Capstone_Project/.venv/lib/python3.10/site-packages/airflow/example_dags/example_short_circuit_operator.py
[2025-04-05T09:58:21.207+0100] {processor.py:925} INFO - DAG(s) 'example_short_circuit_operator' retrieved from /home/Data_Professional/PycharmProjects/DE_Zoomcamp_Capstone_Project/.venv/lib/python3.10/site-packages/airflow/example_dags/example_short_circuit_operator.py
[2025-04-05T09:58:21.224+0100] {logging_mixin.py:190} INFO - [2025-04-05T09:58:21.223+0100] {dag.py:3239} INFO - Sync 1 DAGs
[2025-04-05T09:58:21.234+0100] {logging_mixin.py:190} INFO - [2025-04-05T09:58:21.234+0100] {dag.py:4180} INFO - Setting next_dagrun for example_short_circuit_operator to None, run_after=None
[2025-04-05T09:58:21.250+0100] {processor.py:208} INFO - Processing /home/Data_Professional/PycharmProjects/DE_Zoomcamp_Capstone_Project/.venv/lib/python3.10/site-packages/airflow/example_dags/example_short_circuit_operator.py took 0.079 seconds
[2025-04-05T09:59:16.995+0100] {processor.py:186} INFO - Started process (PID=12420) to work on /home/Data_Professional/PycharmProjects/DE_Zoomcamp_Capstone_Project/.venv/lib/python3.10/site-packages/airflow/example_dags/example_short_circuit_operator.py
[2025-04-05T09:59:16.999+0100] {processor.py:914} INFO - Processing file /home/Data_Professional/PycharmProjects/DE_Zoomcamp_Capstone_Project/.venv/lib/python3.10/site-packages/airflow/example_dags/example_short_circuit_operator.py for tasks to queue
[2025-04-05T09:59:17.003+0100] {logging_mixin.py:190} INFO - [2025-04-05T09:59:17.002+0100] {dagbag.py:588} INFO - Filling up the DagBag from /home/Data_Professional/PycharmProjects/DE_Zoomcamp_Capstone_Project/.venv/lib/python3.10/site-packages/airflow/example_dags/example_short_circuit_operator.py
[2025-04-05T09:59:17.017+0100] {processor.py:925} INFO - DAG(s) 'example_short_circuit_operator' retrieved from /home/Data_Professional/PycharmProjects/DE_Zoomcamp_Capstone_Project/.venv/lib/python3.10/site-packages/airflow/example_dags/example_short_circuit_operator.py
[2025-04-05T09:59:17.033+0100] {logging_mixin.py:190} INFO - [2025-04-05T09:59:17.033+0100] {dag.py:3239} INFO - Sync 1 DAGs
[2025-04-05T09:59:17.043+0100] {logging_mixin.py:190} INFO - [2025-04-05T09:59:17.043+0100] {dag.py:4180} INFO - Setting next_dagrun for example_short_circuit_operator to None, run_after=None
[2025-04-05T09:59:17.060+0100] {processor.py:208} INFO - Processing /home/Data_Professional/PycharmProjects/DE_Zoomcamp_Capstone_Project/.venv/lib/python3.10/site-packages/airflow/example_dags/example_short_circuit_operator.py took 0.079 seconds
[2025-04-05T10:00:14.611+0100] {processor.py:186} INFO - Started process (PID=12623) to work on /home/Data_Professional/PycharmProjects/DE_Zoomcamp_Capstone_Project/.venv/lib/python3.10/site-packages/airflow/example_dags/example_short_circuit_operator.py
[2025-04-05T10:00:14.614+0100] {processor.py:914} INFO - Processing file /home/Data_Professional/PycharmProjects/DE_Zoomcamp_Capstone_Project/.venv/lib/python3.10/site-packages/airflow/example_dags/example_short_circuit_operator.py for tasks to queue
[2025-04-05T10:00:14.615+0100] {logging_mixin.py:190} INFO - [2025-04-05T10:00:14.615+0100] {dagbag.py:588} INFO - Filling up the DagBag from /home/Data_Professional/PycharmProjects/DE_Zoomcamp_Capstone_Project/.venv/lib/python3.10/site-packages/airflow/example_dags/example_short_circuit_operator.py
[2025-04-05T10:00:14.622+0100] {processor.py:925} INFO - DAG(s) 'example_short_circuit_operator' retrieved from /home/Data_Professional/PycharmProjects/DE_Zoomcamp_Capstone_Project/.venv/lib/python3.10/site-packages/airflow/example_dags/example_short_circuit_operator.py
[2025-04-05T10:00:14.637+0100] {logging_mixin.py:190} INFO - [2025-04-05T10:00:14.637+0100] {dag.py:3239} INFO - Sync 1 DAGs
[2025-04-05T10:00:14.647+0100] {logging_mixin.py:190} INFO - [2025-04-05T10:00:14.647+0100] {dag.py:4180} INFO - Setting next_dagrun for example_short_circuit_operator to None, run_after=None
[2025-04-05T10:00:14.664+0100] {processor.py:208} INFO - Processing /home/Data_Professional/PycharmProjects/DE_Zoomcamp_Capstone_Project/.venv/lib/python3.10/site-packages/airflow/example_dags/example_short_circuit_operator.py took 0.057 seconds
[2025-04-05T10:01:13.047+0100] {processor.py:186} INFO - Started process (PID=12879) to work on /home/Data_Professional/PycharmProjects/DE_Zoomcamp_Capstone_Project/.venv/lib/python3.10/site-packages/airflow/example_dags/example_short_circuit_operator.py
[2025-04-05T10:01:13.049+0100] {processor.py:914} INFO - Processing file /home/Data_Professional/PycharmProjects/DE_Zoomcamp_Capstone_Project/.venv/lib/python3.10/site-packages/airflow/example_dags/example_short_circuit_operator.py for tasks to queue
[2025-04-05T10:01:13.051+0100] {logging_mixin.py:190} INFO - [2025-04-05T10:01:13.050+0100] {dagbag.py:588} INFO - Filling up the DagBag from /home/Data_Professional/PycharmProjects/DE_Zoomcamp_Capstone_Project/.venv/lib/python3.10/site-packages/airflow/example_dags/example_short_circuit_operator.py
[2025-04-05T10:01:13.058+0100] {processor.py:925} INFO - DAG(s) 'example_short_circuit_operator' retrieved from /home/Data_Professional/PycharmProjects/DE_Zoomcamp_Capstone_Project/.venv/lib/python3.10/site-packages/airflow/example_dags/example_short_circuit_operator.py
[2025-04-05T10:01:13.074+0100] {logging_mixin.py:190} INFO - [2025-04-05T10:01:13.074+0100] {dag.py:3239} INFO - Sync 1 DAGs
[2025-04-05T10:01:13.085+0100] {logging_mixin.py:190} INFO - [2025-04-05T10:01:13.085+0100] {dag.py:4180} INFO - Setting next_dagrun for example_short_circuit_operator to None, run_after=None
[2025-04-05T10:01:13.101+0100] {processor.py:208} INFO - Processing /home/Data_Professional/PycharmProjects/DE_Zoomcamp_Capstone_Project/.venv/lib/python3.10/site-packages/airflow/example_dags/example_short_circuit_operator.py took 0.060 seconds
[2025-04-05T10:02:09.544+0100] {processor.py:186} INFO - Started process (PID=12965) to work on /home/Data_Professional/PycharmProjects/DE_Zoomcamp_Capstone_Project/.venv/lib/python3.10/site-packages/airflow/example_dags/example_short_circuit_operator.py
[2025-04-05T10:02:09.546+0100] {processor.py:914} INFO - Processing file /home/Data_Professional/PycharmProjects/DE_Zoomcamp_Capstone_Project/.venv/lib/python3.10/site-packages/airflow/example_dags/example_short_circuit_operator.py for tasks to queue
[2025-04-05T10:02:09.548+0100] {logging_mixin.py:190} INFO - [2025-04-05T10:02:09.547+0100] {dagbag.py:588} INFO - Filling up the DagBag from /home/Data_Professional/PycharmProjects/DE_Zoomcamp_Capstone_Project/.venv/lib/python3.10/site-packages/airflow/example_dags/example_short_circuit_operator.py
[2025-04-05T10:02:09.554+0100] {processor.py:925} INFO - DAG(s) 'example_short_circuit_operator' retrieved from /home/Data_Professional/PycharmProjects/DE_Zoomcamp_Capstone_Project/.venv/lib/python3.10/site-packages/airflow/example_dags/example_short_circuit_operator.py
[2025-04-05T10:02:09.569+0100] {logging_mixin.py:190} INFO - [2025-04-05T10:02:09.569+0100] {dag.py:3239} INFO - Sync 1 DAGs
[2025-04-05T10:02:09.579+0100] {logging_mixin.py:190} INFO - [2025-04-05T10:02:09.579+0100] {dag.py:4180} INFO - Setting next_dagrun for example_short_circuit_operator to None, run_after=None
[2025-04-05T10:02:09.595+0100] {processor.py:208} INFO - Processing /home/Data_Professional/PycharmProjects/DE_Zoomcamp_Capstone_Project/.venv/lib/python3.10/site-packages/airflow/example_dags/example_short_circuit_operator.py took 0.057 seconds
[2025-04-05T10:03:08.247+0100] {processor.py:186} INFO - Started process (PID=13110) to work on /home/Data_Professional/PycharmProjects/DE_Zoomcamp_Capstone_Project/.venv/lib/python3.10/site-packages/airflow/example_dags/example_short_circuit_operator.py
[2025-04-05T10:03:08.251+0100] {processor.py:914} INFO - Processing file /home/Data_Professional/PycharmProjects/DE_Zoomcamp_Capstone_Project/.venv/lib/python3.10/site-packages/airflow/example_dags/example_short_circuit_operator.py for tasks to queue
[2025-04-05T10:03:08.254+0100] {logging_mixin.py:190} INFO - [2025-04-05T10:03:08.254+0100] {dagbag.py:588} INFO - Filling up the DagBag from /home/Data_Professional/PycharmProjects/DE_Zoomcamp_Capstone_Project/.venv/lib/python3.10/site-packages/airflow/example_dags/example_short_circuit_operator.py
[2025-04-05T10:03:08.266+0100] {processor.py:925} INFO - DAG(s) 'example_short_circuit_operator' retrieved from /home/Data_Professional/PycharmProjects/DE_Zoomcamp_Capstone_Project/.venv/lib/python3.10/site-packages/airflow/example_dags/example_short_circuit_operator.py
[2025-04-05T10:03:08.282+0100] {logging_mixin.py:190} INFO - [2025-04-05T10:03:08.282+0100] {dag.py:3239} INFO - Sync 1 DAGs
[2025-04-05T10:03:08.293+0100] {logging_mixin.py:190} INFO - [2025-04-05T10:03:08.292+0100] {dag.py:4180} INFO - Setting next_dagrun for example_short_circuit_operator to None, run_after=None
[2025-04-05T10:03:08.310+0100] {processor.py:208} INFO - Processing /home/Data_Professional/PycharmProjects/DE_Zoomcamp_Capstone_Project/.venv/lib/python3.10/site-packages/airflow/example_dags/example_short_circuit_operator.py took 0.081 seconds
[2025-04-05T10:04:07.993+0100] {processor.py:186} INFO - Started process (PID=13184) to work on /home/Data_Professional/PycharmProjects/DE_Zoomcamp_Capstone_Project/.venv/lib/python3.10/site-packages/airflow/example_dags/example_short_circuit_operator.py
[2025-04-05T10:04:07.993+0100] {processor.py:914} INFO - Processing file /home/Data_Professional/PycharmProjects/DE_Zoomcamp_Capstone_Project/.venv/lib/python3.10/site-packages/airflow/example_dags/example_short_circuit_operator.py for tasks to queue
[2025-04-05T10:04:07.995+0100] {logging_mixin.py:190} INFO - [2025-04-05T10:04:07.995+0100] {dagbag.py:588} INFO - Filling up the DagBag from /home/Data_Professional/PycharmProjects/DE_Zoomcamp_Capstone_Project/.venv/lib/python3.10/site-packages/airflow/example_dags/example_short_circuit_operator.py
[2025-04-05T10:04:08.003+0100] {processor.py:925} INFO - DAG(s) 'example_short_circuit_operator' retrieved from /home/Data_Professional/PycharmProjects/DE_Zoomcamp_Capstone_Project/.venv/lib/python3.10/site-packages/airflow/example_dags/example_short_circuit_operator.py
[2025-04-05T10:04:08.019+0100] {logging_mixin.py:190} INFO - [2025-04-05T10:04:08.019+0100] {dag.py:3239} INFO - Sync 1 DAGs
[2025-04-05T10:04:08.029+0100] {logging_mixin.py:190} INFO - [2025-04-05T10:04:08.028+0100] {dag.py:4180} INFO - Setting next_dagrun for example_short_circuit_operator to None, run_after=None
[2025-04-05T10:04:08.044+0100] {processor.py:208} INFO - Processing /home/Data_Professional/PycharmProjects/DE_Zoomcamp_Capstone_Project/.venv/lib/python3.10/site-packages/airflow/example_dags/example_short_circuit_operator.py took 0.057 seconds
[2025-04-05T10:05:08.720+0100] {processor.py:186} INFO - Started process (PID=13457) to work on /home/Data_Professional/PycharmProjects/DE_Zoomcamp_Capstone_Project/.venv/lib/python3.10/site-packages/airflow/example_dags/example_short_circuit_operator.py
[2025-04-05T10:05:08.723+0100] {processor.py:914} INFO - Processing file /home/Data_Professional/PycharmProjects/DE_Zoomcamp_Capstone_Project/.venv/lib/python3.10/site-packages/airflow/example_dags/example_short_circuit_operator.py for tasks to queue
[2025-04-05T10:05:08.727+0100] {logging_mixin.py:190} INFO - [2025-04-05T10:05:08.726+0100] {dagbag.py:588} INFO - Filling up the DagBag from /home/Data_Professional/PycharmProjects/DE_Zoomcamp_Capstone_Project/.venv/lib/python3.10/site-packages/airflow/example_dags/example_short_circuit_operator.py
[2025-04-05T10:05:08.741+0100] {processor.py:925} INFO - DAG(s) 'example_short_circuit_operator' retrieved from /home/Data_Professional/PycharmProjects/DE_Zoomcamp_Capstone_Project/.venv/lib/python3.10/site-packages/airflow/example_dags/example_short_circuit_operator.py
[2025-04-05T10:05:08.758+0100] {logging_mixin.py:190} INFO - [2025-04-05T10:05:08.758+0100] {dag.py:3239} INFO - Sync 1 DAGs
[2025-04-05T10:05:08.768+0100] {logging_mixin.py:190} INFO - [2025-04-05T10:05:08.768+0100] {dag.py:4180} INFO - Setting next_dagrun for example_short_circuit_operator to None, run_after=None
[2025-04-05T10:05:08.784+0100] {processor.py:208} INFO - Processing /home/Data_Professional/PycharmProjects/DE_Zoomcamp_Capstone_Project/.venv/lib/python3.10/site-packages/airflow/example_dags/example_short_circuit_operator.py took 0.076 seconds
[2025-04-05T10:06:09.848+0100] {processor.py:186} INFO - Started process (PID=13639) to work on /home/Data_Professional/PycharmProjects/DE_Zoomcamp_Capstone_Project/.venv/lib/python3.10/site-packages/airflow/example_dags/example_short_circuit_operator.py
[2025-04-05T10:06:09.849+0100] {processor.py:914} INFO - Processing file /home/Data_Professional/PycharmProjects/DE_Zoomcamp_Capstone_Project/.venv/lib/python3.10/site-packages/airflow/example_dags/example_short_circuit_operator.py for tasks to queue
[2025-04-05T10:06:09.850+0100] {logging_mixin.py:190} INFO - [2025-04-05T10:06:09.850+0100] {dagbag.py:588} INFO - Filling up the DagBag from /home/Data_Professional/PycharmProjects/DE_Zoomcamp_Capstone_Project/.venv/lib/python3.10/site-packages/airflow/example_dags/example_short_circuit_operator.py
[2025-04-05T10:06:09.861+0100] {processor.py:925} INFO - DAG(s) 'example_short_circuit_operator' retrieved from /home/Data_Professional/PycharmProjects/DE_Zoomcamp_Capstone_Project/.venv/lib/python3.10/site-packages/airflow/example_dags/example_short_circuit_operator.py
[2025-04-05T10:06:09.876+0100] {logging_mixin.py:190} INFO - [2025-04-05T10:06:09.876+0100] {dag.py:3239} INFO - Sync 1 DAGs
[2025-04-05T10:06:09.886+0100] {logging_mixin.py:190} INFO - [2025-04-05T10:06:09.886+0100] {dag.py:4180} INFO - Setting next_dagrun for example_short_circuit_operator to None, run_after=None
[2025-04-05T10:06:09.902+0100] {processor.py:208} INFO - Processing /home/Data_Professional/PycharmProjects/DE_Zoomcamp_Capstone_Project/.venv/lib/python3.10/site-packages/airflow/example_dags/example_short_circuit_operator.py took 0.061 seconds
[2025-04-05T10:07:12.227+0100] {processor.py:186} INFO - Started process (PID=13845) to work on /home/Data_Professional/PycharmProjects/DE_Zoomcamp_Capstone_Project/.venv/lib/python3.10/site-packages/airflow/example_dags/example_short_circuit_operator.py
[2025-04-05T10:07:12.229+0100] {processor.py:914} INFO - Processing file /home/Data_Professional/PycharmProjects/DE_Zoomcamp_Capstone_Project/.venv/lib/python3.10/site-packages/airflow/example_dags/example_short_circuit_operator.py for tasks to queue
[2025-04-05T10:07:12.231+0100] {logging_mixin.py:190} INFO - [2025-04-05T10:07:12.230+0100] {dagbag.py:588} INFO - Filling up the DagBag from /home/Data_Professional/PycharmProjects/DE_Zoomcamp_Capstone_Project/.venv/lib/python3.10/site-packages/airflow/example_dags/example_short_circuit_operator.py
[2025-04-05T10:07:12.239+0100] {processor.py:925} INFO - DAG(s) 'example_short_circuit_operator' retrieved from /home/Data_Professional/PycharmProjects/DE_Zoomcamp_Capstone_Project/.venv/lib/python3.10/site-packages/airflow/example_dags/example_short_circuit_operator.py
[2025-04-05T10:07:12.254+0100] {logging_mixin.py:190} INFO - [2025-04-05T10:07:12.253+0100] {dag.py:3239} INFO - Sync 1 DAGs
[2025-04-05T10:07:12.264+0100] {logging_mixin.py:190} INFO - [2025-04-05T10:07:12.263+0100] {dag.py:4180} INFO - Setting next_dagrun for example_short_circuit_operator to None, run_after=None
[2025-04-05T10:07:12.280+0100] {processor.py:208} INFO - Processing /home/Data_Professional/PycharmProjects/DE_Zoomcamp_Capstone_Project/.venv/lib/python3.10/site-packages/airflow/example_dags/example_short_circuit_operator.py took 0.061 seconds
[2025-04-05T10:08:15.419+0100] {processor.py:186} INFO - Started process (PID=14123) to work on /home/Data_Professional/PycharmProjects/DE_Zoomcamp_Capstone_Project/.venv/lib/python3.10/site-packages/airflow/example_dags/example_short_circuit_operator.py
[2025-04-05T10:08:15.422+0100] {processor.py:914} INFO - Processing file /home/Data_Professional/PycharmProjects/DE_Zoomcamp_Capstone_Project/.venv/lib/python3.10/site-packages/airflow/example_dags/example_short_circuit_operator.py for tasks to queue
[2025-04-05T10:08:15.423+0100] {logging_mixin.py:190} INFO - [2025-04-05T10:08:15.423+0100] {dagbag.py:588} INFO - Filling up the DagBag from /home/Data_Professional/PycharmProjects/DE_Zoomcamp_Capstone_Project/.venv/lib/python3.10/site-packages/airflow/example_dags/example_short_circuit_operator.py
[2025-04-05T10:08:15.430+0100] {processor.py:925} INFO - DAG(s) 'example_short_circuit_operator' retrieved from /home/Data_Professional/PycharmProjects/DE_Zoomcamp_Capstone_Project/.venv/lib/python3.10/site-packages/airflow/example_dags/example_short_circuit_operator.py
[2025-04-05T10:08:15.445+0100] {logging_mixin.py:190} INFO - [2025-04-05T10:08:15.445+0100] {dag.py:3239} INFO - Sync 1 DAGs
[2025-04-05T10:08:15.455+0100] {logging_mixin.py:190} INFO - [2025-04-05T10:08:15.455+0100] {dag.py:4180} INFO - Setting next_dagrun for example_short_circuit_operator to None, run_after=None
[2025-04-05T10:08:15.471+0100] {processor.py:208} INFO - Processing /home/Data_Professional/PycharmProjects/DE_Zoomcamp_Capstone_Project/.venv/lib/python3.10/site-packages/airflow/example_dags/example_short_circuit_operator.py took 0.057 seconds
[2025-04-05T10:09:25.366+0100] {processor.py:186} INFO - Started process (PID=14328) to work on /home/Data_Professional/PycharmProjects/DE_Zoomcamp_Capstone_Project/.venv/lib/python3.10/site-packages/airflow/example_dags/example_short_circuit_operator.py
[2025-04-05T10:09:25.369+0100] {processor.py:914} INFO - Processing file /home/Data_Professional/PycharmProjects/DE_Zoomcamp_Capstone_Project/.venv/lib/python3.10/site-packages/airflow/example_dags/example_short_circuit_operator.py for tasks to queue
[2025-04-05T10:09:25.372+0100] {logging_mixin.py:190} INFO - [2025-04-05T10:09:25.371+0100] {dagbag.py:588} INFO - Filling up the DagBag from /home/Data_Professional/PycharmProjects/DE_Zoomcamp_Capstone_Project/.venv/lib/python3.10/site-packages/airflow/example_dags/example_short_circuit_operator.py
[2025-04-05T10:09:25.397+0100] {processor.py:925} INFO - DAG(s) 'example_short_circuit_operator' retrieved from /home/Data_Professional/PycharmProjects/DE_Zoomcamp_Capstone_Project/.venv/lib/python3.10/site-packages/airflow/example_dags/example_short_circuit_operator.py
[2025-04-05T10:09:25.418+0100] {logging_mixin.py:190} INFO - [2025-04-05T10:09:25.418+0100] {dag.py:3239} INFO - Sync 1 DAGs
[2025-04-05T10:09:25.429+0100] {logging_mixin.py:190} INFO - [2025-04-05T10:09:25.429+0100] {dag.py:4180} INFO - Setting next_dagrun for example_short_circuit_operator to None, run_after=None
[2025-04-05T10:09:25.447+0100] {processor.py:208} INFO - Processing /home/Data_Professional/PycharmProjects/DE_Zoomcamp_Capstone_Project/.venv/lib/python3.10/site-packages/airflow/example_dags/example_short_circuit_operator.py took 0.086 seconds
[2025-04-05T10:10:24.732+0100] {processor.py:186} INFO - Started process (PID=14508) to work on /home/Data_Professional/PycharmProjects/DE_Zoomcamp_Capstone_Project/.venv/lib/python3.10/site-packages/airflow/example_dags/example_short_circuit_operator.py
[2025-04-05T10:10:24.733+0100] {processor.py:914} INFO - Processing file /home/Data_Professional/PycharmProjects/DE_Zoomcamp_Capstone_Project/.venv/lib/python3.10/site-packages/airflow/example_dags/example_short_circuit_operator.py for tasks to queue
[2025-04-05T10:10:24.736+0100] {logging_mixin.py:190} INFO - [2025-04-05T10:10:24.735+0100] {dagbag.py:588} INFO - Filling up the DagBag from /home/Data_Professional/PycharmProjects/DE_Zoomcamp_Capstone_Project/.venv/lib/python3.10/site-packages/airflow/example_dags/example_short_circuit_operator.py
[2025-04-05T10:10:24.747+0100] {processor.py:925} INFO - DAG(s) 'example_short_circuit_operator' retrieved from /home/Data_Professional/PycharmProjects/DE_Zoomcamp_Capstone_Project/.venv/lib/python3.10/site-packages/airflow/example_dags/example_short_circuit_operator.py
[2025-04-05T10:10:24.769+0100] {logging_mixin.py:190} INFO - [2025-04-05T10:10:24.769+0100] {dag.py:3239} INFO - Sync 1 DAGs
[2025-04-05T10:10:24.783+0100] {logging_mixin.py:190} INFO - [2025-04-05T10:10:24.782+0100] {dag.py:4180} INFO - Setting next_dagrun for example_short_circuit_operator to None, run_after=None
[2025-04-05T10:10:24.804+0100] {processor.py:208} INFO - Processing /home/Data_Professional/PycharmProjects/DE_Zoomcamp_Capstone_Project/.venv/lib/python3.10/site-packages/airflow/example_dags/example_short_circuit_operator.py took 0.080 seconds
[2025-04-05T10:11:26.518+0100] {processor.py:186} INFO - Started process (PID=14677) to work on /home/Data_Professional/PycharmProjects/DE_Zoomcamp_Capstone_Project/.venv/lib/python3.10/site-packages/airflow/example_dags/example_short_circuit_operator.py
[2025-04-05T10:11:26.520+0100] {processor.py:914} INFO - Processing file /home/Data_Professional/PycharmProjects/DE_Zoomcamp_Capstone_Project/.venv/lib/python3.10/site-packages/airflow/example_dags/example_short_circuit_operator.py for tasks to queue
[2025-04-05T10:11:26.521+0100] {logging_mixin.py:190} INFO - [2025-04-05T10:11:26.521+0100] {dagbag.py:588} INFO - Filling up the DagBag from /home/Data_Professional/PycharmProjects/DE_Zoomcamp_Capstone_Project/.venv/lib/python3.10/site-packages/airflow/example_dags/example_short_circuit_operator.py
[2025-04-05T10:11:26.529+0100] {processor.py:925} INFO - DAG(s) 'example_short_circuit_operator' retrieved from /home/Data_Professional/PycharmProjects/DE_Zoomcamp_Capstone_Project/.venv/lib/python3.10/site-packages/airflow/example_dags/example_short_circuit_operator.py
[2025-04-05T10:11:26.544+0100] {logging_mixin.py:190} INFO - [2025-04-05T10:11:26.543+0100] {dag.py:3239} INFO - Sync 1 DAGs
[2025-04-05T10:11:26.555+0100] {logging_mixin.py:190} INFO - [2025-04-05T10:11:26.555+0100] {dag.py:4180} INFO - Setting next_dagrun for example_short_circuit_operator to None, run_after=None
[2025-04-05T10:11:26.571+0100] {processor.py:208} INFO - Processing /home/Data_Professional/PycharmProjects/DE_Zoomcamp_Capstone_Project/.venv/lib/python3.10/site-packages/airflow/example_dags/example_short_circuit_operator.py took 0.061 seconds
[2025-04-05T10:12:28.604+0100] {processor.py:186} INFO - Started process (PID=15029) to work on /home/Data_Professional/PycharmProjects/DE_Zoomcamp_Capstone_Project/.venv/lib/python3.10/site-packages/airflow/example_dags/example_short_circuit_operator.py
[2025-04-05T10:12:28.609+0100] {processor.py:914} INFO - Processing file /home/Data_Professional/PycharmProjects/DE_Zoomcamp_Capstone_Project/.venv/lib/python3.10/site-packages/airflow/example_dags/example_short_circuit_operator.py for tasks to queue
[2025-04-05T10:12:28.614+0100] {logging_mixin.py:190} INFO - [2025-04-05T10:12:28.613+0100] {dagbag.py:588} INFO - Filling up the DagBag from /home/Data_Professional/PycharmProjects/DE_Zoomcamp_Capstone_Project/.venv/lib/python3.10/site-packages/airflow/example_dags/example_short_circuit_operator.py
[2025-04-05T10:12:28.638+0100] {processor.py:925} INFO - DAG(s) 'example_short_circuit_operator' retrieved from /home/Data_Professional/PycharmProjects/DE_Zoomcamp_Capstone_Project/.venv/lib/python3.10/site-packages/airflow/example_dags/example_short_circuit_operator.py
[2025-04-05T10:12:28.662+0100] {logging_mixin.py:190} INFO - [2025-04-05T10:12:28.662+0100] {dag.py:3239} INFO - Sync 1 DAGs
[2025-04-05T10:12:28.676+0100] {logging_mixin.py:190} INFO - [2025-04-05T10:12:28.676+0100] {dag.py:4180} INFO - Setting next_dagrun for example_short_circuit_operator to None, run_after=None
[2025-04-05T10:12:28.787+0100] {processor.py:208} INFO - Processing /home/Data_Professional/PycharmProjects/DE_Zoomcamp_Capstone_Project/.venv/lib/python3.10/site-packages/airflow/example_dags/example_short_circuit_operator.py took 0.208 seconds
[2025-04-05T10:13:28.672+0100] {processor.py:186} INFO - Started process (PID=15122) to work on /home/Data_Professional/PycharmProjects/DE_Zoomcamp_Capstone_Project/.venv/lib/python3.10/site-packages/airflow/example_dags/example_short_circuit_operator.py
[2025-04-05T10:13:28.675+0100] {processor.py:914} INFO - Processing file /home/Data_Professional/PycharmProjects/DE_Zoomcamp_Capstone_Project/.venv/lib/python3.10/site-packages/airflow/example_dags/example_short_circuit_operator.py for tasks to queue
[2025-04-05T10:13:28.676+0100] {logging_mixin.py:190} INFO - [2025-04-05T10:13:28.676+0100] {dagbag.py:588} INFO - Filling up the DagBag from /home/Data_Professional/PycharmProjects/DE_Zoomcamp_Capstone_Project/.venv/lib/python3.10/site-packages/airflow/example_dags/example_short_circuit_operator.py
[2025-04-05T10:13:28.687+0100] {processor.py:925} INFO - DAG(s) 'example_short_circuit_operator' retrieved from /home/Data_Professional/PycharmProjects/DE_Zoomcamp_Capstone_Project/.venv/lib/python3.10/site-packages/airflow/example_dags/example_short_circuit_operator.py
[2025-04-05T10:13:28.703+0100] {logging_mixin.py:190} INFO - [2025-04-05T10:13:28.703+0100] {dag.py:3239} INFO - Sync 1 DAGs
[2025-04-05T10:13:28.713+0100] {logging_mixin.py:190} INFO - [2025-04-05T10:13:28.713+0100] {dag.py:4180} INFO - Setting next_dagrun for example_short_circuit_operator to None, run_after=None
[2025-04-05T10:13:28.729+0100] {processor.py:208} INFO - Processing /home/Data_Professional/PycharmProjects/DE_Zoomcamp_Capstone_Project/.venv/lib/python3.10/site-packages/airflow/example_dags/example_short_circuit_operator.py took 0.062 seconds
[2025-04-05T10:14:24.234+0100] {processor.py:186} INFO - Started process (PID=15206) to work on /home/Data_Professional/PycharmProjects/DE_Zoomcamp_Capstone_Project/.venv/lib/python3.10/site-packages/airflow/example_dags/example_short_circuit_operator.py
[2025-04-05T10:14:24.237+0100] {processor.py:914} INFO - Processing file /home/Data_Professional/PycharmProjects/DE_Zoomcamp_Capstone_Project/.venv/lib/python3.10/site-packages/airflow/example_dags/example_short_circuit_operator.py for tasks to queue
[2025-04-05T10:14:24.240+0100] {logging_mixin.py:190} INFO - [2025-04-05T10:14:24.239+0100] {dagbag.py:588} INFO - Filling up the DagBag from /home/Data_Professional/PycharmProjects/DE_Zoomcamp_Capstone_Project/.venv/lib/python3.10/site-packages/airflow/example_dags/example_short_circuit_operator.py
[2025-04-05T10:14:24.255+0100] {processor.py:925} INFO - DAG(s) 'example_short_circuit_operator' retrieved from /home/Data_Professional/PycharmProjects/DE_Zoomcamp_Capstone_Project/.venv/lib/python3.10/site-packages/airflow/example_dags/example_short_circuit_operator.py
[2025-04-05T10:14:24.274+0100] {logging_mixin.py:190} INFO - [2025-04-05T10:14:24.274+0100] {dag.py:3239} INFO - Sync 1 DAGs
[2025-04-05T10:14:24.284+0100] {logging_mixin.py:190} INFO - [2025-04-05T10:14:24.283+0100] {dag.py:4180} INFO - Setting next_dagrun for example_short_circuit_operator to None, run_after=None
[2025-04-05T10:14:24.300+0100] {processor.py:208} INFO - Processing /home/Data_Professional/PycharmProjects/DE_Zoomcamp_Capstone_Project/.venv/lib/python3.10/site-packages/airflow/example_dags/example_short_circuit_operator.py took 0.079 seconds
