[2025-04-05T09:55:28.596+0100] {processor.py:186} INFO - Started process (PID=11855) to work on /home/Data_Professional/PycharmProjects/DE_Zoomcamp_Capstone_Project/.venv/lib/python3.10/site-packages/airflow/example_dags/example_setup_teardown_taskflow.py
[2025-04-05T09:55:28.597+0100] {processor.py:914} INFO - Processing file /home/Data_Professional/PycharmProjects/DE_Zoomcamp_Capstone_Project/.venv/lib/python3.10/site-packages/airflow/example_dags/example_setup_teardown_taskflow.py for tasks to queue
[2025-04-05T09:55:28.598+0100] {logging_mixin.py:190} INFO - [2025-04-05T09:55:28.598+0100] {dagbag.py:588} INFO - Filling up the DagBag from /home/Data_Professional/PycharmProjects/DE_Zoomcamp_Capstone_Project/.venv/lib/python3.10/site-packages/airflow/example_dags/example_setup_teardown_taskflow.py
[2025-04-05T09:55:28.609+0100] {processor.py:925} INFO - DAG(s) 'example_setup_teardown_taskflow' retrieved from /home/Data_Professional/PycharmProjects/DE_Zoomcamp_Capstone_Project/.venv/lib/python3.10/site-packages/airflow/example_dags/example_setup_teardown_taskflow.py
[2025-04-05T09:55:28.714+0100] {logging_mixin.py:190} INFO - [2025-04-05T09:55:28.713+0100] {override.py:1912} INFO - Created Permission View: can read on DAG:example_setup_teardown_taskflow
[2025-04-05T09:55:28.729+0100] {logging_mixin.py:190} INFO - [2025-04-05T09:55:28.728+0100] {override.py:1912} INFO - Created Permission View: can delete on DAG:example_setup_teardown_taskflow
[2025-04-05T09:55:28.739+0100] {logging_mixin.py:190} INFO - [2025-04-05T09:55:28.739+0100] {override.py:1912} INFO - Created Permission View: can edit on DAG:example_setup_teardown_taskflow
[2025-04-05T09:55:28.752+0100] {logging_mixin.py:190} INFO - [2025-04-05T09:55:28.752+0100] {override.py:1912} INFO - Created Permission View: can create on DAG Run:example_setup_teardown_taskflow
[2025-04-05T09:55:28.762+0100] {logging_mixin.py:190} INFO - [2025-04-05T09:55:28.762+0100] {override.py:1912} INFO - Created Permission View: can read on DAG Run:example_setup_teardown_taskflow
[2025-04-05T09:55:28.773+0100] {logging_mixin.py:190} INFO - [2025-04-05T09:55:28.773+0100] {override.py:1912} INFO - Created Permission View: can delete on DAG Run:example_setup_teardown_taskflow
[2025-04-05T09:55:28.783+0100] {logging_mixin.py:190} INFO - [2025-04-05T09:55:28.783+0100] {override.py:1912} INFO - Created Permission View: menu access on DAG Run:example_setup_teardown_taskflow
[2025-04-05T09:55:28.784+0100] {logging_mixin.py:190} INFO - [2025-04-05T09:55:28.784+0100] {dag.py:3239} INFO - Sync 1 DAGs
[2025-04-05T09:55:28.802+0100] {logging_mixin.py:190} INFO - [2025-04-05T09:55:28.801+0100] {dag.py:3262} INFO - Creating ORM DAG for example_setup_teardown_taskflow
[2025-04-05T09:55:28.802+0100] {logging_mixin.py:190} INFO - [2025-04-05T09:55:28.802+0100] {dag.py:4180} INFO - Setting next_dagrun for example_setup_teardown_taskflow to None, run_after=None
[2025-04-05T09:55:28.829+0100] {processor.py:208} INFO - Processing /home/Data_Professional/PycharmProjects/DE_Zoomcamp_Capstone_Project/.venv/lib/python3.10/site-packages/airflow/example_dags/example_setup_teardown_taskflow.py took 0.239 seconds
[2025-04-05T09:56:31.262+0100] {processor.py:186} INFO - Started process (PID=12173) to work on /home/Data_Professional/PycharmProjects/DE_Zoomcamp_Capstone_Project/.venv/lib/python3.10/site-packages/airflow/example_dags/example_setup_teardown_taskflow.py
[2025-04-05T09:56:31.265+0100] {processor.py:914} INFO - Processing file /home/Data_Professional/PycharmProjects/DE_Zoomcamp_Capstone_Project/.venv/lib/python3.10/site-packages/airflow/example_dags/example_setup_teardown_taskflow.py for tasks to queue
[2025-04-05T09:56:31.270+0100] {logging_mixin.py:190} INFO - [2025-04-05T09:56:31.268+0100] {dagbag.py:588} INFO - Filling up the DagBag from /home/Data_Professional/PycharmProjects/DE_Zoomcamp_Capstone_Project/.venv/lib/python3.10/site-packages/airflow/example_dags/example_setup_teardown_taskflow.py
[2025-04-05T09:56:31.286+0100] {processor.py:925} INFO - DAG(s) 'example_setup_teardown_taskflow' retrieved from /home/Data_Professional/PycharmProjects/DE_Zoomcamp_Capstone_Project/.venv/lib/python3.10/site-packages/airflow/example_dags/example_setup_teardown_taskflow.py
[2025-04-05T09:56:31.301+0100] {logging_mixin.py:190} INFO - [2025-04-05T09:56:31.301+0100] {dag.py:3239} INFO - Sync 1 DAGs
[2025-04-05T09:56:31.311+0100] {logging_mixin.py:190} INFO - [2025-04-05T09:56:31.311+0100] {dag.py:4180} INFO - Setting next_dagrun for example_setup_teardown_taskflow to None, run_after=None
[2025-04-05T09:56:31.327+0100] {processor.py:208} INFO - Processing /home/Data_Professional/PycharmProjects/DE_Zoomcamp_Capstone_Project/.venv/lib/python3.10/site-packages/airflow/example_dags/example_setup_teardown_taskflow.py took 0.078 seconds
[2025-04-05T09:57:27.005+0100] {processor.py:186} INFO - Started process (PID=12286) to work on /home/Data_Professional/PycharmProjects/DE_Zoomcamp_Capstone_Project/.venv/lib/python3.10/site-packages/airflow/example_dags/example_setup_teardown_taskflow.py
[2025-04-05T09:57:27.008+0100] {processor.py:914} INFO - Processing file /home/Data_Professional/PycharmProjects/DE_Zoomcamp_Capstone_Project/.venv/lib/python3.10/site-packages/airflow/example_dags/example_setup_teardown_taskflow.py for tasks to queue
[2025-04-05T09:57:27.009+0100] {logging_mixin.py:190} INFO - [2025-04-05T09:57:27.009+0100] {dagbag.py:588} INFO - Filling up the DagBag from /home/Data_Professional/PycharmProjects/DE_Zoomcamp_Capstone_Project/.venv/lib/python3.10/site-packages/airflow/example_dags/example_setup_teardown_taskflow.py
[2025-04-05T09:57:27.019+0100] {processor.py:925} INFO - DAG(s) 'example_setup_teardown_taskflow' retrieved from /home/Data_Professional/PycharmProjects/DE_Zoomcamp_Capstone_Project/.venv/lib/python3.10/site-packages/airflow/example_dags/example_setup_teardown_taskflow.py
[2025-04-05T09:57:27.032+0100] {logging_mixin.py:190} INFO - [2025-04-05T09:57:27.032+0100] {dag.py:3239} INFO - Sync 1 DAGs
[2025-04-05T09:57:27.042+0100] {logging_mixin.py:190} INFO - [2025-04-05T09:57:27.041+0100] {dag.py:4180} INFO - Setting next_dagrun for example_setup_teardown_taskflow to None, run_after=None
[2025-04-05T09:57:27.058+0100] {processor.py:208} INFO - Processing /home/Data_Professional/PycharmProjects/DE_Zoomcamp_Capstone_Project/.venv/lib/python3.10/site-packages/airflow/example_dags/example_setup_teardown_taskflow.py took 0.057 seconds
[2025-04-05T09:58:22.335+0100] {processor.py:186} INFO - Started process (PID=12351) to work on /home/Data_Professional/PycharmProjects/DE_Zoomcamp_Capstone_Project/.venv/lib/python3.10/site-packages/airflow/example_dags/example_setup_teardown_taskflow.py
[2025-04-05T09:58:22.337+0100] {processor.py:914} INFO - Processing file /home/Data_Professional/PycharmProjects/DE_Zoomcamp_Capstone_Project/.venv/lib/python3.10/site-packages/airflow/example_dags/example_setup_teardown_taskflow.py for tasks to queue
[2025-04-05T09:58:22.340+0100] {logging_mixin.py:190} INFO - [2025-04-05T09:58:22.339+0100] {dagbag.py:588} INFO - Filling up the DagBag from /home/Data_Professional/PycharmProjects/DE_Zoomcamp_Capstone_Project/.venv/lib/python3.10/site-packages/airflow/example_dags/example_setup_teardown_taskflow.py
[2025-04-05T09:58:22.356+0100] {processor.py:925} INFO - DAG(s) 'example_setup_teardown_taskflow' retrieved from /home/Data_Professional/PycharmProjects/DE_Zoomcamp_Capstone_Project/.venv/lib/python3.10/site-packages/airflow/example_dags/example_setup_teardown_taskflow.py
[2025-04-05T09:58:22.371+0100] {logging_mixin.py:190} INFO - [2025-04-05T09:58:22.371+0100] {dag.py:3239} INFO - Sync 1 DAGs
[2025-04-05T09:58:22.382+0100] {logging_mixin.py:190} INFO - [2025-04-05T09:58:22.381+0100] {dag.py:4180} INFO - Setting next_dagrun for example_setup_teardown_taskflow to None, run_after=None
[2025-04-05T09:58:22.397+0100] {processor.py:208} INFO - Processing /home/Data_Professional/PycharmProjects/DE_Zoomcamp_Capstone_Project/.venv/lib/python3.10/site-packages/airflow/example_dags/example_setup_teardown_taskflow.py took 0.072 seconds
[2025-04-05T09:59:18.149+0100] {processor.py:186} INFO - Started process (PID=12421) to work on /home/Data_Professional/PycharmProjects/DE_Zoomcamp_Capstone_Project/.venv/lib/python3.10/site-packages/airflow/example_dags/example_setup_teardown_taskflow.py
[2025-04-05T09:59:18.153+0100] {processor.py:914} INFO - Processing file /home/Data_Professional/PycharmProjects/DE_Zoomcamp_Capstone_Project/.venv/lib/python3.10/site-packages/airflow/example_dags/example_setup_teardown_taskflow.py for tasks to queue
[2025-04-05T09:59:18.156+0100] {logging_mixin.py:190} INFO - [2025-04-05T09:59:18.156+0100] {dagbag.py:588} INFO - Filling up the DagBag from /home/Data_Professional/PycharmProjects/DE_Zoomcamp_Capstone_Project/.venv/lib/python3.10/site-packages/airflow/example_dags/example_setup_teardown_taskflow.py
[2025-04-05T09:59:18.171+0100] {processor.py:925} INFO - DAG(s) 'example_setup_teardown_taskflow' retrieved from /home/Data_Professional/PycharmProjects/DE_Zoomcamp_Capstone_Project/.venv/lib/python3.10/site-packages/airflow/example_dags/example_setup_teardown_taskflow.py
[2025-04-05T09:59:18.186+0100] {logging_mixin.py:190} INFO - [2025-04-05T09:59:18.186+0100] {dag.py:3239} INFO - Sync 1 DAGs
[2025-04-05T09:59:18.197+0100] {logging_mixin.py:190} INFO - [2025-04-05T09:59:18.197+0100] {dag.py:4180} INFO - Setting next_dagrun for example_setup_teardown_taskflow to None, run_after=None
[2025-04-05T09:59:18.214+0100] {processor.py:208} INFO - Processing /home/Data_Professional/PycharmProjects/DE_Zoomcamp_Capstone_Project/.venv/lib/python3.10/site-packages/airflow/example_dags/example_setup_teardown_taskflow.py took 0.075 seconds
[2025-04-05T10:00:15.761+0100] {processor.py:186} INFO - Started process (PID=12624) to work on /home/Data_Professional/PycharmProjects/DE_Zoomcamp_Capstone_Project/.venv/lib/python3.10/site-packages/airflow/example_dags/example_setup_teardown_taskflow.py
[2025-04-05T10:00:15.764+0100] {processor.py:914} INFO - Processing file /home/Data_Professional/PycharmProjects/DE_Zoomcamp_Capstone_Project/.venv/lib/python3.10/site-packages/airflow/example_dags/example_setup_teardown_taskflow.py for tasks to queue
[2025-04-05T10:00:15.766+0100] {logging_mixin.py:190} INFO - [2025-04-05T10:00:15.765+0100] {dagbag.py:588} INFO - Filling up the DagBag from /home/Data_Professional/PycharmProjects/DE_Zoomcamp_Capstone_Project/.venv/lib/python3.10/site-packages/airflow/example_dags/example_setup_teardown_taskflow.py
[2025-04-05T10:00:15.775+0100] {processor.py:925} INFO - DAG(s) 'example_setup_teardown_taskflow' retrieved from /home/Data_Professional/PycharmProjects/DE_Zoomcamp_Capstone_Project/.venv/lib/python3.10/site-packages/airflow/example_dags/example_setup_teardown_taskflow.py
[2025-04-05T10:00:15.788+0100] {logging_mixin.py:190} INFO - [2025-04-05T10:00:15.788+0100] {dag.py:3239} INFO - Sync 1 DAGs
[2025-04-05T10:00:15.797+0100] {logging_mixin.py:190} INFO - [2025-04-05T10:00:15.797+0100] {dag.py:4180} INFO - Setting next_dagrun for example_setup_teardown_taskflow to None, run_after=None
[2025-04-05T10:00:15.813+0100] {processor.py:208} INFO - Processing /home/Data_Professional/PycharmProjects/DE_Zoomcamp_Capstone_Project/.venv/lib/python3.10/site-packages/airflow/example_dags/example_setup_teardown_taskflow.py took 0.058 seconds
[2025-04-05T10:01:13.485+0100] {processor.py:186} INFO - Started process (PID=12880) to work on /home/Data_Professional/PycharmProjects/DE_Zoomcamp_Capstone_Project/.venv/lib/python3.10/site-packages/airflow/example_dags/example_setup_teardown_taskflow.py
[2025-04-05T10:01:13.488+0100] {processor.py:914} INFO - Processing file /home/Data_Professional/PycharmProjects/DE_Zoomcamp_Capstone_Project/.venv/lib/python3.10/site-packages/airflow/example_dags/example_setup_teardown_taskflow.py for tasks to queue
[2025-04-05T10:01:13.490+0100] {logging_mixin.py:190} INFO - [2025-04-05T10:01:13.489+0100] {dagbag.py:588} INFO - Filling up the DagBag from /home/Data_Professional/PycharmProjects/DE_Zoomcamp_Capstone_Project/.venv/lib/python3.10/site-packages/airflow/example_dags/example_setup_teardown_taskflow.py
[2025-04-05T10:01:13.501+0100] {processor.py:925} INFO - DAG(s) 'example_setup_teardown_taskflow' retrieved from /home/Data_Professional/PycharmProjects/DE_Zoomcamp_Capstone_Project/.venv/lib/python3.10/site-packages/airflow/example_dags/example_setup_teardown_taskflow.py
[2025-04-05T10:01:13.516+0100] {logging_mixin.py:190} INFO - [2025-04-05T10:01:13.516+0100] {dag.py:3239} INFO - Sync 1 DAGs
[2025-04-05T10:01:13.526+0100] {logging_mixin.py:190} INFO - [2025-04-05T10:01:13.525+0100] {dag.py:4180} INFO - Setting next_dagrun for example_setup_teardown_taskflow to None, run_after=None
[2025-04-05T10:01:13.542+0100] {processor.py:208} INFO - Processing /home/Data_Professional/PycharmProjects/DE_Zoomcamp_Capstone_Project/.venv/lib/python3.10/site-packages/airflow/example_dags/example_setup_teardown_taskflow.py took 0.066 seconds
[2025-04-05T10:02:10.694+0100] {processor.py:186} INFO - Started process (PID=12967) to work on /home/Data_Professional/PycharmProjects/DE_Zoomcamp_Capstone_Project/.venv/lib/python3.10/site-packages/airflow/example_dags/example_setup_teardown_taskflow.py
[2025-04-05T10:02:10.696+0100] {processor.py:914} INFO - Processing file /home/Data_Professional/PycharmProjects/DE_Zoomcamp_Capstone_Project/.venv/lib/python3.10/site-packages/airflow/example_dags/example_setup_teardown_taskflow.py for tasks to queue
[2025-04-05T10:02:10.698+0100] {logging_mixin.py:190} INFO - [2025-04-05T10:02:10.698+0100] {dagbag.py:588} INFO - Filling up the DagBag from /home/Data_Professional/PycharmProjects/DE_Zoomcamp_Capstone_Project/.venv/lib/python3.10/site-packages/airflow/example_dags/example_setup_teardown_taskflow.py
[2025-04-05T10:02:10.707+0100] {processor.py:925} INFO - DAG(s) 'example_setup_teardown_taskflow' retrieved from /home/Data_Professional/PycharmProjects/DE_Zoomcamp_Capstone_Project/.venv/lib/python3.10/site-packages/airflow/example_dags/example_setup_teardown_taskflow.py
[2025-04-05T10:02:10.722+0100] {logging_mixin.py:190} INFO - [2025-04-05T10:02:10.722+0100] {dag.py:3239} INFO - Sync 1 DAGs
[2025-04-05T10:02:10.733+0100] {logging_mixin.py:190} INFO - [2025-04-05T10:02:10.732+0100] {dag.py:4180} INFO - Setting next_dagrun for example_setup_teardown_taskflow to None, run_after=None
[2025-04-05T10:02:10.756+0100] {processor.py:208} INFO - Processing /home/Data_Professional/PycharmProjects/DE_Zoomcamp_Capstone_Project/.venv/lib/python3.10/site-packages/airflow/example_dags/example_setup_teardown_taskflow.py took 0.067 seconds
[2025-04-05T10:03:08.399+0100] {processor.py:186} INFO - Started process (PID=13111) to work on /home/Data_Professional/PycharmProjects/DE_Zoomcamp_Capstone_Project/.venv/lib/python3.10/site-packages/airflow/example_dags/example_setup_teardown_taskflow.py
[2025-04-05T10:03:08.400+0100] {processor.py:914} INFO - Processing file /home/Data_Professional/PycharmProjects/DE_Zoomcamp_Capstone_Project/.venv/lib/python3.10/site-packages/airflow/example_dags/example_setup_teardown_taskflow.py for tasks to queue
[2025-04-05T10:03:08.402+0100] {logging_mixin.py:190} INFO - [2025-04-05T10:03:08.402+0100] {dagbag.py:588} INFO - Filling up the DagBag from /home/Data_Professional/PycharmProjects/DE_Zoomcamp_Capstone_Project/.venv/lib/python3.10/site-packages/airflow/example_dags/example_setup_teardown_taskflow.py
[2025-04-05T10:03:08.413+0100] {processor.py:925} INFO - DAG(s) 'example_setup_teardown_taskflow' retrieved from /home/Data_Professional/PycharmProjects/DE_Zoomcamp_Capstone_Project/.venv/lib/python3.10/site-packages/airflow/example_dags/example_setup_teardown_taskflow.py
[2025-04-05T10:03:08.427+0100] {logging_mixin.py:190} INFO - [2025-04-05T10:03:08.427+0100] {dag.py:3239} INFO - Sync 1 DAGs
[2025-04-05T10:03:08.437+0100] {logging_mixin.py:190} INFO - [2025-04-05T10:03:08.437+0100] {dag.py:4180} INFO - Setting next_dagrun for example_setup_teardown_taskflow to None, run_after=None
[2025-04-05T10:03:08.453+0100] {processor.py:208} INFO - Processing /home/Data_Professional/PycharmProjects/DE_Zoomcamp_Capstone_Project/.venv/lib/python3.10/site-packages/airflow/example_dags/example_setup_teardown_taskflow.py took 0.060 seconds
[2025-04-05T10:04:09.145+0100] {processor.py:186} INFO - Started process (PID=13185) to work on /home/Data_Professional/PycharmProjects/DE_Zoomcamp_Capstone_Project/.venv/lib/python3.10/site-packages/airflow/example_dags/example_setup_teardown_taskflow.py
[2025-04-05T10:04:09.148+0100] {processor.py:914} INFO - Processing file /home/Data_Professional/PycharmProjects/DE_Zoomcamp_Capstone_Project/.venv/lib/python3.10/site-packages/airflow/example_dags/example_setup_teardown_taskflow.py for tasks to queue
[2025-04-05T10:04:09.150+0100] {logging_mixin.py:190} INFO - [2025-04-05T10:04:09.149+0100] {dagbag.py:588} INFO - Filling up the DagBag from /home/Data_Professional/PycharmProjects/DE_Zoomcamp_Capstone_Project/.venv/lib/python3.10/site-packages/airflow/example_dags/example_setup_teardown_taskflow.py
[2025-04-05T10:04:09.160+0100] {processor.py:925} INFO - DAG(s) 'example_setup_teardown_taskflow' retrieved from /home/Data_Professional/PycharmProjects/DE_Zoomcamp_Capstone_Project/.venv/lib/python3.10/site-packages/airflow/example_dags/example_setup_teardown_taskflow.py
[2025-04-05T10:04:09.176+0100] {logging_mixin.py:190} INFO - [2025-04-05T10:04:09.176+0100] {dag.py:3239} INFO - Sync 1 DAGs
[2025-04-05T10:04:09.186+0100] {logging_mixin.py:190} INFO - [2025-04-05T10:04:09.186+0100] {dag.py:4180} INFO - Setting next_dagrun for example_setup_teardown_taskflow to None, run_after=None
[2025-04-05T10:04:09.202+0100] {processor.py:208} INFO - Processing /home/Data_Professional/PycharmProjects/DE_Zoomcamp_Capstone_Project/.venv/lib/python3.10/site-packages/airflow/example_dags/example_setup_teardown_taskflow.py took 0.062 seconds
[2025-04-05T10:05:08.901+0100] {processor.py:186} INFO - Started process (PID=13458) to work on /home/Data_Professional/PycharmProjects/DE_Zoomcamp_Capstone_Project/.venv/lib/python3.10/site-packages/airflow/example_dags/example_setup_teardown_taskflow.py
[2025-04-05T10:05:08.902+0100] {processor.py:914} INFO - Processing file /home/Data_Professional/PycharmProjects/DE_Zoomcamp_Capstone_Project/.venv/lib/python3.10/site-packages/airflow/example_dags/example_setup_teardown_taskflow.py for tasks to queue
[2025-04-05T10:05:08.904+0100] {logging_mixin.py:190} INFO - [2025-04-05T10:05:08.904+0100] {dagbag.py:588} INFO - Filling up the DagBag from /home/Data_Professional/PycharmProjects/DE_Zoomcamp_Capstone_Project/.venv/lib/python3.10/site-packages/airflow/example_dags/example_setup_teardown_taskflow.py
[2025-04-05T10:05:08.919+0100] {processor.py:925} INFO - DAG(s) 'example_setup_teardown_taskflow' retrieved from /home/Data_Professional/PycharmProjects/DE_Zoomcamp_Capstone_Project/.venv/lib/python3.10/site-packages/airflow/example_dags/example_setup_teardown_taskflow.py
[2025-04-05T10:05:08.934+0100] {logging_mixin.py:190} INFO - [2025-04-05T10:05:08.934+0100] {dag.py:3239} INFO - Sync 1 DAGs
[2025-04-05T10:05:08.945+0100] {logging_mixin.py:190} INFO - [2025-04-05T10:05:08.944+0100] {dag.py:4180} INFO - Setting next_dagrun for example_setup_teardown_taskflow to None, run_after=None
[2025-04-05T10:05:08.961+0100] {processor.py:208} INFO - Processing /home/Data_Professional/PycharmProjects/DE_Zoomcamp_Capstone_Project/.venv/lib/python3.10/site-packages/airflow/example_dags/example_setup_teardown_taskflow.py took 0.070 seconds
[2025-04-05T10:06:10.475+0100] {processor.py:186} INFO - Started process (PID=13641) to work on /home/Data_Professional/PycharmProjects/DE_Zoomcamp_Capstone_Project/.venv/lib/python3.10/site-packages/airflow/example_dags/example_setup_teardown_taskflow.py
[2025-04-05T10:06:10.478+0100] {processor.py:914} INFO - Processing file /home/Data_Professional/PycharmProjects/DE_Zoomcamp_Capstone_Project/.venv/lib/python3.10/site-packages/airflow/example_dags/example_setup_teardown_taskflow.py for tasks to queue
[2025-04-05T10:06:10.479+0100] {logging_mixin.py:190} INFO - [2025-04-05T10:06:10.478+0100] {dagbag.py:588} INFO - Filling up the DagBag from /home/Data_Professional/PycharmProjects/DE_Zoomcamp_Capstone_Project/.venv/lib/python3.10/site-packages/airflow/example_dags/example_setup_teardown_taskflow.py
[2025-04-05T10:06:10.489+0100] {processor.py:925} INFO - DAG(s) 'example_setup_teardown_taskflow' retrieved from /home/Data_Professional/PycharmProjects/DE_Zoomcamp_Capstone_Project/.venv/lib/python3.10/site-packages/airflow/example_dags/example_setup_teardown_taskflow.py
[2025-04-05T10:06:10.504+0100] {logging_mixin.py:190} INFO - [2025-04-05T10:06:10.504+0100] {dag.py:3239} INFO - Sync 1 DAGs
[2025-04-05T10:06:10.514+0100] {logging_mixin.py:190} INFO - [2025-04-05T10:06:10.514+0100] {dag.py:4180} INFO - Setting next_dagrun for example_setup_teardown_taskflow to None, run_after=None
[2025-04-05T10:06:10.531+0100] {processor.py:208} INFO - Processing /home/Data_Professional/PycharmProjects/DE_Zoomcamp_Capstone_Project/.venv/lib/python3.10/site-packages/airflow/example_dags/example_setup_teardown_taskflow.py took 0.061 seconds
[2025-04-05T10:07:12.909+0100] {processor.py:186} INFO - Started process (PID=13846) to work on /home/Data_Professional/PycharmProjects/DE_Zoomcamp_Capstone_Project/.venv/lib/python3.10/site-packages/airflow/example_dags/example_setup_teardown_taskflow.py
[2025-04-05T10:07:12.912+0100] {processor.py:914} INFO - Processing file /home/Data_Professional/PycharmProjects/DE_Zoomcamp_Capstone_Project/.venv/lib/python3.10/site-packages/airflow/example_dags/example_setup_teardown_taskflow.py for tasks to queue
[2025-04-05T10:07:12.913+0100] {logging_mixin.py:190} INFO - [2025-04-05T10:07:12.912+0100] {dagbag.py:588} INFO - Filling up the DagBag from /home/Data_Professional/PycharmProjects/DE_Zoomcamp_Capstone_Project/.venv/lib/python3.10/site-packages/airflow/example_dags/example_setup_teardown_taskflow.py
[2025-04-05T10:07:12.924+0100] {processor.py:925} INFO - DAG(s) 'example_setup_teardown_taskflow' retrieved from /home/Data_Professional/PycharmProjects/DE_Zoomcamp_Capstone_Project/.venv/lib/python3.10/site-packages/airflow/example_dags/example_setup_teardown_taskflow.py
[2025-04-05T10:07:12.938+0100] {logging_mixin.py:190} INFO - [2025-04-05T10:07:12.938+0100] {dag.py:3239} INFO - Sync 1 DAGs
[2025-04-05T10:07:12.948+0100] {logging_mixin.py:190} INFO - [2025-04-05T10:07:12.948+0100] {dag.py:4180} INFO - Setting next_dagrun for example_setup_teardown_taskflow to None, run_after=None
[2025-04-05T10:07:12.964+0100] {processor.py:208} INFO - Processing /home/Data_Professional/PycharmProjects/DE_Zoomcamp_Capstone_Project/.venv/lib/python3.10/site-packages/airflow/example_dags/example_setup_teardown_taskflow.py took 0.062 seconds
[2025-04-05T10:08:16.599+0100] {processor.py:186} INFO - Started process (PID=14125) to work on /home/Data_Professional/PycharmProjects/DE_Zoomcamp_Capstone_Project/.venv/lib/python3.10/site-packages/airflow/example_dags/example_setup_teardown_taskflow.py
[2025-04-05T10:08:16.602+0100] {processor.py:914} INFO - Processing file /home/Data_Professional/PycharmProjects/DE_Zoomcamp_Capstone_Project/.venv/lib/python3.10/site-packages/airflow/example_dags/example_setup_teardown_taskflow.py for tasks to queue
[2025-04-05T10:08:16.605+0100] {logging_mixin.py:190} INFO - [2025-04-05T10:08:16.604+0100] {dagbag.py:588} INFO - Filling up the DagBag from /home/Data_Professional/PycharmProjects/DE_Zoomcamp_Capstone_Project/.venv/lib/python3.10/site-packages/airflow/example_dags/example_setup_teardown_taskflow.py
[2025-04-05T10:08:16.639+0100] {processor.py:925} INFO - DAG(s) 'example_setup_teardown_taskflow' retrieved from /home/Data_Professional/PycharmProjects/DE_Zoomcamp_Capstone_Project/.venv/lib/python3.10/site-packages/airflow/example_dags/example_setup_teardown_taskflow.py
[2025-04-05T10:08:16.670+0100] {logging_mixin.py:190} INFO - [2025-04-05T10:08:16.669+0100] {dag.py:3239} INFO - Sync 1 DAGs
[2025-04-05T10:08:16.682+0100] {logging_mixin.py:190} INFO - [2025-04-05T10:08:16.682+0100] {dag.py:4180} INFO - Setting next_dagrun for example_setup_teardown_taskflow to None, run_after=None
[2025-04-05T10:08:16.699+0100] {processor.py:208} INFO - Processing /home/Data_Professional/PycharmProjects/DE_Zoomcamp_Capstone_Project/.venv/lib/python3.10/site-packages/airflow/example_dags/example_setup_teardown_taskflow.py took 0.107 seconds
[2025-04-05T10:09:26.165+0100] {processor.py:186} INFO - Started process (PID=14329) to work on /home/Data_Professional/PycharmProjects/DE_Zoomcamp_Capstone_Project/.venv/lib/python3.10/site-packages/airflow/example_dags/example_setup_teardown_taskflow.py
[2025-04-05T10:09:26.169+0100] {processor.py:914} INFO - Processing file /home/Data_Professional/PycharmProjects/DE_Zoomcamp_Capstone_Project/.venv/lib/python3.10/site-packages/airflow/example_dags/example_setup_teardown_taskflow.py for tasks to queue
[2025-04-05T10:09:26.172+0100] {logging_mixin.py:190} INFO - [2025-04-05T10:09:26.171+0100] {dagbag.py:588} INFO - Filling up the DagBag from /home/Data_Professional/PycharmProjects/DE_Zoomcamp_Capstone_Project/.venv/lib/python3.10/site-packages/airflow/example_dags/example_setup_teardown_taskflow.py
[2025-04-05T10:09:26.189+0100] {processor.py:925} INFO - DAG(s) 'example_setup_teardown_taskflow' retrieved from /home/Data_Professional/PycharmProjects/DE_Zoomcamp_Capstone_Project/.venv/lib/python3.10/site-packages/airflow/example_dags/example_setup_teardown_taskflow.py
[2025-04-05T10:09:26.205+0100] {logging_mixin.py:190} INFO - [2025-04-05T10:09:26.205+0100] {dag.py:3239} INFO - Sync 1 DAGs
[2025-04-05T10:09:26.216+0100] {logging_mixin.py:190} INFO - [2025-04-05T10:09:26.215+0100] {dag.py:4180} INFO - Setting next_dagrun for example_setup_teardown_taskflow to None, run_after=None
[2025-04-05T10:09:26.232+0100] {processor.py:208} INFO - Processing /home/Data_Professional/PycharmProjects/DE_Zoomcamp_Capstone_Project/.venv/lib/python3.10/site-packages/airflow/example_dags/example_setup_teardown_taskflow.py took 0.083 seconds
[2025-04-05T10:10:25.672+0100] {processor.py:186} INFO - Started process (PID=14510) to work on /home/Data_Professional/PycharmProjects/DE_Zoomcamp_Capstone_Project/.venv/lib/python3.10/site-packages/airflow/example_dags/example_setup_teardown_taskflow.py
[2025-04-05T10:10:25.675+0100] {processor.py:914} INFO - Processing file /home/Data_Professional/PycharmProjects/DE_Zoomcamp_Capstone_Project/.venv/lib/python3.10/site-packages/airflow/example_dags/example_setup_teardown_taskflow.py for tasks to queue
[2025-04-05T10:10:25.676+0100] {logging_mixin.py:190} INFO - [2025-04-05T10:10:25.676+0100] {dagbag.py:588} INFO - Filling up the DagBag from /home/Data_Professional/PycharmProjects/DE_Zoomcamp_Capstone_Project/.venv/lib/python3.10/site-packages/airflow/example_dags/example_setup_teardown_taskflow.py
[2025-04-05T10:10:25.690+0100] {processor.py:925} INFO - DAG(s) 'example_setup_teardown_taskflow' retrieved from /home/Data_Professional/PycharmProjects/DE_Zoomcamp_Capstone_Project/.venv/lib/python3.10/site-packages/airflow/example_dags/example_setup_teardown_taskflow.py
[2025-04-05T10:10:25.703+0100] {logging_mixin.py:190} INFO - [2025-04-05T10:10:25.703+0100] {dag.py:3239} INFO - Sync 1 DAGs
[2025-04-05T10:10:25.713+0100] {logging_mixin.py:190} INFO - [2025-04-05T10:10:25.713+0100] {dag.py:4180} INFO - Setting next_dagrun for example_setup_teardown_taskflow to None, run_after=None
[2025-04-05T10:10:25.729+0100] {processor.py:208} INFO - Processing /home/Data_Professional/PycharmProjects/DE_Zoomcamp_Capstone_Project/.venv/lib/python3.10/site-packages/airflow/example_dags/example_setup_teardown_taskflow.py took 0.066 seconds
[2025-04-05T10:11:26.682+0100] {processor.py:186} INFO - Started process (PID=14679) to work on /home/Data_Professional/PycharmProjects/DE_Zoomcamp_Capstone_Project/.venv/lib/python3.10/site-packages/airflow/example_dags/example_setup_teardown_taskflow.py
[2025-04-05T10:11:26.683+0100] {processor.py:914} INFO - Processing file /home/Data_Professional/PycharmProjects/DE_Zoomcamp_Capstone_Project/.venv/lib/python3.10/site-packages/airflow/example_dags/example_setup_teardown_taskflow.py for tasks to queue
[2025-04-05T10:11:26.685+0100] {logging_mixin.py:190} INFO - [2025-04-05T10:11:26.684+0100] {dagbag.py:588} INFO - Filling up the DagBag from /home/Data_Professional/PycharmProjects/DE_Zoomcamp_Capstone_Project/.venv/lib/python3.10/site-packages/airflow/example_dags/example_setup_teardown_taskflow.py
[2025-04-05T10:11:26.696+0100] {processor.py:925} INFO - DAG(s) 'example_setup_teardown_taskflow' retrieved from /home/Data_Professional/PycharmProjects/DE_Zoomcamp_Capstone_Project/.venv/lib/python3.10/site-packages/airflow/example_dags/example_setup_teardown_taskflow.py
[2025-04-05T10:11:26.710+0100] {logging_mixin.py:190} INFO - [2025-04-05T10:11:26.710+0100] {dag.py:3239} INFO - Sync 1 DAGs
[2025-04-05T10:11:26.721+0100] {logging_mixin.py:190} INFO - [2025-04-05T10:11:26.720+0100] {dag.py:4180} INFO - Setting next_dagrun for example_setup_teardown_taskflow to None, run_after=None
[2025-04-05T10:11:26.737+0100] {processor.py:208} INFO - Processing /home/Data_Professional/PycharmProjects/DE_Zoomcamp_Capstone_Project/.venv/lib/python3.10/site-packages/airflow/example_dags/example_setup_teardown_taskflow.py took 0.060 seconds
[2025-04-05T10:12:29.965+0100] {processor.py:186} INFO - Started process (PID=15030) to work on /home/Data_Professional/PycharmProjects/DE_Zoomcamp_Capstone_Project/.venv/lib/python3.10/site-packages/airflow/example_dags/example_setup_teardown_taskflow.py
[2025-04-05T10:12:29.967+0100] {processor.py:914} INFO - Processing file /home/Data_Professional/PycharmProjects/DE_Zoomcamp_Capstone_Project/.venv/lib/python3.10/site-packages/airflow/example_dags/example_setup_teardown_taskflow.py for tasks to queue
[2025-04-05T10:12:29.969+0100] {logging_mixin.py:190} INFO - [2025-04-05T10:12:29.969+0100] {dagbag.py:588} INFO - Filling up the DagBag from /home/Data_Professional/PycharmProjects/DE_Zoomcamp_Capstone_Project/.venv/lib/python3.10/site-packages/airflow/example_dags/example_setup_teardown_taskflow.py
[2025-04-05T10:12:29.980+0100] {processor.py:925} INFO - DAG(s) 'example_setup_teardown_taskflow' retrieved from /home/Data_Professional/PycharmProjects/DE_Zoomcamp_Capstone_Project/.venv/lib/python3.10/site-packages/airflow/example_dags/example_setup_teardown_taskflow.py
[2025-04-05T10:12:29.996+0100] {logging_mixin.py:190} INFO - [2025-04-05T10:12:29.996+0100] {dag.py:3239} INFO - Sync 1 DAGs
[2025-04-05T10:12:30.009+0100] {logging_mixin.py:190} INFO - [2025-04-05T10:12:30.009+0100] {dag.py:4180} INFO - Setting next_dagrun for example_setup_teardown_taskflow to None, run_after=None
[2025-04-05T10:12:30.133+0100] {processor.py:208} INFO - Processing /home/Data_Professional/PycharmProjects/DE_Zoomcamp_Capstone_Project/.venv/lib/python3.10/site-packages/airflow/example_dags/example_setup_teardown_taskflow.py took 0.173 seconds
[2025-04-05T10:13:29.822+0100] {processor.py:186} INFO - Started process (PID=15124) to work on /home/Data_Professional/PycharmProjects/DE_Zoomcamp_Capstone_Project/.venv/lib/python3.10/site-packages/airflow/example_dags/example_setup_teardown_taskflow.py
[2025-04-05T10:13:29.824+0100] {processor.py:914} INFO - Processing file /home/Data_Professional/PycharmProjects/DE_Zoomcamp_Capstone_Project/.venv/lib/python3.10/site-packages/airflow/example_dags/example_setup_teardown_taskflow.py for tasks to queue
[2025-04-05T10:13:29.827+0100] {logging_mixin.py:190} INFO - [2025-04-05T10:13:29.826+0100] {dagbag.py:588} INFO - Filling up the DagBag from /home/Data_Professional/PycharmProjects/DE_Zoomcamp_Capstone_Project/.venv/lib/python3.10/site-packages/airflow/example_dags/example_setup_teardown_taskflow.py
[2025-04-05T10:13:29.850+0100] {processor.py:925} INFO - DAG(s) 'example_setup_teardown_taskflow' retrieved from /home/Data_Professional/PycharmProjects/DE_Zoomcamp_Capstone_Project/.venv/lib/python3.10/site-packages/airflow/example_dags/example_setup_teardown_taskflow.py
[2025-04-05T10:13:29.869+0100] {logging_mixin.py:190} INFO - [2025-04-05T10:13:29.869+0100] {dag.py:3239} INFO - Sync 1 DAGs
[2025-04-05T10:13:29.879+0100] {logging_mixin.py:190} INFO - [2025-04-05T10:13:29.879+0100] {dag.py:4180} INFO - Setting next_dagrun for example_setup_teardown_taskflow to None, run_after=None
[2025-04-05T10:13:29.895+0100] {processor.py:208} INFO - Processing /home/Data_Professional/PycharmProjects/DE_Zoomcamp_Capstone_Project/.venv/lib/python3.10/site-packages/airflow/example_dags/example_setup_teardown_taskflow.py took 0.079 seconds
[2025-04-05T10:14:25.357+0100] {processor.py:186} INFO - Started process (PID=15207) to work on /home/Data_Professional/PycharmProjects/DE_Zoomcamp_Capstone_Project/.venv/lib/python3.10/site-packages/airflow/example_dags/example_setup_teardown_taskflow.py
[2025-04-05T10:14:25.360+0100] {processor.py:914} INFO - Processing file /home/Data_Professional/PycharmProjects/DE_Zoomcamp_Capstone_Project/.venv/lib/python3.10/site-packages/airflow/example_dags/example_setup_teardown_taskflow.py for tasks to queue
[2025-04-05T10:14:25.361+0100] {logging_mixin.py:190} INFO - [2025-04-05T10:14:25.360+0100] {dagbag.py:588} INFO - Filling up the DagBag from /home/Data_Professional/PycharmProjects/DE_Zoomcamp_Capstone_Project/.venv/lib/python3.10/site-packages/airflow/example_dags/example_setup_teardown_taskflow.py
[2025-04-05T10:14:25.370+0100] {processor.py:925} INFO - DAG(s) 'example_setup_teardown_taskflow' retrieved from /home/Data_Professional/PycharmProjects/DE_Zoomcamp_Capstone_Project/.venv/lib/python3.10/site-packages/airflow/example_dags/example_setup_teardown_taskflow.py
[2025-04-05T10:14:25.383+0100] {logging_mixin.py:190} INFO - [2025-04-05T10:14:25.383+0100] {dag.py:3239} INFO - Sync 1 DAGs
[2025-04-05T10:14:25.394+0100] {logging_mixin.py:190} INFO - [2025-04-05T10:14:25.394+0100] {dag.py:4180} INFO - Setting next_dagrun for example_setup_teardown_taskflow to None, run_after=None
[2025-04-05T10:14:25.412+0100] {processor.py:208} INFO - Processing /home/Data_Professional/PycharmProjects/DE_Zoomcamp_Capstone_Project/.venv/lib/python3.10/site-packages/airflow/example_dags/example_setup_teardown_taskflow.py took 0.060 seconds
