[2025-04-05T09:55:48.401+0100] {processor.py:186} INFO - Started process (PID=11984) to work on /home/Data_Professional/PycharmProjects/DE_Zoomcamp_Capstone_Project/.venv/lib/python3.10/site-packages/airflow/example_dags/example_inlet_event_extra.py
[2025-04-05T09:55:48.403+0100] {processor.py:914} INFO - Processing file /home/Data_Professional/PycharmProjects/DE_Zoomcamp_Capstone_Project/.venv/lib/python3.10/site-packages/airflow/example_dags/example_inlet_event_extra.py for tasks to queue
[2025-04-05T09:55:48.410+0100] {logging_mixin.py:190} INFO - [2025-04-05T09:55:48.408+0100] {dagbag.py:588} INFO - Filling up the DagBag from /home/Data_Professional/PycharmProjects/DE_Zoomcamp_Capstone_Project/.venv/lib/python3.10/site-packages/airflow/example_dags/example_inlet_event_extra.py
[2025-04-05T09:55:48.438+0100] {processor.py:925} INFO - DAG(s) 'read_dataset_event_from_classic', 'read_dataset_event' retrieved from /home/Data_Professional/PycharmProjects/DE_Zoomcamp_Capstone_Project/.venv/lib/python3.10/site-packages/airflow/example_dags/example_inlet_event_extra.py
[2025-04-05T09:55:48.530+0100] {logging_mixin.py:190} INFO - [2025-04-05T09:55:48.529+0100] {override.py:1912} INFO - Created Permission View: can read on DAG:read_dataset_event_from_classic
[2025-04-05T09:55:48.542+0100] {logging_mixin.py:190} INFO - [2025-04-05T09:55:48.541+0100] {override.py:1912} INFO - Created Permission View: can delete on DAG:read_dataset_event_from_classic
[2025-04-05T09:55:48.548+0100] {logging_mixin.py:190} INFO - [2025-04-05T09:55:48.548+0100] {override.py:1912} INFO - Created Permission View: can edit on DAG:read_dataset_event_from_classic
[2025-04-05T09:55:48.559+0100] {logging_mixin.py:190} INFO - [2025-04-05T09:55:48.558+0100] {override.py:1912} INFO - Created Permission View: can create on DAG Run:read_dataset_event_from_classic
[2025-04-05T09:55:48.568+0100] {logging_mixin.py:190} INFO - [2025-04-05T09:55:48.568+0100] {override.py:1912} INFO - Created Permission View: can read on DAG Run:read_dataset_event_from_classic
[2025-04-05T09:55:48.579+0100] {logging_mixin.py:190} INFO - [2025-04-05T09:55:48.578+0100] {override.py:1912} INFO - Created Permission View: can delete on DAG Run:read_dataset_event_from_classic
[2025-04-05T09:55:48.586+0100] {logging_mixin.py:190} INFO - [2025-04-05T09:55:48.585+0100] {override.py:1912} INFO - Created Permission View: menu access on DAG Run:read_dataset_event_from_classic
[2025-04-05T09:55:48.600+0100] {logging_mixin.py:190} INFO - [2025-04-05T09:55:48.599+0100] {override.py:1912} INFO - Created Permission View: can read on DAG:read_dataset_event
[2025-04-05T09:55:48.606+0100] {logging_mixin.py:190} INFO - [2025-04-05T09:55:48.606+0100] {override.py:1912} INFO - Created Permission View: can delete on DAG:read_dataset_event
[2025-04-05T09:55:48.614+0100] {logging_mixin.py:190} INFO - [2025-04-05T09:55:48.614+0100] {override.py:1912} INFO - Created Permission View: can edit on DAG:read_dataset_event
[2025-04-05T09:55:48.624+0100] {logging_mixin.py:190} INFO - [2025-04-05T09:55:48.623+0100] {override.py:1912} INFO - Created Permission View: can create on DAG Run:read_dataset_event
[2025-04-05T09:55:48.631+0100] {logging_mixin.py:190} INFO - [2025-04-05T09:55:48.631+0100] {override.py:1912} INFO - Created Permission View: can read on DAG Run:read_dataset_event
[2025-04-05T09:55:48.638+0100] {logging_mixin.py:190} INFO - [2025-04-05T09:55:48.638+0100] {override.py:1912} INFO - Created Permission View: can delete on DAG Run:read_dataset_event
[2025-04-05T09:55:48.645+0100] {logging_mixin.py:190} INFO - [2025-04-05T09:55:48.644+0100] {override.py:1912} INFO - Created Permission View: menu access on DAG Run:read_dataset_event
[2025-04-05T09:55:48.645+0100] {logging_mixin.py:190} INFO - [2025-04-05T09:55:48.645+0100] {dag.py:3239} INFO - Sync 2 DAGs
[2025-04-05T09:55:48.655+0100] {logging_mixin.py:190} INFO - [2025-04-05T09:55:48.655+0100] {dag.py:3262} INFO - Creating ORM DAG for read_dataset_event
[2025-04-05T09:55:48.656+0100] {logging_mixin.py:190} INFO - [2025-04-05T09:55:48.655+0100] {dag.py:3262} INFO - Creating ORM DAG for read_dataset_event_from_classic
[2025-04-05T09:55:48.664+0100] {logging_mixin.py:190} INFO - [2025-04-05T09:55:48.664+0100] {dag.py:4180} INFO - Setting next_dagrun for read_dataset_event to 2025-04-04 00:00:00+00:00, run_after=2025-04-05 00:00:00+00:00
[2025-04-05T09:55:48.666+0100] {logging_mixin.py:190} INFO - [2025-04-05T09:55:48.666+0100] {dag.py:4180} INFO - Setting next_dagrun for read_dataset_event_from_classic to 2025-04-04 00:00:00+00:00, run_after=2025-04-05 00:00:00+00:00
[2025-04-05T09:55:48.684+0100] {processor.py:208} INFO - Processing /home/Data_Professional/PycharmProjects/DE_Zoomcamp_Capstone_Project/.venv/lib/python3.10/site-packages/airflow/example_dags/example_inlet_event_extra.py took 0.300 seconds
[2025-04-05T09:56:51.609+0100] {processor.py:186} INFO - Started process (PID=12245) to work on /home/Data_Professional/PycharmProjects/DE_Zoomcamp_Capstone_Project/.venv/lib/python3.10/site-packages/airflow/example_dags/example_inlet_event_extra.py
[2025-04-05T09:56:51.613+0100] {processor.py:914} INFO - Processing file /home/Data_Professional/PycharmProjects/DE_Zoomcamp_Capstone_Project/.venv/lib/python3.10/site-packages/airflow/example_dags/example_inlet_event_extra.py for tasks to queue
[2025-04-05T09:56:51.617+0100] {logging_mixin.py:190} INFO - [2025-04-05T09:56:51.616+0100] {dagbag.py:588} INFO - Filling up the DagBag from /home/Data_Professional/PycharmProjects/DE_Zoomcamp_Capstone_Project/.venv/lib/python3.10/site-packages/airflow/example_dags/example_inlet_event_extra.py
[2025-04-05T09:56:51.636+0100] {processor.py:925} INFO - DAG(s) 'read_dataset_event_from_classic', 'read_dataset_event' retrieved from /home/Data_Professional/PycharmProjects/DE_Zoomcamp_Capstone_Project/.venv/lib/python3.10/site-packages/airflow/example_dags/example_inlet_event_extra.py
[2025-04-05T09:56:51.651+0100] {logging_mixin.py:190} INFO - [2025-04-05T09:56:51.651+0100] {dag.py:3239} INFO - Sync 2 DAGs
[2025-04-05T09:56:51.669+0100] {logging_mixin.py:190} INFO - [2025-04-05T09:56:51.669+0100] {dag.py:4180} INFO - Setting next_dagrun for read_dataset_event to 2025-04-04 00:00:00+00:00, run_after=2025-04-05 00:00:00+00:00
[2025-04-05T09:56:51.673+0100] {logging_mixin.py:190} INFO - [2025-04-05T09:56:51.672+0100] {dag.py:4180} INFO - Setting next_dagrun for read_dataset_event_from_classic to 2025-04-04 00:00:00+00:00, run_after=2025-04-05 00:00:00+00:00
[2025-04-05T09:56:51.687+0100] {processor.py:208} INFO - Processing /home/Data_Professional/PycharmProjects/DE_Zoomcamp_Capstone_Project/.venv/lib/python3.10/site-packages/airflow/example_dags/example_inlet_event_extra.py took 0.093 seconds
[2025-04-05T09:57:47.762+0100] {processor.py:186} INFO - Started process (PID=12310) to work on /home/Data_Professional/PycharmProjects/DE_Zoomcamp_Capstone_Project/.venv/lib/python3.10/site-packages/airflow/example_dags/example_inlet_event_extra.py
[2025-04-05T09:57:47.764+0100] {processor.py:914} INFO - Processing file /home/Data_Professional/PycharmProjects/DE_Zoomcamp_Capstone_Project/.venv/lib/python3.10/site-packages/airflow/example_dags/example_inlet_event_extra.py for tasks to queue
[2025-04-05T09:57:47.766+0100] {logging_mixin.py:190} INFO - [2025-04-05T09:57:47.765+0100] {dagbag.py:588} INFO - Filling up the DagBag from /home/Data_Professional/PycharmProjects/DE_Zoomcamp_Capstone_Project/.venv/lib/python3.10/site-packages/airflow/example_dags/example_inlet_event_extra.py
[2025-04-05T09:57:47.776+0100] {processor.py:925} INFO - DAG(s) 'read_dataset_event', 'read_dataset_event_from_classic' retrieved from /home/Data_Professional/PycharmProjects/DE_Zoomcamp_Capstone_Project/.venv/lib/python3.10/site-packages/airflow/example_dags/example_inlet_event_extra.py
[2025-04-05T09:57:47.789+0100] {logging_mixin.py:190} INFO - [2025-04-05T09:57:47.789+0100] {dag.py:3239} INFO - Sync 2 DAGs
[2025-04-05T09:57:47.806+0100] {logging_mixin.py:190} INFO - [2025-04-05T09:57:47.806+0100] {dag.py:4180} INFO - Setting next_dagrun for read_dataset_event to 2025-04-04 00:00:00+00:00, run_after=2025-04-05 00:00:00+00:00
[2025-04-05T09:57:47.810+0100] {logging_mixin.py:190} INFO - [2025-04-05T09:57:47.810+0100] {dag.py:4180} INFO - Setting next_dagrun for read_dataset_event_from_classic to 2025-04-04 00:00:00+00:00, run_after=2025-04-05 00:00:00+00:00
[2025-04-05T09:57:47.826+0100] {processor.py:208} INFO - Processing /home/Data_Professional/PycharmProjects/DE_Zoomcamp_Capstone_Project/.venv/lib/python3.10/site-packages/airflow/example_dags/example_inlet_event_extra.py took 0.069 seconds
[2025-04-05T09:58:44.850+0100] {processor.py:186} INFO - Started process (PID=12379) to work on /home/Data_Professional/PycharmProjects/DE_Zoomcamp_Capstone_Project/.venv/lib/python3.10/site-packages/airflow/example_dags/example_inlet_event_extra.py
[2025-04-05T09:58:44.853+0100] {processor.py:914} INFO - Processing file /home/Data_Professional/PycharmProjects/DE_Zoomcamp_Capstone_Project/.venv/lib/python3.10/site-packages/airflow/example_dags/example_inlet_event_extra.py for tasks to queue
[2025-04-05T09:58:44.856+0100] {logging_mixin.py:190} INFO - [2025-04-05T09:58:44.855+0100] {dagbag.py:588} INFO - Filling up the DagBag from /home/Data_Professional/PycharmProjects/DE_Zoomcamp_Capstone_Project/.venv/lib/python3.10/site-packages/airflow/example_dags/example_inlet_event_extra.py
[2025-04-05T09:58:44.869+0100] {processor.py:925} INFO - DAG(s) 'read_dataset_event', 'read_dataset_event_from_classic' retrieved from /home/Data_Professional/PycharmProjects/DE_Zoomcamp_Capstone_Project/.venv/lib/python3.10/site-packages/airflow/example_dags/example_inlet_event_extra.py
[2025-04-05T09:58:44.883+0100] {logging_mixin.py:190} INFO - [2025-04-05T09:58:44.883+0100] {dag.py:3239} INFO - Sync 2 DAGs
[2025-04-05T09:58:44.901+0100] {logging_mixin.py:190} INFO - [2025-04-05T09:58:44.901+0100] {dag.py:4180} INFO - Setting next_dagrun for read_dataset_event to 2025-04-04 00:00:00+00:00, run_after=2025-04-05 00:00:00+00:00
[2025-04-05T09:58:44.906+0100] {logging_mixin.py:190} INFO - [2025-04-05T09:58:44.905+0100] {dag.py:4180} INFO - Setting next_dagrun for read_dataset_event_from_classic to 2025-04-04 00:00:00+00:00, run_after=2025-04-05 00:00:00+00:00
[2025-04-05T09:58:44.920+0100] {processor.py:208} INFO - Processing /home/Data_Professional/PycharmProjects/DE_Zoomcamp_Capstone_Project/.venv/lib/python3.10/site-packages/airflow/example_dags/example_inlet_event_extra.py took 0.083 seconds
[2025-04-05T09:59:41.759+0100] {processor.py:186} INFO - Started process (PID=12461) to work on /home/Data_Professional/PycharmProjects/DE_Zoomcamp_Capstone_Project/.venv/lib/python3.10/site-packages/airflow/example_dags/example_inlet_event_extra.py
[2025-04-05T09:59:41.762+0100] {processor.py:914} INFO - Processing file /home/Data_Professional/PycharmProjects/DE_Zoomcamp_Capstone_Project/.venv/lib/python3.10/site-packages/airflow/example_dags/example_inlet_event_extra.py for tasks to queue
[2025-04-05T09:59:41.766+0100] {logging_mixin.py:190} INFO - [2025-04-05T09:59:41.765+0100] {dagbag.py:588} INFO - Filling up the DagBag from /home/Data_Professional/PycharmProjects/DE_Zoomcamp_Capstone_Project/.venv/lib/python3.10/site-packages/airflow/example_dags/example_inlet_event_extra.py
[2025-04-05T09:59:41.789+0100] {processor.py:925} INFO - DAG(s) 'read_dataset_event_from_classic', 'read_dataset_event' retrieved from /home/Data_Professional/PycharmProjects/DE_Zoomcamp_Capstone_Project/.venv/lib/python3.10/site-packages/airflow/example_dags/example_inlet_event_extra.py
[2025-04-05T09:59:41.806+0100] {logging_mixin.py:190} INFO - [2025-04-05T09:59:41.805+0100] {dag.py:3239} INFO - Sync 2 DAGs
[2025-04-05T09:59:41.823+0100] {logging_mixin.py:190} INFO - [2025-04-05T09:59:41.822+0100] {dag.py:4180} INFO - Setting next_dagrun for read_dataset_event to 2025-04-04 00:00:00+00:00, run_after=2025-04-05 00:00:00+00:00
[2025-04-05T09:59:41.826+0100] {logging_mixin.py:190} INFO - [2025-04-05T09:59:41.826+0100] {dag.py:4180} INFO - Setting next_dagrun for read_dataset_event_from_classic to 2025-04-04 00:00:00+00:00, run_after=2025-04-05 00:00:00+00:00
[2025-04-05T09:59:41.840+0100] {processor.py:208} INFO - Processing /home/Data_Professional/PycharmProjects/DE_Zoomcamp_Capstone_Project/.venv/lib/python3.10/site-packages/airflow/example_dags/example_inlet_event_extra.py took 0.086 seconds
[2025-04-05T10:00:40.968+0100] {processor.py:186} INFO - Started process (PID=12799) to work on /home/Data_Professional/PycharmProjects/DE_Zoomcamp_Capstone_Project/.venv/lib/python3.10/site-packages/airflow/example_dags/example_inlet_event_extra.py
[2025-04-05T10:00:40.970+0100] {processor.py:914} INFO - Processing file /home/Data_Professional/PycharmProjects/DE_Zoomcamp_Capstone_Project/.venv/lib/python3.10/site-packages/airflow/example_dags/example_inlet_event_extra.py for tasks to queue
[2025-04-05T10:00:40.972+0100] {logging_mixin.py:190} INFO - [2025-04-05T10:00:40.972+0100] {dagbag.py:588} INFO - Filling up the DagBag from /home/Data_Professional/PycharmProjects/DE_Zoomcamp_Capstone_Project/.venv/lib/python3.10/site-packages/airflow/example_dags/example_inlet_event_extra.py
[2025-04-05T10:00:40.985+0100] {processor.py:925} INFO - DAG(s) 'read_dataset_event_from_classic', 'read_dataset_event' retrieved from /home/Data_Professional/PycharmProjects/DE_Zoomcamp_Capstone_Project/.venv/lib/python3.10/site-packages/airflow/example_dags/example_inlet_event_extra.py
[2025-04-05T10:00:41.000+0100] {logging_mixin.py:190} INFO - [2025-04-05T10:00:41.000+0100] {dag.py:3239} INFO - Sync 2 DAGs
[2025-04-05T10:00:41.019+0100] {logging_mixin.py:190} INFO - [2025-04-05T10:00:41.018+0100] {dag.py:4180} INFO - Setting next_dagrun for read_dataset_event to 2025-04-04 00:00:00+00:00, run_after=2025-04-05 00:00:00+00:00
[2025-04-05T10:00:41.023+0100] {logging_mixin.py:190} INFO - [2025-04-05T10:00:41.022+0100] {dag.py:4180} INFO - Setting next_dagrun for read_dataset_event_from_classic to 2025-04-04 00:00:00+00:00, run_after=2025-04-05 00:00:00+00:00
[2025-04-05T10:00:41.038+0100] {processor.py:208} INFO - Processing /home/Data_Professional/PycharmProjects/DE_Zoomcamp_Capstone_Project/.venv/lib/python3.10/site-packages/airflow/example_dags/example_inlet_event_extra.py took 0.077 seconds
[2025-04-05T10:01:38.068+0100] {processor.py:186} INFO - Started process (PID=12909) to work on /home/Data_Professional/PycharmProjects/DE_Zoomcamp_Capstone_Project/.venv/lib/python3.10/site-packages/airflow/example_dags/example_inlet_event_extra.py
[2025-04-05T10:01:38.071+0100] {processor.py:914} INFO - Processing file /home/Data_Professional/PycharmProjects/DE_Zoomcamp_Capstone_Project/.venv/lib/python3.10/site-packages/airflow/example_dags/example_inlet_event_extra.py for tasks to queue
[2025-04-05T10:01:38.075+0100] {logging_mixin.py:190} INFO - [2025-04-05T10:01:38.074+0100] {dagbag.py:588} INFO - Filling up the DagBag from /home/Data_Professional/PycharmProjects/DE_Zoomcamp_Capstone_Project/.venv/lib/python3.10/site-packages/airflow/example_dags/example_inlet_event_extra.py
[2025-04-05T10:01:38.093+0100] {processor.py:925} INFO - DAG(s) 'read_dataset_event', 'read_dataset_event_from_classic' retrieved from /home/Data_Professional/PycharmProjects/DE_Zoomcamp_Capstone_Project/.venv/lib/python3.10/site-packages/airflow/example_dags/example_inlet_event_extra.py
[2025-04-05T10:01:38.108+0100] {logging_mixin.py:190} INFO - [2025-04-05T10:01:38.107+0100] {dag.py:3239} INFO - Sync 2 DAGs
[2025-04-05T10:01:38.124+0100] {logging_mixin.py:190} INFO - [2025-04-05T10:01:38.124+0100] {dag.py:4180} INFO - Setting next_dagrun for read_dataset_event to 2025-04-04 00:00:00+00:00, run_after=2025-04-05 00:00:00+00:00
[2025-04-05T10:01:38.129+0100] {logging_mixin.py:190} INFO - [2025-04-05T10:01:38.129+0100] {dag.py:4180} INFO - Setting next_dagrun for read_dataset_event_from_classic to 2025-04-04 00:00:00+00:00, run_after=2025-04-05 00:00:00+00:00
[2025-04-05T10:01:38.143+0100] {processor.py:208} INFO - Processing /home/Data_Professional/PycharmProjects/DE_Zoomcamp_Capstone_Project/.venv/lib/python3.10/site-packages/airflow/example_dags/example_inlet_event_extra.py took 0.087 seconds
[2025-04-05T10:02:35.887+0100] {processor.py:186} INFO - Started process (PID=13055) to work on /home/Data_Professional/PycharmProjects/DE_Zoomcamp_Capstone_Project/.venv/lib/python3.10/site-packages/airflow/example_dags/example_inlet_event_extra.py
[2025-04-05T10:02:35.891+0100] {processor.py:914} INFO - Processing file /home/Data_Professional/PycharmProjects/DE_Zoomcamp_Capstone_Project/.venv/lib/python3.10/site-packages/airflow/example_dags/example_inlet_event_extra.py for tasks to queue
[2025-04-05T10:02:35.896+0100] {logging_mixin.py:190} INFO - [2025-04-05T10:02:35.896+0100] {dagbag.py:588} INFO - Filling up the DagBag from /home/Data_Professional/PycharmProjects/DE_Zoomcamp_Capstone_Project/.venv/lib/python3.10/site-packages/airflow/example_dags/example_inlet_event_extra.py
[2025-04-05T10:02:35.914+0100] {processor.py:925} INFO - DAG(s) 'read_dataset_event', 'read_dataset_event_from_classic' retrieved from /home/Data_Professional/PycharmProjects/DE_Zoomcamp_Capstone_Project/.venv/lib/python3.10/site-packages/airflow/example_dags/example_inlet_event_extra.py
[2025-04-05T10:02:35.929+0100] {logging_mixin.py:190} INFO - [2025-04-05T10:02:35.929+0100] {dag.py:3239} INFO - Sync 2 DAGs
[2025-04-05T10:02:35.947+0100] {logging_mixin.py:190} INFO - [2025-04-05T10:02:35.946+0100] {dag.py:4180} INFO - Setting next_dagrun for read_dataset_event to 2025-04-04 00:00:00+00:00, run_after=2025-04-05 00:00:00+00:00
[2025-04-05T10:02:35.950+0100] {logging_mixin.py:190} INFO - [2025-04-05T10:02:35.950+0100] {dag.py:4180} INFO - Setting next_dagrun for read_dataset_event_from_classic to 2025-04-04 00:00:00+00:00, run_after=2025-04-05 00:00:00+00:00
[2025-04-05T10:02:35.966+0100] {processor.py:208} INFO - Processing /home/Data_Professional/PycharmProjects/DE_Zoomcamp_Capstone_Project/.venv/lib/python3.10/site-packages/airflow/example_dags/example_inlet_event_extra.py took 0.097 seconds
[2025-04-05T10:03:32.594+0100] {processor.py:186} INFO - Started process (PID=13139) to work on /home/Data_Professional/PycharmProjects/DE_Zoomcamp_Capstone_Project/.venv/lib/python3.10/site-packages/airflow/example_dags/example_inlet_event_extra.py
[2025-04-05T10:03:32.597+0100] {processor.py:914} INFO - Processing file /home/Data_Professional/PycharmProjects/DE_Zoomcamp_Capstone_Project/.venv/lib/python3.10/site-packages/airflow/example_dags/example_inlet_event_extra.py for tasks to queue
[2025-04-05T10:03:32.599+0100] {logging_mixin.py:190} INFO - [2025-04-05T10:03:32.598+0100] {dagbag.py:588} INFO - Filling up the DagBag from /home/Data_Professional/PycharmProjects/DE_Zoomcamp_Capstone_Project/.venv/lib/python3.10/site-packages/airflow/example_dags/example_inlet_event_extra.py
[2025-04-05T10:03:32.611+0100] {processor.py:925} INFO - DAG(s) 'read_dataset_event_from_classic', 'read_dataset_event' retrieved from /home/Data_Professional/PycharmProjects/DE_Zoomcamp_Capstone_Project/.venv/lib/python3.10/site-packages/airflow/example_dags/example_inlet_event_extra.py
[2025-04-05T10:03:32.625+0100] {logging_mixin.py:190} INFO - [2025-04-05T10:03:32.625+0100] {dag.py:3239} INFO - Sync 2 DAGs
[2025-04-05T10:03:32.644+0100] {logging_mixin.py:190} INFO - [2025-04-05T10:03:32.644+0100] {dag.py:4180} INFO - Setting next_dagrun for read_dataset_event to 2025-04-04 00:00:00+00:00, run_after=2025-04-05 00:00:00+00:00
[2025-04-05T10:03:32.649+0100] {logging_mixin.py:190} INFO - [2025-04-05T10:03:32.648+0100] {dag.py:4180} INFO - Setting next_dagrun for read_dataset_event_from_classic to 2025-04-04 00:00:00+00:00, run_after=2025-04-05 00:00:00+00:00
[2025-04-05T10:03:32.664+0100] {processor.py:208} INFO - Processing /home/Data_Professional/PycharmProjects/DE_Zoomcamp_Capstone_Project/.venv/lib/python3.10/site-packages/airflow/example_dags/example_inlet_event_extra.py took 0.078 seconds
[2025-04-05T10:04:35.000+0100] {processor.py:186} INFO - Started process (PID=13274) to work on /home/Data_Professional/PycharmProjects/DE_Zoomcamp_Capstone_Project/.venv/lib/python3.10/site-packages/airflow/example_dags/example_inlet_event_extra.py
[2025-04-05T10:04:35.002+0100] {processor.py:914} INFO - Processing file /home/Data_Professional/PycharmProjects/DE_Zoomcamp_Capstone_Project/.venv/lib/python3.10/site-packages/airflow/example_dags/example_inlet_event_extra.py for tasks to queue
[2025-04-05T10:04:35.004+0100] {logging_mixin.py:190} INFO - [2025-04-05T10:04:35.003+0100] {dagbag.py:588} INFO - Filling up the DagBag from /home/Data_Professional/PycharmProjects/DE_Zoomcamp_Capstone_Project/.venv/lib/python3.10/site-packages/airflow/example_dags/example_inlet_event_extra.py
[2025-04-05T10:04:35.015+0100] {processor.py:925} INFO - DAG(s) 'read_dataset_event', 'read_dataset_event_from_classic' retrieved from /home/Data_Professional/PycharmProjects/DE_Zoomcamp_Capstone_Project/.venv/lib/python3.10/site-packages/airflow/example_dags/example_inlet_event_extra.py
[2025-04-05T10:04:35.029+0100] {logging_mixin.py:190} INFO - [2025-04-05T10:04:35.029+0100] {dag.py:3239} INFO - Sync 2 DAGs
[2025-04-05T10:04:35.047+0100] {logging_mixin.py:190} INFO - [2025-04-05T10:04:35.047+0100] {dag.py:4180} INFO - Setting next_dagrun for read_dataset_event to 2025-04-04 00:00:00+00:00, run_after=2025-04-05 00:00:00+00:00
[2025-04-05T10:04:35.052+0100] {logging_mixin.py:190} INFO - [2025-04-05T10:04:35.051+0100] {dag.py:4180} INFO - Setting next_dagrun for read_dataset_event_from_classic to 2025-04-04 00:00:00+00:00, run_after=2025-04-05 00:00:00+00:00
[2025-04-05T10:04:35.066+0100] {processor.py:208} INFO - Processing /home/Data_Professional/PycharmProjects/DE_Zoomcamp_Capstone_Project/.venv/lib/python3.10/site-packages/airflow/example_dags/example_inlet_event_extra.py took 0.072 seconds
[2025-04-05T10:05:33.262+0100] {processor.py:186} INFO - Started process (PID=13583) to work on /home/Data_Professional/PycharmProjects/DE_Zoomcamp_Capstone_Project/.venv/lib/python3.10/site-packages/airflow/example_dags/example_inlet_event_extra.py
[2025-04-05T10:05:33.264+0100] {processor.py:914} INFO - Processing file /home/Data_Professional/PycharmProjects/DE_Zoomcamp_Capstone_Project/.venv/lib/python3.10/site-packages/airflow/example_dags/example_inlet_event_extra.py for tasks to queue
[2025-04-05T10:05:33.266+0100] {logging_mixin.py:190} INFO - [2025-04-05T10:05:33.265+0100] {dagbag.py:588} INFO - Filling up the DagBag from /home/Data_Professional/PycharmProjects/DE_Zoomcamp_Capstone_Project/.venv/lib/python3.10/site-packages/airflow/example_dags/example_inlet_event_extra.py
[2025-04-05T10:05:33.278+0100] {processor.py:925} INFO - DAG(s) 'read_dataset_event', 'read_dataset_event_from_classic' retrieved from /home/Data_Professional/PycharmProjects/DE_Zoomcamp_Capstone_Project/.venv/lib/python3.10/site-packages/airflow/example_dags/example_inlet_event_extra.py
[2025-04-05T10:05:33.291+0100] {logging_mixin.py:190} INFO - [2025-04-05T10:05:33.291+0100] {dag.py:3239} INFO - Sync 2 DAGs
[2025-04-05T10:05:33.310+0100] {logging_mixin.py:190} INFO - [2025-04-05T10:05:33.310+0100] {dag.py:4180} INFO - Setting next_dagrun for read_dataset_event to 2025-04-04 00:00:00+00:00, run_after=2025-04-05 00:00:00+00:00
[2025-04-05T10:05:33.314+0100] {logging_mixin.py:190} INFO - [2025-04-05T10:05:33.313+0100] {dag.py:4180} INFO - Setting next_dagrun for read_dataset_event_from_classic to 2025-04-04 00:00:00+00:00, run_after=2025-04-05 00:00:00+00:00
[2025-04-05T10:05:33.330+0100] {processor.py:208} INFO - Processing /home/Data_Professional/PycharmProjects/DE_Zoomcamp_Capstone_Project/.venv/lib/python3.10/site-packages/airflow/example_dags/example_inlet_event_extra.py took 0.076 seconds
[2025-04-05T10:06:35.072+0100] {processor.py:186} INFO - Started process (PID=13771) to work on /home/Data_Professional/PycharmProjects/DE_Zoomcamp_Capstone_Project/.venv/lib/python3.10/site-packages/airflow/example_dags/example_inlet_event_extra.py
[2025-04-05T10:06:35.073+0100] {processor.py:914} INFO - Processing file /home/Data_Professional/PycharmProjects/DE_Zoomcamp_Capstone_Project/.venv/lib/python3.10/site-packages/airflow/example_dags/example_inlet_event_extra.py for tasks to queue
[2025-04-05T10:06:35.074+0100] {logging_mixin.py:190} INFO - [2025-04-05T10:06:35.073+0100] {dagbag.py:588} INFO - Filling up the DagBag from /home/Data_Professional/PycharmProjects/DE_Zoomcamp_Capstone_Project/.venv/lib/python3.10/site-packages/airflow/example_dags/example_inlet_event_extra.py
[2025-04-05T10:06:35.086+0100] {processor.py:925} INFO - DAG(s) 'read_dataset_event', 'read_dataset_event_from_classic' retrieved from /home/Data_Professional/PycharmProjects/DE_Zoomcamp_Capstone_Project/.venv/lib/python3.10/site-packages/airflow/example_dags/example_inlet_event_extra.py
[2025-04-05T10:06:35.100+0100] {logging_mixin.py:190} INFO - [2025-04-05T10:06:35.100+0100] {dag.py:3239} INFO - Sync 2 DAGs
[2025-04-05T10:06:35.120+0100] {logging_mixin.py:190} INFO - [2025-04-05T10:06:35.119+0100] {dag.py:4180} INFO - Setting next_dagrun for read_dataset_event to 2025-04-04 00:00:00+00:00, run_after=2025-04-05 00:00:00+00:00
[2025-04-05T10:06:35.123+0100] {logging_mixin.py:190} INFO - [2025-04-05T10:06:35.123+0100] {dag.py:4180} INFO - Setting next_dagrun for read_dataset_event_from_classic to 2025-04-04 00:00:00+00:00, run_after=2025-04-05 00:00:00+00:00
[2025-04-05T10:06:35.140+0100] {processor.py:208} INFO - Processing /home/Data_Professional/PycharmProjects/DE_Zoomcamp_Capstone_Project/.venv/lib/python3.10/site-packages/airflow/example_dags/example_inlet_event_extra.py took 0.075 seconds
[2025-04-05T10:07:36.305+0100] {processor.py:186} INFO - Started process (PID=13894) to work on /home/Data_Professional/PycharmProjects/DE_Zoomcamp_Capstone_Project/.venv/lib/python3.10/site-packages/airflow/example_dags/example_inlet_event_extra.py
[2025-04-05T10:07:36.309+0100] {processor.py:914} INFO - Processing file /home/Data_Professional/PycharmProjects/DE_Zoomcamp_Capstone_Project/.venv/lib/python3.10/site-packages/airflow/example_dags/example_inlet_event_extra.py for tasks to queue
[2025-04-05T10:07:36.311+0100] {logging_mixin.py:190} INFO - [2025-04-05T10:07:36.310+0100] {dagbag.py:588} INFO - Filling up the DagBag from /home/Data_Professional/PycharmProjects/DE_Zoomcamp_Capstone_Project/.venv/lib/python3.10/site-packages/airflow/example_dags/example_inlet_event_extra.py
[2025-04-05T10:07:36.331+0100] {processor.py:925} INFO - DAG(s) 'read_dataset_event_from_classic', 'read_dataset_event' retrieved from /home/Data_Professional/PycharmProjects/DE_Zoomcamp_Capstone_Project/.venv/lib/python3.10/site-packages/airflow/example_dags/example_inlet_event_extra.py
[2025-04-05T10:07:36.345+0100] {logging_mixin.py:190} INFO - [2025-04-05T10:07:36.345+0100] {dag.py:3239} INFO - Sync 2 DAGs
[2025-04-05T10:07:36.363+0100] {logging_mixin.py:190} INFO - [2025-04-05T10:07:36.363+0100] {dag.py:4180} INFO - Setting next_dagrun for read_dataset_event to 2025-04-04 00:00:00+00:00, run_after=2025-04-05 00:00:00+00:00
[2025-04-05T10:07:36.367+0100] {logging_mixin.py:190} INFO - [2025-04-05T10:07:36.367+0100] {dag.py:4180} INFO - Setting next_dagrun for read_dataset_event_from_classic to 2025-04-04 00:00:00+00:00, run_after=2025-04-05 00:00:00+00:00
[2025-04-05T10:07:36.381+0100] {processor.py:208} INFO - Processing /home/Data_Professional/PycharmProjects/DE_Zoomcamp_Capstone_Project/.venv/lib/python3.10/site-packages/airflow/example_dags/example_inlet_event_extra.py took 0.088 seconds
[2025-04-05T10:08:41.469+0100] {processor.py:186} INFO - Started process (PID=14226) to work on /home/Data_Professional/PycharmProjects/DE_Zoomcamp_Capstone_Project/.venv/lib/python3.10/site-packages/airflow/example_dags/example_inlet_event_extra.py
[2025-04-05T10:08:41.470+0100] {processor.py:914} INFO - Processing file /home/Data_Professional/PycharmProjects/DE_Zoomcamp_Capstone_Project/.venv/lib/python3.10/site-packages/airflow/example_dags/example_inlet_event_extra.py for tasks to queue
[2025-04-05T10:08:41.472+0100] {logging_mixin.py:190} INFO - [2025-04-05T10:08:41.471+0100] {dagbag.py:588} INFO - Filling up the DagBag from /home/Data_Professional/PycharmProjects/DE_Zoomcamp_Capstone_Project/.venv/lib/python3.10/site-packages/airflow/example_dags/example_inlet_event_extra.py
[2025-04-05T10:08:41.490+0100] {processor.py:925} INFO - DAG(s) 'read_dataset_event_from_classic', 'read_dataset_event' retrieved from /home/Data_Professional/PycharmProjects/DE_Zoomcamp_Capstone_Project/.venv/lib/python3.10/site-packages/airflow/example_dags/example_inlet_event_extra.py
[2025-04-05T10:08:41.506+0100] {logging_mixin.py:190} INFO - [2025-04-05T10:08:41.505+0100] {dag.py:3239} INFO - Sync 2 DAGs
[2025-04-05T10:08:41.523+0100] {logging_mixin.py:190} INFO - [2025-04-05T10:08:41.523+0100] {dag.py:4180} INFO - Setting next_dagrun for read_dataset_event to 2025-04-04 00:00:00+00:00, run_after=2025-04-05 00:00:00+00:00
[2025-04-05T10:08:41.527+0100] {logging_mixin.py:190} INFO - [2025-04-05T10:08:41.527+0100] {dag.py:4180} INFO - Setting next_dagrun for read_dataset_event_from_classic to 2025-04-04 00:00:00+00:00, run_after=2025-04-05 00:00:00+00:00
[2025-04-05T10:08:41.542+0100] {processor.py:208} INFO - Processing /home/Data_Professional/PycharmProjects/DE_Zoomcamp_Capstone_Project/.venv/lib/python3.10/site-packages/airflow/example_dags/example_inlet_event_extra.py took 0.082 seconds
[2025-04-05T10:09:54.945+0100] {processor.py:186} INFO - Started process (PID=14402) to work on /home/Data_Professional/PycharmProjects/DE_Zoomcamp_Capstone_Project/.venv/lib/python3.10/site-packages/airflow/example_dags/example_inlet_event_extra.py
[2025-04-05T10:09:54.949+0100] {processor.py:914} INFO - Processing file /home/Data_Professional/PycharmProjects/DE_Zoomcamp_Capstone_Project/.venv/lib/python3.10/site-packages/airflow/example_dags/example_inlet_event_extra.py for tasks to queue
[2025-04-05T10:09:54.951+0100] {logging_mixin.py:190} INFO - [2025-04-05T10:09:54.951+0100] {dagbag.py:588} INFO - Filling up the DagBag from /home/Data_Professional/PycharmProjects/DE_Zoomcamp_Capstone_Project/.venv/lib/python3.10/site-packages/airflow/example_dags/example_inlet_event_extra.py
[2025-04-05T10:09:54.969+0100] {processor.py:925} INFO - DAG(s) 'read_dataset_event_from_classic', 'read_dataset_event' retrieved from /home/Data_Professional/PycharmProjects/DE_Zoomcamp_Capstone_Project/.venv/lib/python3.10/site-packages/airflow/example_dags/example_inlet_event_extra.py
[2025-04-05T10:09:54.984+0100] {logging_mixin.py:190} INFO - [2025-04-05T10:09:54.983+0100] {dag.py:3239} INFO - Sync 2 DAGs
[2025-04-05T10:09:55.002+0100] {logging_mixin.py:190} INFO - [2025-04-05T10:09:55.001+0100] {dag.py:4180} INFO - Setting next_dagrun for read_dataset_event to 2025-04-04 00:00:00+00:00, run_after=2025-04-05 00:00:00+00:00
[2025-04-05T10:09:55.006+0100] {logging_mixin.py:190} INFO - [2025-04-05T10:09:55.006+0100] {dag.py:4180} INFO - Setting next_dagrun for read_dataset_event_from_classic to 2025-04-04 00:00:00+00:00, run_after=2025-04-05 00:00:00+00:00
[2025-04-05T10:09:55.104+0100] {processor.py:208} INFO - Processing /home/Data_Professional/PycharmProjects/DE_Zoomcamp_Capstone_Project/.venv/lib/python3.10/site-packages/airflow/example_dags/example_inlet_event_extra.py took 0.174 seconds
[2025-04-05T10:10:52.964+0100] {processor.py:186} INFO - Started process (PID=14564) to work on /home/Data_Professional/PycharmProjects/DE_Zoomcamp_Capstone_Project/.venv/lib/python3.10/site-packages/airflow/example_dags/example_inlet_event_extra.py
[2025-04-05T10:10:52.975+0100] {processor.py:914} INFO - Processing file /home/Data_Professional/PycharmProjects/DE_Zoomcamp_Capstone_Project/.venv/lib/python3.10/site-packages/airflow/example_dags/example_inlet_event_extra.py for tasks to queue
[2025-04-05T10:10:52.977+0100] {logging_mixin.py:190} INFO - [2025-04-05T10:10:52.976+0100] {dagbag.py:588} INFO - Filling up the DagBag from /home/Data_Professional/PycharmProjects/DE_Zoomcamp_Capstone_Project/.venv/lib/python3.10/site-packages/airflow/example_dags/example_inlet_event_extra.py
[2025-04-05T10:10:53.001+0100] {processor.py:925} INFO - DAG(s) 'read_dataset_event', 'read_dataset_event_from_classic' retrieved from /home/Data_Professional/PycharmProjects/DE_Zoomcamp_Capstone_Project/.venv/lib/python3.10/site-packages/airflow/example_dags/example_inlet_event_extra.py
[2025-04-05T10:10:53.020+0100] {logging_mixin.py:190} INFO - [2025-04-05T10:10:53.020+0100] {dag.py:3239} INFO - Sync 2 DAGs
[2025-04-05T10:10:53.062+0100] {logging_mixin.py:190} INFO - [2025-04-05T10:10:53.062+0100] {dag.py:4180} INFO - Setting next_dagrun for read_dataset_event to 2025-04-04 00:00:00+00:00, run_after=2025-04-05 00:00:00+00:00
[2025-04-05T10:10:53.068+0100] {logging_mixin.py:190} INFO - [2025-04-05T10:10:53.068+0100] {dag.py:4180} INFO - Setting next_dagrun for read_dataset_event_from_classic to 2025-04-04 00:00:00+00:00, run_after=2025-04-05 00:00:00+00:00
[2025-04-05T10:10:53.092+0100] {processor.py:208} INFO - Processing /home/Data_Professional/PycharmProjects/DE_Zoomcamp_Capstone_Project/.venv/lib/python3.10/site-packages/airflow/example_dags/example_inlet_event_extra.py took 0.135 seconds
[2025-04-05T10:11:56.543+0100] {processor.py:186} INFO - Started process (PID=14933) to work on /home/Data_Professional/PycharmProjects/DE_Zoomcamp_Capstone_Project/.venv/lib/python3.10/site-packages/airflow/example_dags/example_inlet_event_extra.py
[2025-04-05T10:11:56.545+0100] {processor.py:914} INFO - Processing file /home/Data_Professional/PycharmProjects/DE_Zoomcamp_Capstone_Project/.venv/lib/python3.10/site-packages/airflow/example_dags/example_inlet_event_extra.py for tasks to queue
[2025-04-05T10:11:56.547+0100] {logging_mixin.py:190} INFO - [2025-04-05T10:11:56.546+0100] {dagbag.py:588} INFO - Filling up the DagBag from /home/Data_Professional/PycharmProjects/DE_Zoomcamp_Capstone_Project/.venv/lib/python3.10/site-packages/airflow/example_dags/example_inlet_event_extra.py
[2025-04-05T10:11:56.561+0100] {processor.py:925} INFO - DAG(s) 'read_dataset_event', 'read_dataset_event_from_classic' retrieved from /home/Data_Professional/PycharmProjects/DE_Zoomcamp_Capstone_Project/.venv/lib/python3.10/site-packages/airflow/example_dags/example_inlet_event_extra.py
[2025-04-05T10:11:56.578+0100] {logging_mixin.py:190} INFO - [2025-04-05T10:11:56.578+0100] {dag.py:3239} INFO - Sync 2 DAGs
[2025-04-05T10:11:56.595+0100] {logging_mixin.py:190} INFO - [2025-04-05T10:11:56.595+0100] {dag.py:4180} INFO - Setting next_dagrun for read_dataset_event to 2025-04-04 00:00:00+00:00, run_after=2025-04-05 00:00:00+00:00
[2025-04-05T10:11:56.599+0100] {logging_mixin.py:190} INFO - [2025-04-05T10:11:56.599+0100] {dag.py:4180} INFO - Setting next_dagrun for read_dataset_event_from_classic to 2025-04-04 00:00:00+00:00, run_after=2025-04-05 00:00:00+00:00
[2025-04-05T10:11:56.622+0100] {processor.py:208} INFO - Processing /home/Data_Professional/PycharmProjects/DE_Zoomcamp_Capstone_Project/.venv/lib/python3.10/site-packages/airflow/example_dags/example_inlet_event_extra.py took 0.085 seconds
[2025-04-05T10:13:01.957+0100] {processor.py:186} INFO - Started process (PID=15074) to work on /home/Data_Professional/PycharmProjects/DE_Zoomcamp_Capstone_Project/.venv/lib/python3.10/site-packages/airflow/example_dags/example_inlet_event_extra.py
[2025-04-05T10:13:01.958+0100] {processor.py:914} INFO - Processing file /home/Data_Professional/PycharmProjects/DE_Zoomcamp_Capstone_Project/.venv/lib/python3.10/site-packages/airflow/example_dags/example_inlet_event_extra.py for tasks to queue
[2025-04-05T10:13:01.960+0100] {logging_mixin.py:190} INFO - [2025-04-05T10:13:01.959+0100] {dagbag.py:588} INFO - Filling up the DagBag from /home/Data_Professional/PycharmProjects/DE_Zoomcamp_Capstone_Project/.venv/lib/python3.10/site-packages/airflow/example_dags/example_inlet_event_extra.py
[2025-04-05T10:13:01.976+0100] {processor.py:925} INFO - DAG(s) 'read_dataset_event', 'read_dataset_event_from_classic' retrieved from /home/Data_Professional/PycharmProjects/DE_Zoomcamp_Capstone_Project/.venv/lib/python3.10/site-packages/airflow/example_dags/example_inlet_event_extra.py
[2025-04-05T10:13:01.996+0100] {logging_mixin.py:190} INFO - [2025-04-05T10:13:01.996+0100] {dag.py:3239} INFO - Sync 2 DAGs
[2025-04-05T10:13:02.027+0100] {logging_mixin.py:190} INFO - [2025-04-05T10:13:02.027+0100] {dag.py:4180} INFO - Setting next_dagrun for read_dataset_event to 2025-04-04 00:00:00+00:00, run_after=2025-04-05 00:00:00+00:00
[2025-04-05T10:13:02.035+0100] {logging_mixin.py:190} INFO - [2025-04-05T10:13:02.035+0100] {dag.py:4180} INFO - Setting next_dagrun for read_dataset_event_from_classic to 2025-04-04 00:00:00+00:00, run_after=2025-04-05 00:00:00+00:00
[2025-04-05T10:13:02.058+0100] {processor.py:208} INFO - Processing /home/Data_Professional/PycharmProjects/DE_Zoomcamp_Capstone_Project/.venv/lib/python3.10/site-packages/airflow/example_dags/example_inlet_event_extra.py took 0.109 seconds
[2025-04-05T10:13:59.909+0100] {processor.py:186} INFO - Started process (PID=15160) to work on /home/Data_Professional/PycharmProjects/DE_Zoomcamp_Capstone_Project/.venv/lib/python3.10/site-packages/airflow/example_dags/example_inlet_event_extra.py
[2025-04-05T10:13:59.912+0100] {processor.py:914} INFO - Processing file /home/Data_Professional/PycharmProjects/DE_Zoomcamp_Capstone_Project/.venv/lib/python3.10/site-packages/airflow/example_dags/example_inlet_event_extra.py for tasks to queue
[2025-04-05T10:13:59.915+0100] {logging_mixin.py:190} INFO - [2025-04-05T10:13:59.914+0100] {dagbag.py:588} INFO - Filling up the DagBag from /home/Data_Professional/PycharmProjects/DE_Zoomcamp_Capstone_Project/.venv/lib/python3.10/site-packages/airflow/example_dags/example_inlet_event_extra.py
[2025-04-05T10:13:59.935+0100] {processor.py:925} INFO - DAG(s) 'read_dataset_event', 'read_dataset_event_from_classic' retrieved from /home/Data_Professional/PycharmProjects/DE_Zoomcamp_Capstone_Project/.venv/lib/python3.10/site-packages/airflow/example_dags/example_inlet_event_extra.py
[2025-04-05T10:13:59.950+0100] {logging_mixin.py:190} INFO - [2025-04-05T10:13:59.950+0100] {dag.py:3239} INFO - Sync 2 DAGs
[2025-04-05T10:13:59.976+0100] {logging_mixin.py:190} INFO - [2025-04-05T10:13:59.976+0100] {dag.py:4180} INFO - Setting next_dagrun for read_dataset_event to 2025-04-04 00:00:00+00:00, run_after=2025-04-05 00:00:00+00:00
[2025-04-05T10:13:59.980+0100] {logging_mixin.py:190} INFO - [2025-04-05T10:13:59.980+0100] {dag.py:4180} INFO - Setting next_dagrun for read_dataset_event_from_classic to 2025-04-04 00:00:00+00:00, run_after=2025-04-05 00:00:00+00:00
[2025-04-05T10:13:59.995+0100] {processor.py:208} INFO - Processing /home/Data_Professional/PycharmProjects/DE_Zoomcamp_Capstone_Project/.venv/lib/python3.10/site-packages/airflow/example_dags/example_inlet_event_extra.py took 0.098 seconds
[2025-04-05T12:23:56.136+0100] {processor.py:186} INFO - Started process (PID=15430) to work on /home/Data_Professional/PycharmProjects/DE_Zoomcamp_Capstone_Project/.venv/lib/python3.10/site-packages/airflow/example_dags/example_inlet_event_extra.py
[2025-04-05T12:23:56.139+0100] {processor.py:914} INFO - Processing file /home/Data_Professional/PycharmProjects/DE_Zoomcamp_Capstone_Project/.venv/lib/python3.10/site-packages/airflow/example_dags/example_inlet_event_extra.py for tasks to queue
[2025-04-05T12:23:56.140+0100] {logging_mixin.py:190} INFO - [2025-04-05T12:23:56.140+0100] {dagbag.py:588} INFO - Filling up the DagBag from /home/Data_Professional/PycharmProjects/DE_Zoomcamp_Capstone_Project/.venv/lib/python3.10/site-packages/airflow/example_dags/example_inlet_event_extra.py
[2025-04-05T12:23:56.156+0100] {processor.py:925} INFO - DAG(s) 'read_dataset_event', 'read_dataset_event_from_classic' retrieved from /home/Data_Professional/PycharmProjects/DE_Zoomcamp_Capstone_Project/.venv/lib/python3.10/site-packages/airflow/example_dags/example_inlet_event_extra.py
[2025-04-05T12:23:56.174+0100] {logging_mixin.py:190} INFO - [2025-04-05T12:23:56.174+0100] {dag.py:3239} INFO - Sync 2 DAGs
[2025-04-05T12:23:56.288+0100] {logging_mixin.py:190} INFO - [2025-04-05T12:23:56.288+0100] {dag.py:4180} INFO - Setting next_dagrun for read_dataset_event to 2025-04-04 00:00:00+00:00, run_after=2025-04-05 00:00:00+00:00
[2025-04-05T12:23:56.293+0100] {logging_mixin.py:190} INFO - [2025-04-05T12:23:56.293+0100] {dag.py:4180} INFO - Setting next_dagrun for read_dataset_event_from_classic to 2025-04-04 00:00:00+00:00, run_after=2025-04-05 00:00:00+00:00
[2025-04-05T12:23:56.314+0100] {processor.py:208} INFO - Processing /home/Data_Professional/PycharmProjects/DE_Zoomcamp_Capstone_Project/.venv/lib/python3.10/site-packages/airflow/example_dags/example_inlet_event_extra.py took 0.185 seconds
