[2025-04-05T09:55:51.459+0100] {processor.py:186} INFO - Started process (PID=11988) to work on /home/Data_Professional/PycharmProjects/DE_Zoomcamp_Capstone_Project/.venv/lib/python3.10/site-packages/airflow/example_dags/example_latest_only_with_trigger.py
[2025-04-05T09:55:51.460+0100] {processor.py:914} INFO - Processing file /home/Data_Professional/PycharmProjects/DE_Zoomcamp_Capstone_Project/.venv/lib/python3.10/site-packages/airflow/example_dags/example_latest_only_with_trigger.py for tasks to queue
[2025-04-05T09:55:51.462+0100] {logging_mixin.py:190} INFO - [2025-04-05T09:55:51.461+0100] {dagbag.py:588} INFO - Filling up the DagBag from /home/Data_Professional/PycharmProjects/DE_Zoomcamp_Capstone_Project/.venv/lib/python3.10/site-packages/airflow/example_dags/example_latest_only_with_trigger.py
[2025-04-05T09:55:51.469+0100] {processor.py:925} INFO - DAG(s) 'latest_only_with_trigger' retrieved from /home/Data_Professional/PycharmProjects/DE_Zoomcamp_Capstone_Project/.venv/lib/python3.10/site-packages/airflow/example_dags/example_latest_only_with_trigger.py
[2025-04-05T09:55:51.558+0100] {logging_mixin.py:190} INFO - [2025-04-05T09:55:51.558+0100] {override.py:1912} INFO - Created Permission View: can read on DAG:latest_only_with_trigger
[2025-04-05T09:55:51.567+0100] {logging_mixin.py:190} INFO - [2025-04-05T09:55:51.566+0100] {override.py:1912} INFO - Created Permission View: can delete on DAG:latest_only_with_trigger
[2025-04-05T09:55:51.577+0100] {logging_mixin.py:190} INFO - [2025-04-05T09:55:51.576+0100] {override.py:1912} INFO - Created Permission View: can edit on DAG:latest_only_with_trigger
[2025-04-05T09:55:51.587+0100] {logging_mixin.py:190} INFO - [2025-04-05T09:55:51.586+0100] {override.py:1912} INFO - Created Permission View: can create on DAG Run:latest_only_with_trigger
[2025-04-05T09:55:51.594+0100] {logging_mixin.py:190} INFO - [2025-04-05T09:55:51.594+0100] {override.py:1912} INFO - Created Permission View: can read on DAG Run:latest_only_with_trigger
[2025-04-05T09:55:51.601+0100] {logging_mixin.py:190} INFO - [2025-04-05T09:55:51.601+0100] {override.py:1912} INFO - Created Permission View: can delete on DAG Run:latest_only_with_trigger
[2025-04-05T09:55:51.610+0100] {logging_mixin.py:190} INFO - [2025-04-05T09:55:51.609+0100] {override.py:1912} INFO - Created Permission View: menu access on DAG Run:latest_only_with_trigger
[2025-04-05T09:55:51.610+0100] {logging_mixin.py:190} INFO - [2025-04-05T09:55:51.610+0100] {dag.py:3239} INFO - Sync 1 DAGs
[2025-04-05T09:55:51.621+0100] {logging_mixin.py:190} INFO - [2025-04-05T09:55:51.620+0100] {dag.py:3262} INFO - Creating ORM DAG for latest_only_with_trigger
[2025-04-05T09:55:51.628+0100] {logging_mixin.py:190} INFO - [2025-04-05T09:55:51.628+0100] {dag.py:4180} INFO - Setting next_dagrun for latest_only_with_trigger to 2025-04-05 04:00:00+00:00, run_after=2025-04-05 08:00:00+00:00
[2025-04-05T09:55:51.645+0100] {processor.py:208} INFO - Processing /home/Data_Professional/PycharmProjects/DE_Zoomcamp_Capstone_Project/.venv/lib/python3.10/site-packages/airflow/example_dags/example_latest_only_with_trigger.py took 0.193 seconds
[2025-04-05T09:56:54.053+0100] {processor.py:186} INFO - Started process (PID=12247) to work on /home/Data_Professional/PycharmProjects/DE_Zoomcamp_Capstone_Project/.venv/lib/python3.10/site-packages/airflow/example_dags/example_latest_only_with_trigger.py
[2025-04-05T09:56:54.057+0100] {processor.py:914} INFO - Processing file /home/Data_Professional/PycharmProjects/DE_Zoomcamp_Capstone_Project/.venv/lib/python3.10/site-packages/airflow/example_dags/example_latest_only_with_trigger.py for tasks to queue
[2025-04-05T09:56:54.062+0100] {logging_mixin.py:190} INFO - [2025-04-05T09:56:54.061+0100] {dagbag.py:588} INFO - Filling up the DagBag from /home/Data_Professional/PycharmProjects/DE_Zoomcamp_Capstone_Project/.venv/lib/python3.10/site-packages/airflow/example_dags/example_latest_only_with_trigger.py
[2025-04-05T09:56:54.074+0100] {processor.py:925} INFO - DAG(s) 'latest_only_with_trigger' retrieved from /home/Data_Professional/PycharmProjects/DE_Zoomcamp_Capstone_Project/.venv/lib/python3.10/site-packages/airflow/example_dags/example_latest_only_with_trigger.py
[2025-04-05T09:56:54.089+0100] {logging_mixin.py:190} INFO - [2025-04-05T09:56:54.089+0100] {dag.py:3239} INFO - Sync 1 DAGs
[2025-04-05T09:56:54.106+0100] {logging_mixin.py:190} INFO - [2025-04-05T09:56:54.105+0100] {dag.py:4180} INFO - Setting next_dagrun for latest_only_with_trigger to 2025-04-05 04:00:00+00:00, run_after=2025-04-05 08:00:00+00:00
[2025-04-05T09:56:54.121+0100] {processor.py:208} INFO - Processing /home/Data_Professional/PycharmProjects/DE_Zoomcamp_Capstone_Project/.venv/lib/python3.10/site-packages/airflow/example_dags/example_latest_only_with_trigger.py took 0.083 seconds
[2025-04-05T09:57:50.204+0100] {processor.py:186} INFO - Started process (PID=12312) to work on /home/Data_Professional/PycharmProjects/DE_Zoomcamp_Capstone_Project/.venv/lib/python3.10/site-packages/airflow/example_dags/example_latest_only_with_trigger.py
[2025-04-05T09:57:50.207+0100] {processor.py:914} INFO - Processing file /home/Data_Professional/PycharmProjects/DE_Zoomcamp_Capstone_Project/.venv/lib/python3.10/site-packages/airflow/example_dags/example_latest_only_with_trigger.py for tasks to queue
[2025-04-05T09:57:50.210+0100] {logging_mixin.py:190} INFO - [2025-04-05T09:57:50.210+0100] {dagbag.py:588} INFO - Filling up the DagBag from /home/Data_Professional/PycharmProjects/DE_Zoomcamp_Capstone_Project/.venv/lib/python3.10/site-packages/airflow/example_dags/example_latest_only_with_trigger.py
[2025-04-05T09:57:50.222+0100] {processor.py:925} INFO - DAG(s) 'latest_only_with_trigger' retrieved from /home/Data_Professional/PycharmProjects/DE_Zoomcamp_Capstone_Project/.venv/lib/python3.10/site-packages/airflow/example_dags/example_latest_only_with_trigger.py
[2025-04-05T09:57:50.240+0100] {logging_mixin.py:190} INFO - [2025-04-05T09:57:50.239+0100] {dag.py:3239} INFO - Sync 1 DAGs
[2025-04-05T09:57:50.256+0100] {logging_mixin.py:190} INFO - [2025-04-05T09:57:50.255+0100] {dag.py:4180} INFO - Setting next_dagrun for latest_only_with_trigger to 2025-04-05 04:00:00+00:00, run_after=2025-04-05 08:00:00+00:00
[2025-04-05T09:57:50.272+0100] {processor.py:208} INFO - Processing /home/Data_Professional/PycharmProjects/DE_Zoomcamp_Capstone_Project/.venv/lib/python3.10/site-packages/airflow/example_dags/example_latest_only_with_trigger.py took 0.079 seconds
[2025-04-05T09:58:46.682+0100] {processor.py:186} INFO - Started process (PID=12381) to work on /home/Data_Professional/PycharmProjects/DE_Zoomcamp_Capstone_Project/.venv/lib/python3.10/site-packages/airflow/example_dags/example_latest_only_with_trigger.py
[2025-04-05T09:58:46.686+0100] {processor.py:914} INFO - Processing file /home/Data_Professional/PycharmProjects/DE_Zoomcamp_Capstone_Project/.venv/lib/python3.10/site-packages/airflow/example_dags/example_latest_only_with_trigger.py for tasks to queue
[2025-04-05T09:58:46.691+0100] {logging_mixin.py:190} INFO - [2025-04-05T09:58:46.690+0100] {dagbag.py:588} INFO - Filling up the DagBag from /home/Data_Professional/PycharmProjects/DE_Zoomcamp_Capstone_Project/.venv/lib/python3.10/site-packages/airflow/example_dags/example_latest_only_with_trigger.py
[2025-04-05T09:58:46.708+0100] {processor.py:925} INFO - DAG(s) 'latest_only_with_trigger' retrieved from /home/Data_Professional/PycharmProjects/DE_Zoomcamp_Capstone_Project/.venv/lib/python3.10/site-packages/airflow/example_dags/example_latest_only_with_trigger.py
[2025-04-05T09:58:46.726+0100] {logging_mixin.py:190} INFO - [2025-04-05T09:58:46.726+0100] {dag.py:3239} INFO - Sync 1 DAGs
[2025-04-05T09:58:46.742+0100] {logging_mixin.py:190} INFO - [2025-04-05T09:58:46.742+0100] {dag.py:4180} INFO - Setting next_dagrun for latest_only_with_trigger to 2025-04-05 04:00:00+00:00, run_after=2025-04-05 08:00:00+00:00
[2025-04-05T09:58:46.759+0100] {processor.py:208} INFO - Processing /home/Data_Professional/PycharmProjects/DE_Zoomcamp_Capstone_Project/.venv/lib/python3.10/site-packages/airflow/example_dags/example_latest_only_with_trigger.py took 0.086 seconds
[2025-04-05T09:59:44.153+0100] {processor.py:186} INFO - Started process (PID=12464) to work on /home/Data_Professional/PycharmProjects/DE_Zoomcamp_Capstone_Project/.venv/lib/python3.10/site-packages/airflow/example_dags/example_latest_only_with_trigger.py
[2025-04-05T09:59:44.157+0100] {processor.py:914} INFO - Processing file /home/Data_Professional/PycharmProjects/DE_Zoomcamp_Capstone_Project/.venv/lib/python3.10/site-packages/airflow/example_dags/example_latest_only_with_trigger.py for tasks to queue
[2025-04-05T09:59:44.163+0100] {logging_mixin.py:190} INFO - [2025-04-05T09:59:44.162+0100] {dagbag.py:588} INFO - Filling up the DagBag from /home/Data_Professional/PycharmProjects/DE_Zoomcamp_Capstone_Project/.venv/lib/python3.10/site-packages/airflow/example_dags/example_latest_only_with_trigger.py
[2025-04-05T09:59:44.179+0100] {processor.py:925} INFO - DAG(s) 'latest_only_with_trigger' retrieved from /home/Data_Professional/PycharmProjects/DE_Zoomcamp_Capstone_Project/.venv/lib/python3.10/site-packages/airflow/example_dags/example_latest_only_with_trigger.py
[2025-04-05T09:59:44.195+0100] {logging_mixin.py:190} INFO - [2025-04-05T09:59:44.194+0100] {dag.py:3239} INFO - Sync 1 DAGs
[2025-04-05T09:59:44.213+0100] {logging_mixin.py:190} INFO - [2025-04-05T09:59:44.213+0100] {dag.py:4180} INFO - Setting next_dagrun for latest_only_with_trigger to 2025-04-05 04:00:00+00:00, run_after=2025-04-05 08:00:00+00:00
[2025-04-05T09:59:44.232+0100] {processor.py:208} INFO - Processing /home/Data_Professional/PycharmProjects/DE_Zoomcamp_Capstone_Project/.venv/lib/python3.10/site-packages/airflow/example_dags/example_latest_only_with_trigger.py took 0.093 seconds
[2025-04-05T10:00:42.541+0100] {processor.py:186} INFO - Started process (PID=12802) to work on /home/Data_Professional/PycharmProjects/DE_Zoomcamp_Capstone_Project/.venv/lib/python3.10/site-packages/airflow/example_dags/example_latest_only_with_trigger.py
[2025-04-05T10:00:42.544+0100] {processor.py:914} INFO - Processing file /home/Data_Professional/PycharmProjects/DE_Zoomcamp_Capstone_Project/.venv/lib/python3.10/site-packages/airflow/example_dags/example_latest_only_with_trigger.py for tasks to queue
[2025-04-05T10:00:42.547+0100] {logging_mixin.py:190} INFO - [2025-04-05T10:00:42.547+0100] {dagbag.py:588} INFO - Filling up the DagBag from /home/Data_Professional/PycharmProjects/DE_Zoomcamp_Capstone_Project/.venv/lib/python3.10/site-packages/airflow/example_dags/example_latest_only_with_trigger.py
[2025-04-05T10:00:42.557+0100] {processor.py:925} INFO - DAG(s) 'latest_only_with_trigger' retrieved from /home/Data_Professional/PycharmProjects/DE_Zoomcamp_Capstone_Project/.venv/lib/python3.10/site-packages/airflow/example_dags/example_latest_only_with_trigger.py
[2025-04-05T10:00:42.573+0100] {logging_mixin.py:190} INFO - [2025-04-05T10:00:42.573+0100] {dag.py:3239} INFO - Sync 1 DAGs
[2025-04-05T10:00:42.590+0100] {logging_mixin.py:190} INFO - [2025-04-05T10:00:42.590+0100] {dag.py:4180} INFO - Setting next_dagrun for latest_only_with_trigger to 2025-04-05 04:00:00+00:00, run_after=2025-04-05 08:00:00+00:00
[2025-04-05T10:00:42.609+0100] {processor.py:208} INFO - Processing /home/Data_Professional/PycharmProjects/DE_Zoomcamp_Capstone_Project/.venv/lib/python3.10/site-packages/airflow/example_dags/example_latest_only_with_trigger.py took 0.075 seconds
[2025-04-05T10:01:39.852+0100] {processor.py:186} INFO - Started process (PID=12912) to work on /home/Data_Professional/PycharmProjects/DE_Zoomcamp_Capstone_Project/.venv/lib/python3.10/site-packages/airflow/example_dags/example_latest_only_with_trigger.py
[2025-04-05T10:01:39.853+0100] {processor.py:914} INFO - Processing file /home/Data_Professional/PycharmProjects/DE_Zoomcamp_Capstone_Project/.venv/lib/python3.10/site-packages/airflow/example_dags/example_latest_only_with_trigger.py for tasks to queue
[2025-04-05T10:01:39.856+0100] {logging_mixin.py:190} INFO - [2025-04-05T10:01:39.856+0100] {dagbag.py:588} INFO - Filling up the DagBag from /home/Data_Professional/PycharmProjects/DE_Zoomcamp_Capstone_Project/.venv/lib/python3.10/site-packages/airflow/example_dags/example_latest_only_with_trigger.py
[2025-04-05T10:01:39.867+0100] {processor.py:925} INFO - DAG(s) 'latest_only_with_trigger' retrieved from /home/Data_Professional/PycharmProjects/DE_Zoomcamp_Capstone_Project/.venv/lib/python3.10/site-packages/airflow/example_dags/example_latest_only_with_trigger.py
[2025-04-05T10:01:39.882+0100] {logging_mixin.py:190} INFO - [2025-04-05T10:01:39.882+0100] {dag.py:3239} INFO - Sync 1 DAGs
[2025-04-05T10:01:39.898+0100] {logging_mixin.py:190} INFO - [2025-04-05T10:01:39.898+0100] {dag.py:4180} INFO - Setting next_dagrun for latest_only_with_trigger to 2025-04-05 04:00:00+00:00, run_after=2025-04-05 08:00:00+00:00
[2025-04-05T10:01:39.916+0100] {processor.py:208} INFO - Processing /home/Data_Professional/PycharmProjects/DE_Zoomcamp_Capstone_Project/.venv/lib/python3.10/site-packages/airflow/example_dags/example_latest_only_with_trigger.py took 0.074 seconds
[2025-04-05T10:02:37.161+0100] {processor.py:186} INFO - Started process (PID=13057) to work on /home/Data_Professional/PycharmProjects/DE_Zoomcamp_Capstone_Project/.venv/lib/python3.10/site-packages/airflow/example_dags/example_latest_only_with_trigger.py
[2025-04-05T10:02:37.164+0100] {processor.py:914} INFO - Processing file /home/Data_Professional/PycharmProjects/DE_Zoomcamp_Capstone_Project/.venv/lib/python3.10/site-packages/airflow/example_dags/example_latest_only_with_trigger.py for tasks to queue
[2025-04-05T10:02:37.167+0100] {logging_mixin.py:190} INFO - [2025-04-05T10:02:37.167+0100] {dagbag.py:588} INFO - Filling up the DagBag from /home/Data_Professional/PycharmProjects/DE_Zoomcamp_Capstone_Project/.venv/lib/python3.10/site-packages/airflow/example_dags/example_latest_only_with_trigger.py
[2025-04-05T10:02:37.177+0100] {processor.py:925} INFO - DAG(s) 'latest_only_with_trigger' retrieved from /home/Data_Professional/PycharmProjects/DE_Zoomcamp_Capstone_Project/.venv/lib/python3.10/site-packages/airflow/example_dags/example_latest_only_with_trigger.py
[2025-04-05T10:02:37.193+0100] {logging_mixin.py:190} INFO - [2025-04-05T10:02:37.193+0100] {dag.py:3239} INFO - Sync 1 DAGs
[2025-04-05T10:02:37.211+0100] {logging_mixin.py:190} INFO - [2025-04-05T10:02:37.211+0100] {dag.py:4180} INFO - Setting next_dagrun for latest_only_with_trigger to 2025-04-05 04:00:00+00:00, run_after=2025-04-05 08:00:00+00:00
[2025-04-05T10:02:37.228+0100] {processor.py:208} INFO - Processing /home/Data_Professional/PycharmProjects/DE_Zoomcamp_Capstone_Project/.venv/lib/python3.10/site-packages/airflow/example_dags/example_latest_only_with_trigger.py took 0.083 seconds
[2025-04-05T10:03:34.144+0100] {processor.py:186} INFO - Started process (PID=13141) to work on /home/Data_Professional/PycharmProjects/DE_Zoomcamp_Capstone_Project/.venv/lib/python3.10/site-packages/airflow/example_dags/example_latest_only_with_trigger.py
[2025-04-05T10:03:34.147+0100] {processor.py:914} INFO - Processing file /home/Data_Professional/PycharmProjects/DE_Zoomcamp_Capstone_Project/.venv/lib/python3.10/site-packages/airflow/example_dags/example_latest_only_with_trigger.py for tasks to queue
[2025-04-05T10:03:34.150+0100] {logging_mixin.py:190} INFO - [2025-04-05T10:03:34.149+0100] {dagbag.py:588} INFO - Filling up the DagBag from /home/Data_Professional/PycharmProjects/DE_Zoomcamp_Capstone_Project/.venv/lib/python3.10/site-packages/airflow/example_dags/example_latest_only_with_trigger.py
[2025-04-05T10:03:34.160+0100] {processor.py:925} INFO - DAG(s) 'latest_only_with_trigger' retrieved from /home/Data_Professional/PycharmProjects/DE_Zoomcamp_Capstone_Project/.venv/lib/python3.10/site-packages/airflow/example_dags/example_latest_only_with_trigger.py
[2025-04-05T10:03:34.174+0100] {logging_mixin.py:190} INFO - [2025-04-05T10:03:34.173+0100] {dag.py:3239} INFO - Sync 1 DAGs
[2025-04-05T10:03:34.191+0100] {logging_mixin.py:190} INFO - [2025-04-05T10:03:34.191+0100] {dag.py:4180} INFO - Setting next_dagrun for latest_only_with_trigger to 2025-04-05 04:00:00+00:00, run_after=2025-04-05 08:00:00+00:00
[2025-04-05T10:03:34.208+0100] {processor.py:208} INFO - Processing /home/Data_Professional/PycharmProjects/DE_Zoomcamp_Capstone_Project/.venv/lib/python3.10/site-packages/airflow/example_dags/example_latest_only_with_trigger.py took 0.074 seconds
[2025-04-05T10:04:36.403+0100] {processor.py:186} INFO - Started process (PID=13276) to work on /home/Data_Professional/PycharmProjects/DE_Zoomcamp_Capstone_Project/.venv/lib/python3.10/site-packages/airflow/example_dags/example_latest_only_with_trigger.py
[2025-04-05T10:04:36.406+0100] {processor.py:914} INFO - Processing file /home/Data_Professional/PycharmProjects/DE_Zoomcamp_Capstone_Project/.venv/lib/python3.10/site-packages/airflow/example_dags/example_latest_only_with_trigger.py for tasks to queue
[2025-04-05T10:04:36.407+0100] {logging_mixin.py:190} INFO - [2025-04-05T10:04:36.407+0100] {dagbag.py:588} INFO - Filling up the DagBag from /home/Data_Professional/PycharmProjects/DE_Zoomcamp_Capstone_Project/.venv/lib/python3.10/site-packages/airflow/example_dags/example_latest_only_with_trigger.py
[2025-04-05T10:04:36.414+0100] {processor.py:925} INFO - DAG(s) 'latest_only_with_trigger' retrieved from /home/Data_Professional/PycharmProjects/DE_Zoomcamp_Capstone_Project/.venv/lib/python3.10/site-packages/airflow/example_dags/example_latest_only_with_trigger.py
[2025-04-05T10:04:36.427+0100] {logging_mixin.py:190} INFO - [2025-04-05T10:04:36.426+0100] {dag.py:3239} INFO - Sync 1 DAGs
[2025-04-05T10:04:36.443+0100] {logging_mixin.py:190} INFO - [2025-04-05T10:04:36.443+0100] {dag.py:4180} INFO - Setting next_dagrun for latest_only_with_trigger to 2025-04-05 04:00:00+00:00, run_after=2025-04-05 08:00:00+00:00
[2025-04-05T10:04:36.461+0100] {processor.py:208} INFO - Processing /home/Data_Professional/PycharmProjects/DE_Zoomcamp_Capstone_Project/.venv/lib/python3.10/site-packages/airflow/example_dags/example_latest_only_with_trigger.py took 0.063 seconds
[2025-04-05T10:05:34.891+0100] {processor.py:186} INFO - Started process (PID=13588) to work on /home/Data_Professional/PycharmProjects/DE_Zoomcamp_Capstone_Project/.venv/lib/python3.10/site-packages/airflow/example_dags/example_latest_only_with_trigger.py
[2025-04-05T10:05:34.892+0100] {processor.py:914} INFO - Processing file /home/Data_Professional/PycharmProjects/DE_Zoomcamp_Capstone_Project/.venv/lib/python3.10/site-packages/airflow/example_dags/example_latest_only_with_trigger.py for tasks to queue
[2025-04-05T10:05:34.894+0100] {logging_mixin.py:190} INFO - [2025-04-05T10:05:34.893+0100] {dagbag.py:588} INFO - Filling up the DagBag from /home/Data_Professional/PycharmProjects/DE_Zoomcamp_Capstone_Project/.venv/lib/python3.10/site-packages/airflow/example_dags/example_latest_only_with_trigger.py
[2025-04-05T10:05:34.905+0100] {processor.py:925} INFO - DAG(s) 'latest_only_with_trigger' retrieved from /home/Data_Professional/PycharmProjects/DE_Zoomcamp_Capstone_Project/.venv/lib/python3.10/site-packages/airflow/example_dags/example_latest_only_with_trigger.py
[2025-04-05T10:05:34.924+0100] {logging_mixin.py:190} INFO - [2025-04-05T10:05:34.923+0100] {dag.py:3239} INFO - Sync 1 DAGs
[2025-04-05T10:05:34.953+0100] {logging_mixin.py:190} INFO - [2025-04-05T10:05:34.953+0100] {dag.py:4180} INFO - Setting next_dagrun for latest_only_with_trigger to 2025-04-05 04:00:00+00:00, run_after=2025-04-05 08:00:00+00:00
[2025-04-05T10:05:34.979+0100] {processor.py:208} INFO - Processing /home/Data_Professional/PycharmProjects/DE_Zoomcamp_Capstone_Project/.venv/lib/python3.10/site-packages/airflow/example_dags/example_latest_only_with_trigger.py took 0.095 seconds
[2025-04-05T10:06:36.608+0100] {processor.py:186} INFO - Started process (PID=13786) to work on /home/Data_Professional/PycharmProjects/DE_Zoomcamp_Capstone_Project/.venv/lib/python3.10/site-packages/airflow/example_dags/example_latest_only_with_trigger.py
[2025-04-05T10:06:36.609+0100] {processor.py:914} INFO - Processing file /home/Data_Professional/PycharmProjects/DE_Zoomcamp_Capstone_Project/.venv/lib/python3.10/site-packages/airflow/example_dags/example_latest_only_with_trigger.py for tasks to queue
[2025-04-05T10:06:36.610+0100] {logging_mixin.py:190} INFO - [2025-04-05T10:06:36.609+0100] {dagbag.py:588} INFO - Filling up the DagBag from /home/Data_Professional/PycharmProjects/DE_Zoomcamp_Capstone_Project/.venv/lib/python3.10/site-packages/airflow/example_dags/example_latest_only_with_trigger.py
[2025-04-05T10:06:36.619+0100] {processor.py:925} INFO - DAG(s) 'latest_only_with_trigger' retrieved from /home/Data_Professional/PycharmProjects/DE_Zoomcamp_Capstone_Project/.venv/lib/python3.10/site-packages/airflow/example_dags/example_latest_only_with_trigger.py
[2025-04-05T10:06:36.638+0100] {logging_mixin.py:190} INFO - [2025-04-05T10:06:36.638+0100] {dag.py:3239} INFO - Sync 1 DAGs
[2025-04-05T10:06:36.659+0100] {logging_mixin.py:190} INFO - [2025-04-05T10:06:36.659+0100] {dag.py:4180} INFO - Setting next_dagrun for latest_only_with_trigger to 2025-04-05 04:00:00+00:00, run_after=2025-04-05 08:00:00+00:00
[2025-04-05T10:06:36.679+0100] {processor.py:208} INFO - Processing /home/Data_Professional/PycharmProjects/DE_Zoomcamp_Capstone_Project/.venv/lib/python3.10/site-packages/airflow/example_dags/example_latest_only_with_trigger.py took 0.077 seconds
[2025-04-05T10:07:38.046+0100] {processor.py:186} INFO - Started process (PID=13897) to work on /home/Data_Professional/PycharmProjects/DE_Zoomcamp_Capstone_Project/.venv/lib/python3.10/site-packages/airflow/example_dags/example_latest_only_with_trigger.py
[2025-04-05T10:07:38.049+0100] {processor.py:914} INFO - Processing file /home/Data_Professional/PycharmProjects/DE_Zoomcamp_Capstone_Project/.venv/lib/python3.10/site-packages/airflow/example_dags/example_latest_only_with_trigger.py for tasks to queue
[2025-04-05T10:07:38.051+0100] {logging_mixin.py:190} INFO - [2025-04-05T10:07:38.051+0100] {dagbag.py:588} INFO - Filling up the DagBag from /home/Data_Professional/PycharmProjects/DE_Zoomcamp_Capstone_Project/.venv/lib/python3.10/site-packages/airflow/example_dags/example_latest_only_with_trigger.py
[2025-04-05T10:07:38.062+0100] {processor.py:925} INFO - DAG(s) 'latest_only_with_trigger' retrieved from /home/Data_Professional/PycharmProjects/DE_Zoomcamp_Capstone_Project/.venv/lib/python3.10/site-packages/airflow/example_dags/example_latest_only_with_trigger.py
[2025-04-05T10:07:38.079+0100] {logging_mixin.py:190} INFO - [2025-04-05T10:07:38.078+0100] {dag.py:3239} INFO - Sync 1 DAGs
[2025-04-05T10:07:38.095+0100] {logging_mixin.py:190} INFO - [2025-04-05T10:07:38.095+0100] {dag.py:4180} INFO - Setting next_dagrun for latest_only_with_trigger to 2025-04-05 04:00:00+00:00, run_after=2025-04-05 08:00:00+00:00
[2025-04-05T10:07:38.113+0100] {processor.py:208} INFO - Processing /home/Data_Professional/PycharmProjects/DE_Zoomcamp_Capstone_Project/.venv/lib/python3.10/site-packages/airflow/example_dags/example_latest_only_with_trigger.py took 0.075 seconds
[2025-04-05T10:08:45.777+0100] {processor.py:186} INFO - Started process (PID=14246) to work on /home/Data_Professional/PycharmProjects/DE_Zoomcamp_Capstone_Project/.venv/lib/python3.10/site-packages/airflow/example_dags/example_latest_only_with_trigger.py
[2025-04-05T10:08:45.778+0100] {processor.py:914} INFO - Processing file /home/Data_Professional/PycharmProjects/DE_Zoomcamp_Capstone_Project/.venv/lib/python3.10/site-packages/airflow/example_dags/example_latest_only_with_trigger.py for tasks to queue
[2025-04-05T10:08:45.779+0100] {logging_mixin.py:190} INFO - [2025-04-05T10:08:45.779+0100] {dagbag.py:588} INFO - Filling up the DagBag from /home/Data_Professional/PycharmProjects/DE_Zoomcamp_Capstone_Project/.venv/lib/python3.10/site-packages/airflow/example_dags/example_latest_only_with_trigger.py
[2025-04-05T10:08:45.787+0100] {processor.py:925} INFO - DAG(s) 'latest_only_with_trigger' retrieved from /home/Data_Professional/PycharmProjects/DE_Zoomcamp_Capstone_Project/.venv/lib/python3.10/site-packages/airflow/example_dags/example_latest_only_with_trigger.py
[2025-04-05T10:08:45.802+0100] {logging_mixin.py:190} INFO - [2025-04-05T10:08:45.801+0100] {dag.py:3239} INFO - Sync 1 DAGs
[2025-04-05T10:08:45.822+0100] {logging_mixin.py:190} INFO - [2025-04-05T10:08:45.821+0100] {dag.py:4180} INFO - Setting next_dagrun for latest_only_with_trigger to 2025-04-05 04:00:00+00:00, run_after=2025-04-05 08:00:00+00:00
[2025-04-05T10:08:45.844+0100] {processor.py:208} INFO - Processing /home/Data_Professional/PycharmProjects/DE_Zoomcamp_Capstone_Project/.venv/lib/python3.10/site-packages/airflow/example_dags/example_latest_only_with_trigger.py took 0.074 seconds
[2025-04-05T10:09:56.440+0100] {processor.py:186} INFO - Started process (PID=14405) to work on /home/Data_Professional/PycharmProjects/DE_Zoomcamp_Capstone_Project/.venv/lib/python3.10/site-packages/airflow/example_dags/example_latest_only_with_trigger.py
[2025-04-05T10:09:56.443+0100] {processor.py:914} INFO - Processing file /home/Data_Professional/PycharmProjects/DE_Zoomcamp_Capstone_Project/.venv/lib/python3.10/site-packages/airflow/example_dags/example_latest_only_with_trigger.py for tasks to queue
[2025-04-05T10:09:56.446+0100] {logging_mixin.py:190} INFO - [2025-04-05T10:09:56.445+0100] {dagbag.py:588} INFO - Filling up the DagBag from /home/Data_Professional/PycharmProjects/DE_Zoomcamp_Capstone_Project/.venv/lib/python3.10/site-packages/airflow/example_dags/example_latest_only_with_trigger.py
[2025-04-05T10:09:56.457+0100] {processor.py:925} INFO - DAG(s) 'latest_only_with_trigger' retrieved from /home/Data_Professional/PycharmProjects/DE_Zoomcamp_Capstone_Project/.venv/lib/python3.10/site-packages/airflow/example_dags/example_latest_only_with_trigger.py
[2025-04-05T10:09:56.472+0100] {logging_mixin.py:190} INFO - [2025-04-05T10:09:56.472+0100] {dag.py:3239} INFO - Sync 1 DAGs
[2025-04-05T10:09:56.488+0100] {logging_mixin.py:190} INFO - [2025-04-05T10:09:56.488+0100] {dag.py:4180} INFO - Setting next_dagrun for latest_only_with_trigger to 2025-04-05 04:00:00+00:00, run_after=2025-04-05 08:00:00+00:00
[2025-04-05T10:09:56.508+0100] {processor.py:208} INFO - Processing /home/Data_Professional/PycharmProjects/DE_Zoomcamp_Capstone_Project/.venv/lib/python3.10/site-packages/airflow/example_dags/example_latest_only_with_trigger.py took 0.083 seconds
[2025-04-05T10:10:55.528+0100] {processor.py:186} INFO - Started process (PID=14570) to work on /home/Data_Professional/PycharmProjects/DE_Zoomcamp_Capstone_Project/.venv/lib/python3.10/site-packages/airflow/example_dags/example_latest_only_with_trigger.py
[2025-04-05T10:10:55.531+0100] {processor.py:914} INFO - Processing file /home/Data_Professional/PycharmProjects/DE_Zoomcamp_Capstone_Project/.venv/lib/python3.10/site-packages/airflow/example_dags/example_latest_only_with_trigger.py for tasks to queue
[2025-04-05T10:10:55.534+0100] {logging_mixin.py:190} INFO - [2025-04-05T10:10:55.533+0100] {dagbag.py:588} INFO - Filling up the DagBag from /home/Data_Professional/PycharmProjects/DE_Zoomcamp_Capstone_Project/.venv/lib/python3.10/site-packages/airflow/example_dags/example_latest_only_with_trigger.py
[2025-04-05T10:10:55.546+0100] {processor.py:925} INFO - DAG(s) 'latest_only_with_trigger' retrieved from /home/Data_Professional/PycharmProjects/DE_Zoomcamp_Capstone_Project/.venv/lib/python3.10/site-packages/airflow/example_dags/example_latest_only_with_trigger.py
[2025-04-05T10:10:55.566+0100] {logging_mixin.py:190} INFO - [2025-04-05T10:10:55.565+0100] {dag.py:3239} INFO - Sync 1 DAGs
[2025-04-05T10:10:55.593+0100] {logging_mixin.py:190} INFO - [2025-04-05T10:10:55.593+0100] {dag.py:4180} INFO - Setting next_dagrun for latest_only_with_trigger to 2025-04-05 04:00:00+00:00, run_after=2025-04-05 08:00:00+00:00
[2025-04-05T10:10:55.628+0100] {processor.py:208} INFO - Processing /home/Data_Professional/PycharmProjects/DE_Zoomcamp_Capstone_Project/.venv/lib/python3.10/site-packages/airflow/example_dags/example_latest_only_with_trigger.py took 0.112 seconds
[2025-04-05T10:11:58.311+0100] {processor.py:186} INFO - Started process (PID=14936) to work on /home/Data_Professional/PycharmProjects/DE_Zoomcamp_Capstone_Project/.venv/lib/python3.10/site-packages/airflow/example_dags/example_latest_only_with_trigger.py
[2025-04-05T10:11:58.314+0100] {processor.py:914} INFO - Processing file /home/Data_Professional/PycharmProjects/DE_Zoomcamp_Capstone_Project/.venv/lib/python3.10/site-packages/airflow/example_dags/example_latest_only_with_trigger.py for tasks to queue
[2025-04-05T10:11:58.317+0100] {logging_mixin.py:190} INFO - [2025-04-05T10:11:58.317+0100] {dagbag.py:588} INFO - Filling up the DagBag from /home/Data_Professional/PycharmProjects/DE_Zoomcamp_Capstone_Project/.venv/lib/python3.10/site-packages/airflow/example_dags/example_latest_only_with_trigger.py
[2025-04-05T10:11:58.331+0100] {processor.py:925} INFO - DAG(s) 'latest_only_with_trigger' retrieved from /home/Data_Professional/PycharmProjects/DE_Zoomcamp_Capstone_Project/.venv/lib/python3.10/site-packages/airflow/example_dags/example_latest_only_with_trigger.py
[2025-04-05T10:11:58.346+0100] {logging_mixin.py:190} INFO - [2025-04-05T10:11:58.346+0100] {dag.py:3239} INFO - Sync 1 DAGs
[2025-04-05T10:11:58.362+0100] {logging_mixin.py:190} INFO - [2025-04-05T10:11:58.362+0100] {dag.py:4180} INFO - Setting next_dagrun for latest_only_with_trigger to 2025-04-05 04:00:00+00:00, run_after=2025-04-05 08:00:00+00:00
[2025-04-05T10:11:58.381+0100] {processor.py:208} INFO - Processing /home/Data_Professional/PycharmProjects/DE_Zoomcamp_Capstone_Project/.venv/lib/python3.10/site-packages/airflow/example_dags/example_latest_only_with_trigger.py took 0.084 seconds
[2025-04-05T10:13:04.082+0100] {processor.py:186} INFO - Started process (PID=15078) to work on /home/Data_Professional/PycharmProjects/DE_Zoomcamp_Capstone_Project/.venv/lib/python3.10/site-packages/airflow/example_dags/example_latest_only_with_trigger.py
[2025-04-05T10:13:04.086+0100] {processor.py:914} INFO - Processing file /home/Data_Professional/PycharmProjects/DE_Zoomcamp_Capstone_Project/.venv/lib/python3.10/site-packages/airflow/example_dags/example_latest_only_with_trigger.py for tasks to queue
[2025-04-05T10:13:04.089+0100] {logging_mixin.py:190} INFO - [2025-04-05T10:13:04.088+0100] {dagbag.py:588} INFO - Filling up the DagBag from /home/Data_Professional/PycharmProjects/DE_Zoomcamp_Capstone_Project/.venv/lib/python3.10/site-packages/airflow/example_dags/example_latest_only_with_trigger.py
[2025-04-05T10:13:04.108+0100] {processor.py:925} INFO - DAG(s) 'latest_only_with_trigger' retrieved from /home/Data_Professional/PycharmProjects/DE_Zoomcamp_Capstone_Project/.venv/lib/python3.10/site-packages/airflow/example_dags/example_latest_only_with_trigger.py
[2025-04-05T10:13:04.133+0100] {logging_mixin.py:190} INFO - [2025-04-05T10:13:04.133+0100] {dag.py:3239} INFO - Sync 1 DAGs
[2025-04-05T10:13:04.158+0100] {logging_mixin.py:190} INFO - [2025-04-05T10:13:04.158+0100] {dag.py:4180} INFO - Setting next_dagrun for latest_only_with_trigger to 2025-04-05 04:00:00+00:00, run_after=2025-04-05 08:00:00+00:00
[2025-04-05T10:13:04.177+0100] {processor.py:208} INFO - Processing /home/Data_Professional/PycharmProjects/DE_Zoomcamp_Capstone_Project/.venv/lib/python3.10/site-packages/airflow/example_dags/example_latest_only_with_trigger.py took 0.108 seconds
[2025-04-05T10:14:01.552+0100] {processor.py:186} INFO - Started process (PID=15162) to work on /home/Data_Professional/PycharmProjects/DE_Zoomcamp_Capstone_Project/.venv/lib/python3.10/site-packages/airflow/example_dags/example_latest_only_with_trigger.py
[2025-04-05T10:14:01.556+0100] {processor.py:914} INFO - Processing file /home/Data_Professional/PycharmProjects/DE_Zoomcamp_Capstone_Project/.venv/lib/python3.10/site-packages/airflow/example_dags/example_latest_only_with_trigger.py for tasks to queue
[2025-04-05T10:14:01.558+0100] {logging_mixin.py:190} INFO - [2025-04-05T10:14:01.557+0100] {dagbag.py:588} INFO - Filling up the DagBag from /home/Data_Professional/PycharmProjects/DE_Zoomcamp_Capstone_Project/.venv/lib/python3.10/site-packages/airflow/example_dags/example_latest_only_with_trigger.py
[2025-04-05T10:14:01.572+0100] {processor.py:925} INFO - DAG(s) 'latest_only_with_trigger' retrieved from /home/Data_Professional/PycharmProjects/DE_Zoomcamp_Capstone_Project/.venv/lib/python3.10/site-packages/airflow/example_dags/example_latest_only_with_trigger.py
[2025-04-05T10:14:01.589+0100] {logging_mixin.py:190} INFO - [2025-04-05T10:14:01.588+0100] {dag.py:3239} INFO - Sync 1 DAGs
[2025-04-05T10:14:01.604+0100] {logging_mixin.py:190} INFO - [2025-04-05T10:14:01.604+0100] {dag.py:4180} INFO - Setting next_dagrun for latest_only_with_trigger to 2025-04-05 04:00:00+00:00, run_after=2025-04-05 08:00:00+00:00
[2025-04-05T10:14:01.620+0100] {processor.py:208} INFO - Processing /home/Data_Professional/PycharmProjects/DE_Zoomcamp_Capstone_Project/.venv/lib/python3.10/site-packages/airflow/example_dags/example_latest_only_with_trigger.py took 0.080 seconds
[2025-04-05T12:23:57.487+0100] {processor.py:186} INFO - Started process (PID=15470) to work on /home/Data_Professional/PycharmProjects/DE_Zoomcamp_Capstone_Project/.venv/lib/python3.10/site-packages/airflow/example_dags/example_latest_only_with_trigger.py
[2025-04-05T12:23:57.488+0100] {processor.py:914} INFO - Processing file /home/Data_Professional/PycharmProjects/DE_Zoomcamp_Capstone_Project/.venv/lib/python3.10/site-packages/airflow/example_dags/example_latest_only_with_trigger.py for tasks to queue
[2025-04-05T12:23:57.489+0100] {logging_mixin.py:190} INFO - [2025-04-05T12:23:57.489+0100] {dagbag.py:588} INFO - Filling up the DagBag from /home/Data_Professional/PycharmProjects/DE_Zoomcamp_Capstone_Project/.venv/lib/python3.10/site-packages/airflow/example_dags/example_latest_only_with_trigger.py
[2025-04-05T12:23:57.496+0100] {processor.py:925} INFO - DAG(s) 'latest_only_with_trigger' retrieved from /home/Data_Professional/PycharmProjects/DE_Zoomcamp_Capstone_Project/.venv/lib/python3.10/site-packages/airflow/example_dags/example_latest_only_with_trigger.py
[2025-04-05T12:23:57.511+0100] {logging_mixin.py:190} INFO - [2025-04-05T12:23:57.511+0100] {dag.py:3239} INFO - Sync 1 DAGs
[2025-04-05T12:23:57.652+0100] {logging_mixin.py:190} INFO - [2025-04-05T12:23:57.651+0100] {dag.py:4180} INFO - Setting next_dagrun for latest_only_with_trigger to 2025-04-05 04:00:00+00:00, run_after=2025-04-05 08:00:00+00:00
[2025-04-05T12:23:57.673+0100] {processor.py:208} INFO - Processing /home/Data_Professional/PycharmProjects/DE_Zoomcamp_Capstone_Project/.venv/lib/python3.10/site-packages/airflow/example_dags/example_latest_only_with_trigger.py took 0.191 seconds
