[2025-04-05T09:55:15.533+0100] {processor.py:186} INFO - Started process (PID=11834) to work on /home/Data_Professional/PycharmProjects/DE_Zoomcamp_Capstone_Project/.venv/lib/python3.10/site-packages/airflow/example_dags/example_skip_dag.py
[2025-04-05T09:55:15.535+0100] {processor.py:914} INFO - Processing file /home/Data_Professional/PycharmProjects/DE_Zoomcamp_Capstone_Project/.venv/lib/python3.10/site-packages/airflow/example_dags/example_skip_dag.py for tasks to queue
[2025-04-05T09:55:15.538+0100] {logging_mixin.py:190} INFO - [2025-04-05T09:55:15.537+0100] {dagbag.py:588} INFO - Filling up the DagBag from /home/Data_Professional/PycharmProjects/DE_Zoomcamp_Capstone_Project/.venv/lib/python3.10/site-packages/airflow/example_dags/example_skip_dag.py
[2025-04-05T09:55:15.553+0100] {processor.py:925} INFO - DAG(s) 'example_skip_dag' retrieved from /home/Data_Professional/PycharmProjects/DE_Zoomcamp_Capstone_Project/.venv/lib/python3.10/site-packages/airflow/example_dags/example_skip_dag.py
[2025-04-05T09:55:15.639+0100] {logging_mixin.py:190} INFO - [2025-04-05T09:55:15.639+0100] {override.py:1912} INFO - Created Permission View: can read on DAG:example_skip_dag
[2025-04-05T09:55:15.648+0100] {logging_mixin.py:190} INFO - [2025-04-05T09:55:15.648+0100] {override.py:1912} INFO - Created Permission View: can delete on DAG:example_skip_dag
[2025-04-05T09:55:15.655+0100] {logging_mixin.py:190} INFO - [2025-04-05T09:55:15.654+0100] {override.py:1912} INFO - Created Permission View: can edit on DAG:example_skip_dag
[2025-04-05T09:55:15.664+0100] {logging_mixin.py:190} INFO - [2025-04-05T09:55:15.663+0100] {override.py:1912} INFO - Created Permission View: can create on DAG Run:example_skip_dag
[2025-04-05T09:55:15.670+0100] {logging_mixin.py:190} INFO - [2025-04-05T09:55:15.670+0100] {override.py:1912} INFO - Created Permission View: can read on DAG Run:example_skip_dag
[2025-04-05T09:55:15.677+0100] {logging_mixin.py:190} INFO - [2025-04-05T09:55:15.676+0100] {override.py:1912} INFO - Created Permission View: can delete on DAG Run:example_skip_dag
[2025-04-05T09:55:15.683+0100] {logging_mixin.py:190} INFO - [2025-04-05T09:55:15.683+0100] {override.py:1912} INFO - Created Permission View: menu access on DAG Run:example_skip_dag
[2025-04-05T09:55:15.684+0100] {logging_mixin.py:190} INFO - [2025-04-05T09:55:15.684+0100] {dag.py:3239} INFO - Sync 1 DAGs
[2025-04-05T09:55:15.693+0100] {logging_mixin.py:190} INFO - [2025-04-05T09:55:15.693+0100] {dag.py:3262} INFO - Creating ORM DAG for example_skip_dag
[2025-04-05T09:55:15.699+0100] {logging_mixin.py:190} INFO - [2025-04-05T09:55:15.699+0100] {dag.py:4180} INFO - Setting next_dagrun for example_skip_dag to 2025-04-04 00:00:00+00:00, run_after=2025-04-05 00:00:00+00:00
[2025-04-05T09:55:15.715+0100] {processor.py:208} INFO - Processing /home/Data_Professional/PycharmProjects/DE_Zoomcamp_Capstone_Project/.venv/lib/python3.10/site-packages/airflow/example_dags/example_skip_dag.py took 0.199 seconds
[2025-04-05T09:56:21.225+0100] {processor.py:186} INFO - Started process (PID=12148) to work on /home/Data_Professional/PycharmProjects/DE_Zoomcamp_Capstone_Project/.venv/lib/python3.10/site-packages/airflow/example_dags/example_skip_dag.py
[2025-04-05T09:56:21.229+0100] {processor.py:914} INFO - Processing file /home/Data_Professional/PycharmProjects/DE_Zoomcamp_Capstone_Project/.venv/lib/python3.10/site-packages/airflow/example_dags/example_skip_dag.py for tasks to queue
[2025-04-05T09:56:21.236+0100] {logging_mixin.py:190} INFO - [2025-04-05T09:56:21.233+0100] {dagbag.py:588} INFO - Filling up the DagBag from /home/Data_Professional/PycharmProjects/DE_Zoomcamp_Capstone_Project/.venv/lib/python3.10/site-packages/airflow/example_dags/example_skip_dag.py
[2025-04-05T09:56:21.246+0100] {processor.py:925} INFO - DAG(s) 'example_skip_dag' retrieved from /home/Data_Professional/PycharmProjects/DE_Zoomcamp_Capstone_Project/.venv/lib/python3.10/site-packages/airflow/example_dags/example_skip_dag.py
[2025-04-05T09:56:21.263+0100] {logging_mixin.py:190} INFO - [2025-04-05T09:56:21.262+0100] {dag.py:3239} INFO - Sync 1 DAGs
[2025-04-05T09:56:21.278+0100] {logging_mixin.py:190} INFO - [2025-04-05T09:56:21.278+0100] {dag.py:4180} INFO - Setting next_dagrun for example_skip_dag to 2025-04-04 00:00:00+00:00, run_after=2025-04-05 00:00:00+00:00
[2025-04-05T09:56:21.294+0100] {processor.py:208} INFO - Processing /home/Data_Professional/PycharmProjects/DE_Zoomcamp_Capstone_Project/.venv/lib/python3.10/site-packages/airflow/example_dags/example_skip_dag.py took 0.085 seconds
[2025-04-05T09:57:17.991+0100] {processor.py:186} INFO - Started process (PID=12275) to work on /home/Data_Professional/PycharmProjects/DE_Zoomcamp_Capstone_Project/.venv/lib/python3.10/site-packages/airflow/example_dags/example_skip_dag.py
[2025-04-05T09:57:17.993+0100] {processor.py:914} INFO - Processing file /home/Data_Professional/PycharmProjects/DE_Zoomcamp_Capstone_Project/.venv/lib/python3.10/site-packages/airflow/example_dags/example_skip_dag.py for tasks to queue
[2025-04-05T09:57:17.995+0100] {logging_mixin.py:190} INFO - [2025-04-05T09:57:17.994+0100] {dagbag.py:588} INFO - Filling up the DagBag from /home/Data_Professional/PycharmProjects/DE_Zoomcamp_Capstone_Project/.venv/lib/python3.10/site-packages/airflow/example_dags/example_skip_dag.py
[2025-04-05T09:57:18.001+0100] {processor.py:925} INFO - DAG(s) 'example_skip_dag' retrieved from /home/Data_Professional/PycharmProjects/DE_Zoomcamp_Capstone_Project/.venv/lib/python3.10/site-packages/airflow/example_dags/example_skip_dag.py
[2025-04-05T09:57:18.014+0100] {logging_mixin.py:190} INFO - [2025-04-05T09:57:18.014+0100] {dag.py:3239} INFO - Sync 1 DAGs
[2025-04-05T09:57:18.030+0100] {logging_mixin.py:190} INFO - [2025-04-05T09:57:18.029+0100] {dag.py:4180} INFO - Setting next_dagrun for example_skip_dag to 2025-04-04 00:00:00+00:00, run_after=2025-04-05 00:00:00+00:00
[2025-04-05T09:57:18.045+0100] {processor.py:208} INFO - Processing /home/Data_Professional/PycharmProjects/DE_Zoomcamp_Capstone_Project/.venv/lib/python3.10/site-packages/airflow/example_dags/example_skip_dag.py took 0.059 seconds
[2025-04-05T09:58:12.560+0100] {processor.py:186} INFO - Started process (PID=12340) to work on /home/Data_Professional/PycharmProjects/DE_Zoomcamp_Capstone_Project/.venv/lib/python3.10/site-packages/airflow/example_dags/example_skip_dag.py
[2025-04-05T09:58:12.564+0100] {processor.py:914} INFO - Processing file /home/Data_Professional/PycharmProjects/DE_Zoomcamp_Capstone_Project/.venv/lib/python3.10/site-packages/airflow/example_dags/example_skip_dag.py for tasks to queue
[2025-04-05T09:58:12.568+0100] {logging_mixin.py:190} INFO - [2025-04-05T09:58:12.567+0100] {dagbag.py:588} INFO - Filling up the DagBag from /home/Data_Professional/PycharmProjects/DE_Zoomcamp_Capstone_Project/.venv/lib/python3.10/site-packages/airflow/example_dags/example_skip_dag.py
[2025-04-05T09:58:12.583+0100] {processor.py:925} INFO - DAG(s) 'example_skip_dag' retrieved from /home/Data_Professional/PycharmProjects/DE_Zoomcamp_Capstone_Project/.venv/lib/python3.10/site-packages/airflow/example_dags/example_skip_dag.py
[2025-04-05T09:58:12.600+0100] {logging_mixin.py:190} INFO - [2025-04-05T09:58:12.600+0100] {dag.py:3239} INFO - Sync 1 DAGs
[2025-04-05T09:58:12.616+0100] {logging_mixin.py:190} INFO - [2025-04-05T09:58:12.616+0100] {dag.py:4180} INFO - Setting next_dagrun for example_skip_dag to 2025-04-04 00:00:00+00:00, run_after=2025-04-05 00:00:00+00:00
[2025-04-05T09:58:12.632+0100] {processor.py:208} INFO - Processing /home/Data_Professional/PycharmProjects/DE_Zoomcamp_Capstone_Project/.venv/lib/python3.10/site-packages/airflow/example_dags/example_skip_dag.py took 0.084 seconds
[2025-04-05T09:59:07.833+0100] {processor.py:186} INFO - Started process (PID=12404) to work on /home/Data_Professional/PycharmProjects/DE_Zoomcamp_Capstone_Project/.venv/lib/python3.10/site-packages/airflow/example_dags/example_skip_dag.py
[2025-04-05T09:59:07.836+0100] {processor.py:914} INFO - Processing file /home/Data_Professional/PycharmProjects/DE_Zoomcamp_Capstone_Project/.venv/lib/python3.10/site-packages/airflow/example_dags/example_skip_dag.py for tasks to queue
[2025-04-05T09:59:07.837+0100] {logging_mixin.py:190} INFO - [2025-04-05T09:59:07.837+0100] {dagbag.py:588} INFO - Filling up the DagBag from /home/Data_Professional/PycharmProjects/DE_Zoomcamp_Capstone_Project/.venv/lib/python3.10/site-packages/airflow/example_dags/example_skip_dag.py
[2025-04-05T09:59:07.843+0100] {processor.py:925} INFO - DAG(s) 'example_skip_dag' retrieved from /home/Data_Professional/PycharmProjects/DE_Zoomcamp_Capstone_Project/.venv/lib/python3.10/site-packages/airflow/example_dags/example_skip_dag.py
[2025-04-05T09:59:07.856+0100] {logging_mixin.py:190} INFO - [2025-04-05T09:59:07.855+0100] {dag.py:3239} INFO - Sync 1 DAGs
[2025-04-05T09:59:07.871+0100] {logging_mixin.py:190} INFO - [2025-04-05T09:59:07.871+0100] {dag.py:4180} INFO - Setting next_dagrun for example_skip_dag to 2025-04-04 00:00:00+00:00, run_after=2025-04-05 00:00:00+00:00
[2025-04-05T09:59:07.887+0100] {processor.py:208} INFO - Processing /home/Data_Professional/PycharmProjects/DE_Zoomcamp_Capstone_Project/.venv/lib/python3.10/site-packages/airflow/example_dags/example_skip_dag.py took 0.059 seconds
[2025-04-05T10:00:05.624+0100] {processor.py:186} INFO - Started process (PID=12594) to work on /home/Data_Professional/PycharmProjects/DE_Zoomcamp_Capstone_Project/.venv/lib/python3.10/site-packages/airflow/example_dags/example_skip_dag.py
[2025-04-05T10:00:05.627+0100] {processor.py:914} INFO - Processing file /home/Data_Professional/PycharmProjects/DE_Zoomcamp_Capstone_Project/.venv/lib/python3.10/site-packages/airflow/example_dags/example_skip_dag.py for tasks to queue
[2025-04-05T10:00:05.632+0100] {logging_mixin.py:190} INFO - [2025-04-05T10:00:05.631+0100] {dagbag.py:588} INFO - Filling up the DagBag from /home/Data_Professional/PycharmProjects/DE_Zoomcamp_Capstone_Project/.venv/lib/python3.10/site-packages/airflow/example_dags/example_skip_dag.py
[2025-04-05T10:00:05.651+0100] {processor.py:925} INFO - DAG(s) 'example_skip_dag' retrieved from /home/Data_Professional/PycharmProjects/DE_Zoomcamp_Capstone_Project/.venv/lib/python3.10/site-packages/airflow/example_dags/example_skip_dag.py
[2025-04-05T10:00:05.670+0100] {logging_mixin.py:190} INFO - [2025-04-05T10:00:05.670+0100] {dag.py:3239} INFO - Sync 1 DAGs
[2025-04-05T10:00:05.686+0100] {logging_mixin.py:190} INFO - [2025-04-05T10:00:05.686+0100] {dag.py:4180} INFO - Setting next_dagrun for example_skip_dag to 2025-04-04 00:00:00+00:00, run_after=2025-04-05 00:00:00+00:00
[2025-04-05T10:00:05.701+0100] {processor.py:208} INFO - Processing /home/Data_Professional/PycharmProjects/DE_Zoomcamp_Capstone_Project/.venv/lib/python3.10/site-packages/airflow/example_dags/example_skip_dag.py took 0.086 seconds
[2025-04-05T10:01:03.119+0100] {processor.py:186} INFO - Started process (PID=12849) to work on /home/Data_Professional/PycharmProjects/DE_Zoomcamp_Capstone_Project/.venv/lib/python3.10/site-packages/airflow/example_dags/example_skip_dag.py
[2025-04-05T10:01:03.121+0100] {processor.py:914} INFO - Processing file /home/Data_Professional/PycharmProjects/DE_Zoomcamp_Capstone_Project/.venv/lib/python3.10/site-packages/airflow/example_dags/example_skip_dag.py for tasks to queue
[2025-04-05T10:01:03.124+0100] {logging_mixin.py:190} INFO - [2025-04-05T10:01:03.123+0100] {dagbag.py:588} INFO - Filling up the DagBag from /home/Data_Professional/PycharmProjects/DE_Zoomcamp_Capstone_Project/.venv/lib/python3.10/site-packages/airflow/example_dags/example_skip_dag.py
[2025-04-05T10:01:03.133+0100] {processor.py:925} INFO - DAG(s) 'example_skip_dag' retrieved from /home/Data_Professional/PycharmProjects/DE_Zoomcamp_Capstone_Project/.venv/lib/python3.10/site-packages/airflow/example_dags/example_skip_dag.py
[2025-04-05T10:01:03.148+0100] {logging_mixin.py:190} INFO - [2025-04-05T10:01:03.148+0100] {dag.py:3239} INFO - Sync 1 DAGs
[2025-04-05T10:01:03.164+0100] {logging_mixin.py:190} INFO - [2025-04-05T10:01:03.164+0100] {dag.py:4180} INFO - Setting next_dagrun for example_skip_dag to 2025-04-04 00:00:00+00:00, run_after=2025-04-05 00:00:00+00:00
[2025-04-05T10:01:03.180+0100] {processor.py:208} INFO - Processing /home/Data_Professional/PycharmProjects/DE_Zoomcamp_Capstone_Project/.venv/lib/python3.10/site-packages/airflow/example_dags/example_skip_dag.py took 0.075 seconds
[2025-04-05T10:02:00.552+0100] {processor.py:186} INFO - Started process (PID=12955) to work on /home/Data_Professional/PycharmProjects/DE_Zoomcamp_Capstone_Project/.venv/lib/python3.10/site-packages/airflow/example_dags/example_skip_dag.py
[2025-04-05T10:02:00.555+0100] {processor.py:914} INFO - Processing file /home/Data_Professional/PycharmProjects/DE_Zoomcamp_Capstone_Project/.venv/lib/python3.10/site-packages/airflow/example_dags/example_skip_dag.py for tasks to queue
[2025-04-05T10:02:00.556+0100] {logging_mixin.py:190} INFO - [2025-04-05T10:02:00.556+0100] {dagbag.py:588} INFO - Filling up the DagBag from /home/Data_Professional/PycharmProjects/DE_Zoomcamp_Capstone_Project/.venv/lib/python3.10/site-packages/airflow/example_dags/example_skip_dag.py
[2025-04-05T10:02:00.562+0100] {processor.py:925} INFO - DAG(s) 'example_skip_dag' retrieved from /home/Data_Professional/PycharmProjects/DE_Zoomcamp_Capstone_Project/.venv/lib/python3.10/site-packages/airflow/example_dags/example_skip_dag.py
[2025-04-05T10:02:00.575+0100] {logging_mixin.py:190} INFO - [2025-04-05T10:02:00.574+0100] {dag.py:3239} INFO - Sync 1 DAGs
[2025-04-05T10:02:00.591+0100] {logging_mixin.py:190} INFO - [2025-04-05T10:02:00.590+0100] {dag.py:4180} INFO - Setting next_dagrun for example_skip_dag to 2025-04-04 00:00:00+00:00, run_after=2025-04-05 00:00:00+00:00
[2025-04-05T10:02:00.606+0100] {processor.py:208} INFO - Processing /home/Data_Professional/PycharmProjects/DE_Zoomcamp_Capstone_Project/.venv/lib/python3.10/site-packages/airflow/example_dags/example_skip_dag.py took 0.062 seconds
[2025-04-05T10:02:59.526+0100] {processor.py:186} INFO - Started process (PID=13100) to work on /home/Data_Professional/PycharmProjects/DE_Zoomcamp_Capstone_Project/.venv/lib/python3.10/site-packages/airflow/example_dags/example_skip_dag.py
[2025-04-05T10:02:59.530+0100] {processor.py:914} INFO - Processing file /home/Data_Professional/PycharmProjects/DE_Zoomcamp_Capstone_Project/.venv/lib/python3.10/site-packages/airflow/example_dags/example_skip_dag.py for tasks to queue
[2025-04-05T10:02:59.534+0100] {logging_mixin.py:190} INFO - [2025-04-05T10:02:59.533+0100] {dagbag.py:588} INFO - Filling up the DagBag from /home/Data_Professional/PycharmProjects/DE_Zoomcamp_Capstone_Project/.venv/lib/python3.10/site-packages/airflow/example_dags/example_skip_dag.py
[2025-04-05T10:02:59.546+0100] {processor.py:925} INFO - DAG(s) 'example_skip_dag' retrieved from /home/Data_Professional/PycharmProjects/DE_Zoomcamp_Capstone_Project/.venv/lib/python3.10/site-packages/airflow/example_dags/example_skip_dag.py
[2025-04-05T10:02:59.563+0100] {logging_mixin.py:190} INFO - [2025-04-05T10:02:59.563+0100] {dag.py:3239} INFO - Sync 1 DAGs
[2025-04-05T10:02:59.579+0100] {logging_mixin.py:190} INFO - [2025-04-05T10:02:59.579+0100] {dag.py:4180} INFO - Setting next_dagrun for example_skip_dag to 2025-04-04 00:00:00+00:00, run_after=2025-04-05 00:00:00+00:00
[2025-04-05T10:02:59.597+0100] {processor.py:208} INFO - Processing /home/Data_Professional/PycharmProjects/DE_Zoomcamp_Capstone_Project/.venv/lib/python3.10/site-packages/airflow/example_dags/example_skip_dag.py took 0.082 seconds
[2025-04-05T10:03:59.001+0100] {processor.py:186} INFO - Started process (PID=13174) to work on /home/Data_Professional/PycharmProjects/DE_Zoomcamp_Capstone_Project/.venv/lib/python3.10/site-packages/airflow/example_dags/example_skip_dag.py
[2025-04-05T10:03:59.005+0100] {processor.py:914} INFO - Processing file /home/Data_Professional/PycharmProjects/DE_Zoomcamp_Capstone_Project/.venv/lib/python3.10/site-packages/airflow/example_dags/example_skip_dag.py for tasks to queue
[2025-04-05T10:03:59.009+0100] {logging_mixin.py:190} INFO - [2025-04-05T10:03:59.008+0100] {dagbag.py:588} INFO - Filling up the DagBag from /home/Data_Professional/PycharmProjects/DE_Zoomcamp_Capstone_Project/.venv/lib/python3.10/site-packages/airflow/example_dags/example_skip_dag.py
[2025-04-05T10:03:59.026+0100] {processor.py:925} INFO - DAG(s) 'example_skip_dag' retrieved from /home/Data_Professional/PycharmProjects/DE_Zoomcamp_Capstone_Project/.venv/lib/python3.10/site-packages/airflow/example_dags/example_skip_dag.py
[2025-04-05T10:03:59.044+0100] {logging_mixin.py:190} INFO - [2025-04-05T10:03:59.044+0100] {dag.py:3239} INFO - Sync 1 DAGs
[2025-04-05T10:03:59.060+0100] {logging_mixin.py:190} INFO - [2025-04-05T10:03:59.060+0100] {dag.py:4180} INFO - Setting next_dagrun for example_skip_dag to 2025-04-04 00:00:00+00:00, run_after=2025-04-05 00:00:00+00:00
[2025-04-05T10:03:59.076+0100] {processor.py:208} INFO - Processing /home/Data_Professional/PycharmProjects/DE_Zoomcamp_Capstone_Project/.venv/lib/python3.10/site-packages/airflow/example_dags/example_skip_dag.py took 0.086 seconds
[2025-04-05T10:04:58.721+0100] {processor.py:186} INFO - Started process (PID=13432) to work on /home/Data_Professional/PycharmProjects/DE_Zoomcamp_Capstone_Project/.venv/lib/python3.10/site-packages/airflow/example_dags/example_skip_dag.py
[2025-04-05T10:04:58.723+0100] {processor.py:914} INFO - Processing file /home/Data_Professional/PycharmProjects/DE_Zoomcamp_Capstone_Project/.venv/lib/python3.10/site-packages/airflow/example_dags/example_skip_dag.py for tasks to queue
[2025-04-05T10:04:58.725+0100] {logging_mixin.py:190} INFO - [2025-04-05T10:04:58.725+0100] {dagbag.py:588} INFO - Filling up the DagBag from /home/Data_Professional/PycharmProjects/DE_Zoomcamp_Capstone_Project/.venv/lib/python3.10/site-packages/airflow/example_dags/example_skip_dag.py
[2025-04-05T10:04:58.733+0100] {processor.py:925} INFO - DAG(s) 'example_skip_dag' retrieved from /home/Data_Professional/PycharmProjects/DE_Zoomcamp_Capstone_Project/.venv/lib/python3.10/site-packages/airflow/example_dags/example_skip_dag.py
[2025-04-05T10:04:58.750+0100] {logging_mixin.py:190} INFO - [2025-04-05T10:04:58.750+0100] {dag.py:3239} INFO - Sync 1 DAGs
[2025-04-05T10:04:58.775+0100] {logging_mixin.py:190} INFO - [2025-04-05T10:04:58.774+0100] {dag.py:4180} INFO - Setting next_dagrun for example_skip_dag to 2025-04-04 00:00:00+00:00, run_after=2025-04-05 00:00:00+00:00
[2025-04-05T10:04:58.793+0100] {processor.py:208} INFO - Processing /home/Data_Professional/PycharmProjects/DE_Zoomcamp_Capstone_Project/.venv/lib/python3.10/site-packages/airflow/example_dags/example_skip_dag.py took 0.079 seconds
[2025-04-05T10:06:00.815+0100] {processor.py:186} INFO - Started process (PID=13619) to work on /home/Data_Professional/PycharmProjects/DE_Zoomcamp_Capstone_Project/.venv/lib/python3.10/site-packages/airflow/example_dags/example_skip_dag.py
[2025-04-05T10:06:00.817+0100] {processor.py:914} INFO - Processing file /home/Data_Professional/PycharmProjects/DE_Zoomcamp_Capstone_Project/.venv/lib/python3.10/site-packages/airflow/example_dags/example_skip_dag.py for tasks to queue
[2025-04-05T10:06:00.821+0100] {logging_mixin.py:190} INFO - [2025-04-05T10:06:00.820+0100] {dagbag.py:588} INFO - Filling up the DagBag from /home/Data_Professional/PycharmProjects/DE_Zoomcamp_Capstone_Project/.venv/lib/python3.10/site-packages/airflow/example_dags/example_skip_dag.py
[2025-04-05T10:06:00.832+0100] {processor.py:925} INFO - DAG(s) 'example_skip_dag' retrieved from /home/Data_Professional/PycharmProjects/DE_Zoomcamp_Capstone_Project/.venv/lib/python3.10/site-packages/airflow/example_dags/example_skip_dag.py
[2025-04-05T10:06:00.848+0100] {logging_mixin.py:190} INFO - [2025-04-05T10:06:00.848+0100] {dag.py:3239} INFO - Sync 1 DAGs
[2025-04-05T10:06:00.864+0100] {logging_mixin.py:190} INFO - [2025-04-05T10:06:00.864+0100] {dag.py:4180} INFO - Setting next_dagrun for example_skip_dag to 2025-04-04 00:00:00+00:00, run_after=2025-04-05 00:00:00+00:00
[2025-04-05T10:06:00.884+0100] {processor.py:208} INFO - Processing /home/Data_Professional/PycharmProjects/DE_Zoomcamp_Capstone_Project/.venv/lib/python3.10/site-packages/airflow/example_dags/example_skip_dag.py took 0.082 seconds
[2025-04-05T10:07:02.720+0100] {processor.py:186} INFO - Started process (PID=13824) to work on /home/Data_Professional/PycharmProjects/DE_Zoomcamp_Capstone_Project/.venv/lib/python3.10/site-packages/airflow/example_dags/example_skip_dag.py
[2025-04-05T10:07:02.721+0100] {processor.py:914} INFO - Processing file /home/Data_Professional/PycharmProjects/DE_Zoomcamp_Capstone_Project/.venv/lib/python3.10/site-packages/airflow/example_dags/example_skip_dag.py for tasks to queue
[2025-04-05T10:07:02.724+0100] {logging_mixin.py:190} INFO - [2025-04-05T10:07:02.723+0100] {dagbag.py:588} INFO - Filling up the DagBag from /home/Data_Professional/PycharmProjects/DE_Zoomcamp_Capstone_Project/.venv/lib/python3.10/site-packages/airflow/example_dags/example_skip_dag.py
[2025-04-05T10:07:02.736+0100] {processor.py:925} INFO - DAG(s) 'example_skip_dag' retrieved from /home/Data_Professional/PycharmProjects/DE_Zoomcamp_Capstone_Project/.venv/lib/python3.10/site-packages/airflow/example_dags/example_skip_dag.py
[2025-04-05T10:07:02.754+0100] {logging_mixin.py:190} INFO - [2025-04-05T10:07:02.754+0100] {dag.py:3239} INFO - Sync 1 DAGs
[2025-04-05T10:07:02.770+0100] {logging_mixin.py:190} INFO - [2025-04-05T10:07:02.770+0100] {dag.py:4180} INFO - Setting next_dagrun for example_skip_dag to 2025-04-04 00:00:00+00:00, run_after=2025-04-05 00:00:00+00:00
[2025-04-05T10:07:02.785+0100] {processor.py:208} INFO - Processing /home/Data_Professional/PycharmProjects/DE_Zoomcamp_Capstone_Project/.venv/lib/python3.10/site-packages/airflow/example_dags/example_skip_dag.py took 0.074 seconds
[2025-04-05T10:08:06.085+0100] {processor.py:186} INFO - Started process (PID=14103) to work on /home/Data_Professional/PycharmProjects/DE_Zoomcamp_Capstone_Project/.venv/lib/python3.10/site-packages/airflow/example_dags/example_skip_dag.py
[2025-04-05T10:08:06.088+0100] {processor.py:914} INFO - Processing file /home/Data_Professional/PycharmProjects/DE_Zoomcamp_Capstone_Project/.venv/lib/python3.10/site-packages/airflow/example_dags/example_skip_dag.py for tasks to queue
[2025-04-05T10:08:06.092+0100] {logging_mixin.py:190} INFO - [2025-04-05T10:08:06.091+0100] {dagbag.py:588} INFO - Filling up the DagBag from /home/Data_Professional/PycharmProjects/DE_Zoomcamp_Capstone_Project/.venv/lib/python3.10/site-packages/airflow/example_dags/example_skip_dag.py
[2025-04-05T10:08:06.099+0100] {processor.py:925} INFO - DAG(s) 'example_skip_dag' retrieved from /home/Data_Professional/PycharmProjects/DE_Zoomcamp_Capstone_Project/.venv/lib/python3.10/site-packages/airflow/example_dags/example_skip_dag.py
[2025-04-05T10:08:06.112+0100] {logging_mixin.py:190} INFO - [2025-04-05T10:08:06.112+0100] {dag.py:3239} INFO - Sync 1 DAGs
[2025-04-05T10:08:06.128+0100] {logging_mixin.py:190} INFO - [2025-04-05T10:08:06.128+0100] {dag.py:4180} INFO - Setting next_dagrun for example_skip_dag to 2025-04-04 00:00:00+00:00, run_after=2025-04-05 00:00:00+00:00
[2025-04-05T10:08:06.144+0100] {processor.py:208} INFO - Processing /home/Data_Professional/PycharmProjects/DE_Zoomcamp_Capstone_Project/.venv/lib/python3.10/site-packages/airflow/example_dags/example_skip_dag.py took 0.063 seconds
[2025-04-05T10:09:15.986+0100] {processor.py:186} INFO - Started process (PID=14311) to work on /home/Data_Professional/PycharmProjects/DE_Zoomcamp_Capstone_Project/.venv/lib/python3.10/site-packages/airflow/example_dags/example_skip_dag.py
[2025-04-05T10:09:15.990+0100] {processor.py:914} INFO - Processing file /home/Data_Professional/PycharmProjects/DE_Zoomcamp_Capstone_Project/.venv/lib/python3.10/site-packages/airflow/example_dags/example_skip_dag.py for tasks to queue
[2025-04-05T10:09:15.992+0100] {logging_mixin.py:190} INFO - [2025-04-05T10:09:15.991+0100] {dagbag.py:588} INFO - Filling up the DagBag from /home/Data_Professional/PycharmProjects/DE_Zoomcamp_Capstone_Project/.venv/lib/python3.10/site-packages/airflow/example_dags/example_skip_dag.py
[2025-04-05T10:09:16.000+0100] {processor.py:925} INFO - DAG(s) 'example_skip_dag' retrieved from /home/Data_Professional/PycharmProjects/DE_Zoomcamp_Capstone_Project/.venv/lib/python3.10/site-packages/airflow/example_dags/example_skip_dag.py
[2025-04-05T10:09:16.016+0100] {logging_mixin.py:190} INFO - [2025-04-05T10:09:16.015+0100] {dag.py:3239} INFO - Sync 1 DAGs
[2025-04-05T10:09:16.035+0100] {logging_mixin.py:190} INFO - [2025-04-05T10:09:16.034+0100] {dag.py:4180} INFO - Setting next_dagrun for example_skip_dag to 2025-04-04 00:00:00+00:00, run_after=2025-04-05 00:00:00+00:00
[2025-04-05T10:09:16.055+0100] {processor.py:208} INFO - Processing /home/Data_Professional/PycharmProjects/DE_Zoomcamp_Capstone_Project/.venv/lib/python3.10/site-packages/airflow/example_dags/example_skip_dag.py took 0.079 seconds
[2025-04-05T10:10:15.306+0100] {processor.py:186} INFO - Started process (PID=14447) to work on /home/Data_Professional/PycharmProjects/DE_Zoomcamp_Capstone_Project/.venv/lib/python3.10/site-packages/airflow/example_dags/example_skip_dag.py
[2025-04-05T10:10:15.309+0100] {processor.py:914} INFO - Processing file /home/Data_Professional/PycharmProjects/DE_Zoomcamp_Capstone_Project/.venv/lib/python3.10/site-packages/airflow/example_dags/example_skip_dag.py for tasks to queue
[2025-04-05T10:10:15.311+0100] {logging_mixin.py:190} INFO - [2025-04-05T10:10:15.310+0100] {dagbag.py:588} INFO - Filling up the DagBag from /home/Data_Professional/PycharmProjects/DE_Zoomcamp_Capstone_Project/.venv/lib/python3.10/site-packages/airflow/example_dags/example_skip_dag.py
[2025-04-05T10:10:15.323+0100] {processor.py:925} INFO - DAG(s) 'example_skip_dag' retrieved from /home/Data_Professional/PycharmProjects/DE_Zoomcamp_Capstone_Project/.venv/lib/python3.10/site-packages/airflow/example_dags/example_skip_dag.py
[2025-04-05T10:10:15.341+0100] {logging_mixin.py:190} INFO - [2025-04-05T10:10:15.341+0100] {dag.py:3239} INFO - Sync 1 DAGs
[2025-04-05T10:10:15.357+0100] {logging_mixin.py:190} INFO - [2025-04-05T10:10:15.357+0100] {dag.py:4180} INFO - Setting next_dagrun for example_skip_dag to 2025-04-04 00:00:00+00:00, run_after=2025-04-05 00:00:00+00:00
[2025-04-05T10:10:15.375+0100] {processor.py:208} INFO - Processing /home/Data_Professional/PycharmProjects/DE_Zoomcamp_Capstone_Project/.venv/lib/python3.10/site-packages/airflow/example_dags/example_skip_dag.py took 0.076 seconds
[2025-04-05T10:11:16.306+0100] {processor.py:186} INFO - Started process (PID=14660) to work on /home/Data_Professional/PycharmProjects/DE_Zoomcamp_Capstone_Project/.venv/lib/python3.10/site-packages/airflow/example_dags/example_skip_dag.py
[2025-04-05T10:11:16.309+0100] {processor.py:914} INFO - Processing file /home/Data_Professional/PycharmProjects/DE_Zoomcamp_Capstone_Project/.venv/lib/python3.10/site-packages/airflow/example_dags/example_skip_dag.py for tasks to queue
[2025-04-05T10:11:16.310+0100] {logging_mixin.py:190} INFO - [2025-04-05T10:11:16.309+0100] {dagbag.py:588} INFO - Filling up the DagBag from /home/Data_Professional/PycharmProjects/DE_Zoomcamp_Capstone_Project/.venv/lib/python3.10/site-packages/airflow/example_dags/example_skip_dag.py
[2025-04-05T10:11:16.317+0100] {processor.py:925} INFO - DAG(s) 'example_skip_dag' retrieved from /home/Data_Professional/PycharmProjects/DE_Zoomcamp_Capstone_Project/.venv/lib/python3.10/site-packages/airflow/example_dags/example_skip_dag.py
[2025-04-05T10:11:16.331+0100] {logging_mixin.py:190} INFO - [2025-04-05T10:11:16.330+0100] {dag.py:3239} INFO - Sync 1 DAGs
[2025-04-05T10:11:16.349+0100] {logging_mixin.py:190} INFO - [2025-04-05T10:11:16.349+0100] {dag.py:4180} INFO - Setting next_dagrun for example_skip_dag to 2025-04-04 00:00:00+00:00, run_after=2025-04-05 00:00:00+00:00
[2025-04-05T10:11:16.365+0100] {processor.py:208} INFO - Processing /home/Data_Professional/PycharmProjects/DE_Zoomcamp_Capstone_Project/.venv/lib/python3.10/site-packages/airflow/example_dags/example_skip_dag.py took 0.063 seconds
[2025-04-05T10:12:18.658+0100] {processor.py:186} INFO - Started process (PID=15016) to work on /home/Data_Professional/PycharmProjects/DE_Zoomcamp_Capstone_Project/.venv/lib/python3.10/site-packages/airflow/example_dags/example_skip_dag.py
[2025-04-05T10:12:18.662+0100] {processor.py:914} INFO - Processing file /home/Data_Professional/PycharmProjects/DE_Zoomcamp_Capstone_Project/.venv/lib/python3.10/site-packages/airflow/example_dags/example_skip_dag.py for tasks to queue
[2025-04-05T10:12:18.664+0100] {logging_mixin.py:190} INFO - [2025-04-05T10:12:18.663+0100] {dagbag.py:588} INFO - Filling up the DagBag from /home/Data_Professional/PycharmProjects/DE_Zoomcamp_Capstone_Project/.venv/lib/python3.10/site-packages/airflow/example_dags/example_skip_dag.py
[2025-04-05T10:12:18.676+0100] {processor.py:925} INFO - DAG(s) 'example_skip_dag' retrieved from /home/Data_Professional/PycharmProjects/DE_Zoomcamp_Capstone_Project/.venv/lib/python3.10/site-packages/airflow/example_dags/example_skip_dag.py
[2025-04-05T10:12:18.692+0100] {logging_mixin.py:190} INFO - [2025-04-05T10:12:18.692+0100] {dag.py:3239} INFO - Sync 1 DAGs
[2025-04-05T10:12:18.709+0100] {logging_mixin.py:190} INFO - [2025-04-05T10:12:18.708+0100] {dag.py:4180} INFO - Setting next_dagrun for example_skip_dag to 2025-04-04 00:00:00+00:00, run_after=2025-04-05 00:00:00+00:00
[2025-04-05T10:12:18.814+0100] {processor.py:208} INFO - Processing /home/Data_Professional/PycharmProjects/DE_Zoomcamp_Capstone_Project/.venv/lib/python3.10/site-packages/airflow/example_dags/example_skip_dag.py took 0.168 seconds
[2025-04-05T10:13:20.654+0100] {processor.py:186} INFO - Started process (PID=15110) to work on /home/Data_Professional/PycharmProjects/DE_Zoomcamp_Capstone_Project/.venv/lib/python3.10/site-packages/airflow/example_dags/example_skip_dag.py
[2025-04-05T10:13:20.656+0100] {processor.py:914} INFO - Processing file /home/Data_Professional/PycharmProjects/DE_Zoomcamp_Capstone_Project/.venv/lib/python3.10/site-packages/airflow/example_dags/example_skip_dag.py for tasks to queue
[2025-04-05T10:13:20.657+0100] {logging_mixin.py:190} INFO - [2025-04-05T10:13:20.657+0100] {dagbag.py:588} INFO - Filling up the DagBag from /home/Data_Professional/PycharmProjects/DE_Zoomcamp_Capstone_Project/.venv/lib/python3.10/site-packages/airflow/example_dags/example_skip_dag.py
[2025-04-05T10:13:20.665+0100] {processor.py:925} INFO - DAG(s) 'example_skip_dag' retrieved from /home/Data_Professional/PycharmProjects/DE_Zoomcamp_Capstone_Project/.venv/lib/python3.10/site-packages/airflow/example_dags/example_skip_dag.py
[2025-04-05T10:13:20.681+0100] {logging_mixin.py:190} INFO - [2025-04-05T10:13:20.680+0100] {dag.py:3239} INFO - Sync 1 DAGs
[2025-04-05T10:13:20.697+0100] {logging_mixin.py:190} INFO - [2025-04-05T10:13:20.696+0100] {dag.py:4180} INFO - Setting next_dagrun for example_skip_dag to 2025-04-04 00:00:00+00:00, run_after=2025-04-05 00:00:00+00:00
[2025-04-05T10:13:20.714+0100] {processor.py:208} INFO - Processing /home/Data_Professional/PycharmProjects/DE_Zoomcamp_Capstone_Project/.venv/lib/python3.10/site-packages/airflow/example_dags/example_skip_dag.py took 0.066 seconds
[2025-04-05T10:14:14.701+0100] {processor.py:186} INFO - Started process (PID=15194) to work on /home/Data_Professional/PycharmProjects/DE_Zoomcamp_Capstone_Project/.venv/lib/python3.10/site-packages/airflow/example_dags/example_skip_dag.py
[2025-04-05T10:14:14.704+0100] {processor.py:914} INFO - Processing file /home/Data_Professional/PycharmProjects/DE_Zoomcamp_Capstone_Project/.venv/lib/python3.10/site-packages/airflow/example_dags/example_skip_dag.py for tasks to queue
[2025-04-05T10:14:14.705+0100] {logging_mixin.py:190} INFO - [2025-04-05T10:14:14.704+0100] {dagbag.py:588} INFO - Filling up the DagBag from /home/Data_Professional/PycharmProjects/DE_Zoomcamp_Capstone_Project/.venv/lib/python3.10/site-packages/airflow/example_dags/example_skip_dag.py
[2025-04-05T10:14:14.713+0100] {processor.py:925} INFO - DAG(s) 'example_skip_dag' retrieved from /home/Data_Professional/PycharmProjects/DE_Zoomcamp_Capstone_Project/.venv/lib/python3.10/site-packages/airflow/example_dags/example_skip_dag.py
[2025-04-05T10:14:14.728+0100] {logging_mixin.py:190} INFO - [2025-04-05T10:14:14.727+0100] {dag.py:3239} INFO - Sync 1 DAGs
[2025-04-05T10:14:14.744+0100] {logging_mixin.py:190} INFO - [2025-04-05T10:14:14.744+0100] {dag.py:4180} INFO - Setting next_dagrun for example_skip_dag to 2025-04-04 00:00:00+00:00, run_after=2025-04-05 00:00:00+00:00
[2025-04-05T10:14:14.760+0100] {processor.py:208} INFO - Processing /home/Data_Professional/PycharmProjects/DE_Zoomcamp_Capstone_Project/.venv/lib/python3.10/site-packages/airflow/example_dags/example_skip_dag.py took 0.064 seconds
[2025-04-05T12:24:16.842+0100] {processor.py:186} INFO - Started process (PID=15545) to work on /home/Data_Professional/PycharmProjects/DE_Zoomcamp_Capstone_Project/.venv/lib/python3.10/site-packages/airflow/example_dags/example_skip_dag.py
[2025-04-05T12:24:16.845+0100] {processor.py:914} INFO - Processing file /home/Data_Professional/PycharmProjects/DE_Zoomcamp_Capstone_Project/.venv/lib/python3.10/site-packages/airflow/example_dags/example_skip_dag.py for tasks to queue
[2025-04-05T12:24:16.846+0100] {logging_mixin.py:190} INFO - [2025-04-05T12:24:16.846+0100] {dagbag.py:588} INFO - Filling up the DagBag from /home/Data_Professional/PycharmProjects/DE_Zoomcamp_Capstone_Project/.venv/lib/python3.10/site-packages/airflow/example_dags/example_skip_dag.py
[2025-04-05T12:24:16.854+0100] {processor.py:925} INFO - DAG(s) 'example_skip_dag' retrieved from /home/Data_Professional/PycharmProjects/DE_Zoomcamp_Capstone_Project/.venv/lib/python3.10/site-packages/airflow/example_dags/example_skip_dag.py
[2025-04-05T12:24:16.868+0100] {logging_mixin.py:190} INFO - [2025-04-05T12:24:16.868+0100] {dag.py:3239} INFO - Sync 1 DAGs
[2025-04-05T12:24:16.884+0100] {logging_mixin.py:190} INFO - [2025-04-05T12:24:16.884+0100] {dag.py:4180} INFO - Setting next_dagrun for example_skip_dag to 2025-04-04 00:00:00+00:00, run_after=2025-04-05 00:00:00+00:00
[2025-04-05T12:24:16.911+0100] {processor.py:208} INFO - Processing /home/Data_Professional/PycharmProjects/DE_Zoomcamp_Capstone_Project/.venv/lib/python3.10/site-packages/airflow/example_dags/example_skip_dag.py took 0.074 seconds
