[2025-04-05T09:55:55.231+0100] {processor.py:186} INFO - Started process (PID=12025) to work on /home/Data_Professional/PycharmProjects/DE_Zoomcamp_Capstone_Project/.venv/lib/python3.10/site-packages/airflow/example_dags/example_external_task_marker_dag.py
[2025-04-05T09:55:55.232+0100] {processor.py:914} INFO - Processing file /home/Data_Professional/PycharmProjects/DE_Zoomcamp_Capstone_Project/.venv/lib/python3.10/site-packages/airflow/example_dags/example_external_task_marker_dag.py for tasks to queue
[2025-04-05T09:55:55.235+0100] {logging_mixin.py:190} INFO - [2025-04-05T09:55:55.235+0100] {dagbag.py:588} INFO - Filling up the DagBag from /home/Data_Professional/PycharmProjects/DE_Zoomcamp_Capstone_Project/.venv/lib/python3.10/site-packages/airflow/example_dags/example_external_task_marker_dag.py
[2025-04-05T09:55:55.244+0100] {processor.py:925} INFO - DAG(s) 'example_external_task_marker_parent', 'example_external_task_marker_child' retrieved from /home/Data_Professional/PycharmProjects/DE_Zoomcamp_Capstone_Project/.venv/lib/python3.10/site-packages/airflow/example_dags/example_external_task_marker_dag.py
[2025-04-05T09:55:55.324+0100] {logging_mixin.py:190} INFO - [2025-04-05T09:55:55.324+0100] {override.py:1912} INFO - Created Permission View: can read on DAG:example_external_task_marker_parent
[2025-04-05T09:55:55.335+0100] {logging_mixin.py:190} INFO - [2025-04-05T09:55:55.334+0100] {override.py:1912} INFO - Created Permission View: can delete on DAG:example_external_task_marker_parent
[2025-04-05T09:55:55.353+0100] {logging_mixin.py:190} INFO - [2025-04-05T09:55:55.352+0100] {override.py:1912} INFO - Created Permission View: can edit on DAG:example_external_task_marker_parent
[2025-04-05T09:55:55.366+0100] {logging_mixin.py:190} INFO - [2025-04-05T09:55:55.366+0100] {override.py:1912} INFO - Created Permission View: can create on DAG Run:example_external_task_marker_parent
[2025-04-05T09:55:55.375+0100] {logging_mixin.py:190} INFO - [2025-04-05T09:55:55.375+0100] {override.py:1912} INFO - Created Permission View: can read on DAG Run:example_external_task_marker_parent
[2025-04-05T09:55:55.385+0100] {logging_mixin.py:190} INFO - [2025-04-05T09:55:55.384+0100] {override.py:1912} INFO - Created Permission View: can delete on DAG Run:example_external_task_marker_parent
[2025-04-05T09:55:55.394+0100] {logging_mixin.py:190} INFO - [2025-04-05T09:55:55.393+0100] {override.py:1912} INFO - Created Permission View: menu access on DAG Run:example_external_task_marker_parent
[2025-04-05T09:55:55.413+0100] {logging_mixin.py:190} INFO - [2025-04-05T09:55:55.413+0100] {override.py:1912} INFO - Created Permission View: can read on DAG:example_external_task_marker_child
[2025-04-05T09:55:55.421+0100] {logging_mixin.py:190} INFO - [2025-04-05T09:55:55.421+0100] {override.py:1912} INFO - Created Permission View: can delete on DAG:example_external_task_marker_child
[2025-04-05T09:55:55.429+0100] {logging_mixin.py:190} INFO - [2025-04-05T09:55:55.428+0100] {override.py:1912} INFO - Created Permission View: can edit on DAG:example_external_task_marker_child
[2025-04-05T09:55:55.439+0100] {logging_mixin.py:190} INFO - [2025-04-05T09:55:55.439+0100] {override.py:1912} INFO - Created Permission View: can create on DAG Run:example_external_task_marker_child
[2025-04-05T09:55:55.447+0100] {logging_mixin.py:190} INFO - [2025-04-05T09:55:55.446+0100] {override.py:1912} INFO - Created Permission View: can read on DAG Run:example_external_task_marker_child
[2025-04-05T09:55:55.453+0100] {logging_mixin.py:190} INFO - [2025-04-05T09:55:55.453+0100] {override.py:1912} INFO - Created Permission View: can delete on DAG Run:example_external_task_marker_child
[2025-04-05T09:55:55.459+0100] {logging_mixin.py:190} INFO - [2025-04-05T09:55:55.459+0100] {override.py:1912} INFO - Created Permission View: menu access on DAG Run:example_external_task_marker_child
[2025-04-05T09:55:55.460+0100] {logging_mixin.py:190} INFO - [2025-04-05T09:55:55.460+0100] {dag.py:3239} INFO - Sync 2 DAGs
[2025-04-05T09:55:55.469+0100] {logging_mixin.py:190} INFO - [2025-04-05T09:55:55.469+0100] {dag.py:3262} INFO - Creating ORM DAG for example_external_task_marker_child
[2025-04-05T09:55:55.469+0100] {logging_mixin.py:190} INFO - [2025-04-05T09:55:55.469+0100] {dag.py:3262} INFO - Creating ORM DAG for example_external_task_marker_parent
[2025-04-05T09:55:55.470+0100] {logging_mixin.py:190} INFO - [2025-04-05T09:55:55.470+0100] {dag.py:4180} INFO - Setting next_dagrun for example_external_task_marker_child to None, run_after=None
[2025-04-05T09:55:55.470+0100] {logging_mixin.py:190} INFO - [2025-04-05T09:55:55.470+0100] {dag.py:4180} INFO - Setting next_dagrun for example_external_task_marker_parent to None, run_after=None
[2025-04-05T09:55:55.485+0100] {processor.py:208} INFO - Processing /home/Data_Professional/PycharmProjects/DE_Zoomcamp_Capstone_Project/.venv/lib/python3.10/site-packages/airflow/example_dags/example_external_task_marker_dag.py took 0.266 seconds
[2025-04-05T09:56:57.239+0100] {processor.py:186} INFO - Started process (PID=12250) to work on /home/Data_Professional/PycharmProjects/DE_Zoomcamp_Capstone_Project/.venv/lib/python3.10/site-packages/airflow/example_dags/example_external_task_marker_dag.py
[2025-04-05T09:56:57.241+0100] {processor.py:914} INFO - Processing file /home/Data_Professional/PycharmProjects/DE_Zoomcamp_Capstone_Project/.venv/lib/python3.10/site-packages/airflow/example_dags/example_external_task_marker_dag.py for tasks to queue
[2025-04-05T09:56:57.246+0100] {logging_mixin.py:190} INFO - [2025-04-05T09:56:57.245+0100] {dagbag.py:588} INFO - Filling up the DagBag from /home/Data_Professional/PycharmProjects/DE_Zoomcamp_Capstone_Project/.venv/lib/python3.10/site-packages/airflow/example_dags/example_external_task_marker_dag.py
[2025-04-05T09:56:57.257+0100] {processor.py:925} INFO - DAG(s) 'example_external_task_marker_child', 'example_external_task_marker_parent' retrieved from /home/Data_Professional/PycharmProjects/DE_Zoomcamp_Capstone_Project/.venv/lib/python3.10/site-packages/airflow/example_dags/example_external_task_marker_dag.py
[2025-04-05T09:56:57.274+0100] {logging_mixin.py:190} INFO - [2025-04-05T09:56:57.273+0100] {dag.py:3239} INFO - Sync 2 DAGs
[2025-04-05T09:56:57.283+0100] {logging_mixin.py:190} INFO - [2025-04-05T09:56:57.283+0100] {dag.py:4180} INFO - Setting next_dagrun for example_external_task_marker_child to None, run_after=None
[2025-04-05T09:56:57.286+0100] {logging_mixin.py:190} INFO - [2025-04-05T09:56:57.286+0100] {dag.py:4180} INFO - Setting next_dagrun for example_external_task_marker_parent to None, run_after=None
[2025-04-05T09:56:57.301+0100] {processor.py:208} INFO - Processing /home/Data_Professional/PycharmProjects/DE_Zoomcamp_Capstone_Project/.venv/lib/python3.10/site-packages/airflow/example_dags/example_external_task_marker_dag.py took 0.078 seconds
[2025-04-05T09:57:52.498+0100] {processor.py:186} INFO - Started process (PID=12316) to work on /home/Data_Professional/PycharmProjects/DE_Zoomcamp_Capstone_Project/.venv/lib/python3.10/site-packages/airflow/example_dags/example_external_task_marker_dag.py
[2025-04-05T09:57:52.501+0100] {processor.py:914} INFO - Processing file /home/Data_Professional/PycharmProjects/DE_Zoomcamp_Capstone_Project/.venv/lib/python3.10/site-packages/airflow/example_dags/example_external_task_marker_dag.py for tasks to queue
[2025-04-05T09:57:52.506+0100] {logging_mixin.py:190} INFO - [2025-04-05T09:57:52.505+0100] {dagbag.py:588} INFO - Filling up the DagBag from /home/Data_Professional/PycharmProjects/DE_Zoomcamp_Capstone_Project/.venv/lib/python3.10/site-packages/airflow/example_dags/example_external_task_marker_dag.py
[2025-04-05T09:57:52.518+0100] {processor.py:925} INFO - DAG(s) 'example_external_task_marker_parent', 'example_external_task_marker_child' retrieved from /home/Data_Professional/PycharmProjects/DE_Zoomcamp_Capstone_Project/.venv/lib/python3.10/site-packages/airflow/example_dags/example_external_task_marker_dag.py
[2025-04-05T09:57:52.535+0100] {logging_mixin.py:190} INFO - [2025-04-05T09:57:52.534+0100] {dag.py:3239} INFO - Sync 2 DAGs
[2025-04-05T09:57:52.547+0100] {logging_mixin.py:190} INFO - [2025-04-05T09:57:52.547+0100] {dag.py:4180} INFO - Setting next_dagrun for example_external_task_marker_child to None, run_after=None
[2025-04-05T09:57:52.549+0100] {logging_mixin.py:190} INFO - [2025-04-05T09:57:52.549+0100] {dag.py:4180} INFO - Setting next_dagrun for example_external_task_marker_parent to None, run_after=None
[2025-04-05T09:57:52.574+0100] {processor.py:208} INFO - Processing /home/Data_Professional/PycharmProjects/DE_Zoomcamp_Capstone_Project/.venv/lib/python3.10/site-packages/airflow/example_dags/example_external_task_marker_dag.py took 0.087 seconds
[2025-04-05T09:58:50.004+0100] {processor.py:186} INFO - Started process (PID=12384) to work on /home/Data_Professional/PycharmProjects/DE_Zoomcamp_Capstone_Project/.venv/lib/python3.10/site-packages/airflow/example_dags/example_external_task_marker_dag.py
[2025-04-05T09:58:50.007+0100] {processor.py:914} INFO - Processing file /home/Data_Professional/PycharmProjects/DE_Zoomcamp_Capstone_Project/.venv/lib/python3.10/site-packages/airflow/example_dags/example_external_task_marker_dag.py for tasks to queue
[2025-04-05T09:58:50.013+0100] {logging_mixin.py:190} INFO - [2025-04-05T09:58:50.012+0100] {dagbag.py:588} INFO - Filling up the DagBag from /home/Data_Professional/PycharmProjects/DE_Zoomcamp_Capstone_Project/.venv/lib/python3.10/site-packages/airflow/example_dags/example_external_task_marker_dag.py
[2025-04-05T09:58:50.029+0100] {processor.py:925} INFO - DAG(s) 'example_external_task_marker_parent', 'example_external_task_marker_child' retrieved from /home/Data_Professional/PycharmProjects/DE_Zoomcamp_Capstone_Project/.venv/lib/python3.10/site-packages/airflow/example_dags/example_external_task_marker_dag.py
[2025-04-05T09:58:50.048+0100] {logging_mixin.py:190} INFO - [2025-04-05T09:58:50.047+0100] {dag.py:3239} INFO - Sync 2 DAGs
[2025-04-05T09:58:50.058+0100] {logging_mixin.py:190} INFO - [2025-04-05T09:58:50.057+0100] {dag.py:4180} INFO - Setting next_dagrun for example_external_task_marker_child to None, run_after=None
[2025-04-05T09:58:50.060+0100] {logging_mixin.py:190} INFO - [2025-04-05T09:58:50.060+0100] {dag.py:4180} INFO - Setting next_dagrun for example_external_task_marker_parent to None, run_after=None
[2025-04-05T09:58:50.084+0100] {processor.py:208} INFO - Processing /home/Data_Professional/PycharmProjects/DE_Zoomcamp_Capstone_Project/.venv/lib/python3.10/site-packages/airflow/example_dags/example_external_task_marker_dag.py took 0.092 seconds
[2025-04-05T09:59:46.965+0100] {processor.py:186} INFO - Started process (PID=12504) to work on /home/Data_Professional/PycharmProjects/DE_Zoomcamp_Capstone_Project/.venv/lib/python3.10/site-packages/airflow/example_dags/example_external_task_marker_dag.py
[2025-04-05T09:59:46.973+0100] {processor.py:914} INFO - Processing file /home/Data_Professional/PycharmProjects/DE_Zoomcamp_Capstone_Project/.venv/lib/python3.10/site-packages/airflow/example_dags/example_external_task_marker_dag.py for tasks to queue
[2025-04-05T09:59:46.976+0100] {logging_mixin.py:190} INFO - [2025-04-05T09:59:46.975+0100] {dagbag.py:588} INFO - Filling up the DagBag from /home/Data_Professional/PycharmProjects/DE_Zoomcamp_Capstone_Project/.venv/lib/python3.10/site-packages/airflow/example_dags/example_external_task_marker_dag.py
[2025-04-05T09:59:46.996+0100] {processor.py:925} INFO - DAG(s) 'example_external_task_marker_parent', 'example_external_task_marker_child' retrieved from /home/Data_Professional/PycharmProjects/DE_Zoomcamp_Capstone_Project/.venv/lib/python3.10/site-packages/airflow/example_dags/example_external_task_marker_dag.py
[2025-04-05T09:59:47.031+0100] {logging_mixin.py:190} INFO - [2025-04-05T09:59:47.031+0100] {dag.py:3239} INFO - Sync 2 DAGs
[2025-04-05T09:59:47.049+0100] {logging_mixin.py:190} INFO - [2025-04-05T09:59:47.048+0100] {dag.py:4180} INFO - Setting next_dagrun for example_external_task_marker_child to None, run_after=None
[2025-04-05T09:59:47.053+0100] {logging_mixin.py:190} INFO - [2025-04-05T09:59:47.053+0100] {dag.py:4180} INFO - Setting next_dagrun for example_external_task_marker_parent to None, run_after=None
[2025-04-05T09:59:47.079+0100] {processor.py:208} INFO - Processing /home/Data_Professional/PycharmProjects/DE_Zoomcamp_Capstone_Project/.venv/lib/python3.10/site-packages/airflow/example_dags/example_external_task_marker_dag.py took 0.123 seconds
[2025-04-05T10:00:46.163+0100] {processor.py:186} INFO - Started process (PID=12824) to work on /home/Data_Professional/PycharmProjects/DE_Zoomcamp_Capstone_Project/.venv/lib/python3.10/site-packages/airflow/example_dags/example_external_task_marker_dag.py
[2025-04-05T10:00:46.166+0100] {processor.py:914} INFO - Processing file /home/Data_Professional/PycharmProjects/DE_Zoomcamp_Capstone_Project/.venv/lib/python3.10/site-packages/airflow/example_dags/example_external_task_marker_dag.py for tasks to queue
[2025-04-05T10:00:46.169+0100] {logging_mixin.py:190} INFO - [2025-04-05T10:00:46.169+0100] {dagbag.py:588} INFO - Filling up the DagBag from /home/Data_Professional/PycharmProjects/DE_Zoomcamp_Capstone_Project/.venv/lib/python3.10/site-packages/airflow/example_dags/example_external_task_marker_dag.py
[2025-04-05T10:00:46.178+0100] {processor.py:925} INFO - DAG(s) 'example_external_task_marker_child', 'example_external_task_marker_parent' retrieved from /home/Data_Professional/PycharmProjects/DE_Zoomcamp_Capstone_Project/.venv/lib/python3.10/site-packages/airflow/example_dags/example_external_task_marker_dag.py
[2025-04-05T10:00:46.191+0100] {logging_mixin.py:190} INFO - [2025-04-05T10:00:46.191+0100] {dag.py:3239} INFO - Sync 2 DAGs
[2025-04-05T10:00:46.202+0100] {logging_mixin.py:190} INFO - [2025-04-05T10:00:46.201+0100] {dag.py:4180} INFO - Setting next_dagrun for example_external_task_marker_child to None, run_after=None
[2025-04-05T10:00:46.204+0100] {logging_mixin.py:190} INFO - [2025-04-05T10:00:46.204+0100] {dag.py:4180} INFO - Setting next_dagrun for example_external_task_marker_parent to None, run_after=None
[2025-04-05T10:00:46.219+0100] {processor.py:208} INFO - Processing /home/Data_Professional/PycharmProjects/DE_Zoomcamp_Capstone_Project/.venv/lib/python3.10/site-packages/airflow/example_dags/example_external_task_marker_dag.py took 0.068 seconds
[2025-04-05T10:01:43.319+0100] {processor.py:186} INFO - Started process (PID=12917) to work on /home/Data_Professional/PycharmProjects/DE_Zoomcamp_Capstone_Project/.venv/lib/python3.10/site-packages/airflow/example_dags/example_external_task_marker_dag.py
[2025-04-05T10:01:43.322+0100] {processor.py:914} INFO - Processing file /home/Data_Professional/PycharmProjects/DE_Zoomcamp_Capstone_Project/.venv/lib/python3.10/site-packages/airflow/example_dags/example_external_task_marker_dag.py for tasks to queue
[2025-04-05T10:01:43.326+0100] {logging_mixin.py:190} INFO - [2025-04-05T10:01:43.325+0100] {dagbag.py:588} INFO - Filling up the DagBag from /home/Data_Professional/PycharmProjects/DE_Zoomcamp_Capstone_Project/.venv/lib/python3.10/site-packages/airflow/example_dags/example_external_task_marker_dag.py
[2025-04-05T10:01:43.340+0100] {processor.py:925} INFO - DAG(s) 'example_external_task_marker_child', 'example_external_task_marker_parent' retrieved from /home/Data_Professional/PycharmProjects/DE_Zoomcamp_Capstone_Project/.venv/lib/python3.10/site-packages/airflow/example_dags/example_external_task_marker_dag.py
[2025-04-05T10:01:43.358+0100] {logging_mixin.py:190} INFO - [2025-04-05T10:01:43.358+0100] {dag.py:3239} INFO - Sync 2 DAGs
[2025-04-05T10:01:43.368+0100] {logging_mixin.py:190} INFO - [2025-04-05T10:01:43.368+0100] {dag.py:4180} INFO - Setting next_dagrun for example_external_task_marker_child to None, run_after=None
[2025-04-05T10:01:43.371+0100] {logging_mixin.py:190} INFO - [2025-04-05T10:01:43.371+0100] {dag.py:4180} INFO - Setting next_dagrun for example_external_task_marker_parent to None, run_after=None
[2025-04-05T10:01:43.386+0100] {processor.py:208} INFO - Processing /home/Data_Professional/PycharmProjects/DE_Zoomcamp_Capstone_Project/.venv/lib/python3.10/site-packages/airflow/example_dags/example_external_task_marker_dag.py took 0.079 seconds
[2025-04-05T10:02:40.767+0100] {processor.py:186} INFO - Started process (PID=13060) to work on /home/Data_Professional/PycharmProjects/DE_Zoomcamp_Capstone_Project/.venv/lib/python3.10/site-packages/airflow/example_dags/example_external_task_marker_dag.py
[2025-04-05T10:02:40.771+0100] {processor.py:914} INFO - Processing file /home/Data_Professional/PycharmProjects/DE_Zoomcamp_Capstone_Project/.venv/lib/python3.10/site-packages/airflow/example_dags/example_external_task_marker_dag.py for tasks to queue
[2025-04-05T10:02:40.774+0100] {logging_mixin.py:190} INFO - [2025-04-05T10:02:40.773+0100] {dagbag.py:588} INFO - Filling up the DagBag from /home/Data_Professional/PycharmProjects/DE_Zoomcamp_Capstone_Project/.venv/lib/python3.10/site-packages/airflow/example_dags/example_external_task_marker_dag.py
[2025-04-05T10:02:40.785+0100] {processor.py:925} INFO - DAG(s) 'example_external_task_marker_parent', 'example_external_task_marker_child' retrieved from /home/Data_Professional/PycharmProjects/DE_Zoomcamp_Capstone_Project/.venv/lib/python3.10/site-packages/airflow/example_dags/example_external_task_marker_dag.py
[2025-04-05T10:02:40.801+0100] {logging_mixin.py:190} INFO - [2025-04-05T10:02:40.801+0100] {dag.py:3239} INFO - Sync 2 DAGs
[2025-04-05T10:02:40.813+0100] {logging_mixin.py:190} INFO - [2025-04-05T10:02:40.813+0100] {dag.py:4180} INFO - Setting next_dagrun for example_external_task_marker_child to None, run_after=None
[2025-04-05T10:02:40.816+0100] {logging_mixin.py:190} INFO - [2025-04-05T10:02:40.815+0100] {dag.py:4180} INFO - Setting next_dagrun for example_external_task_marker_parent to None, run_after=None
[2025-04-05T10:02:40.830+0100] {processor.py:208} INFO - Processing /home/Data_Professional/PycharmProjects/DE_Zoomcamp_Capstone_Project/.venv/lib/python3.10/site-packages/airflow/example_dags/example_external_task_marker_dag.py took 0.082 seconds
[2025-04-05T10:03:37.432+0100] {processor.py:186} INFO - Started process (PID=13145) to work on /home/Data_Professional/PycharmProjects/DE_Zoomcamp_Capstone_Project/.venv/lib/python3.10/site-packages/airflow/example_dags/example_external_task_marker_dag.py
[2025-04-05T10:03:37.434+0100] {processor.py:914} INFO - Processing file /home/Data_Professional/PycharmProjects/DE_Zoomcamp_Capstone_Project/.venv/lib/python3.10/site-packages/airflow/example_dags/example_external_task_marker_dag.py for tasks to queue
[2025-04-05T10:03:37.436+0100] {logging_mixin.py:190} INFO - [2025-04-05T10:03:37.436+0100] {dagbag.py:588} INFO - Filling up the DagBag from /home/Data_Professional/PycharmProjects/DE_Zoomcamp_Capstone_Project/.venv/lib/python3.10/site-packages/airflow/example_dags/example_external_task_marker_dag.py
[2025-04-05T10:03:37.443+0100] {processor.py:925} INFO - DAG(s) 'example_external_task_marker_child', 'example_external_task_marker_parent' retrieved from /home/Data_Professional/PycharmProjects/DE_Zoomcamp_Capstone_Project/.venv/lib/python3.10/site-packages/airflow/example_dags/example_external_task_marker_dag.py
[2025-04-05T10:03:37.458+0100] {logging_mixin.py:190} INFO - [2025-04-05T10:03:37.458+0100] {dag.py:3239} INFO - Sync 2 DAGs
[2025-04-05T10:03:37.468+0100] {logging_mixin.py:190} INFO - [2025-04-05T10:03:37.467+0100] {dag.py:4180} INFO - Setting next_dagrun for example_external_task_marker_child to None, run_after=None
[2025-04-05T10:03:37.470+0100] {logging_mixin.py:190} INFO - [2025-04-05T10:03:37.470+0100] {dag.py:4180} INFO - Setting next_dagrun for example_external_task_marker_parent to None, run_after=None
[2025-04-05T10:03:37.485+0100] {processor.py:208} INFO - Processing /home/Data_Professional/PycharmProjects/DE_Zoomcamp_Capstone_Project/.venv/lib/python3.10/site-packages/airflow/example_dags/example_external_task_marker_dag.py took 0.059 seconds
[2025-04-05T10:04:39.554+0100] {processor.py:186} INFO - Started process (PID=13279) to work on /home/Data_Professional/PycharmProjects/DE_Zoomcamp_Capstone_Project/.venv/lib/python3.10/site-packages/airflow/example_dags/example_external_task_marker_dag.py
[2025-04-05T10:04:39.556+0100] {processor.py:914} INFO - Processing file /home/Data_Professional/PycharmProjects/DE_Zoomcamp_Capstone_Project/.venv/lib/python3.10/site-packages/airflow/example_dags/example_external_task_marker_dag.py for tasks to queue
[2025-04-05T10:04:39.558+0100] {logging_mixin.py:190} INFO - [2025-04-05T10:04:39.558+0100] {dagbag.py:588} INFO - Filling up the DagBag from /home/Data_Professional/PycharmProjects/DE_Zoomcamp_Capstone_Project/.venv/lib/python3.10/site-packages/airflow/example_dags/example_external_task_marker_dag.py
[2025-04-05T10:04:39.566+0100] {processor.py:925} INFO - DAG(s) 'example_external_task_marker_parent', 'example_external_task_marker_child' retrieved from /home/Data_Professional/PycharmProjects/DE_Zoomcamp_Capstone_Project/.venv/lib/python3.10/site-packages/airflow/example_dags/example_external_task_marker_dag.py
[2025-04-05T10:04:39.581+0100] {logging_mixin.py:190} INFO - [2025-04-05T10:04:39.581+0100] {dag.py:3239} INFO - Sync 2 DAGs
[2025-04-05T10:04:39.592+0100] {logging_mixin.py:190} INFO - [2025-04-05T10:04:39.592+0100] {dag.py:4180} INFO - Setting next_dagrun for example_external_task_marker_child to None, run_after=None
[2025-04-05T10:04:39.595+0100] {logging_mixin.py:190} INFO - [2025-04-05T10:04:39.595+0100] {dag.py:4180} INFO - Setting next_dagrun for example_external_task_marker_parent to None, run_after=None
[2025-04-05T10:04:39.614+0100] {processor.py:208} INFO - Processing /home/Data_Professional/PycharmProjects/DE_Zoomcamp_Capstone_Project/.venv/lib/python3.10/site-packages/airflow/example_dags/example_external_task_marker_dag.py took 0.067 seconds
[2025-04-05T10:05:37.906+0100] {processor.py:186} INFO - Started process (PID=13591) to work on /home/Data_Professional/PycharmProjects/DE_Zoomcamp_Capstone_Project/.venv/lib/python3.10/site-packages/airflow/example_dags/example_external_task_marker_dag.py
[2025-04-05T10:05:37.907+0100] {processor.py:914} INFO - Processing file /home/Data_Professional/PycharmProjects/DE_Zoomcamp_Capstone_Project/.venv/lib/python3.10/site-packages/airflow/example_dags/example_external_task_marker_dag.py for tasks to queue
[2025-04-05T10:05:37.909+0100] {logging_mixin.py:190} INFO - [2025-04-05T10:05:37.909+0100] {dagbag.py:588} INFO - Filling up the DagBag from /home/Data_Professional/PycharmProjects/DE_Zoomcamp_Capstone_Project/.venv/lib/python3.10/site-packages/airflow/example_dags/example_external_task_marker_dag.py
[2025-04-05T10:05:37.923+0100] {processor.py:925} INFO - DAG(s) 'example_external_task_marker_parent', 'example_external_task_marker_child' retrieved from /home/Data_Professional/PycharmProjects/DE_Zoomcamp_Capstone_Project/.venv/lib/python3.10/site-packages/airflow/example_dags/example_external_task_marker_dag.py
[2025-04-05T10:05:37.941+0100] {logging_mixin.py:190} INFO - [2025-04-05T10:05:37.941+0100] {dag.py:3239} INFO - Sync 2 DAGs
[2025-04-05T10:05:37.954+0100] {logging_mixin.py:190} INFO - [2025-04-05T10:05:37.953+0100] {dag.py:4180} INFO - Setting next_dagrun for example_external_task_marker_child to None, run_after=None
[2025-04-05T10:05:37.956+0100] {logging_mixin.py:190} INFO - [2025-04-05T10:05:37.956+0100] {dag.py:4180} INFO - Setting next_dagrun for example_external_task_marker_parent to None, run_after=None
[2025-04-05T10:05:37.972+0100] {processor.py:208} INFO - Processing /home/Data_Professional/PycharmProjects/DE_Zoomcamp_Capstone_Project/.venv/lib/python3.10/site-packages/airflow/example_dags/example_external_task_marker_dag.py took 0.078 seconds
[2025-04-05T10:06:39.713+0100] {processor.py:186} INFO - Started process (PID=13789) to work on /home/Data_Professional/PycharmProjects/DE_Zoomcamp_Capstone_Project/.venv/lib/python3.10/site-packages/airflow/example_dags/example_external_task_marker_dag.py
[2025-04-05T10:06:39.715+0100] {processor.py:914} INFO - Processing file /home/Data_Professional/PycharmProjects/DE_Zoomcamp_Capstone_Project/.venv/lib/python3.10/site-packages/airflow/example_dags/example_external_task_marker_dag.py for tasks to queue
[2025-04-05T10:06:39.717+0100] {logging_mixin.py:190} INFO - [2025-04-05T10:06:39.716+0100] {dagbag.py:588} INFO - Filling up the DagBag from /home/Data_Professional/PycharmProjects/DE_Zoomcamp_Capstone_Project/.venv/lib/python3.10/site-packages/airflow/example_dags/example_external_task_marker_dag.py
[2025-04-05T10:06:39.729+0100] {processor.py:925} INFO - DAG(s) 'example_external_task_marker_parent', 'example_external_task_marker_child' retrieved from /home/Data_Professional/PycharmProjects/DE_Zoomcamp_Capstone_Project/.venv/lib/python3.10/site-packages/airflow/example_dags/example_external_task_marker_dag.py
[2025-04-05T10:06:39.746+0100] {logging_mixin.py:190} INFO - [2025-04-05T10:06:39.745+0100] {dag.py:3239} INFO - Sync 2 DAGs
[2025-04-05T10:06:39.756+0100] {logging_mixin.py:190} INFO - [2025-04-05T10:06:39.756+0100] {dag.py:4180} INFO - Setting next_dagrun for example_external_task_marker_child to None, run_after=None
[2025-04-05T10:06:39.758+0100] {logging_mixin.py:190} INFO - [2025-04-05T10:06:39.758+0100] {dag.py:4180} INFO - Setting next_dagrun for example_external_task_marker_parent to None, run_after=None
[2025-04-05T10:06:39.775+0100] {processor.py:208} INFO - Processing /home/Data_Professional/PycharmProjects/DE_Zoomcamp_Capstone_Project/.venv/lib/python3.10/site-packages/airflow/example_dags/example_external_task_marker_dag.py took 0.072 seconds
[2025-04-05T10:07:41.354+0100] {processor.py:186} INFO - Started process (PID=13928) to work on /home/Data_Professional/PycharmProjects/DE_Zoomcamp_Capstone_Project/.venv/lib/python3.10/site-packages/airflow/example_dags/example_external_task_marker_dag.py
[2025-04-05T10:07:41.355+0100] {processor.py:914} INFO - Processing file /home/Data_Professional/PycharmProjects/DE_Zoomcamp_Capstone_Project/.venv/lib/python3.10/site-packages/airflow/example_dags/example_external_task_marker_dag.py for tasks to queue
[2025-04-05T10:07:41.357+0100] {logging_mixin.py:190} INFO - [2025-04-05T10:07:41.356+0100] {dagbag.py:588} INFO - Filling up the DagBag from /home/Data_Professional/PycharmProjects/DE_Zoomcamp_Capstone_Project/.venv/lib/python3.10/site-packages/airflow/example_dags/example_external_task_marker_dag.py
[2025-04-05T10:07:41.367+0100] {processor.py:925} INFO - DAG(s) 'example_external_task_marker_child', 'example_external_task_marker_parent' retrieved from /home/Data_Professional/PycharmProjects/DE_Zoomcamp_Capstone_Project/.venv/lib/python3.10/site-packages/airflow/example_dags/example_external_task_marker_dag.py
[2025-04-05T10:07:41.383+0100] {logging_mixin.py:190} INFO - [2025-04-05T10:07:41.382+0100] {dag.py:3239} INFO - Sync 2 DAGs
[2025-04-05T10:07:41.395+0100] {logging_mixin.py:190} INFO - [2025-04-05T10:07:41.395+0100] {dag.py:4180} INFO - Setting next_dagrun for example_external_task_marker_child to None, run_after=None
[2025-04-05T10:07:41.399+0100] {logging_mixin.py:190} INFO - [2025-04-05T10:07:41.399+0100] {dag.py:4180} INFO - Setting next_dagrun for example_external_task_marker_parent to None, run_after=None
[2025-04-05T10:07:41.416+0100] {processor.py:208} INFO - Processing /home/Data_Professional/PycharmProjects/DE_Zoomcamp_Capstone_Project/.venv/lib/python3.10/site-packages/airflow/example_dags/example_external_task_marker_dag.py took 0.070 seconds
[2025-04-05T10:08:50.570+0100] {processor.py:186} INFO - Started process (PID=14259) to work on /home/Data_Professional/PycharmProjects/DE_Zoomcamp_Capstone_Project/.venv/lib/python3.10/site-packages/airflow/example_dags/example_external_task_marker_dag.py
[2025-04-05T10:08:50.574+0100] {processor.py:914} INFO - Processing file /home/Data_Professional/PycharmProjects/DE_Zoomcamp_Capstone_Project/.venv/lib/python3.10/site-packages/airflow/example_dags/example_external_task_marker_dag.py for tasks to queue
[2025-04-05T10:08:50.576+0100] {logging_mixin.py:190} INFO - [2025-04-05T10:08:50.576+0100] {dagbag.py:588} INFO - Filling up the DagBag from /home/Data_Professional/PycharmProjects/DE_Zoomcamp_Capstone_Project/.venv/lib/python3.10/site-packages/airflow/example_dags/example_external_task_marker_dag.py
[2025-04-05T10:08:50.590+0100] {processor.py:925} INFO - DAG(s) 'example_external_task_marker_parent', 'example_external_task_marker_child' retrieved from /home/Data_Professional/PycharmProjects/DE_Zoomcamp_Capstone_Project/.venv/lib/python3.10/site-packages/airflow/example_dags/example_external_task_marker_dag.py
[2025-04-05T10:08:50.608+0100] {logging_mixin.py:190} INFO - [2025-04-05T10:08:50.608+0100] {dag.py:3239} INFO - Sync 2 DAGs
[2025-04-05T10:08:50.621+0100] {logging_mixin.py:190} INFO - [2025-04-05T10:08:50.620+0100] {dag.py:4180} INFO - Setting next_dagrun for example_external_task_marker_child to None, run_after=None
[2025-04-05T10:08:50.624+0100] {logging_mixin.py:190} INFO - [2025-04-05T10:08:50.624+0100] {dag.py:4180} INFO - Setting next_dagrun for example_external_task_marker_parent to None, run_after=None
[2025-04-05T10:08:50.640+0100] {processor.py:208} INFO - Processing /home/Data_Professional/PycharmProjects/DE_Zoomcamp_Capstone_Project/.venv/lib/python3.10/site-packages/airflow/example_dags/example_external_task_marker_dag.py took 0.082 seconds
[2025-04-05T10:09:59.064+0100] {processor.py:186} INFO - Started process (PID=14411) to work on /home/Data_Professional/PycharmProjects/DE_Zoomcamp_Capstone_Project/.venv/lib/python3.10/site-packages/airflow/example_dags/example_external_task_marker_dag.py
[2025-04-05T10:09:59.065+0100] {processor.py:914} INFO - Processing file /home/Data_Professional/PycharmProjects/DE_Zoomcamp_Capstone_Project/.venv/lib/python3.10/site-packages/airflow/example_dags/example_external_task_marker_dag.py for tasks to queue
[2025-04-05T10:09:59.066+0100] {logging_mixin.py:190} INFO - [2025-04-05T10:09:59.065+0100] {dagbag.py:588} INFO - Filling up the DagBag from /home/Data_Professional/PycharmProjects/DE_Zoomcamp_Capstone_Project/.venv/lib/python3.10/site-packages/airflow/example_dags/example_external_task_marker_dag.py
[2025-04-05T10:09:59.073+0100] {processor.py:925} INFO - DAG(s) 'example_external_task_marker_parent', 'example_external_task_marker_child' retrieved from /home/Data_Professional/PycharmProjects/DE_Zoomcamp_Capstone_Project/.venv/lib/python3.10/site-packages/airflow/example_dags/example_external_task_marker_dag.py
[2025-04-05T10:09:59.089+0100] {logging_mixin.py:190} INFO - [2025-04-05T10:09:59.089+0100] {dag.py:3239} INFO - Sync 2 DAGs
[2025-04-05T10:09:59.101+0100] {logging_mixin.py:190} INFO - [2025-04-05T10:09:59.101+0100] {dag.py:4180} INFO - Setting next_dagrun for example_external_task_marker_child to None, run_after=None
[2025-04-05T10:09:59.105+0100] {logging_mixin.py:190} INFO - [2025-04-05T10:09:59.104+0100] {dag.py:4180} INFO - Setting next_dagrun for example_external_task_marker_parent to None, run_after=None
[2025-04-05T10:09:59.129+0100] {processor.py:208} INFO - Processing /home/Data_Professional/PycharmProjects/DE_Zoomcamp_Capstone_Project/.venv/lib/python3.10/site-packages/airflow/example_dags/example_external_task_marker_dag.py took 0.070 seconds
[2025-04-05T10:10:58.201+0100] {processor.py:186} INFO - Started process (PID=14574) to work on /home/Data_Professional/PycharmProjects/DE_Zoomcamp_Capstone_Project/.venv/lib/python3.10/site-packages/airflow/example_dags/example_external_task_marker_dag.py
[2025-04-05T10:10:58.203+0100] {processor.py:914} INFO - Processing file /home/Data_Professional/PycharmProjects/DE_Zoomcamp_Capstone_Project/.venv/lib/python3.10/site-packages/airflow/example_dags/example_external_task_marker_dag.py for tasks to queue
[2025-04-05T10:10:58.205+0100] {logging_mixin.py:190} INFO - [2025-04-05T10:10:58.204+0100] {dagbag.py:588} INFO - Filling up the DagBag from /home/Data_Professional/PycharmProjects/DE_Zoomcamp_Capstone_Project/.venv/lib/python3.10/site-packages/airflow/example_dags/example_external_task_marker_dag.py
[2025-04-05T10:10:58.219+0100] {processor.py:925} INFO - DAG(s) 'example_external_task_marker_child', 'example_external_task_marker_parent' retrieved from /home/Data_Professional/PycharmProjects/DE_Zoomcamp_Capstone_Project/.venv/lib/python3.10/site-packages/airflow/example_dags/example_external_task_marker_dag.py
[2025-04-05T10:10:58.259+0100] {logging_mixin.py:190} INFO - [2025-04-05T10:10:58.259+0100] {dag.py:3239} INFO - Sync 2 DAGs
[2025-04-05T10:10:58.285+0100] {logging_mixin.py:190} INFO - [2025-04-05T10:10:58.284+0100] {dag.py:4180} INFO - Setting next_dagrun for example_external_task_marker_child to None, run_after=None
[2025-04-05T10:10:58.293+0100] {logging_mixin.py:190} INFO - [2025-04-05T10:10:58.293+0100] {dag.py:4180} INFO - Setting next_dagrun for example_external_task_marker_parent to None, run_after=None
[2025-04-05T10:10:58.334+0100] {processor.py:208} INFO - Processing /home/Data_Professional/PycharmProjects/DE_Zoomcamp_Capstone_Project/.venv/lib/python3.10/site-packages/airflow/example_dags/example_external_task_marker_dag.py took 0.141 seconds
[2025-04-05T10:12:01.771+0100] {processor.py:186} INFO - Started process (PID=14941) to work on /home/Data_Professional/PycharmProjects/DE_Zoomcamp_Capstone_Project/.venv/lib/python3.10/site-packages/airflow/example_dags/example_external_task_marker_dag.py
[2025-04-05T10:12:01.772+0100] {processor.py:914} INFO - Processing file /home/Data_Professional/PycharmProjects/DE_Zoomcamp_Capstone_Project/.venv/lib/python3.10/site-packages/airflow/example_dags/example_external_task_marker_dag.py for tasks to queue
[2025-04-05T10:12:01.773+0100] {logging_mixin.py:190} INFO - [2025-04-05T10:12:01.773+0100] {dagbag.py:588} INFO - Filling up the DagBag from /home/Data_Professional/PycharmProjects/DE_Zoomcamp_Capstone_Project/.venv/lib/python3.10/site-packages/airflow/example_dags/example_external_task_marker_dag.py
[2025-04-05T10:12:01.782+0100] {processor.py:925} INFO - DAG(s) 'example_external_task_marker_child', 'example_external_task_marker_parent' retrieved from /home/Data_Professional/PycharmProjects/DE_Zoomcamp_Capstone_Project/.venv/lib/python3.10/site-packages/airflow/example_dags/example_external_task_marker_dag.py
[2025-04-05T10:12:01.797+0100] {logging_mixin.py:190} INFO - [2025-04-05T10:12:01.797+0100] {dag.py:3239} INFO - Sync 2 DAGs
[2025-04-05T10:12:01.808+0100] {logging_mixin.py:190} INFO - [2025-04-05T10:12:01.808+0100] {dag.py:4180} INFO - Setting next_dagrun for example_external_task_marker_child to None, run_after=None
[2025-04-05T10:12:01.811+0100] {logging_mixin.py:190} INFO - [2025-04-05T10:12:01.811+0100] {dag.py:4180} INFO - Setting next_dagrun for example_external_task_marker_parent to None, run_after=None
[2025-04-05T10:12:01.826+0100] {processor.py:208} INFO - Processing /home/Data_Professional/PycharmProjects/DE_Zoomcamp_Capstone_Project/.venv/lib/python3.10/site-packages/airflow/example_dags/example_external_task_marker_dag.py took 0.064 seconds
[2025-04-05T10:13:07.829+0100] {processor.py:186} INFO - Started process (PID=15091) to work on /home/Data_Professional/PycharmProjects/DE_Zoomcamp_Capstone_Project/.venv/lib/python3.10/site-packages/airflow/example_dags/example_external_task_marker_dag.py
[2025-04-05T10:13:07.830+0100] {processor.py:914} INFO - Processing file /home/Data_Professional/PycharmProjects/DE_Zoomcamp_Capstone_Project/.venv/lib/python3.10/site-packages/airflow/example_dags/example_external_task_marker_dag.py for tasks to queue
[2025-04-05T10:13:07.831+0100] {logging_mixin.py:190} INFO - [2025-04-05T10:13:07.831+0100] {dagbag.py:588} INFO - Filling up the DagBag from /home/Data_Professional/PycharmProjects/DE_Zoomcamp_Capstone_Project/.venv/lib/python3.10/site-packages/airflow/example_dags/example_external_task_marker_dag.py
[2025-04-05T10:13:07.840+0100] {processor.py:925} INFO - DAG(s) 'example_external_task_marker_parent', 'example_external_task_marker_child' retrieved from /home/Data_Professional/PycharmProjects/DE_Zoomcamp_Capstone_Project/.venv/lib/python3.10/site-packages/airflow/example_dags/example_external_task_marker_dag.py
[2025-04-05T10:13:07.866+0100] {logging_mixin.py:190} INFO - [2025-04-05T10:13:07.866+0100] {dag.py:3239} INFO - Sync 2 DAGs
[2025-04-05T10:13:07.885+0100] {logging_mixin.py:190} INFO - [2025-04-05T10:13:07.885+0100] {dag.py:4180} INFO - Setting next_dagrun for example_external_task_marker_child to None, run_after=None
[2025-04-05T10:13:07.890+0100] {logging_mixin.py:190} INFO - [2025-04-05T10:13:07.889+0100] {dag.py:4180} INFO - Setting next_dagrun for example_external_task_marker_parent to None, run_after=None
[2025-04-05T10:13:07.919+0100] {processor.py:208} INFO - Processing /home/Data_Professional/PycharmProjects/DE_Zoomcamp_Capstone_Project/.venv/lib/python3.10/site-packages/airflow/example_dags/example_external_task_marker_dag.py took 0.096 seconds
[2025-04-05T10:14:04.508+0100] {processor.py:186} INFO - Started process (PID=15166) to work on /home/Data_Professional/PycharmProjects/DE_Zoomcamp_Capstone_Project/.venv/lib/python3.10/site-packages/airflow/example_dags/example_external_task_marker_dag.py
[2025-04-05T10:14:04.511+0100] {processor.py:914} INFO - Processing file /home/Data_Professional/PycharmProjects/DE_Zoomcamp_Capstone_Project/.venv/lib/python3.10/site-packages/airflow/example_dags/example_external_task_marker_dag.py for tasks to queue
[2025-04-05T10:14:04.512+0100] {logging_mixin.py:190} INFO - [2025-04-05T10:14:04.511+0100] {dagbag.py:588} INFO - Filling up the DagBag from /home/Data_Professional/PycharmProjects/DE_Zoomcamp_Capstone_Project/.venv/lib/python3.10/site-packages/airflow/example_dags/example_external_task_marker_dag.py
[2025-04-05T10:14:04.519+0100] {processor.py:925} INFO - DAG(s) 'example_external_task_marker_parent', 'example_external_task_marker_child' retrieved from /home/Data_Professional/PycharmProjects/DE_Zoomcamp_Capstone_Project/.venv/lib/python3.10/site-packages/airflow/example_dags/example_external_task_marker_dag.py
[2025-04-05T10:14:04.548+0100] {logging_mixin.py:190} INFO - [2025-04-05T10:14:04.548+0100] {dag.py:3239} INFO - Sync 2 DAGs
[2025-04-05T10:14:04.562+0100] {logging_mixin.py:190} INFO - [2025-04-05T10:14:04.562+0100] {dag.py:4180} INFO - Setting next_dagrun for example_external_task_marker_child to None, run_after=None
[2025-04-05T10:14:04.565+0100] {logging_mixin.py:190} INFO - [2025-04-05T10:14:04.564+0100] {dag.py:4180} INFO - Setting next_dagrun for example_external_task_marker_parent to None, run_after=None
[2025-04-05T10:14:04.580+0100] {processor.py:208} INFO - Processing /home/Data_Professional/PycharmProjects/DE_Zoomcamp_Capstone_Project/.venv/lib/python3.10/site-packages/airflow/example_dags/example_external_task_marker_dag.py took 0.077 seconds
