[2025-04-05T09:55:49.899+0100] {processor.py:186} INFO - Started process (PID=11986) to work on /home/Data_Professional/PycharmProjects/DE_Zoomcamp_Capstone_Project/.venv/lib/python3.10/site-packages/airflow/example_dags/example_dataset_alias.py
[2025-04-05T09:55:49.901+0100] {processor.py:914} INFO - Processing file /home/Data_Professional/PycharmProjects/DE_Zoomcamp_Capstone_Project/.venv/lib/python3.10/site-packages/airflow/example_dags/example_dataset_alias.py for tasks to queue
[2025-04-05T09:55:49.908+0100] {logging_mixin.py:190} INFO - [2025-04-05T09:55:49.906+0100] {dagbag.py:588} INFO - Filling up the DagBag from /home/Data_Professional/PycharmProjects/DE_Zoomcamp_Capstone_Project/.venv/lib/python3.10/site-packages/airflow/example_dags/example_dataset_alias.py
[2025-04-05T09:55:49.939+0100] {processor.py:925} INFO - DAG(s) 'dataset_alias_example_alias_producer', 'dataset_s3_bucket_producer', 'dataset_s3_bucket_consumer', 'dataset_alias_example_alias_consumer' retrieved from /home/Data_Professional/PycharmProjects/DE_Zoomcamp_Capstone_Project/.venv/lib/python3.10/site-packages/airflow/example_dags/example_dataset_alias.py
[2025-04-05T09:55:50.027+0100] {logging_mixin.py:190} INFO - [2025-04-05T09:55:50.027+0100] {override.py:1912} INFO - Created Permission View: can read on DAG:dataset_alias_example_alias_producer
[2025-04-05T09:55:50.039+0100] {logging_mixin.py:190} INFO - [2025-04-05T09:55:50.038+0100] {override.py:1912} INFO - Created Permission View: can delete on DAG:dataset_alias_example_alias_producer
[2025-04-05T09:55:50.046+0100] {logging_mixin.py:190} INFO - [2025-04-05T09:55:50.046+0100] {override.py:1912} INFO - Created Permission View: can edit on DAG:dataset_alias_example_alias_producer
[2025-04-05T09:55:50.057+0100] {logging_mixin.py:190} INFO - [2025-04-05T09:55:50.057+0100] {override.py:1912} INFO - Created Permission View: can create on DAG Run:dataset_alias_example_alias_producer
[2025-04-05T09:55:50.064+0100] {logging_mixin.py:190} INFO - [2025-04-05T09:55:50.064+0100] {override.py:1912} INFO - Created Permission View: can read on DAG Run:dataset_alias_example_alias_producer
[2025-04-05T09:55:50.073+0100] {logging_mixin.py:190} INFO - [2025-04-05T09:55:50.072+0100] {override.py:1912} INFO - Created Permission View: can delete on DAG Run:dataset_alias_example_alias_producer
[2025-04-05T09:55:50.081+0100] {logging_mixin.py:190} INFO - [2025-04-05T09:55:50.080+0100] {override.py:1912} INFO - Created Permission View: menu access on DAG Run:dataset_alias_example_alias_producer
[2025-04-05T09:55:50.096+0100] {logging_mixin.py:190} INFO - [2025-04-05T09:55:50.096+0100] {override.py:1912} INFO - Created Permission View: can read on DAG:dataset_s3_bucket_producer
[2025-04-05T09:55:50.104+0100] {logging_mixin.py:190} INFO - [2025-04-05T09:55:50.103+0100] {override.py:1912} INFO - Created Permission View: can delete on DAG:dataset_s3_bucket_producer
[2025-04-05T09:55:50.112+0100] {logging_mixin.py:190} INFO - [2025-04-05T09:55:50.111+0100] {override.py:1912} INFO - Created Permission View: can edit on DAG:dataset_s3_bucket_producer
[2025-04-05T09:55:50.122+0100] {logging_mixin.py:190} INFO - [2025-04-05T09:55:50.122+0100] {override.py:1912} INFO - Created Permission View: can create on DAG Run:dataset_s3_bucket_producer
[2025-04-05T09:55:50.129+0100] {logging_mixin.py:190} INFO - [2025-04-05T09:55:50.129+0100] {override.py:1912} INFO - Created Permission View: can read on DAG Run:dataset_s3_bucket_producer
[2025-04-05T09:55:50.136+0100] {logging_mixin.py:190} INFO - [2025-04-05T09:55:50.135+0100] {override.py:1912} INFO - Created Permission View: can delete on DAG Run:dataset_s3_bucket_producer
[2025-04-05T09:55:50.144+0100] {logging_mixin.py:190} INFO - [2025-04-05T09:55:50.143+0100] {override.py:1912} INFO - Created Permission View: menu access on DAG Run:dataset_s3_bucket_producer
[2025-04-05T09:55:50.158+0100] {logging_mixin.py:190} INFO - [2025-04-05T09:55:50.157+0100] {override.py:1912} INFO - Created Permission View: can read on DAG:dataset_s3_bucket_consumer
[2025-04-05T09:55:50.164+0100] {logging_mixin.py:190} INFO - [2025-04-05T09:55:50.164+0100] {override.py:1912} INFO - Created Permission View: can delete on DAG:dataset_s3_bucket_consumer
[2025-04-05T09:55:50.172+0100] {logging_mixin.py:190} INFO - [2025-04-05T09:55:50.171+0100] {override.py:1912} INFO - Created Permission View: can edit on DAG:dataset_s3_bucket_consumer
[2025-04-05T09:55:50.181+0100] {logging_mixin.py:190} INFO - [2025-04-05T09:55:50.181+0100] {override.py:1912} INFO - Created Permission View: can create on DAG Run:dataset_s3_bucket_consumer
[2025-04-05T09:55:50.189+0100] {logging_mixin.py:190} INFO - [2025-04-05T09:55:50.189+0100] {override.py:1912} INFO - Created Permission View: can read on DAG Run:dataset_s3_bucket_consumer
[2025-04-05T09:55:50.195+0100] {logging_mixin.py:190} INFO - [2025-04-05T09:55:50.195+0100] {override.py:1912} INFO - Created Permission View: can delete on DAG Run:dataset_s3_bucket_consumer
[2025-04-05T09:55:50.202+0100] {logging_mixin.py:190} INFO - [2025-04-05T09:55:50.201+0100] {override.py:1912} INFO - Created Permission View: menu access on DAG Run:dataset_s3_bucket_consumer
[2025-04-05T09:55:50.216+0100] {logging_mixin.py:190} INFO - [2025-04-05T09:55:50.215+0100] {override.py:1912} INFO - Created Permission View: can read on DAG:dataset_alias_example_alias_consumer
[2025-04-05T09:55:50.223+0100] {logging_mixin.py:190} INFO - [2025-04-05T09:55:50.222+0100] {override.py:1912} INFO - Created Permission View: can delete on DAG:dataset_alias_example_alias_consumer
[2025-04-05T09:55:50.233+0100] {logging_mixin.py:190} INFO - [2025-04-05T09:55:50.232+0100] {override.py:1912} INFO - Created Permission View: can edit on DAG:dataset_alias_example_alias_consumer
[2025-04-05T09:55:50.250+0100] {logging_mixin.py:190} INFO - [2025-04-05T09:55:50.250+0100] {override.py:1912} INFO - Created Permission View: can create on DAG Run:dataset_alias_example_alias_consumer
[2025-04-05T09:55:50.261+0100] {logging_mixin.py:190} INFO - [2025-04-05T09:55:50.261+0100] {override.py:1912} INFO - Created Permission View: can read on DAG Run:dataset_alias_example_alias_consumer
[2025-04-05T09:55:50.271+0100] {logging_mixin.py:190} INFO - [2025-04-05T09:55:50.271+0100] {override.py:1912} INFO - Created Permission View: can delete on DAG Run:dataset_alias_example_alias_consumer
[2025-04-05T09:55:50.281+0100] {logging_mixin.py:190} INFO - [2025-04-05T09:55:50.281+0100] {override.py:1912} INFO - Created Permission View: menu access on DAG Run:dataset_alias_example_alias_consumer
[2025-04-05T09:55:50.282+0100] {logging_mixin.py:190} INFO - [2025-04-05T09:55:50.281+0100] {dag.py:3239} INFO - Sync 4 DAGs
[2025-04-05T09:55:50.295+0100] {logging_mixin.py:190} INFO - [2025-04-05T09:55:50.295+0100] {dag.py:3262} INFO - Creating ORM DAG for dataset_alias_example_alias_consumer
[2025-04-05T09:55:50.296+0100] {logging_mixin.py:190} INFO - [2025-04-05T09:55:50.296+0100] {dag.py:3262} INFO - Creating ORM DAG for dataset_alias_example_alias_producer
[2025-04-05T09:55:50.296+0100] {logging_mixin.py:190} INFO - [2025-04-05T09:55:50.296+0100] {dag.py:3262} INFO - Creating ORM DAG for dataset_s3_bucket_consumer
[2025-04-05T09:55:50.297+0100] {logging_mixin.py:190} INFO - [2025-04-05T09:55:50.297+0100] {dag.py:3262} INFO - Creating ORM DAG for dataset_s3_bucket_producer
[2025-04-05T09:55:50.304+0100] {logging_mixin.py:190} INFO - [2025-04-05T09:55:50.304+0100] {dag.py:4180} INFO - Setting next_dagrun for dataset_alias_example_alias_consumer to None, run_after=None
[2025-04-05T09:55:50.305+0100] {logging_mixin.py:190} INFO - [2025-04-05T09:55:50.305+0100] {dag.py:4180} INFO - Setting next_dagrun for dataset_alias_example_alias_producer to None, run_after=None
[2025-04-05T09:55:50.306+0100] {logging_mixin.py:190} INFO - [2025-04-05T09:55:50.306+0100] {dag.py:4180} INFO - Setting next_dagrun for dataset_s3_bucket_consumer to None, run_after=None
[2025-04-05T09:55:50.307+0100] {logging_mixin.py:190} INFO - [2025-04-05T09:55:50.307+0100] {dag.py:4180} INFO - Setting next_dagrun for dataset_s3_bucket_producer to None, run_after=None
[2025-04-05T09:55:50.331+0100] {processor.py:208} INFO - Processing /home/Data_Professional/PycharmProjects/DE_Zoomcamp_Capstone_Project/.venv/lib/python3.10/site-packages/airflow/example_dags/example_dataset_alias.py took 0.453 seconds
[2025-04-05T09:56:52.765+0100] {processor.py:186} INFO - Started process (PID=12246) to work on /home/Data_Professional/PycharmProjects/DE_Zoomcamp_Capstone_Project/.venv/lib/python3.10/site-packages/airflow/example_dags/example_dataset_alias.py
[2025-04-05T09:56:52.769+0100] {processor.py:914} INFO - Processing file /home/Data_Professional/PycharmProjects/DE_Zoomcamp_Capstone_Project/.venv/lib/python3.10/site-packages/airflow/example_dags/example_dataset_alias.py for tasks to queue
[2025-04-05T09:56:52.773+0100] {logging_mixin.py:190} INFO - [2025-04-05T09:56:52.772+0100] {dagbag.py:588} INFO - Filling up the DagBag from /home/Data_Professional/PycharmProjects/DE_Zoomcamp_Capstone_Project/.venv/lib/python3.10/site-packages/airflow/example_dags/example_dataset_alias.py
[2025-04-05T09:56:52.800+0100] {processor.py:925} INFO - DAG(s) 'dataset_s3_bucket_consumer', 'dataset_s3_bucket_producer', 'dataset_alias_example_alias_consumer', 'dataset_alias_example_alias_producer' retrieved from /home/Data_Professional/PycharmProjects/DE_Zoomcamp_Capstone_Project/.venv/lib/python3.10/site-packages/airflow/example_dags/example_dataset_alias.py
[2025-04-05T09:56:52.817+0100] {logging_mixin.py:190} INFO - [2025-04-05T09:56:52.817+0100] {dag.py:3239} INFO - Sync 4 DAGs
[2025-04-05T09:56:52.833+0100] {logging_mixin.py:190} INFO - [2025-04-05T09:56:52.833+0100] {dag.py:4180} INFO - Setting next_dagrun for dataset_alias_example_alias_consumer to None, run_after=None
[2025-04-05T09:56:52.835+0100] {logging_mixin.py:190} INFO - [2025-04-05T09:56:52.835+0100] {dag.py:4180} INFO - Setting next_dagrun for dataset_alias_example_alias_producer to None, run_after=None
[2025-04-05T09:56:52.836+0100] {logging_mixin.py:190} INFO - [2025-04-05T09:56:52.836+0100] {dag.py:4180} INFO - Setting next_dagrun for dataset_s3_bucket_consumer to None, run_after=None
[2025-04-05T09:56:52.837+0100] {logging_mixin.py:190} INFO - [2025-04-05T09:56:52.836+0100] {dag.py:4180} INFO - Setting next_dagrun for dataset_s3_bucket_producer to None, run_after=None
[2025-04-05T09:56:52.855+0100] {processor.py:208} INFO - Processing /home/Data_Professional/PycharmProjects/DE_Zoomcamp_Capstone_Project/.venv/lib/python3.10/site-packages/airflow/example_dags/example_dataset_alias.py took 0.099 seconds
[2025-04-05T09:57:48.924+0100] {processor.py:186} INFO - Started process (PID=12311) to work on /home/Data_Professional/PycharmProjects/DE_Zoomcamp_Capstone_Project/.venv/lib/python3.10/site-packages/airflow/example_dags/example_dataset_alias.py
[2025-04-05T09:57:48.928+0100] {processor.py:914} INFO - Processing file /home/Data_Professional/PycharmProjects/DE_Zoomcamp_Capstone_Project/.venv/lib/python3.10/site-packages/airflow/example_dags/example_dataset_alias.py for tasks to queue
[2025-04-05T09:57:48.931+0100] {logging_mixin.py:190} INFO - [2025-04-05T09:57:48.930+0100] {dagbag.py:588} INFO - Filling up the DagBag from /home/Data_Professional/PycharmProjects/DE_Zoomcamp_Capstone_Project/.venv/lib/python3.10/site-packages/airflow/example_dags/example_dataset_alias.py
[2025-04-05T09:57:48.959+0100] {processor.py:925} INFO - DAG(s) 'dataset_alias_example_alias_consumer', 'dataset_alias_example_alias_producer', 'dataset_s3_bucket_producer', 'dataset_s3_bucket_consumer' retrieved from /home/Data_Professional/PycharmProjects/DE_Zoomcamp_Capstone_Project/.venv/lib/python3.10/site-packages/airflow/example_dags/example_dataset_alias.py
[2025-04-05T09:57:48.975+0100] {logging_mixin.py:190} INFO - [2025-04-05T09:57:48.975+0100] {dag.py:3239} INFO - Sync 4 DAGs
[2025-04-05T09:57:48.992+0100] {logging_mixin.py:190} INFO - [2025-04-05T09:57:48.991+0100] {dag.py:4180} INFO - Setting next_dagrun for dataset_alias_example_alias_consumer to None, run_after=None
[2025-04-05T09:57:48.993+0100] {logging_mixin.py:190} INFO - [2025-04-05T09:57:48.993+0100] {dag.py:4180} INFO - Setting next_dagrun for dataset_alias_example_alias_producer to None, run_after=None
[2025-04-05T09:57:48.994+0100] {logging_mixin.py:190} INFO - [2025-04-05T09:57:48.994+0100] {dag.py:4180} INFO - Setting next_dagrun for dataset_s3_bucket_consumer to None, run_after=None
[2025-04-05T09:57:48.995+0100] {logging_mixin.py:190} INFO - [2025-04-05T09:57:48.995+0100] {dag.py:4180} INFO - Setting next_dagrun for dataset_s3_bucket_producer to None, run_after=None
[2025-04-05T09:57:49.014+0100] {processor.py:208} INFO - Processing /home/Data_Professional/PycharmProjects/DE_Zoomcamp_Capstone_Project/.venv/lib/python3.10/site-packages/airflow/example_dags/example_dataset_alias.py took 0.101 seconds
[2025-04-05T09:58:45.994+0100] {processor.py:186} INFO - Started process (PID=12380) to work on /home/Data_Professional/PycharmProjects/DE_Zoomcamp_Capstone_Project/.venv/lib/python3.10/site-packages/airflow/example_dags/example_dataset_alias.py
[2025-04-05T09:58:45.997+0100] {processor.py:914} INFO - Processing file /home/Data_Professional/PycharmProjects/DE_Zoomcamp_Capstone_Project/.venv/lib/python3.10/site-packages/airflow/example_dags/example_dataset_alias.py for tasks to queue
[2025-04-05T09:58:45.999+0100] {logging_mixin.py:190} INFO - [2025-04-05T09:58:45.998+0100] {dagbag.py:588} INFO - Filling up the DagBag from /home/Data_Professional/PycharmProjects/DE_Zoomcamp_Capstone_Project/.venv/lib/python3.10/site-packages/airflow/example_dags/example_dataset_alias.py
[2025-04-05T09:58:46.020+0100] {processor.py:925} INFO - DAG(s) 'dataset_alias_example_alias_producer', 'dataset_s3_bucket_producer', 'dataset_alias_example_alias_consumer', 'dataset_s3_bucket_consumer' retrieved from /home/Data_Professional/PycharmProjects/DE_Zoomcamp_Capstone_Project/.venv/lib/python3.10/site-packages/airflow/example_dags/example_dataset_alias.py
[2025-04-05T09:58:46.036+0100] {logging_mixin.py:190} INFO - [2025-04-05T09:58:46.036+0100] {dag.py:3239} INFO - Sync 4 DAGs
[2025-04-05T09:58:46.052+0100] {logging_mixin.py:190} INFO - [2025-04-05T09:58:46.051+0100] {dag.py:4180} INFO - Setting next_dagrun for dataset_alias_example_alias_consumer to None, run_after=None
[2025-04-05T09:58:46.054+0100] {logging_mixin.py:190} INFO - [2025-04-05T09:58:46.054+0100] {dag.py:4180} INFO - Setting next_dagrun for dataset_alias_example_alias_producer to None, run_after=None
[2025-04-05T09:58:46.055+0100] {logging_mixin.py:190} INFO - [2025-04-05T09:58:46.055+0100] {dag.py:4180} INFO - Setting next_dagrun for dataset_s3_bucket_consumer to None, run_after=None
[2025-04-05T09:58:46.056+0100] {logging_mixin.py:190} INFO - [2025-04-05T09:58:46.055+0100] {dag.py:4180} INFO - Setting next_dagrun for dataset_s3_bucket_producer to None, run_after=None
[2025-04-05T09:58:46.075+0100] {processor.py:208} INFO - Processing /home/Data_Professional/PycharmProjects/DE_Zoomcamp_Capstone_Project/.venv/lib/python3.10/site-packages/airflow/example_dags/example_dataset_alias.py took 0.087 seconds
[2025-04-05T09:59:42.919+0100] {processor.py:186} INFO - Started process (PID=12463) to work on /home/Data_Professional/PycharmProjects/DE_Zoomcamp_Capstone_Project/.venv/lib/python3.10/site-packages/airflow/example_dags/example_dataset_alias.py
[2025-04-05T09:59:42.921+0100] {processor.py:914} INFO - Processing file /home/Data_Professional/PycharmProjects/DE_Zoomcamp_Capstone_Project/.venv/lib/python3.10/site-packages/airflow/example_dags/example_dataset_alias.py for tasks to queue
[2025-04-05T09:59:42.924+0100] {logging_mixin.py:190} INFO - [2025-04-05T09:59:42.924+0100] {dagbag.py:588} INFO - Filling up the DagBag from /home/Data_Professional/PycharmProjects/DE_Zoomcamp_Capstone_Project/.venv/lib/python3.10/site-packages/airflow/example_dags/example_dataset_alias.py
[2025-04-05T09:59:42.952+0100] {processor.py:925} INFO - DAG(s) 'dataset_alias_example_alias_producer', 'dataset_s3_bucket_consumer', 'dataset_s3_bucket_producer', 'dataset_alias_example_alias_consumer' retrieved from /home/Data_Professional/PycharmProjects/DE_Zoomcamp_Capstone_Project/.venv/lib/python3.10/site-packages/airflow/example_dags/example_dataset_alias.py
[2025-04-05T09:59:42.969+0100] {logging_mixin.py:190} INFO - [2025-04-05T09:59:42.969+0100] {dag.py:3239} INFO - Sync 4 DAGs
[2025-04-05T09:59:42.984+0100] {logging_mixin.py:190} INFO - [2025-04-05T09:59:42.984+0100] {dag.py:4180} INFO - Setting next_dagrun for dataset_alias_example_alias_consumer to None, run_after=None
[2025-04-05T09:59:42.986+0100] {logging_mixin.py:190} INFO - [2025-04-05T09:59:42.986+0100] {dag.py:4180} INFO - Setting next_dagrun for dataset_alias_example_alias_producer to None, run_after=None
[2025-04-05T09:59:42.987+0100] {logging_mixin.py:190} INFO - [2025-04-05T09:59:42.987+0100] {dag.py:4180} INFO - Setting next_dagrun for dataset_s3_bucket_consumer to None, run_after=None
[2025-04-05T09:59:42.988+0100] {logging_mixin.py:190} INFO - [2025-04-05T09:59:42.988+0100] {dag.py:4180} INFO - Setting next_dagrun for dataset_s3_bucket_producer to None, run_after=None
[2025-04-05T09:59:43.006+0100] {processor.py:208} INFO - Processing /home/Data_Professional/PycharmProjects/DE_Zoomcamp_Capstone_Project/.venv/lib/python3.10/site-packages/airflow/example_dags/example_dataset_alias.py took 0.099 seconds
[2025-04-05T10:00:42.119+0100] {processor.py:186} INFO - Started process (PID=12800) to work on /home/Data_Professional/PycharmProjects/DE_Zoomcamp_Capstone_Project/.venv/lib/python3.10/site-packages/airflow/example_dags/example_dataset_alias.py
[2025-04-05T10:00:42.122+0100] {processor.py:914} INFO - Processing file /home/Data_Professional/PycharmProjects/DE_Zoomcamp_Capstone_Project/.venv/lib/python3.10/site-packages/airflow/example_dags/example_dataset_alias.py for tasks to queue
[2025-04-05T10:00:42.123+0100] {logging_mixin.py:190} INFO - [2025-04-05T10:00:42.123+0100] {dagbag.py:588} INFO - Filling up the DagBag from /home/Data_Professional/PycharmProjects/DE_Zoomcamp_Capstone_Project/.venv/lib/python3.10/site-packages/airflow/example_dags/example_dataset_alias.py
[2025-04-05T10:00:42.144+0100] {processor.py:925} INFO - DAG(s) 'dataset_alias_example_alias_producer', 'dataset_s3_bucket_consumer', 'dataset_s3_bucket_producer', 'dataset_alias_example_alias_consumer' retrieved from /home/Data_Professional/PycharmProjects/DE_Zoomcamp_Capstone_Project/.venv/lib/python3.10/site-packages/airflow/example_dags/example_dataset_alias.py
[2025-04-05T10:00:42.163+0100] {logging_mixin.py:190} INFO - [2025-04-05T10:00:42.162+0100] {dag.py:3239} INFO - Sync 4 DAGs
[2025-04-05T10:00:42.180+0100] {logging_mixin.py:190} INFO - [2025-04-05T10:00:42.180+0100] {dag.py:4180} INFO - Setting next_dagrun for dataset_alias_example_alias_consumer to None, run_after=None
[2025-04-05T10:00:42.182+0100] {logging_mixin.py:190} INFO - [2025-04-05T10:00:42.182+0100] {dag.py:4180} INFO - Setting next_dagrun for dataset_alias_example_alias_producer to None, run_after=None
[2025-04-05T10:00:42.183+0100] {logging_mixin.py:190} INFO - [2025-04-05T10:00:42.183+0100] {dag.py:4180} INFO - Setting next_dagrun for dataset_s3_bucket_consumer to None, run_after=None
[2025-04-05T10:00:42.184+0100] {logging_mixin.py:190} INFO - [2025-04-05T10:00:42.184+0100] {dag.py:4180} INFO - Setting next_dagrun for dataset_s3_bucket_producer to None, run_after=None
[2025-04-05T10:00:42.204+0100] {processor.py:208} INFO - Processing /home/Data_Professional/PycharmProjects/DE_Zoomcamp_Capstone_Project/.venv/lib/python3.10/site-packages/airflow/example_dags/example_dataset_alias.py took 0.090 seconds
[2025-04-05T10:01:39.231+0100] {processor.py:186} INFO - Started process (PID=12910) to work on /home/Data_Professional/PycharmProjects/DE_Zoomcamp_Capstone_Project/.venv/lib/python3.10/site-packages/airflow/example_dags/example_dataset_alias.py
[2025-04-05T10:01:39.233+0100] {processor.py:914} INFO - Processing file /home/Data_Professional/PycharmProjects/DE_Zoomcamp_Capstone_Project/.venv/lib/python3.10/site-packages/airflow/example_dags/example_dataset_alias.py for tasks to queue
[2025-04-05T10:01:39.236+0100] {logging_mixin.py:190} INFO - [2025-04-05T10:01:39.235+0100] {dagbag.py:588} INFO - Filling up the DagBag from /home/Data_Professional/PycharmProjects/DE_Zoomcamp_Capstone_Project/.venv/lib/python3.10/site-packages/airflow/example_dags/example_dataset_alias.py
[2025-04-05T10:01:39.259+0100] {processor.py:925} INFO - DAG(s) 'dataset_s3_bucket_consumer', 'dataset_alias_example_alias_producer', 'dataset_alias_example_alias_consumer', 'dataset_s3_bucket_producer' retrieved from /home/Data_Professional/PycharmProjects/DE_Zoomcamp_Capstone_Project/.venv/lib/python3.10/site-packages/airflow/example_dags/example_dataset_alias.py
[2025-04-05T10:01:39.276+0100] {logging_mixin.py:190} INFO - [2025-04-05T10:01:39.276+0100] {dag.py:3239} INFO - Sync 4 DAGs
[2025-04-05T10:01:39.292+0100] {logging_mixin.py:190} INFO - [2025-04-05T10:01:39.292+0100] {dag.py:4180} INFO - Setting next_dagrun for dataset_alias_example_alias_consumer to None, run_after=None
[2025-04-05T10:01:39.294+0100] {logging_mixin.py:190} INFO - [2025-04-05T10:01:39.294+0100] {dag.py:4180} INFO - Setting next_dagrun for dataset_alias_example_alias_producer to None, run_after=None
[2025-04-05T10:01:39.295+0100] {logging_mixin.py:190} INFO - [2025-04-05T10:01:39.295+0100] {dag.py:4180} INFO - Setting next_dagrun for dataset_s3_bucket_consumer to None, run_after=None
[2025-04-05T10:01:39.296+0100] {logging_mixin.py:190} INFO - [2025-04-05T10:01:39.296+0100] {dag.py:4180} INFO - Setting next_dagrun for dataset_s3_bucket_producer to None, run_after=None
[2025-04-05T10:01:39.314+0100] {processor.py:208} INFO - Processing /home/Data_Professional/PycharmProjects/DE_Zoomcamp_Capstone_Project/.venv/lib/python3.10/site-packages/airflow/example_dags/example_dataset_alias.py took 0.097 seconds
[2025-04-05T10:02:36.449+0100] {processor.py:186} INFO - Started process (PID=13056) to work on /home/Data_Professional/PycharmProjects/DE_Zoomcamp_Capstone_Project/.venv/lib/python3.10/site-packages/airflow/example_dags/example_dataset_alias.py
[2025-04-05T10:02:36.452+0100] {processor.py:914} INFO - Processing file /home/Data_Professional/PycharmProjects/DE_Zoomcamp_Capstone_Project/.venv/lib/python3.10/site-packages/airflow/example_dags/example_dataset_alias.py for tasks to queue
[2025-04-05T10:02:36.454+0100] {logging_mixin.py:190} INFO - [2025-04-05T10:02:36.454+0100] {dagbag.py:588} INFO - Filling up the DagBag from /home/Data_Professional/PycharmProjects/DE_Zoomcamp_Capstone_Project/.venv/lib/python3.10/site-packages/airflow/example_dags/example_dataset_alias.py
[2025-04-05T10:02:36.475+0100] {processor.py:925} INFO - DAG(s) 'dataset_alias_example_alias_producer', 'dataset_alias_example_alias_consumer', 'dataset_s3_bucket_producer', 'dataset_s3_bucket_consumer' retrieved from /home/Data_Professional/PycharmProjects/DE_Zoomcamp_Capstone_Project/.venv/lib/python3.10/site-packages/airflow/example_dags/example_dataset_alias.py
[2025-04-05T10:02:36.494+0100] {logging_mixin.py:190} INFO - [2025-04-05T10:02:36.494+0100] {dag.py:3239} INFO - Sync 4 DAGs
[2025-04-05T10:02:36.512+0100] {logging_mixin.py:190} INFO - [2025-04-05T10:02:36.512+0100] {dag.py:4180} INFO - Setting next_dagrun for dataset_alias_example_alias_consumer to None, run_after=None
[2025-04-05T10:02:36.514+0100] {logging_mixin.py:190} INFO - [2025-04-05T10:02:36.514+0100] {dag.py:4180} INFO - Setting next_dagrun for dataset_alias_example_alias_producer to None, run_after=None
[2025-04-05T10:02:36.516+0100] {logging_mixin.py:190} INFO - [2025-04-05T10:02:36.516+0100] {dag.py:4180} INFO - Setting next_dagrun for dataset_s3_bucket_consumer to None, run_after=None
[2025-04-05T10:02:36.518+0100] {logging_mixin.py:190} INFO - [2025-04-05T10:02:36.518+0100] {dag.py:4180} INFO - Setting next_dagrun for dataset_s3_bucket_producer to None, run_after=None
[2025-04-05T10:02:36.552+0100] {processor.py:208} INFO - Processing /home/Data_Professional/PycharmProjects/DE_Zoomcamp_Capstone_Project/.venv/lib/python3.10/site-packages/airflow/example_dags/example_dataset_alias.py took 0.110 seconds
[2025-04-05T10:03:33.739+0100] {processor.py:186} INFO - Started process (PID=13140) to work on /home/Data_Professional/PycharmProjects/DE_Zoomcamp_Capstone_Project/.venv/lib/python3.10/site-packages/airflow/example_dags/example_dataset_alias.py
[2025-04-05T10:03:33.742+0100] {processor.py:914} INFO - Processing file /home/Data_Professional/PycharmProjects/DE_Zoomcamp_Capstone_Project/.venv/lib/python3.10/site-packages/airflow/example_dags/example_dataset_alias.py for tasks to queue
[2025-04-05T10:03:33.744+0100] {logging_mixin.py:190} INFO - [2025-04-05T10:03:33.744+0100] {dagbag.py:588} INFO - Filling up the DagBag from /home/Data_Professional/PycharmProjects/DE_Zoomcamp_Capstone_Project/.venv/lib/python3.10/site-packages/airflow/example_dags/example_dataset_alias.py
[2025-04-05T10:03:33.766+0100] {processor.py:925} INFO - DAG(s) 'dataset_s3_bucket_producer', 'dataset_alias_example_alias_consumer', 'dataset_alias_example_alias_producer', 'dataset_s3_bucket_consumer' retrieved from /home/Data_Professional/PycharmProjects/DE_Zoomcamp_Capstone_Project/.venv/lib/python3.10/site-packages/airflow/example_dags/example_dataset_alias.py
[2025-04-05T10:03:33.784+0100] {logging_mixin.py:190} INFO - [2025-04-05T10:03:33.784+0100] {dag.py:3239} INFO - Sync 4 DAGs
[2025-04-05T10:03:33.801+0100] {logging_mixin.py:190} INFO - [2025-04-05T10:03:33.800+0100] {dag.py:4180} INFO - Setting next_dagrun for dataset_alias_example_alias_consumer to None, run_after=None
[2025-04-05T10:03:33.803+0100] {logging_mixin.py:190} INFO - [2025-04-05T10:03:33.802+0100] {dag.py:4180} INFO - Setting next_dagrun for dataset_alias_example_alias_producer to None, run_after=None
[2025-04-05T10:03:33.804+0100] {logging_mixin.py:190} INFO - [2025-04-05T10:03:33.804+0100] {dag.py:4180} INFO - Setting next_dagrun for dataset_s3_bucket_consumer to None, run_after=None
[2025-04-05T10:03:33.804+0100] {logging_mixin.py:190} INFO - [2025-04-05T10:03:33.804+0100] {dag.py:4180} INFO - Setting next_dagrun for dataset_s3_bucket_producer to None, run_after=None
[2025-04-05T10:03:33.824+0100] {processor.py:208} INFO - Processing /home/Data_Professional/PycharmProjects/DE_Zoomcamp_Capstone_Project/.venv/lib/python3.10/site-packages/airflow/example_dags/example_dataset_alias.py took 0.092 seconds
[2025-04-05T10:04:36.019+0100] {processor.py:186} INFO - Started process (PID=13275) to work on /home/Data_Professional/PycharmProjects/DE_Zoomcamp_Capstone_Project/.venv/lib/python3.10/site-packages/airflow/example_dags/example_dataset_alias.py
[2025-04-05T10:04:36.021+0100] {processor.py:914} INFO - Processing file /home/Data_Professional/PycharmProjects/DE_Zoomcamp_Capstone_Project/.venv/lib/python3.10/site-packages/airflow/example_dags/example_dataset_alias.py for tasks to queue
[2025-04-05T10:04:36.024+0100] {logging_mixin.py:190} INFO - [2025-04-05T10:04:36.023+0100] {dagbag.py:588} INFO - Filling up the DagBag from /home/Data_Professional/PycharmProjects/DE_Zoomcamp_Capstone_Project/.venv/lib/python3.10/site-packages/airflow/example_dags/example_dataset_alias.py
[2025-04-05T10:04:36.048+0100] {processor.py:925} INFO - DAG(s) 'dataset_alias_example_alias_producer', 'dataset_alias_example_alias_consumer', 'dataset_s3_bucket_producer', 'dataset_s3_bucket_consumer' retrieved from /home/Data_Professional/PycharmProjects/DE_Zoomcamp_Capstone_Project/.venv/lib/python3.10/site-packages/airflow/example_dags/example_dataset_alias.py
[2025-04-05T10:04:36.066+0100] {logging_mixin.py:190} INFO - [2025-04-05T10:04:36.066+0100] {dag.py:3239} INFO - Sync 4 DAGs
[2025-04-05T10:04:36.081+0100] {logging_mixin.py:190} INFO - [2025-04-05T10:04:36.081+0100] {dag.py:4180} INFO - Setting next_dagrun for dataset_alias_example_alias_consumer to None, run_after=None
[2025-04-05T10:04:36.083+0100] {logging_mixin.py:190} INFO - [2025-04-05T10:04:36.083+0100] {dag.py:4180} INFO - Setting next_dagrun for dataset_alias_example_alias_producer to None, run_after=None
[2025-04-05T10:04:36.084+0100] {logging_mixin.py:190} INFO - [2025-04-05T10:04:36.084+0100] {dag.py:4180} INFO - Setting next_dagrun for dataset_s3_bucket_consumer to None, run_after=None
[2025-04-05T10:04:36.085+0100] {logging_mixin.py:190} INFO - [2025-04-05T10:04:36.085+0100] {dag.py:4180} INFO - Setting next_dagrun for dataset_s3_bucket_producer to None, run_after=None
[2025-04-05T10:04:36.103+0100] {processor.py:208} INFO - Processing /home/Data_Professional/PycharmProjects/DE_Zoomcamp_Capstone_Project/.venv/lib/python3.10/site-packages/airflow/example_dags/example_dataset_alias.py took 0.091 seconds
[2025-04-05T10:05:33.636+0100] {processor.py:186} INFO - Started process (PID=13585) to work on /home/Data_Professional/PycharmProjects/DE_Zoomcamp_Capstone_Project/.venv/lib/python3.10/site-packages/airflow/example_dags/example_dataset_alias.py
[2025-04-05T10:05:33.638+0100] {processor.py:914} INFO - Processing file /home/Data_Professional/PycharmProjects/DE_Zoomcamp_Capstone_Project/.venv/lib/python3.10/site-packages/airflow/example_dags/example_dataset_alias.py for tasks to queue
[2025-04-05T10:05:33.640+0100] {logging_mixin.py:190} INFO - [2025-04-05T10:05:33.639+0100] {dagbag.py:588} INFO - Filling up the DagBag from /home/Data_Professional/PycharmProjects/DE_Zoomcamp_Capstone_Project/.venv/lib/python3.10/site-packages/airflow/example_dags/example_dataset_alias.py
[2025-04-05T10:05:33.668+0100] {processor.py:925} INFO - DAG(s) 'dataset_s3_bucket_consumer', 'dataset_alias_example_alias_consumer', 'dataset_s3_bucket_producer', 'dataset_alias_example_alias_producer' retrieved from /home/Data_Professional/PycharmProjects/DE_Zoomcamp_Capstone_Project/.venv/lib/python3.10/site-packages/airflow/example_dags/example_dataset_alias.py
[2025-04-05T10:05:33.692+0100] {logging_mixin.py:190} INFO - [2025-04-05T10:05:33.692+0100] {dag.py:3239} INFO - Sync 4 DAGs
[2025-04-05T10:05:33.710+0100] {logging_mixin.py:190} INFO - [2025-04-05T10:05:33.710+0100] {dag.py:4180} INFO - Setting next_dagrun for dataset_alias_example_alias_consumer to None, run_after=None
[2025-04-05T10:05:33.712+0100] {logging_mixin.py:190} INFO - [2025-04-05T10:05:33.712+0100] {dag.py:4180} INFO - Setting next_dagrun for dataset_alias_example_alias_producer to None, run_after=None
[2025-04-05T10:05:33.714+0100] {logging_mixin.py:190} INFO - [2025-04-05T10:05:33.713+0100] {dag.py:4180} INFO - Setting next_dagrun for dataset_s3_bucket_consumer to None, run_after=None
[2025-04-05T10:05:33.714+0100] {logging_mixin.py:190} INFO - [2025-04-05T10:05:33.714+0100] {dag.py:4180} INFO - Setting next_dagrun for dataset_s3_bucket_producer to None, run_after=None
[2025-04-05T10:05:33.735+0100] {processor.py:208} INFO - Processing /home/Data_Professional/PycharmProjects/DE_Zoomcamp_Capstone_Project/.venv/lib/python3.10/site-packages/airflow/example_dags/example_dataset_alias.py took 0.115 seconds
[2025-04-05T10:06:36.245+0100] {processor.py:186} INFO - Started process (PID=13785) to work on /home/Data_Professional/PycharmProjects/DE_Zoomcamp_Capstone_Project/.venv/lib/python3.10/site-packages/airflow/example_dags/example_dataset_alias.py
[2025-04-05T10:06:36.247+0100] {processor.py:914} INFO - Processing file /home/Data_Professional/PycharmProjects/DE_Zoomcamp_Capstone_Project/.venv/lib/python3.10/site-packages/airflow/example_dags/example_dataset_alias.py for tasks to queue
[2025-04-05T10:06:36.250+0100] {logging_mixin.py:190} INFO - [2025-04-05T10:06:36.249+0100] {dagbag.py:588} INFO - Filling up the DagBag from /home/Data_Professional/PycharmProjects/DE_Zoomcamp_Capstone_Project/.venv/lib/python3.10/site-packages/airflow/example_dags/example_dataset_alias.py
[2025-04-05T10:06:36.278+0100] {processor.py:925} INFO - DAG(s) 'dataset_alias_example_alias_producer', 'dataset_s3_bucket_consumer', 'dataset_alias_example_alias_consumer', 'dataset_s3_bucket_producer' retrieved from /home/Data_Professional/PycharmProjects/DE_Zoomcamp_Capstone_Project/.venv/lib/python3.10/site-packages/airflow/example_dags/example_dataset_alias.py
[2025-04-05T10:06:36.295+0100] {logging_mixin.py:190} INFO - [2025-04-05T10:06:36.295+0100] {dag.py:3239} INFO - Sync 4 DAGs
[2025-04-05T10:06:36.311+0100] {logging_mixin.py:190} INFO - [2025-04-05T10:06:36.311+0100] {dag.py:4180} INFO - Setting next_dagrun for dataset_alias_example_alias_consumer to None, run_after=None
[2025-04-05T10:06:36.313+0100] {logging_mixin.py:190} INFO - [2025-04-05T10:06:36.313+0100] {dag.py:4180} INFO - Setting next_dagrun for dataset_alias_example_alias_producer to None, run_after=None
[2025-04-05T10:06:36.314+0100] {logging_mixin.py:190} INFO - [2025-04-05T10:06:36.314+0100] {dag.py:4180} INFO - Setting next_dagrun for dataset_s3_bucket_consumer to None, run_after=None
[2025-04-05T10:06:36.315+0100] {logging_mixin.py:190} INFO - [2025-04-05T10:06:36.315+0100] {dag.py:4180} INFO - Setting next_dagrun for dataset_s3_bucket_producer to None, run_after=None
[2025-04-05T10:06:36.334+0100] {processor.py:208} INFO - Processing /home/Data_Professional/PycharmProjects/DE_Zoomcamp_Capstone_Project/.venv/lib/python3.10/site-packages/airflow/example_dags/example_dataset_alias.py took 0.097 seconds
[2025-04-05T10:07:37.460+0100] {processor.py:186} INFO - Started process (PID=13896) to work on /home/Data_Professional/PycharmProjects/DE_Zoomcamp_Capstone_Project/.venv/lib/python3.10/site-packages/airflow/example_dags/example_dataset_alias.py
[2025-04-05T10:07:37.464+0100] {processor.py:914} INFO - Processing file /home/Data_Professional/PycharmProjects/DE_Zoomcamp_Capstone_Project/.venv/lib/python3.10/site-packages/airflow/example_dags/example_dataset_alias.py for tasks to queue
[2025-04-05T10:07:37.466+0100] {logging_mixin.py:190} INFO - [2025-04-05T10:07:37.465+0100] {dagbag.py:588} INFO - Filling up the DagBag from /home/Data_Professional/PycharmProjects/DE_Zoomcamp_Capstone_Project/.venv/lib/python3.10/site-packages/airflow/example_dags/example_dataset_alias.py
[2025-04-05T10:07:37.495+0100] {processor.py:925} INFO - DAG(s) 'dataset_alias_example_alias_producer', 'dataset_alias_example_alias_consumer', 'dataset_s3_bucket_consumer', 'dataset_s3_bucket_producer' retrieved from /home/Data_Professional/PycharmProjects/DE_Zoomcamp_Capstone_Project/.venv/lib/python3.10/site-packages/airflow/example_dags/example_dataset_alias.py
[2025-04-05T10:07:37.512+0100] {logging_mixin.py:190} INFO - [2025-04-05T10:07:37.512+0100] {dag.py:3239} INFO - Sync 4 DAGs
[2025-04-05T10:07:37.528+0100] {logging_mixin.py:190} INFO - [2025-04-05T10:07:37.528+0100] {dag.py:4180} INFO - Setting next_dagrun for dataset_alias_example_alias_consumer to None, run_after=None
[2025-04-05T10:07:37.530+0100] {logging_mixin.py:190} INFO - [2025-04-05T10:07:37.530+0100] {dag.py:4180} INFO - Setting next_dagrun for dataset_alias_example_alias_producer to None, run_after=None
[2025-04-05T10:07:37.531+0100] {logging_mixin.py:190} INFO - [2025-04-05T10:07:37.531+0100] {dag.py:4180} INFO - Setting next_dagrun for dataset_s3_bucket_consumer to None, run_after=None
[2025-04-05T10:07:37.532+0100] {logging_mixin.py:190} INFO - [2025-04-05T10:07:37.532+0100] {dag.py:4180} INFO - Setting next_dagrun for dataset_s3_bucket_producer to None, run_after=None
[2025-04-05T10:07:37.551+0100] {processor.py:208} INFO - Processing /home/Data_Professional/PycharmProjects/DE_Zoomcamp_Capstone_Project/.venv/lib/python3.10/site-packages/airflow/example_dags/example_dataset_alias.py took 0.102 seconds
[2025-04-05T10:08:42.644+0100] {processor.py:186} INFO - Started process (PID=14229) to work on /home/Data_Professional/PycharmProjects/DE_Zoomcamp_Capstone_Project/.venv/lib/python3.10/site-packages/airflow/example_dags/example_dataset_alias.py
[2025-04-05T10:08:42.647+0100] {processor.py:914} INFO - Processing file /home/Data_Professional/PycharmProjects/DE_Zoomcamp_Capstone_Project/.venv/lib/python3.10/site-packages/airflow/example_dags/example_dataset_alias.py for tasks to queue
[2025-04-05T10:08:42.648+0100] {logging_mixin.py:190} INFO - [2025-04-05T10:08:42.648+0100] {dagbag.py:588} INFO - Filling up the DagBag from /home/Data_Professional/PycharmProjects/DE_Zoomcamp_Capstone_Project/.venv/lib/python3.10/site-packages/airflow/example_dags/example_dataset_alias.py
[2025-04-05T10:08:42.670+0100] {processor.py:925} INFO - DAG(s) 'dataset_alias_example_alias_consumer', 'dataset_s3_bucket_producer', 'dataset_s3_bucket_consumer', 'dataset_alias_example_alias_producer' retrieved from /home/Data_Professional/PycharmProjects/DE_Zoomcamp_Capstone_Project/.venv/lib/python3.10/site-packages/airflow/example_dags/example_dataset_alias.py
[2025-04-05T10:08:42.691+0100] {logging_mixin.py:190} INFO - [2025-04-05T10:08:42.690+0100] {dag.py:3239} INFO - Sync 4 DAGs
[2025-04-05T10:08:42.710+0100] {logging_mixin.py:190} INFO - [2025-04-05T10:08:42.709+0100] {dag.py:4180} INFO - Setting next_dagrun for dataset_alias_example_alias_consumer to None, run_after=None
[2025-04-05T10:08:42.711+0100] {logging_mixin.py:190} INFO - [2025-04-05T10:08:42.711+0100] {dag.py:4180} INFO - Setting next_dagrun for dataset_alias_example_alias_producer to None, run_after=None
[2025-04-05T10:08:42.713+0100] {logging_mixin.py:190} INFO - [2025-04-05T10:08:42.713+0100] {dag.py:4180} INFO - Setting next_dagrun for dataset_s3_bucket_consumer to None, run_after=None
[2025-04-05T10:08:42.714+0100] {logging_mixin.py:190} INFO - [2025-04-05T10:08:42.713+0100] {dag.py:4180} INFO - Setting next_dagrun for dataset_s3_bucket_producer to None, run_after=None
[2025-04-05T10:08:42.734+0100] {processor.py:208} INFO - Processing /home/Data_Professional/PycharmProjects/DE_Zoomcamp_Capstone_Project/.venv/lib/python3.10/site-packages/airflow/example_dags/example_dataset_alias.py took 0.097 seconds
[2025-04-05T10:09:55.236+0100] {processor.py:186} INFO - Started process (PID=14403) to work on /home/Data_Professional/PycharmProjects/DE_Zoomcamp_Capstone_Project/.venv/lib/python3.10/site-packages/airflow/example_dags/example_dataset_alias.py
[2025-04-05T10:09:55.237+0100] {processor.py:914} INFO - Processing file /home/Data_Professional/PycharmProjects/DE_Zoomcamp_Capstone_Project/.venv/lib/python3.10/site-packages/airflow/example_dags/example_dataset_alias.py for tasks to queue
[2025-04-05T10:09:55.238+0100] {logging_mixin.py:190} INFO - [2025-04-05T10:09:55.238+0100] {dagbag.py:588} INFO - Filling up the DagBag from /home/Data_Professional/PycharmProjects/DE_Zoomcamp_Capstone_Project/.venv/lib/python3.10/site-packages/airflow/example_dags/example_dataset_alias.py
[2025-04-05T10:09:55.261+0100] {processor.py:925} INFO - DAG(s) 'dataset_alias_example_alias_producer', 'dataset_s3_bucket_producer', 'dataset_s3_bucket_consumer', 'dataset_alias_example_alias_consumer' retrieved from /home/Data_Professional/PycharmProjects/DE_Zoomcamp_Capstone_Project/.venv/lib/python3.10/site-packages/airflow/example_dags/example_dataset_alias.py
[2025-04-05T10:09:55.279+0100] {logging_mixin.py:190} INFO - [2025-04-05T10:09:55.279+0100] {dag.py:3239} INFO - Sync 4 DAGs
[2025-04-05T10:09:55.297+0100] {logging_mixin.py:190} INFO - [2025-04-05T10:09:55.297+0100] {dag.py:4180} INFO - Setting next_dagrun for dataset_alias_example_alias_consumer to None, run_after=None
[2025-04-05T10:09:55.299+0100] {logging_mixin.py:190} INFO - [2025-04-05T10:09:55.299+0100] {dag.py:4180} INFO - Setting next_dagrun for dataset_alias_example_alias_producer to None, run_after=None
[2025-04-05T10:09:55.388+0100] {logging_mixin.py:190} INFO - [2025-04-05T10:09:55.387+0100] {dag.py:4180} INFO - Setting next_dagrun for dataset_s3_bucket_consumer to None, run_after=None
[2025-04-05T10:09:55.389+0100] {logging_mixin.py:190} INFO - [2025-04-05T10:09:55.389+0100] {dag.py:4180} INFO - Setting next_dagrun for dataset_s3_bucket_producer to None, run_after=None
[2025-04-05T10:09:55.412+0100] {processor.py:208} INFO - Processing /home/Data_Professional/PycharmProjects/DE_Zoomcamp_Capstone_Project/.venv/lib/python3.10/site-packages/airflow/example_dags/example_dataset_alias.py took 0.190 seconds
[2025-04-05T10:10:54.235+0100] {processor.py:186} INFO - Started process (PID=14567) to work on /home/Data_Professional/PycharmProjects/DE_Zoomcamp_Capstone_Project/.venv/lib/python3.10/site-packages/airflow/example_dags/example_dataset_alias.py
[2025-04-05T10:10:54.238+0100] {processor.py:914} INFO - Processing file /home/Data_Professional/PycharmProjects/DE_Zoomcamp_Capstone_Project/.venv/lib/python3.10/site-packages/airflow/example_dags/example_dataset_alias.py for tasks to queue
[2025-04-05T10:10:54.239+0100] {logging_mixin.py:190} INFO - [2025-04-05T10:10:54.239+0100] {dagbag.py:588} INFO - Filling up the DagBag from /home/Data_Professional/PycharmProjects/DE_Zoomcamp_Capstone_Project/.venv/lib/python3.10/site-packages/airflow/example_dags/example_dataset_alias.py
[2025-04-05T10:10:54.258+0100] {processor.py:925} INFO - DAG(s) 'dataset_alias_example_alias_producer', 'dataset_alias_example_alias_consumer', 'dataset_s3_bucket_producer', 'dataset_s3_bucket_consumer' retrieved from /home/Data_Professional/PycharmProjects/DE_Zoomcamp_Capstone_Project/.venv/lib/python3.10/site-packages/airflow/example_dags/example_dataset_alias.py
[2025-04-05T10:10:54.274+0100] {logging_mixin.py:190} INFO - [2025-04-05T10:10:54.274+0100] {dag.py:3239} INFO - Sync 4 DAGs
[2025-04-05T10:10:54.290+0100] {logging_mixin.py:190} INFO - [2025-04-05T10:10:54.290+0100] {dag.py:4180} INFO - Setting next_dagrun for dataset_alias_example_alias_consumer to None, run_after=None
[2025-04-05T10:10:54.292+0100] {logging_mixin.py:190} INFO - [2025-04-05T10:10:54.292+0100] {dag.py:4180} INFO - Setting next_dagrun for dataset_alias_example_alias_producer to None, run_after=None
[2025-04-05T10:10:54.294+0100] {logging_mixin.py:190} INFO - [2025-04-05T10:10:54.294+0100] {dag.py:4180} INFO - Setting next_dagrun for dataset_s3_bucket_consumer to None, run_after=None
[2025-04-05T10:10:54.295+0100] {logging_mixin.py:190} INFO - [2025-04-05T10:10:54.295+0100] {dag.py:4180} INFO - Setting next_dagrun for dataset_s3_bucket_producer to None, run_after=None
[2025-04-05T10:10:54.413+0100] {processor.py:208} INFO - Processing /home/Data_Professional/PycharmProjects/DE_Zoomcamp_Capstone_Project/.venv/lib/python3.10/site-packages/airflow/example_dags/example_dataset_alias.py took 0.184 seconds
[2025-04-05T10:11:57.038+0100] {processor.py:186} INFO - Started process (PID=14935) to work on /home/Data_Professional/PycharmProjects/DE_Zoomcamp_Capstone_Project/.venv/lib/python3.10/site-packages/airflow/example_dags/example_dataset_alias.py
[2025-04-05T10:11:57.041+0100] {processor.py:914} INFO - Processing file /home/Data_Professional/PycharmProjects/DE_Zoomcamp_Capstone_Project/.venv/lib/python3.10/site-packages/airflow/example_dags/example_dataset_alias.py for tasks to queue
[2025-04-05T10:11:57.044+0100] {logging_mixin.py:190} INFO - [2025-04-05T10:11:57.043+0100] {dagbag.py:588} INFO - Filling up the DagBag from /home/Data_Professional/PycharmProjects/DE_Zoomcamp_Capstone_Project/.venv/lib/python3.10/site-packages/airflow/example_dags/example_dataset_alias.py
[2025-04-05T10:11:57.071+0100] {processor.py:925} INFO - DAG(s) 'dataset_s3_bucket_producer', 'dataset_s3_bucket_consumer', 'dataset_alias_example_alias_consumer', 'dataset_alias_example_alias_producer' retrieved from /home/Data_Professional/PycharmProjects/DE_Zoomcamp_Capstone_Project/.venv/lib/python3.10/site-packages/airflow/example_dags/example_dataset_alias.py
[2025-04-05T10:11:57.088+0100] {logging_mixin.py:190} INFO - [2025-04-05T10:11:57.088+0100] {dag.py:3239} INFO - Sync 4 DAGs
[2025-04-05T10:11:57.104+0100] {logging_mixin.py:190} INFO - [2025-04-05T10:11:57.104+0100] {dag.py:4180} INFO - Setting next_dagrun for dataset_alias_example_alias_consumer to None, run_after=None
[2025-04-05T10:11:57.106+0100] {logging_mixin.py:190} INFO - [2025-04-05T10:11:57.106+0100] {dag.py:4180} INFO - Setting next_dagrun for dataset_alias_example_alias_producer to None, run_after=None
[2025-04-05T10:11:57.107+0100] {logging_mixin.py:190} INFO - [2025-04-05T10:11:57.107+0100] {dag.py:4180} INFO - Setting next_dagrun for dataset_s3_bucket_consumer to None, run_after=None
[2025-04-05T10:11:57.108+0100] {logging_mixin.py:190} INFO - [2025-04-05T10:11:57.108+0100] {dag.py:4180} INFO - Setting next_dagrun for dataset_s3_bucket_producer to None, run_after=None
[2025-04-05T10:11:57.207+0100] {processor.py:208} INFO - Processing /home/Data_Professional/PycharmProjects/DE_Zoomcamp_Capstone_Project/.venv/lib/python3.10/site-packages/airflow/example_dags/example_dataset_alias.py took 0.184 seconds
[2025-04-05T10:13:02.888+0100] {processor.py:186} INFO - Started process (PID=15076) to work on /home/Data_Professional/PycharmProjects/DE_Zoomcamp_Capstone_Project/.venv/lib/python3.10/site-packages/airflow/example_dags/example_dataset_alias.py
[2025-04-05T10:13:02.890+0100] {processor.py:914} INFO - Processing file /home/Data_Professional/PycharmProjects/DE_Zoomcamp_Capstone_Project/.venv/lib/python3.10/site-packages/airflow/example_dags/example_dataset_alias.py for tasks to queue
[2025-04-05T10:13:02.891+0100] {logging_mixin.py:190} INFO - [2025-04-05T10:13:02.891+0100] {dagbag.py:588} INFO - Filling up the DagBag from /home/Data_Professional/PycharmProjects/DE_Zoomcamp_Capstone_Project/.venv/lib/python3.10/site-packages/airflow/example_dags/example_dataset_alias.py
[2025-04-05T10:13:02.909+0100] {processor.py:925} INFO - DAG(s) 'dataset_alias_example_alias_producer', 'dataset_s3_bucket_consumer', 'dataset_alias_example_alias_consumer', 'dataset_s3_bucket_producer' retrieved from /home/Data_Professional/PycharmProjects/DE_Zoomcamp_Capstone_Project/.venv/lib/python3.10/site-packages/airflow/example_dags/example_dataset_alias.py
[2025-04-05T10:13:02.926+0100] {logging_mixin.py:190} INFO - [2025-04-05T10:13:02.926+0100] {dag.py:3239} INFO - Sync 4 DAGs
[2025-04-05T10:13:02.942+0100] {logging_mixin.py:190} INFO - [2025-04-05T10:13:02.942+0100] {dag.py:4180} INFO - Setting next_dagrun for dataset_alias_example_alias_consumer to None, run_after=None
[2025-04-05T10:13:02.944+0100] {logging_mixin.py:190} INFO - [2025-04-05T10:13:02.944+0100] {dag.py:4180} INFO - Setting next_dagrun for dataset_alias_example_alias_producer to None, run_after=None
[2025-04-05T10:13:02.945+0100] {logging_mixin.py:190} INFO - [2025-04-05T10:13:02.945+0100] {dag.py:4180} INFO - Setting next_dagrun for dataset_s3_bucket_consumer to None, run_after=None
[2025-04-05T10:13:02.947+0100] {logging_mixin.py:190} INFO - [2025-04-05T10:13:02.947+0100] {dag.py:4180} INFO - Setting next_dagrun for dataset_s3_bucket_producer to None, run_after=None
[2025-04-05T10:13:02.970+0100] {processor.py:208} INFO - Processing /home/Data_Professional/PycharmProjects/DE_Zoomcamp_Capstone_Project/.venv/lib/python3.10/site-packages/airflow/example_dags/example_dataset_alias.py took 0.087 seconds
[2025-04-05T10:14:01.184+0100] {processor.py:186} INFO - Started process (PID=15161) to work on /home/Data_Professional/PycharmProjects/DE_Zoomcamp_Capstone_Project/.venv/lib/python3.10/site-packages/airflow/example_dags/example_dataset_alias.py
[2025-04-05T10:14:01.186+0100] {processor.py:914} INFO - Processing file /home/Data_Professional/PycharmProjects/DE_Zoomcamp_Capstone_Project/.venv/lib/python3.10/site-packages/airflow/example_dags/example_dataset_alias.py for tasks to queue
[2025-04-05T10:14:01.187+0100] {logging_mixin.py:190} INFO - [2025-04-05T10:14:01.187+0100] {dagbag.py:588} INFO - Filling up the DagBag from /home/Data_Professional/PycharmProjects/DE_Zoomcamp_Capstone_Project/.venv/lib/python3.10/site-packages/airflow/example_dags/example_dataset_alias.py
[2025-04-05T10:14:01.205+0100] {processor.py:925} INFO - DAG(s) 'dataset_alias_example_alias_producer', 'dataset_alias_example_alias_consumer', 'dataset_s3_bucket_consumer', 'dataset_s3_bucket_producer' retrieved from /home/Data_Professional/PycharmProjects/DE_Zoomcamp_Capstone_Project/.venv/lib/python3.10/site-packages/airflow/example_dags/example_dataset_alias.py
[2025-04-05T10:14:01.222+0100] {logging_mixin.py:190} INFO - [2025-04-05T10:14:01.222+0100] {dag.py:3239} INFO - Sync 4 DAGs
[2025-04-05T10:14:01.237+0100] {logging_mixin.py:190} INFO - [2025-04-05T10:14:01.237+0100] {dag.py:4180} INFO - Setting next_dagrun for dataset_alias_example_alias_consumer to None, run_after=None
[2025-04-05T10:14:01.239+0100] {logging_mixin.py:190} INFO - [2025-04-05T10:14:01.239+0100] {dag.py:4180} INFO - Setting next_dagrun for dataset_alias_example_alias_producer to None, run_after=None
[2025-04-05T10:14:01.240+0100] {logging_mixin.py:190} INFO - [2025-04-05T10:14:01.240+0100] {dag.py:4180} INFO - Setting next_dagrun for dataset_s3_bucket_consumer to None, run_after=None
[2025-04-05T10:14:01.241+0100] {logging_mixin.py:190} INFO - [2025-04-05T10:14:01.241+0100] {dag.py:4180} INFO - Setting next_dagrun for dataset_s3_bucket_producer to None, run_after=None
[2025-04-05T10:14:01.260+0100] {processor.py:208} INFO - Processing /home/Data_Professional/PycharmProjects/DE_Zoomcamp_Capstone_Project/.venv/lib/python3.10/site-packages/airflow/example_dags/example_dataset_alias.py took 0.080 seconds
[2025-04-05T12:23:57.026+0100] {processor.py:186} INFO - Started process (PID=15468) to work on /home/Data_Professional/PycharmProjects/DE_Zoomcamp_Capstone_Project/.venv/lib/python3.10/site-packages/airflow/example_dags/example_dataset_alias.py
[2025-04-05T12:23:57.027+0100] {processor.py:914} INFO - Processing file /home/Data_Professional/PycharmProjects/DE_Zoomcamp_Capstone_Project/.venv/lib/python3.10/site-packages/airflow/example_dags/example_dataset_alias.py for tasks to queue
[2025-04-05T12:23:57.029+0100] {logging_mixin.py:190} INFO - [2025-04-05T12:23:57.028+0100] {dagbag.py:588} INFO - Filling up the DagBag from /home/Data_Professional/PycharmProjects/DE_Zoomcamp_Capstone_Project/.venv/lib/python3.10/site-packages/airflow/example_dags/example_dataset_alias.py
[2025-04-05T12:23:57.058+0100] {processor.py:925} INFO - DAG(s) 'dataset_alias_example_alias_consumer', 'dataset_s3_bucket_producer', 'dataset_alias_example_alias_producer', 'dataset_s3_bucket_consumer' retrieved from /home/Data_Professional/PycharmProjects/DE_Zoomcamp_Capstone_Project/.venv/lib/python3.10/site-packages/airflow/example_dags/example_dataset_alias.py
[2025-04-05T12:23:57.085+0100] {logging_mixin.py:190} INFO - [2025-04-05T12:23:57.085+0100] {dag.py:3239} INFO - Sync 4 DAGs
[2025-04-05T12:23:57.212+0100] {logging_mixin.py:190} INFO - [2025-04-05T12:23:57.212+0100] {dag.py:4180} INFO - Setting next_dagrun for dataset_alias_example_alias_consumer to None, run_after=None
[2025-04-05T12:23:57.215+0100] {logging_mixin.py:190} INFO - [2025-04-05T12:23:57.214+0100] {dag.py:4180} INFO - Setting next_dagrun for dataset_alias_example_alias_producer to None, run_after=None
[2025-04-05T12:23:57.216+0100] {logging_mixin.py:190} INFO - [2025-04-05T12:23:57.216+0100] {dag.py:4180} INFO - Setting next_dagrun for dataset_s3_bucket_consumer to None, run_after=None
[2025-04-05T12:23:57.217+0100] {logging_mixin.py:190} INFO - [2025-04-05T12:23:57.217+0100] {dag.py:4180} INFO - Setting next_dagrun for dataset_s3_bucket_producer to None, run_after=None
[2025-04-05T12:23:57.241+0100] {processor.py:208} INFO - Processing /home/Data_Professional/PycharmProjects/DE_Zoomcamp_Capstone_Project/.venv/lib/python3.10/site-packages/airflow/example_dags/example_dataset_alias.py took 0.222 seconds
