[2025-04-05T09:55:39.498+0100] {processor.py:186} INFO - Started process (PID=11903) to work on /home/Data_Professional/PycharmProjects/DE_Zoomcamp_Capstone_Project/.venv/lib/python3.10/site-packages/airflow/example_dags/example_dynamic_task_mapping.py
[2025-04-05T09:55:39.499+0100] {processor.py:914} INFO - Processing file /home/Data_Professional/PycharmProjects/DE_Zoomcamp_Capstone_Project/.venv/lib/python3.10/site-packages/airflow/example_dags/example_dynamic_task_mapping.py for tasks to queue
[2025-04-05T09:55:39.503+0100] {logging_mixin.py:190} INFO - [2025-04-05T09:55:39.502+0100] {dagbag.py:588} INFO - Filling up the DagBag from /home/Data_Professional/PycharmProjects/DE_Zoomcamp_Capstone_Project/.venv/lib/python3.10/site-packages/airflow/example_dags/example_dynamic_task_mapping.py
[2025-04-05T09:55:39.513+0100] {processor.py:925} INFO - DAG(s) 'example_dynamic_task_mapping' retrieved from /home/Data_Professional/PycharmProjects/DE_Zoomcamp_Capstone_Project/.venv/lib/python3.10/site-packages/airflow/example_dags/example_dynamic_task_mapping.py
[2025-04-05T09:55:39.593+0100] {logging_mixin.py:190} INFO - [2025-04-05T09:55:39.592+0100] {override.py:1912} INFO - Created Permission View: can read on DAG:example_dynamic_task_mapping
[2025-04-05T09:55:39.603+0100] {logging_mixin.py:190} INFO - [2025-04-05T09:55:39.603+0100] {override.py:1912} INFO - Created Permission View: can delete on DAG:example_dynamic_task_mapping
[2025-04-05T09:55:39.610+0100] {logging_mixin.py:190} INFO - [2025-04-05T09:55:39.610+0100] {override.py:1912} INFO - Created Permission View: can edit on DAG:example_dynamic_task_mapping
[2025-04-05T09:55:39.619+0100] {logging_mixin.py:190} INFO - [2025-04-05T09:55:39.619+0100] {override.py:1912} INFO - Created Permission View: can create on DAG Run:example_dynamic_task_mapping
[2025-04-05T09:55:39.626+0100] {logging_mixin.py:190} INFO - [2025-04-05T09:55:39.626+0100] {override.py:1912} INFO - Created Permission View: can read on DAG Run:example_dynamic_task_mapping
[2025-04-05T09:55:39.632+0100] {logging_mixin.py:190} INFO - [2025-04-05T09:55:39.632+0100] {override.py:1912} INFO - Created Permission View: can delete on DAG Run:example_dynamic_task_mapping
[2025-04-05T09:55:39.638+0100] {logging_mixin.py:190} INFO - [2025-04-05T09:55:39.638+0100] {override.py:1912} INFO - Created Permission View: menu access on DAG Run:example_dynamic_task_mapping
[2025-04-05T09:55:39.639+0100] {logging_mixin.py:190} INFO - [2025-04-05T09:55:39.639+0100] {dag.py:3239} INFO - Sync 1 DAGs
[2025-04-05T09:55:39.649+0100] {logging_mixin.py:190} INFO - [2025-04-05T09:55:39.649+0100] {dag.py:3262} INFO - Creating ORM DAG for example_dynamic_task_mapping
[2025-04-05T09:55:39.649+0100] {logging_mixin.py:190} INFO - [2025-04-05T09:55:39.649+0100] {dag.py:4180} INFO - Setting next_dagrun for example_dynamic_task_mapping to None, run_after=None
[2025-04-05T09:55:39.663+0100] {processor.py:208} INFO - Processing /home/Data_Professional/PycharmProjects/DE_Zoomcamp_Capstone_Project/.venv/lib/python3.10/site-packages/airflow/example_dags/example_dynamic_task_mapping.py took 0.181 seconds
[2025-04-05T09:56:44.451+0100] {processor.py:186} INFO - Started process (PID=12235) to work on /home/Data_Professional/PycharmProjects/DE_Zoomcamp_Capstone_Project/.venv/lib/python3.10/site-packages/airflow/example_dags/example_dynamic_task_mapping.py
[2025-04-05T09:56:44.454+0100] {processor.py:914} INFO - Processing file /home/Data_Professional/PycharmProjects/DE_Zoomcamp_Capstone_Project/.venv/lib/python3.10/site-packages/airflow/example_dags/example_dynamic_task_mapping.py for tasks to queue
[2025-04-05T09:56:44.459+0100] {logging_mixin.py:190} INFO - [2025-04-05T09:56:44.458+0100] {dagbag.py:588} INFO - Filling up the DagBag from /home/Data_Professional/PycharmProjects/DE_Zoomcamp_Capstone_Project/.venv/lib/python3.10/site-packages/airflow/example_dags/example_dynamic_task_mapping.py
[2025-04-05T09:56:44.476+0100] {processor.py:925} INFO - DAG(s) 'example_dynamic_task_mapping' retrieved from /home/Data_Professional/PycharmProjects/DE_Zoomcamp_Capstone_Project/.venv/lib/python3.10/site-packages/airflow/example_dags/example_dynamic_task_mapping.py
[2025-04-05T09:56:44.491+0100] {logging_mixin.py:190} INFO - [2025-04-05T09:56:44.491+0100] {dag.py:3239} INFO - Sync 1 DAGs
[2025-04-05T09:56:44.502+0100] {logging_mixin.py:190} INFO - [2025-04-05T09:56:44.501+0100] {dag.py:4180} INFO - Setting next_dagrun for example_dynamic_task_mapping to None, run_after=None
[2025-04-05T09:56:44.517+0100] {processor.py:208} INFO - Processing /home/Data_Professional/PycharmProjects/DE_Zoomcamp_Capstone_Project/.venv/lib/python3.10/site-packages/airflow/example_dags/example_dynamic_task_mapping.py took 0.075 seconds
[2025-04-05T09:57:40.786+0100] {processor.py:186} INFO - Started process (PID=12300) to work on /home/Data_Professional/PycharmProjects/DE_Zoomcamp_Capstone_Project/.venv/lib/python3.10/site-packages/airflow/example_dags/example_dynamic_task_mapping.py
[2025-04-05T09:57:40.788+0100] {processor.py:914} INFO - Processing file /home/Data_Professional/PycharmProjects/DE_Zoomcamp_Capstone_Project/.venv/lib/python3.10/site-packages/airflow/example_dags/example_dynamic_task_mapping.py for tasks to queue
[2025-04-05T09:57:40.790+0100] {logging_mixin.py:190} INFO - [2025-04-05T09:57:40.790+0100] {dagbag.py:588} INFO - Filling up the DagBag from /home/Data_Professional/PycharmProjects/DE_Zoomcamp_Capstone_Project/.venv/lib/python3.10/site-packages/airflow/example_dags/example_dynamic_task_mapping.py
[2025-04-05T09:57:40.797+0100] {processor.py:925} INFO - DAG(s) 'example_dynamic_task_mapping' retrieved from /home/Data_Professional/PycharmProjects/DE_Zoomcamp_Capstone_Project/.venv/lib/python3.10/site-packages/airflow/example_dags/example_dynamic_task_mapping.py
[2025-04-05T09:57:40.810+0100] {logging_mixin.py:190} INFO - [2025-04-05T09:57:40.810+0100] {dag.py:3239} INFO - Sync 1 DAGs
[2025-04-05T09:57:40.820+0100] {logging_mixin.py:190} INFO - [2025-04-05T09:57:40.820+0100] {dag.py:4180} INFO - Setting next_dagrun for example_dynamic_task_mapping to None, run_after=None
[2025-04-05T09:57:40.844+0100] {processor.py:208} INFO - Processing /home/Data_Professional/PycharmProjects/DE_Zoomcamp_Capstone_Project/.venv/lib/python3.10/site-packages/airflow/example_dags/example_dynamic_task_mapping.py took 0.063 seconds
[2025-04-05T09:58:37.826+0100] {processor.py:186} INFO - Started process (PID=12369) to work on /home/Data_Professional/PycharmProjects/DE_Zoomcamp_Capstone_Project/.venv/lib/python3.10/site-packages/airflow/example_dags/example_dynamic_task_mapping.py
[2025-04-05T09:58:37.830+0100] {processor.py:914} INFO - Processing file /home/Data_Professional/PycharmProjects/DE_Zoomcamp_Capstone_Project/.venv/lib/python3.10/site-packages/airflow/example_dags/example_dynamic_task_mapping.py for tasks to queue
[2025-04-05T09:58:37.833+0100] {logging_mixin.py:190} INFO - [2025-04-05T09:58:37.833+0100] {dagbag.py:588} INFO - Filling up the DagBag from /home/Data_Professional/PycharmProjects/DE_Zoomcamp_Capstone_Project/.venv/lib/python3.10/site-packages/airflow/example_dags/example_dynamic_task_mapping.py
[2025-04-05T09:58:37.847+0100] {processor.py:925} INFO - DAG(s) 'example_dynamic_task_mapping' retrieved from /home/Data_Professional/PycharmProjects/DE_Zoomcamp_Capstone_Project/.venv/lib/python3.10/site-packages/airflow/example_dags/example_dynamic_task_mapping.py
[2025-04-05T09:58:37.862+0100] {logging_mixin.py:190} INFO - [2025-04-05T09:58:37.862+0100] {dag.py:3239} INFO - Sync 1 DAGs
[2025-04-05T09:58:37.873+0100] {logging_mixin.py:190} INFO - [2025-04-05T09:58:37.873+0100] {dag.py:4180} INFO - Setting next_dagrun for example_dynamic_task_mapping to None, run_after=None
[2025-04-05T09:58:37.888+0100] {processor.py:208} INFO - Processing /home/Data_Professional/PycharmProjects/DE_Zoomcamp_Capstone_Project/.venv/lib/python3.10/site-packages/airflow/example_dags/example_dynamic_task_mapping.py took 0.073 seconds
[2025-04-05T09:59:33.978+0100] {processor.py:186} INFO - Started process (PID=12442) to work on /home/Data_Professional/PycharmProjects/DE_Zoomcamp_Capstone_Project/.venv/lib/python3.10/site-packages/airflow/example_dags/example_dynamic_task_mapping.py
[2025-04-05T09:59:33.981+0100] {processor.py:914} INFO - Processing file /home/Data_Professional/PycharmProjects/DE_Zoomcamp_Capstone_Project/.venv/lib/python3.10/site-packages/airflow/example_dags/example_dynamic_task_mapping.py for tasks to queue
[2025-04-05T09:59:33.982+0100] {logging_mixin.py:190} INFO - [2025-04-05T09:59:33.982+0100] {dagbag.py:588} INFO - Filling up the DagBag from /home/Data_Professional/PycharmProjects/DE_Zoomcamp_Capstone_Project/.venv/lib/python3.10/site-packages/airflow/example_dags/example_dynamic_task_mapping.py
[2025-04-05T09:59:33.989+0100] {processor.py:925} INFO - DAG(s) 'example_dynamic_task_mapping' retrieved from /home/Data_Professional/PycharmProjects/DE_Zoomcamp_Capstone_Project/.venv/lib/python3.10/site-packages/airflow/example_dags/example_dynamic_task_mapping.py
[2025-04-05T09:59:34.000+0100] {logging_mixin.py:190} INFO - [2025-04-05T09:59:34.000+0100] {dag.py:3239} INFO - Sync 1 DAGs
[2025-04-05T09:59:34.011+0100] {logging_mixin.py:190} INFO - [2025-04-05T09:59:34.010+0100] {dag.py:4180} INFO - Setting next_dagrun for example_dynamic_task_mapping to None, run_after=None
[2025-04-05T09:59:34.028+0100] {processor.py:208} INFO - Processing /home/Data_Professional/PycharmProjects/DE_Zoomcamp_Capstone_Project/.venv/lib/python3.10/site-packages/airflow/example_dags/example_dynamic_task_mapping.py took 0.055 seconds
[2025-04-05T10:00:32.914+0100] {processor.py:186} INFO - Started process (PID=12789) to work on /home/Data_Professional/PycharmProjects/DE_Zoomcamp_Capstone_Project/.venv/lib/python3.10/site-packages/airflow/example_dags/example_dynamic_task_mapping.py
[2025-04-05T10:00:32.917+0100] {processor.py:914} INFO - Processing file /home/Data_Professional/PycharmProjects/DE_Zoomcamp_Capstone_Project/.venv/lib/python3.10/site-packages/airflow/example_dags/example_dynamic_task_mapping.py for tasks to queue
[2025-04-05T10:00:32.918+0100] {logging_mixin.py:190} INFO - [2025-04-05T10:00:32.918+0100] {dagbag.py:588} INFO - Filling up the DagBag from /home/Data_Professional/PycharmProjects/DE_Zoomcamp_Capstone_Project/.venv/lib/python3.10/site-packages/airflow/example_dags/example_dynamic_task_mapping.py
[2025-04-05T10:00:32.925+0100] {processor.py:925} INFO - DAG(s) 'example_dynamic_task_mapping' retrieved from /home/Data_Professional/PycharmProjects/DE_Zoomcamp_Capstone_Project/.venv/lib/python3.10/site-packages/airflow/example_dags/example_dynamic_task_mapping.py
[2025-04-05T10:00:32.938+0100] {logging_mixin.py:190} INFO - [2025-04-05T10:00:32.938+0100] {dag.py:3239} INFO - Sync 1 DAGs
[2025-04-05T10:00:32.950+0100] {logging_mixin.py:190} INFO - [2025-04-05T10:00:32.950+0100] {dag.py:4180} INFO - Setting next_dagrun for example_dynamic_task_mapping to None, run_after=None
[2025-04-05T10:00:32.969+0100] {processor.py:208} INFO - Processing /home/Data_Professional/PycharmProjects/DE_Zoomcamp_Capstone_Project/.venv/lib/python3.10/site-packages/airflow/example_dags/example_dynamic_task_mapping.py took 0.063 seconds
[2025-04-05T10:01:30.648+0100] {processor.py:186} INFO - Started process (PID=12900) to work on /home/Data_Professional/PycharmProjects/DE_Zoomcamp_Capstone_Project/.venv/lib/python3.10/site-packages/airflow/example_dags/example_dynamic_task_mapping.py
[2025-04-05T10:01:30.651+0100] {processor.py:914} INFO - Processing file /home/Data_Professional/PycharmProjects/DE_Zoomcamp_Capstone_Project/.venv/lib/python3.10/site-packages/airflow/example_dags/example_dynamic_task_mapping.py for tasks to queue
[2025-04-05T10:01:30.652+0100] {logging_mixin.py:190} INFO - [2025-04-05T10:01:30.652+0100] {dagbag.py:588} INFO - Filling up the DagBag from /home/Data_Professional/PycharmProjects/DE_Zoomcamp_Capstone_Project/.venv/lib/python3.10/site-packages/airflow/example_dags/example_dynamic_task_mapping.py
[2025-04-05T10:01:30.660+0100] {processor.py:925} INFO - DAG(s) 'example_dynamic_task_mapping' retrieved from /home/Data_Professional/PycharmProjects/DE_Zoomcamp_Capstone_Project/.venv/lib/python3.10/site-packages/airflow/example_dags/example_dynamic_task_mapping.py
[2025-04-05T10:01:30.673+0100] {logging_mixin.py:190} INFO - [2025-04-05T10:01:30.673+0100] {dag.py:3239} INFO - Sync 1 DAGs
[2025-04-05T10:01:30.683+0100] {logging_mixin.py:190} INFO - [2025-04-05T10:01:30.683+0100] {dag.py:4180} INFO - Setting next_dagrun for example_dynamic_task_mapping to None, run_after=None
[2025-04-05T10:01:30.699+0100] {processor.py:208} INFO - Processing /home/Data_Professional/PycharmProjects/DE_Zoomcamp_Capstone_Project/.venv/lib/python3.10/site-packages/airflow/example_dags/example_dynamic_task_mapping.py took 0.056 seconds
[2025-04-05T10:02:27.834+0100] {processor.py:186} INFO - Started process (PID=13046) to work on /home/Data_Professional/PycharmProjects/DE_Zoomcamp_Capstone_Project/.venv/lib/python3.10/site-packages/airflow/example_dags/example_dynamic_task_mapping.py
[2025-04-05T10:02:27.838+0100] {processor.py:914} INFO - Processing file /home/Data_Professional/PycharmProjects/DE_Zoomcamp_Capstone_Project/.venv/lib/python3.10/site-packages/airflow/example_dags/example_dynamic_task_mapping.py for tasks to queue
[2025-04-05T10:02:27.843+0100] {logging_mixin.py:190} INFO - [2025-04-05T10:02:27.842+0100] {dagbag.py:588} INFO - Filling up the DagBag from /home/Data_Professional/PycharmProjects/DE_Zoomcamp_Capstone_Project/.venv/lib/python3.10/site-packages/airflow/example_dags/example_dynamic_task_mapping.py
[2025-04-05T10:02:27.860+0100] {processor.py:925} INFO - DAG(s) 'example_dynamic_task_mapping' retrieved from /home/Data_Professional/PycharmProjects/DE_Zoomcamp_Capstone_Project/.venv/lib/python3.10/site-packages/airflow/example_dags/example_dynamic_task_mapping.py
[2025-04-05T10:02:27.889+0100] {logging_mixin.py:190} INFO - [2025-04-05T10:02:27.889+0100] {dag.py:3239} INFO - Sync 1 DAGs
[2025-04-05T10:02:27.906+0100] {logging_mixin.py:190} INFO - [2025-04-05T10:02:27.905+0100] {dag.py:4180} INFO - Setting next_dagrun for example_dynamic_task_mapping to None, run_after=None
[2025-04-05T10:02:27.927+0100] {processor.py:208} INFO - Processing /home/Data_Professional/PycharmProjects/DE_Zoomcamp_Capstone_Project/.venv/lib/python3.10/site-packages/airflow/example_dags/example_dynamic_task_mapping.py took 0.112 seconds
[2025-04-05T10:03:24.960+0100] {processor.py:186} INFO - Started process (PID=13130) to work on /home/Data_Professional/PycharmProjects/DE_Zoomcamp_Capstone_Project/.venv/lib/python3.10/site-packages/airflow/example_dags/example_dynamic_task_mapping.py
[2025-04-05T10:03:24.961+0100] {processor.py:914} INFO - Processing file /home/Data_Professional/PycharmProjects/DE_Zoomcamp_Capstone_Project/.venv/lib/python3.10/site-packages/airflow/example_dags/example_dynamic_task_mapping.py for tasks to queue
[2025-04-05T10:03:24.964+0100] {logging_mixin.py:190} INFO - [2025-04-05T10:03:24.964+0100] {dagbag.py:588} INFO - Filling up the DagBag from /home/Data_Professional/PycharmProjects/DE_Zoomcamp_Capstone_Project/.venv/lib/python3.10/site-packages/airflow/example_dags/example_dynamic_task_mapping.py
[2025-04-05T10:03:24.975+0100] {processor.py:925} INFO - DAG(s) 'example_dynamic_task_mapping' retrieved from /home/Data_Professional/PycharmProjects/DE_Zoomcamp_Capstone_Project/.venv/lib/python3.10/site-packages/airflow/example_dags/example_dynamic_task_mapping.py
[2025-04-05T10:03:24.989+0100] {logging_mixin.py:190} INFO - [2025-04-05T10:03:24.989+0100] {dag.py:3239} INFO - Sync 1 DAGs
[2025-04-05T10:03:25.001+0100] {logging_mixin.py:190} INFO - [2025-04-05T10:03:25.001+0100] {dag.py:4180} INFO - Setting next_dagrun for example_dynamic_task_mapping to None, run_after=None
[2025-04-05T10:03:25.018+0100] {processor.py:208} INFO - Processing /home/Data_Professional/PycharmProjects/DE_Zoomcamp_Capstone_Project/.venv/lib/python3.10/site-packages/airflow/example_dags/example_dynamic_task_mapping.py took 0.067 seconds
[2025-04-05T10:04:27.207+0100] {processor.py:186} INFO - Started process (PID=13245) to work on /home/Data_Professional/PycharmProjects/DE_Zoomcamp_Capstone_Project/.venv/lib/python3.10/site-packages/airflow/example_dags/example_dynamic_task_mapping.py
[2025-04-05T10:04:27.210+0100] {processor.py:914} INFO - Processing file /home/Data_Professional/PycharmProjects/DE_Zoomcamp_Capstone_Project/.venv/lib/python3.10/site-packages/airflow/example_dags/example_dynamic_task_mapping.py for tasks to queue
[2025-04-05T10:04:27.215+0100] {logging_mixin.py:190} INFO - [2025-04-05T10:04:27.214+0100] {dagbag.py:588} INFO - Filling up the DagBag from /home/Data_Professional/PycharmProjects/DE_Zoomcamp_Capstone_Project/.venv/lib/python3.10/site-packages/airflow/example_dags/example_dynamic_task_mapping.py
[2025-04-05T10:04:27.231+0100] {processor.py:925} INFO - DAG(s) 'example_dynamic_task_mapping' retrieved from /home/Data_Professional/PycharmProjects/DE_Zoomcamp_Capstone_Project/.venv/lib/python3.10/site-packages/airflow/example_dags/example_dynamic_task_mapping.py
[2025-04-05T10:04:27.246+0100] {logging_mixin.py:190} INFO - [2025-04-05T10:04:27.245+0100] {dag.py:3239} INFO - Sync 1 DAGs
[2025-04-05T10:04:27.256+0100] {logging_mixin.py:190} INFO - [2025-04-05T10:04:27.255+0100] {dag.py:4180} INFO - Setting next_dagrun for example_dynamic_task_mapping to None, run_after=None
[2025-04-05T10:04:27.272+0100] {processor.py:208} INFO - Processing /home/Data_Professional/PycharmProjects/DE_Zoomcamp_Capstone_Project/.venv/lib/python3.10/site-packages/airflow/example_dags/example_dynamic_task_mapping.py took 0.074 seconds
[2025-04-05T10:05:25.272+0100] {processor.py:186} INFO - Started process (PID=13522) to work on /home/Data_Professional/PycharmProjects/DE_Zoomcamp_Capstone_Project/.venv/lib/python3.10/site-packages/airflow/example_dags/example_dynamic_task_mapping.py
[2025-04-05T10:05:25.273+0100] {processor.py:914} INFO - Processing file /home/Data_Professional/PycharmProjects/DE_Zoomcamp_Capstone_Project/.venv/lib/python3.10/site-packages/airflow/example_dags/example_dynamic_task_mapping.py for tasks to queue
[2025-04-05T10:05:25.274+0100] {logging_mixin.py:190} INFO - [2025-04-05T10:05:25.274+0100] {dagbag.py:588} INFO - Filling up the DagBag from /home/Data_Professional/PycharmProjects/DE_Zoomcamp_Capstone_Project/.venv/lib/python3.10/site-packages/airflow/example_dags/example_dynamic_task_mapping.py
[2025-04-05T10:05:25.283+0100] {processor.py:925} INFO - DAG(s) 'example_dynamic_task_mapping' retrieved from /home/Data_Professional/PycharmProjects/DE_Zoomcamp_Capstone_Project/.venv/lib/python3.10/site-packages/airflow/example_dags/example_dynamic_task_mapping.py
[2025-04-05T10:05:25.297+0100] {logging_mixin.py:190} INFO - [2025-04-05T10:05:25.297+0100] {dag.py:3239} INFO - Sync 1 DAGs
[2025-04-05T10:05:25.307+0100] {logging_mixin.py:190} INFO - [2025-04-05T10:05:25.307+0100] {dag.py:4180} INFO - Setting next_dagrun for example_dynamic_task_mapping to None, run_after=None
[2025-04-05T10:05:25.324+0100] {processor.py:208} INFO - Processing /home/Data_Professional/PycharmProjects/DE_Zoomcamp_Capstone_Project/.venv/lib/python3.10/site-packages/airflow/example_dags/example_dynamic_task_mapping.py took 0.059 seconds
[2025-04-05T10:06:27.378+0100] {processor.py:186} INFO - Started process (PID=13698) to work on /home/Data_Professional/PycharmProjects/DE_Zoomcamp_Capstone_Project/.venv/lib/python3.10/site-packages/airflow/example_dags/example_dynamic_task_mapping.py
[2025-04-05T10:06:27.379+0100] {processor.py:914} INFO - Processing file /home/Data_Professional/PycharmProjects/DE_Zoomcamp_Capstone_Project/.venv/lib/python3.10/site-packages/airflow/example_dags/example_dynamic_task_mapping.py for tasks to queue
[2025-04-05T10:06:27.381+0100] {logging_mixin.py:190} INFO - [2025-04-05T10:06:27.380+0100] {dagbag.py:588} INFO - Filling up the DagBag from /home/Data_Professional/PycharmProjects/DE_Zoomcamp_Capstone_Project/.venv/lib/python3.10/site-packages/airflow/example_dags/example_dynamic_task_mapping.py
[2025-04-05T10:06:27.391+0100] {processor.py:925} INFO - DAG(s) 'example_dynamic_task_mapping' retrieved from /home/Data_Professional/PycharmProjects/DE_Zoomcamp_Capstone_Project/.venv/lib/python3.10/site-packages/airflow/example_dags/example_dynamic_task_mapping.py
[2025-04-05T10:06:27.407+0100] {logging_mixin.py:190} INFO - [2025-04-05T10:06:27.407+0100] {dag.py:3239} INFO - Sync 1 DAGs
[2025-04-05T10:06:27.417+0100] {logging_mixin.py:190} INFO - [2025-04-05T10:06:27.417+0100] {dag.py:4180} INFO - Setting next_dagrun for example_dynamic_task_mapping to None, run_after=None
[2025-04-05T10:06:27.446+0100] {processor.py:208} INFO - Processing /home/Data_Professional/PycharmProjects/DE_Zoomcamp_Capstone_Project/.venv/lib/python3.10/site-packages/airflow/example_dags/example_dynamic_task_mapping.py took 0.076 seconds
[2025-04-05T10:07:28.663+0100] {processor.py:186} INFO - Started process (PID=13879) to work on /home/Data_Professional/PycharmProjects/DE_Zoomcamp_Capstone_Project/.venv/lib/python3.10/site-packages/airflow/example_dags/example_dynamic_task_mapping.py
[2025-04-05T10:07:28.666+0100] {processor.py:914} INFO - Processing file /home/Data_Professional/PycharmProjects/DE_Zoomcamp_Capstone_Project/.venv/lib/python3.10/site-packages/airflow/example_dags/example_dynamic_task_mapping.py for tasks to queue
[2025-04-05T10:07:28.670+0100] {logging_mixin.py:190} INFO - [2025-04-05T10:07:28.669+0100] {dagbag.py:588} INFO - Filling up the DagBag from /home/Data_Professional/PycharmProjects/DE_Zoomcamp_Capstone_Project/.venv/lib/python3.10/site-packages/airflow/example_dags/example_dynamic_task_mapping.py
[2025-04-05T10:07:28.690+0100] {processor.py:925} INFO - DAG(s) 'example_dynamic_task_mapping' retrieved from /home/Data_Professional/PycharmProjects/DE_Zoomcamp_Capstone_Project/.venv/lib/python3.10/site-packages/airflow/example_dags/example_dynamic_task_mapping.py
[2025-04-05T10:07:28.707+0100] {logging_mixin.py:190} INFO - [2025-04-05T10:07:28.707+0100] {dag.py:3239} INFO - Sync 1 DAGs
[2025-04-05T10:07:28.718+0100] {logging_mixin.py:190} INFO - [2025-04-05T10:07:28.718+0100] {dag.py:4180} INFO - Setting next_dagrun for example_dynamic_task_mapping to None, run_after=None
[2025-04-05T10:07:28.736+0100] {processor.py:208} INFO - Processing /home/Data_Professional/PycharmProjects/DE_Zoomcamp_Capstone_Project/.venv/lib/python3.10/site-packages/airflow/example_dags/example_dynamic_task_mapping.py took 0.081 seconds
[2025-04-05T10:08:33.838+0100] {processor.py:186} INFO - Started process (PID=14212) to work on /home/Data_Professional/PycharmProjects/DE_Zoomcamp_Capstone_Project/.venv/lib/python3.10/site-packages/airflow/example_dags/example_dynamic_task_mapping.py
[2025-04-05T10:08:33.843+0100] {processor.py:914} INFO - Processing file /home/Data_Professional/PycharmProjects/DE_Zoomcamp_Capstone_Project/.venv/lib/python3.10/site-packages/airflow/example_dags/example_dynamic_task_mapping.py for tasks to queue
[2025-04-05T10:08:33.846+0100] {logging_mixin.py:190} INFO - [2025-04-05T10:08:33.845+0100] {dagbag.py:588} INFO - Filling up the DagBag from /home/Data_Professional/PycharmProjects/DE_Zoomcamp_Capstone_Project/.venv/lib/python3.10/site-packages/airflow/example_dags/example_dynamic_task_mapping.py
[2025-04-05T10:08:33.860+0100] {processor.py:925} INFO - DAG(s) 'example_dynamic_task_mapping' retrieved from /home/Data_Professional/PycharmProjects/DE_Zoomcamp_Capstone_Project/.venv/lib/python3.10/site-packages/airflow/example_dags/example_dynamic_task_mapping.py
[2025-04-05T10:08:33.881+0100] {logging_mixin.py:190} INFO - [2025-04-05T10:08:33.881+0100] {dag.py:3239} INFO - Sync 1 DAGs
[2025-04-05T10:08:33.893+0100] {logging_mixin.py:190} INFO - [2025-04-05T10:08:33.893+0100] {dag.py:4180} INFO - Setting next_dagrun for example_dynamic_task_mapping to None, run_after=None
[2025-04-05T10:08:33.914+0100] {processor.py:208} INFO - Processing /home/Data_Professional/PycharmProjects/DE_Zoomcamp_Capstone_Project/.venv/lib/python3.10/site-packages/airflow/example_dags/example_dynamic_task_mapping.py took 0.099 seconds
[2025-04-05T10:09:46.469+0100] {processor.py:186} INFO - Started process (PID=14365) to work on /home/Data_Professional/PycharmProjects/DE_Zoomcamp_Capstone_Project/.venv/lib/python3.10/site-packages/airflow/example_dags/example_dynamic_task_mapping.py
[2025-04-05T10:09:46.472+0100] {processor.py:914} INFO - Processing file /home/Data_Professional/PycharmProjects/DE_Zoomcamp_Capstone_Project/.venv/lib/python3.10/site-packages/airflow/example_dags/example_dynamic_task_mapping.py for tasks to queue
[2025-04-05T10:09:46.474+0100] {logging_mixin.py:190} INFO - [2025-04-05T10:09:46.473+0100] {dagbag.py:588} INFO - Filling up the DagBag from /home/Data_Professional/PycharmProjects/DE_Zoomcamp_Capstone_Project/.venv/lib/python3.10/site-packages/airflow/example_dags/example_dynamic_task_mapping.py
[2025-04-05T10:09:46.484+0100] {processor.py:925} INFO - DAG(s) 'example_dynamic_task_mapping' retrieved from /home/Data_Professional/PycharmProjects/DE_Zoomcamp_Capstone_Project/.venv/lib/python3.10/site-packages/airflow/example_dags/example_dynamic_task_mapping.py
[2025-04-05T10:09:46.497+0100] {logging_mixin.py:190} INFO - [2025-04-05T10:09:46.497+0100] {dag.py:3239} INFO - Sync 1 DAGs
[2025-04-05T10:09:46.507+0100] {logging_mixin.py:190} INFO - [2025-04-05T10:09:46.507+0100] {dag.py:4180} INFO - Setting next_dagrun for example_dynamic_task_mapping to None, run_after=None
[2025-04-05T10:09:46.525+0100] {processor.py:208} INFO - Processing /home/Data_Professional/PycharmProjects/DE_Zoomcamp_Capstone_Project/.venv/lib/python3.10/site-packages/airflow/example_dags/example_dynamic_task_mapping.py took 0.062 seconds
[2025-04-05T10:10:44.119+0100] {processor.py:186} INFO - Started process (PID=14548) to work on /home/Data_Professional/PycharmProjects/DE_Zoomcamp_Capstone_Project/.venv/lib/python3.10/site-packages/airflow/example_dags/example_dynamic_task_mapping.py
[2025-04-05T10:10:44.123+0100] {processor.py:914} INFO - Processing file /home/Data_Professional/PycharmProjects/DE_Zoomcamp_Capstone_Project/.venv/lib/python3.10/site-packages/airflow/example_dags/example_dynamic_task_mapping.py for tasks to queue
[2025-04-05T10:10:44.125+0100] {logging_mixin.py:190} INFO - [2025-04-05T10:10:44.125+0100] {dagbag.py:588} INFO - Filling up the DagBag from /home/Data_Professional/PycharmProjects/DE_Zoomcamp_Capstone_Project/.venv/lib/python3.10/site-packages/airflow/example_dags/example_dynamic_task_mapping.py
[2025-04-05T10:10:44.139+0100] {processor.py:925} INFO - DAG(s) 'example_dynamic_task_mapping' retrieved from /home/Data_Professional/PycharmProjects/DE_Zoomcamp_Capstone_Project/.venv/lib/python3.10/site-packages/airflow/example_dags/example_dynamic_task_mapping.py
[2025-04-05T10:10:44.156+0100] {logging_mixin.py:190} INFO - [2025-04-05T10:10:44.155+0100] {dag.py:3239} INFO - Sync 1 DAGs
[2025-04-05T10:10:44.185+0100] {logging_mixin.py:190} INFO - [2025-04-05T10:10:44.185+0100] {dag.py:4180} INFO - Setting next_dagrun for example_dynamic_task_mapping to None, run_after=None
[2025-04-05T10:10:44.247+0100] {processor.py:208} INFO - Processing /home/Data_Professional/PycharmProjects/DE_Zoomcamp_Capstone_Project/.venv/lib/python3.10/site-packages/airflow/example_dags/example_dynamic_task_mapping.py took 0.141 seconds
[2025-04-05T10:11:48.480+0100] {processor.py:186} INFO - Started process (PID=14916) to work on /home/Data_Professional/PycharmProjects/DE_Zoomcamp_Capstone_Project/.venv/lib/python3.10/site-packages/airflow/example_dags/example_dynamic_task_mapping.py
[2025-04-05T10:11:48.482+0100] {processor.py:914} INFO - Processing file /home/Data_Professional/PycharmProjects/DE_Zoomcamp_Capstone_Project/.venv/lib/python3.10/site-packages/airflow/example_dags/example_dynamic_task_mapping.py for tasks to queue
[2025-04-05T10:11:48.483+0100] {logging_mixin.py:190} INFO - [2025-04-05T10:11:48.483+0100] {dagbag.py:588} INFO - Filling up the DagBag from /home/Data_Professional/PycharmProjects/DE_Zoomcamp_Capstone_Project/.venv/lib/python3.10/site-packages/airflow/example_dags/example_dynamic_task_mapping.py
[2025-04-05T10:11:48.490+0100] {processor.py:925} INFO - DAG(s) 'example_dynamic_task_mapping' retrieved from /home/Data_Professional/PycharmProjects/DE_Zoomcamp_Capstone_Project/.venv/lib/python3.10/site-packages/airflow/example_dags/example_dynamic_task_mapping.py
[2025-04-05T10:11:48.502+0100] {logging_mixin.py:190} INFO - [2025-04-05T10:11:48.502+0100] {dag.py:3239} INFO - Sync 1 DAGs
[2025-04-05T10:11:48.512+0100] {logging_mixin.py:190} INFO - [2025-04-05T10:11:48.512+0100] {dag.py:4180} INFO - Setting next_dagrun for example_dynamic_task_mapping to None, run_after=None
[2025-04-05T10:11:48.528+0100] {processor.py:208} INFO - Processing /home/Data_Professional/PycharmProjects/DE_Zoomcamp_Capstone_Project/.venv/lib/python3.10/site-packages/airflow/example_dags/example_dynamic_task_mapping.py took 0.053 seconds
[2025-04-05T10:12:56.065+0100] {processor.py:186} INFO - Started process (PID=15066) to work on /home/Data_Professional/PycharmProjects/DE_Zoomcamp_Capstone_Project/.venv/lib/python3.10/site-packages/airflow/example_dags/example_dynamic_task_mapping.py
[2025-04-05T10:12:56.068+0100] {processor.py:914} INFO - Processing file /home/Data_Professional/PycharmProjects/DE_Zoomcamp_Capstone_Project/.venv/lib/python3.10/site-packages/airflow/example_dags/example_dynamic_task_mapping.py for tasks to queue
[2025-04-05T10:12:56.069+0100] {logging_mixin.py:190} INFO - [2025-04-05T10:12:56.069+0100] {dagbag.py:588} INFO - Filling up the DagBag from /home/Data_Professional/PycharmProjects/DE_Zoomcamp_Capstone_Project/.venv/lib/python3.10/site-packages/airflow/example_dags/example_dynamic_task_mapping.py
[2025-04-05T10:12:56.082+0100] {processor.py:925} INFO - DAG(s) 'example_dynamic_task_mapping' retrieved from /home/Data_Professional/PycharmProjects/DE_Zoomcamp_Capstone_Project/.venv/lib/python3.10/site-packages/airflow/example_dags/example_dynamic_task_mapping.py
[2025-04-05T10:12:56.096+0100] {logging_mixin.py:190} INFO - [2025-04-05T10:12:56.096+0100] {dag.py:3239} INFO - Sync 1 DAGs
[2025-04-05T10:12:56.106+0100] {logging_mixin.py:190} INFO - [2025-04-05T10:12:56.105+0100] {dag.py:4180} INFO - Setting next_dagrun for example_dynamic_task_mapping to None, run_after=None
[2025-04-05T10:12:56.121+0100] {processor.py:208} INFO - Processing /home/Data_Professional/PycharmProjects/DE_Zoomcamp_Capstone_Project/.venv/lib/python3.10/site-packages/airflow/example_dags/example_dynamic_task_mapping.py took 0.065 seconds
[2025-04-05T10:13:52.534+0100] {processor.py:186} INFO - Started process (PID=15152) to work on /home/Data_Professional/PycharmProjects/DE_Zoomcamp_Capstone_Project/.venv/lib/python3.10/site-packages/airflow/example_dags/example_dynamic_task_mapping.py
[2025-04-05T10:13:52.536+0100] {processor.py:914} INFO - Processing file /home/Data_Professional/PycharmProjects/DE_Zoomcamp_Capstone_Project/.venv/lib/python3.10/site-packages/airflow/example_dags/example_dynamic_task_mapping.py for tasks to queue
[2025-04-05T10:13:52.537+0100] {logging_mixin.py:190} INFO - [2025-04-05T10:13:52.537+0100] {dagbag.py:588} INFO - Filling up the DagBag from /home/Data_Professional/PycharmProjects/DE_Zoomcamp_Capstone_Project/.venv/lib/python3.10/site-packages/airflow/example_dags/example_dynamic_task_mapping.py
[2025-04-05T10:13:52.545+0100] {processor.py:925} INFO - DAG(s) 'example_dynamic_task_mapping' retrieved from /home/Data_Professional/PycharmProjects/DE_Zoomcamp_Capstone_Project/.venv/lib/python3.10/site-packages/airflow/example_dags/example_dynamic_task_mapping.py
[2025-04-05T10:13:52.557+0100] {logging_mixin.py:190} INFO - [2025-04-05T10:13:52.557+0100] {dag.py:3239} INFO - Sync 1 DAGs
[2025-04-05T10:13:52.647+0100] {logging_mixin.py:190} INFO - [2025-04-05T10:13:52.647+0100] {dag.py:4180} INFO - Setting next_dagrun for example_dynamic_task_mapping to None, run_after=None
[2025-04-05T10:13:52.666+0100] {processor.py:208} INFO - Processing /home/Data_Professional/PycharmProjects/DE_Zoomcamp_Capstone_Project/.venv/lib/python3.10/site-packages/airflow/example_dags/example_dynamic_task_mapping.py took 0.137 seconds
[2025-04-05T12:23:48.159+0100] {processor.py:186} INFO - Started process (PID=15413) to work on /home/Data_Professional/PycharmProjects/DE_Zoomcamp_Capstone_Project/.venv/lib/python3.10/site-packages/airflow/example_dags/example_dynamic_task_mapping.py
[2025-04-05T12:23:48.162+0100] {processor.py:914} INFO - Processing file /home/Data_Professional/PycharmProjects/DE_Zoomcamp_Capstone_Project/.venv/lib/python3.10/site-packages/airflow/example_dags/example_dynamic_task_mapping.py for tasks to queue
[2025-04-05T12:23:48.163+0100] {logging_mixin.py:190} INFO - [2025-04-05T12:23:48.163+0100] {dagbag.py:588} INFO - Filling up the DagBag from /home/Data_Professional/PycharmProjects/DE_Zoomcamp_Capstone_Project/.venv/lib/python3.10/site-packages/airflow/example_dags/example_dynamic_task_mapping.py
[2025-04-05T12:23:48.170+0100] {processor.py:925} INFO - DAG(s) 'example_dynamic_task_mapping' retrieved from /home/Data_Professional/PycharmProjects/DE_Zoomcamp_Capstone_Project/.venv/lib/python3.10/site-packages/airflow/example_dags/example_dynamic_task_mapping.py
[2025-04-05T12:23:48.181+0100] {logging_mixin.py:190} INFO - [2025-04-05T12:23:48.180+0100] {dag.py:3239} INFO - Sync 1 DAGs
[2025-04-05T12:23:48.191+0100] {logging_mixin.py:190} INFO - [2025-04-05T12:23:48.190+0100] {dag.py:4180} INFO - Setting next_dagrun for example_dynamic_task_mapping to None, run_after=None
[2025-04-05T12:23:48.289+0100] {processor.py:208} INFO - Processing /home/Data_Professional/PycharmProjects/DE_Zoomcamp_Capstone_Project/.venv/lib/python3.10/site-packages/airflow/example_dags/example_dynamic_task_mapping.py took 0.134 seconds
