[2025-04-05T09:55:34.206+0100] {processor.py:186} INFO - Started process (PID=11863) to work on /home/Data_Professional/PycharmProjects/DE_Zoomcamp_Capstone_Project/.venv/lib/python3.10/site-packages/airflow/example_dags/example_outlet_event_extra.py
[2025-04-05T09:55:34.207+0100] {processor.py:914} INFO - Processing file /home/Data_Professional/PycharmProjects/DE_Zoomcamp_Capstone_Project/.venv/lib/python3.10/site-packages/airflow/example_dags/example_outlet_event_extra.py for tasks to queue
[2025-04-05T09:55:34.208+0100] {logging_mixin.py:190} INFO - [2025-04-05T09:55:34.208+0100] {dagbag.py:588} INFO - Filling up the DagBag from /home/Data_Professional/PycharmProjects/DE_Zoomcamp_Capstone_Project/.venv/lib/python3.10/site-packages/airflow/example_dags/example_outlet_event_extra.py
[2025-04-05T09:55:34.219+0100] {processor.py:925} INFO - DAG(s) 'dataset_with_extra_by_context', 'dataset_with_extra_from_classic_operator', 'dataset_with_extra_by_yield' retrieved from /home/Data_Professional/PycharmProjects/DE_Zoomcamp_Capstone_Project/.venv/lib/python3.10/site-packages/airflow/example_dags/example_outlet_event_extra.py
[2025-04-05T09:55:34.296+0100] {logging_mixin.py:190} INFO - [2025-04-05T09:55:34.295+0100] {override.py:1912} INFO - Created Permission View: can read on DAG:dataset_with_extra_by_context
[2025-04-05T09:55:34.304+0100] {logging_mixin.py:190} INFO - [2025-04-05T09:55:34.304+0100] {override.py:1912} INFO - Created Permission View: can delete on DAG:dataset_with_extra_by_context
[2025-04-05T09:55:34.311+0100] {logging_mixin.py:190} INFO - [2025-04-05T09:55:34.310+0100] {override.py:1912} INFO - Created Permission View: can edit on DAG:dataset_with_extra_by_context
[2025-04-05T09:55:34.320+0100] {logging_mixin.py:190} INFO - [2025-04-05T09:55:34.319+0100] {override.py:1912} INFO - Created Permission View: can create on DAG Run:dataset_with_extra_by_context
[2025-04-05T09:55:34.326+0100] {logging_mixin.py:190} INFO - [2025-04-05T09:55:34.326+0100] {override.py:1912} INFO - Created Permission View: can read on DAG Run:dataset_with_extra_by_context
[2025-04-05T09:55:34.332+0100] {logging_mixin.py:190} INFO - [2025-04-05T09:55:34.332+0100] {override.py:1912} INFO - Created Permission View: can delete on DAG Run:dataset_with_extra_by_context
[2025-04-05T09:55:34.339+0100] {logging_mixin.py:190} INFO - [2025-04-05T09:55:34.338+0100] {override.py:1912} INFO - Created Permission View: menu access on DAG Run:dataset_with_extra_by_context
[2025-04-05T09:55:34.352+0100] {logging_mixin.py:190} INFO - [2025-04-05T09:55:34.352+0100] {override.py:1912} INFO - Created Permission View: can read on DAG:dataset_with_extra_from_classic_operator
[2025-04-05T09:55:34.358+0100] {logging_mixin.py:190} INFO - [2025-04-05T09:55:34.358+0100] {override.py:1912} INFO - Created Permission View: can delete on DAG:dataset_with_extra_from_classic_operator
[2025-04-05T09:55:34.365+0100] {logging_mixin.py:190} INFO - [2025-04-05T09:55:34.364+0100] {override.py:1912} INFO - Created Permission View: can edit on DAG:dataset_with_extra_from_classic_operator
[2025-04-05T09:55:34.379+0100] {logging_mixin.py:190} INFO - [2025-04-05T09:55:34.379+0100] {override.py:1912} INFO - Created Permission View: can create on DAG Run:dataset_with_extra_from_classic_operator
[2025-04-05T09:55:34.391+0100] {logging_mixin.py:190} INFO - [2025-04-05T09:55:34.390+0100] {override.py:1912} INFO - Created Permission View: can read on DAG Run:dataset_with_extra_from_classic_operator
[2025-04-05T09:55:34.402+0100] {logging_mixin.py:190} INFO - [2025-04-05T09:55:34.402+0100] {override.py:1912} INFO - Created Permission View: can delete on DAG Run:dataset_with_extra_from_classic_operator
[2025-04-05T09:55:34.413+0100] {logging_mixin.py:190} INFO - [2025-04-05T09:55:34.412+0100] {override.py:1912} INFO - Created Permission View: menu access on DAG Run:dataset_with_extra_from_classic_operator
[2025-04-05T09:55:34.434+0100] {logging_mixin.py:190} INFO - [2025-04-05T09:55:34.433+0100] {override.py:1912} INFO - Created Permission View: can read on DAG:dataset_with_extra_by_yield
[2025-04-05T09:55:34.444+0100] {logging_mixin.py:190} INFO - [2025-04-05T09:55:34.443+0100] {override.py:1912} INFO - Created Permission View: can delete on DAG:dataset_with_extra_by_yield
[2025-04-05T09:55:34.455+0100] {logging_mixin.py:190} INFO - [2025-04-05T09:55:34.455+0100] {override.py:1912} INFO - Created Permission View: can edit on DAG:dataset_with_extra_by_yield
[2025-04-05T09:55:34.468+0100] {logging_mixin.py:190} INFO - [2025-04-05T09:55:34.468+0100] {override.py:1912} INFO - Created Permission View: can create on DAG Run:dataset_with_extra_by_yield
[2025-04-05T09:55:34.475+0100] {logging_mixin.py:190} INFO - [2025-04-05T09:55:34.474+0100] {override.py:1912} INFO - Created Permission View: can read on DAG Run:dataset_with_extra_by_yield
[2025-04-05T09:55:34.481+0100] {logging_mixin.py:190} INFO - [2025-04-05T09:55:34.481+0100] {override.py:1912} INFO - Created Permission View: can delete on DAG Run:dataset_with_extra_by_yield
[2025-04-05T09:55:34.491+0100] {logging_mixin.py:190} INFO - [2025-04-05T09:55:34.491+0100] {override.py:1912} INFO - Created Permission View: menu access on DAG Run:dataset_with_extra_by_yield
[2025-04-05T09:55:34.492+0100] {logging_mixin.py:190} INFO - [2025-04-05T09:55:34.492+0100] {dag.py:3239} INFO - Sync 3 DAGs
[2025-04-05T09:55:34.512+0100] {logging_mixin.py:190} INFO - [2025-04-05T09:55:34.512+0100] {dag.py:3262} INFO - Creating ORM DAG for dataset_with_extra_from_classic_operator
[2025-04-05T09:55:34.513+0100] {logging_mixin.py:190} INFO - [2025-04-05T09:55:34.513+0100] {dag.py:3262} INFO - Creating ORM DAG for dataset_with_extra_by_context
[2025-04-05T09:55:34.514+0100] {logging_mixin.py:190} INFO - [2025-04-05T09:55:34.514+0100] {dag.py:3262} INFO - Creating ORM DAG for dataset_with_extra_by_yield
[2025-04-05T09:55:34.529+0100] {logging_mixin.py:190} INFO - [2025-04-05T09:55:34.529+0100] {dag.py:4180} INFO - Setting next_dagrun for dataset_with_extra_by_context to 2025-04-04 00:00:00+00:00, run_after=2025-04-05 00:00:00+00:00
[2025-04-05T09:55:34.532+0100] {logging_mixin.py:190} INFO - [2025-04-05T09:55:34.532+0100] {dag.py:4180} INFO - Setting next_dagrun for dataset_with_extra_by_yield to 2025-04-04 00:00:00+00:00, run_after=2025-04-05 00:00:00+00:00
[2025-04-05T09:55:34.536+0100] {logging_mixin.py:190} INFO - [2025-04-05T09:55:34.535+0100] {dag.py:4180} INFO - Setting next_dagrun for dataset_with_extra_from_classic_operator to 2025-04-04 00:00:00+00:00, run_after=2025-04-05 00:00:00+00:00
[2025-04-05T09:55:34.569+0100] {processor.py:208} INFO - Processing /home/Data_Professional/PycharmProjects/DE_Zoomcamp_Capstone_Project/.venv/lib/python3.10/site-packages/airflow/example_dags/example_outlet_event_extra.py took 0.367 seconds
[2025-04-05T09:56:37.822+0100] {processor.py:186} INFO - Started process (PID=12189) to work on /home/Data_Professional/PycharmProjects/DE_Zoomcamp_Capstone_Project/.venv/lib/python3.10/site-packages/airflow/example_dags/example_outlet_event_extra.py
[2025-04-05T09:56:37.823+0100] {processor.py:914} INFO - Processing file /home/Data_Professional/PycharmProjects/DE_Zoomcamp_Capstone_Project/.venv/lib/python3.10/site-packages/airflow/example_dags/example_outlet_event_extra.py for tasks to queue
[2025-04-05T09:56:37.825+0100] {logging_mixin.py:190} INFO - [2025-04-05T09:56:37.825+0100] {dagbag.py:588} INFO - Filling up the DagBag from /home/Data_Professional/PycharmProjects/DE_Zoomcamp_Capstone_Project/.venv/lib/python3.10/site-packages/airflow/example_dags/example_outlet_event_extra.py
[2025-04-05T09:56:37.858+0100] {processor.py:925} INFO - DAG(s) 'dataset_with_extra_from_classic_operator', 'dataset_with_extra_by_context', 'dataset_with_extra_by_yield' retrieved from /home/Data_Professional/PycharmProjects/DE_Zoomcamp_Capstone_Project/.venv/lib/python3.10/site-packages/airflow/example_dags/example_outlet_event_extra.py
[2025-04-05T09:56:37.884+0100] {logging_mixin.py:190} INFO - [2025-04-05T09:56:37.884+0100] {dag.py:3239} INFO - Sync 3 DAGs
[2025-04-05T09:56:37.910+0100] {logging_mixin.py:190} INFO - [2025-04-05T09:56:37.910+0100] {dag.py:4180} INFO - Setting next_dagrun for dataset_with_extra_by_context to 2025-04-04 00:00:00+00:00, run_after=2025-04-05 00:00:00+00:00
[2025-04-05T09:56:37.916+0100] {logging_mixin.py:190} INFO - [2025-04-05T09:56:37.916+0100] {dag.py:4180} INFO - Setting next_dagrun for dataset_with_extra_by_yield to 2025-04-04 00:00:00+00:00, run_after=2025-04-05 00:00:00+00:00
[2025-04-05T09:56:37.919+0100] {logging_mixin.py:190} INFO - [2025-04-05T09:56:37.919+0100] {dag.py:4180} INFO - Setting next_dagrun for dataset_with_extra_from_classic_operator to 2025-04-04 00:00:00+00:00, run_after=2025-04-05 00:00:00+00:00
[2025-04-05T09:56:37.946+0100] {processor.py:208} INFO - Processing /home/Data_Professional/PycharmProjects/DE_Zoomcamp_Capstone_Project/.venv/lib/python3.10/site-packages/airflow/example_dags/example_outlet_event_extra.py took 0.131 seconds
[2025-04-05T09:57:36.158+0100] {processor.py:186} INFO - Started process (PID=12296) to work on /home/Data_Professional/PycharmProjects/DE_Zoomcamp_Capstone_Project/.venv/lib/python3.10/site-packages/airflow/example_dags/example_outlet_event_extra.py
[2025-04-05T09:57:36.162+0100] {processor.py:914} INFO - Processing file /home/Data_Professional/PycharmProjects/DE_Zoomcamp_Capstone_Project/.venv/lib/python3.10/site-packages/airflow/example_dags/example_outlet_event_extra.py for tasks to queue
[2025-04-05T09:57:36.164+0100] {logging_mixin.py:190} INFO - [2025-04-05T09:57:36.164+0100] {dagbag.py:588} INFO - Filling up the DagBag from /home/Data_Professional/PycharmProjects/DE_Zoomcamp_Capstone_Project/.venv/lib/python3.10/site-packages/airflow/example_dags/example_outlet_event_extra.py
[2025-04-05T09:57:36.179+0100] {processor.py:925} INFO - DAG(s) 'dataset_with_extra_from_classic_operator', 'dataset_with_extra_by_context', 'dataset_with_extra_by_yield' retrieved from /home/Data_Professional/PycharmProjects/DE_Zoomcamp_Capstone_Project/.venv/lib/python3.10/site-packages/airflow/example_dags/example_outlet_event_extra.py
[2025-04-05T09:57:36.195+0100] {logging_mixin.py:190} INFO - [2025-04-05T09:57:36.195+0100] {dag.py:3239} INFO - Sync 3 DAGs
[2025-04-05T09:57:36.212+0100] {logging_mixin.py:190} INFO - [2025-04-05T09:57:36.212+0100] {dag.py:4180} INFO - Setting next_dagrun for dataset_with_extra_by_context to 2025-04-04 00:00:00+00:00, run_after=2025-04-05 00:00:00+00:00
[2025-04-05T09:57:36.216+0100] {logging_mixin.py:190} INFO - [2025-04-05T09:57:36.216+0100] {dag.py:4180} INFO - Setting next_dagrun for dataset_with_extra_by_yield to 2025-04-04 00:00:00+00:00, run_after=2025-04-05 00:00:00+00:00
[2025-04-05T09:57:36.218+0100] {logging_mixin.py:190} INFO - [2025-04-05T09:57:36.218+0100] {dag.py:4180} INFO - Setting next_dagrun for dataset_with_extra_from_classic_operator to 2025-04-04 00:00:00+00:00, run_after=2025-04-05 00:00:00+00:00
[2025-04-05T09:57:36.236+0100] {processor.py:208} INFO - Processing /home/Data_Professional/PycharmProjects/DE_Zoomcamp_Capstone_Project/.venv/lib/python3.10/site-packages/airflow/example_dags/example_outlet_event_extra.py took 0.091 seconds
[2025-04-05T09:58:33.193+0100] {processor.py:186} INFO - Started process (PID=12365) to work on /home/Data_Professional/PycharmProjects/DE_Zoomcamp_Capstone_Project/.venv/lib/python3.10/site-packages/airflow/example_dags/example_outlet_event_extra.py
[2025-04-05T09:58:33.194+0100] {processor.py:914} INFO - Processing file /home/Data_Professional/PycharmProjects/DE_Zoomcamp_Capstone_Project/.venv/lib/python3.10/site-packages/airflow/example_dags/example_outlet_event_extra.py for tasks to queue
[2025-04-05T09:58:33.196+0100] {logging_mixin.py:190} INFO - [2025-04-05T09:58:33.196+0100] {dagbag.py:588} INFO - Filling up the DagBag from /home/Data_Professional/PycharmProjects/DE_Zoomcamp_Capstone_Project/.venv/lib/python3.10/site-packages/airflow/example_dags/example_outlet_event_extra.py
[2025-04-05T09:58:33.212+0100] {processor.py:925} INFO - DAG(s) 'dataset_with_extra_from_classic_operator', 'dataset_with_extra_by_context', 'dataset_with_extra_by_yield' retrieved from /home/Data_Professional/PycharmProjects/DE_Zoomcamp_Capstone_Project/.venv/lib/python3.10/site-packages/airflow/example_dags/example_outlet_event_extra.py
[2025-04-05T09:58:33.229+0100] {logging_mixin.py:190} INFO - [2025-04-05T09:58:33.229+0100] {dag.py:3239} INFO - Sync 3 DAGs
[2025-04-05T09:58:33.246+0100] {logging_mixin.py:190} INFO - [2025-04-05T09:58:33.246+0100] {dag.py:4180} INFO - Setting next_dagrun for dataset_with_extra_by_context to 2025-04-04 00:00:00+00:00, run_after=2025-04-05 00:00:00+00:00
[2025-04-05T09:58:33.250+0100] {logging_mixin.py:190} INFO - [2025-04-05T09:58:33.250+0100] {dag.py:4180} INFO - Setting next_dagrun for dataset_with_extra_by_yield to 2025-04-04 00:00:00+00:00, run_after=2025-04-05 00:00:00+00:00
[2025-04-05T09:58:33.252+0100] {logging_mixin.py:190} INFO - [2025-04-05T09:58:33.252+0100] {dag.py:4180} INFO - Setting next_dagrun for dataset_with_extra_from_classic_operator to 2025-04-04 00:00:00+00:00, run_after=2025-04-05 00:00:00+00:00
[2025-04-05T09:58:33.271+0100] {processor.py:208} INFO - Processing /home/Data_Professional/PycharmProjects/DE_Zoomcamp_Capstone_Project/.venv/lib/python3.10/site-packages/airflow/example_dags/example_outlet_event_extra.py took 0.085 seconds
[2025-04-05T09:59:30.183+0100] {processor.py:186} INFO - Started process (PID=12437) to work on /home/Data_Professional/PycharmProjects/DE_Zoomcamp_Capstone_Project/.venv/lib/python3.10/site-packages/airflow/example_dags/example_outlet_event_extra.py
[2025-04-05T09:59:30.187+0100] {processor.py:914} INFO - Processing file /home/Data_Professional/PycharmProjects/DE_Zoomcamp_Capstone_Project/.venv/lib/python3.10/site-packages/airflow/example_dags/example_outlet_event_extra.py for tasks to queue
[2025-04-05T09:59:30.190+0100] {logging_mixin.py:190} INFO - [2025-04-05T09:59:30.190+0100] {dagbag.py:588} INFO - Filling up the DagBag from /home/Data_Professional/PycharmProjects/DE_Zoomcamp_Capstone_Project/.venv/lib/python3.10/site-packages/airflow/example_dags/example_outlet_event_extra.py
[2025-04-05T09:59:30.211+0100] {processor.py:925} INFO - DAG(s) 'dataset_with_extra_by_context', 'dataset_with_extra_from_classic_operator', 'dataset_with_extra_by_yield' retrieved from /home/Data_Professional/PycharmProjects/DE_Zoomcamp_Capstone_Project/.venv/lib/python3.10/site-packages/airflow/example_dags/example_outlet_event_extra.py
[2025-04-05T09:59:30.228+0100] {logging_mixin.py:190} INFO - [2025-04-05T09:59:30.228+0100] {dag.py:3239} INFO - Sync 3 DAGs
[2025-04-05T09:59:30.245+0100] {logging_mixin.py:190} INFO - [2025-04-05T09:59:30.245+0100] {dag.py:4180} INFO - Setting next_dagrun for dataset_with_extra_by_context to 2025-04-04 00:00:00+00:00, run_after=2025-04-05 00:00:00+00:00
[2025-04-05T09:59:30.249+0100] {logging_mixin.py:190} INFO - [2025-04-05T09:59:30.249+0100] {dag.py:4180} INFO - Setting next_dagrun for dataset_with_extra_by_yield to 2025-04-04 00:00:00+00:00, run_after=2025-04-05 00:00:00+00:00
[2025-04-05T09:59:30.251+0100] {logging_mixin.py:190} INFO - [2025-04-05T09:59:30.251+0100] {dag.py:4180} INFO - Setting next_dagrun for dataset_with_extra_from_classic_operator to 2025-04-04 00:00:00+00:00, run_after=2025-04-05 00:00:00+00:00
[2025-04-05T09:59:30.269+0100] {processor.py:208} INFO - Processing /home/Data_Professional/PycharmProjects/DE_Zoomcamp_Capstone_Project/.venv/lib/python3.10/site-packages/airflow/example_dags/example_outlet_event_extra.py took 0.098 seconds
[2025-04-05T10:00:29.417+0100] {processor.py:186} INFO - Started process (PID=12726) to work on /home/Data_Professional/PycharmProjects/DE_Zoomcamp_Capstone_Project/.venv/lib/python3.10/site-packages/airflow/example_dags/example_outlet_event_extra.py
[2025-04-05T10:00:29.431+0100] {processor.py:914} INFO - Processing file /home/Data_Professional/PycharmProjects/DE_Zoomcamp_Capstone_Project/.venv/lib/python3.10/site-packages/airflow/example_dags/example_outlet_event_extra.py for tasks to queue
[2025-04-05T10:00:29.433+0100] {logging_mixin.py:190} INFO - [2025-04-05T10:00:29.433+0100] {dagbag.py:588} INFO - Filling up the DagBag from /home/Data_Professional/PycharmProjects/DE_Zoomcamp_Capstone_Project/.venv/lib/python3.10/site-packages/airflow/example_dags/example_outlet_event_extra.py
[2025-04-05T10:00:29.454+0100] {processor.py:925} INFO - DAG(s) 'dataset_with_extra_by_context', 'dataset_with_extra_by_yield', 'dataset_with_extra_from_classic_operator' retrieved from /home/Data_Professional/PycharmProjects/DE_Zoomcamp_Capstone_Project/.venv/lib/python3.10/site-packages/airflow/example_dags/example_outlet_event_extra.py
[2025-04-05T10:00:29.482+0100] {logging_mixin.py:190} INFO - [2025-04-05T10:00:29.482+0100] {dag.py:3239} INFO - Sync 3 DAGs
[2025-04-05T10:00:29.520+0100] {logging_mixin.py:190} INFO - [2025-04-05T10:00:29.520+0100] {dag.py:4180} INFO - Setting next_dagrun for dataset_with_extra_by_context to 2025-04-04 00:00:00+00:00, run_after=2025-04-05 00:00:00+00:00
[2025-04-05T10:00:29.533+0100] {logging_mixin.py:190} INFO - [2025-04-05T10:00:29.533+0100] {dag.py:4180} INFO - Setting next_dagrun for dataset_with_extra_by_yield to 2025-04-04 00:00:00+00:00, run_after=2025-04-05 00:00:00+00:00
[2025-04-05T10:00:29.538+0100] {logging_mixin.py:190} INFO - [2025-04-05T10:00:29.538+0100] {dag.py:4180} INFO - Setting next_dagrun for dataset_with_extra_from_classic_operator to 2025-04-04 00:00:00+00:00, run_after=2025-04-05 00:00:00+00:00
[2025-04-05T10:00:29.584+0100] {processor.py:208} INFO - Processing /home/Data_Professional/PycharmProjects/DE_Zoomcamp_Capstone_Project/.venv/lib/python3.10/site-packages/airflow/example_dags/example_outlet_event_extra.py took 0.187 seconds
[2025-04-05T10:01:26.643+0100] {processor.py:186} INFO - Started process (PID=12895) to work on /home/Data_Professional/PycharmProjects/DE_Zoomcamp_Capstone_Project/.venv/lib/python3.10/site-packages/airflow/example_dags/example_outlet_event_extra.py
[2025-04-05T10:01:26.646+0100] {processor.py:914} INFO - Processing file /home/Data_Professional/PycharmProjects/DE_Zoomcamp_Capstone_Project/.venv/lib/python3.10/site-packages/airflow/example_dags/example_outlet_event_extra.py for tasks to queue
[2025-04-05T10:01:26.648+0100] {logging_mixin.py:190} INFO - [2025-04-05T10:01:26.648+0100] {dagbag.py:588} INFO - Filling up the DagBag from /home/Data_Professional/PycharmProjects/DE_Zoomcamp_Capstone_Project/.venv/lib/python3.10/site-packages/airflow/example_dags/example_outlet_event_extra.py
[2025-04-05T10:01:26.664+0100] {processor.py:925} INFO - DAG(s) 'dataset_with_extra_by_context', 'dataset_with_extra_by_yield', 'dataset_with_extra_from_classic_operator' retrieved from /home/Data_Professional/PycharmProjects/DE_Zoomcamp_Capstone_Project/.venv/lib/python3.10/site-packages/airflow/example_dags/example_outlet_event_extra.py
[2025-04-05T10:01:26.687+0100] {logging_mixin.py:190} INFO - [2025-04-05T10:01:26.686+0100] {dag.py:3239} INFO - Sync 3 DAGs
[2025-04-05T10:01:26.713+0100] {logging_mixin.py:190} INFO - [2025-04-05T10:01:26.713+0100] {dag.py:4180} INFO - Setting next_dagrun for dataset_with_extra_by_context to 2025-04-04 00:00:00+00:00, run_after=2025-04-05 00:00:00+00:00
[2025-04-05T10:01:26.717+0100] {logging_mixin.py:190} INFO - [2025-04-05T10:01:26.717+0100] {dag.py:4180} INFO - Setting next_dagrun for dataset_with_extra_by_yield to 2025-04-04 00:00:00+00:00, run_after=2025-04-05 00:00:00+00:00
[2025-04-05T10:01:26.719+0100] {logging_mixin.py:190} INFO - [2025-04-05T10:01:26.719+0100] {dag.py:4180} INFO - Setting next_dagrun for dataset_with_extra_from_classic_operator to 2025-04-04 00:00:00+00:00, run_after=2025-04-05 00:00:00+00:00
[2025-04-05T10:01:26.744+0100] {processor.py:208} INFO - Processing /home/Data_Professional/PycharmProjects/DE_Zoomcamp_Capstone_Project/.venv/lib/python3.10/site-packages/airflow/example_dags/example_outlet_event_extra.py took 0.109 seconds
[2025-04-05T10:02:23.889+0100] {processor.py:186} INFO - Started process (PID=13023) to work on /home/Data_Professional/PycharmProjects/DE_Zoomcamp_Capstone_Project/.venv/lib/python3.10/site-packages/airflow/example_dags/example_outlet_event_extra.py
[2025-04-05T10:02:23.892+0100] {processor.py:914} INFO - Processing file /home/Data_Professional/PycharmProjects/DE_Zoomcamp_Capstone_Project/.venv/lib/python3.10/site-packages/airflow/example_dags/example_outlet_event_extra.py for tasks to queue
[2025-04-05T10:02:23.893+0100] {logging_mixin.py:190} INFO - [2025-04-05T10:02:23.893+0100] {dagbag.py:588} INFO - Filling up the DagBag from /home/Data_Professional/PycharmProjects/DE_Zoomcamp_Capstone_Project/.venv/lib/python3.10/site-packages/airflow/example_dags/example_outlet_event_extra.py
[2025-04-05T10:02:23.905+0100] {processor.py:925} INFO - DAG(s) 'dataset_with_extra_from_classic_operator', 'dataset_with_extra_by_context', 'dataset_with_extra_by_yield' retrieved from /home/Data_Professional/PycharmProjects/DE_Zoomcamp_Capstone_Project/.venv/lib/python3.10/site-packages/airflow/example_dags/example_outlet_event_extra.py
[2025-04-05T10:02:23.922+0100] {logging_mixin.py:190} INFO - [2025-04-05T10:02:23.921+0100] {dag.py:3239} INFO - Sync 3 DAGs
[2025-04-05T10:02:23.940+0100] {logging_mixin.py:190} INFO - [2025-04-05T10:02:23.940+0100] {dag.py:4180} INFO - Setting next_dagrun for dataset_with_extra_by_context to 2025-04-04 00:00:00+00:00, run_after=2025-04-05 00:00:00+00:00
[2025-04-05T10:02:23.944+0100] {logging_mixin.py:190} INFO - [2025-04-05T10:02:23.944+0100] {dag.py:4180} INFO - Setting next_dagrun for dataset_with_extra_by_yield to 2025-04-04 00:00:00+00:00, run_after=2025-04-05 00:00:00+00:00
[2025-04-05T10:02:23.946+0100] {logging_mixin.py:190} INFO - [2025-04-05T10:02:23.946+0100] {dag.py:4180} INFO - Setting next_dagrun for dataset_with_extra_from_classic_operator to 2025-04-04 00:00:00+00:00, run_after=2025-04-05 00:00:00+00:00
[2025-04-05T10:02:23.964+0100] {processor.py:208} INFO - Processing /home/Data_Professional/PycharmProjects/DE_Zoomcamp_Capstone_Project/.venv/lib/python3.10/site-packages/airflow/example_dags/example_outlet_event_extra.py took 0.080 seconds
[2025-04-05T10:03:20.161+0100] {processor.py:186} INFO - Started process (PID=13125) to work on /home/Data_Professional/PycharmProjects/DE_Zoomcamp_Capstone_Project/.venv/lib/python3.10/site-packages/airflow/example_dags/example_outlet_event_extra.py
[2025-04-05T10:03:20.164+0100] {processor.py:914} INFO - Processing file /home/Data_Professional/PycharmProjects/DE_Zoomcamp_Capstone_Project/.venv/lib/python3.10/site-packages/airflow/example_dags/example_outlet_event_extra.py for tasks to queue
[2025-04-05T10:03:20.166+0100] {logging_mixin.py:190} INFO - [2025-04-05T10:03:20.165+0100] {dagbag.py:588} INFO - Filling up the DagBag from /home/Data_Professional/PycharmProjects/DE_Zoomcamp_Capstone_Project/.venv/lib/python3.10/site-packages/airflow/example_dags/example_outlet_event_extra.py
[2025-04-05T10:03:20.183+0100] {processor.py:925} INFO - DAG(s) 'dataset_with_extra_from_classic_operator', 'dataset_with_extra_by_yield', 'dataset_with_extra_by_context' retrieved from /home/Data_Professional/PycharmProjects/DE_Zoomcamp_Capstone_Project/.venv/lib/python3.10/site-packages/airflow/example_dags/example_outlet_event_extra.py
[2025-04-05T10:03:20.207+0100] {logging_mixin.py:190} INFO - [2025-04-05T10:03:20.206+0100] {dag.py:3239} INFO - Sync 3 DAGs
[2025-04-05T10:03:20.235+0100] {logging_mixin.py:190} INFO - [2025-04-05T10:03:20.234+0100] {dag.py:4180} INFO - Setting next_dagrun for dataset_with_extra_by_context to 2025-04-04 00:00:00+00:00, run_after=2025-04-05 00:00:00+00:00
[2025-04-05T10:03:20.241+0100] {logging_mixin.py:190} INFO - [2025-04-05T10:03:20.241+0100] {dag.py:4180} INFO - Setting next_dagrun for dataset_with_extra_by_yield to 2025-04-04 00:00:00+00:00, run_after=2025-04-05 00:00:00+00:00
[2025-04-05T10:03:20.244+0100] {logging_mixin.py:190} INFO - [2025-04-05T10:03:20.244+0100] {dag.py:4180} INFO - Setting next_dagrun for dataset_with_extra_from_classic_operator to 2025-04-04 00:00:00+00:00, run_after=2025-04-05 00:00:00+00:00
[2025-04-05T10:03:20.266+0100] {processor.py:208} INFO - Processing /home/Data_Professional/PycharmProjects/DE_Zoomcamp_Capstone_Project/.venv/lib/python3.10/site-packages/airflow/example_dags/example_outlet_event_extra.py took 0.112 seconds
[2025-04-05T10:04:23.200+0100] {processor.py:186} INFO - Started process (PID=13241) to work on /home/Data_Professional/PycharmProjects/DE_Zoomcamp_Capstone_Project/.venv/lib/python3.10/site-packages/airflow/example_dags/example_outlet_event_extra.py
[2025-04-05T10:04:23.202+0100] {processor.py:914} INFO - Processing file /home/Data_Professional/PycharmProjects/DE_Zoomcamp_Capstone_Project/.venv/lib/python3.10/site-packages/airflow/example_dags/example_outlet_event_extra.py for tasks to queue
[2025-04-05T10:04:23.204+0100] {logging_mixin.py:190} INFO - [2025-04-05T10:04:23.203+0100] {dagbag.py:588} INFO - Filling up the DagBag from /home/Data_Professional/PycharmProjects/DE_Zoomcamp_Capstone_Project/.venv/lib/python3.10/site-packages/airflow/example_dags/example_outlet_event_extra.py
[2025-04-05T10:04:23.216+0100] {processor.py:925} INFO - DAG(s) 'dataset_with_extra_from_classic_operator', 'dataset_with_extra_by_context', 'dataset_with_extra_by_yield' retrieved from /home/Data_Professional/PycharmProjects/DE_Zoomcamp_Capstone_Project/.venv/lib/python3.10/site-packages/airflow/example_dags/example_outlet_event_extra.py
[2025-04-05T10:04:23.232+0100] {logging_mixin.py:190} INFO - [2025-04-05T10:04:23.232+0100] {dag.py:3239} INFO - Sync 3 DAGs
[2025-04-05T10:04:23.250+0100] {logging_mixin.py:190} INFO - [2025-04-05T10:04:23.250+0100] {dag.py:4180} INFO - Setting next_dagrun for dataset_with_extra_by_context to 2025-04-04 00:00:00+00:00, run_after=2025-04-05 00:00:00+00:00
[2025-04-05T10:04:23.254+0100] {logging_mixin.py:190} INFO - [2025-04-05T10:04:23.254+0100] {dag.py:4180} INFO - Setting next_dagrun for dataset_with_extra_by_yield to 2025-04-04 00:00:00+00:00, run_after=2025-04-05 00:00:00+00:00
[2025-04-05T10:04:23.256+0100] {logging_mixin.py:190} INFO - [2025-04-05T10:04:23.256+0100] {dag.py:4180} INFO - Setting next_dagrun for dataset_with_extra_from_classic_operator to 2025-04-04 00:00:00+00:00, run_after=2025-04-05 00:00:00+00:00
[2025-04-05T10:04:23.274+0100] {processor.py:208} INFO - Processing /home/Data_Professional/PycharmProjects/DE_Zoomcamp_Capstone_Project/.venv/lib/python3.10/site-packages/airflow/example_dags/example_outlet_event_extra.py took 0.080 seconds
[2025-04-05T10:05:21.505+0100] {processor.py:186} INFO - Started process (PID=13498) to work on /home/Data_Professional/PycharmProjects/DE_Zoomcamp_Capstone_Project/.venv/lib/python3.10/site-packages/airflow/example_dags/example_outlet_event_extra.py
[2025-04-05T10:05:21.506+0100] {processor.py:914} INFO - Processing file /home/Data_Professional/PycharmProjects/DE_Zoomcamp_Capstone_Project/.venv/lib/python3.10/site-packages/airflow/example_dags/example_outlet_event_extra.py for tasks to queue
[2025-04-05T10:05:21.507+0100] {logging_mixin.py:190} INFO - [2025-04-05T10:05:21.506+0100] {dagbag.py:588} INFO - Filling up the DagBag from /home/Data_Professional/PycharmProjects/DE_Zoomcamp_Capstone_Project/.venv/lib/python3.10/site-packages/airflow/example_dags/example_outlet_event_extra.py
[2025-04-05T10:05:21.518+0100] {processor.py:925} INFO - DAG(s) 'dataset_with_extra_from_classic_operator', 'dataset_with_extra_by_yield', 'dataset_with_extra_by_context' retrieved from /home/Data_Professional/PycharmProjects/DE_Zoomcamp_Capstone_Project/.venv/lib/python3.10/site-packages/airflow/example_dags/example_outlet_event_extra.py
[2025-04-05T10:05:21.533+0100] {logging_mixin.py:190} INFO - [2025-04-05T10:05:21.533+0100] {dag.py:3239} INFO - Sync 3 DAGs
[2025-04-05T10:05:21.551+0100] {logging_mixin.py:190} INFO - [2025-04-05T10:05:21.551+0100] {dag.py:4180} INFO - Setting next_dagrun for dataset_with_extra_by_context to 2025-04-04 00:00:00+00:00, run_after=2025-04-05 00:00:00+00:00
[2025-04-05T10:05:21.556+0100] {logging_mixin.py:190} INFO - [2025-04-05T10:05:21.556+0100] {dag.py:4180} INFO - Setting next_dagrun for dataset_with_extra_by_yield to 2025-04-04 00:00:00+00:00, run_after=2025-04-05 00:00:00+00:00
[2025-04-05T10:05:21.559+0100] {logging_mixin.py:190} INFO - [2025-04-05T10:05:21.559+0100] {dag.py:4180} INFO - Setting next_dagrun for dataset_with_extra_from_classic_operator to 2025-04-04 00:00:00+00:00, run_after=2025-04-05 00:00:00+00:00
[2025-04-05T10:05:21.583+0100] {processor.py:208} INFO - Processing /home/Data_Professional/PycharmProjects/DE_Zoomcamp_Capstone_Project/.venv/lib/python3.10/site-packages/airflow/example_dags/example_outlet_event_extra.py took 0.083 seconds
[2025-04-05T10:06:23.392+0100] {processor.py:186} INFO - Started process (PID=13694) to work on /home/Data_Professional/PycharmProjects/DE_Zoomcamp_Capstone_Project/.venv/lib/python3.10/site-packages/airflow/example_dags/example_outlet_event_extra.py
[2025-04-05T10:06:23.394+0100] {processor.py:914} INFO - Processing file /home/Data_Professional/PycharmProjects/DE_Zoomcamp_Capstone_Project/.venv/lib/python3.10/site-packages/airflow/example_dags/example_outlet_event_extra.py for tasks to queue
[2025-04-05T10:06:23.397+0100] {logging_mixin.py:190} INFO - [2025-04-05T10:06:23.396+0100] {dagbag.py:588} INFO - Filling up the DagBag from /home/Data_Professional/PycharmProjects/DE_Zoomcamp_Capstone_Project/.venv/lib/python3.10/site-packages/airflow/example_dags/example_outlet_event_extra.py
[2025-04-05T10:06:23.417+0100] {processor.py:925} INFO - DAG(s) 'dataset_with_extra_by_yield', 'dataset_with_extra_by_context', 'dataset_with_extra_from_classic_operator' retrieved from /home/Data_Professional/PycharmProjects/DE_Zoomcamp_Capstone_Project/.venv/lib/python3.10/site-packages/airflow/example_dags/example_outlet_event_extra.py
[2025-04-05T10:06:23.434+0100] {logging_mixin.py:190} INFO - [2025-04-05T10:06:23.434+0100] {dag.py:3239} INFO - Sync 3 DAGs
[2025-04-05T10:06:23.452+0100] {logging_mixin.py:190} INFO - [2025-04-05T10:06:23.451+0100] {dag.py:4180} INFO - Setting next_dagrun for dataset_with_extra_by_context to 2025-04-04 00:00:00+00:00, run_after=2025-04-05 00:00:00+00:00
[2025-04-05T10:06:23.456+0100] {logging_mixin.py:190} INFO - [2025-04-05T10:06:23.455+0100] {dag.py:4180} INFO - Setting next_dagrun for dataset_with_extra_by_yield to 2025-04-04 00:00:00+00:00, run_after=2025-04-05 00:00:00+00:00
[2025-04-05T10:06:23.458+0100] {logging_mixin.py:190} INFO - [2025-04-05T10:06:23.457+0100] {dag.py:4180} INFO - Setting next_dagrun for dataset_with_extra_from_classic_operator to 2025-04-04 00:00:00+00:00, run_after=2025-04-05 00:00:00+00:00
[2025-04-05T10:06:23.477+0100] {processor.py:208} INFO - Processing /home/Data_Professional/PycharmProjects/DE_Zoomcamp_Capstone_Project/.venv/lib/python3.10/site-packages/airflow/example_dags/example_outlet_event_extra.py took 0.097 seconds
[2025-04-05T10:07:24.641+0100] {processor.py:186} INFO - Started process (PID=13867) to work on /home/Data_Professional/PycharmProjects/DE_Zoomcamp_Capstone_Project/.venv/lib/python3.10/site-packages/airflow/example_dags/example_outlet_event_extra.py
[2025-04-05T10:07:24.643+0100] {processor.py:914} INFO - Processing file /home/Data_Professional/PycharmProjects/DE_Zoomcamp_Capstone_Project/.venv/lib/python3.10/site-packages/airflow/example_dags/example_outlet_event_extra.py for tasks to queue
[2025-04-05T10:07:24.644+0100] {logging_mixin.py:190} INFO - [2025-04-05T10:07:24.644+0100] {dagbag.py:588} INFO - Filling up the DagBag from /home/Data_Professional/PycharmProjects/DE_Zoomcamp_Capstone_Project/.venv/lib/python3.10/site-packages/airflow/example_dags/example_outlet_event_extra.py
[2025-04-05T10:07:24.656+0100] {processor.py:925} INFO - DAG(s) 'dataset_with_extra_by_yield', 'dataset_with_extra_by_context', 'dataset_with_extra_from_classic_operator' retrieved from /home/Data_Professional/PycharmProjects/DE_Zoomcamp_Capstone_Project/.venv/lib/python3.10/site-packages/airflow/example_dags/example_outlet_event_extra.py
[2025-04-05T10:07:24.673+0100] {logging_mixin.py:190} INFO - [2025-04-05T10:07:24.673+0100] {dag.py:3239} INFO - Sync 3 DAGs
[2025-04-05T10:07:24.692+0100] {logging_mixin.py:190} INFO - [2025-04-05T10:07:24.692+0100] {dag.py:4180} INFO - Setting next_dagrun for dataset_with_extra_by_context to 2025-04-04 00:00:00+00:00, run_after=2025-04-05 00:00:00+00:00
[2025-04-05T10:07:24.696+0100] {logging_mixin.py:190} INFO - [2025-04-05T10:07:24.696+0100] {dag.py:4180} INFO - Setting next_dagrun for dataset_with_extra_by_yield to 2025-04-04 00:00:00+00:00, run_after=2025-04-05 00:00:00+00:00
[2025-04-05T10:07:24.699+0100] {logging_mixin.py:190} INFO - [2025-04-05T10:07:24.698+0100] {dag.py:4180} INFO - Setting next_dagrun for dataset_with_extra_from_classic_operator to 2025-04-04 00:00:00+00:00, run_after=2025-04-05 00:00:00+00:00
[2025-04-05T10:07:24.717+0100] {processor.py:208} INFO - Processing /home/Data_Professional/PycharmProjects/DE_Zoomcamp_Capstone_Project/.venv/lib/python3.10/site-packages/airflow/example_dags/example_outlet_event_extra.py took 0.082 seconds
[2025-04-05T10:08:30.820+0100] {processor.py:186} INFO - Started process (PID=14170) to work on /home/Data_Professional/PycharmProjects/DE_Zoomcamp_Capstone_Project/.venv/lib/python3.10/site-packages/airflow/example_dags/example_outlet_event_extra.py
[2025-04-05T10:08:30.823+0100] {processor.py:914} INFO - Processing file /home/Data_Professional/PycharmProjects/DE_Zoomcamp_Capstone_Project/.venv/lib/python3.10/site-packages/airflow/example_dags/example_outlet_event_extra.py for tasks to queue
[2025-04-05T10:08:30.825+0100] {logging_mixin.py:190} INFO - [2025-04-05T10:08:30.824+0100] {dagbag.py:588} INFO - Filling up the DagBag from /home/Data_Professional/PycharmProjects/DE_Zoomcamp_Capstone_Project/.venv/lib/python3.10/site-packages/airflow/example_dags/example_outlet_event_extra.py
[2025-04-05T10:08:30.843+0100] {processor.py:925} INFO - DAG(s) 'dataset_with_extra_from_classic_operator', 'dataset_with_extra_by_context', 'dataset_with_extra_by_yield' retrieved from /home/Data_Professional/PycharmProjects/DE_Zoomcamp_Capstone_Project/.venv/lib/python3.10/site-packages/airflow/example_dags/example_outlet_event_extra.py
[2025-04-05T10:08:30.861+0100] {logging_mixin.py:190} INFO - [2025-04-05T10:08:30.860+0100] {dag.py:3239} INFO - Sync 3 DAGs
[2025-04-05T10:08:30.878+0100] {logging_mixin.py:190} INFO - [2025-04-05T10:08:30.878+0100] {dag.py:4180} INFO - Setting next_dagrun for dataset_with_extra_by_context to 2025-04-04 00:00:00+00:00, run_after=2025-04-05 00:00:00+00:00
[2025-04-05T10:08:30.883+0100] {logging_mixin.py:190} INFO - [2025-04-05T10:08:30.882+0100] {dag.py:4180} INFO - Setting next_dagrun for dataset_with_extra_by_yield to 2025-04-04 00:00:00+00:00, run_after=2025-04-05 00:00:00+00:00
[2025-04-05T10:08:30.885+0100] {logging_mixin.py:190} INFO - [2025-04-05T10:08:30.885+0100] {dag.py:4180} INFO - Setting next_dagrun for dataset_with_extra_from_classic_operator to 2025-04-04 00:00:00+00:00, run_after=2025-04-05 00:00:00+00:00
[2025-04-05T10:08:30.904+0100] {processor.py:208} INFO - Processing /home/Data_Professional/PycharmProjects/DE_Zoomcamp_Capstone_Project/.venv/lib/python3.10/site-packages/airflow/example_dags/example_outlet_event_extra.py took 0.094 seconds
[2025-04-05T10:09:43.192+0100] {processor.py:186} INFO - Started process (PID=14359) to work on /home/Data_Professional/PycharmProjects/DE_Zoomcamp_Capstone_Project/.venv/lib/python3.10/site-packages/airflow/example_dags/example_outlet_event_extra.py
[2025-04-05T10:09:43.196+0100] {processor.py:914} INFO - Processing file /home/Data_Professional/PycharmProjects/DE_Zoomcamp_Capstone_Project/.venv/lib/python3.10/site-packages/airflow/example_dags/example_outlet_event_extra.py for tasks to queue
[2025-04-05T10:09:43.199+0100] {logging_mixin.py:190} INFO - [2025-04-05T10:09:43.198+0100] {dagbag.py:588} INFO - Filling up the DagBag from /home/Data_Professional/PycharmProjects/DE_Zoomcamp_Capstone_Project/.venv/lib/python3.10/site-packages/airflow/example_dags/example_outlet_event_extra.py
[2025-04-05T10:09:43.220+0100] {processor.py:925} INFO - DAG(s) 'dataset_with_extra_from_classic_operator', 'dataset_with_extra_by_context', 'dataset_with_extra_by_yield' retrieved from /home/Data_Professional/PycharmProjects/DE_Zoomcamp_Capstone_Project/.venv/lib/python3.10/site-packages/airflow/example_dags/example_outlet_event_extra.py
[2025-04-05T10:09:43.238+0100] {logging_mixin.py:190} INFO - [2025-04-05T10:09:43.238+0100] {dag.py:3239} INFO - Sync 3 DAGs
[2025-04-05T10:09:43.256+0100] {logging_mixin.py:190} INFO - [2025-04-05T10:09:43.256+0100] {dag.py:4180} INFO - Setting next_dagrun for dataset_with_extra_by_context to 2025-04-04 00:00:00+00:00, run_after=2025-04-05 00:00:00+00:00
[2025-04-05T10:09:43.260+0100] {logging_mixin.py:190} INFO - [2025-04-05T10:09:43.260+0100] {dag.py:4180} INFO - Setting next_dagrun for dataset_with_extra_by_yield to 2025-04-04 00:00:00+00:00, run_after=2025-04-05 00:00:00+00:00
[2025-04-05T10:09:43.263+0100] {logging_mixin.py:190} INFO - [2025-04-05T10:09:43.263+0100] {dag.py:4180} INFO - Setting next_dagrun for dataset_with_extra_from_classic_operator to 2025-04-04 00:00:00+00:00, run_after=2025-04-05 00:00:00+00:00
[2025-04-05T10:09:43.285+0100] {processor.py:208} INFO - Processing /home/Data_Professional/PycharmProjects/DE_Zoomcamp_Capstone_Project/.venv/lib/python3.10/site-packages/airflow/example_dags/example_outlet_event_extra.py took 0.107 seconds
[2025-04-05T10:10:40.237+0100] {processor.py:186} INFO - Started process (PID=14538) to work on /home/Data_Professional/PycharmProjects/DE_Zoomcamp_Capstone_Project/.venv/lib/python3.10/site-packages/airflow/example_dags/example_outlet_event_extra.py
[2025-04-05T10:10:40.239+0100] {processor.py:914} INFO - Processing file /home/Data_Professional/PycharmProjects/DE_Zoomcamp_Capstone_Project/.venv/lib/python3.10/site-packages/airflow/example_dags/example_outlet_event_extra.py for tasks to queue
[2025-04-05T10:10:40.241+0100] {logging_mixin.py:190} INFO - [2025-04-05T10:10:40.240+0100] {dagbag.py:588} INFO - Filling up the DagBag from /home/Data_Professional/PycharmProjects/DE_Zoomcamp_Capstone_Project/.venv/lib/python3.10/site-packages/airflow/example_dags/example_outlet_event_extra.py
[2025-04-05T10:10:40.252+0100] {processor.py:925} INFO - DAG(s) 'dataset_with_extra_by_yield', 'dataset_with_extra_by_context', 'dataset_with_extra_from_classic_operator' retrieved from /home/Data_Professional/PycharmProjects/DE_Zoomcamp_Capstone_Project/.venv/lib/python3.10/site-packages/airflow/example_dags/example_outlet_event_extra.py
[2025-04-05T10:10:40.268+0100] {logging_mixin.py:190} INFO - [2025-04-05T10:10:40.268+0100] {dag.py:3239} INFO - Sync 3 DAGs
[2025-04-05T10:10:40.286+0100] {logging_mixin.py:190} INFO - [2025-04-05T10:10:40.286+0100] {dag.py:4180} INFO - Setting next_dagrun for dataset_with_extra_by_context to 2025-04-04 00:00:00+00:00, run_after=2025-04-05 00:00:00+00:00
[2025-04-05T10:10:40.290+0100] {logging_mixin.py:190} INFO - [2025-04-05T10:10:40.290+0100] {dag.py:4180} INFO - Setting next_dagrun for dataset_with_extra_by_yield to 2025-04-04 00:00:00+00:00, run_after=2025-04-05 00:00:00+00:00
[2025-04-05T10:10:40.292+0100] {logging_mixin.py:190} INFO - [2025-04-05T10:10:40.292+0100] {dag.py:4180} INFO - Setting next_dagrun for dataset_with_extra_from_classic_operator to 2025-04-04 00:00:00+00:00, run_after=2025-04-05 00:00:00+00:00
[2025-04-05T10:10:40.310+0100] {processor.py:208} INFO - Processing /home/Data_Professional/PycharmProjects/DE_Zoomcamp_Capstone_Project/.venv/lib/python3.10/site-packages/airflow/example_dags/example_outlet_event_extra.py took 0.079 seconds
[2025-04-05T10:11:44.200+0100] {processor.py:186} INFO - Started process (PID=14900) to work on /home/Data_Professional/PycharmProjects/DE_Zoomcamp_Capstone_Project/.venv/lib/python3.10/site-packages/airflow/example_dags/example_outlet_event_extra.py
[2025-04-05T10:11:44.202+0100] {processor.py:914} INFO - Processing file /home/Data_Professional/PycharmProjects/DE_Zoomcamp_Capstone_Project/.venv/lib/python3.10/site-packages/airflow/example_dags/example_outlet_event_extra.py for tasks to queue
[2025-04-05T10:11:44.204+0100] {logging_mixin.py:190} INFO - [2025-04-05T10:11:44.203+0100] {dagbag.py:588} INFO - Filling up the DagBag from /home/Data_Professional/PycharmProjects/DE_Zoomcamp_Capstone_Project/.venv/lib/python3.10/site-packages/airflow/example_dags/example_outlet_event_extra.py
[2025-04-05T10:11:44.219+0100] {processor.py:925} INFO - DAG(s) 'dataset_with_extra_from_classic_operator', 'dataset_with_extra_by_yield', 'dataset_with_extra_by_context' retrieved from /home/Data_Professional/PycharmProjects/DE_Zoomcamp_Capstone_Project/.venv/lib/python3.10/site-packages/airflow/example_dags/example_outlet_event_extra.py
[2025-04-05T10:11:44.236+0100] {logging_mixin.py:190} INFO - [2025-04-05T10:11:44.236+0100] {dag.py:3239} INFO - Sync 3 DAGs
[2025-04-05T10:11:44.253+0100] {logging_mixin.py:190} INFO - [2025-04-05T10:11:44.253+0100] {dag.py:4180} INFO - Setting next_dagrun for dataset_with_extra_by_context to 2025-04-04 00:00:00+00:00, run_after=2025-04-05 00:00:00+00:00
[2025-04-05T10:11:44.257+0100] {logging_mixin.py:190} INFO - [2025-04-05T10:11:44.257+0100] {dag.py:4180} INFO - Setting next_dagrun for dataset_with_extra_by_yield to 2025-04-04 00:00:00+00:00, run_after=2025-04-05 00:00:00+00:00
[2025-04-05T10:11:44.259+0100] {logging_mixin.py:190} INFO - [2025-04-05T10:11:44.259+0100] {dag.py:4180} INFO - Setting next_dagrun for dataset_with_extra_from_classic_operator to 2025-04-04 00:00:00+00:00, run_after=2025-04-05 00:00:00+00:00
[2025-04-05T10:11:44.277+0100] {processor.py:208} INFO - Processing /home/Data_Professional/PycharmProjects/DE_Zoomcamp_Capstone_Project/.venv/lib/python3.10/site-packages/airflow/example_dags/example_outlet_event_extra.py took 0.085 seconds
[2025-04-05T10:12:51.563+0100] {processor.py:186} INFO - Started process (PID=15059) to work on /home/Data_Professional/PycharmProjects/DE_Zoomcamp_Capstone_Project/.venv/lib/python3.10/site-packages/airflow/example_dags/example_outlet_event_extra.py
[2025-04-05T10:12:51.567+0100] {processor.py:914} INFO - Processing file /home/Data_Professional/PycharmProjects/DE_Zoomcamp_Capstone_Project/.venv/lib/python3.10/site-packages/airflow/example_dags/example_outlet_event_extra.py for tasks to queue
[2025-04-05T10:12:51.569+0100] {logging_mixin.py:190} INFO - [2025-04-05T10:12:51.568+0100] {dagbag.py:588} INFO - Filling up the DagBag from /home/Data_Professional/PycharmProjects/DE_Zoomcamp_Capstone_Project/.venv/lib/python3.10/site-packages/airflow/example_dags/example_outlet_event_extra.py
[2025-04-05T10:12:51.585+0100] {processor.py:925} INFO - DAG(s) 'dataset_with_extra_by_yield', 'dataset_with_extra_by_context', 'dataset_with_extra_from_classic_operator' retrieved from /home/Data_Professional/PycharmProjects/DE_Zoomcamp_Capstone_Project/.venv/lib/python3.10/site-packages/airflow/example_dags/example_outlet_event_extra.py
[2025-04-05T10:12:51.604+0100] {logging_mixin.py:190} INFO - [2025-04-05T10:12:51.603+0100] {dag.py:3239} INFO - Sync 3 DAGs
[2025-04-05T10:12:51.622+0100] {logging_mixin.py:190} INFO - [2025-04-05T10:12:51.622+0100] {dag.py:4180} INFO - Setting next_dagrun for dataset_with_extra_by_context to 2025-04-04 00:00:00+00:00, run_after=2025-04-05 00:00:00+00:00
[2025-04-05T10:12:51.627+0100] {logging_mixin.py:190} INFO - [2025-04-05T10:12:51.627+0100] {dag.py:4180} INFO - Setting next_dagrun for dataset_with_extra_by_yield to 2025-04-04 00:00:00+00:00, run_after=2025-04-05 00:00:00+00:00
[2025-04-05T10:12:51.629+0100] {logging_mixin.py:190} INFO - [2025-04-05T10:12:51.629+0100] {dag.py:4180} INFO - Setting next_dagrun for dataset_with_extra_from_classic_operator to 2025-04-04 00:00:00+00:00, run_after=2025-04-05 00:00:00+00:00
[2025-04-05T10:12:51.648+0100] {processor.py:208} INFO - Processing /home/Data_Professional/PycharmProjects/DE_Zoomcamp_Capstone_Project/.venv/lib/python3.10/site-packages/airflow/example_dags/example_outlet_event_extra.py took 0.103 seconds
[2025-04-05T10:13:49.222+0100] {processor.py:186} INFO - Started process (PID=15145) to work on /home/Data_Professional/PycharmProjects/DE_Zoomcamp_Capstone_Project/.venv/lib/python3.10/site-packages/airflow/example_dags/example_outlet_event_extra.py
[2025-04-05T10:13:49.226+0100] {processor.py:914} INFO - Processing file /home/Data_Professional/PycharmProjects/DE_Zoomcamp_Capstone_Project/.venv/lib/python3.10/site-packages/airflow/example_dags/example_outlet_event_extra.py for tasks to queue
[2025-04-05T10:13:49.229+0100] {logging_mixin.py:190} INFO - [2025-04-05T10:13:49.228+0100] {dagbag.py:588} INFO - Filling up the DagBag from /home/Data_Professional/PycharmProjects/DE_Zoomcamp_Capstone_Project/.venv/lib/python3.10/site-packages/airflow/example_dags/example_outlet_event_extra.py
[2025-04-05T10:13:49.250+0100] {processor.py:925} INFO - DAG(s) 'dataset_with_extra_by_context', 'dataset_with_extra_from_classic_operator', 'dataset_with_extra_by_yield' retrieved from /home/Data_Professional/PycharmProjects/DE_Zoomcamp_Capstone_Project/.venv/lib/python3.10/site-packages/airflow/example_dags/example_outlet_event_extra.py
[2025-04-05T10:13:49.267+0100] {logging_mixin.py:190} INFO - [2025-04-05T10:13:49.266+0100] {dag.py:3239} INFO - Sync 3 DAGs
[2025-04-05T10:13:49.365+0100] {logging_mixin.py:190} INFO - [2025-04-05T10:13:49.365+0100] {dag.py:4180} INFO - Setting next_dagrun for dataset_with_extra_by_context to 2025-04-04 00:00:00+00:00, run_after=2025-04-05 00:00:00+00:00
[2025-04-05T10:13:49.369+0100] {logging_mixin.py:190} INFO - [2025-04-05T10:13:49.369+0100] {dag.py:4180} INFO - Setting next_dagrun for dataset_with_extra_by_yield to 2025-04-04 00:00:00+00:00, run_after=2025-04-05 00:00:00+00:00
[2025-04-05T10:13:49.372+0100] {logging_mixin.py:190} INFO - [2025-04-05T10:13:49.372+0100] {dag.py:4180} INFO - Setting next_dagrun for dataset_with_extra_from_classic_operator to 2025-04-04 00:00:00+00:00, run_after=2025-04-05 00:00:00+00:00
[2025-04-05T10:13:49.394+0100] {processor.py:208} INFO - Processing /home/Data_Professional/PycharmProjects/DE_Zoomcamp_Capstone_Project/.venv/lib/python3.10/site-packages/airflow/example_dags/example_outlet_event_extra.py took 0.184 seconds
[2025-04-05T12:23:43.054+0100] {processor.py:186} INFO - Started process (PID=15408) to work on /home/Data_Professional/PycharmProjects/DE_Zoomcamp_Capstone_Project/.venv/lib/python3.10/site-packages/airflow/example_dags/example_outlet_event_extra.py
[2025-04-05T12:23:43.056+0100] {processor.py:914} INFO - Processing file /home/Data_Professional/PycharmProjects/DE_Zoomcamp_Capstone_Project/.venv/lib/python3.10/site-packages/airflow/example_dags/example_outlet_event_extra.py for tasks to queue
[2025-04-05T12:23:43.058+0100] {logging_mixin.py:190} INFO - [2025-04-05T12:23:43.057+0100] {dagbag.py:588} INFO - Filling up the DagBag from /home/Data_Professional/PycharmProjects/DE_Zoomcamp_Capstone_Project/.venv/lib/python3.10/site-packages/airflow/example_dags/example_outlet_event_extra.py
[2025-04-05T12:23:43.069+0100] {processor.py:925} INFO - DAG(s) 'dataset_with_extra_by_yield', 'dataset_with_extra_by_context', 'dataset_with_extra_from_classic_operator' retrieved from /home/Data_Professional/PycharmProjects/DE_Zoomcamp_Capstone_Project/.venv/lib/python3.10/site-packages/airflow/example_dags/example_outlet_event_extra.py
[2025-04-05T12:23:43.085+0100] {logging_mixin.py:190} INFO - [2025-04-05T12:23:43.085+0100] {dag.py:3239} INFO - Sync 3 DAGs
[2025-04-05T12:23:43.184+0100] {logging_mixin.py:190} INFO - [2025-04-05T12:23:43.184+0100] {dag.py:4180} INFO - Setting next_dagrun for dataset_with_extra_by_context to 2025-04-04 00:00:00+00:00, run_after=2025-04-05 00:00:00+00:00
[2025-04-05T12:23:43.189+0100] {logging_mixin.py:190} INFO - [2025-04-05T12:23:43.189+0100] {dag.py:4180} INFO - Setting next_dagrun for dataset_with_extra_by_yield to 2025-04-04 00:00:00+00:00, run_after=2025-04-05 00:00:00+00:00
[2025-04-05T12:23:43.191+0100] {logging_mixin.py:190} INFO - [2025-04-05T12:23:43.191+0100] {dag.py:4180} INFO - Setting next_dagrun for dataset_with_extra_from_classic_operator to 2025-04-04 00:00:00+00:00, run_after=2025-04-05 00:00:00+00:00
[2025-04-05T12:23:43.212+0100] {processor.py:208} INFO - Processing /home/Data_Professional/PycharmProjects/DE_Zoomcamp_Capstone_Project/.venv/lib/python3.10/site-packages/airflow/example_dags/example_outlet_event_extra.py took 0.166 seconds
