[2025-04-05T09:56:00.474+0100] {processor.py:186} INFO - Started process (PID=12033) to work on /home/Data_Professional/PycharmProjects/DE_Zoomcamp_Capstone_Project/.venv/lib/python3.10/site-packages/airflow/example_dags/example_branch_datetime_operator.py
[2025-04-05T09:56:00.476+0100] {processor.py:914} INFO - Processing file /home/Data_Professional/PycharmProjects/DE_Zoomcamp_Capstone_Project/.venv/lib/python3.10/site-packages/airflow/example_dags/example_branch_datetime_operator.py for tasks to queue
[2025-04-05T09:56:00.481+0100] {logging_mixin.py:190} INFO - [2025-04-05T09:56:00.480+0100] {dagbag.py:588} INFO - Filling up the DagBag from /home/Data_Professional/PycharmProjects/DE_Zoomcamp_Capstone_Project/.venv/lib/python3.10/site-packages/airflow/example_dags/example_branch_datetime_operator.py
[2025-04-05T09:56:00.498+0100] {processor.py:925} INFO - DAG(s) 'example_branch_datetime_operator_3', 'example_branch_datetime_operator', 'example_branch_datetime_operator_2' retrieved from /home/Data_Professional/PycharmProjects/DE_Zoomcamp_Capstone_Project/.venv/lib/python3.10/site-packages/airflow/example_dags/example_branch_datetime_operator.py
[2025-04-05T09:56:00.576+0100] {logging_mixin.py:190} INFO - [2025-04-05T09:56:00.576+0100] {override.py:1912} INFO - Created Permission View: can read on DAG:example_branch_datetime_operator_3
[2025-04-05T09:56:00.586+0100] {logging_mixin.py:190} INFO - [2025-04-05T09:56:00.585+0100] {override.py:1912} INFO - Created Permission View: can delete on DAG:example_branch_datetime_operator_3
[2025-04-05T09:56:00.599+0100] {logging_mixin.py:190} INFO - [2025-04-05T09:56:00.598+0100] {override.py:1912} INFO - Created Permission View: can edit on DAG:example_branch_datetime_operator_3
[2025-04-05T09:56:00.610+0100] {logging_mixin.py:190} INFO - [2025-04-05T09:56:00.610+0100] {override.py:1912} INFO - Created Permission View: can create on DAG Run:example_branch_datetime_operator_3
[2025-04-05T09:56:00.617+0100] {logging_mixin.py:190} INFO - [2025-04-05T09:56:00.617+0100] {override.py:1912} INFO - Created Permission View: can read on DAG Run:example_branch_datetime_operator_3
[2025-04-05T09:56:00.624+0100] {logging_mixin.py:190} INFO - [2025-04-05T09:56:00.624+0100] {override.py:1912} INFO - Created Permission View: can delete on DAG Run:example_branch_datetime_operator_3
[2025-04-05T09:56:00.633+0100] {logging_mixin.py:190} INFO - [2025-04-05T09:56:00.632+0100] {override.py:1912} INFO - Created Permission View: menu access on DAG Run:example_branch_datetime_operator_3
[2025-04-05T09:56:00.657+0100] {logging_mixin.py:190} INFO - [2025-04-05T09:56:00.657+0100] {override.py:1912} INFO - Created Permission View: can read on DAG:example_branch_datetime_operator
[2025-04-05T09:56:00.666+0100] {logging_mixin.py:190} INFO - [2025-04-05T09:56:00.666+0100] {override.py:1912} INFO - Created Permission View: can delete on DAG:example_branch_datetime_operator
[2025-04-05T09:56:00.678+0100] {logging_mixin.py:190} INFO - [2025-04-05T09:56:00.678+0100] {override.py:1912} INFO - Created Permission View: can edit on DAG:example_branch_datetime_operator
[2025-04-05T09:56:00.691+0100] {logging_mixin.py:190} INFO - [2025-04-05T09:56:00.690+0100] {override.py:1912} INFO - Created Permission View: can create on DAG Run:example_branch_datetime_operator
[2025-04-05T09:56:00.699+0100] {logging_mixin.py:190} INFO - [2025-04-05T09:56:00.699+0100] {override.py:1912} INFO - Created Permission View: can read on DAG Run:example_branch_datetime_operator
[2025-04-05T09:56:00.708+0100] {logging_mixin.py:190} INFO - [2025-04-05T09:56:00.708+0100] {override.py:1912} INFO - Created Permission View: can delete on DAG Run:example_branch_datetime_operator
[2025-04-05T09:56:00.720+0100] {logging_mixin.py:190} INFO - [2025-04-05T09:56:00.719+0100] {override.py:1912} INFO - Created Permission View: menu access on DAG Run:example_branch_datetime_operator
[2025-04-05T09:56:00.751+0100] {logging_mixin.py:190} INFO - [2025-04-05T09:56:00.750+0100] {override.py:1912} INFO - Created Permission View: can read on DAG:example_branch_datetime_operator_2
[2025-04-05T09:56:00.764+0100] {logging_mixin.py:190} INFO - [2025-04-05T09:56:00.764+0100] {override.py:1912} INFO - Created Permission View: can delete on DAG:example_branch_datetime_operator_2
[2025-04-05T09:56:00.782+0100] {logging_mixin.py:190} INFO - [2025-04-05T09:56:00.781+0100] {override.py:1912} INFO - Created Permission View: can edit on DAG:example_branch_datetime_operator_2
[2025-04-05T09:56:00.794+0100] {logging_mixin.py:190} INFO - [2025-04-05T09:56:00.793+0100] {override.py:1912} INFO - Created Permission View: can create on DAG Run:example_branch_datetime_operator_2
[2025-04-05T09:56:00.805+0100] {logging_mixin.py:190} INFO - [2025-04-05T09:56:00.804+0100] {override.py:1912} INFO - Created Permission View: can read on DAG Run:example_branch_datetime_operator_2
[2025-04-05T09:56:00.836+0100] {logging_mixin.py:190} INFO - [2025-04-05T09:56:00.835+0100] {override.py:1912} INFO - Created Permission View: can delete on DAG Run:example_branch_datetime_operator_2
[2025-04-05T09:56:00.847+0100] {logging_mixin.py:190} INFO - [2025-04-05T09:56:00.847+0100] {override.py:1912} INFO - Created Permission View: menu access on DAG Run:example_branch_datetime_operator_2
[2025-04-05T09:56:00.848+0100] {logging_mixin.py:190} INFO - [2025-04-05T09:56:00.848+0100] {dag.py:3239} INFO - Sync 3 DAGs
[2025-04-05T09:56:00.874+0100] {logging_mixin.py:190} INFO - [2025-04-05T09:56:00.873+0100] {dag.py:3262} INFO - Creating ORM DAG for example_branch_datetime_operator_3
[2025-04-05T09:56:00.874+0100] {logging_mixin.py:190} INFO - [2025-04-05T09:56:00.874+0100] {dag.py:3262} INFO - Creating ORM DAG for example_branch_datetime_operator_2
[2025-04-05T09:56:00.875+0100] {logging_mixin.py:190} INFO - [2025-04-05T09:56:00.875+0100] {dag.py:3262} INFO - Creating ORM DAG for example_branch_datetime_operator
[2025-04-05T09:56:00.889+0100] {logging_mixin.py:190} INFO - [2025-04-05T09:56:00.888+0100] {dag.py:4180} INFO - Setting next_dagrun for example_branch_datetime_operator to 2025-04-04 00:00:00+00:00, run_after=2025-04-05 00:00:00+00:00
[2025-04-05T09:56:00.891+0100] {logging_mixin.py:190} INFO - [2025-04-05T09:56:00.891+0100] {dag.py:4180} INFO - Setting next_dagrun for example_branch_datetime_operator_2 to 2025-04-04 00:00:00+00:00, run_after=2025-04-05 00:00:00+00:00
[2025-04-05T09:56:00.894+0100] {logging_mixin.py:190} INFO - [2025-04-05T09:56:00.894+0100] {dag.py:4180} INFO - Setting next_dagrun for example_branch_datetime_operator_3 to 2025-04-04 00:00:00+00:00, run_after=2025-04-05 00:00:00+00:00
[2025-04-05T09:56:00.917+0100] {processor.py:208} INFO - Processing /home/Data_Professional/PycharmProjects/DE_Zoomcamp_Capstone_Project/.venv/lib/python3.10/site-packages/airflow/example_dags/example_branch_datetime_operator.py took 0.458 seconds
[2025-04-05T09:57:00.431+0100] {processor.py:186} INFO - Started process (PID=12255) to work on /home/Data_Professional/PycharmProjects/DE_Zoomcamp_Capstone_Project/.venv/lib/python3.10/site-packages/airflow/example_dags/example_branch_datetime_operator.py
[2025-04-05T09:57:00.435+0100] {processor.py:914} INFO - Processing file /home/Data_Professional/PycharmProjects/DE_Zoomcamp_Capstone_Project/.venv/lib/python3.10/site-packages/airflow/example_dags/example_branch_datetime_operator.py for tasks to queue
[2025-04-05T09:57:00.438+0100] {logging_mixin.py:190} INFO - [2025-04-05T09:57:00.438+0100] {dagbag.py:588} INFO - Filling up the DagBag from /home/Data_Professional/PycharmProjects/DE_Zoomcamp_Capstone_Project/.venv/lib/python3.10/site-packages/airflow/example_dags/example_branch_datetime_operator.py
[2025-04-05T09:57:00.454+0100] {processor.py:925} INFO - DAG(s) 'example_branch_datetime_operator_2', 'example_branch_datetime_operator', 'example_branch_datetime_operator_3' retrieved from /home/Data_Professional/PycharmProjects/DE_Zoomcamp_Capstone_Project/.venv/lib/python3.10/site-packages/airflow/example_dags/example_branch_datetime_operator.py
[2025-04-05T09:57:00.471+0100] {logging_mixin.py:190} INFO - [2025-04-05T09:57:00.471+0100] {dag.py:3239} INFO - Sync 3 DAGs
[2025-04-05T09:57:00.488+0100] {logging_mixin.py:190} INFO - [2025-04-05T09:57:00.488+0100] {dag.py:4180} INFO - Setting next_dagrun for example_branch_datetime_operator to 2025-04-04 00:00:00+00:00, run_after=2025-04-05 00:00:00+00:00
[2025-04-05T09:57:00.492+0100] {logging_mixin.py:190} INFO - [2025-04-05T09:57:00.492+0100] {dag.py:4180} INFO - Setting next_dagrun for example_branch_datetime_operator_2 to 2025-04-04 00:00:00+00:00, run_after=2025-04-05 00:00:00+00:00
[2025-04-05T09:57:00.494+0100] {logging_mixin.py:190} INFO - [2025-04-05T09:57:00.494+0100] {dag.py:4180} INFO - Setting next_dagrun for example_branch_datetime_operator_3 to 2025-04-04 00:00:00+00:00, run_after=2025-04-05 00:00:00+00:00
[2025-04-05T09:57:00.508+0100] {processor.py:208} INFO - Processing /home/Data_Professional/PycharmProjects/DE_Zoomcamp_Capstone_Project/.venv/lib/python3.10/site-packages/airflow/example_dags/example_branch_datetime_operator.py took 0.095 seconds
[2025-04-05T09:57:58.062+0100] {processor.py:186} INFO - Started process (PID=12321) to work on /home/Data_Professional/PycharmProjects/DE_Zoomcamp_Capstone_Project/.venv/lib/python3.10/site-packages/airflow/example_dags/example_branch_datetime_operator.py
[2025-04-05T09:57:58.065+0100] {processor.py:914} INFO - Processing file /home/Data_Professional/PycharmProjects/DE_Zoomcamp_Capstone_Project/.venv/lib/python3.10/site-packages/airflow/example_dags/example_branch_datetime_operator.py for tasks to queue
[2025-04-05T09:57:58.067+0100] {logging_mixin.py:190} INFO - [2025-04-05T09:57:58.066+0100] {dagbag.py:588} INFO - Filling up the DagBag from /home/Data_Professional/PycharmProjects/DE_Zoomcamp_Capstone_Project/.venv/lib/python3.10/site-packages/airflow/example_dags/example_branch_datetime_operator.py
[2025-04-05T09:57:58.078+0100] {processor.py:925} INFO - DAG(s) 'example_branch_datetime_operator', 'example_branch_datetime_operator_2', 'example_branch_datetime_operator_3' retrieved from /home/Data_Professional/PycharmProjects/DE_Zoomcamp_Capstone_Project/.venv/lib/python3.10/site-packages/airflow/example_dags/example_branch_datetime_operator.py
[2025-04-05T09:57:58.094+0100] {logging_mixin.py:190} INFO - [2025-04-05T09:57:58.094+0100] {dag.py:3239} INFO - Sync 3 DAGs
[2025-04-05T09:57:58.113+0100] {logging_mixin.py:190} INFO - [2025-04-05T09:57:58.112+0100] {dag.py:4180} INFO - Setting next_dagrun for example_branch_datetime_operator to 2025-04-04 00:00:00+00:00, run_after=2025-04-05 00:00:00+00:00
[2025-04-05T09:57:58.116+0100] {logging_mixin.py:190} INFO - [2025-04-05T09:57:58.116+0100] {dag.py:4180} INFO - Setting next_dagrun for example_branch_datetime_operator_2 to 2025-04-04 00:00:00+00:00, run_after=2025-04-05 00:00:00+00:00
[2025-04-05T09:57:58.118+0100] {logging_mixin.py:190} INFO - [2025-04-05T09:57:58.118+0100] {dag.py:4180} INFO - Setting next_dagrun for example_branch_datetime_operator_3 to 2025-04-04 00:00:00+00:00, run_after=2025-04-05 00:00:00+00:00
[2025-04-05T09:57:58.133+0100] {processor.py:208} INFO - Processing /home/Data_Professional/PycharmProjects/DE_Zoomcamp_Capstone_Project/.venv/lib/python3.10/site-packages/airflow/example_dags/example_branch_datetime_operator.py took 0.076 seconds
[2025-04-05T09:59:19.845+0100] {processor.py:186} INFO - Started process (PID=12423) to work on /home/Data_Professional/PycharmProjects/DE_Zoomcamp_Capstone_Project/.venv/lib/python3.10/site-packages/airflow/example_dags/example_branch_datetime_operator.py
[2025-04-05T09:59:19.849+0100] {processor.py:914} INFO - Processing file /home/Data_Professional/PycharmProjects/DE_Zoomcamp_Capstone_Project/.venv/lib/python3.10/site-packages/airflow/example_dags/example_branch_datetime_operator.py for tasks to queue
[2025-04-05T09:59:19.853+0100] {logging_mixin.py:190} INFO - [2025-04-05T09:59:19.852+0100] {dagbag.py:588} INFO - Filling up the DagBag from /home/Data_Professional/PycharmProjects/DE_Zoomcamp_Capstone_Project/.venv/lib/python3.10/site-packages/airflow/example_dags/example_branch_datetime_operator.py
[2025-04-05T09:59:19.871+0100] {processor.py:925} INFO - DAG(s) 'example_branch_datetime_operator', 'example_branch_datetime_operator_2', 'example_branch_datetime_operator_3' retrieved from /home/Data_Professional/PycharmProjects/DE_Zoomcamp_Capstone_Project/.venv/lib/python3.10/site-packages/airflow/example_dags/example_branch_datetime_operator.py
[2025-04-05T09:59:19.890+0100] {logging_mixin.py:190} INFO - [2025-04-05T09:59:19.890+0100] {dag.py:3239} INFO - Sync 3 DAGs
[2025-04-05T09:59:19.907+0100] {logging_mixin.py:190} INFO - [2025-04-05T09:59:19.907+0100] {dag.py:4180} INFO - Setting next_dagrun for example_branch_datetime_operator to 2025-04-04 00:00:00+00:00, run_after=2025-04-05 00:00:00+00:00
[2025-04-05T09:59:19.911+0100] {logging_mixin.py:190} INFO - [2025-04-05T09:59:19.911+0100] {dag.py:4180} INFO - Setting next_dagrun for example_branch_datetime_operator_2 to 2025-04-04 00:00:00+00:00, run_after=2025-04-05 00:00:00+00:00
[2025-04-05T09:59:19.913+0100] {logging_mixin.py:190} INFO - [2025-04-05T09:59:19.913+0100] {dag.py:4180} INFO - Setting next_dagrun for example_branch_datetime_operator_3 to 2025-04-04 00:00:00+00:00, run_after=2025-04-05 00:00:00+00:00
[2025-04-05T09:59:19.938+0100] {processor.py:208} INFO - Processing /home/Data_Professional/PycharmProjects/DE_Zoomcamp_Capstone_Project/.venv/lib/python3.10/site-packages/airflow/example_dags/example_branch_datetime_operator.py took 0.104 seconds
[2025-04-05T10:00:18.903+0100] {processor.py:186} INFO - Started process (PID=12646) to work on /home/Data_Professional/PycharmProjects/DE_Zoomcamp_Capstone_Project/.venv/lib/python3.10/site-packages/airflow/example_dags/example_branch_datetime_operator.py
[2025-04-05T10:00:18.905+0100] {processor.py:914} INFO - Processing file /home/Data_Professional/PycharmProjects/DE_Zoomcamp_Capstone_Project/.venv/lib/python3.10/site-packages/airflow/example_dags/example_branch_datetime_operator.py for tasks to queue
[2025-04-05T10:00:18.907+0100] {logging_mixin.py:190} INFO - [2025-04-05T10:00:18.906+0100] {dagbag.py:588} INFO - Filling up the DagBag from /home/Data_Professional/PycharmProjects/DE_Zoomcamp_Capstone_Project/.venv/lib/python3.10/site-packages/airflow/example_dags/example_branch_datetime_operator.py
[2025-04-05T10:00:18.917+0100] {processor.py:925} INFO - DAG(s) 'example_branch_datetime_operator_2', 'example_branch_datetime_operator', 'example_branch_datetime_operator_3' retrieved from /home/Data_Professional/PycharmProjects/DE_Zoomcamp_Capstone_Project/.venv/lib/python3.10/site-packages/airflow/example_dags/example_branch_datetime_operator.py
[2025-04-05T10:00:18.935+0100] {logging_mixin.py:190} INFO - [2025-04-05T10:00:18.935+0100] {dag.py:3239} INFO - Sync 3 DAGs
[2025-04-05T10:00:18.954+0100] {logging_mixin.py:190} INFO - [2025-04-05T10:00:18.954+0100] {dag.py:4180} INFO - Setting next_dagrun for example_branch_datetime_operator to 2025-04-04 00:00:00+00:00, run_after=2025-04-05 00:00:00+00:00
[2025-04-05T10:00:18.958+0100] {logging_mixin.py:190} INFO - [2025-04-05T10:00:18.957+0100] {dag.py:4180} INFO - Setting next_dagrun for example_branch_datetime_operator_2 to 2025-04-04 00:00:00+00:00, run_after=2025-04-05 00:00:00+00:00
[2025-04-05T10:00:18.960+0100] {logging_mixin.py:190} INFO - [2025-04-05T10:00:18.960+0100] {dag.py:4180} INFO - Setting next_dagrun for example_branch_datetime_operator_3 to 2025-04-04 00:00:00+00:00, run_after=2025-04-05 00:00:00+00:00
[2025-04-05T10:00:18.976+0100] {processor.py:208} INFO - Processing /home/Data_Professional/PycharmProjects/DE_Zoomcamp_Capstone_Project/.venv/lib/python3.10/site-packages/airflow/example_dags/example_branch_datetime_operator.py took 0.078 seconds
[2025-04-05T10:01:16.513+0100] {processor.py:186} INFO - Started process (PID=12883) to work on /home/Data_Professional/PycharmProjects/DE_Zoomcamp_Capstone_Project/.venv/lib/python3.10/site-packages/airflow/example_dags/example_branch_datetime_operator.py
[2025-04-05T10:01:16.515+0100] {processor.py:914} INFO - Processing file /home/Data_Professional/PycharmProjects/DE_Zoomcamp_Capstone_Project/.venv/lib/python3.10/site-packages/airflow/example_dags/example_branch_datetime_operator.py for tasks to queue
[2025-04-05T10:01:16.518+0100] {logging_mixin.py:190} INFO - [2025-04-05T10:01:16.517+0100] {dagbag.py:588} INFO - Filling up the DagBag from /home/Data_Professional/PycharmProjects/DE_Zoomcamp_Capstone_Project/.venv/lib/python3.10/site-packages/airflow/example_dags/example_branch_datetime_operator.py
[2025-04-05T10:01:16.531+0100] {processor.py:925} INFO - DAG(s) 'example_branch_datetime_operator_2', 'example_branch_datetime_operator_3', 'example_branch_datetime_operator' retrieved from /home/Data_Professional/PycharmProjects/DE_Zoomcamp_Capstone_Project/.venv/lib/python3.10/site-packages/airflow/example_dags/example_branch_datetime_operator.py
[2025-04-05T10:01:16.554+0100] {logging_mixin.py:190} INFO - [2025-04-05T10:01:16.553+0100] {dag.py:3239} INFO - Sync 3 DAGs
[2025-04-05T10:01:16.576+0100] {logging_mixin.py:190} INFO - [2025-04-05T10:01:16.576+0100] {dag.py:4180} INFO - Setting next_dagrun for example_branch_datetime_operator to 2025-04-04 00:00:00+00:00, run_after=2025-04-05 00:00:00+00:00
[2025-04-05T10:01:16.580+0100] {logging_mixin.py:190} INFO - [2025-04-05T10:01:16.580+0100] {dag.py:4180} INFO - Setting next_dagrun for example_branch_datetime_operator_2 to 2025-04-04 00:00:00+00:00, run_after=2025-04-05 00:00:00+00:00
[2025-04-05T10:01:16.582+0100] {logging_mixin.py:190} INFO - [2025-04-05T10:01:16.582+0100] {dag.py:4180} INFO - Setting next_dagrun for example_branch_datetime_operator_3 to 2025-04-04 00:00:00+00:00, run_after=2025-04-05 00:00:00+00:00
[2025-04-05T10:01:16.600+0100] {processor.py:208} INFO - Processing /home/Data_Professional/PycharmProjects/DE_Zoomcamp_Capstone_Project/.venv/lib/python3.10/site-packages/airflow/example_dags/example_branch_datetime_operator.py took 0.092 seconds
[2025-04-05T10:02:13.151+0100] {processor.py:186} INFO - Started process (PID=12970) to work on /home/Data_Professional/PycharmProjects/DE_Zoomcamp_Capstone_Project/.venv/lib/python3.10/site-packages/airflow/example_dags/example_branch_datetime_operator.py
[2025-04-05T10:02:13.153+0100] {processor.py:914} INFO - Processing file /home/Data_Professional/PycharmProjects/DE_Zoomcamp_Capstone_Project/.venv/lib/python3.10/site-packages/airflow/example_dags/example_branch_datetime_operator.py for tasks to queue
[2025-04-05T10:02:13.165+0100] {logging_mixin.py:190} INFO - [2025-04-05T10:02:13.164+0100] {dagbag.py:588} INFO - Filling up the DagBag from /home/Data_Professional/PycharmProjects/DE_Zoomcamp_Capstone_Project/.venv/lib/python3.10/site-packages/airflow/example_dags/example_branch_datetime_operator.py
[2025-04-05T10:02:13.211+0100] {processor.py:925} INFO - DAG(s) 'example_branch_datetime_operator_3', 'example_branch_datetime_operator', 'example_branch_datetime_operator_2' retrieved from /home/Data_Professional/PycharmProjects/DE_Zoomcamp_Capstone_Project/.venv/lib/python3.10/site-packages/airflow/example_dags/example_branch_datetime_operator.py
[2025-04-05T10:02:13.265+0100] {logging_mixin.py:190} INFO - [2025-04-05T10:02:13.265+0100] {dag.py:3239} INFO - Sync 3 DAGs
[2025-04-05T10:02:13.298+0100] {logging_mixin.py:190} INFO - [2025-04-05T10:02:13.297+0100] {dag.py:4180} INFO - Setting next_dagrun for example_branch_datetime_operator to 2025-04-04 00:00:00+00:00, run_after=2025-04-05 00:00:00+00:00
[2025-04-05T10:02:13.304+0100] {logging_mixin.py:190} INFO - [2025-04-05T10:02:13.304+0100] {dag.py:4180} INFO - Setting next_dagrun for example_branch_datetime_operator_2 to 2025-04-04 00:00:00+00:00, run_after=2025-04-05 00:00:00+00:00
[2025-04-05T10:02:13.308+0100] {logging_mixin.py:190} INFO - [2025-04-05T10:02:13.307+0100] {dag.py:4180} INFO - Setting next_dagrun for example_branch_datetime_operator_3 to 2025-04-04 00:00:00+00:00, run_after=2025-04-05 00:00:00+00:00
[2025-04-05T10:02:13.325+0100] {processor.py:208} INFO - Processing /home/Data_Professional/PycharmProjects/DE_Zoomcamp_Capstone_Project/.venv/lib/python3.10/site-packages/airflow/example_dags/example_branch_datetime_operator.py took 0.186 seconds
[2025-04-05T10:03:12.019+0100] {processor.py:186} INFO - Started process (PID=13115) to work on /home/Data_Professional/PycharmProjects/DE_Zoomcamp_Capstone_Project/.venv/lib/python3.10/site-packages/airflow/example_dags/example_branch_datetime_operator.py
[2025-04-05T10:03:12.022+0100] {processor.py:914} INFO - Processing file /home/Data_Professional/PycharmProjects/DE_Zoomcamp_Capstone_Project/.venv/lib/python3.10/site-packages/airflow/example_dags/example_branch_datetime_operator.py for tasks to queue
[2025-04-05T10:03:12.024+0100] {logging_mixin.py:190} INFO - [2025-04-05T10:03:12.024+0100] {dagbag.py:588} INFO - Filling up the DagBag from /home/Data_Professional/PycharmProjects/DE_Zoomcamp_Capstone_Project/.venv/lib/python3.10/site-packages/airflow/example_dags/example_branch_datetime_operator.py
[2025-04-05T10:03:12.036+0100] {processor.py:925} INFO - DAG(s) 'example_branch_datetime_operator_2', 'example_branch_datetime_operator', 'example_branch_datetime_operator_3' retrieved from /home/Data_Professional/PycharmProjects/DE_Zoomcamp_Capstone_Project/.venv/lib/python3.10/site-packages/airflow/example_dags/example_branch_datetime_operator.py
[2025-04-05T10:03:12.056+0100] {logging_mixin.py:190} INFO - [2025-04-05T10:03:12.056+0100] {dag.py:3239} INFO - Sync 3 DAGs
[2025-04-05T10:03:12.077+0100] {logging_mixin.py:190} INFO - [2025-04-05T10:03:12.077+0100] {dag.py:4180} INFO - Setting next_dagrun for example_branch_datetime_operator to 2025-04-04 00:00:00+00:00, run_after=2025-04-05 00:00:00+00:00
[2025-04-05T10:03:12.082+0100] {logging_mixin.py:190} INFO - [2025-04-05T10:03:12.082+0100] {dag.py:4180} INFO - Setting next_dagrun for example_branch_datetime_operator_2 to 2025-04-04 00:00:00+00:00, run_after=2025-04-05 00:00:00+00:00
[2025-04-05T10:03:12.085+0100] {logging_mixin.py:190} INFO - [2025-04-05T10:03:12.085+0100] {dag.py:4180} INFO - Setting next_dagrun for example_branch_datetime_operator_3 to 2025-04-04 00:00:00+00:00, run_after=2025-04-05 00:00:00+00:00
[2025-04-05T10:03:12.103+0100] {processor.py:208} INFO - Processing /home/Data_Professional/PycharmProjects/DE_Zoomcamp_Capstone_Project/.venv/lib/python3.10/site-packages/airflow/example_dags/example_branch_datetime_operator.py took 0.090 seconds
[2025-04-05T10:04:12.723+0100] {processor.py:186} INFO - Started process (PID=13230) to work on /home/Data_Professional/PycharmProjects/DE_Zoomcamp_Capstone_Project/.venv/lib/python3.10/site-packages/airflow/example_dags/example_branch_datetime_operator.py
[2025-04-05T10:04:12.723+0100] {processor.py:914} INFO - Processing file /home/Data_Professional/PycharmProjects/DE_Zoomcamp_Capstone_Project/.venv/lib/python3.10/site-packages/airflow/example_dags/example_branch_datetime_operator.py for tasks to queue
[2025-04-05T10:04:12.725+0100] {logging_mixin.py:190} INFO - [2025-04-05T10:04:12.725+0100] {dagbag.py:588} INFO - Filling up the DagBag from /home/Data_Professional/PycharmProjects/DE_Zoomcamp_Capstone_Project/.venv/lib/python3.10/site-packages/airflow/example_dags/example_branch_datetime_operator.py
[2025-04-05T10:04:12.735+0100] {processor.py:925} INFO - DAG(s) 'example_branch_datetime_operator', 'example_branch_datetime_operator_2', 'example_branch_datetime_operator_3' retrieved from /home/Data_Professional/PycharmProjects/DE_Zoomcamp_Capstone_Project/.venv/lib/python3.10/site-packages/airflow/example_dags/example_branch_datetime_operator.py
[2025-04-05T10:04:12.752+0100] {logging_mixin.py:190} INFO - [2025-04-05T10:04:12.752+0100] {dag.py:3239} INFO - Sync 3 DAGs
[2025-04-05T10:04:12.770+0100] {logging_mixin.py:190} INFO - [2025-04-05T10:04:12.770+0100] {dag.py:4180} INFO - Setting next_dagrun for example_branch_datetime_operator to 2025-04-04 00:00:00+00:00, run_after=2025-04-05 00:00:00+00:00
[2025-04-05T10:04:12.774+0100] {logging_mixin.py:190} INFO - [2025-04-05T10:04:12.774+0100] {dag.py:4180} INFO - Setting next_dagrun for example_branch_datetime_operator_2 to 2025-04-04 00:00:00+00:00, run_after=2025-04-05 00:00:00+00:00
[2025-04-05T10:04:12.776+0100] {logging_mixin.py:190} INFO - [2025-04-05T10:04:12.776+0100] {dag.py:4180} INFO - Setting next_dagrun for example_branch_datetime_operator_3 to 2025-04-04 00:00:00+00:00, run_after=2025-04-05 00:00:00+00:00
[2025-04-05T10:04:12.793+0100] {processor.py:208} INFO - Processing /home/Data_Professional/PycharmProjects/DE_Zoomcamp_Capstone_Project/.venv/lib/python3.10/site-packages/airflow/example_dags/example_branch_datetime_operator.py took 0.075 seconds
[2025-04-05T10:05:12.567+0100] {processor.py:186} INFO - Started process (PID=13462) to work on /home/Data_Professional/PycharmProjects/DE_Zoomcamp_Capstone_Project/.venv/lib/python3.10/site-packages/airflow/example_dags/example_branch_datetime_operator.py
[2025-04-05T10:05:12.570+0100] {processor.py:914} INFO - Processing file /home/Data_Professional/PycharmProjects/DE_Zoomcamp_Capstone_Project/.venv/lib/python3.10/site-packages/airflow/example_dags/example_branch_datetime_operator.py for tasks to queue
[2025-04-05T10:05:12.571+0100] {logging_mixin.py:190} INFO - [2025-04-05T10:05:12.570+0100] {dagbag.py:588} INFO - Filling up the DagBag from /home/Data_Professional/PycharmProjects/DE_Zoomcamp_Capstone_Project/.venv/lib/python3.10/site-packages/airflow/example_dags/example_branch_datetime_operator.py
[2025-04-05T10:05:12.582+0100] {processor.py:925} INFO - DAG(s) 'example_branch_datetime_operator_2', 'example_branch_datetime_operator', 'example_branch_datetime_operator_3' retrieved from /home/Data_Professional/PycharmProjects/DE_Zoomcamp_Capstone_Project/.venv/lib/python3.10/site-packages/airflow/example_dags/example_branch_datetime_operator.py
[2025-04-05T10:05:12.601+0100] {logging_mixin.py:190} INFO - [2025-04-05T10:05:12.601+0100] {dag.py:3239} INFO - Sync 3 DAGs
[2025-04-05T10:05:12.620+0100] {logging_mixin.py:190} INFO - [2025-04-05T10:05:12.620+0100] {dag.py:4180} INFO - Setting next_dagrun for example_branch_datetime_operator to 2025-04-04 00:00:00+00:00, run_after=2025-04-05 00:00:00+00:00
[2025-04-05T10:05:12.624+0100] {logging_mixin.py:190} INFO - [2025-04-05T10:05:12.624+0100] {dag.py:4180} INFO - Setting next_dagrun for example_branch_datetime_operator_2 to 2025-04-04 00:00:00+00:00, run_after=2025-04-05 00:00:00+00:00
[2025-04-05T10:05:12.626+0100] {logging_mixin.py:190} INFO - [2025-04-05T10:05:12.626+0100] {dag.py:4180} INFO - Setting next_dagrun for example_branch_datetime_operator_3 to 2025-04-04 00:00:00+00:00, run_after=2025-04-05 00:00:00+00:00
[2025-04-05T10:05:12.642+0100] {processor.py:208} INFO - Processing /home/Data_Professional/PycharmProjects/DE_Zoomcamp_Capstone_Project/.venv/lib/python3.10/site-packages/airflow/example_dags/example_branch_datetime_operator.py took 0.081 seconds
[2025-04-05T10:06:13.965+0100] {processor.py:186} INFO - Started process (PID=13644) to work on /home/Data_Professional/PycharmProjects/DE_Zoomcamp_Capstone_Project/.venv/lib/python3.10/site-packages/airflow/example_dags/example_branch_datetime_operator.py
[2025-04-05T10:06:13.968+0100] {processor.py:914} INFO - Processing file /home/Data_Professional/PycharmProjects/DE_Zoomcamp_Capstone_Project/.venv/lib/python3.10/site-packages/airflow/example_dags/example_branch_datetime_operator.py for tasks to queue
[2025-04-05T10:06:13.969+0100] {logging_mixin.py:190} INFO - [2025-04-05T10:06:13.968+0100] {dagbag.py:588} INFO - Filling up the DagBag from /home/Data_Professional/PycharmProjects/DE_Zoomcamp_Capstone_Project/.venv/lib/python3.10/site-packages/airflow/example_dags/example_branch_datetime_operator.py
[2025-04-05T10:06:13.980+0100] {processor.py:925} INFO - DAG(s) 'example_branch_datetime_operator_2', 'example_branch_datetime_operator', 'example_branch_datetime_operator_3' retrieved from /home/Data_Professional/PycharmProjects/DE_Zoomcamp_Capstone_Project/.venv/lib/python3.10/site-packages/airflow/example_dags/example_branch_datetime_operator.py
[2025-04-05T10:06:13.999+0100] {logging_mixin.py:190} INFO - [2025-04-05T10:06:13.999+0100] {dag.py:3239} INFO - Sync 3 DAGs
[2025-04-05T10:06:14.016+0100] {logging_mixin.py:190} INFO - [2025-04-05T10:06:14.016+0100] {dag.py:4180} INFO - Setting next_dagrun for example_branch_datetime_operator to 2025-04-04 00:00:00+00:00, run_after=2025-04-05 00:00:00+00:00
[2025-04-05T10:06:14.020+0100] {logging_mixin.py:190} INFO - [2025-04-05T10:06:14.020+0100] {dag.py:4180} INFO - Setting next_dagrun for example_branch_datetime_operator_2 to 2025-04-04 00:00:00+00:00, run_after=2025-04-05 00:00:00+00:00
[2025-04-05T10:06:14.022+0100] {logging_mixin.py:190} INFO - [2025-04-05T10:06:14.022+0100] {dag.py:4180} INFO - Setting next_dagrun for example_branch_datetime_operator_3 to 2025-04-04 00:00:00+00:00, run_after=2025-04-05 00:00:00+00:00
[2025-04-05T10:06:14.045+0100] {processor.py:208} INFO - Processing /home/Data_Professional/PycharmProjects/DE_Zoomcamp_Capstone_Project/.venv/lib/python3.10/site-packages/airflow/example_dags/example_branch_datetime_operator.py took 0.085 seconds
[2025-04-05T10:07:16.425+0100] {processor.py:186} INFO - Started process (PID=13850) to work on /home/Data_Professional/PycharmProjects/DE_Zoomcamp_Capstone_Project/.venv/lib/python3.10/site-packages/airflow/example_dags/example_branch_datetime_operator.py
[2025-04-05T10:07:16.428+0100] {processor.py:914} INFO - Processing file /home/Data_Professional/PycharmProjects/DE_Zoomcamp_Capstone_Project/.venv/lib/python3.10/site-packages/airflow/example_dags/example_branch_datetime_operator.py for tasks to queue
[2025-04-05T10:07:16.429+0100] {logging_mixin.py:190} INFO - [2025-04-05T10:07:16.429+0100] {dagbag.py:588} INFO - Filling up the DagBag from /home/Data_Professional/PycharmProjects/DE_Zoomcamp_Capstone_Project/.venv/lib/python3.10/site-packages/airflow/example_dags/example_branch_datetime_operator.py
[2025-04-05T10:07:16.444+0100] {processor.py:925} INFO - DAG(s) 'example_branch_datetime_operator_2', 'example_branch_datetime_operator', 'example_branch_datetime_operator_3' retrieved from /home/Data_Professional/PycharmProjects/DE_Zoomcamp_Capstone_Project/.venv/lib/python3.10/site-packages/airflow/example_dags/example_branch_datetime_operator.py
[2025-04-05T10:07:16.463+0100] {logging_mixin.py:190} INFO - [2025-04-05T10:07:16.462+0100] {dag.py:3239} INFO - Sync 3 DAGs
[2025-04-05T10:07:16.481+0100] {logging_mixin.py:190} INFO - [2025-04-05T10:07:16.481+0100] {dag.py:4180} INFO - Setting next_dagrun for example_branch_datetime_operator to 2025-04-04 00:00:00+00:00, run_after=2025-04-05 00:00:00+00:00
[2025-04-05T10:07:16.485+0100] {logging_mixin.py:190} INFO - [2025-04-05T10:07:16.485+0100] {dag.py:4180} INFO - Setting next_dagrun for example_branch_datetime_operator_2 to 2025-04-04 00:00:00+00:00, run_after=2025-04-05 00:00:00+00:00
[2025-04-05T10:07:16.488+0100] {logging_mixin.py:190} INFO - [2025-04-05T10:07:16.488+0100] {dag.py:4180} INFO - Setting next_dagrun for example_branch_datetime_operator_3 to 2025-04-04 00:00:00+00:00, run_after=2025-04-05 00:00:00+00:00
[2025-04-05T10:07:16.503+0100] {processor.py:208} INFO - Processing /home/Data_Professional/PycharmProjects/DE_Zoomcamp_Capstone_Project/.venv/lib/python3.10/site-packages/airflow/example_dags/example_branch_datetime_operator.py took 0.085 seconds
[2025-04-05T10:08:20.203+0100] {processor.py:186} INFO - Started process (PID=14130) to work on /home/Data_Professional/PycharmProjects/DE_Zoomcamp_Capstone_Project/.venv/lib/python3.10/site-packages/airflow/example_dags/example_branch_datetime_operator.py
[2025-04-05T10:08:20.204+0100] {processor.py:914} INFO - Processing file /home/Data_Professional/PycharmProjects/DE_Zoomcamp_Capstone_Project/.venv/lib/python3.10/site-packages/airflow/example_dags/example_branch_datetime_operator.py for tasks to queue
[2025-04-05T10:08:20.205+0100] {logging_mixin.py:190} INFO - [2025-04-05T10:08:20.204+0100] {dagbag.py:588} INFO - Filling up the DagBag from /home/Data_Professional/PycharmProjects/DE_Zoomcamp_Capstone_Project/.venv/lib/python3.10/site-packages/airflow/example_dags/example_branch_datetime_operator.py
[2025-04-05T10:08:20.215+0100] {processor.py:925} INFO - DAG(s) 'example_branch_datetime_operator_3', 'example_branch_datetime_operator', 'example_branch_datetime_operator_2' retrieved from /home/Data_Professional/PycharmProjects/DE_Zoomcamp_Capstone_Project/.venv/lib/python3.10/site-packages/airflow/example_dags/example_branch_datetime_operator.py
[2025-04-05T10:08:20.233+0100] {logging_mixin.py:190} INFO - [2025-04-05T10:08:20.233+0100] {dag.py:3239} INFO - Sync 3 DAGs
[2025-04-05T10:08:20.250+0100] {logging_mixin.py:190} INFO - [2025-04-05T10:08:20.250+0100] {dag.py:4180} INFO - Setting next_dagrun for example_branch_datetime_operator to 2025-04-04 00:00:00+00:00, run_after=2025-04-05 00:00:00+00:00
[2025-04-05T10:08:20.254+0100] {logging_mixin.py:190} INFO - [2025-04-05T10:08:20.254+0100] {dag.py:4180} INFO - Setting next_dagrun for example_branch_datetime_operator_2 to 2025-04-04 00:00:00+00:00, run_after=2025-04-05 00:00:00+00:00
[2025-04-05T10:08:20.256+0100] {logging_mixin.py:190} INFO - [2025-04-05T10:08:20.256+0100] {dag.py:4180} INFO - Setting next_dagrun for example_branch_datetime_operator_3 to 2025-04-04 00:00:00+00:00, run_after=2025-04-05 00:00:00+00:00
[2025-04-05T10:08:20.270+0100] {processor.py:208} INFO - Processing /home/Data_Professional/PycharmProjects/DE_Zoomcamp_Capstone_Project/.venv/lib/python3.10/site-packages/airflow/example_dags/example_branch_datetime_operator.py took 0.072 seconds
[2025-04-05T10:09:31.720+0100] {processor.py:186} INFO - Started process (PID=14341) to work on /home/Data_Professional/PycharmProjects/DE_Zoomcamp_Capstone_Project/.venv/lib/python3.10/site-packages/airflow/example_dags/example_branch_datetime_operator.py
[2025-04-05T10:09:31.722+0100] {processor.py:914} INFO - Processing file /home/Data_Professional/PycharmProjects/DE_Zoomcamp_Capstone_Project/.venv/lib/python3.10/site-packages/airflow/example_dags/example_branch_datetime_operator.py for tasks to queue
[2025-04-05T10:09:31.724+0100] {logging_mixin.py:190} INFO - [2025-04-05T10:09:31.723+0100] {dagbag.py:588} INFO - Filling up the DagBag from /home/Data_Professional/PycharmProjects/DE_Zoomcamp_Capstone_Project/.venv/lib/python3.10/site-packages/airflow/example_dags/example_branch_datetime_operator.py
[2025-04-05T10:09:31.743+0100] {processor.py:925} INFO - DAG(s) 'example_branch_datetime_operator_2', 'example_branch_datetime_operator', 'example_branch_datetime_operator_3' retrieved from /home/Data_Professional/PycharmProjects/DE_Zoomcamp_Capstone_Project/.venv/lib/python3.10/site-packages/airflow/example_dags/example_branch_datetime_operator.py
[2025-04-05T10:09:31.762+0100] {logging_mixin.py:190} INFO - [2025-04-05T10:09:31.762+0100] {dag.py:3239} INFO - Sync 3 DAGs
[2025-04-05T10:09:31.782+0100] {logging_mixin.py:190} INFO - [2025-04-05T10:09:31.782+0100] {dag.py:4180} INFO - Setting next_dagrun for example_branch_datetime_operator to 2025-04-04 00:00:00+00:00, run_after=2025-04-05 00:00:00+00:00
[2025-04-05T10:09:31.786+0100] {logging_mixin.py:190} INFO - [2025-04-05T10:09:31.786+0100] {dag.py:4180} INFO - Setting next_dagrun for example_branch_datetime_operator_2 to 2025-04-04 00:00:00+00:00, run_after=2025-04-05 00:00:00+00:00
[2025-04-05T10:09:31.789+0100] {logging_mixin.py:190} INFO - [2025-04-05T10:09:31.789+0100] {dag.py:4180} INFO - Setting next_dagrun for example_branch_datetime_operator_3 to 2025-04-04 00:00:00+00:00, run_after=2025-04-05 00:00:00+00:00
[2025-04-05T10:09:31.805+0100] {processor.py:208} INFO - Processing /home/Data_Professional/PycharmProjects/DE_Zoomcamp_Capstone_Project/.venv/lib/python3.10/site-packages/airflow/example_dags/example_branch_datetime_operator.py took 0.097 seconds
[2025-04-05T10:10:29.755+0100] {processor.py:186} INFO - Started process (PID=14520) to work on /home/Data_Professional/PycharmProjects/DE_Zoomcamp_Capstone_Project/.venv/lib/python3.10/site-packages/airflow/example_dags/example_branch_datetime_operator.py
[2025-04-05T10:10:29.758+0100] {processor.py:914} INFO - Processing file /home/Data_Professional/PycharmProjects/DE_Zoomcamp_Capstone_Project/.venv/lib/python3.10/site-packages/airflow/example_dags/example_branch_datetime_operator.py for tasks to queue
[2025-04-05T10:10:29.760+0100] {logging_mixin.py:190} INFO - [2025-04-05T10:10:29.760+0100] {dagbag.py:588} INFO - Filling up the DagBag from /home/Data_Professional/PycharmProjects/DE_Zoomcamp_Capstone_Project/.venv/lib/python3.10/site-packages/airflow/example_dags/example_branch_datetime_operator.py
[2025-04-05T10:10:29.780+0100] {processor.py:925} INFO - DAG(s) 'example_branch_datetime_operator_3', 'example_branch_datetime_operator', 'example_branch_datetime_operator_2' retrieved from /home/Data_Professional/PycharmProjects/DE_Zoomcamp_Capstone_Project/.venv/lib/python3.10/site-packages/airflow/example_dags/example_branch_datetime_operator.py
[2025-04-05T10:10:29.815+0100] {logging_mixin.py:190} INFO - [2025-04-05T10:10:29.814+0100] {dag.py:3239} INFO - Sync 3 DAGs
[2025-04-05T10:10:29.852+0100] {logging_mixin.py:190} INFO - [2025-04-05T10:10:29.852+0100] {dag.py:4180} INFO - Setting next_dagrun for example_branch_datetime_operator to 2025-04-04 00:00:00+00:00, run_after=2025-04-05 00:00:00+00:00
[2025-04-05T10:10:29.861+0100] {logging_mixin.py:190} INFO - [2025-04-05T10:10:29.860+0100] {dag.py:4180} INFO - Setting next_dagrun for example_branch_datetime_operator_2 to 2025-04-04 00:00:00+00:00, run_after=2025-04-05 00:00:00+00:00
[2025-04-05T10:10:29.865+0100] {logging_mixin.py:190} INFO - [2025-04-05T10:10:29.865+0100] {dag.py:4180} INFO - Setting next_dagrun for example_branch_datetime_operator_3 to 2025-04-04 00:00:00+00:00, run_after=2025-04-05 00:00:00+00:00
[2025-04-05T10:10:29.893+0100] {processor.py:208} INFO - Processing /home/Data_Professional/PycharmProjects/DE_Zoomcamp_Capstone_Project/.venv/lib/python3.10/site-packages/airflow/example_dags/example_branch_datetime_operator.py took 0.146 seconds
[2025-04-05T10:11:31.660+0100] {processor.py:186} INFO - Started process (PID=14688) to work on /home/Data_Professional/PycharmProjects/DE_Zoomcamp_Capstone_Project/.venv/lib/python3.10/site-packages/airflow/example_dags/example_branch_datetime_operator.py
[2025-04-05T10:11:31.664+0100] {processor.py:914} INFO - Processing file /home/Data_Professional/PycharmProjects/DE_Zoomcamp_Capstone_Project/.venv/lib/python3.10/site-packages/airflow/example_dags/example_branch_datetime_operator.py for tasks to queue
[2025-04-05T10:11:31.666+0100] {logging_mixin.py:190} INFO - [2025-04-05T10:11:31.665+0100] {dagbag.py:588} INFO - Filling up the DagBag from /home/Data_Professional/PycharmProjects/DE_Zoomcamp_Capstone_Project/.venv/lib/python3.10/site-packages/airflow/example_dags/example_branch_datetime_operator.py
[2025-04-05T10:11:31.687+0100] {processor.py:925} INFO - DAG(s) 'example_branch_datetime_operator_3', 'example_branch_datetime_operator', 'example_branch_datetime_operator_2' retrieved from /home/Data_Professional/PycharmProjects/DE_Zoomcamp_Capstone_Project/.venv/lib/python3.10/site-packages/airflow/example_dags/example_branch_datetime_operator.py
[2025-04-05T10:11:31.706+0100] {logging_mixin.py:190} INFO - [2025-04-05T10:11:31.706+0100] {dag.py:3239} INFO - Sync 3 DAGs
[2025-04-05T10:11:31.735+0100] {logging_mixin.py:190} INFO - [2025-04-05T10:11:31.735+0100] {dag.py:4180} INFO - Setting next_dagrun for example_branch_datetime_operator to 2025-04-04 00:00:00+00:00, run_after=2025-04-05 00:00:00+00:00
[2025-04-05T10:11:31.742+0100] {logging_mixin.py:190} INFO - [2025-04-05T10:11:31.742+0100] {dag.py:4180} INFO - Setting next_dagrun for example_branch_datetime_operator_2 to 2025-04-04 00:00:00+00:00, run_after=2025-04-05 00:00:00+00:00
[2025-04-05T10:11:31.746+0100] {logging_mixin.py:190} INFO - [2025-04-05T10:11:31.746+0100] {dag.py:4180} INFO - Setting next_dagrun for example_branch_datetime_operator_3 to 2025-04-04 00:00:00+00:00, run_after=2025-04-05 00:00:00+00:00
[2025-04-05T10:11:31.779+0100] {processor.py:208} INFO - Processing /home/Data_Professional/PycharmProjects/DE_Zoomcamp_Capstone_Project/.venv/lib/python3.10/site-packages/airflow/example_dags/example_branch_datetime_operator.py took 0.131 seconds
[2025-04-05T10:12:35.770+0100] {processor.py:186} INFO - Started process (PID=15039) to work on /home/Data_Professional/PycharmProjects/DE_Zoomcamp_Capstone_Project/.venv/lib/python3.10/site-packages/airflow/example_dags/example_branch_datetime_operator.py
[2025-04-05T10:12:35.773+0100] {processor.py:914} INFO - Processing file /home/Data_Professional/PycharmProjects/DE_Zoomcamp_Capstone_Project/.venv/lib/python3.10/site-packages/airflow/example_dags/example_branch_datetime_operator.py for tasks to queue
[2025-04-05T10:12:35.774+0100] {logging_mixin.py:190} INFO - [2025-04-05T10:12:35.774+0100] {dagbag.py:588} INFO - Filling up the DagBag from /home/Data_Professional/PycharmProjects/DE_Zoomcamp_Capstone_Project/.venv/lib/python3.10/site-packages/airflow/example_dags/example_branch_datetime_operator.py
[2025-04-05T10:12:35.788+0100] {processor.py:925} INFO - DAG(s) 'example_branch_datetime_operator_3', 'example_branch_datetime_operator', 'example_branch_datetime_operator_2' retrieved from /home/Data_Professional/PycharmProjects/DE_Zoomcamp_Capstone_Project/.venv/lib/python3.10/site-packages/airflow/example_dags/example_branch_datetime_operator.py
[2025-04-05T10:12:35.807+0100] {logging_mixin.py:190} INFO - [2025-04-05T10:12:35.807+0100] {dag.py:3239} INFO - Sync 3 DAGs
[2025-04-05T10:12:35.920+0100] {logging_mixin.py:190} INFO - [2025-04-05T10:12:35.920+0100] {dag.py:4180} INFO - Setting next_dagrun for example_branch_datetime_operator to 2025-04-04 00:00:00+00:00, run_after=2025-04-05 00:00:00+00:00
[2025-04-05T10:12:35.925+0100] {logging_mixin.py:190} INFO - [2025-04-05T10:12:35.925+0100] {dag.py:4180} INFO - Setting next_dagrun for example_branch_datetime_operator_2 to 2025-04-04 00:00:00+00:00, run_after=2025-04-05 00:00:00+00:00
[2025-04-05T10:12:35.928+0100] {logging_mixin.py:190} INFO - [2025-04-05T10:12:35.928+0100] {dag.py:4180} INFO - Setting next_dagrun for example_branch_datetime_operator_3 to 2025-04-04 00:00:00+00:00, run_after=2025-04-05 00:00:00+00:00
[2025-04-05T10:12:35.952+0100] {processor.py:208} INFO - Processing /home/Data_Professional/PycharmProjects/DE_Zoomcamp_Capstone_Project/.venv/lib/python3.10/site-packages/airflow/example_dags/example_branch_datetime_operator.py took 0.189 seconds
[2025-04-05T10:13:35.107+0100] {processor.py:186} INFO - Started process (PID=15131) to work on /home/Data_Professional/PycharmProjects/DE_Zoomcamp_Capstone_Project/.venv/lib/python3.10/site-packages/airflow/example_dags/example_branch_datetime_operator.py
[2025-04-05T10:13:35.111+0100] {processor.py:914} INFO - Processing file /home/Data_Professional/PycharmProjects/DE_Zoomcamp_Capstone_Project/.venv/lib/python3.10/site-packages/airflow/example_dags/example_branch_datetime_operator.py for tasks to queue
[2025-04-05T10:13:35.113+0100] {logging_mixin.py:190} INFO - [2025-04-05T10:13:35.113+0100] {dagbag.py:588} INFO - Filling up the DagBag from /home/Data_Professional/PycharmProjects/DE_Zoomcamp_Capstone_Project/.venv/lib/python3.10/site-packages/airflow/example_dags/example_branch_datetime_operator.py
[2025-04-05T10:13:35.134+0100] {processor.py:925} INFO - DAG(s) 'example_branch_datetime_operator_3', 'example_branch_datetime_operator_2', 'example_branch_datetime_operator' retrieved from /home/Data_Professional/PycharmProjects/DE_Zoomcamp_Capstone_Project/.venv/lib/python3.10/site-packages/airflow/example_dags/example_branch_datetime_operator.py
[2025-04-05T10:13:35.152+0100] {logging_mixin.py:190} INFO - [2025-04-05T10:13:35.152+0100] {dag.py:3239} INFO - Sync 3 DAGs
[2025-04-05T10:13:35.169+0100] {logging_mixin.py:190} INFO - [2025-04-05T10:13:35.169+0100] {dag.py:4180} INFO - Setting next_dagrun for example_branch_datetime_operator to 2025-04-04 00:00:00+00:00, run_after=2025-04-05 00:00:00+00:00
[2025-04-05T10:13:35.174+0100] {logging_mixin.py:190} INFO - [2025-04-05T10:13:35.174+0100] {dag.py:4180} INFO - Setting next_dagrun for example_branch_datetime_operator_2 to 2025-04-04 00:00:00+00:00, run_after=2025-04-05 00:00:00+00:00
[2025-04-05T10:13:35.176+0100] {logging_mixin.py:190} INFO - [2025-04-05T10:13:35.176+0100] {dag.py:4180} INFO - Setting next_dagrun for example_branch_datetime_operator_3 to 2025-04-04 00:00:00+00:00, run_after=2025-04-05 00:00:00+00:00
[2025-04-05T10:13:35.274+0100] {processor.py:208} INFO - Processing /home/Data_Professional/PycharmProjects/DE_Zoomcamp_Capstone_Project/.venv/lib/python3.10/site-packages/airflow/example_dags/example_branch_datetime_operator.py took 0.179 seconds
[2025-04-05T10:14:32.090+0100] {processor.py:186} INFO - Started process (PID=15217) to work on /home/Data_Professional/PycharmProjects/DE_Zoomcamp_Capstone_Project/.venv/lib/python3.10/site-packages/airflow/example_dags/example_branch_datetime_operator.py
[2025-04-05T10:14:32.093+0100] {processor.py:914} INFO - Processing file /home/Data_Professional/PycharmProjects/DE_Zoomcamp_Capstone_Project/.venv/lib/python3.10/site-packages/airflow/example_dags/example_branch_datetime_operator.py for tasks to queue
[2025-04-05T10:14:32.094+0100] {logging_mixin.py:190} INFO - [2025-04-05T10:14:32.094+0100] {dagbag.py:588} INFO - Filling up the DagBag from /home/Data_Professional/PycharmProjects/DE_Zoomcamp_Capstone_Project/.venv/lib/python3.10/site-packages/airflow/example_dags/example_branch_datetime_operator.py
[2025-04-05T10:14:32.107+0100] {processor.py:925} INFO - DAG(s) 'example_branch_datetime_operator', 'example_branch_datetime_operator_2', 'example_branch_datetime_operator_3' retrieved from /home/Data_Professional/PycharmProjects/DE_Zoomcamp_Capstone_Project/.venv/lib/python3.10/site-packages/airflow/example_dags/example_branch_datetime_operator.py
[2025-04-05T10:14:32.125+0100] {logging_mixin.py:190} INFO - [2025-04-05T10:14:32.125+0100] {dag.py:3239} INFO - Sync 3 DAGs
[2025-04-05T10:14:32.144+0100] {logging_mixin.py:190} INFO - [2025-04-05T10:14:32.144+0100] {dag.py:4180} INFO - Setting next_dagrun for example_branch_datetime_operator to 2025-04-04 00:00:00+00:00, run_after=2025-04-05 00:00:00+00:00
[2025-04-05T10:14:32.148+0100] {logging_mixin.py:190} INFO - [2025-04-05T10:14:32.148+0100] {dag.py:4180} INFO - Setting next_dagrun for example_branch_datetime_operator_2 to 2025-04-04 00:00:00+00:00, run_after=2025-04-05 00:00:00+00:00
[2025-04-05T10:14:32.150+0100] {logging_mixin.py:190} INFO - [2025-04-05T10:14:32.150+0100] {dag.py:4180} INFO - Setting next_dagrun for example_branch_datetime_operator_3 to 2025-04-04 00:00:00+00:00, run_after=2025-04-05 00:00:00+00:00
[2025-04-05T10:14:32.167+0100] {processor.py:208} INFO - Processing /home/Data_Professional/PycharmProjects/DE_Zoomcamp_Capstone_Project/.venv/lib/python3.10/site-packages/airflow/example_dags/example_branch_datetime_operator.py took 0.086 seconds
