[2025-04-05T09:55:57.838+0100] {processor.py:186} INFO - Started process (PID=12029) to work on /home/Data_Professional/PycharmProjects/DE_Zoomcamp_Capstone_Project/.venv/lib/python3.10/site-packages/airflow/example_dags/example_complex.py
[2025-04-05T09:55:57.839+0100] {processor.py:914} INFO - Processing file /home/Data_Professional/PycharmProjects/DE_Zoomcamp_Capstone_Project/.venv/lib/python3.10/site-packages/airflow/example_dags/example_complex.py for tasks to queue
[2025-04-05T09:55:57.842+0100] {logging_mixin.py:190} INFO - [2025-04-05T09:55:57.842+0100] {dagbag.py:588} INFO - Filling up the DagBag from /home/Data_Professional/PycharmProjects/DE_Zoomcamp_Capstone_Project/.venv/lib/python3.10/site-packages/airflow/example_dags/example_complex.py
[2025-04-05T09:55:57.861+0100] {processor.py:925} INFO - DAG(s) 'example_complex' retrieved from /home/Data_Professional/PycharmProjects/DE_Zoomcamp_Capstone_Project/.venv/lib/python3.10/site-packages/airflow/example_dags/example_complex.py
[2025-04-05T09:55:57.951+0100] {logging_mixin.py:190} INFO - [2025-04-05T09:55:57.950+0100] {override.py:1912} INFO - Created Permission View: can read on DAG:example_complex
[2025-04-05T09:55:57.960+0100] {logging_mixin.py:190} INFO - [2025-04-05T09:55:57.960+0100] {override.py:1912} INFO - Created Permission View: can delete on DAG:example_complex
[2025-04-05T09:55:57.966+0100] {logging_mixin.py:190} INFO - [2025-04-05T09:55:57.966+0100] {override.py:1912} INFO - Created Permission View: can edit on DAG:example_complex
[2025-04-05T09:55:57.975+0100] {logging_mixin.py:190} INFO - [2025-04-05T09:55:57.975+0100] {override.py:1912} INFO - Created Permission View: can create on DAG Run:example_complex
[2025-04-05T09:55:57.982+0100] {logging_mixin.py:190} INFO - [2025-04-05T09:55:57.981+0100] {override.py:1912} INFO - Created Permission View: can read on DAG Run:example_complex
[2025-04-05T09:55:57.988+0100] {logging_mixin.py:190} INFO - [2025-04-05T09:55:57.988+0100] {override.py:1912} INFO - Created Permission View: can delete on DAG Run:example_complex
[2025-04-05T09:55:57.994+0100] {logging_mixin.py:190} INFO - [2025-04-05T09:55:57.994+0100] {override.py:1912} INFO - Created Permission View: menu access on DAG Run:example_complex
[2025-04-05T09:55:57.995+0100] {logging_mixin.py:190} INFO - [2025-04-05T09:55:57.994+0100] {dag.py:3239} INFO - Sync 1 DAGs
[2025-04-05T09:55:58.004+0100] {logging_mixin.py:190} INFO - [2025-04-05T09:55:58.004+0100] {dag.py:3262} INFO - Creating ORM DAG for example_complex
[2025-04-05T09:55:58.004+0100] {logging_mixin.py:190} INFO - [2025-04-05T09:55:58.004+0100] {dag.py:4180} INFO - Setting next_dagrun for example_complex to None, run_after=None
[2025-04-05T09:55:58.020+0100] {processor.py:208} INFO - Processing /home/Data_Professional/PycharmProjects/DE_Zoomcamp_Capstone_Project/.venv/lib/python3.10/site-packages/airflow/example_dags/example_complex.py took 0.193 seconds
[2025-04-05T09:56:59.043+0100] {processor.py:186} INFO - Started process (PID=12252) to work on /home/Data_Professional/PycharmProjects/DE_Zoomcamp_Capstone_Project/.venv/lib/python3.10/site-packages/airflow/example_dags/example_complex.py
[2025-04-05T09:56:59.046+0100] {processor.py:914} INFO - Processing file /home/Data_Professional/PycharmProjects/DE_Zoomcamp_Capstone_Project/.venv/lib/python3.10/site-packages/airflow/example_dags/example_complex.py for tasks to queue
[2025-04-05T09:56:59.048+0100] {logging_mixin.py:190} INFO - [2025-04-05T09:56:59.047+0100] {dagbag.py:588} INFO - Filling up the DagBag from /home/Data_Professional/PycharmProjects/DE_Zoomcamp_Capstone_Project/.venv/lib/python3.10/site-packages/airflow/example_dags/example_complex.py
[2025-04-05T09:56:59.061+0100] {processor.py:925} INFO - DAG(s) 'example_complex' retrieved from /home/Data_Professional/PycharmProjects/DE_Zoomcamp_Capstone_Project/.venv/lib/python3.10/site-packages/airflow/example_dags/example_complex.py
[2025-04-05T09:56:59.085+0100] {logging_mixin.py:190} INFO - [2025-04-05T09:56:59.085+0100] {dag.py:3239} INFO - Sync 1 DAGs
[2025-04-05T09:56:59.096+0100] {logging_mixin.py:190} INFO - [2025-04-05T09:56:59.095+0100] {dag.py:4180} INFO - Setting next_dagrun for example_complex to None, run_after=None
[2025-04-05T09:56:59.112+0100] {processor.py:208} INFO - Processing /home/Data_Professional/PycharmProjects/DE_Zoomcamp_Capstone_Project/.venv/lib/python3.10/site-packages/airflow/example_dags/example_complex.py took 0.074 seconds
[2025-04-05T09:57:54.814+0100] {processor.py:186} INFO - Started process (PID=12318) to work on /home/Data_Professional/PycharmProjects/DE_Zoomcamp_Capstone_Project/.venv/lib/python3.10/site-packages/airflow/example_dags/example_complex.py
[2025-04-05T09:57:54.817+0100] {processor.py:914} INFO - Processing file /home/Data_Professional/PycharmProjects/DE_Zoomcamp_Capstone_Project/.venv/lib/python3.10/site-packages/airflow/example_dags/example_complex.py for tasks to queue
[2025-04-05T09:57:54.821+0100] {logging_mixin.py:190} INFO - [2025-04-05T09:57:54.820+0100] {dagbag.py:588} INFO - Filling up the DagBag from /home/Data_Professional/PycharmProjects/DE_Zoomcamp_Capstone_Project/.venv/lib/python3.10/site-packages/airflow/example_dags/example_complex.py
[2025-04-05T09:57:54.842+0100] {processor.py:925} INFO - DAG(s) 'example_complex' retrieved from /home/Data_Professional/PycharmProjects/DE_Zoomcamp_Capstone_Project/.venv/lib/python3.10/site-packages/airflow/example_dags/example_complex.py
[2025-04-05T09:57:54.866+0100] {logging_mixin.py:190} INFO - [2025-04-05T09:57:54.865+0100] {dag.py:3239} INFO - Sync 1 DAGs
[2025-04-05T09:57:54.875+0100] {logging_mixin.py:190} INFO - [2025-04-05T09:57:54.875+0100] {dag.py:4180} INFO - Setting next_dagrun for example_complex to None, run_after=None
[2025-04-05T09:57:54.892+0100] {processor.py:208} INFO - Processing /home/Data_Professional/PycharmProjects/DE_Zoomcamp_Capstone_Project/.venv/lib/python3.10/site-packages/airflow/example_dags/example_complex.py took 0.089 seconds
[2025-04-05T09:58:52.309+0100] {processor.py:186} INFO - Started process (PID=12387) to work on /home/Data_Professional/PycharmProjects/DE_Zoomcamp_Capstone_Project/.venv/lib/python3.10/site-packages/airflow/example_dags/example_complex.py
[2025-04-05T09:58:52.312+0100] {processor.py:914} INFO - Processing file /home/Data_Professional/PycharmProjects/DE_Zoomcamp_Capstone_Project/.venv/lib/python3.10/site-packages/airflow/example_dags/example_complex.py for tasks to queue
[2025-04-05T09:58:52.313+0100] {logging_mixin.py:190} INFO - [2025-04-05T09:58:52.313+0100] {dagbag.py:588} INFO - Filling up the DagBag from /home/Data_Professional/PycharmProjects/DE_Zoomcamp_Capstone_Project/.venv/lib/python3.10/site-packages/airflow/example_dags/example_complex.py
[2025-04-05T09:58:52.326+0100] {processor.py:925} INFO - DAG(s) 'example_complex' retrieved from /home/Data_Professional/PycharmProjects/DE_Zoomcamp_Capstone_Project/.venv/lib/python3.10/site-packages/airflow/example_dags/example_complex.py
[2025-04-05T09:58:52.349+0100] {logging_mixin.py:190} INFO - [2025-04-05T09:58:52.348+0100] {dag.py:3239} INFO - Sync 1 DAGs
[2025-04-05T09:58:52.359+0100] {logging_mixin.py:190} INFO - [2025-04-05T09:58:52.358+0100] {dag.py:4180} INFO - Setting next_dagrun for example_complex to None, run_after=None
[2025-04-05T09:58:52.375+0100] {processor.py:208} INFO - Processing /home/Data_Professional/PycharmProjects/DE_Zoomcamp_Capstone_Project/.venv/lib/python3.10/site-packages/airflow/example_dags/example_complex.py took 0.072 seconds
[2025-04-05T09:59:48.474+0100] {processor.py:186} INFO - Started process (PID=12507) to work on /home/Data_Professional/PycharmProjects/DE_Zoomcamp_Capstone_Project/.venv/lib/python3.10/site-packages/airflow/example_dags/example_complex.py
[2025-04-05T09:59:48.478+0100] {processor.py:914} INFO - Processing file /home/Data_Professional/PycharmProjects/DE_Zoomcamp_Capstone_Project/.venv/lib/python3.10/site-packages/airflow/example_dags/example_complex.py for tasks to queue
[2025-04-05T09:59:48.483+0100] {logging_mixin.py:190} INFO - [2025-04-05T09:59:48.482+0100] {dagbag.py:588} INFO - Filling up the DagBag from /home/Data_Professional/PycharmProjects/DE_Zoomcamp_Capstone_Project/.venv/lib/python3.10/site-packages/airflow/example_dags/example_complex.py
[2025-04-05T09:59:48.510+0100] {processor.py:925} INFO - DAG(s) 'example_complex' retrieved from /home/Data_Professional/PycharmProjects/DE_Zoomcamp_Capstone_Project/.venv/lib/python3.10/site-packages/airflow/example_dags/example_complex.py
[2025-04-05T09:59:48.539+0100] {logging_mixin.py:190} INFO - [2025-04-05T09:59:48.539+0100] {dag.py:3239} INFO - Sync 1 DAGs
[2025-04-05T09:59:48.550+0100] {logging_mixin.py:190} INFO - [2025-04-05T09:59:48.550+0100] {dag.py:4180} INFO - Setting next_dagrun for example_complex to None, run_after=None
[2025-04-05T09:59:48.568+0100] {processor.py:208} INFO - Processing /home/Data_Professional/PycharmProjects/DE_Zoomcamp_Capstone_Project/.venv/lib/python3.10/site-packages/airflow/example_dags/example_complex.py took 0.108 seconds
[2025-04-05T10:00:47.691+0100] {processor.py:186} INFO - Started process (PID=12826) to work on /home/Data_Professional/PycharmProjects/DE_Zoomcamp_Capstone_Project/.venv/lib/python3.10/site-packages/airflow/example_dags/example_complex.py
[2025-04-05T10:00:47.694+0100] {processor.py:914} INFO - Processing file /home/Data_Professional/PycharmProjects/DE_Zoomcamp_Capstone_Project/.venv/lib/python3.10/site-packages/airflow/example_dags/example_complex.py for tasks to queue
[2025-04-05T10:00:47.696+0100] {logging_mixin.py:190} INFO - [2025-04-05T10:00:47.695+0100] {dagbag.py:588} INFO - Filling up the DagBag from /home/Data_Professional/PycharmProjects/DE_Zoomcamp_Capstone_Project/.venv/lib/python3.10/site-packages/airflow/example_dags/example_complex.py
[2025-04-05T10:00:47.708+0100] {processor.py:925} INFO - DAG(s) 'example_complex' retrieved from /home/Data_Professional/PycharmProjects/DE_Zoomcamp_Capstone_Project/.venv/lib/python3.10/site-packages/airflow/example_dags/example_complex.py
[2025-04-05T10:00:47.731+0100] {logging_mixin.py:190} INFO - [2025-04-05T10:00:47.731+0100] {dag.py:3239} INFO - Sync 1 DAGs
[2025-04-05T10:00:47.741+0100] {logging_mixin.py:190} INFO - [2025-04-05T10:00:47.741+0100] {dag.py:4180} INFO - Setting next_dagrun for example_complex to None, run_after=None
[2025-04-05T10:00:47.757+0100] {processor.py:208} INFO - Processing /home/Data_Professional/PycharmProjects/DE_Zoomcamp_Capstone_Project/.venv/lib/python3.10/site-packages/airflow/example_dags/example_complex.py took 0.072 seconds
[2025-04-05T10:01:44.993+0100] {processor.py:186} INFO - Started process (PID=12919) to work on /home/Data_Professional/PycharmProjects/DE_Zoomcamp_Capstone_Project/.venv/lib/python3.10/site-packages/airflow/example_dags/example_complex.py
[2025-04-05T10:01:44.996+0100] {processor.py:914} INFO - Processing file /home/Data_Professional/PycharmProjects/DE_Zoomcamp_Capstone_Project/.venv/lib/python3.10/site-packages/airflow/example_dags/example_complex.py for tasks to queue
[2025-04-05T10:01:45.000+0100] {logging_mixin.py:190} INFO - [2025-04-05T10:01:44.999+0100] {dagbag.py:588} INFO - Filling up the DagBag from /home/Data_Professional/PycharmProjects/DE_Zoomcamp_Capstone_Project/.venv/lib/python3.10/site-packages/airflow/example_dags/example_complex.py
[2025-04-05T10:01:45.028+0100] {processor.py:925} INFO - DAG(s) 'example_complex' retrieved from /home/Data_Professional/PycharmProjects/DE_Zoomcamp_Capstone_Project/.venv/lib/python3.10/site-packages/airflow/example_dags/example_complex.py
[2025-04-05T10:01:45.054+0100] {logging_mixin.py:190} INFO - [2025-04-05T10:01:45.054+0100] {dag.py:3239} INFO - Sync 1 DAGs
[2025-04-05T10:01:45.064+0100] {logging_mixin.py:190} INFO - [2025-04-05T10:01:45.063+0100] {dag.py:4180} INFO - Setting next_dagrun for example_complex to None, run_after=None
[2025-04-05T10:01:45.081+0100] {processor.py:208} INFO - Processing /home/Data_Professional/PycharmProjects/DE_Zoomcamp_Capstone_Project/.venv/lib/python3.10/site-packages/airflow/example_dags/example_complex.py took 0.093 seconds
[2025-04-05T10:02:42.304+0100] {processor.py:186} INFO - Started process (PID=13063) to work on /home/Data_Professional/PycharmProjects/DE_Zoomcamp_Capstone_Project/.venv/lib/python3.10/site-packages/airflow/example_dags/example_complex.py
[2025-04-05T10:02:42.307+0100] {processor.py:914} INFO - Processing file /home/Data_Professional/PycharmProjects/DE_Zoomcamp_Capstone_Project/.venv/lib/python3.10/site-packages/airflow/example_dags/example_complex.py for tasks to queue
[2025-04-05T10:02:42.309+0100] {logging_mixin.py:190} INFO - [2025-04-05T10:02:42.309+0100] {dagbag.py:588} INFO - Filling up the DagBag from /home/Data_Professional/PycharmProjects/DE_Zoomcamp_Capstone_Project/.venv/lib/python3.10/site-packages/airflow/example_dags/example_complex.py
[2025-04-05T10:02:42.332+0100] {processor.py:925} INFO - DAG(s) 'example_complex' retrieved from /home/Data_Professional/PycharmProjects/DE_Zoomcamp_Capstone_Project/.venv/lib/python3.10/site-packages/airflow/example_dags/example_complex.py
[2025-04-05T10:02:42.376+0100] {logging_mixin.py:190} INFO - [2025-04-05T10:02:42.376+0100] {dag.py:3239} INFO - Sync 1 DAGs
[2025-04-05T10:02:42.394+0100] {logging_mixin.py:190} INFO - [2025-04-05T10:02:42.394+0100] {dag.py:4180} INFO - Setting next_dagrun for example_complex to None, run_after=None
[2025-04-05T10:02:42.421+0100] {processor.py:208} INFO - Processing /home/Data_Professional/PycharmProjects/DE_Zoomcamp_Capstone_Project/.venv/lib/python3.10/site-packages/airflow/example_dags/example_complex.py took 0.127 seconds
[2025-04-05T10:03:39.315+0100] {processor.py:186} INFO - Started process (PID=13147) to work on /home/Data_Professional/PycharmProjects/DE_Zoomcamp_Capstone_Project/.venv/lib/python3.10/site-packages/airflow/example_dags/example_complex.py
[2025-04-05T10:03:39.318+0100] {processor.py:914} INFO - Processing file /home/Data_Professional/PycharmProjects/DE_Zoomcamp_Capstone_Project/.venv/lib/python3.10/site-packages/airflow/example_dags/example_complex.py for tasks to queue
[2025-04-05T10:03:39.322+0100] {logging_mixin.py:190} INFO - [2025-04-05T10:03:39.322+0100] {dagbag.py:588} INFO - Filling up the DagBag from /home/Data_Professional/PycharmProjects/DE_Zoomcamp_Capstone_Project/.venv/lib/python3.10/site-packages/airflow/example_dags/example_complex.py
[2025-04-05T10:03:39.341+0100] {processor.py:925} INFO - DAG(s) 'example_complex' retrieved from /home/Data_Professional/PycharmProjects/DE_Zoomcamp_Capstone_Project/.venv/lib/python3.10/site-packages/airflow/example_dags/example_complex.py
[2025-04-05T10:03:39.365+0100] {logging_mixin.py:190} INFO - [2025-04-05T10:03:39.365+0100] {dag.py:3239} INFO - Sync 1 DAGs
[2025-04-05T10:03:39.375+0100] {logging_mixin.py:190} INFO - [2025-04-05T10:03:39.375+0100] {dag.py:4180} INFO - Setting next_dagrun for example_complex to None, run_after=None
[2025-04-05T10:03:39.393+0100] {processor.py:208} INFO - Processing /home/Data_Professional/PycharmProjects/DE_Zoomcamp_Capstone_Project/.venv/lib/python3.10/site-packages/airflow/example_dags/example_complex.py took 0.089 seconds
[2025-04-05T10:04:41.568+0100] {processor.py:186} INFO - Started process (PID=13281) to work on /home/Data_Professional/PycharmProjects/DE_Zoomcamp_Capstone_Project/.venv/lib/python3.10/site-packages/airflow/example_dags/example_complex.py
[2025-04-05T10:04:41.570+0100] {processor.py:914} INFO - Processing file /home/Data_Professional/PycharmProjects/DE_Zoomcamp_Capstone_Project/.venv/lib/python3.10/site-packages/airflow/example_dags/example_complex.py for tasks to queue
[2025-04-05T10:04:41.572+0100] {logging_mixin.py:190} INFO - [2025-04-05T10:04:41.571+0100] {dagbag.py:588} INFO - Filling up the DagBag from /home/Data_Professional/PycharmProjects/DE_Zoomcamp_Capstone_Project/.venv/lib/python3.10/site-packages/airflow/example_dags/example_complex.py
[2025-04-05T10:04:41.582+0100] {processor.py:925} INFO - DAG(s) 'example_complex' retrieved from /home/Data_Professional/PycharmProjects/DE_Zoomcamp_Capstone_Project/.venv/lib/python3.10/site-packages/airflow/example_dags/example_complex.py
[2025-04-05T10:04:41.606+0100] {logging_mixin.py:190} INFO - [2025-04-05T10:04:41.605+0100] {dag.py:3239} INFO - Sync 1 DAGs
[2025-04-05T10:04:41.616+0100] {logging_mixin.py:190} INFO - [2025-04-05T10:04:41.616+0100] {dag.py:4180} INFO - Setting next_dagrun for example_complex to None, run_after=None
[2025-04-05T10:04:41.632+0100] {processor.py:208} INFO - Processing /home/Data_Professional/PycharmProjects/DE_Zoomcamp_Capstone_Project/.venv/lib/python3.10/site-packages/airflow/example_dags/example_complex.py took 0.069 seconds
[2025-04-05T10:05:39.475+0100] {processor.py:186} INFO - Started process (PID=13593) to work on /home/Data_Professional/PycharmProjects/DE_Zoomcamp_Capstone_Project/.venv/lib/python3.10/site-packages/airflow/example_dags/example_complex.py
[2025-04-05T10:05:39.479+0100] {processor.py:914} INFO - Processing file /home/Data_Professional/PycharmProjects/DE_Zoomcamp_Capstone_Project/.venv/lib/python3.10/site-packages/airflow/example_dags/example_complex.py for tasks to queue
[2025-04-05T10:05:39.481+0100] {logging_mixin.py:190} INFO - [2025-04-05T10:05:39.480+0100] {dagbag.py:588} INFO - Filling up the DagBag from /home/Data_Professional/PycharmProjects/DE_Zoomcamp_Capstone_Project/.venv/lib/python3.10/site-packages/airflow/example_dags/example_complex.py
[2025-04-05T10:05:39.501+0100] {processor.py:925} INFO - DAG(s) 'example_complex' retrieved from /home/Data_Professional/PycharmProjects/DE_Zoomcamp_Capstone_Project/.venv/lib/python3.10/site-packages/airflow/example_dags/example_complex.py
[2025-04-05T10:05:39.529+0100] {logging_mixin.py:190} INFO - [2025-04-05T10:05:39.529+0100] {dag.py:3239} INFO - Sync 1 DAGs
[2025-04-05T10:05:39.540+0100] {logging_mixin.py:190} INFO - [2025-04-05T10:05:39.540+0100] {dag.py:4180} INFO - Setting next_dagrun for example_complex to None, run_after=None
[2025-04-05T10:05:39.561+0100] {processor.py:208} INFO - Processing /home/Data_Professional/PycharmProjects/DE_Zoomcamp_Capstone_Project/.venv/lib/python3.10/site-packages/airflow/example_dags/example_complex.py took 0.099 seconds
[2025-04-05T10:06:41.778+0100] {processor.py:186} INFO - Started process (PID=13792) to work on /home/Data_Professional/PycharmProjects/DE_Zoomcamp_Capstone_Project/.venv/lib/python3.10/site-packages/airflow/example_dags/example_complex.py
[2025-04-05T10:06:41.781+0100] {processor.py:914} INFO - Processing file /home/Data_Professional/PycharmProjects/DE_Zoomcamp_Capstone_Project/.venv/lib/python3.10/site-packages/airflow/example_dags/example_complex.py for tasks to queue
[2025-04-05T10:06:41.783+0100] {logging_mixin.py:190} INFO - [2025-04-05T10:06:41.782+0100] {dagbag.py:588} INFO - Filling up the DagBag from /home/Data_Professional/PycharmProjects/DE_Zoomcamp_Capstone_Project/.venv/lib/python3.10/site-packages/airflow/example_dags/example_complex.py
[2025-04-05T10:06:41.800+0100] {processor.py:925} INFO - DAG(s) 'example_complex' retrieved from /home/Data_Professional/PycharmProjects/DE_Zoomcamp_Capstone_Project/.venv/lib/python3.10/site-packages/airflow/example_dags/example_complex.py
[2025-04-05T10:06:41.824+0100] {logging_mixin.py:190} INFO - [2025-04-05T10:06:41.824+0100] {dag.py:3239} INFO - Sync 1 DAGs
[2025-04-05T10:06:41.835+0100] {logging_mixin.py:190} INFO - [2025-04-05T10:06:41.834+0100] {dag.py:4180} INFO - Setting next_dagrun for example_complex to None, run_after=None
[2025-04-05T10:06:41.852+0100] {processor.py:208} INFO - Processing /home/Data_Professional/PycharmProjects/DE_Zoomcamp_Capstone_Project/.venv/lib/python3.10/site-packages/airflow/example_dags/example_complex.py took 0.081 seconds
[2025-04-05T10:07:43.055+0100] {processor.py:186} INFO - Started process (PID=13950) to work on /home/Data_Professional/PycharmProjects/DE_Zoomcamp_Capstone_Project/.venv/lib/python3.10/site-packages/airflow/example_dags/example_complex.py
[2025-04-05T10:07:43.058+0100] {processor.py:914} INFO - Processing file /home/Data_Professional/PycharmProjects/DE_Zoomcamp_Capstone_Project/.venv/lib/python3.10/site-packages/airflow/example_dags/example_complex.py for tasks to queue
[2025-04-05T10:07:43.062+0100] {logging_mixin.py:190} INFO - [2025-04-05T10:07:43.061+0100] {dagbag.py:588} INFO - Filling up the DagBag from /home/Data_Professional/PycharmProjects/DE_Zoomcamp_Capstone_Project/.venv/lib/python3.10/site-packages/airflow/example_dags/example_complex.py
[2025-04-05T10:07:43.085+0100] {processor.py:925} INFO - DAG(s) 'example_complex' retrieved from /home/Data_Professional/PycharmProjects/DE_Zoomcamp_Capstone_Project/.venv/lib/python3.10/site-packages/airflow/example_dags/example_complex.py
[2025-04-05T10:07:43.110+0100] {logging_mixin.py:190} INFO - [2025-04-05T10:07:43.110+0100] {dag.py:3239} INFO - Sync 1 DAGs
[2025-04-05T10:07:43.122+0100] {logging_mixin.py:190} INFO - [2025-04-05T10:07:43.122+0100] {dag.py:4180} INFO - Setting next_dagrun for example_complex to None, run_after=None
[2025-04-05T10:07:43.140+0100] {processor.py:208} INFO - Processing /home/Data_Professional/PycharmProjects/DE_Zoomcamp_Capstone_Project/.venv/lib/python3.10/site-packages/airflow/example_dags/example_complex.py took 0.093 seconds
[2025-04-05T10:08:52.874+0100] {processor.py:186} INFO - Started process (PID=14265) to work on /home/Data_Professional/PycharmProjects/DE_Zoomcamp_Capstone_Project/.venv/lib/python3.10/site-packages/airflow/example_dags/example_complex.py
[2025-04-05T10:08:52.877+0100] {processor.py:914} INFO - Processing file /home/Data_Professional/PycharmProjects/DE_Zoomcamp_Capstone_Project/.venv/lib/python3.10/site-packages/airflow/example_dags/example_complex.py for tasks to queue
[2025-04-05T10:08:52.878+0100] {logging_mixin.py:190} INFO - [2025-04-05T10:08:52.877+0100] {dagbag.py:588} INFO - Filling up the DagBag from /home/Data_Professional/PycharmProjects/DE_Zoomcamp_Capstone_Project/.venv/lib/python3.10/site-packages/airflow/example_dags/example_complex.py
[2025-04-05T10:08:52.891+0100] {processor.py:925} INFO - DAG(s) 'example_complex' retrieved from /home/Data_Professional/PycharmProjects/DE_Zoomcamp_Capstone_Project/.venv/lib/python3.10/site-packages/airflow/example_dags/example_complex.py
[2025-04-05T10:08:52.915+0100] {logging_mixin.py:190} INFO - [2025-04-05T10:08:52.915+0100] {dag.py:3239} INFO - Sync 1 DAGs
[2025-04-05T10:08:52.928+0100] {logging_mixin.py:190} INFO - [2025-04-05T10:08:52.927+0100] {dag.py:4180} INFO - Setting next_dagrun for example_complex to None, run_after=None
[2025-04-05T10:08:52.948+0100] {processor.py:208} INFO - Processing /home/Data_Professional/PycharmProjects/DE_Zoomcamp_Capstone_Project/.venv/lib/python3.10/site-packages/airflow/example_dags/example_complex.py took 0.080 seconds
[2025-04-05T10:10:00.647+0100] {processor.py:186} INFO - Started process (PID=14415) to work on /home/Data_Professional/PycharmProjects/DE_Zoomcamp_Capstone_Project/.venv/lib/python3.10/site-packages/airflow/example_dags/example_complex.py
[2025-04-05T10:10:00.649+0100] {processor.py:914} INFO - Processing file /home/Data_Professional/PycharmProjects/DE_Zoomcamp_Capstone_Project/.venv/lib/python3.10/site-packages/airflow/example_dags/example_complex.py for tasks to queue
[2025-04-05T10:10:00.650+0100] {logging_mixin.py:190} INFO - [2025-04-05T10:10:00.650+0100] {dagbag.py:588} INFO - Filling up the DagBag from /home/Data_Professional/PycharmProjects/DE_Zoomcamp_Capstone_Project/.venv/lib/python3.10/site-packages/airflow/example_dags/example_complex.py
[2025-04-05T10:10:00.667+0100] {processor.py:925} INFO - DAG(s) 'example_complex' retrieved from /home/Data_Professional/PycharmProjects/DE_Zoomcamp_Capstone_Project/.venv/lib/python3.10/site-packages/airflow/example_dags/example_complex.py
[2025-04-05T10:10:00.712+0100] {logging_mixin.py:190} INFO - [2025-04-05T10:10:00.712+0100] {dag.py:3239} INFO - Sync 1 DAGs
[2025-04-05T10:10:00.732+0100] {logging_mixin.py:190} INFO - [2025-04-05T10:10:00.731+0100] {dag.py:4180} INFO - Setting next_dagrun for example_complex to None, run_after=None
[2025-04-05T10:10:00.774+0100] {processor.py:208} INFO - Processing /home/Data_Professional/PycharmProjects/DE_Zoomcamp_Capstone_Project/.venv/lib/python3.10/site-packages/airflow/example_dags/example_complex.py took 0.135 seconds
[2025-04-05T10:11:00.237+0100] {processor.py:186} INFO - Started process (PID=14577) to work on /home/Data_Professional/PycharmProjects/DE_Zoomcamp_Capstone_Project/.venv/lib/python3.10/site-packages/airflow/example_dags/example_complex.py
[2025-04-05T10:11:00.241+0100] {processor.py:914} INFO - Processing file /home/Data_Professional/PycharmProjects/DE_Zoomcamp_Capstone_Project/.venv/lib/python3.10/site-packages/airflow/example_dags/example_complex.py for tasks to queue
[2025-04-05T10:11:00.245+0100] {logging_mixin.py:190} INFO - [2025-04-05T10:11:00.243+0100] {dagbag.py:588} INFO - Filling up the DagBag from /home/Data_Professional/PycharmProjects/DE_Zoomcamp_Capstone_Project/.venv/lib/python3.10/site-packages/airflow/example_dags/example_complex.py
[2025-04-05T10:11:00.284+0100] {processor.py:925} INFO - DAG(s) 'example_complex' retrieved from /home/Data_Professional/PycharmProjects/DE_Zoomcamp_Capstone_Project/.venv/lib/python3.10/site-packages/airflow/example_dags/example_complex.py
[2025-04-05T10:11:00.318+0100] {logging_mixin.py:190} INFO - [2025-04-05T10:11:00.317+0100] {dag.py:3239} INFO - Sync 1 DAGs
[2025-04-05T10:11:00.328+0100] {logging_mixin.py:190} INFO - [2025-04-05T10:11:00.328+0100] {dag.py:4180} INFO - Setting next_dagrun for example_complex to None, run_after=None
[2025-04-05T10:11:00.358+0100] {processor.py:208} INFO - Processing /home/Data_Professional/PycharmProjects/DE_Zoomcamp_Capstone_Project/.venv/lib/python3.10/site-packages/airflow/example_dags/example_complex.py took 0.138 seconds
[2025-04-05T10:12:04.123+0100] {processor.py:186} INFO - Started process (PID=14946) to work on /home/Data_Professional/PycharmProjects/DE_Zoomcamp_Capstone_Project/.venv/lib/python3.10/site-packages/airflow/example_dags/example_complex.py
[2025-04-05T10:12:04.126+0100] {processor.py:914} INFO - Processing file /home/Data_Professional/PycharmProjects/DE_Zoomcamp_Capstone_Project/.venv/lib/python3.10/site-packages/airflow/example_dags/example_complex.py for tasks to queue
[2025-04-05T10:12:04.127+0100] {logging_mixin.py:190} INFO - [2025-04-05T10:12:04.127+0100] {dagbag.py:588} INFO - Filling up the DagBag from /home/Data_Professional/PycharmProjects/DE_Zoomcamp_Capstone_Project/.venv/lib/python3.10/site-packages/airflow/example_dags/example_complex.py
[2025-04-05T10:12:04.144+0100] {processor.py:925} INFO - DAG(s) 'example_complex' retrieved from /home/Data_Professional/PycharmProjects/DE_Zoomcamp_Capstone_Project/.venv/lib/python3.10/site-packages/airflow/example_dags/example_complex.py
[2025-04-05T10:12:04.169+0100] {logging_mixin.py:190} INFO - [2025-04-05T10:12:04.168+0100] {dag.py:3239} INFO - Sync 1 DAGs
[2025-04-05T10:12:04.179+0100] {logging_mixin.py:190} INFO - [2025-04-05T10:12:04.178+0100] {dag.py:4180} INFO - Setting next_dagrun for example_complex to None, run_after=None
[2025-04-05T10:12:04.195+0100] {processor.py:208} INFO - Processing /home/Data_Professional/PycharmProjects/DE_Zoomcamp_Capstone_Project/.venv/lib/python3.10/site-packages/airflow/example_dags/example_complex.py took 0.079 seconds
[2025-04-05T10:13:09.209+0100] {processor.py:186} INFO - Started process (PID=15095) to work on /home/Data_Professional/PycharmProjects/DE_Zoomcamp_Capstone_Project/.venv/lib/python3.10/site-packages/airflow/example_dags/example_complex.py
[2025-04-05T10:13:09.212+0100] {processor.py:914} INFO - Processing file /home/Data_Professional/PycharmProjects/DE_Zoomcamp_Capstone_Project/.venv/lib/python3.10/site-packages/airflow/example_dags/example_complex.py for tasks to queue
[2025-04-05T10:13:09.213+0100] {logging_mixin.py:190} INFO - [2025-04-05T10:13:09.213+0100] {dagbag.py:588} INFO - Filling up the DagBag from /home/Data_Professional/PycharmProjects/DE_Zoomcamp_Capstone_Project/.venv/lib/python3.10/site-packages/airflow/example_dags/example_complex.py
[2025-04-05T10:13:09.230+0100] {processor.py:925} INFO - DAG(s) 'example_complex' retrieved from /home/Data_Professional/PycharmProjects/DE_Zoomcamp_Capstone_Project/.venv/lib/python3.10/site-packages/airflow/example_dags/example_complex.py
[2025-04-05T10:13:09.256+0100] {logging_mixin.py:190} INFO - [2025-04-05T10:13:09.256+0100] {dag.py:3239} INFO - Sync 1 DAGs
[2025-04-05T10:13:09.267+0100] {logging_mixin.py:190} INFO - [2025-04-05T10:13:09.267+0100] {dag.py:4180} INFO - Setting next_dagrun for example_complex to None, run_after=None
[2025-04-05T10:13:09.284+0100] {processor.py:208} INFO - Processing /home/Data_Professional/PycharmProjects/DE_Zoomcamp_Capstone_Project/.venv/lib/python3.10/site-packages/airflow/example_dags/example_complex.py took 0.082 seconds
[2025-04-05T10:14:28.702+0100] {processor.py:186} INFO - Started process (PID=15213) to work on /home/Data_Professional/PycharmProjects/DE_Zoomcamp_Capstone_Project/.venv/lib/python3.10/site-packages/airflow/example_dags/example_complex.py
[2025-04-05T10:14:28.705+0100] {processor.py:914} INFO - Processing file /home/Data_Professional/PycharmProjects/DE_Zoomcamp_Capstone_Project/.venv/lib/python3.10/site-packages/airflow/example_dags/example_complex.py for tasks to queue
[2025-04-05T10:14:28.706+0100] {logging_mixin.py:190} INFO - [2025-04-05T10:14:28.705+0100] {dagbag.py:588} INFO - Filling up the DagBag from /home/Data_Professional/PycharmProjects/DE_Zoomcamp_Capstone_Project/.venv/lib/python3.10/site-packages/airflow/example_dags/example_complex.py
[2025-04-05T10:14:28.716+0100] {processor.py:925} INFO - DAG(s) 'example_complex' retrieved from /home/Data_Professional/PycharmProjects/DE_Zoomcamp_Capstone_Project/.venv/lib/python3.10/site-packages/airflow/example_dags/example_complex.py
[2025-04-05T10:14:28.738+0100] {logging_mixin.py:190} INFO - [2025-04-05T10:14:28.738+0100] {dag.py:3239} INFO - Sync 1 DAGs
[2025-04-05T10:14:28.748+0100] {logging_mixin.py:190} INFO - [2025-04-05T10:14:28.748+0100] {dag.py:4180} INFO - Setting next_dagrun for example_complex to None, run_after=None
[2025-04-05T10:14:28.764+0100] {processor.py:208} INFO - Processing /home/Data_Professional/PycharmProjects/DE_Zoomcamp_Capstone_Project/.venv/lib/python3.10/site-packages/airflow/example_dags/example_complex.py took 0.067 seconds
