[2025-04-05T09:55:59.069+0100] {processor.py:186} INFO - Started process (PID=12030) to work on /home/Data_Professional/PycharmProjects/DE_Zoomcamp_Capstone_Project/.venv/lib/python3.10/site-packages/airflow/example_dags/example_branch_operator_decorator.py
[2025-04-05T09:55:59.071+0100] {processor.py:914} INFO - Processing file /home/Data_Professional/PycharmProjects/DE_Zoomcamp_Capstone_Project/.venv/lib/python3.10/site-packages/airflow/example_dags/example_branch_operator_decorator.py for tasks to queue
[2025-04-05T09:55:59.074+0100] {logging_mixin.py:190} INFO - [2025-04-05T09:55:59.074+0100] {dagbag.py:588} INFO - Filling up the DagBag from /home/Data_Professional/PycharmProjects/DE_Zoomcamp_Capstone_Project/.venv/lib/python3.10/site-packages/airflow/example_dags/example_branch_operator_decorator.py
[2025-04-05T09:55:59.080+0100] {processor.py:927} WARNING - No viable dags retrieved from /home/Data_Professional/PycharmProjects/DE_Zoomcamp_Capstone_Project/.venv/lib/python3.10/site-packages/airflow/example_dags/example_branch_operator_decorator.py
[2025-04-05T09:55:59.091+0100] {processor.py:208} INFO - Processing /home/Data_Professional/PycharmProjects/DE_Zoomcamp_Capstone_Project/.venv/lib/python3.10/site-packages/airflow/example_dags/example_branch_operator_decorator.py took 0.033 seconds
[2025-04-05T09:56:59.235+0100] {processor.py:186} INFO - Started process (PID=12253) to work on /home/Data_Professional/PycharmProjects/DE_Zoomcamp_Capstone_Project/.venv/lib/python3.10/site-packages/airflow/example_dags/example_branch_operator_decorator.py
[2025-04-05T09:56:59.238+0100] {processor.py:914} INFO - Processing file /home/Data_Professional/PycharmProjects/DE_Zoomcamp_Capstone_Project/.venv/lib/python3.10/site-packages/airflow/example_dags/example_branch_operator_decorator.py for tasks to queue
[2025-04-05T09:56:59.242+0100] {logging_mixin.py:190} INFO - [2025-04-05T09:56:59.241+0100] {dagbag.py:588} INFO - Filling up the DagBag from /home/Data_Professional/PycharmProjects/DE_Zoomcamp_Capstone_Project/.venv/lib/python3.10/site-packages/airflow/example_dags/example_branch_operator_decorator.py
[2025-04-05T09:56:59.247+0100] {processor.py:927} WARNING - No viable dags retrieved from /home/Data_Professional/PycharmProjects/DE_Zoomcamp_Capstone_Project/.venv/lib/python3.10/site-packages/airflow/example_dags/example_branch_operator_decorator.py
[2025-04-05T09:56:59.260+0100] {processor.py:208} INFO - Processing /home/Data_Professional/PycharmProjects/DE_Zoomcamp_Capstone_Project/.venv/lib/python3.10/site-packages/airflow/example_dags/example_branch_operator_decorator.py took 0.035 seconds
[2025-04-05T09:57:55.961+0100] {processor.py:186} INFO - Started process (PID=12319) to work on /home/Data_Professional/PycharmProjects/DE_Zoomcamp_Capstone_Project/.venv/lib/python3.10/site-packages/airflow/example_dags/example_branch_operator_decorator.py
[2025-04-05T09:57:55.964+0100] {processor.py:914} INFO - Processing file /home/Data_Professional/PycharmProjects/DE_Zoomcamp_Capstone_Project/.venv/lib/python3.10/site-packages/airflow/example_dags/example_branch_operator_decorator.py for tasks to queue
[2025-04-05T09:57:55.965+0100] {logging_mixin.py:190} INFO - [2025-04-05T09:57:55.965+0100] {dagbag.py:588} INFO - Filling up the DagBag from /home/Data_Professional/PycharmProjects/DE_Zoomcamp_Capstone_Project/.venv/lib/python3.10/site-packages/airflow/example_dags/example_branch_operator_decorator.py
[2025-04-05T09:57:55.967+0100] {processor.py:927} WARNING - No viable dags retrieved from /home/Data_Professional/PycharmProjects/DE_Zoomcamp_Capstone_Project/.venv/lib/python3.10/site-packages/airflow/example_dags/example_branch_operator_decorator.py
[2025-04-05T09:57:55.975+0100] {processor.py:208} INFO - Processing /home/Data_Professional/PycharmProjects/DE_Zoomcamp_Capstone_Project/.venv/lib/python3.10/site-packages/airflow/example_dags/example_branch_operator_decorator.py took 0.019 seconds
[2025-04-05T09:58:53.330+0100] {processor.py:186} INFO - Started process (PID=12388) to work on /home/Data_Professional/PycharmProjects/DE_Zoomcamp_Capstone_Project/.venv/lib/python3.10/site-packages/airflow/example_dags/example_branch_operator_decorator.py
[2025-04-05T09:58:53.331+0100] {processor.py:914} INFO - Processing file /home/Data_Professional/PycharmProjects/DE_Zoomcamp_Capstone_Project/.venv/lib/python3.10/site-packages/airflow/example_dags/example_branch_operator_decorator.py for tasks to queue
[2025-04-05T09:58:53.334+0100] {logging_mixin.py:190} INFO - [2025-04-05T09:58:53.333+0100] {dagbag.py:588} INFO - Filling up the DagBag from /home/Data_Professional/PycharmProjects/DE_Zoomcamp_Capstone_Project/.venv/lib/python3.10/site-packages/airflow/example_dags/example_branch_operator_decorator.py
[2025-04-05T09:58:53.338+0100] {processor.py:927} WARNING - No viable dags retrieved from /home/Data_Professional/PycharmProjects/DE_Zoomcamp_Capstone_Project/.venv/lib/python3.10/site-packages/airflow/example_dags/example_branch_operator_decorator.py
[2025-04-05T09:58:53.350+0100] {processor.py:208} INFO - Processing /home/Data_Professional/PycharmProjects/DE_Zoomcamp_Capstone_Project/.venv/lib/python3.10/site-packages/airflow/example_dags/example_branch_operator_decorator.py took 0.029 seconds
[2025-04-05T09:59:49.746+0100] {processor.py:186} INFO - Started process (PID=12520) to work on /home/Data_Professional/PycharmProjects/DE_Zoomcamp_Capstone_Project/.venv/lib/python3.10/site-packages/airflow/example_dags/example_branch_operator_decorator.py
[2025-04-05T09:59:49.749+0100] {processor.py:914} INFO - Processing file /home/Data_Professional/PycharmProjects/DE_Zoomcamp_Capstone_Project/.venv/lib/python3.10/site-packages/airflow/example_dags/example_branch_operator_decorator.py for tasks to queue
[2025-04-05T09:59:49.751+0100] {logging_mixin.py:190} INFO - [2025-04-05T09:59:49.751+0100] {dagbag.py:588} INFO - Filling up the DagBag from /home/Data_Professional/PycharmProjects/DE_Zoomcamp_Capstone_Project/.venv/lib/python3.10/site-packages/airflow/example_dags/example_branch_operator_decorator.py
[2025-04-05T09:59:49.755+0100] {processor.py:927} WARNING - No viable dags retrieved from /home/Data_Professional/PycharmProjects/DE_Zoomcamp_Capstone_Project/.venv/lib/python3.10/site-packages/airflow/example_dags/example_branch_operator_decorator.py
[2025-04-05T09:59:49.768+0100] {processor.py:208} INFO - Processing /home/Data_Professional/PycharmProjects/DE_Zoomcamp_Capstone_Project/.venv/lib/python3.10/site-packages/airflow/example_dags/example_branch_operator_decorator.py took 0.030 seconds
[2025-04-05T10:00:48.084+0100] {processor.py:186} INFO - Started process (PID=12827) to work on /home/Data_Professional/PycharmProjects/DE_Zoomcamp_Capstone_Project/.venv/lib/python3.10/site-packages/airflow/example_dags/example_branch_operator_decorator.py
[2025-04-05T10:00:48.087+0100] {processor.py:914} INFO - Processing file /home/Data_Professional/PycharmProjects/DE_Zoomcamp_Capstone_Project/.venv/lib/python3.10/site-packages/airflow/example_dags/example_branch_operator_decorator.py for tasks to queue
[2025-04-05T10:00:48.089+0100] {logging_mixin.py:190} INFO - [2025-04-05T10:00:48.089+0100] {dagbag.py:588} INFO - Filling up the DagBag from /home/Data_Professional/PycharmProjects/DE_Zoomcamp_Capstone_Project/.venv/lib/python3.10/site-packages/airflow/example_dags/example_branch_operator_decorator.py
[2025-04-05T10:00:48.093+0100] {processor.py:927} WARNING - No viable dags retrieved from /home/Data_Professional/PycharmProjects/DE_Zoomcamp_Capstone_Project/.venv/lib/python3.10/site-packages/airflow/example_dags/example_branch_operator_decorator.py
[2025-04-05T10:00:48.103+0100] {processor.py:208} INFO - Processing /home/Data_Professional/PycharmProjects/DE_Zoomcamp_Capstone_Project/.venv/lib/python3.10/site-packages/airflow/example_dags/example_branch_operator_decorator.py took 0.027 seconds
[2025-04-05T10:01:45.794+0100] {processor.py:186} INFO - Started process (PID=12920) to work on /home/Data_Professional/PycharmProjects/DE_Zoomcamp_Capstone_Project/.venv/lib/python3.10/site-packages/airflow/example_dags/example_branch_operator_decorator.py
[2025-04-05T10:01:45.795+0100] {processor.py:914} INFO - Processing file /home/Data_Professional/PycharmProjects/DE_Zoomcamp_Capstone_Project/.venv/lib/python3.10/site-packages/airflow/example_dags/example_branch_operator_decorator.py for tasks to queue
[2025-04-05T10:01:45.797+0100] {logging_mixin.py:190} INFO - [2025-04-05T10:01:45.797+0100] {dagbag.py:588} INFO - Filling up the DagBag from /home/Data_Professional/PycharmProjects/DE_Zoomcamp_Capstone_Project/.venv/lib/python3.10/site-packages/airflow/example_dags/example_branch_operator_decorator.py
[2025-04-05T10:01:45.800+0100] {processor.py:927} WARNING - No viable dags retrieved from /home/Data_Professional/PycharmProjects/DE_Zoomcamp_Capstone_Project/.venv/lib/python3.10/site-packages/airflow/example_dags/example_branch_operator_decorator.py
[2025-04-05T10:01:45.809+0100] {processor.py:208} INFO - Processing /home/Data_Professional/PycharmProjects/DE_Zoomcamp_Capstone_Project/.venv/lib/python3.10/site-packages/airflow/example_dags/example_branch_operator_decorator.py took 0.021 seconds
[2025-04-05T10:02:43.575+0100] {processor.py:186} INFO - Started process (PID=13083) to work on /home/Data_Professional/PycharmProjects/DE_Zoomcamp_Capstone_Project/.venv/lib/python3.10/site-packages/airflow/example_dags/example_branch_operator_decorator.py
[2025-04-05T10:02:43.578+0100] {processor.py:914} INFO - Processing file /home/Data_Professional/PycharmProjects/DE_Zoomcamp_Capstone_Project/.venv/lib/python3.10/site-packages/airflow/example_dags/example_branch_operator_decorator.py for tasks to queue
[2025-04-05T10:02:43.579+0100] {logging_mixin.py:190} INFO - [2025-04-05T10:02:43.579+0100] {dagbag.py:588} INFO - Filling up the DagBag from /home/Data_Professional/PycharmProjects/DE_Zoomcamp_Capstone_Project/.venv/lib/python3.10/site-packages/airflow/example_dags/example_branch_operator_decorator.py
[2025-04-05T10:02:43.582+0100] {processor.py:927} WARNING - No viable dags retrieved from /home/Data_Professional/PycharmProjects/DE_Zoomcamp_Capstone_Project/.venv/lib/python3.10/site-packages/airflow/example_dags/example_branch_operator_decorator.py
[2025-04-05T10:02:43.591+0100] {processor.py:208} INFO - Processing /home/Data_Professional/PycharmProjects/DE_Zoomcamp_Capstone_Project/.venv/lib/python3.10/site-packages/airflow/example_dags/example_branch_operator_decorator.py took 0.020 seconds
[2025-04-05T10:03:40.466+0100] {processor.py:186} INFO - Started process (PID=13148) to work on /home/Data_Professional/PycharmProjects/DE_Zoomcamp_Capstone_Project/.venv/lib/python3.10/site-packages/airflow/example_dags/example_branch_operator_decorator.py
[2025-04-05T10:03:40.475+0100] {processor.py:914} INFO - Processing file /home/Data_Professional/PycharmProjects/DE_Zoomcamp_Capstone_Project/.venv/lib/python3.10/site-packages/airflow/example_dags/example_branch_operator_decorator.py for tasks to queue
[2025-04-05T10:03:40.478+0100] {logging_mixin.py:190} INFO - [2025-04-05T10:03:40.477+0100] {dagbag.py:588} INFO - Filling up the DagBag from /home/Data_Professional/PycharmProjects/DE_Zoomcamp_Capstone_Project/.venv/lib/python3.10/site-packages/airflow/example_dags/example_branch_operator_decorator.py
[2025-04-05T10:03:40.481+0100] {processor.py:927} WARNING - No viable dags retrieved from /home/Data_Professional/PycharmProjects/DE_Zoomcamp_Capstone_Project/.venv/lib/python3.10/site-packages/airflow/example_dags/example_branch_operator_decorator.py
[2025-04-05T10:03:40.493+0100] {processor.py:208} INFO - Processing /home/Data_Professional/PycharmProjects/DE_Zoomcamp_Capstone_Project/.venv/lib/python3.10/site-packages/airflow/example_dags/example_branch_operator_decorator.py took 0.035 seconds
[2025-04-05T10:04:42.765+0100] {processor.py:186} INFO - Started process (PID=13283) to work on /home/Data_Professional/PycharmProjects/DE_Zoomcamp_Capstone_Project/.venv/lib/python3.10/site-packages/airflow/example_dags/example_branch_operator_decorator.py
[2025-04-05T10:04:42.768+0100] {processor.py:914} INFO - Processing file /home/Data_Professional/PycharmProjects/DE_Zoomcamp_Capstone_Project/.venv/lib/python3.10/site-packages/airflow/example_dags/example_branch_operator_decorator.py for tasks to queue
[2025-04-05T10:04:42.770+0100] {logging_mixin.py:190} INFO - [2025-04-05T10:04:42.769+0100] {dagbag.py:588} INFO - Filling up the DagBag from /home/Data_Professional/PycharmProjects/DE_Zoomcamp_Capstone_Project/.venv/lib/python3.10/site-packages/airflow/example_dags/example_branch_operator_decorator.py
[2025-04-05T10:04:42.773+0100] {processor.py:927} WARNING - No viable dags retrieved from /home/Data_Professional/PycharmProjects/DE_Zoomcamp_Capstone_Project/.venv/lib/python3.10/site-packages/airflow/example_dags/example_branch_operator_decorator.py
[2025-04-05T10:04:42.781+0100] {processor.py:208} INFO - Processing /home/Data_Professional/PycharmProjects/DE_Zoomcamp_Capstone_Project/.venv/lib/python3.10/site-packages/airflow/example_dags/example_branch_operator_decorator.py took 0.024 seconds
[2025-04-05T10:05:40.773+0100] {processor.py:186} INFO - Started process (PID=13594) to work on /home/Data_Professional/PycharmProjects/DE_Zoomcamp_Capstone_Project/.venv/lib/python3.10/site-packages/airflow/example_dags/example_branch_operator_decorator.py
[2025-04-05T10:05:40.776+0100] {processor.py:914} INFO - Processing file /home/Data_Professional/PycharmProjects/DE_Zoomcamp_Capstone_Project/.venv/lib/python3.10/site-packages/airflow/example_dags/example_branch_operator_decorator.py for tasks to queue
[2025-04-05T10:05:40.779+0100] {logging_mixin.py:190} INFO - [2025-04-05T10:05:40.778+0100] {dagbag.py:588} INFO - Filling up the DagBag from /home/Data_Professional/PycharmProjects/DE_Zoomcamp_Capstone_Project/.venv/lib/python3.10/site-packages/airflow/example_dags/example_branch_operator_decorator.py
[2025-04-05T10:05:40.787+0100] {processor.py:927} WARNING - No viable dags retrieved from /home/Data_Professional/PycharmProjects/DE_Zoomcamp_Capstone_Project/.venv/lib/python3.10/site-packages/airflow/example_dags/example_branch_operator_decorator.py
[2025-04-05T10:05:40.801+0100] {processor.py:208} INFO - Processing /home/Data_Professional/PycharmProjects/DE_Zoomcamp_Capstone_Project/.venv/lib/python3.10/site-packages/airflow/example_dags/example_branch_operator_decorator.py took 0.044 seconds
[2025-04-05T10:06:42.974+0100] {processor.py:186} INFO - Started process (PID=13794) to work on /home/Data_Professional/PycharmProjects/DE_Zoomcamp_Capstone_Project/.venv/lib/python3.10/site-packages/airflow/example_dags/example_branch_operator_decorator.py
[2025-04-05T10:06:42.976+0100] {processor.py:914} INFO - Processing file /home/Data_Professional/PycharmProjects/DE_Zoomcamp_Capstone_Project/.venv/lib/python3.10/site-packages/airflow/example_dags/example_branch_operator_decorator.py for tasks to queue
[2025-04-05T10:06:42.978+0100] {logging_mixin.py:190} INFO - [2025-04-05T10:06:42.978+0100] {dagbag.py:588} INFO - Filling up the DagBag from /home/Data_Professional/PycharmProjects/DE_Zoomcamp_Capstone_Project/.venv/lib/python3.10/site-packages/airflow/example_dags/example_branch_operator_decorator.py
[2025-04-05T10:06:42.982+0100] {processor.py:927} WARNING - No viable dags retrieved from /home/Data_Professional/PycharmProjects/DE_Zoomcamp_Capstone_Project/.venv/lib/python3.10/site-packages/airflow/example_dags/example_branch_operator_decorator.py
[2025-04-05T10:06:42.993+0100] {processor.py:208} INFO - Processing /home/Data_Professional/PycharmProjects/DE_Zoomcamp_Capstone_Project/.venv/lib/python3.10/site-packages/airflow/example_dags/example_branch_operator_decorator.py took 0.027 seconds
[2025-04-05T10:07:44.180+0100] {processor.py:186} INFO - Started process (PID=13952) to work on /home/Data_Professional/PycharmProjects/DE_Zoomcamp_Capstone_Project/.venv/lib/python3.10/site-packages/airflow/example_dags/example_branch_operator_decorator.py
[2025-04-05T10:07:44.182+0100] {processor.py:914} INFO - Processing file /home/Data_Professional/PycharmProjects/DE_Zoomcamp_Capstone_Project/.venv/lib/python3.10/site-packages/airflow/example_dags/example_branch_operator_decorator.py for tasks to queue
[2025-04-05T10:07:44.184+0100] {logging_mixin.py:190} INFO - [2025-04-05T10:07:44.183+0100] {dagbag.py:588} INFO - Filling up the DagBag from /home/Data_Professional/PycharmProjects/DE_Zoomcamp_Capstone_Project/.venv/lib/python3.10/site-packages/airflow/example_dags/example_branch_operator_decorator.py
[2025-04-05T10:07:44.187+0100] {processor.py:927} WARNING - No viable dags retrieved from /home/Data_Professional/PycharmProjects/DE_Zoomcamp_Capstone_Project/.venv/lib/python3.10/site-packages/airflow/example_dags/example_branch_operator_decorator.py
[2025-04-05T10:07:44.199+0100] {processor.py:208} INFO - Processing /home/Data_Professional/PycharmProjects/DE_Zoomcamp_Capstone_Project/.venv/lib/python3.10/site-packages/airflow/example_dags/example_branch_operator_decorator.py took 0.026 seconds
[2025-04-05T10:08:54.013+0100] {processor.py:186} INFO - Started process (PID=14266) to work on /home/Data_Professional/PycharmProjects/DE_Zoomcamp_Capstone_Project/.venv/lib/python3.10/site-packages/airflow/example_dags/example_branch_operator_decorator.py
[2025-04-05T10:08:54.017+0100] {processor.py:914} INFO - Processing file /home/Data_Professional/PycharmProjects/DE_Zoomcamp_Capstone_Project/.venv/lib/python3.10/site-packages/airflow/example_dags/example_branch_operator_decorator.py for tasks to queue
[2025-04-05T10:08:54.020+0100] {logging_mixin.py:190} INFO - [2025-04-05T10:08:54.019+0100] {dagbag.py:588} INFO - Filling up the DagBag from /home/Data_Professional/PycharmProjects/DE_Zoomcamp_Capstone_Project/.venv/lib/python3.10/site-packages/airflow/example_dags/example_branch_operator_decorator.py
[2025-04-05T10:08:54.028+0100] {processor.py:927} WARNING - No viable dags retrieved from /home/Data_Professional/PycharmProjects/DE_Zoomcamp_Capstone_Project/.venv/lib/python3.10/site-packages/airflow/example_dags/example_branch_operator_decorator.py
[2025-04-05T10:08:54.043+0100] {processor.py:208} INFO - Processing /home/Data_Professional/PycharmProjects/DE_Zoomcamp_Capstone_Project/.venv/lib/python3.10/site-packages/airflow/example_dags/example_branch_operator_decorator.py took 0.041 seconds
[2025-04-05T10:10:01.385+0100] {processor.py:186} INFO - Started process (PID=14419) to work on /home/Data_Professional/PycharmProjects/DE_Zoomcamp_Capstone_Project/.venv/lib/python3.10/site-packages/airflow/example_dags/example_branch_operator_decorator.py
[2025-04-05T10:10:01.387+0100] {processor.py:914} INFO - Processing file /home/Data_Professional/PycharmProjects/DE_Zoomcamp_Capstone_Project/.venv/lib/python3.10/site-packages/airflow/example_dags/example_branch_operator_decorator.py for tasks to queue
[2025-04-05T10:10:01.388+0100] {logging_mixin.py:190} INFO - [2025-04-05T10:10:01.388+0100] {dagbag.py:588} INFO - Filling up the DagBag from /home/Data_Professional/PycharmProjects/DE_Zoomcamp_Capstone_Project/.venv/lib/python3.10/site-packages/airflow/example_dags/example_branch_operator_decorator.py
[2025-04-05T10:10:01.391+0100] {processor.py:927} WARNING - No viable dags retrieved from /home/Data_Professional/PycharmProjects/DE_Zoomcamp_Capstone_Project/.venv/lib/python3.10/site-packages/airflow/example_dags/example_branch_operator_decorator.py
[2025-04-05T10:10:01.399+0100] {processor.py:208} INFO - Processing /home/Data_Professional/PycharmProjects/DE_Zoomcamp_Capstone_Project/.venv/lib/python3.10/site-packages/airflow/example_dags/example_branch_operator_decorator.py took 0.019 seconds
[2025-04-05T10:11:01.616+0100] {processor.py:186} INFO - Started process (PID=14580) to work on /home/Data_Professional/PycharmProjects/DE_Zoomcamp_Capstone_Project/.venv/lib/python3.10/site-packages/airflow/example_dags/example_branch_operator_decorator.py
[2025-04-05T10:11:01.620+0100] {processor.py:914} INFO - Processing file /home/Data_Professional/PycharmProjects/DE_Zoomcamp_Capstone_Project/.venv/lib/python3.10/site-packages/airflow/example_dags/example_branch_operator_decorator.py for tasks to queue
[2025-04-05T10:11:01.622+0100] {logging_mixin.py:190} INFO - [2025-04-05T10:11:01.621+0100] {dagbag.py:588} INFO - Filling up the DagBag from /home/Data_Professional/PycharmProjects/DE_Zoomcamp_Capstone_Project/.venv/lib/python3.10/site-packages/airflow/example_dags/example_branch_operator_decorator.py
[2025-04-05T10:11:01.628+0100] {processor.py:927} WARNING - No viable dags retrieved from /home/Data_Professional/PycharmProjects/DE_Zoomcamp_Capstone_Project/.venv/lib/python3.10/site-packages/airflow/example_dags/example_branch_operator_decorator.py
[2025-04-05T10:11:01.643+0100] {processor.py:208} INFO - Processing /home/Data_Professional/PycharmProjects/DE_Zoomcamp_Capstone_Project/.venv/lib/python3.10/site-packages/airflow/example_dags/example_branch_operator_decorator.py took 0.041 seconds
[2025-04-05T10:12:05.285+0100] {processor.py:186} INFO - Started process (PID=14998) to work on /home/Data_Professional/PycharmProjects/DE_Zoomcamp_Capstone_Project/.venv/lib/python3.10/site-packages/airflow/example_dags/example_branch_operator_decorator.py
[2025-04-05T10:12:05.288+0100] {processor.py:914} INFO - Processing file /home/Data_Professional/PycharmProjects/DE_Zoomcamp_Capstone_Project/.venv/lib/python3.10/site-packages/airflow/example_dags/example_branch_operator_decorator.py for tasks to queue
[2025-04-05T10:12:05.289+0100] {logging_mixin.py:190} INFO - [2025-04-05T10:12:05.289+0100] {dagbag.py:588} INFO - Filling up the DagBag from /home/Data_Professional/PycharmProjects/DE_Zoomcamp_Capstone_Project/.venv/lib/python3.10/site-packages/airflow/example_dags/example_branch_operator_decorator.py
[2025-04-05T10:12:05.292+0100] {processor.py:927} WARNING - No viable dags retrieved from /home/Data_Professional/PycharmProjects/DE_Zoomcamp_Capstone_Project/.venv/lib/python3.10/site-packages/airflow/example_dags/example_branch_operator_decorator.py
[2025-04-05T10:12:05.303+0100] {processor.py:208} INFO - Processing /home/Data_Professional/PycharmProjects/DE_Zoomcamp_Capstone_Project/.venv/lib/python3.10/site-packages/airflow/example_dags/example_branch_operator_decorator.py took 0.024 seconds
[2025-04-05T10:13:10.366+0100] {processor.py:186} INFO - Started process (PID=15097) to work on /home/Data_Professional/PycharmProjects/DE_Zoomcamp_Capstone_Project/.venv/lib/python3.10/site-packages/airflow/example_dags/example_branch_operator_decorator.py
[2025-04-05T10:13:10.369+0100] {processor.py:914} INFO - Processing file /home/Data_Professional/PycharmProjects/DE_Zoomcamp_Capstone_Project/.venv/lib/python3.10/site-packages/airflow/example_dags/example_branch_operator_decorator.py for tasks to queue
[2025-04-05T10:13:10.370+0100] {logging_mixin.py:190} INFO - [2025-04-05T10:13:10.370+0100] {dagbag.py:588} INFO - Filling up the DagBag from /home/Data_Professional/PycharmProjects/DE_Zoomcamp_Capstone_Project/.venv/lib/python3.10/site-packages/airflow/example_dags/example_branch_operator_decorator.py
[2025-04-05T10:13:10.373+0100] {processor.py:927} WARNING - No viable dags retrieved from /home/Data_Professional/PycharmProjects/DE_Zoomcamp_Capstone_Project/.venv/lib/python3.10/site-packages/airflow/example_dags/example_branch_operator_decorator.py
[2025-04-05T10:13:10.383+0100] {processor.py:208} INFO - Processing /home/Data_Professional/PycharmProjects/DE_Zoomcamp_Capstone_Project/.venv/lib/python3.10/site-packages/airflow/example_dags/example_branch_operator_decorator.py took 0.023 seconds
[2025-04-05T10:14:29.843+0100] {processor.py:186} INFO - Started process (PID=15214) to work on /home/Data_Professional/PycharmProjects/DE_Zoomcamp_Capstone_Project/.venv/lib/python3.10/site-packages/airflow/example_dags/example_branch_operator_decorator.py
[2025-04-05T10:14:29.845+0100] {processor.py:914} INFO - Processing file /home/Data_Professional/PycharmProjects/DE_Zoomcamp_Capstone_Project/.venv/lib/python3.10/site-packages/airflow/example_dags/example_branch_operator_decorator.py for tasks to queue
[2025-04-05T10:14:29.847+0100] {logging_mixin.py:190} INFO - [2025-04-05T10:14:29.846+0100] {dagbag.py:588} INFO - Filling up the DagBag from /home/Data_Professional/PycharmProjects/DE_Zoomcamp_Capstone_Project/.venv/lib/python3.10/site-packages/airflow/example_dags/example_branch_operator_decorator.py
[2025-04-05T10:14:29.850+0100] {processor.py:927} WARNING - No viable dags retrieved from /home/Data_Professional/PycharmProjects/DE_Zoomcamp_Capstone_Project/.venv/lib/python3.10/site-packages/airflow/example_dags/example_branch_operator_decorator.py
[2025-04-05T10:14:29.859+0100] {processor.py:208} INFO - Processing /home/Data_Professional/PycharmProjects/DE_Zoomcamp_Capstone_Project/.venv/lib/python3.10/site-packages/airflow/example_dags/example_branch_operator_decorator.py took 0.021 seconds
