[2025-04-05T09:52:09.658+0100] {processor.py:186} INFO - Started process (PID=11594) to work on /home/Data_Professional/PycharmProjects/DE_Zoomcamp_Capstone_Project/.venv/lib/python3.10/site-packages/airflow/example_dags/tutorial_taskflow_templates.py
[2025-04-05T09:52:09.659+0100] {processor.py:914} INFO - Processing file /home/Data_Professional/PycharmProjects/DE_Zoomcamp_Capstone_Project/.venv/lib/python3.10/site-packages/airflow/example_dags/tutorial_taskflow_templates.py for tasks to queue
[2025-04-05T09:52:09.661+0100] {logging_mixin.py:190} INFO - [2025-04-05T09:52:09.660+0100] {dagbag.py:588} INFO - Filling up the DagBag from /home/Data_Professional/PycharmProjects/DE_Zoomcamp_Capstone_Project/.venv/lib/python3.10/site-packages/airflow/example_dags/tutorial_taskflow_templates.py
[2025-04-05T09:52:09.671+0100] {processor.py:925} INFO - DAG(s) 'tutorial_taskflow_templates' retrieved from /home/Data_Professional/PycharmProjects/DE_Zoomcamp_Capstone_Project/.venv/lib/python3.10/site-packages/airflow/example_dags/tutorial_taskflow_templates.py
[2025-04-05T09:52:09.763+0100] {logging_mixin.py:190} INFO - [2025-04-05T09:52:09.763+0100] {override.py:1912} INFO - Created Permission View: can read on DAG:tutorial_taskflow_templates
[2025-04-05T09:52:09.773+0100] {logging_mixin.py:190} INFO - [2025-04-05T09:52:09.773+0100] {override.py:1912} INFO - Created Permission View: can edit on DAG:tutorial_taskflow_templates
[2025-04-05T09:52:09.783+0100] {logging_mixin.py:190} INFO - [2025-04-05T09:52:09.783+0100] {override.py:1912} INFO - Created Permission View: can delete on DAG:tutorial_taskflow_templates
[2025-04-05T09:52:09.797+0100] {logging_mixin.py:190} INFO - [2025-04-05T09:52:09.796+0100] {override.py:1912} INFO - Created Permission View: can read on DAG Run:tutorial_taskflow_templates
[2025-04-05T09:52:09.806+0100] {logging_mixin.py:190} INFO - [2025-04-05T09:52:09.806+0100] {override.py:1912} INFO - Created Permission View: menu access on DAG Run:tutorial_taskflow_templates
[2025-04-05T09:52:09.815+0100] {logging_mixin.py:190} INFO - [2025-04-05T09:52:09.814+0100] {override.py:1912} INFO - Created Permission View: can create on DAG Run:tutorial_taskflow_templates
[2025-04-05T09:52:09.824+0100] {logging_mixin.py:190} INFO - [2025-04-05T09:52:09.823+0100] {override.py:1912} INFO - Created Permission View: can delete on DAG Run:tutorial_taskflow_templates
[2025-04-05T09:52:09.824+0100] {logging_mixin.py:190} INFO - [2025-04-05T09:52:09.824+0100] {dag.py:3239} INFO - Sync 1 DAGs
[2025-04-05T09:52:09.834+0100] {logging_mixin.py:190} INFO - [2025-04-05T09:52:09.834+0100] {dag.py:3262} INFO - Creating ORM DAG for tutorial_taskflow_templates
[2025-04-05T09:52:09.842+0100] {logging_mixin.py:190} INFO - [2025-04-05T09:52:09.841+0100] {dag.py:4180} INFO - Setting next_dagrun for tutorial_taskflow_templates to 2025-04-04 00:00:00+00:00, run_after=2025-04-05 00:00:00+00:00
[2025-04-05T09:52:09.857+0100] {processor.py:208} INFO - Processing /home/Data_Professional/PycharmProjects/DE_Zoomcamp_Capstone_Project/.venv/lib/python3.10/site-packages/airflow/example_dags/tutorial_taskflow_templates.py took 0.204 seconds
[2025-04-05T09:55:04.073+0100] {processor.py:186} INFO - Started process (PID=11746) to work on /home/Data_Professional/PycharmProjects/DE_Zoomcamp_Capstone_Project/.venv/lib/python3.10/site-packages/airflow/example_dags/tutorial_taskflow_templates.py
[2025-04-05T09:55:04.075+0100] {processor.py:914} INFO - Processing file /home/Data_Professional/PycharmProjects/DE_Zoomcamp_Capstone_Project/.venv/lib/python3.10/site-packages/airflow/example_dags/tutorial_taskflow_templates.py for tasks to queue
[2025-04-05T09:55:04.077+0100] {logging_mixin.py:190} INFO - [2025-04-05T09:55:04.077+0100] {dagbag.py:588} INFO - Filling up the DagBag from /home/Data_Professional/PycharmProjects/DE_Zoomcamp_Capstone_Project/.venv/lib/python3.10/site-packages/airflow/example_dags/tutorial_taskflow_templates.py
[2025-04-05T09:55:04.088+0100] {processor.py:925} INFO - DAG(s) 'tutorial_taskflow_templates' retrieved from /home/Data_Professional/PycharmProjects/DE_Zoomcamp_Capstone_Project/.venv/lib/python3.10/site-packages/airflow/example_dags/tutorial_taskflow_templates.py
[2025-04-05T09:55:04.107+0100] {logging_mixin.py:190} INFO - [2025-04-05T09:55:04.107+0100] {dag.py:3239} INFO - Sync 1 DAGs
[2025-04-05T09:55:04.123+0100] {logging_mixin.py:190} INFO - [2025-04-05T09:55:04.123+0100] {dag.py:4180} INFO - Setting next_dagrun for tutorial_taskflow_templates to 2025-04-04 00:00:00+00:00, run_after=2025-04-05 00:00:00+00:00
[2025-04-05T09:55:04.140+0100] {processor.py:208} INFO - Processing /home/Data_Professional/PycharmProjects/DE_Zoomcamp_Capstone_Project/.venv/lib/python3.10/site-packages/airflow/example_dags/tutorial_taskflow_templates.py took 0.073 seconds
[2025-04-05T09:56:11.062+0100] {processor.py:186} INFO - Started process (PID=12080) to work on /home/Data_Professional/PycharmProjects/DE_Zoomcamp_Capstone_Project/.venv/lib/python3.10/site-packages/airflow/example_dags/tutorial_taskflow_templates.py
[2025-04-05T09:56:11.066+0100] {processor.py:914} INFO - Processing file /home/Data_Professional/PycharmProjects/DE_Zoomcamp_Capstone_Project/.venv/lib/python3.10/site-packages/airflow/example_dags/tutorial_taskflow_templates.py for tasks to queue
[2025-04-05T09:56:11.070+0100] {logging_mixin.py:190} INFO - [2025-04-05T09:56:11.069+0100] {dagbag.py:588} INFO - Filling up the DagBag from /home/Data_Professional/PycharmProjects/DE_Zoomcamp_Capstone_Project/.venv/lib/python3.10/site-packages/airflow/example_dags/tutorial_taskflow_templates.py
[2025-04-05T09:56:11.091+0100] {processor.py:925} INFO - DAG(s) 'tutorial_taskflow_templates' retrieved from /home/Data_Professional/PycharmProjects/DE_Zoomcamp_Capstone_Project/.venv/lib/python3.10/site-packages/airflow/example_dags/tutorial_taskflow_templates.py
[2025-04-05T09:56:11.105+0100] {logging_mixin.py:190} INFO - [2025-04-05T09:56:11.105+0100] {dag.py:3239} INFO - Sync 1 DAGs
[2025-04-05T09:56:11.121+0100] {logging_mixin.py:190} INFO - [2025-04-05T09:56:11.121+0100] {dag.py:4180} INFO - Setting next_dagrun for tutorial_taskflow_templates to 2025-04-04 00:00:00+00:00, run_after=2025-04-05 00:00:00+00:00
[2025-04-05T09:56:11.138+0100] {processor.py:208} INFO - Processing /home/Data_Professional/PycharmProjects/DE_Zoomcamp_Capstone_Project/.venv/lib/python3.10/site-packages/airflow/example_dags/tutorial_taskflow_templates.py took 0.089 seconds
[2025-04-05T09:57:08.723+0100] {processor.py:186} INFO - Started process (PID=12263) to work on /home/Data_Professional/PycharmProjects/DE_Zoomcamp_Capstone_Project/.venv/lib/python3.10/site-packages/airflow/example_dags/tutorial_taskflow_templates.py
[2025-04-05T09:57:08.726+0100] {processor.py:914} INFO - Processing file /home/Data_Professional/PycharmProjects/DE_Zoomcamp_Capstone_Project/.venv/lib/python3.10/site-packages/airflow/example_dags/tutorial_taskflow_templates.py for tasks to queue
[2025-04-05T09:57:08.730+0100] {logging_mixin.py:190} INFO - [2025-04-05T09:57:08.729+0100] {dagbag.py:588} INFO - Filling up the DagBag from /home/Data_Professional/PycharmProjects/DE_Zoomcamp_Capstone_Project/.venv/lib/python3.10/site-packages/airflow/example_dags/tutorial_taskflow_templates.py
[2025-04-05T09:57:08.751+0100] {processor.py:925} INFO - DAG(s) 'tutorial_taskflow_templates' retrieved from /home/Data_Professional/PycharmProjects/DE_Zoomcamp_Capstone_Project/.venv/lib/python3.10/site-packages/airflow/example_dags/tutorial_taskflow_templates.py
[2025-04-05T09:57:08.765+0100] {logging_mixin.py:190} INFO - [2025-04-05T09:57:08.765+0100] {dag.py:3239} INFO - Sync 1 DAGs
[2025-04-05T09:57:08.782+0100] {logging_mixin.py:190} INFO - [2025-04-05T09:57:08.781+0100] {dag.py:4180} INFO - Setting next_dagrun for tutorial_taskflow_templates to 2025-04-04 00:00:00+00:00, run_after=2025-04-05 00:00:00+00:00
[2025-04-05T09:57:08.799+0100] {processor.py:208} INFO - Processing /home/Data_Professional/PycharmProjects/DE_Zoomcamp_Capstone_Project/.venv/lib/python3.10/site-packages/airflow/example_dags/tutorial_taskflow_templates.py took 0.089 seconds
[2025-04-05T09:58:01.284+0100] {processor.py:186} INFO - Started process (PID=12326) to work on /home/Data_Professional/PycharmProjects/DE_Zoomcamp_Capstone_Project/.venv/lib/python3.10/site-packages/airflow/example_dags/tutorial_taskflow_templates.py
[2025-04-05T09:58:01.289+0100] {processor.py:914} INFO - Processing file /home/Data_Professional/PycharmProjects/DE_Zoomcamp_Capstone_Project/.venv/lib/python3.10/site-packages/airflow/example_dags/tutorial_taskflow_templates.py for tasks to queue
[2025-04-05T09:58:01.294+0100] {logging_mixin.py:190} INFO - [2025-04-05T09:58:01.293+0100] {dagbag.py:588} INFO - Filling up the DagBag from /home/Data_Professional/PycharmProjects/DE_Zoomcamp_Capstone_Project/.venv/lib/python3.10/site-packages/airflow/example_dags/tutorial_taskflow_templates.py
[2025-04-05T09:58:01.312+0100] {processor.py:925} INFO - DAG(s) 'tutorial_taskflow_templates' retrieved from /home/Data_Professional/PycharmProjects/DE_Zoomcamp_Capstone_Project/.venv/lib/python3.10/site-packages/airflow/example_dags/tutorial_taskflow_templates.py
[2025-04-05T09:58:01.325+0100] {logging_mixin.py:190} INFO - [2025-04-05T09:58:01.324+0100] {dag.py:3239} INFO - Sync 1 DAGs
[2025-04-05T09:58:01.342+0100] {logging_mixin.py:190} INFO - [2025-04-05T09:58:01.341+0100] {dag.py:4180} INFO - Setting next_dagrun for tutorial_taskflow_templates to 2025-04-04 00:00:00+00:00, run_after=2025-04-05 00:00:00+00:00
[2025-04-05T09:58:01.358+0100] {processor.py:208} INFO - Processing /home/Data_Professional/PycharmProjects/DE_Zoomcamp_Capstone_Project/.venv/lib/python3.10/site-packages/airflow/example_dags/tutorial_taskflow_templates.py took 0.090 seconds
[2025-04-05T09:58:57.602+0100] {processor.py:186} INFO - Started process (PID=12392) to work on /home/Data_Professional/PycharmProjects/DE_Zoomcamp_Capstone_Project/.venv/lib/python3.10/site-packages/airflow/example_dags/tutorial_taskflow_templates.py
[2025-04-05T09:58:57.605+0100] {processor.py:914} INFO - Processing file /home/Data_Professional/PycharmProjects/DE_Zoomcamp_Capstone_Project/.venv/lib/python3.10/site-packages/airflow/example_dags/tutorial_taskflow_templates.py for tasks to queue
[2025-04-05T09:58:57.609+0100] {logging_mixin.py:190} INFO - [2025-04-05T09:58:57.608+0100] {dagbag.py:588} INFO - Filling up the DagBag from /home/Data_Professional/PycharmProjects/DE_Zoomcamp_Capstone_Project/.venv/lib/python3.10/site-packages/airflow/example_dags/tutorial_taskflow_templates.py
[2025-04-05T09:58:57.638+0100] {processor.py:925} INFO - DAG(s) 'tutorial_taskflow_templates' retrieved from /home/Data_Professional/PycharmProjects/DE_Zoomcamp_Capstone_Project/.venv/lib/python3.10/site-packages/airflow/example_dags/tutorial_taskflow_templates.py
[2025-04-05T09:58:57.653+0100] {logging_mixin.py:190} INFO - [2025-04-05T09:58:57.653+0100] {dag.py:3239} INFO - Sync 1 DAGs
[2025-04-05T09:58:57.670+0100] {logging_mixin.py:190} INFO - [2025-04-05T09:58:57.669+0100] {dag.py:4180} INFO - Setting next_dagrun for tutorial_taskflow_templates to 2025-04-04 00:00:00+00:00, run_after=2025-04-05 00:00:00+00:00
[2025-04-05T09:58:57.686+0100] {processor.py:208} INFO - Processing /home/Data_Professional/PycharmProjects/DE_Zoomcamp_Capstone_Project/.venv/lib/python3.10/site-packages/airflow/example_dags/tutorial_taskflow_templates.py took 0.090 seconds
[2025-04-05T09:59:55.490+0100] {processor.py:186} INFO - Started process (PID=12561) to work on /home/Data_Professional/PycharmProjects/DE_Zoomcamp_Capstone_Project/.venv/lib/python3.10/site-packages/airflow/example_dags/tutorial_taskflow_templates.py
[2025-04-05T09:59:55.493+0100] {processor.py:914} INFO - Processing file /home/Data_Professional/PycharmProjects/DE_Zoomcamp_Capstone_Project/.venv/lib/python3.10/site-packages/airflow/example_dags/tutorial_taskflow_templates.py for tasks to queue
[2025-04-05T09:59:55.496+0100] {logging_mixin.py:190} INFO - [2025-04-05T09:59:55.495+0100] {dagbag.py:588} INFO - Filling up the DagBag from /home/Data_Professional/PycharmProjects/DE_Zoomcamp_Capstone_Project/.venv/lib/python3.10/site-packages/airflow/example_dags/tutorial_taskflow_templates.py
[2025-04-05T09:59:55.509+0100] {processor.py:925} INFO - DAG(s) 'tutorial_taskflow_templates' retrieved from /home/Data_Professional/PycharmProjects/DE_Zoomcamp_Capstone_Project/.venv/lib/python3.10/site-packages/airflow/example_dags/tutorial_taskflow_templates.py
[2025-04-05T09:59:55.522+0100] {logging_mixin.py:190} INFO - [2025-04-05T09:59:55.522+0100] {dag.py:3239} INFO - Sync 1 DAGs
[2025-04-05T09:59:55.541+0100] {logging_mixin.py:190} INFO - [2025-04-05T09:59:55.540+0100] {dag.py:4180} INFO - Setting next_dagrun for tutorial_taskflow_templates to 2025-04-04 00:00:00+00:00, run_after=2025-04-05 00:00:00+00:00
[2025-04-05T09:59:55.558+0100] {processor.py:208} INFO - Processing /home/Data_Professional/PycharmProjects/DE_Zoomcamp_Capstone_Project/.venv/lib/python3.10/site-packages/airflow/example_dags/tutorial_taskflow_templates.py took 0.074 seconds
[2025-04-05T10:00:52.757+0100] {processor.py:186} INFO - Started process (PID=12832) to work on /home/Data_Professional/PycharmProjects/DE_Zoomcamp_Capstone_Project/.venv/lib/python3.10/site-packages/airflow/example_dags/tutorial_taskflow_templates.py
[2025-04-05T10:00:52.760+0100] {processor.py:914} INFO - Processing file /home/Data_Professional/PycharmProjects/DE_Zoomcamp_Capstone_Project/.venv/lib/python3.10/site-packages/airflow/example_dags/tutorial_taskflow_templates.py for tasks to queue
[2025-04-05T10:00:52.762+0100] {logging_mixin.py:190} INFO - [2025-04-05T10:00:52.762+0100] {dagbag.py:588} INFO - Filling up the DagBag from /home/Data_Professional/PycharmProjects/DE_Zoomcamp_Capstone_Project/.venv/lib/python3.10/site-packages/airflow/example_dags/tutorial_taskflow_templates.py
[2025-04-05T10:00:52.779+0100] {processor.py:925} INFO - DAG(s) 'tutorial_taskflow_templates' retrieved from /home/Data_Professional/PycharmProjects/DE_Zoomcamp_Capstone_Project/.venv/lib/python3.10/site-packages/airflow/example_dags/tutorial_taskflow_templates.py
[2025-04-05T10:00:52.792+0100] {logging_mixin.py:190} INFO - [2025-04-05T10:00:52.792+0100] {dag.py:3239} INFO - Sync 1 DAGs
[2025-04-05T10:00:52.809+0100] {logging_mixin.py:190} INFO - [2025-04-05T10:00:52.809+0100] {dag.py:4180} INFO - Setting next_dagrun for tutorial_taskflow_templates to 2025-04-04 00:00:00+00:00, run_after=2025-04-05 00:00:00+00:00
[2025-04-05T10:00:52.825+0100] {processor.py:208} INFO - Processing /home/Data_Professional/PycharmProjects/DE_Zoomcamp_Capstone_Project/.venv/lib/python3.10/site-packages/airflow/example_dags/tutorial_taskflow_templates.py took 0.075 seconds
[2025-04-05T10:01:50.106+0100] {processor.py:186} INFO - Started process (PID=12924) to work on /home/Data_Professional/PycharmProjects/DE_Zoomcamp_Capstone_Project/.venv/lib/python3.10/site-packages/airflow/example_dags/tutorial_taskflow_templates.py
[2025-04-05T10:01:50.108+0100] {processor.py:914} INFO - Processing file /home/Data_Professional/PycharmProjects/DE_Zoomcamp_Capstone_Project/.venv/lib/python3.10/site-packages/airflow/example_dags/tutorial_taskflow_templates.py for tasks to queue
[2025-04-05T10:01:50.110+0100] {logging_mixin.py:190} INFO - [2025-04-05T10:01:50.110+0100] {dagbag.py:588} INFO - Filling up the DagBag from /home/Data_Professional/PycharmProjects/DE_Zoomcamp_Capstone_Project/.venv/lib/python3.10/site-packages/airflow/example_dags/tutorial_taskflow_templates.py
[2025-04-05T10:01:50.122+0100] {processor.py:925} INFO - DAG(s) 'tutorial_taskflow_templates' retrieved from /home/Data_Professional/PycharmProjects/DE_Zoomcamp_Capstone_Project/.venv/lib/python3.10/site-packages/airflow/example_dags/tutorial_taskflow_templates.py
[2025-04-05T10:01:50.134+0100] {logging_mixin.py:190} INFO - [2025-04-05T10:01:50.134+0100] {dag.py:3239} INFO - Sync 1 DAGs
[2025-04-05T10:01:50.154+0100] {logging_mixin.py:190} INFO - [2025-04-05T10:01:50.153+0100] {dag.py:4180} INFO - Setting next_dagrun for tutorial_taskflow_templates to 2025-04-04 00:00:00+00:00, run_after=2025-04-05 00:00:00+00:00
[2025-04-05T10:01:50.180+0100] {processor.py:208} INFO - Processing /home/Data_Professional/PycharmProjects/DE_Zoomcamp_Capstone_Project/.venv/lib/python3.10/site-packages/airflow/example_dags/tutorial_taskflow_templates.py took 0.082 seconds
[2025-04-05T10:02:48.741+0100] {processor.py:186} INFO - Started process (PID=13088) to work on /home/Data_Professional/PycharmProjects/DE_Zoomcamp_Capstone_Project/.venv/lib/python3.10/site-packages/airflow/example_dags/tutorial_taskflow_templates.py
[2025-04-05T10:02:48.744+0100] {processor.py:914} INFO - Processing file /home/Data_Professional/PycharmProjects/DE_Zoomcamp_Capstone_Project/.venv/lib/python3.10/site-packages/airflow/example_dags/tutorial_taskflow_templates.py for tasks to queue
[2025-04-05T10:02:48.745+0100] {logging_mixin.py:190} INFO - [2025-04-05T10:02:48.745+0100] {dagbag.py:588} INFO - Filling up the DagBag from /home/Data_Professional/PycharmProjects/DE_Zoomcamp_Capstone_Project/.venv/lib/python3.10/site-packages/airflow/example_dags/tutorial_taskflow_templates.py
[2025-04-05T10:02:48.757+0100] {processor.py:925} INFO - DAG(s) 'tutorial_taskflow_templates' retrieved from /home/Data_Professional/PycharmProjects/DE_Zoomcamp_Capstone_Project/.venv/lib/python3.10/site-packages/airflow/example_dags/tutorial_taskflow_templates.py
[2025-04-05T10:02:48.771+0100] {logging_mixin.py:190} INFO - [2025-04-05T10:02:48.771+0100] {dag.py:3239} INFO - Sync 1 DAGs
[2025-04-05T10:02:48.788+0100] {logging_mixin.py:190} INFO - [2025-04-05T10:02:48.788+0100] {dag.py:4180} INFO - Setting next_dagrun for tutorial_taskflow_templates to 2025-04-04 00:00:00+00:00, run_after=2025-04-05 00:00:00+00:00
[2025-04-05T10:02:48.805+0100] {processor.py:208} INFO - Processing /home/Data_Professional/PycharmProjects/DE_Zoomcamp_Capstone_Project/.venv/lib/python3.10/site-packages/airflow/example_dags/tutorial_taskflow_templates.py took 0.070 seconds
[2025-04-05T10:03:47.604+0100] {processor.py:186} INFO - Started process (PID=13162) to work on /home/Data_Professional/PycharmProjects/DE_Zoomcamp_Capstone_Project/.venv/lib/python3.10/site-packages/airflow/example_dags/tutorial_taskflow_templates.py
[2025-04-05T10:03:47.607+0100] {processor.py:914} INFO - Processing file /home/Data_Professional/PycharmProjects/DE_Zoomcamp_Capstone_Project/.venv/lib/python3.10/site-packages/airflow/example_dags/tutorial_taskflow_templates.py for tasks to queue
[2025-04-05T10:03:47.611+0100] {logging_mixin.py:190} INFO - [2025-04-05T10:03:47.610+0100] {dagbag.py:588} INFO - Filling up the DagBag from /home/Data_Professional/PycharmProjects/DE_Zoomcamp_Capstone_Project/.venv/lib/python3.10/site-packages/airflow/example_dags/tutorial_taskflow_templates.py
[2025-04-05T10:03:47.631+0100] {processor.py:925} INFO - DAG(s) 'tutorial_taskflow_templates' retrieved from /home/Data_Professional/PycharmProjects/DE_Zoomcamp_Capstone_Project/.venv/lib/python3.10/site-packages/airflow/example_dags/tutorial_taskflow_templates.py
[2025-04-05T10:03:47.646+0100] {logging_mixin.py:190} INFO - [2025-04-05T10:03:47.645+0100] {dag.py:3239} INFO - Sync 1 DAGs
[2025-04-05T10:03:47.662+0100] {logging_mixin.py:190} INFO - [2025-04-05T10:03:47.662+0100] {dag.py:4180} INFO - Setting next_dagrun for tutorial_taskflow_templates to 2025-04-04 00:00:00+00:00, run_after=2025-04-05 00:00:00+00:00
[2025-04-05T10:03:47.677+0100] {processor.py:208} INFO - Processing /home/Data_Professional/PycharmProjects/DE_Zoomcamp_Capstone_Project/.venv/lib/python3.10/site-packages/airflow/example_dags/tutorial_taskflow_templates.py took 0.088 seconds
[2025-04-05T10:04:48.569+0100] {processor.py:186} INFO - Started process (PID=13291) to work on /home/Data_Professional/PycharmProjects/DE_Zoomcamp_Capstone_Project/.venv/lib/python3.10/site-packages/airflow/example_dags/tutorial_taskflow_templates.py
[2025-04-05T10:04:48.571+0100] {processor.py:914} INFO - Processing file /home/Data_Professional/PycharmProjects/DE_Zoomcamp_Capstone_Project/.venv/lib/python3.10/site-packages/airflow/example_dags/tutorial_taskflow_templates.py for tasks to queue
[2025-04-05T10:04:48.573+0100] {logging_mixin.py:190} INFO - [2025-04-05T10:04:48.573+0100] {dagbag.py:588} INFO - Filling up the DagBag from /home/Data_Professional/PycharmProjects/DE_Zoomcamp_Capstone_Project/.venv/lib/python3.10/site-packages/airflow/example_dags/tutorial_taskflow_templates.py
[2025-04-05T10:04:48.585+0100] {processor.py:925} INFO - DAG(s) 'tutorial_taskflow_templates' retrieved from /home/Data_Professional/PycharmProjects/DE_Zoomcamp_Capstone_Project/.venv/lib/python3.10/site-packages/airflow/example_dags/tutorial_taskflow_templates.py
[2025-04-05T10:04:48.598+0100] {logging_mixin.py:190} INFO - [2025-04-05T10:04:48.598+0100] {dag.py:3239} INFO - Sync 1 DAGs
[2025-04-05T10:04:48.615+0100] {logging_mixin.py:190} INFO - [2025-04-05T10:04:48.615+0100] {dag.py:4180} INFO - Setting next_dagrun for tutorial_taskflow_templates to 2025-04-04 00:00:00+00:00, run_after=2025-04-05 00:00:00+00:00
[2025-04-05T10:04:48.631+0100] {processor.py:208} INFO - Processing /home/Data_Professional/PycharmProjects/DE_Zoomcamp_Capstone_Project/.venv/lib/python3.10/site-packages/airflow/example_dags/tutorial_taskflow_templates.py took 0.070 seconds
[2025-04-05T10:05:49.499+0100] {processor.py:186} INFO - Started process (PID=13603) to work on /home/Data_Professional/PycharmProjects/DE_Zoomcamp_Capstone_Project/.venv/lib/python3.10/site-packages/airflow/example_dags/tutorial_taskflow_templates.py
[2025-04-05T10:05:49.500+0100] {processor.py:914} INFO - Processing file /home/Data_Professional/PycharmProjects/DE_Zoomcamp_Capstone_Project/.venv/lib/python3.10/site-packages/airflow/example_dags/tutorial_taskflow_templates.py for tasks to queue
[2025-04-05T10:05:49.502+0100] {logging_mixin.py:190} INFO - [2025-04-05T10:05:49.501+0100] {dagbag.py:588} INFO - Filling up the DagBag from /home/Data_Professional/PycharmProjects/DE_Zoomcamp_Capstone_Project/.venv/lib/python3.10/site-packages/airflow/example_dags/tutorial_taskflow_templates.py
[2025-04-05T10:05:49.521+0100] {processor.py:925} INFO - DAG(s) 'tutorial_taskflow_templates' retrieved from /home/Data_Professional/PycharmProjects/DE_Zoomcamp_Capstone_Project/.venv/lib/python3.10/site-packages/airflow/example_dags/tutorial_taskflow_templates.py
[2025-04-05T10:05:49.540+0100] {logging_mixin.py:190} INFO - [2025-04-05T10:05:49.540+0100] {dag.py:3239} INFO - Sync 1 DAGs
[2025-04-05T10:05:49.566+0100] {logging_mixin.py:190} INFO - [2025-04-05T10:05:49.566+0100] {dag.py:4180} INFO - Setting next_dagrun for tutorial_taskflow_templates to 2025-04-04 00:00:00+00:00, run_after=2025-04-05 00:00:00+00:00
[2025-04-05T10:05:49.593+0100] {processor.py:208} INFO - Processing /home/Data_Professional/PycharmProjects/DE_Zoomcamp_Capstone_Project/.venv/lib/python3.10/site-packages/airflow/example_dags/tutorial_taskflow_templates.py took 0.103 seconds
[2025-04-05T10:06:52.344+0100] {processor.py:186} INFO - Started process (PID=13805) to work on /home/Data_Professional/PycharmProjects/DE_Zoomcamp_Capstone_Project/.venv/lib/python3.10/site-packages/airflow/example_dags/tutorial_taskflow_templates.py
[2025-04-05T10:06:52.347+0100] {processor.py:914} INFO - Processing file /home/Data_Professional/PycharmProjects/DE_Zoomcamp_Capstone_Project/.venv/lib/python3.10/site-packages/airflow/example_dags/tutorial_taskflow_templates.py for tasks to queue
[2025-04-05T10:06:52.348+0100] {logging_mixin.py:190} INFO - [2025-04-05T10:06:52.347+0100] {dagbag.py:588} INFO - Filling up the DagBag from /home/Data_Professional/PycharmProjects/DE_Zoomcamp_Capstone_Project/.venv/lib/python3.10/site-packages/airflow/example_dags/tutorial_taskflow_templates.py
[2025-04-05T10:06:52.359+0100] {processor.py:925} INFO - DAG(s) 'tutorial_taskflow_templates' retrieved from /home/Data_Professional/PycharmProjects/DE_Zoomcamp_Capstone_Project/.venv/lib/python3.10/site-packages/airflow/example_dags/tutorial_taskflow_templates.py
[2025-04-05T10:06:52.372+0100] {logging_mixin.py:190} INFO - [2025-04-05T10:06:52.371+0100] {dag.py:3239} INFO - Sync 1 DAGs
[2025-04-05T10:06:52.389+0100] {logging_mixin.py:190} INFO - [2025-04-05T10:06:52.388+0100] {dag.py:4180} INFO - Setting next_dagrun for tutorial_taskflow_templates to 2025-04-04 00:00:00+00:00, run_after=2025-04-05 00:00:00+00:00
[2025-04-05T10:06:52.405+0100] {processor.py:208} INFO - Processing /home/Data_Professional/PycharmProjects/DE_Zoomcamp_Capstone_Project/.venv/lib/python3.10/site-packages/airflow/example_dags/tutorial_taskflow_templates.py took 0.068 seconds
[2025-04-05T10:07:54.398+0100] {processor.py:186} INFO - Started process (PID=13974) to work on /home/Data_Professional/PycharmProjects/DE_Zoomcamp_Capstone_Project/.venv/lib/python3.10/site-packages/airflow/example_dags/tutorial_taskflow_templates.py
[2025-04-05T10:07:54.400+0100] {processor.py:914} INFO - Processing file /home/Data_Professional/PycharmProjects/DE_Zoomcamp_Capstone_Project/.venv/lib/python3.10/site-packages/airflow/example_dags/tutorial_taskflow_templates.py for tasks to queue
[2025-04-05T10:07:54.401+0100] {logging_mixin.py:190} INFO - [2025-04-05T10:07:54.401+0100] {dagbag.py:588} INFO - Filling up the DagBag from /home/Data_Professional/PycharmProjects/DE_Zoomcamp_Capstone_Project/.venv/lib/python3.10/site-packages/airflow/example_dags/tutorial_taskflow_templates.py
[2025-04-05T10:07:54.413+0100] {processor.py:925} INFO - DAG(s) 'tutorial_taskflow_templates' retrieved from /home/Data_Professional/PycharmProjects/DE_Zoomcamp_Capstone_Project/.venv/lib/python3.10/site-packages/airflow/example_dags/tutorial_taskflow_templates.py
[2025-04-05T10:07:54.426+0100] {logging_mixin.py:190} INFO - [2025-04-05T10:07:54.426+0100] {dag.py:3239} INFO - Sync 1 DAGs
[2025-04-05T10:07:54.444+0100] {logging_mixin.py:190} INFO - [2025-04-05T10:07:54.444+0100] {dag.py:4180} INFO - Setting next_dagrun for tutorial_taskflow_templates to 2025-04-04 00:00:00+00:00, run_after=2025-04-05 00:00:00+00:00
[2025-04-05T10:07:54.462+0100] {processor.py:208} INFO - Processing /home/Data_Professional/PycharmProjects/DE_Zoomcamp_Capstone_Project/.venv/lib/python3.10/site-packages/airflow/example_dags/tutorial_taskflow_templates.py took 0.070 seconds
[2025-04-05T10:09:02.399+0100] {processor.py:186} INFO - Started process (PID=14280) to work on /home/Data_Professional/PycharmProjects/DE_Zoomcamp_Capstone_Project/.venv/lib/python3.10/site-packages/airflow/example_dags/tutorial_taskflow_templates.py
[2025-04-05T10:09:02.402+0100] {processor.py:914} INFO - Processing file /home/Data_Professional/PycharmProjects/DE_Zoomcamp_Capstone_Project/.venv/lib/python3.10/site-packages/airflow/example_dags/tutorial_taskflow_templates.py for tasks to queue
[2025-04-05T10:09:02.406+0100] {logging_mixin.py:190} INFO - [2025-04-05T10:09:02.405+0100] {dagbag.py:588} INFO - Filling up the DagBag from /home/Data_Professional/PycharmProjects/DE_Zoomcamp_Capstone_Project/.venv/lib/python3.10/site-packages/airflow/example_dags/tutorial_taskflow_templates.py
[2025-04-05T10:09:02.429+0100] {processor.py:925} INFO - DAG(s) 'tutorial_taskflow_templates' retrieved from /home/Data_Professional/PycharmProjects/DE_Zoomcamp_Capstone_Project/.venv/lib/python3.10/site-packages/airflow/example_dags/tutorial_taskflow_templates.py
[2025-04-05T10:09:02.443+0100] {logging_mixin.py:190} INFO - [2025-04-05T10:09:02.443+0100] {dag.py:3239} INFO - Sync 1 DAGs
[2025-04-05T10:09:02.461+0100] {logging_mixin.py:190} INFO - [2025-04-05T10:09:02.461+0100] {dag.py:4180} INFO - Setting next_dagrun for tutorial_taskflow_templates to 2025-04-04 00:00:00+00:00, run_after=2025-04-05 00:00:00+00:00
[2025-04-05T10:09:02.478+0100] {processor.py:208} INFO - Processing /home/Data_Professional/PycharmProjects/DE_Zoomcamp_Capstone_Project/.venv/lib/python3.10/site-packages/airflow/example_dags/tutorial_taskflow_templates.py took 0.085 seconds
[2025-04-05T10:09:39.847+0100] {processor.py:186} INFO - Started process (PID=14351) to work on /home/Data_Professional/PycharmProjects/DE_Zoomcamp_Capstone_Project/.venv/lib/python3.10/site-packages/airflow/example_dags/tutorial_taskflow_templates.py
[2025-04-05T10:09:39.850+0100] {processor.py:914} INFO - Processing file /home/Data_Professional/PycharmProjects/DE_Zoomcamp_Capstone_Project/.venv/lib/python3.10/site-packages/airflow/example_dags/tutorial_taskflow_templates.py for tasks to queue
[2025-04-05T10:09:39.851+0100] {logging_mixin.py:190} INFO - [2025-04-05T10:09:39.850+0100] {dagbag.py:588} INFO - Filling up the DagBag from /home/Data_Professional/PycharmProjects/DE_Zoomcamp_Capstone_Project/.venv/lib/python3.10/site-packages/airflow/example_dags/tutorial_taskflow_templates.py
[2025-04-05T10:09:39.863+0100] {processor.py:925} INFO - DAG(s) 'tutorial_taskflow_templates' retrieved from /home/Data_Professional/PycharmProjects/DE_Zoomcamp_Capstone_Project/.venv/lib/python3.10/site-packages/airflow/example_dags/tutorial_taskflow_templates.py
[2025-04-05T10:09:39.877+0100] {logging_mixin.py:190} INFO - [2025-04-05T10:09:39.876+0100] {dag.py:3239} INFO - Sync 1 DAGs
[2025-04-05T10:09:39.893+0100] {logging_mixin.py:190} INFO - [2025-04-05T10:09:39.893+0100] {dag.py:4180} INFO - Setting next_dagrun for tutorial_taskflow_templates to 2025-04-04 00:00:00+00:00, run_after=2025-04-05 00:00:00+00:00
[2025-04-05T10:09:39.917+0100] {processor.py:208} INFO - Processing /home/Data_Professional/PycharmProjects/DE_Zoomcamp_Capstone_Project/.venv/lib/python3.10/site-packages/airflow/example_dags/tutorial_taskflow_templates.py took 0.075 seconds
[2025-04-05T10:10:36.150+0100] {processor.py:186} INFO - Started process (PID=14530) to work on /home/Data_Professional/PycharmProjects/DE_Zoomcamp_Capstone_Project/.venv/lib/python3.10/site-packages/airflow/example_dags/tutorial_taskflow_templates.py
[2025-04-05T10:10:36.153+0100] {processor.py:914} INFO - Processing file /home/Data_Professional/PycharmProjects/DE_Zoomcamp_Capstone_Project/.venv/lib/python3.10/site-packages/airflow/example_dags/tutorial_taskflow_templates.py for tasks to queue
[2025-04-05T10:10:36.156+0100] {logging_mixin.py:190} INFO - [2025-04-05T10:10:36.156+0100] {dagbag.py:588} INFO - Filling up the DagBag from /home/Data_Professional/PycharmProjects/DE_Zoomcamp_Capstone_Project/.venv/lib/python3.10/site-packages/airflow/example_dags/tutorial_taskflow_templates.py
[2025-04-05T10:10:36.175+0100] {processor.py:925} INFO - DAG(s) 'tutorial_taskflow_templates' retrieved from /home/Data_Professional/PycharmProjects/DE_Zoomcamp_Capstone_Project/.venv/lib/python3.10/site-packages/airflow/example_dags/tutorial_taskflow_templates.py
[2025-04-05T10:10:36.196+0100] {logging_mixin.py:190} INFO - [2025-04-05T10:10:36.196+0100] {dag.py:3239} INFO - Sync 1 DAGs
[2025-04-05T10:10:36.230+0100] {logging_mixin.py:190} INFO - [2025-04-05T10:10:36.229+0100] {dag.py:4180} INFO - Setting next_dagrun for tutorial_taskflow_templates to 2025-04-04 00:00:00+00:00, run_after=2025-04-05 00:00:00+00:00
[2025-04-05T10:10:36.262+0100] {processor.py:208} INFO - Processing /home/Data_Professional/PycharmProjects/DE_Zoomcamp_Capstone_Project/.venv/lib/python3.10/site-packages/airflow/example_dags/tutorial_taskflow_templates.py took 0.119 seconds
[2025-04-05T10:11:39.690+0100] {processor.py:186} INFO - Started process (PID=14891) to work on /home/Data_Professional/PycharmProjects/DE_Zoomcamp_Capstone_Project/.venv/lib/python3.10/site-packages/airflow/example_dags/tutorial_taskflow_templates.py
[2025-04-05T10:11:39.693+0100] {processor.py:914} INFO - Processing file /home/Data_Professional/PycharmProjects/DE_Zoomcamp_Capstone_Project/.venv/lib/python3.10/site-packages/airflow/example_dags/tutorial_taskflow_templates.py for tasks to queue
[2025-04-05T10:11:39.696+0100] {logging_mixin.py:190} INFO - [2025-04-05T10:11:39.695+0100] {dagbag.py:588} INFO - Filling up the DagBag from /home/Data_Professional/PycharmProjects/DE_Zoomcamp_Capstone_Project/.venv/lib/python3.10/site-packages/airflow/example_dags/tutorial_taskflow_templates.py
[2025-04-05T10:11:39.716+0100] {processor.py:925} INFO - DAG(s) 'tutorial_taskflow_templates' retrieved from /home/Data_Professional/PycharmProjects/DE_Zoomcamp_Capstone_Project/.venv/lib/python3.10/site-packages/airflow/example_dags/tutorial_taskflow_templates.py
[2025-04-05T10:11:39.730+0100] {logging_mixin.py:190} INFO - [2025-04-05T10:11:39.729+0100] {dag.py:3239} INFO - Sync 1 DAGs
[2025-04-05T10:11:39.746+0100] {logging_mixin.py:190} INFO - [2025-04-05T10:11:39.746+0100] {dag.py:4180} INFO - Setting next_dagrun for tutorial_taskflow_templates to 2025-04-04 00:00:00+00:00, run_after=2025-04-05 00:00:00+00:00
[2025-04-05T10:11:39.771+0100] {processor.py:208} INFO - Processing /home/Data_Professional/PycharmProjects/DE_Zoomcamp_Capstone_Project/.venv/lib/python3.10/site-packages/airflow/example_dags/tutorial_taskflow_templates.py took 0.097 seconds
[2025-04-05T10:12:44.937+0100] {processor.py:186} INFO - Started process (PID=15052) to work on /home/Data_Professional/PycharmProjects/DE_Zoomcamp_Capstone_Project/.venv/lib/python3.10/site-packages/airflow/example_dags/tutorial_taskflow_templates.py
[2025-04-05T10:12:44.941+0100] {processor.py:914} INFO - Processing file /home/Data_Professional/PycharmProjects/DE_Zoomcamp_Capstone_Project/.venv/lib/python3.10/site-packages/airflow/example_dags/tutorial_taskflow_templates.py for tasks to queue
[2025-04-05T10:12:44.945+0100] {logging_mixin.py:190} INFO - [2025-04-05T10:12:44.944+0100] {dagbag.py:588} INFO - Filling up the DagBag from /home/Data_Professional/PycharmProjects/DE_Zoomcamp_Capstone_Project/.venv/lib/python3.10/site-packages/airflow/example_dags/tutorial_taskflow_templates.py
[2025-04-05T10:12:44.973+0100] {processor.py:925} INFO - DAG(s) 'tutorial_taskflow_templates' retrieved from /home/Data_Professional/PycharmProjects/DE_Zoomcamp_Capstone_Project/.venv/lib/python3.10/site-packages/airflow/example_dags/tutorial_taskflow_templates.py
[2025-04-05T10:12:44.989+0100] {logging_mixin.py:190} INFO - [2025-04-05T10:12:44.989+0100] {dag.py:3239} INFO - Sync 1 DAGs
[2025-04-05T10:12:45.008+0100] {logging_mixin.py:190} INFO - [2025-04-05T10:12:45.008+0100] {dag.py:4180} INFO - Setting next_dagrun for tutorial_taskflow_templates to 2025-04-04 00:00:00+00:00, run_after=2025-04-05 00:00:00+00:00
[2025-04-05T10:12:45.025+0100] {processor.py:208} INFO - Processing /home/Data_Professional/PycharmProjects/DE_Zoomcamp_Capstone_Project/.venv/lib/python3.10/site-packages/airflow/example_dags/tutorial_taskflow_templates.py took 0.108 seconds
[2025-04-05T10:13:42.277+0100] {processor.py:186} INFO - Started process (PID=15138) to work on /home/Data_Professional/PycharmProjects/DE_Zoomcamp_Capstone_Project/.venv/lib/python3.10/site-packages/airflow/example_dags/tutorial_taskflow_templates.py
[2025-04-05T10:13:42.280+0100] {processor.py:914} INFO - Processing file /home/Data_Professional/PycharmProjects/DE_Zoomcamp_Capstone_Project/.venv/lib/python3.10/site-packages/airflow/example_dags/tutorial_taskflow_templates.py for tasks to queue
[2025-04-05T10:13:42.281+0100] {logging_mixin.py:190} INFO - [2025-04-05T10:13:42.280+0100] {dagbag.py:588} INFO - Filling up the DagBag from /home/Data_Professional/PycharmProjects/DE_Zoomcamp_Capstone_Project/.venv/lib/python3.10/site-packages/airflow/example_dags/tutorial_taskflow_templates.py
[2025-04-05T10:13:42.294+0100] {processor.py:925} INFO - DAG(s) 'tutorial_taskflow_templates' retrieved from /home/Data_Professional/PycharmProjects/DE_Zoomcamp_Capstone_Project/.venv/lib/python3.10/site-packages/airflow/example_dags/tutorial_taskflow_templates.py
[2025-04-05T10:13:42.308+0100] {logging_mixin.py:190} INFO - [2025-04-05T10:13:42.308+0100] {dag.py:3239} INFO - Sync 1 DAGs
[2025-04-05T10:13:42.326+0100] {logging_mixin.py:190} INFO - [2025-04-05T10:13:42.325+0100] {dag.py:4180} INFO - Setting next_dagrun for tutorial_taskflow_templates to 2025-04-04 00:00:00+00:00, run_after=2025-04-05 00:00:00+00:00
[2025-04-05T10:13:42.426+0100] {processor.py:208} INFO - Processing /home/Data_Professional/PycharmProjects/DE_Zoomcamp_Capstone_Project/.venv/lib/python3.10/site-packages/airflow/example_dags/tutorial_taskflow_templates.py took 0.154 seconds
[2025-04-05T10:14:37.449+0100] {processor.py:186} INFO - Started process (PID=15223) to work on /home/Data_Professional/PycharmProjects/DE_Zoomcamp_Capstone_Project/.venv/lib/python3.10/site-packages/airflow/example_dags/tutorial_taskflow_templates.py
[2025-04-05T10:14:37.452+0100] {processor.py:914} INFO - Processing file /home/Data_Professional/PycharmProjects/DE_Zoomcamp_Capstone_Project/.venv/lib/python3.10/site-packages/airflow/example_dags/tutorial_taskflow_templates.py for tasks to queue
[2025-04-05T10:14:37.454+0100] {logging_mixin.py:190} INFO - [2025-04-05T10:14:37.454+0100] {dagbag.py:588} INFO - Filling up the DagBag from /home/Data_Professional/PycharmProjects/DE_Zoomcamp_Capstone_Project/.venv/lib/python3.10/site-packages/airflow/example_dags/tutorial_taskflow_templates.py
[2025-04-05T10:14:37.470+0100] {processor.py:925} INFO - DAG(s) 'tutorial_taskflow_templates' retrieved from /home/Data_Professional/PycharmProjects/DE_Zoomcamp_Capstone_Project/.venv/lib/python3.10/site-packages/airflow/example_dags/tutorial_taskflow_templates.py
[2025-04-05T10:14:37.485+0100] {logging_mixin.py:190} INFO - [2025-04-05T10:14:37.485+0100] {dag.py:3239} INFO - Sync 1 DAGs
[2025-04-05T10:14:37.504+0100] {logging_mixin.py:190} INFO - [2025-04-05T10:14:37.503+0100] {dag.py:4180} INFO - Setting next_dagrun for tutorial_taskflow_templates to 2025-04-04 00:00:00+00:00, run_after=2025-04-05 00:00:00+00:00
[2025-04-05T10:14:37.608+0100] {processor.py:208} INFO - Processing /home/Data_Professional/PycharmProjects/DE_Zoomcamp_Capstone_Project/.venv/lib/python3.10/site-packages/airflow/example_dags/tutorial_taskflow_templates.py took 0.176 seconds
[2025-04-05T12:24:08.851+0100] {processor.py:186} INFO - Started process (PID=15531) to work on /home/Data_Professional/PycharmProjects/DE_Zoomcamp_Capstone_Project/.venv/lib/python3.10/site-packages/airflow/example_dags/tutorial_taskflow_templates.py
[2025-04-05T12:24:08.852+0100] {processor.py:914} INFO - Processing file /home/Data_Professional/PycharmProjects/DE_Zoomcamp_Capstone_Project/.venv/lib/python3.10/site-packages/airflow/example_dags/tutorial_taskflow_templates.py for tasks to queue
[2025-04-05T12:24:08.853+0100] {logging_mixin.py:190} INFO - [2025-04-05T12:24:08.853+0100] {dagbag.py:588} INFO - Filling up the DagBag from /home/Data_Professional/PycharmProjects/DE_Zoomcamp_Capstone_Project/.venv/lib/python3.10/site-packages/airflow/example_dags/tutorial_taskflow_templates.py
[2025-04-05T12:24:08.864+0100] {processor.py:925} INFO - DAG(s) 'tutorial_taskflow_templates' retrieved from /home/Data_Professional/PycharmProjects/DE_Zoomcamp_Capstone_Project/.venv/lib/python3.10/site-packages/airflow/example_dags/tutorial_taskflow_templates.py
[2025-04-05T12:24:08.877+0100] {logging_mixin.py:190} INFO - [2025-04-05T12:24:08.877+0100] {dag.py:3239} INFO - Sync 1 DAGs
[2025-04-05T12:24:08.895+0100] {logging_mixin.py:190} INFO - [2025-04-05T12:24:08.895+0100] {dag.py:4180} INFO - Setting next_dagrun for tutorial_taskflow_templates to 2025-04-04 00:00:00+00:00, run_after=2025-04-05 00:00:00+00:00
[2025-04-05T12:24:08.913+0100] {processor.py:208} INFO - Processing /home/Data_Professional/PycharmProjects/DE_Zoomcamp_Capstone_Project/.venv/lib/python3.10/site-packages/airflow/example_dags/tutorial_taskflow_templates.py took 0.067 seconds
