[2025-04-05T09:52:15.034+0100] {processor.py:186} INFO - Started process (PID=11635) to work on /home/Data_Professional/PycharmProjects/DE_Zoomcamp_Capstone_Project/.venv/lib/python3.10/site-packages/airflow/example_dags/tutorial_objectstorage.py
[2025-04-05T09:52:15.035+0100] {processor.py:914} INFO - Processing file /home/Data_Professional/PycharmProjects/DE_Zoomcamp_Capstone_Project/.venv/lib/python3.10/site-packages/airflow/example_dags/tutorial_objectstorage.py for tasks to queue
[2025-04-05T09:52:15.037+0100] {logging_mixin.py:190} INFO - [2025-04-05T09:52:15.037+0100] {dagbag.py:588} INFO - Filling up the DagBag from /home/Data_Professional/PycharmProjects/DE_Zoomcamp_Capstone_Project/.venv/lib/python3.10/site-packages/airflow/example_dags/tutorial_objectstorage.py
[2025-04-05T09:52:15.051+0100] {processor.py:925} INFO - DAG(s) 'tutorial_objectstorage' retrieved from /home/Data_Professional/PycharmProjects/DE_Zoomcamp_Capstone_Project/.venv/lib/python3.10/site-packages/airflow/example_dags/tutorial_objectstorage.py
[2025-04-05T09:52:15.136+0100] {logging_mixin.py:190} INFO - [2025-04-05T09:52:15.135+0100] {override.py:1912} INFO - Created Permission View: can read on DAG:tutorial_objectstorage
[2025-04-05T09:52:15.148+0100] {logging_mixin.py:190} INFO - [2025-04-05T09:52:15.148+0100] {override.py:1912} INFO - Created Permission View: can edit on DAG:tutorial_objectstorage
[2025-04-05T09:52:15.156+0100] {logging_mixin.py:190} INFO - [2025-04-05T09:52:15.156+0100] {override.py:1912} INFO - Created Permission View: can delete on DAG:tutorial_objectstorage
[2025-04-05T09:52:15.166+0100] {logging_mixin.py:190} INFO - [2025-04-05T09:52:15.166+0100] {override.py:1912} INFO - Created Permission View: can read on DAG Run:tutorial_objectstorage
[2025-04-05T09:52:15.174+0100] {logging_mixin.py:190} INFO - [2025-04-05T09:52:15.173+0100] {override.py:1912} INFO - Created Permission View: menu access on DAG Run:tutorial_objectstorage
[2025-04-05T09:52:15.187+0100] {logging_mixin.py:190} INFO - [2025-04-05T09:52:15.187+0100] {override.py:1912} INFO - Created Permission View: can create on DAG Run:tutorial_objectstorage
[2025-04-05T09:52:15.197+0100] {logging_mixin.py:190} INFO - [2025-04-05T09:52:15.196+0100] {override.py:1912} INFO - Created Permission View: can delete on DAG Run:tutorial_objectstorage
[2025-04-05T09:52:15.197+0100] {logging_mixin.py:190} INFO - [2025-04-05T09:52:15.197+0100] {dag.py:3239} INFO - Sync 1 DAGs
[2025-04-05T09:52:15.207+0100] {logging_mixin.py:190} INFO - [2025-04-05T09:52:15.207+0100] {dag.py:3262} INFO - Creating ORM DAG for tutorial_objectstorage
[2025-04-05T09:52:15.208+0100] {logging_mixin.py:190} INFO - [2025-04-05T09:52:15.207+0100] {dag.py:4180} INFO - Setting next_dagrun for tutorial_objectstorage to None, run_after=None
[2025-04-05T09:52:15.222+0100] {processor.py:208} INFO - Processing /home/Data_Professional/PycharmProjects/DE_Zoomcamp_Capstone_Project/.venv/lib/python3.10/site-packages/airflow/example_dags/tutorial_objectstorage.py took 0.196 seconds
[2025-04-05T09:55:09.072+0100] {processor.py:186} INFO - Started process (PID=11770) to work on /home/Data_Professional/PycharmProjects/DE_Zoomcamp_Capstone_Project/.venv/lib/python3.10/site-packages/airflow/example_dags/tutorial_objectstorage.py
[2025-04-05T09:55:09.076+0100] {processor.py:914} INFO - Processing file /home/Data_Professional/PycharmProjects/DE_Zoomcamp_Capstone_Project/.venv/lib/python3.10/site-packages/airflow/example_dags/tutorial_objectstorage.py for tasks to queue
[2025-04-05T09:55:09.082+0100] {logging_mixin.py:190} INFO - [2025-04-05T09:55:09.081+0100] {dagbag.py:588} INFO - Filling up the DagBag from /home/Data_Professional/PycharmProjects/DE_Zoomcamp_Capstone_Project/.venv/lib/python3.10/site-packages/airflow/example_dags/tutorial_objectstorage.py
[2025-04-05T09:55:09.099+0100] {processor.py:925} INFO - DAG(s) 'tutorial_objectstorage' retrieved from /home/Data_Professional/PycharmProjects/DE_Zoomcamp_Capstone_Project/.venv/lib/python3.10/site-packages/airflow/example_dags/tutorial_objectstorage.py
[2025-04-05T09:55:09.117+0100] {logging_mixin.py:190} INFO - [2025-04-05T09:55:09.117+0100] {dag.py:3239} INFO - Sync 1 DAGs
[2025-04-05T09:55:09.128+0100] {logging_mixin.py:190} INFO - [2025-04-05T09:55:09.128+0100] {dag.py:4180} INFO - Setting next_dagrun for tutorial_objectstorage to None, run_after=None
[2025-04-05T09:55:09.144+0100] {processor.py:208} INFO - Processing /home/Data_Professional/PycharmProjects/DE_Zoomcamp_Capstone_Project/.venv/lib/python3.10/site-packages/airflow/example_dags/tutorial_objectstorage.py took 0.088 seconds
[2025-04-05T09:56:16.120+0100] {processor.py:186} INFO - Started process (PID=12120) to work on /home/Data_Professional/PycharmProjects/DE_Zoomcamp_Capstone_Project/.venv/lib/python3.10/site-packages/airflow/example_dags/tutorial_objectstorage.py
[2025-04-05T09:56:16.124+0100] {processor.py:914} INFO - Processing file /home/Data_Professional/PycharmProjects/DE_Zoomcamp_Capstone_Project/.venv/lib/python3.10/site-packages/airflow/example_dags/tutorial_objectstorage.py for tasks to queue
[2025-04-05T09:56:16.128+0100] {logging_mixin.py:190} INFO - [2025-04-05T09:56:16.127+0100] {dagbag.py:588} INFO - Filling up the DagBag from /home/Data_Professional/PycharmProjects/DE_Zoomcamp_Capstone_Project/.venv/lib/python3.10/site-packages/airflow/example_dags/tutorial_objectstorage.py
[2025-04-05T09:56:16.142+0100] {processor.py:925} INFO - DAG(s) 'tutorial_objectstorage' retrieved from /home/Data_Professional/PycharmProjects/DE_Zoomcamp_Capstone_Project/.venv/lib/python3.10/site-packages/airflow/example_dags/tutorial_objectstorage.py
[2025-04-05T09:56:16.156+0100] {logging_mixin.py:190} INFO - [2025-04-05T09:56:16.156+0100] {dag.py:3239} INFO - Sync 1 DAGs
[2025-04-05T09:56:16.166+0100] {logging_mixin.py:190} INFO - [2025-04-05T09:56:16.166+0100] {dag.py:4180} INFO - Setting next_dagrun for tutorial_objectstorage to None, run_after=None
[2025-04-05T09:56:16.183+0100] {processor.py:208} INFO - Processing /home/Data_Professional/PycharmProjects/DE_Zoomcamp_Capstone_Project/.venv/lib/python3.10/site-packages/airflow/example_dags/tutorial_objectstorage.py took 0.078 seconds
[2025-04-05T09:57:13.013+0100] {processor.py:186} INFO - Started process (PID=12269) to work on /home/Data_Professional/PycharmProjects/DE_Zoomcamp_Capstone_Project/.venv/lib/python3.10/site-packages/airflow/example_dags/tutorial_objectstorage.py
[2025-04-05T09:57:13.016+0100] {processor.py:914} INFO - Processing file /home/Data_Professional/PycharmProjects/DE_Zoomcamp_Capstone_Project/.venv/lib/python3.10/site-packages/airflow/example_dags/tutorial_objectstorage.py for tasks to queue
[2025-04-05T09:57:13.017+0100] {logging_mixin.py:190} INFO - [2025-04-05T09:57:13.017+0100] {dagbag.py:588} INFO - Filling up the DagBag from /home/Data_Professional/PycharmProjects/DE_Zoomcamp_Capstone_Project/.venv/lib/python3.10/site-packages/airflow/example_dags/tutorial_objectstorage.py
[2025-04-05T09:57:13.026+0100] {processor.py:925} INFO - DAG(s) 'tutorial_objectstorage' retrieved from /home/Data_Professional/PycharmProjects/DE_Zoomcamp_Capstone_Project/.venv/lib/python3.10/site-packages/airflow/example_dags/tutorial_objectstorage.py
[2025-04-05T09:57:13.038+0100] {logging_mixin.py:190} INFO - [2025-04-05T09:57:13.038+0100] {dag.py:3239} INFO - Sync 1 DAGs
[2025-04-05T09:57:13.049+0100] {logging_mixin.py:190} INFO - [2025-04-05T09:57:13.049+0100] {dag.py:4180} INFO - Setting next_dagrun for tutorial_objectstorage to None, run_after=None
[2025-04-05T09:57:13.066+0100] {processor.py:208} INFO - Processing /home/Data_Professional/PycharmProjects/DE_Zoomcamp_Capstone_Project/.venv/lib/python3.10/site-packages/airflow/example_dags/tutorial_objectstorage.py took 0.057 seconds
[2025-04-05T09:58:06.113+0100] {processor.py:186} INFO - Started process (PID=12332) to work on /home/Data_Professional/PycharmProjects/DE_Zoomcamp_Capstone_Project/.venv/lib/python3.10/site-packages/airflow/example_dags/tutorial_objectstorage.py
[2025-04-05T09:58:06.116+0100] {processor.py:914} INFO - Processing file /home/Data_Professional/PycharmProjects/DE_Zoomcamp_Capstone_Project/.venv/lib/python3.10/site-packages/airflow/example_dags/tutorial_objectstorage.py for tasks to queue
[2025-04-05T09:58:06.119+0100] {logging_mixin.py:190} INFO - [2025-04-05T09:58:06.118+0100] {dagbag.py:588} INFO - Filling up the DagBag from /home/Data_Professional/PycharmProjects/DE_Zoomcamp_Capstone_Project/.venv/lib/python3.10/site-packages/airflow/example_dags/tutorial_objectstorage.py
[2025-04-05T09:58:06.129+0100] {processor.py:925} INFO - DAG(s) 'tutorial_objectstorage' retrieved from /home/Data_Professional/PycharmProjects/DE_Zoomcamp_Capstone_Project/.venv/lib/python3.10/site-packages/airflow/example_dags/tutorial_objectstorage.py
[2025-04-05T09:58:06.142+0100] {logging_mixin.py:190} INFO - [2025-04-05T09:58:06.142+0100] {dag.py:3239} INFO - Sync 1 DAGs
[2025-04-05T09:58:06.152+0100] {logging_mixin.py:190} INFO - [2025-04-05T09:58:06.151+0100] {dag.py:4180} INFO - Setting next_dagrun for tutorial_objectstorage to None, run_after=None
[2025-04-05T09:58:06.168+0100] {processor.py:208} INFO - Processing /home/Data_Professional/PycharmProjects/DE_Zoomcamp_Capstone_Project/.venv/lib/python3.10/site-packages/airflow/example_dags/tutorial_objectstorage.py took 0.064 seconds
[2025-04-05T09:59:01.819+0100] {processor.py:186} INFO - Started process (PID=12397) to work on /home/Data_Professional/PycharmProjects/DE_Zoomcamp_Capstone_Project/.venv/lib/python3.10/site-packages/airflow/example_dags/tutorial_objectstorage.py
[2025-04-05T09:59:01.822+0100] {processor.py:914} INFO - Processing file /home/Data_Professional/PycharmProjects/DE_Zoomcamp_Capstone_Project/.venv/lib/python3.10/site-packages/airflow/example_dags/tutorial_objectstorage.py for tasks to queue
[2025-04-05T09:59:01.824+0100] {logging_mixin.py:190} INFO - [2025-04-05T09:59:01.823+0100] {dagbag.py:588} INFO - Filling up the DagBag from /home/Data_Professional/PycharmProjects/DE_Zoomcamp_Capstone_Project/.venv/lib/python3.10/site-packages/airflow/example_dags/tutorial_objectstorage.py
[2025-04-05T09:59:01.832+0100] {processor.py:925} INFO - DAG(s) 'tutorial_objectstorage' retrieved from /home/Data_Professional/PycharmProjects/DE_Zoomcamp_Capstone_Project/.venv/lib/python3.10/site-packages/airflow/example_dags/tutorial_objectstorage.py
[2025-04-05T09:59:01.845+0100] {logging_mixin.py:190} INFO - [2025-04-05T09:59:01.845+0100] {dag.py:3239} INFO - Sync 1 DAGs
[2025-04-05T09:59:01.855+0100] {logging_mixin.py:190} INFO - [2025-04-05T09:59:01.855+0100] {dag.py:4180} INFO - Setting next_dagrun for tutorial_objectstorage to None, run_after=None
[2025-04-05T09:59:01.871+0100] {processor.py:208} INFO - Processing /home/Data_Professional/PycharmProjects/DE_Zoomcamp_Capstone_Project/.venv/lib/python3.10/site-packages/airflow/example_dags/tutorial_objectstorage.py took 0.057 seconds
[2025-04-05T09:59:59.765+0100] {processor.py:186} INFO - Started process (PID=12568) to work on /home/Data_Professional/PycharmProjects/DE_Zoomcamp_Capstone_Project/.venv/lib/python3.10/site-packages/airflow/example_dags/tutorial_objectstorage.py
[2025-04-05T09:59:59.767+0100] {processor.py:914} INFO - Processing file /home/Data_Professional/PycharmProjects/DE_Zoomcamp_Capstone_Project/.venv/lib/python3.10/site-packages/airflow/example_dags/tutorial_objectstorage.py for tasks to queue
[2025-04-05T09:59:59.769+0100] {logging_mixin.py:190} INFO - [2025-04-05T09:59:59.768+0100] {dagbag.py:588} INFO - Filling up the DagBag from /home/Data_Professional/PycharmProjects/DE_Zoomcamp_Capstone_Project/.venv/lib/python3.10/site-packages/airflow/example_dags/tutorial_objectstorage.py
[2025-04-05T09:59:59.777+0100] {processor.py:925} INFO - DAG(s) 'tutorial_objectstorage' retrieved from /home/Data_Professional/PycharmProjects/DE_Zoomcamp_Capstone_Project/.venv/lib/python3.10/site-packages/airflow/example_dags/tutorial_objectstorage.py
[2025-04-05T09:59:59.789+0100] {logging_mixin.py:190} INFO - [2025-04-05T09:59:59.789+0100] {dag.py:3239} INFO - Sync 1 DAGs
[2025-04-05T09:59:59.801+0100] {logging_mixin.py:190} INFO - [2025-04-05T09:59:59.800+0100] {dag.py:4180} INFO - Setting next_dagrun for tutorial_objectstorage to None, run_after=None
[2025-04-05T09:59:59.819+0100] {processor.py:208} INFO - Processing /home/Data_Professional/PycharmProjects/DE_Zoomcamp_Capstone_Project/.venv/lib/python3.10/site-packages/airflow/example_dags/tutorial_objectstorage.py took 0.061 seconds
[2025-04-05T10:00:57.924+0100] {processor.py:186} INFO - Started process (PID=12837) to work on /home/Data_Professional/PycharmProjects/DE_Zoomcamp_Capstone_Project/.venv/lib/python3.10/site-packages/airflow/example_dags/tutorial_objectstorage.py
[2025-04-05T10:00:57.927+0100] {processor.py:914} INFO - Processing file /home/Data_Professional/PycharmProjects/DE_Zoomcamp_Capstone_Project/.venv/lib/python3.10/site-packages/airflow/example_dags/tutorial_objectstorage.py for tasks to queue
[2025-04-05T10:00:57.930+0100] {logging_mixin.py:190} INFO - [2025-04-05T10:00:57.930+0100] {dagbag.py:588} INFO - Filling up the DagBag from /home/Data_Professional/PycharmProjects/DE_Zoomcamp_Capstone_Project/.venv/lib/python3.10/site-packages/airflow/example_dags/tutorial_objectstorage.py
[2025-04-05T10:00:57.943+0100] {processor.py:925} INFO - DAG(s) 'tutorial_objectstorage' retrieved from /home/Data_Professional/PycharmProjects/DE_Zoomcamp_Capstone_Project/.venv/lib/python3.10/site-packages/airflow/example_dags/tutorial_objectstorage.py
[2025-04-05T10:00:57.956+0100] {logging_mixin.py:190} INFO - [2025-04-05T10:00:57.956+0100] {dag.py:3239} INFO - Sync 1 DAGs
[2025-04-05T10:00:57.966+0100] {logging_mixin.py:190} INFO - [2025-04-05T10:00:57.966+0100] {dag.py:4180} INFO - Setting next_dagrun for tutorial_objectstorage to None, run_after=None
[2025-04-05T10:00:57.982+0100] {processor.py:208} INFO - Processing /home/Data_Professional/PycharmProjects/DE_Zoomcamp_Capstone_Project/.venv/lib/python3.10/site-packages/airflow/example_dags/tutorial_objectstorage.py took 0.068 seconds
[2025-04-05T10:01:55.272+0100] {processor.py:186} INFO - Started process (PID=12930) to work on /home/Data_Professional/PycharmProjects/DE_Zoomcamp_Capstone_Project/.venv/lib/python3.10/site-packages/airflow/example_dags/tutorial_objectstorage.py
[2025-04-05T10:01:55.289+0100] {processor.py:914} INFO - Processing file /home/Data_Professional/PycharmProjects/DE_Zoomcamp_Capstone_Project/.venv/lib/python3.10/site-packages/airflow/example_dags/tutorial_objectstorage.py for tasks to queue
[2025-04-05T10:01:55.291+0100] {logging_mixin.py:190} INFO - [2025-04-05T10:01:55.291+0100] {dagbag.py:588} INFO - Filling up the DagBag from /home/Data_Professional/PycharmProjects/DE_Zoomcamp_Capstone_Project/.venv/lib/python3.10/site-packages/airflow/example_dags/tutorial_objectstorage.py
[2025-04-05T10:01:55.309+0100] {processor.py:925} INFO - DAG(s) 'tutorial_objectstorage' retrieved from /home/Data_Professional/PycharmProjects/DE_Zoomcamp_Capstone_Project/.venv/lib/python3.10/site-packages/airflow/example_dags/tutorial_objectstorage.py
[2025-04-05T10:01:55.327+0100] {logging_mixin.py:190} INFO - [2025-04-05T10:01:55.327+0100] {dag.py:3239} INFO - Sync 1 DAGs
[2025-04-05T10:01:55.346+0100] {logging_mixin.py:190} INFO - [2025-04-05T10:01:55.346+0100] {dag.py:4180} INFO - Setting next_dagrun for tutorial_objectstorage to None, run_after=None
[2025-04-05T10:01:55.383+0100] {processor.py:208} INFO - Processing /home/Data_Professional/PycharmProjects/DE_Zoomcamp_Capstone_Project/.venv/lib/python3.10/site-packages/airflow/example_dags/tutorial_objectstorage.py took 0.118 seconds
[2025-04-05T10:02:54.062+0100] {processor.py:186} INFO - Started process (PID=13094) to work on /home/Data_Professional/PycharmProjects/DE_Zoomcamp_Capstone_Project/.venv/lib/python3.10/site-packages/airflow/example_dags/tutorial_objectstorage.py
[2025-04-05T10:02:54.065+0100] {processor.py:914} INFO - Processing file /home/Data_Professional/PycharmProjects/DE_Zoomcamp_Capstone_Project/.venv/lib/python3.10/site-packages/airflow/example_dags/tutorial_objectstorage.py for tasks to queue
[2025-04-05T10:02:54.067+0100] {logging_mixin.py:190} INFO - [2025-04-05T10:02:54.067+0100] {dagbag.py:588} INFO - Filling up the DagBag from /home/Data_Professional/PycharmProjects/DE_Zoomcamp_Capstone_Project/.venv/lib/python3.10/site-packages/airflow/example_dags/tutorial_objectstorage.py
[2025-04-05T10:02:54.076+0100] {processor.py:925} INFO - DAG(s) 'tutorial_objectstorage' retrieved from /home/Data_Professional/PycharmProjects/DE_Zoomcamp_Capstone_Project/.venv/lib/python3.10/site-packages/airflow/example_dags/tutorial_objectstorage.py
[2025-04-05T10:02:54.088+0100] {logging_mixin.py:190} INFO - [2025-04-05T10:02:54.088+0100] {dag.py:3239} INFO - Sync 1 DAGs
[2025-04-05T10:02:54.099+0100] {logging_mixin.py:190} INFO - [2025-04-05T10:02:54.099+0100] {dag.py:4180} INFO - Setting next_dagrun for tutorial_objectstorage to None, run_after=None
[2025-04-05T10:02:54.119+0100] {processor.py:208} INFO - Processing /home/Data_Professional/PycharmProjects/DE_Zoomcamp_Capstone_Project/.venv/lib/python3.10/site-packages/airflow/example_dags/tutorial_objectstorage.py took 0.063 seconds
[2025-04-05T10:03:52.843+0100] {processor.py:186} INFO - Started process (PID=13168) to work on /home/Data_Professional/PycharmProjects/DE_Zoomcamp_Capstone_Project/.venv/lib/python3.10/site-packages/airflow/example_dags/tutorial_objectstorage.py
[2025-04-05T10:03:52.848+0100] {processor.py:914} INFO - Processing file /home/Data_Professional/PycharmProjects/DE_Zoomcamp_Capstone_Project/.venv/lib/python3.10/site-packages/airflow/example_dags/tutorial_objectstorage.py for tasks to queue
[2025-04-05T10:03:52.854+0100] {logging_mixin.py:190} INFO - [2025-04-05T10:03:52.852+0100] {dagbag.py:588} INFO - Filling up the DagBag from /home/Data_Professional/PycharmProjects/DE_Zoomcamp_Capstone_Project/.venv/lib/python3.10/site-packages/airflow/example_dags/tutorial_objectstorage.py
[2025-04-05T10:03:52.875+0100] {processor.py:925} INFO - DAG(s) 'tutorial_objectstorage' retrieved from /home/Data_Professional/PycharmProjects/DE_Zoomcamp_Capstone_Project/.venv/lib/python3.10/site-packages/airflow/example_dags/tutorial_objectstorage.py
[2025-04-05T10:03:52.894+0100] {logging_mixin.py:190} INFO - [2025-04-05T10:03:52.893+0100] {dag.py:3239} INFO - Sync 1 DAGs
[2025-04-05T10:03:52.908+0100] {logging_mixin.py:190} INFO - [2025-04-05T10:03:52.908+0100] {dag.py:4180} INFO - Setting next_dagrun for tutorial_objectstorage to None, run_after=None
[2025-04-05T10:03:52.925+0100] {processor.py:208} INFO - Processing /home/Data_Professional/PycharmProjects/DE_Zoomcamp_Capstone_Project/.venv/lib/python3.10/site-packages/airflow/example_dags/tutorial_objectstorage.py took 0.100 seconds
[2025-04-05T10:04:53.077+0100] {processor.py:186} INFO - Started process (PID=13369) to work on /home/Data_Professional/PycharmProjects/DE_Zoomcamp_Capstone_Project/.venv/lib/python3.10/site-packages/airflow/example_dags/tutorial_objectstorage.py
[2025-04-05T10:04:53.080+0100] {processor.py:914} INFO - Processing file /home/Data_Professional/PycharmProjects/DE_Zoomcamp_Capstone_Project/.venv/lib/python3.10/site-packages/airflow/example_dags/tutorial_objectstorage.py for tasks to queue
[2025-04-05T10:04:53.081+0100] {logging_mixin.py:190} INFO - [2025-04-05T10:04:53.081+0100] {dagbag.py:588} INFO - Filling up the DagBag from /home/Data_Professional/PycharmProjects/DE_Zoomcamp_Capstone_Project/.venv/lib/python3.10/site-packages/airflow/example_dags/tutorial_objectstorage.py
[2025-04-05T10:04:53.089+0100] {processor.py:925} INFO - DAG(s) 'tutorial_objectstorage' retrieved from /home/Data_Professional/PycharmProjects/DE_Zoomcamp_Capstone_Project/.venv/lib/python3.10/site-packages/airflow/example_dags/tutorial_objectstorage.py
[2025-04-05T10:04:53.102+0100] {logging_mixin.py:190} INFO - [2025-04-05T10:04:53.101+0100] {dag.py:3239} INFO - Sync 1 DAGs
[2025-04-05T10:04:53.111+0100] {logging_mixin.py:190} INFO - [2025-04-05T10:04:53.111+0100] {dag.py:4180} INFO - Setting next_dagrun for tutorial_objectstorage to None, run_after=None
[2025-04-05T10:04:53.128+0100] {processor.py:208} INFO - Processing /home/Data_Professional/PycharmProjects/DE_Zoomcamp_Capstone_Project/.venv/lib/python3.10/site-packages/airflow/example_dags/tutorial_objectstorage.py took 0.056 seconds
[2025-04-05T10:05:54.840+0100] {processor.py:186} INFO - Started process (PID=13613) to work on /home/Data_Professional/PycharmProjects/DE_Zoomcamp_Capstone_Project/.venv/lib/python3.10/site-packages/airflow/example_dags/tutorial_objectstorage.py
[2025-04-05T10:05:54.843+0100] {processor.py:914} INFO - Processing file /home/Data_Professional/PycharmProjects/DE_Zoomcamp_Capstone_Project/.venv/lib/python3.10/site-packages/airflow/example_dags/tutorial_objectstorage.py for tasks to queue
[2025-04-05T10:05:54.845+0100] {logging_mixin.py:190} INFO - [2025-04-05T10:05:54.844+0100] {dagbag.py:588} INFO - Filling up the DagBag from /home/Data_Professional/PycharmProjects/DE_Zoomcamp_Capstone_Project/.venv/lib/python3.10/site-packages/airflow/example_dags/tutorial_objectstorage.py
[2025-04-05T10:05:54.859+0100] {processor.py:925} INFO - DAG(s) 'tutorial_objectstorage' retrieved from /home/Data_Professional/PycharmProjects/DE_Zoomcamp_Capstone_Project/.venv/lib/python3.10/site-packages/airflow/example_dags/tutorial_objectstorage.py
[2025-04-05T10:05:54.874+0100] {logging_mixin.py:190} INFO - [2025-04-05T10:05:54.874+0100] {dag.py:3239} INFO - Sync 1 DAGs
[2025-04-05T10:05:54.884+0100] {logging_mixin.py:190} INFO - [2025-04-05T10:05:54.884+0100] {dag.py:4180} INFO - Setting next_dagrun for tutorial_objectstorage to None, run_after=None
[2025-04-05T10:05:54.900+0100] {processor.py:208} INFO - Processing /home/Data_Professional/PycharmProjects/DE_Zoomcamp_Capstone_Project/.venv/lib/python3.10/site-packages/airflow/example_dags/tutorial_objectstorage.py took 0.069 seconds
[2025-04-05T10:06:57.278+0100] {processor.py:186} INFO - Started process (PID=13811) to work on /home/Data_Professional/PycharmProjects/DE_Zoomcamp_Capstone_Project/.venv/lib/python3.10/site-packages/airflow/example_dags/tutorial_objectstorage.py
[2025-04-05T10:06:57.282+0100] {processor.py:914} INFO - Processing file /home/Data_Professional/PycharmProjects/DE_Zoomcamp_Capstone_Project/.venv/lib/python3.10/site-packages/airflow/example_dags/tutorial_objectstorage.py for tasks to queue
[2025-04-05T10:06:57.285+0100] {logging_mixin.py:190} INFO - [2025-04-05T10:06:57.284+0100] {dagbag.py:588} INFO - Filling up the DagBag from /home/Data_Professional/PycharmProjects/DE_Zoomcamp_Capstone_Project/.venv/lib/python3.10/site-packages/airflow/example_dags/tutorial_objectstorage.py
[2025-04-05T10:06:57.298+0100] {processor.py:925} INFO - DAG(s) 'tutorial_objectstorage' retrieved from /home/Data_Professional/PycharmProjects/DE_Zoomcamp_Capstone_Project/.venv/lib/python3.10/site-packages/airflow/example_dags/tutorial_objectstorage.py
[2025-04-05T10:06:57.311+0100] {logging_mixin.py:190} INFO - [2025-04-05T10:06:57.311+0100] {dag.py:3239} INFO - Sync 1 DAGs
[2025-04-05T10:06:57.322+0100] {logging_mixin.py:190} INFO - [2025-04-05T10:06:57.322+0100] {dag.py:4180} INFO - Setting next_dagrun for tutorial_objectstorage to None, run_after=None
[2025-04-05T10:06:57.339+0100] {processor.py:208} INFO - Processing /home/Data_Professional/PycharmProjects/DE_Zoomcamp_Capstone_Project/.venv/lib/python3.10/site-packages/airflow/example_dags/tutorial_objectstorage.py took 0.076 seconds
[2025-04-05T10:07:59.602+0100] {processor.py:186} INFO - Started process (PID=13983) to work on /home/Data_Professional/PycharmProjects/DE_Zoomcamp_Capstone_Project/.venv/lib/python3.10/site-packages/airflow/example_dags/tutorial_objectstorage.py
[2025-04-05T10:07:59.605+0100] {processor.py:914} INFO - Processing file /home/Data_Professional/PycharmProjects/DE_Zoomcamp_Capstone_Project/.venv/lib/python3.10/site-packages/airflow/example_dags/tutorial_objectstorage.py for tasks to queue
[2025-04-05T10:07:59.606+0100] {logging_mixin.py:190} INFO - [2025-04-05T10:07:59.606+0100] {dagbag.py:588} INFO - Filling up the DagBag from /home/Data_Professional/PycharmProjects/DE_Zoomcamp_Capstone_Project/.venv/lib/python3.10/site-packages/airflow/example_dags/tutorial_objectstorage.py
[2025-04-05T10:07:59.615+0100] {processor.py:925} INFO - DAG(s) 'tutorial_objectstorage' retrieved from /home/Data_Professional/PycharmProjects/DE_Zoomcamp_Capstone_Project/.venv/lib/python3.10/site-packages/airflow/example_dags/tutorial_objectstorage.py
[2025-04-05T10:07:59.627+0100] {logging_mixin.py:190} INFO - [2025-04-05T10:07:59.627+0100] {dag.py:3239} INFO - Sync 1 DAGs
[2025-04-05T10:07:59.638+0100] {logging_mixin.py:190} INFO - [2025-04-05T10:07:59.638+0100] {dag.py:4180} INFO - Setting next_dagrun for tutorial_objectstorage to None, run_after=None
[2025-04-05T10:07:59.657+0100] {processor.py:208} INFO - Processing /home/Data_Professional/PycharmProjects/DE_Zoomcamp_Capstone_Project/.venv/lib/python3.10/site-packages/airflow/example_dags/tutorial_objectstorage.py took 0.062 seconds
[2025-04-05T10:09:09.844+0100] {processor.py:186} INFO - Started process (PID=14299) to work on /home/Data_Professional/PycharmProjects/DE_Zoomcamp_Capstone_Project/.venv/lib/python3.10/site-packages/airflow/example_dags/tutorial_objectstorage.py
[2025-04-05T10:09:09.848+0100] {processor.py:914} INFO - Processing file /home/Data_Professional/PycharmProjects/DE_Zoomcamp_Capstone_Project/.venv/lib/python3.10/site-packages/airflow/example_dags/tutorial_objectstorage.py for tasks to queue
[2025-04-05T10:09:09.851+0100] {logging_mixin.py:190} INFO - [2025-04-05T10:09:09.850+0100] {dagbag.py:588} INFO - Filling up the DagBag from /home/Data_Professional/PycharmProjects/DE_Zoomcamp_Capstone_Project/.venv/lib/python3.10/site-packages/airflow/example_dags/tutorial_objectstorage.py
[2025-04-05T10:09:09.868+0100] {processor.py:925} INFO - DAG(s) 'tutorial_objectstorage' retrieved from /home/Data_Professional/PycharmProjects/DE_Zoomcamp_Capstone_Project/.venv/lib/python3.10/site-packages/airflow/example_dags/tutorial_objectstorage.py
[2025-04-05T10:09:09.882+0100] {logging_mixin.py:190} INFO - [2025-04-05T10:09:09.881+0100] {dag.py:3239} INFO - Sync 1 DAGs
[2025-04-05T10:09:09.892+0100] {logging_mixin.py:190} INFO - [2025-04-05T10:09:09.892+0100] {dag.py:4180} INFO - Setting next_dagrun for tutorial_objectstorage to None, run_after=None
[2025-04-05T10:09:09.908+0100] {processor.py:208} INFO - Processing /home/Data_Professional/PycharmProjects/DE_Zoomcamp_Capstone_Project/.venv/lib/python3.10/site-packages/airflow/example_dags/tutorial_objectstorage.py took 0.070 seconds
[2025-04-05T10:10:09.096+0100] {processor.py:186} INFO - Started process (PID=14434) to work on /home/Data_Professional/PycharmProjects/DE_Zoomcamp_Capstone_Project/.venv/lib/python3.10/site-packages/airflow/example_dags/tutorial_objectstorage.py
[2025-04-05T10:10:09.099+0100] {processor.py:914} INFO - Processing file /home/Data_Professional/PycharmProjects/DE_Zoomcamp_Capstone_Project/.venv/lib/python3.10/site-packages/airflow/example_dags/tutorial_objectstorage.py for tasks to queue
[2025-04-05T10:10:09.101+0100] {logging_mixin.py:190} INFO - [2025-04-05T10:10:09.100+0100] {dagbag.py:588} INFO - Filling up the DagBag from /home/Data_Professional/PycharmProjects/DE_Zoomcamp_Capstone_Project/.venv/lib/python3.10/site-packages/airflow/example_dags/tutorial_objectstorage.py
[2025-04-05T10:10:09.114+0100] {processor.py:925} INFO - DAG(s) 'tutorial_objectstorage' retrieved from /home/Data_Professional/PycharmProjects/DE_Zoomcamp_Capstone_Project/.venv/lib/python3.10/site-packages/airflow/example_dags/tutorial_objectstorage.py
[2025-04-05T10:10:09.133+0100] {logging_mixin.py:190} INFO - [2025-04-05T10:10:09.133+0100] {dag.py:3239} INFO - Sync 1 DAGs
[2025-04-05T10:10:09.147+0100] {logging_mixin.py:190} INFO - [2025-04-05T10:10:09.147+0100] {dag.py:4180} INFO - Setting next_dagrun for tutorial_objectstorage to None, run_after=None
[2025-04-05T10:10:09.167+0100] {processor.py:208} INFO - Processing /home/Data_Professional/PycharmProjects/DE_Zoomcamp_Capstone_Project/.venv/lib/python3.10/site-packages/airflow/example_dags/tutorial_objectstorage.py took 0.080 seconds
[2025-04-05T10:11:10.019+0100] {processor.py:186} INFO - Started process (PID=14597) to work on /home/Data_Professional/PycharmProjects/DE_Zoomcamp_Capstone_Project/.venv/lib/python3.10/site-packages/airflow/example_dags/tutorial_objectstorage.py
[2025-04-05T10:11:10.021+0100] {processor.py:914} INFO - Processing file /home/Data_Professional/PycharmProjects/DE_Zoomcamp_Capstone_Project/.venv/lib/python3.10/site-packages/airflow/example_dags/tutorial_objectstorage.py for tasks to queue
[2025-04-05T10:11:10.023+0100] {logging_mixin.py:190} INFO - [2025-04-05T10:11:10.022+0100] {dagbag.py:588} INFO - Filling up the DagBag from /home/Data_Professional/PycharmProjects/DE_Zoomcamp_Capstone_Project/.venv/lib/python3.10/site-packages/airflow/example_dags/tutorial_objectstorage.py
[2025-04-05T10:11:10.034+0100] {processor.py:925} INFO - DAG(s) 'tutorial_objectstorage' retrieved from /home/Data_Professional/PycharmProjects/DE_Zoomcamp_Capstone_Project/.venv/lib/python3.10/site-packages/airflow/example_dags/tutorial_objectstorage.py
[2025-04-05T10:11:10.050+0100] {logging_mixin.py:190} INFO - [2025-04-05T10:11:10.050+0100] {dag.py:3239} INFO - Sync 1 DAGs
[2025-04-05T10:11:10.066+0100] {logging_mixin.py:190} INFO - [2025-04-05T10:11:10.066+0100] {dag.py:4180} INFO - Setting next_dagrun for tutorial_objectstorage to None, run_after=None
[2025-04-05T10:11:10.090+0100] {processor.py:208} INFO - Processing /home/Data_Professional/PycharmProjects/DE_Zoomcamp_Capstone_Project/.venv/lib/python3.10/site-packages/airflow/example_dags/tutorial_objectstorage.py took 0.080 seconds
[2025-04-05T10:12:12.126+0100] {processor.py:186} INFO - Started process (PID=15009) to work on /home/Data_Professional/PycharmProjects/DE_Zoomcamp_Capstone_Project/.venv/lib/python3.10/site-packages/airflow/example_dags/tutorial_objectstorage.py
[2025-04-05T10:12:12.129+0100] {processor.py:914} INFO - Processing file /home/Data_Professional/PycharmProjects/DE_Zoomcamp_Capstone_Project/.venv/lib/python3.10/site-packages/airflow/example_dags/tutorial_objectstorage.py for tasks to queue
[2025-04-05T10:12:12.130+0100] {logging_mixin.py:190} INFO - [2025-04-05T10:12:12.130+0100] {dagbag.py:588} INFO - Filling up the DagBag from /home/Data_Professional/PycharmProjects/DE_Zoomcamp_Capstone_Project/.venv/lib/python3.10/site-packages/airflow/example_dags/tutorial_objectstorage.py
[2025-04-05T10:12:12.138+0100] {processor.py:925} INFO - DAG(s) 'tutorial_objectstorage' retrieved from /home/Data_Professional/PycharmProjects/DE_Zoomcamp_Capstone_Project/.venv/lib/python3.10/site-packages/airflow/example_dags/tutorial_objectstorage.py
[2025-04-05T10:12:12.149+0100] {logging_mixin.py:190} INFO - [2025-04-05T10:12:12.149+0100] {dag.py:3239} INFO - Sync 1 DAGs
[2025-04-05T10:12:12.160+0100] {logging_mixin.py:190} INFO - [2025-04-05T10:12:12.159+0100] {dag.py:4180} INFO - Setting next_dagrun for tutorial_objectstorage to None, run_after=None
[2025-04-05T10:12:12.177+0100] {processor.py:208} INFO - Processing /home/Data_Professional/PycharmProjects/DE_Zoomcamp_Capstone_Project/.venv/lib/python3.10/site-packages/airflow/example_dags/tutorial_objectstorage.py took 0.058 seconds
[2025-04-05T10:13:14.377+0100] {processor.py:186} INFO - Started process (PID=15103) to work on /home/Data_Professional/PycharmProjects/DE_Zoomcamp_Capstone_Project/.venv/lib/python3.10/site-packages/airflow/example_dags/tutorial_objectstorage.py
[2025-04-05T10:13:14.380+0100] {processor.py:914} INFO - Processing file /home/Data_Professional/PycharmProjects/DE_Zoomcamp_Capstone_Project/.venv/lib/python3.10/site-packages/airflow/example_dags/tutorial_objectstorage.py for tasks to queue
[2025-04-05T10:13:14.381+0100] {logging_mixin.py:190} INFO - [2025-04-05T10:13:14.380+0100] {dagbag.py:588} INFO - Filling up the DagBag from /home/Data_Professional/PycharmProjects/DE_Zoomcamp_Capstone_Project/.venv/lib/python3.10/site-packages/airflow/example_dags/tutorial_objectstorage.py
[2025-04-05T10:13:14.390+0100] {processor.py:925} INFO - DAG(s) 'tutorial_objectstorage' retrieved from /home/Data_Professional/PycharmProjects/DE_Zoomcamp_Capstone_Project/.venv/lib/python3.10/site-packages/airflow/example_dags/tutorial_objectstorage.py
[2025-04-05T10:13:14.402+0100] {logging_mixin.py:190} INFO - [2025-04-05T10:13:14.402+0100] {dag.py:3239} INFO - Sync 1 DAGs
[2025-04-05T10:13:14.413+0100] {logging_mixin.py:190} INFO - [2025-04-05T10:13:14.413+0100] {dag.py:4180} INFO - Setting next_dagrun for tutorial_objectstorage to None, run_after=None
[2025-04-05T10:13:14.430+0100] {processor.py:208} INFO - Processing /home/Data_Professional/PycharmProjects/DE_Zoomcamp_Capstone_Project/.venv/lib/python3.10/site-packages/airflow/example_dags/tutorial_objectstorage.py took 0.060 seconds
[2025-04-05T10:14:09.819+0100] {processor.py:186} INFO - Started process (PID=15186) to work on /home/Data_Professional/PycharmProjects/DE_Zoomcamp_Capstone_Project/.venv/lib/python3.10/site-packages/airflow/example_dags/tutorial_objectstorage.py
[2025-04-05T10:14:09.823+0100] {processor.py:914} INFO - Processing file /home/Data_Professional/PycharmProjects/DE_Zoomcamp_Capstone_Project/.venv/lib/python3.10/site-packages/airflow/example_dags/tutorial_objectstorage.py for tasks to queue
[2025-04-05T10:14:09.825+0100] {logging_mixin.py:190} INFO - [2025-04-05T10:14:09.825+0100] {dagbag.py:588} INFO - Filling up the DagBag from /home/Data_Professional/PycharmProjects/DE_Zoomcamp_Capstone_Project/.venv/lib/python3.10/site-packages/airflow/example_dags/tutorial_objectstorage.py
[2025-04-05T10:14:09.842+0100] {processor.py:925} INFO - DAG(s) 'tutorial_objectstorage' retrieved from /home/Data_Professional/PycharmProjects/DE_Zoomcamp_Capstone_Project/.venv/lib/python3.10/site-packages/airflow/example_dags/tutorial_objectstorage.py
[2025-04-05T10:14:09.857+0100] {logging_mixin.py:190} INFO - [2025-04-05T10:14:09.857+0100] {dag.py:3239} INFO - Sync 1 DAGs
[2025-04-05T10:14:09.867+0100] {logging_mixin.py:190} INFO - [2025-04-05T10:14:09.867+0100] {dag.py:4180} INFO - Setting next_dagrun for tutorial_objectstorage to None, run_after=None
[2025-04-05T10:14:09.884+0100] {processor.py:208} INFO - Processing /home/Data_Professional/PycharmProjects/DE_Zoomcamp_Capstone_Project/.venv/lib/python3.10/site-packages/airflow/example_dags/tutorial_objectstorage.py took 0.076 seconds
[2025-04-05T12:24:10.763+0100] {processor.py:186} INFO - Started process (PID=15536) to work on /home/Data_Professional/PycharmProjects/DE_Zoomcamp_Capstone_Project/.venv/lib/python3.10/site-packages/airflow/example_dags/tutorial_objectstorage.py
[2025-04-05T12:24:10.765+0100] {processor.py:914} INFO - Processing file /home/Data_Professional/PycharmProjects/DE_Zoomcamp_Capstone_Project/.venv/lib/python3.10/site-packages/airflow/example_dags/tutorial_objectstorage.py for tasks to queue
[2025-04-05T12:24:10.767+0100] {logging_mixin.py:190} INFO - [2025-04-05T12:24:10.766+0100] {dagbag.py:588} INFO - Filling up the DagBag from /home/Data_Professional/PycharmProjects/DE_Zoomcamp_Capstone_Project/.venv/lib/python3.10/site-packages/airflow/example_dags/tutorial_objectstorage.py
[2025-04-05T12:24:10.776+0100] {processor.py:925} INFO - DAG(s) 'tutorial_objectstorage' retrieved from /home/Data_Professional/PycharmProjects/DE_Zoomcamp_Capstone_Project/.venv/lib/python3.10/site-packages/airflow/example_dags/tutorial_objectstorage.py
[2025-04-05T12:24:10.788+0100] {logging_mixin.py:190} INFO - [2025-04-05T12:24:10.788+0100] {dag.py:3239} INFO - Sync 1 DAGs
[2025-04-05T12:24:10.800+0100] {logging_mixin.py:190} INFO - [2025-04-05T12:24:10.799+0100] {dag.py:4180} INFO - Setting next_dagrun for tutorial_objectstorage to None, run_after=None
[2025-04-05T12:24:10.817+0100] {processor.py:208} INFO - Processing /home/Data_Professional/PycharmProjects/DE_Zoomcamp_Capstone_Project/.venv/lib/python3.10/site-packages/airflow/example_dags/tutorial_objectstorage.py took 0.063 seconds
