[2025-04-05T09:52:16.292+0100] {processor.py:186} INFO - Started process (PID=11636) to work on /home/Data_Professional/PycharmProjects/DE_Zoomcamp_Capstone_Project/.venv/lib/python3.10/site-packages/airflow/example_dags/tutorial_taskflow_api.py
[2025-04-05T09:52:16.293+0100] {processor.py:914} INFO - Processing file /home/Data_Professional/PycharmProjects/DE_Zoomcamp_Capstone_Project/.venv/lib/python3.10/site-packages/airflow/example_dags/tutorial_taskflow_api.py for tasks to queue
[2025-04-05T09:52:16.295+0100] {logging_mixin.py:190} INFO - [2025-04-05T09:52:16.295+0100] {dagbag.py:588} INFO - Filling up the DagBag from /home/Data_Professional/PycharmProjects/DE_Zoomcamp_Capstone_Project/.venv/lib/python3.10/site-packages/airflow/example_dags/tutorial_taskflow_api.py
[2025-04-05T09:52:16.304+0100] {processor.py:925} INFO - DAG(s) 'tutorial_taskflow_api' retrieved from /home/Data_Professional/PycharmProjects/DE_Zoomcamp_Capstone_Project/.venv/lib/python3.10/site-packages/airflow/example_dags/tutorial_taskflow_api.py
[2025-04-05T09:52:16.391+0100] {logging_mixin.py:190} INFO - [2025-04-05T09:52:16.390+0100] {override.py:1912} INFO - Created Permission View: can read on DAG:tutorial_taskflow_api
[2025-04-05T09:52:16.399+0100] {logging_mixin.py:190} INFO - [2025-04-05T09:52:16.399+0100] {override.py:1912} INFO - Created Permission View: can edit on DAG:tutorial_taskflow_api
[2025-04-05T09:52:16.406+0100] {logging_mixin.py:190} INFO - [2025-04-05T09:52:16.406+0100] {override.py:1912} INFO - Created Permission View: can delete on DAG:tutorial_taskflow_api
[2025-04-05T09:52:16.418+0100] {logging_mixin.py:190} INFO - [2025-04-05T09:52:16.418+0100] {override.py:1912} INFO - Created Permission View: can read on DAG Run:tutorial_taskflow_api
[2025-04-05T09:52:16.425+0100] {logging_mixin.py:190} INFO - [2025-04-05T09:52:16.425+0100] {override.py:1912} INFO - Created Permission View: menu access on DAG Run:tutorial_taskflow_api
[2025-04-05T09:52:16.432+0100] {logging_mixin.py:190} INFO - [2025-04-05T09:52:16.431+0100] {override.py:1912} INFO - Created Permission View: can create on DAG Run:tutorial_taskflow_api
[2025-04-05T09:52:16.438+0100] {logging_mixin.py:190} INFO - [2025-04-05T09:52:16.438+0100] {override.py:1912} INFO - Created Permission View: can delete on DAG Run:tutorial_taskflow_api
[2025-04-05T09:52:16.438+0100] {logging_mixin.py:190} INFO - [2025-04-05T09:52:16.438+0100] {dag.py:3239} INFO - Sync 1 DAGs
[2025-04-05T09:52:16.448+0100] {logging_mixin.py:190} INFO - [2025-04-05T09:52:16.448+0100] {dag.py:3262} INFO - Creating ORM DAG for tutorial_taskflow_api
[2025-04-05T09:52:16.448+0100] {logging_mixin.py:190} INFO - [2025-04-05T09:52:16.448+0100] {dag.py:4180} INFO - Setting next_dagrun for tutorial_taskflow_api to None, run_after=None
[2025-04-05T09:52:16.463+0100] {processor.py:208} INFO - Processing /home/Data_Professional/PycharmProjects/DE_Zoomcamp_Capstone_Project/.venv/lib/python3.10/site-packages/airflow/example_dags/tutorial_taskflow_api.py took 0.178 seconds
[2025-04-05T09:55:10.251+0100] {processor.py:186} INFO - Started process (PID=11789) to work on /home/Data_Professional/PycharmProjects/DE_Zoomcamp_Capstone_Project/.venv/lib/python3.10/site-packages/airflow/example_dags/tutorial_taskflow_api.py
[2025-04-05T09:55:10.256+0100] {processor.py:914} INFO - Processing file /home/Data_Professional/PycharmProjects/DE_Zoomcamp_Capstone_Project/.venv/lib/python3.10/site-packages/airflow/example_dags/tutorial_taskflow_api.py for tasks to queue
[2025-04-05T09:55:10.259+0100] {logging_mixin.py:190} INFO - [2025-04-05T09:55:10.258+0100] {dagbag.py:588} INFO - Filling up the DagBag from /home/Data_Professional/PycharmProjects/DE_Zoomcamp_Capstone_Project/.venv/lib/python3.10/site-packages/airflow/example_dags/tutorial_taskflow_api.py
[2025-04-05T09:55:10.269+0100] {processor.py:925} INFO - DAG(s) 'tutorial_taskflow_api' retrieved from /home/Data_Professional/PycharmProjects/DE_Zoomcamp_Capstone_Project/.venv/lib/python3.10/site-packages/airflow/example_dags/tutorial_taskflow_api.py
[2025-04-05T09:55:10.297+0100] {logging_mixin.py:190} INFO - [2025-04-05T09:55:10.297+0100] {dag.py:3239} INFO - Sync 1 DAGs
[2025-04-05T09:55:10.330+0100] {logging_mixin.py:190} INFO - [2025-04-05T09:55:10.330+0100] {dag.py:4180} INFO - Setting next_dagrun for tutorial_taskflow_api to None, run_after=None
[2025-04-05T09:55:10.374+0100] {processor.py:208} INFO - Processing /home/Data_Professional/PycharmProjects/DE_Zoomcamp_Capstone_Project/.venv/lib/python3.10/site-packages/airflow/example_dags/tutorial_taskflow_api.py took 0.141 seconds
[2025-04-05T09:56:17.269+0100] {processor.py:186} INFO - Started process (PID=12121) to work on /home/Data_Professional/PycharmProjects/DE_Zoomcamp_Capstone_Project/.venv/lib/python3.10/site-packages/airflow/example_dags/tutorial_taskflow_api.py
[2025-04-05T09:56:17.272+0100] {processor.py:914} INFO - Processing file /home/Data_Professional/PycharmProjects/DE_Zoomcamp_Capstone_Project/.venv/lib/python3.10/site-packages/airflow/example_dags/tutorial_taskflow_api.py for tasks to queue
[2025-04-05T09:56:17.275+0100] {logging_mixin.py:190} INFO - [2025-04-05T09:56:17.274+0100] {dagbag.py:588} INFO - Filling up the DagBag from /home/Data_Professional/PycharmProjects/DE_Zoomcamp_Capstone_Project/.venv/lib/python3.10/site-packages/airflow/example_dags/tutorial_taskflow_api.py
[2025-04-05T09:56:17.285+0100] {processor.py:925} INFO - DAG(s) 'tutorial_taskflow_api' retrieved from /home/Data_Professional/PycharmProjects/DE_Zoomcamp_Capstone_Project/.venv/lib/python3.10/site-packages/airflow/example_dags/tutorial_taskflow_api.py
[2025-04-05T09:56:17.297+0100] {logging_mixin.py:190} INFO - [2025-04-05T09:56:17.297+0100] {dag.py:3239} INFO - Sync 1 DAGs
[2025-04-05T09:56:17.307+0100] {logging_mixin.py:190} INFO - [2025-04-05T09:56:17.307+0100] {dag.py:4180} INFO - Setting next_dagrun for tutorial_taskflow_api to None, run_after=None
[2025-04-05T09:56:17.323+0100] {processor.py:208} INFO - Processing /home/Data_Professional/PycharmProjects/DE_Zoomcamp_Capstone_Project/.venv/lib/python3.10/site-packages/airflow/example_dags/tutorial_taskflow_api.py took 0.062 seconds
[2025-04-05T09:57:14.178+0100] {processor.py:186} INFO - Started process (PID=12270) to work on /home/Data_Professional/PycharmProjects/DE_Zoomcamp_Capstone_Project/.venv/lib/python3.10/site-packages/airflow/example_dags/tutorial_taskflow_api.py
[2025-04-05T09:57:14.182+0100] {processor.py:914} INFO - Processing file /home/Data_Professional/PycharmProjects/DE_Zoomcamp_Capstone_Project/.venv/lib/python3.10/site-packages/airflow/example_dags/tutorial_taskflow_api.py for tasks to queue
[2025-04-05T09:57:14.186+0100] {logging_mixin.py:190} INFO - [2025-04-05T09:57:14.185+0100] {dagbag.py:588} INFO - Filling up the DagBag from /home/Data_Professional/PycharmProjects/DE_Zoomcamp_Capstone_Project/.venv/lib/python3.10/site-packages/airflow/example_dags/tutorial_taskflow_api.py
[2025-04-05T09:57:14.199+0100] {processor.py:925} INFO - DAG(s) 'tutorial_taskflow_api' retrieved from /home/Data_Professional/PycharmProjects/DE_Zoomcamp_Capstone_Project/.venv/lib/python3.10/site-packages/airflow/example_dags/tutorial_taskflow_api.py
[2025-04-05T09:57:14.213+0100] {logging_mixin.py:190} INFO - [2025-04-05T09:57:14.213+0100] {dag.py:3239} INFO - Sync 1 DAGs
[2025-04-05T09:57:14.223+0100] {logging_mixin.py:190} INFO - [2025-04-05T09:57:14.223+0100] {dag.py:4180} INFO - Setting next_dagrun for tutorial_taskflow_api to None, run_after=None
[2025-04-05T09:57:14.239+0100] {processor.py:208} INFO - Processing /home/Data_Professional/PycharmProjects/DE_Zoomcamp_Capstone_Project/.venv/lib/python3.10/site-packages/airflow/example_dags/tutorial_taskflow_api.py took 0.073 seconds
[2025-04-05T09:58:07.277+0100] {processor.py:186} INFO - Started process (PID=12334) to work on /home/Data_Professional/PycharmProjects/DE_Zoomcamp_Capstone_Project/.venv/lib/python3.10/site-packages/airflow/example_dags/tutorial_taskflow_api.py
[2025-04-05T09:58:07.281+0100] {processor.py:914} INFO - Processing file /home/Data_Professional/PycharmProjects/DE_Zoomcamp_Capstone_Project/.venv/lib/python3.10/site-packages/airflow/example_dags/tutorial_taskflow_api.py for tasks to queue
[2025-04-05T09:58:07.286+0100] {logging_mixin.py:190} INFO - [2025-04-05T09:58:07.285+0100] {dagbag.py:588} INFO - Filling up the DagBag from /home/Data_Professional/PycharmProjects/DE_Zoomcamp_Capstone_Project/.venv/lib/python3.10/site-packages/airflow/example_dags/tutorial_taskflow_api.py
[2025-04-05T09:58:07.299+0100] {processor.py:925} INFO - DAG(s) 'tutorial_taskflow_api' retrieved from /home/Data_Professional/PycharmProjects/DE_Zoomcamp_Capstone_Project/.venv/lib/python3.10/site-packages/airflow/example_dags/tutorial_taskflow_api.py
[2025-04-05T09:58:07.314+0100] {logging_mixin.py:190} INFO - [2025-04-05T09:58:07.313+0100] {dag.py:3239} INFO - Sync 1 DAGs
[2025-04-05T09:58:07.324+0100] {logging_mixin.py:190} INFO - [2025-04-05T09:58:07.324+0100] {dag.py:4180} INFO - Setting next_dagrun for tutorial_taskflow_api to None, run_after=None
[2025-04-05T09:58:07.353+0100] {processor.py:208} INFO - Processing /home/Data_Professional/PycharmProjects/DE_Zoomcamp_Capstone_Project/.venv/lib/python3.10/site-packages/airflow/example_dags/tutorial_taskflow_api.py took 0.093 seconds
[2025-04-05T09:59:02.992+0100] {processor.py:186} INFO - Started process (PID=12399) to work on /home/Data_Professional/PycharmProjects/DE_Zoomcamp_Capstone_Project/.venv/lib/python3.10/site-packages/airflow/example_dags/tutorial_taskflow_api.py
[2025-04-05T09:59:02.994+0100] {processor.py:914} INFO - Processing file /home/Data_Professional/PycharmProjects/DE_Zoomcamp_Capstone_Project/.venv/lib/python3.10/site-packages/airflow/example_dags/tutorial_taskflow_api.py for tasks to queue
[2025-04-05T09:59:02.996+0100] {logging_mixin.py:190} INFO - [2025-04-05T09:59:02.995+0100] {dagbag.py:588} INFO - Filling up the DagBag from /home/Data_Professional/PycharmProjects/DE_Zoomcamp_Capstone_Project/.venv/lib/python3.10/site-packages/airflow/example_dags/tutorial_taskflow_api.py
[2025-04-05T09:59:03.002+0100] {processor.py:925} INFO - DAG(s) 'tutorial_taskflow_api' retrieved from /home/Data_Professional/PycharmProjects/DE_Zoomcamp_Capstone_Project/.venv/lib/python3.10/site-packages/airflow/example_dags/tutorial_taskflow_api.py
[2025-04-05T09:59:03.013+0100] {logging_mixin.py:190} INFO - [2025-04-05T09:59:03.013+0100] {dag.py:3239} INFO - Sync 1 DAGs
[2025-04-05T09:59:03.023+0100] {logging_mixin.py:190} INFO - [2025-04-05T09:59:03.023+0100] {dag.py:4180} INFO - Setting next_dagrun for tutorial_taskflow_api to None, run_after=None
[2025-04-05T09:59:03.040+0100] {processor.py:208} INFO - Processing /home/Data_Professional/PycharmProjects/DE_Zoomcamp_Capstone_Project/.venv/lib/python3.10/site-packages/airflow/example_dags/tutorial_taskflow_api.py took 0.053 seconds
[2025-04-05T10:00:00.910+0100] {processor.py:186} INFO - Started process (PID=12569) to work on /home/Data_Professional/PycharmProjects/DE_Zoomcamp_Capstone_Project/.venv/lib/python3.10/site-packages/airflow/example_dags/tutorial_taskflow_api.py
[2025-04-05T10:00:00.911+0100] {processor.py:914} INFO - Processing file /home/Data_Professional/PycharmProjects/DE_Zoomcamp_Capstone_Project/.venv/lib/python3.10/site-packages/airflow/example_dags/tutorial_taskflow_api.py for tasks to queue
[2025-04-05T10:00:00.913+0100] {logging_mixin.py:190} INFO - [2025-04-05T10:00:00.912+0100] {dagbag.py:588} INFO - Filling up the DagBag from /home/Data_Professional/PycharmProjects/DE_Zoomcamp_Capstone_Project/.venv/lib/python3.10/site-packages/airflow/example_dags/tutorial_taskflow_api.py
[2025-04-05T10:00:00.919+0100] {processor.py:925} INFO - DAG(s) 'tutorial_taskflow_api' retrieved from /home/Data_Professional/PycharmProjects/DE_Zoomcamp_Capstone_Project/.venv/lib/python3.10/site-packages/airflow/example_dags/tutorial_taskflow_api.py
[2025-04-05T10:00:00.932+0100] {logging_mixin.py:190} INFO - [2025-04-05T10:00:00.932+0100] {dag.py:3239} INFO - Sync 1 DAGs
[2025-04-05T10:00:00.944+0100] {logging_mixin.py:190} INFO - [2025-04-05T10:00:00.944+0100] {dag.py:4180} INFO - Setting next_dagrun for tutorial_taskflow_api to None, run_after=None
[2025-04-05T10:00:00.963+0100] {processor.py:208} INFO - Processing /home/Data_Professional/PycharmProjects/DE_Zoomcamp_Capstone_Project/.venv/lib/python3.10/site-packages/airflow/example_dags/tutorial_taskflow_api.py took 0.058 seconds
[2025-04-05T10:00:59.120+0100] {processor.py:186} INFO - Started process (PID=12838) to work on /home/Data_Professional/PycharmProjects/DE_Zoomcamp_Capstone_Project/.venv/lib/python3.10/site-packages/airflow/example_dags/tutorial_taskflow_api.py
[2025-04-05T10:00:59.124+0100] {processor.py:914} INFO - Processing file /home/Data_Professional/PycharmProjects/DE_Zoomcamp_Capstone_Project/.venv/lib/python3.10/site-packages/airflow/example_dags/tutorial_taskflow_api.py for tasks to queue
[2025-04-05T10:00:59.130+0100] {logging_mixin.py:190} INFO - [2025-04-05T10:00:59.129+0100] {dagbag.py:588} INFO - Filling up the DagBag from /home/Data_Professional/PycharmProjects/DE_Zoomcamp_Capstone_Project/.venv/lib/python3.10/site-packages/airflow/example_dags/tutorial_taskflow_api.py
[2025-04-05T10:00:59.143+0100] {processor.py:925} INFO - DAG(s) 'tutorial_taskflow_api' retrieved from /home/Data_Professional/PycharmProjects/DE_Zoomcamp_Capstone_Project/.venv/lib/python3.10/site-packages/airflow/example_dags/tutorial_taskflow_api.py
[2025-04-05T10:00:59.158+0100] {logging_mixin.py:190} INFO - [2025-04-05T10:00:59.157+0100] {dag.py:3239} INFO - Sync 1 DAGs
[2025-04-05T10:00:59.175+0100] {logging_mixin.py:190} INFO - [2025-04-05T10:00:59.175+0100] {dag.py:4180} INFO - Setting next_dagrun for tutorial_taskflow_api to None, run_after=None
[2025-04-05T10:00:59.200+0100] {processor.py:208} INFO - Processing /home/Data_Professional/PycharmProjects/DE_Zoomcamp_Capstone_Project/.venv/lib/python3.10/site-packages/airflow/example_dags/tutorial_taskflow_api.py took 0.096 seconds
[2025-04-05T10:01:55.973+0100] {processor.py:186} INFO - Started process (PID=12949) to work on /home/Data_Professional/PycharmProjects/DE_Zoomcamp_Capstone_Project/.venv/lib/python3.10/site-packages/airflow/example_dags/tutorial_taskflow_api.py
[2025-04-05T10:01:55.980+0100] {processor.py:914} INFO - Processing file /home/Data_Professional/PycharmProjects/DE_Zoomcamp_Capstone_Project/.venv/lib/python3.10/site-packages/airflow/example_dags/tutorial_taskflow_api.py for tasks to queue
[2025-04-05T10:01:55.983+0100] {logging_mixin.py:190} INFO - [2025-04-05T10:01:55.982+0100] {dagbag.py:588} INFO - Filling up the DagBag from /home/Data_Professional/PycharmProjects/DE_Zoomcamp_Capstone_Project/.venv/lib/python3.10/site-packages/airflow/example_dags/tutorial_taskflow_api.py
[2025-04-05T10:01:55.999+0100] {processor.py:925} INFO - DAG(s) 'tutorial_taskflow_api' retrieved from /home/Data_Professional/PycharmProjects/DE_Zoomcamp_Capstone_Project/.venv/lib/python3.10/site-packages/airflow/example_dags/tutorial_taskflow_api.py
[2025-04-05T10:01:56.013+0100] {logging_mixin.py:190} INFO - [2025-04-05T10:01:56.012+0100] {dag.py:3239} INFO - Sync 1 DAGs
[2025-04-05T10:01:56.026+0100] {logging_mixin.py:190} INFO - [2025-04-05T10:01:56.025+0100] {dag.py:4180} INFO - Setting next_dagrun for tutorial_taskflow_api to None, run_after=None
[2025-04-05T10:01:56.048+0100] {processor.py:208} INFO - Processing /home/Data_Professional/PycharmProjects/DE_Zoomcamp_Capstone_Project/.venv/lib/python3.10/site-packages/airflow/example_dags/tutorial_taskflow_api.py took 0.083 seconds
[2025-04-05T10:02:55.208+0100] {processor.py:186} INFO - Started process (PID=13095) to work on /home/Data_Professional/PycharmProjects/DE_Zoomcamp_Capstone_Project/.venv/lib/python3.10/site-packages/airflow/example_dags/tutorial_taskflow_api.py
[2025-04-05T10:02:55.209+0100] {processor.py:914} INFO - Processing file /home/Data_Professional/PycharmProjects/DE_Zoomcamp_Capstone_Project/.venv/lib/python3.10/site-packages/airflow/example_dags/tutorial_taskflow_api.py for tasks to queue
[2025-04-05T10:02:55.211+0100] {logging_mixin.py:190} INFO - [2025-04-05T10:02:55.210+0100] {dagbag.py:588} INFO - Filling up the DagBag from /home/Data_Professional/PycharmProjects/DE_Zoomcamp_Capstone_Project/.venv/lib/python3.10/site-packages/airflow/example_dags/tutorial_taskflow_api.py
[2025-04-05T10:02:55.220+0100] {processor.py:925} INFO - DAG(s) 'tutorial_taskflow_api' retrieved from /home/Data_Professional/PycharmProjects/DE_Zoomcamp_Capstone_Project/.venv/lib/python3.10/site-packages/airflow/example_dags/tutorial_taskflow_api.py
[2025-04-05T10:02:55.237+0100] {logging_mixin.py:190} INFO - [2025-04-05T10:02:55.237+0100] {dag.py:3239} INFO - Sync 1 DAGs
[2025-04-05T10:02:55.253+0100] {logging_mixin.py:190} INFO - [2025-04-05T10:02:55.253+0100] {dag.py:4180} INFO - Setting next_dagrun for tutorial_taskflow_api to None, run_after=None
[2025-04-05T10:02:55.281+0100] {processor.py:208} INFO - Processing /home/Data_Professional/PycharmProjects/DE_Zoomcamp_Capstone_Project/.venv/lib/python3.10/site-packages/airflow/example_dags/tutorial_taskflow_api.py took 0.080 seconds
[2025-04-05T10:03:54.131+0100] {processor.py:186} INFO - Started process (PID=13169) to work on /home/Data_Professional/PycharmProjects/DE_Zoomcamp_Capstone_Project/.venv/lib/python3.10/site-packages/airflow/example_dags/tutorial_taskflow_api.py
[2025-04-05T10:03:54.134+0100] {processor.py:914} INFO - Processing file /home/Data_Professional/PycharmProjects/DE_Zoomcamp_Capstone_Project/.venv/lib/python3.10/site-packages/airflow/example_dags/tutorial_taskflow_api.py for tasks to queue
[2025-04-05T10:03:54.137+0100] {logging_mixin.py:190} INFO - [2025-04-05T10:03:54.136+0100] {dagbag.py:588} INFO - Filling up the DagBag from /home/Data_Professional/PycharmProjects/DE_Zoomcamp_Capstone_Project/.venv/lib/python3.10/site-packages/airflow/example_dags/tutorial_taskflow_api.py
[2025-04-05T10:03:54.146+0100] {processor.py:925} INFO - DAG(s) 'tutorial_taskflow_api' retrieved from /home/Data_Professional/PycharmProjects/DE_Zoomcamp_Capstone_Project/.venv/lib/python3.10/site-packages/airflow/example_dags/tutorial_taskflow_api.py
[2025-04-05T10:03:54.159+0100] {logging_mixin.py:190} INFO - [2025-04-05T10:03:54.159+0100] {dag.py:3239} INFO - Sync 1 DAGs
[2025-04-05T10:03:54.170+0100] {logging_mixin.py:190} INFO - [2025-04-05T10:03:54.169+0100] {dag.py:4180} INFO - Setting next_dagrun for tutorial_taskflow_api to None, run_after=None
[2025-04-05T10:03:54.186+0100] {processor.py:208} INFO - Processing /home/Data_Professional/PycharmProjects/DE_Zoomcamp_Capstone_Project/.venv/lib/python3.10/site-packages/airflow/example_dags/tutorial_taskflow_api.py took 0.063 seconds
[2025-04-05T10:04:54.232+0100] {processor.py:186} INFO - Started process (PID=13387) to work on /home/Data_Professional/PycharmProjects/DE_Zoomcamp_Capstone_Project/.venv/lib/python3.10/site-packages/airflow/example_dags/tutorial_taskflow_api.py
[2025-04-05T10:04:54.233+0100] {processor.py:914} INFO - Processing file /home/Data_Professional/PycharmProjects/DE_Zoomcamp_Capstone_Project/.venv/lib/python3.10/site-packages/airflow/example_dags/tutorial_taskflow_api.py for tasks to queue
[2025-04-05T10:04:54.236+0100] {logging_mixin.py:190} INFO - [2025-04-05T10:04:54.235+0100] {dagbag.py:588} INFO - Filling up the DagBag from /home/Data_Professional/PycharmProjects/DE_Zoomcamp_Capstone_Project/.venv/lib/python3.10/site-packages/airflow/example_dags/tutorial_taskflow_api.py
[2025-04-05T10:04:54.245+0100] {processor.py:925} INFO - DAG(s) 'tutorial_taskflow_api' retrieved from /home/Data_Professional/PycharmProjects/DE_Zoomcamp_Capstone_Project/.venv/lib/python3.10/site-packages/airflow/example_dags/tutorial_taskflow_api.py
[2025-04-05T10:04:54.258+0100] {logging_mixin.py:190} INFO - [2025-04-05T10:04:54.257+0100] {dag.py:3239} INFO - Sync 1 DAGs
[2025-04-05T10:04:54.268+0100] {logging_mixin.py:190} INFO - [2025-04-05T10:04:54.268+0100] {dag.py:4180} INFO - Setting next_dagrun for tutorial_taskflow_api to None, run_after=None
[2025-04-05T10:04:54.290+0100] {processor.py:208} INFO - Processing /home/Data_Professional/PycharmProjects/DE_Zoomcamp_Capstone_Project/.venv/lib/python3.10/site-packages/airflow/example_dags/tutorial_taskflow_api.py took 0.064 seconds
[2025-04-05T10:05:55.994+0100] {processor.py:186} INFO - Started process (PID=13614) to work on /home/Data_Professional/PycharmProjects/DE_Zoomcamp_Capstone_Project/.venv/lib/python3.10/site-packages/airflow/example_dags/tutorial_taskflow_api.py
[2025-04-05T10:05:55.997+0100] {processor.py:914} INFO - Processing file /home/Data_Professional/PycharmProjects/DE_Zoomcamp_Capstone_Project/.venv/lib/python3.10/site-packages/airflow/example_dags/tutorial_taskflow_api.py for tasks to queue
[2025-04-05T10:05:55.998+0100] {logging_mixin.py:190} INFO - [2025-04-05T10:05:55.998+0100] {dagbag.py:588} INFO - Filling up the DagBag from /home/Data_Professional/PycharmProjects/DE_Zoomcamp_Capstone_Project/.venv/lib/python3.10/site-packages/airflow/example_dags/tutorial_taskflow_api.py
[2025-04-05T10:05:56.007+0100] {processor.py:925} INFO - DAG(s) 'tutorial_taskflow_api' retrieved from /home/Data_Professional/PycharmProjects/DE_Zoomcamp_Capstone_Project/.venv/lib/python3.10/site-packages/airflow/example_dags/tutorial_taskflow_api.py
[2025-04-05T10:05:56.020+0100] {logging_mixin.py:190} INFO - [2025-04-05T10:05:56.020+0100] {dag.py:3239} INFO - Sync 1 DAGs
[2025-04-05T10:05:56.032+0100] {logging_mixin.py:190} INFO - [2025-04-05T10:05:56.032+0100] {dag.py:4180} INFO - Setting next_dagrun for tutorial_taskflow_api to None, run_after=None
[2025-04-05T10:05:56.050+0100] {processor.py:208} INFO - Processing /home/Data_Professional/PycharmProjects/DE_Zoomcamp_Capstone_Project/.venv/lib/python3.10/site-packages/airflow/example_dags/tutorial_taskflow_api.py took 0.063 seconds
[2025-04-05T10:06:57.505+0100] {processor.py:186} INFO - Started process (PID=13812) to work on /home/Data_Professional/PycharmProjects/DE_Zoomcamp_Capstone_Project/.venv/lib/python3.10/site-packages/airflow/example_dags/tutorial_taskflow_api.py
[2025-04-05T10:06:57.508+0100] {processor.py:914} INFO - Processing file /home/Data_Professional/PycharmProjects/DE_Zoomcamp_Capstone_Project/.venv/lib/python3.10/site-packages/airflow/example_dags/tutorial_taskflow_api.py for tasks to queue
[2025-04-05T10:06:57.509+0100] {logging_mixin.py:190} INFO - [2025-04-05T10:06:57.509+0100] {dagbag.py:588} INFO - Filling up the DagBag from /home/Data_Professional/PycharmProjects/DE_Zoomcamp_Capstone_Project/.venv/lib/python3.10/site-packages/airflow/example_dags/tutorial_taskflow_api.py
[2025-04-05T10:06:57.517+0100] {processor.py:925} INFO - DAG(s) 'tutorial_taskflow_api' retrieved from /home/Data_Professional/PycharmProjects/DE_Zoomcamp_Capstone_Project/.venv/lib/python3.10/site-packages/airflow/example_dags/tutorial_taskflow_api.py
[2025-04-05T10:06:57.532+0100] {logging_mixin.py:190} INFO - [2025-04-05T10:06:57.532+0100] {dag.py:3239} INFO - Sync 1 DAGs
[2025-04-05T10:06:57.542+0100] {logging_mixin.py:190} INFO - [2025-04-05T10:06:57.542+0100] {dag.py:4180} INFO - Setting next_dagrun for tutorial_taskflow_api to None, run_after=None
[2025-04-05T10:06:57.558+0100] {processor.py:208} INFO - Processing /home/Data_Professional/PycharmProjects/DE_Zoomcamp_Capstone_Project/.venv/lib/python3.10/site-packages/airflow/example_dags/tutorial_taskflow_api.py took 0.059 seconds
[2025-04-05T10:08:00.774+0100] {processor.py:186} INFO - Started process (PID=13984) to work on /home/Data_Professional/PycharmProjects/DE_Zoomcamp_Capstone_Project/.venv/lib/python3.10/site-packages/airflow/example_dags/tutorial_taskflow_api.py
[2025-04-05T10:08:00.777+0100] {processor.py:914} INFO - Processing file /home/Data_Professional/PycharmProjects/DE_Zoomcamp_Capstone_Project/.venv/lib/python3.10/site-packages/airflow/example_dags/tutorial_taskflow_api.py for tasks to queue
[2025-04-05T10:08:00.778+0100] {logging_mixin.py:190} INFO - [2025-04-05T10:08:00.777+0100] {dagbag.py:588} INFO - Filling up the DagBag from /home/Data_Professional/PycharmProjects/DE_Zoomcamp_Capstone_Project/.venv/lib/python3.10/site-packages/airflow/example_dags/tutorial_taskflow_api.py
[2025-04-05T10:08:00.785+0100] {processor.py:925} INFO - DAG(s) 'tutorial_taskflow_api' retrieved from /home/Data_Professional/PycharmProjects/DE_Zoomcamp_Capstone_Project/.venv/lib/python3.10/site-packages/airflow/example_dags/tutorial_taskflow_api.py
[2025-04-05T10:08:00.797+0100] {logging_mixin.py:190} INFO - [2025-04-05T10:08:00.797+0100] {dag.py:3239} INFO - Sync 1 DAGs
[2025-04-05T10:08:00.808+0100] {logging_mixin.py:190} INFO - [2025-04-05T10:08:00.808+0100] {dag.py:4180} INFO - Setting next_dagrun for tutorial_taskflow_api to None, run_after=None
[2025-04-05T10:08:00.824+0100] {processor.py:208} INFO - Processing /home/Data_Professional/PycharmProjects/DE_Zoomcamp_Capstone_Project/.venv/lib/python3.10/site-packages/airflow/example_dags/tutorial_taskflow_api.py took 0.057 seconds
[2025-04-05T10:09:11.055+0100] {processor.py:186} INFO - Started process (PID=14302) to work on /home/Data_Professional/PycharmProjects/DE_Zoomcamp_Capstone_Project/.venv/lib/python3.10/site-packages/airflow/example_dags/tutorial_taskflow_api.py
[2025-04-05T10:09:11.058+0100] {processor.py:914} INFO - Processing file /home/Data_Professional/PycharmProjects/DE_Zoomcamp_Capstone_Project/.venv/lib/python3.10/site-packages/airflow/example_dags/tutorial_taskflow_api.py for tasks to queue
[2025-04-05T10:09:11.059+0100] {logging_mixin.py:190} INFO - [2025-04-05T10:09:11.059+0100] {dagbag.py:588} INFO - Filling up the DagBag from /home/Data_Professional/PycharmProjects/DE_Zoomcamp_Capstone_Project/.venv/lib/python3.10/site-packages/airflow/example_dags/tutorial_taskflow_api.py
[2025-04-05T10:09:11.067+0100] {processor.py:925} INFO - DAG(s) 'tutorial_taskflow_api' retrieved from /home/Data_Professional/PycharmProjects/DE_Zoomcamp_Capstone_Project/.venv/lib/python3.10/site-packages/airflow/example_dags/tutorial_taskflow_api.py
[2025-04-05T10:09:11.079+0100] {logging_mixin.py:190} INFO - [2025-04-05T10:09:11.079+0100] {dag.py:3239} INFO - Sync 1 DAGs
[2025-04-05T10:09:11.090+0100] {logging_mixin.py:190} INFO - [2025-04-05T10:09:11.090+0100] {dag.py:4180} INFO - Setting next_dagrun for tutorial_taskflow_api to None, run_after=None
[2025-04-05T10:09:11.106+0100] {processor.py:208} INFO - Processing /home/Data_Professional/PycharmProjects/DE_Zoomcamp_Capstone_Project/.venv/lib/python3.10/site-packages/airflow/example_dags/tutorial_taskflow_api.py took 0.059 seconds
[2025-04-05T10:10:10.291+0100] {processor.py:186} INFO - Started process (PID=14437) to work on /home/Data_Professional/PycharmProjects/DE_Zoomcamp_Capstone_Project/.venv/lib/python3.10/site-packages/airflow/example_dags/tutorial_taskflow_api.py
[2025-04-05T10:10:10.294+0100] {processor.py:914} INFO - Processing file /home/Data_Professional/PycharmProjects/DE_Zoomcamp_Capstone_Project/.venv/lib/python3.10/site-packages/airflow/example_dags/tutorial_taskflow_api.py for tasks to queue
[2025-04-05T10:10:10.296+0100] {logging_mixin.py:190} INFO - [2025-04-05T10:10:10.296+0100] {dagbag.py:588} INFO - Filling up the DagBag from /home/Data_Professional/PycharmProjects/DE_Zoomcamp_Capstone_Project/.venv/lib/python3.10/site-packages/airflow/example_dags/tutorial_taskflow_api.py
[2025-04-05T10:10:10.306+0100] {processor.py:925} INFO - DAG(s) 'tutorial_taskflow_api' retrieved from /home/Data_Professional/PycharmProjects/DE_Zoomcamp_Capstone_Project/.venv/lib/python3.10/site-packages/airflow/example_dags/tutorial_taskflow_api.py
[2025-04-05T10:10:10.319+0100] {logging_mixin.py:190} INFO - [2025-04-05T10:10:10.319+0100] {dag.py:3239} INFO - Sync 1 DAGs
[2025-04-05T10:10:10.330+0100] {logging_mixin.py:190} INFO - [2025-04-05T10:10:10.329+0100] {dag.py:4180} INFO - Setting next_dagrun for tutorial_taskflow_api to None, run_after=None
[2025-04-05T10:10:10.349+0100] {processor.py:208} INFO - Processing /home/Data_Professional/PycharmProjects/DE_Zoomcamp_Capstone_Project/.venv/lib/python3.10/site-packages/airflow/example_dags/tutorial_taskflow_api.py took 0.075 seconds
[2025-04-05T10:11:11.176+0100] {processor.py:186} INFO - Started process (PID=14600) to work on /home/Data_Professional/PycharmProjects/DE_Zoomcamp_Capstone_Project/.venv/lib/python3.10/site-packages/airflow/example_dags/tutorial_taskflow_api.py
[2025-04-05T10:11:11.178+0100] {processor.py:914} INFO - Processing file /home/Data_Professional/PycharmProjects/DE_Zoomcamp_Capstone_Project/.venv/lib/python3.10/site-packages/airflow/example_dags/tutorial_taskflow_api.py for tasks to queue
[2025-04-05T10:11:11.181+0100] {logging_mixin.py:190} INFO - [2025-04-05T10:11:11.180+0100] {dagbag.py:588} INFO - Filling up the DagBag from /home/Data_Professional/PycharmProjects/DE_Zoomcamp_Capstone_Project/.venv/lib/python3.10/site-packages/airflow/example_dags/tutorial_taskflow_api.py
[2025-04-05T10:11:11.190+0100] {processor.py:925} INFO - DAG(s) 'tutorial_taskflow_api' retrieved from /home/Data_Professional/PycharmProjects/DE_Zoomcamp_Capstone_Project/.venv/lib/python3.10/site-packages/airflow/example_dags/tutorial_taskflow_api.py
[2025-04-05T10:11:11.207+0100] {logging_mixin.py:190} INFO - [2025-04-05T10:11:11.207+0100] {dag.py:3239} INFO - Sync 1 DAGs
[2025-04-05T10:11:11.223+0100] {logging_mixin.py:190} INFO - [2025-04-05T10:11:11.222+0100] {dag.py:4180} INFO - Setting next_dagrun for tutorial_taskflow_api to None, run_after=None
[2025-04-05T10:11:11.247+0100] {processor.py:208} INFO - Processing /home/Data_Professional/PycharmProjects/DE_Zoomcamp_Capstone_Project/.venv/lib/python3.10/site-packages/airflow/example_dags/tutorial_taskflow_api.py took 0.077 seconds
[2025-04-05T10:12:13.329+0100] {processor.py:186} INFO - Started process (PID=15010) to work on /home/Data_Professional/PycharmProjects/DE_Zoomcamp_Capstone_Project/.venv/lib/python3.10/site-packages/airflow/example_dags/tutorial_taskflow_api.py
[2025-04-05T10:12:13.332+0100] {processor.py:914} INFO - Processing file /home/Data_Professional/PycharmProjects/DE_Zoomcamp_Capstone_Project/.venv/lib/python3.10/site-packages/airflow/example_dags/tutorial_taskflow_api.py for tasks to queue
[2025-04-05T10:12:13.334+0100] {logging_mixin.py:190} INFO - [2025-04-05T10:12:13.334+0100] {dagbag.py:588} INFO - Filling up the DagBag from /home/Data_Professional/PycharmProjects/DE_Zoomcamp_Capstone_Project/.venv/lib/python3.10/site-packages/airflow/example_dags/tutorial_taskflow_api.py
[2025-04-05T10:12:13.349+0100] {processor.py:925} INFO - DAG(s) 'tutorial_taskflow_api' retrieved from /home/Data_Professional/PycharmProjects/DE_Zoomcamp_Capstone_Project/.venv/lib/python3.10/site-packages/airflow/example_dags/tutorial_taskflow_api.py
[2025-04-05T10:12:13.365+0100] {logging_mixin.py:190} INFO - [2025-04-05T10:12:13.365+0100] {dag.py:3239} INFO - Sync 1 DAGs
[2025-04-05T10:12:13.376+0100] {logging_mixin.py:190} INFO - [2025-04-05T10:12:13.376+0100] {dag.py:4180} INFO - Setting next_dagrun for tutorial_taskflow_api to None, run_after=None
[2025-04-05T10:12:13.393+0100] {processor.py:208} INFO - Processing /home/Data_Professional/PycharmProjects/DE_Zoomcamp_Capstone_Project/.venv/lib/python3.10/site-packages/airflow/example_dags/tutorial_taskflow_api.py took 0.075 seconds
[2025-04-05T10:13:15.512+0100] {processor.py:186} INFO - Started process (PID=15104) to work on /home/Data_Professional/PycharmProjects/DE_Zoomcamp_Capstone_Project/.venv/lib/python3.10/site-packages/airflow/example_dags/tutorial_taskflow_api.py
[2025-04-05T10:13:15.514+0100] {processor.py:914} INFO - Processing file /home/Data_Professional/PycharmProjects/DE_Zoomcamp_Capstone_Project/.venv/lib/python3.10/site-packages/airflow/example_dags/tutorial_taskflow_api.py for tasks to queue
[2025-04-05T10:13:15.515+0100] {logging_mixin.py:190} INFO - [2025-04-05T10:13:15.515+0100] {dagbag.py:588} INFO - Filling up the DagBag from /home/Data_Professional/PycharmProjects/DE_Zoomcamp_Capstone_Project/.venv/lib/python3.10/site-packages/airflow/example_dags/tutorial_taskflow_api.py
[2025-04-05T10:13:15.524+0100] {processor.py:925} INFO - DAG(s) 'tutorial_taskflow_api' retrieved from /home/Data_Professional/PycharmProjects/DE_Zoomcamp_Capstone_Project/.venv/lib/python3.10/site-packages/airflow/example_dags/tutorial_taskflow_api.py
[2025-04-05T10:13:15.538+0100] {logging_mixin.py:190} INFO - [2025-04-05T10:13:15.537+0100] {dag.py:3239} INFO - Sync 1 DAGs
[2025-04-05T10:13:15.549+0100] {logging_mixin.py:190} INFO - [2025-04-05T10:13:15.548+0100] {dag.py:4180} INFO - Setting next_dagrun for tutorial_taskflow_api to None, run_after=None
[2025-04-05T10:13:15.565+0100] {processor.py:208} INFO - Processing /home/Data_Professional/PycharmProjects/DE_Zoomcamp_Capstone_Project/.venv/lib/python3.10/site-packages/airflow/example_dags/tutorial_taskflow_api.py took 0.059 seconds
[2025-04-05T10:14:10.351+0100] {processor.py:186} INFO - Started process (PID=15188) to work on /home/Data_Professional/PycharmProjects/DE_Zoomcamp_Capstone_Project/.venv/lib/python3.10/site-packages/airflow/example_dags/tutorial_taskflow_api.py
[2025-04-05T10:14:10.354+0100] {processor.py:914} INFO - Processing file /home/Data_Professional/PycharmProjects/DE_Zoomcamp_Capstone_Project/.venv/lib/python3.10/site-packages/airflow/example_dags/tutorial_taskflow_api.py for tasks to queue
[2025-04-05T10:14:10.355+0100] {logging_mixin.py:190} INFO - [2025-04-05T10:14:10.355+0100] {dagbag.py:588} INFO - Filling up the DagBag from /home/Data_Professional/PycharmProjects/DE_Zoomcamp_Capstone_Project/.venv/lib/python3.10/site-packages/airflow/example_dags/tutorial_taskflow_api.py
[2025-04-05T10:14:10.363+0100] {processor.py:925} INFO - DAG(s) 'tutorial_taskflow_api' retrieved from /home/Data_Professional/PycharmProjects/DE_Zoomcamp_Capstone_Project/.venv/lib/python3.10/site-packages/airflow/example_dags/tutorial_taskflow_api.py
[2025-04-05T10:14:10.374+0100] {logging_mixin.py:190} INFO - [2025-04-05T10:14:10.374+0100] {dag.py:3239} INFO - Sync 1 DAGs
[2025-04-05T10:14:10.384+0100] {logging_mixin.py:190} INFO - [2025-04-05T10:14:10.384+0100] {dag.py:4180} INFO - Setting next_dagrun for tutorial_taskflow_api to None, run_after=None
[2025-04-05T10:14:10.400+0100] {processor.py:208} INFO - Processing /home/Data_Professional/PycharmProjects/DE_Zoomcamp_Capstone_Project/.venv/lib/python3.10/site-packages/airflow/example_dags/tutorial_taskflow_api.py took 0.058 seconds
[2025-04-05T12:24:11.963+0100] {processor.py:186} INFO - Started process (PID=15539) to work on /home/Data_Professional/PycharmProjects/DE_Zoomcamp_Capstone_Project/.venv/lib/python3.10/site-packages/airflow/example_dags/tutorial_taskflow_api.py
[2025-04-05T12:24:11.964+0100] {processor.py:914} INFO - Processing file /home/Data_Professional/PycharmProjects/DE_Zoomcamp_Capstone_Project/.venv/lib/python3.10/site-packages/airflow/example_dags/tutorial_taskflow_api.py for tasks to queue
[2025-04-05T12:24:11.966+0100] {logging_mixin.py:190} INFO - [2025-04-05T12:24:11.965+0100] {dagbag.py:588} INFO - Filling up the DagBag from /home/Data_Professional/PycharmProjects/DE_Zoomcamp_Capstone_Project/.venv/lib/python3.10/site-packages/airflow/example_dags/tutorial_taskflow_api.py
[2025-04-05T12:24:11.975+0100] {processor.py:925} INFO - DAG(s) 'tutorial_taskflow_api' retrieved from /home/Data_Professional/PycharmProjects/DE_Zoomcamp_Capstone_Project/.venv/lib/python3.10/site-packages/airflow/example_dags/tutorial_taskflow_api.py
[2025-04-05T12:24:11.989+0100] {logging_mixin.py:190} INFO - [2025-04-05T12:24:11.989+0100] {dag.py:3239} INFO - Sync 1 DAGs
[2025-04-05T12:24:12.000+0100] {logging_mixin.py:190} INFO - [2025-04-05T12:24:12.000+0100] {dag.py:4180} INFO - Setting next_dagrun for tutorial_taskflow_api to None, run_after=None
[2025-04-05T12:24:12.020+0100] {processor.py:208} INFO - Processing /home/Data_Professional/PycharmProjects/DE_Zoomcamp_Capstone_Project/.venv/lib/python3.10/site-packages/airflow/example_dags/tutorial_taskflow_api.py took 0.065 seconds
