[2025-04-06T14:11:54.284+0100] {local_task_job_runner.py:123} INFO - ::group::Pre task execution logs
[2025-04-06T14:11:54.310+0100] {taskinstance.py:2614} INFO - Dependencies all met for dep_context=non-requeueable deps ti=<TaskInstance: premier_league_data_pipeline.load_data_to_postgres_2021_22 manual__2025-04-06T12:42:48.438916+00:00 [queued]>
[2025-04-06T14:11:54.325+0100] {taskinstance.py:2614} INFO - Dependencies all met for dep_context=requeueable deps ti=<TaskInstance: premier_league_data_pipeline.load_data_to_postgres_2021_22 manual__2025-04-06T12:42:48.438916+00:00 [queued]>
[2025-04-06T14:11:54.325+0100] {taskinstance.py:2867} INFO - Starting attempt 1 of 2
[2025-04-06T14:11:54.347+0100] {taskinstance.py:2890} INFO - Executing <Task(PythonOperator): load_data_to_postgres_2021_22> on 2025-04-06 12:42:48.438916+00:00
[2025-04-06T14:11:54.353+0100] {standard_task_runner.py:72} INFO - Started process 25138 to run task
[2025-04-06T14:11:54.374+0100] {standard_task_runner.py:104} INFO - Running: ['airflow', 'tasks', 'run', 'premier_league_data_pipeline', 'load_data_to_postgres_2021_22', 'manual__2025-04-06T12:42:48.438916+00:00', '--job-id', '23', '--raw', '--subdir', 'DAGS_FOLDER/premier_league_dag.py', '--cfg-path', '/tmp/tmp11x4r7oa']
[2025-04-06T14:11:54.375+0100] {standard_task_runner.py:105} INFO - Job 23: Subtask load_data_to_postgres_2021_22
[2025-04-06T14:11:54.443+0100] {task_command.py:467} INFO - Running <TaskInstance: premier_league_data_pipeline.load_data_to_postgres_2021_22 manual__2025-04-06T12:42:48.438916+00:00 [running]> on host dell-Latitude-5480
[2025-04-06T14:11:54.532+0100] {taskinstance.py:3134} INFO - Exporting env vars: AIRFLOW_CTX_DAG_OWNER='Victory' AIRFLOW_CTX_DAG_ID='premier_league_data_pipeline' AIRFLOW_CTX_TASK_ID='load_data_to_postgres_2021_22' AIRFLOW_CTX_EXECUTION_DATE='2025-04-06T12:42:48.438916+00:00' AIRFLOW_CTX_TRY_NUMBER='1' AIRFLOW_CTX_DAG_RUN_ID='manual__2025-04-06T12:42:48.438916+00:00'
[2025-04-06T14:11:54.533+0100] {logging_mixin.py:190} INFO - Task instance is in running state
[2025-04-06T14:11:54.534+0100] {logging_mixin.py:190} INFO -  Previous state of the Task instance: queued
[2025-04-06T14:11:54.534+0100] {logging_mixin.py:190} INFO - Current task name:load_data_to_postgres_2021_22 state:running start_date:2025-04-06 13:11:54.311030+00:00
[2025-04-06T14:11:54.534+0100] {logging_mixin.py:190} INFO - Dag name:premier_league_data_pipeline and current dag run status:running
[2025-04-06T14:11:54.535+0100] {taskinstance.py:732} INFO - ::endgroup::
[2025-04-06T14:11:54.629+0100] {logging_mixin.py:190} INFO - Table 2021/22_premier_league_data created and data uploaded.
[2025-04-06T14:11:54.775+0100] {logging_mixin.py:190} INFO - Row inserted into 2021/22_premier_league_data.
[2025-04-06T14:11:54.779+0100] {logging_mixin.py:190} INFO - Row inserted into 2021/22_premier_league_data.
[2025-04-06T14:11:54.783+0100] {logging_mixin.py:190} INFO - Row inserted into 2021/22_premier_league_data.
[2025-04-06T14:11:54.787+0100] {logging_mixin.py:190} INFO - Row inserted into 2021/22_premier_league_data.
[2025-04-06T14:11:54.790+0100] {logging_mixin.py:190} INFO - Row inserted into 2021/22_premier_league_data.
[2025-04-06T14:11:54.796+0100] {logging_mixin.py:190} INFO - Row inserted into 2021/22_premier_league_data.
[2025-04-06T14:11:54.802+0100] {logging_mixin.py:190} INFO - Row inserted into 2021/22_premier_league_data.
[2025-04-06T14:11:54.809+0100] {logging_mixin.py:190} INFO - Row inserted into 2021/22_premier_league_data.
[2025-04-06T14:11:54.813+0100] {logging_mixin.py:190} INFO - Row inserted into 2021/22_premier_league_data.
[2025-04-06T14:11:54.816+0100] {logging_mixin.py:190} INFO - Row inserted into 2021/22_premier_league_data.
[2025-04-06T14:11:54.820+0100] {logging_mixin.py:190} INFO - Row inserted into 2021/22_premier_league_data.
[2025-04-06T14:11:54.824+0100] {logging_mixin.py:190} INFO - Row inserted into 2021/22_premier_league_data.
[2025-04-06T14:11:54.827+0100] {logging_mixin.py:190} INFO - Row inserted into 2021/22_premier_league_data.
[2025-04-06T14:11:54.831+0100] {logging_mixin.py:190} INFO - Row inserted into 2021/22_premier_league_data.
[2025-04-06T14:11:54.834+0100] {logging_mixin.py:190} INFO - Row inserted into 2021/22_premier_league_data.
[2025-04-06T14:11:54.843+0100] {logging_mixin.py:190} INFO - Row inserted into 2021/22_premier_league_data.
[2025-04-06T14:11:54.849+0100] {logging_mixin.py:190} INFO - Row inserted into 2021/22_premier_league_data.
[2025-04-06T14:11:54.853+0100] {logging_mixin.py:190} INFO - Row inserted into 2021/22_premier_league_data.
[2025-04-06T14:11:54.856+0100] {logging_mixin.py:190} INFO - Row inserted into 2021/22_premier_league_data.
[2025-04-06T14:11:54.859+0100] {logging_mixin.py:190} INFO - Row inserted into 2021/22_premier_league_data.
[2025-04-06T14:11:54.890+0100] {logging_mixin.py:190} INFO - Row inserted into 2021/22_premier_league_data.
[2025-04-06T14:11:54.894+0100] {logging_mixin.py:190} INFO - Row inserted into 2021/22_premier_league_data.
[2025-04-06T14:11:54.897+0100] {logging_mixin.py:190} INFO - Row inserted into 2021/22_premier_league_data.
[2025-04-06T14:11:54.902+0100] {logging_mixin.py:190} INFO - Row inserted into 2021/22_premier_league_data.
[2025-04-06T14:11:54.905+0100] {logging_mixin.py:190} INFO - Row inserted into 2021/22_premier_league_data.
[2025-04-06T14:11:54.909+0100] {logging_mixin.py:190} INFO - Row inserted into 2021/22_premier_league_data.
[2025-04-06T14:11:54.912+0100] {logging_mixin.py:190} INFO - Row inserted into 2021/22_premier_league_data.
[2025-04-06T14:11:54.916+0100] {logging_mixin.py:190} INFO - Row inserted into 2021/22_premier_league_data.
[2025-04-06T14:11:54.919+0100] {logging_mixin.py:190} INFO - Row inserted into 2021/22_premier_league_data.
[2025-04-06T14:11:54.927+0100] {logging_mixin.py:190} INFO - Row inserted into 2021/22_premier_league_data.
[2025-04-06T14:11:54.935+0100] {logging_mixin.py:190} INFO - Row inserted into 2021/22_premier_league_data.
[2025-04-06T14:11:54.939+0100] {logging_mixin.py:190} INFO - Row inserted into 2021/22_premier_league_data.
[2025-04-06T14:11:54.944+0100] {logging_mixin.py:190} INFO - Row inserted into 2021/22_premier_league_data.
[2025-04-06T14:11:54.949+0100] {logging_mixin.py:190} INFO - Row inserted into 2021/22_premier_league_data.
[2025-04-06T14:11:54.953+0100] {logging_mixin.py:190} INFO - Row inserted into 2021/22_premier_league_data.
[2025-04-06T14:11:54.958+0100] {logging_mixin.py:190} INFO - Row inserted into 2021/22_premier_league_data.
[2025-04-06T14:11:54.963+0100] {logging_mixin.py:190} INFO - Row inserted into 2021/22_premier_league_data.
[2025-04-06T14:11:54.967+0100] {logging_mixin.py:190} INFO - Row inserted into 2021/22_premier_league_data.
[2025-04-06T14:11:54.972+0100] {logging_mixin.py:190} INFO - Row inserted into 2021/22_premier_league_data.
[2025-04-06T14:11:54.976+0100] {logging_mixin.py:190} INFO - Row inserted into 2021/22_premier_league_data.
[2025-04-06T14:11:54.980+0100] {python.py:240} INFO - Done. Returned value was: None
[2025-04-06T14:11:54.986+0100] {taskinstance.py:341} INFO - ::group::Post task execution logs
[2025-04-06T14:11:54.986+0100] {taskinstance.py:353} INFO - Marking task as SUCCESS. dag_id=premier_league_data_pipeline, task_id=load_data_to_postgres_2021_22, run_id=manual__2025-04-06T12:42:48.438916+00:00, execution_date=20250406T124248, start_date=20250406T131154, end_date=20250406T131154
[2025-04-06T14:11:55.004+0100] {logging_mixin.py:190} INFO - Task instance in success state
[2025-04-06T14:11:55.005+0100] {logging_mixin.py:190} INFO -  Previous state of the Task instance: running
[2025-04-06T14:11:55.005+0100] {logging_mixin.py:190} INFO - Dag name:premier_league_data_pipeline queued_at:2025-04-06 12:57:41.209428+00:00
[2025-04-06T14:11:55.005+0100] {logging_mixin.py:190} INFO - Task hostname:dell-Latitude-5480 operator:PythonOperator
[2025-04-06T14:11:55.054+0100] {local_task_job_runner.py:266} INFO - Task exited with return code 0
[2025-04-06T14:11:55.071+0100] {taskinstance.py:3901} INFO - 0 downstream tasks scheduled from follow-on schedule check
[2025-04-06T14:11:55.072+0100] {local_task_job_runner.py:245} INFO - ::endgroup::
