[2025-04-06T14:06:25.310+0100] {local_task_job_runner.py:123} INFO - ::group::Pre task execution logs
[2025-04-06T14:06:25.328+0100] {taskinstance.py:2614} INFO - Dependencies all met for dep_context=non-requeueable deps ti=<TaskInstance: premier_league_data_pipeline.download_data_2019_20 manual__2025-04-06T12:42:48.438916+00:00 [queued]>
[2025-04-06T14:06:25.340+0100] {taskinstance.py:2614} INFO - Dependencies all met for dep_context=requeueable deps ti=<TaskInstance: premier_league_data_pipeline.download_data_2019_20 manual__2025-04-06T12:42:48.438916+00:00 [queued]>
[2025-04-06T14:06:25.341+0100] {taskinstance.py:2867} INFO - Starting attempt 1 of 2
[2025-04-06T14:06:25.359+0100] {taskinstance.py:2890} INFO - Executing <Task(PythonOperator): download_data_2019_20> on 2025-04-06 12:42:48.438916+00:00
[2025-04-06T14:06:25.367+0100] {standard_task_runner.py:72} INFO - Started process 22677 to run task
[2025-04-06T14:06:25.408+0100] {standard_task_runner.py:104} INFO - Running: ['airflow', 'tasks', 'run', 'premier_league_data_pipeline', 'download_data_2019_20', 'manual__2025-04-06T12:42:48.438916+00:00', '--job-id', '6', '--raw', '--subdir', 'DAGS_FOLDER/premier_league_dag.py', '--cfg-path', '/tmp/tmpz0uhwu9l']
[2025-04-06T14:06:25.409+0100] {standard_task_runner.py:105} INFO - Job 6: Subtask download_data_2019_20
[2025-04-06T14:06:25.503+0100] {task_command.py:467} INFO - Running <TaskInstance: premier_league_data_pipeline.download_data_2019_20 manual__2025-04-06T12:42:48.438916+00:00 [running]> on host dell-Latitude-5480
[2025-04-06T14:06:25.686+0100] {taskinstance.py:3134} INFO - Exporting env vars: AIRFLOW_CTX_DAG_OWNER='Victory' AIRFLOW_CTX_DAG_ID='premier_league_data_pipeline' AIRFLOW_CTX_TASK_ID='download_data_2019_20' AIRFLOW_CTX_EXECUTION_DATE='2025-04-06T12:42:48.438916+00:00' AIRFLOW_CTX_TRY_NUMBER='1' AIRFLOW_CTX_DAG_RUN_ID='manual__2025-04-06T12:42:48.438916+00:00'
[2025-04-06T14:06:25.687+0100] {logging_mixin.py:190} INFO - Task instance is in running state
[2025-04-06T14:06:25.688+0100] {logging_mixin.py:190} INFO -  Previous state of the Task instance: queued
[2025-04-06T14:06:25.688+0100] {logging_mixin.py:190} INFO - Current task name:download_data_2019_20 state:running start_date:2025-04-06 13:06:25.328907+00:00
[2025-04-06T14:06:25.689+0100] {logging_mixin.py:190} INFO - Dag name:premier_league_data_pipeline and current dag run status:running
[2025-04-06T14:06:25.706+0100] {taskinstance.py:732} INFO - ::endgroup::
[2025-04-06T14:06:34.571+0100] {logging_mixin.py:190} INFO - Accepted cookies
[2025-04-06T14:06:38.333+0100] {logging_mixin.py:190} INFO - Opened game week dropdown
[2025-04-06T14:06:39.393+0100] {logging_mixin.py:190} INFO - Selected game week 1
[2025-04-06T14:06:50.491+0100] {logging_mixin.py:190} INFO - Selected game week 2
[2025-04-06T14:07:12.399+0100] {logging_mixin.py:190} INFO - Selected game week 3
[2025-04-06T14:07:21.020+0100] {logging_mixin.py:190} INFO - Game Week 1 data saved: ../data/2019_20_GW1_data.csv
[2025-04-06T14:07:21.022+0100] {logging_mixin.py:190} INFO - Game Week 2 data saved: ../data/2019_20_GW2_data.csv
[2025-04-06T14:07:21.037+0100] {logging_mixin.py:190} INFO - Game Week 3 data saved: ../data/2019_20_GW3_data.csv
[2025-04-06T14:07:21.040+0100] {python.py:240} INFO - Done. Returned value was: None
[2025-04-06T14:07:21.057+0100] {taskinstance.py:341} INFO - ::group::Post task execution logs
[2025-04-06T14:07:21.058+0100] {taskinstance.py:353} INFO - Marking task as SUCCESS. dag_id=premier_league_data_pipeline, task_id=download_data_2019_20, run_id=manual__2025-04-06T12:42:48.438916+00:00, execution_date=20250406T124248, start_date=20250406T130625, end_date=20250406T130721
[2025-04-06T14:07:21.318+0100] {logging_mixin.py:190} INFO - Task instance in success state
[2025-04-06T14:07:21.319+0100] {logging_mixin.py:190} INFO -  Previous state of the Task instance: running
[2025-04-06T14:07:21.319+0100] {logging_mixin.py:190} INFO - Dag name:premier_league_data_pipeline queued_at:2025-04-06 12:57:41.209428+00:00
[2025-04-06T14:07:21.319+0100] {logging_mixin.py:190} INFO - Task hostname:dell-Latitude-5480 operator:PythonOperator
[2025-04-06T14:07:21.360+0100] {local_task_job_runner.py:266} INFO - Task exited with return code 0
[2025-04-06T14:07:21.428+0100] {taskinstance.py:3901} INFO - 1 downstream tasks scheduled from follow-on schedule check
[2025-04-06T14:07:21.433+0100] {local_task_job_runner.py:245} INFO - ::endgroup::
