[2025-04-06T14:11:59.052+0100] {local_task_job_runner.py:123} INFO - ::group::Pre task execution logs
[2025-04-06T14:11:59.072+0100] {taskinstance.py:2614} INFO - Dependencies all met for dep_context=non-requeueable deps ti=<TaskInstance: premier_league_data_pipeline.load_data_to_postgres_2022_23 manual__2025-04-06T12:42:48.438916+00:00 [queued]>
[2025-04-06T14:11:59.083+0100] {taskinstance.py:2614} INFO - Dependencies all met for dep_context=requeueable deps ti=<TaskInstance: premier_league_data_pipeline.load_data_to_postgres_2022_23 manual__2025-04-06T12:42:48.438916+00:00 [queued]>
[2025-04-06T14:11:59.084+0100] {taskinstance.py:2867} INFO - Starting attempt 1 of 2
[2025-04-06T14:11:59.100+0100] {taskinstance.py:2890} INFO - Executing <Task(PythonOperator): load_data_to_postgres_2022_23> on 2025-04-06 12:42:48.438916+00:00
[2025-04-06T14:11:59.105+0100] {standard_task_runner.py:72} INFO - Started process 25147 to run task
[2025-04-06T14:11:59.107+0100] {standard_task_runner.py:104} INFO - Running: ['airflow', 'tasks', 'run', 'premier_league_data_pipeline', 'load_data_to_postgres_2022_23', 'manual__2025-04-06T12:42:48.438916+00:00', '--job-id', '24', '--raw', '--subdir', 'DAGS_FOLDER/premier_league_dag.py', '--cfg-path', '/tmp/tmp_05c7u21']
[2025-04-06T14:11:59.108+0100] {standard_task_runner.py:105} INFO - Job 24: Subtask load_data_to_postgres_2022_23
[2025-04-06T14:11:59.138+0100] {task_command.py:467} INFO - Running <TaskInstance: premier_league_data_pipeline.load_data_to_postgres_2022_23 manual__2025-04-06T12:42:48.438916+00:00 [running]> on host dell-Latitude-5480
[2025-04-06T14:11:59.186+0100] {taskinstance.py:3134} INFO - Exporting env vars: AIRFLOW_CTX_DAG_OWNER='Victory' AIRFLOW_CTX_DAG_ID='premier_league_data_pipeline' AIRFLOW_CTX_TASK_ID='load_data_to_postgres_2022_23' AIRFLOW_CTX_EXECUTION_DATE='2025-04-06T12:42:48.438916+00:00' AIRFLOW_CTX_TRY_NUMBER='1' AIRFLOW_CTX_DAG_RUN_ID='manual__2025-04-06T12:42:48.438916+00:00'
[2025-04-06T14:11:59.186+0100] {logging_mixin.py:190} INFO - Task instance is in running state
[2025-04-06T14:11:59.187+0100] {logging_mixin.py:190} INFO -  Previous state of the Task instance: queued
[2025-04-06T14:11:59.187+0100] {logging_mixin.py:190} INFO - Current task name:load_data_to_postgres_2022_23 state:running start_date:2025-04-06 13:11:59.072869+00:00
[2025-04-06T14:11:59.187+0100] {logging_mixin.py:190} INFO - Dag name:premier_league_data_pipeline and current dag run status:running
[2025-04-06T14:11:59.187+0100] {taskinstance.py:732} INFO - ::endgroup::
[2025-04-06T14:11:59.242+0100] {logging_mixin.py:190} INFO - Table 2022/23_premier_league_data created and data uploaded.
[2025-04-06T14:11:59.392+0100] {logging_mixin.py:190} INFO - Row inserted into 2022/23_premier_league_data.
[2025-04-06T14:11:59.396+0100] {logging_mixin.py:190} INFO - Row inserted into 2022/23_premier_league_data.
[2025-04-06T14:11:59.400+0100] {logging_mixin.py:190} INFO - Row inserted into 2022/23_premier_league_data.
[2025-04-06T14:11:59.404+0100] {logging_mixin.py:190} INFO - Row inserted into 2022/23_premier_league_data.
[2025-04-06T14:11:59.407+0100] {logging_mixin.py:190} INFO - Row inserted into 2022/23_premier_league_data.
[2025-04-06T14:11:59.411+0100] {logging_mixin.py:190} INFO - Row inserted into 2022/23_premier_league_data.
[2025-04-06T14:11:59.415+0100] {logging_mixin.py:190} INFO - Row inserted into 2022/23_premier_league_data.
[2025-04-06T14:11:59.419+0100] {logging_mixin.py:190} INFO - Row inserted into 2022/23_premier_league_data.
[2025-04-06T14:11:59.423+0100] {logging_mixin.py:190} INFO - Row inserted into 2022/23_premier_league_data.
[2025-04-06T14:11:59.427+0100] {logging_mixin.py:190} INFO - Row inserted into 2022/23_premier_league_data.
[2025-04-06T14:11:59.432+0100] {logging_mixin.py:190} INFO - Row inserted into 2022/23_premier_league_data.
[2025-04-06T14:11:59.436+0100] {logging_mixin.py:190} INFO - Row inserted into 2022/23_premier_league_data.
[2025-04-06T14:11:59.440+0100] {logging_mixin.py:190} INFO - Row inserted into 2022/23_premier_league_data.
[2025-04-06T14:11:59.445+0100] {logging_mixin.py:190} INFO - Row inserted into 2022/23_premier_league_data.
[2025-04-06T14:11:59.452+0100] {logging_mixin.py:190} INFO - Row inserted into 2022/23_premier_league_data.
[2025-04-06T14:11:59.458+0100] {logging_mixin.py:190} INFO - Row inserted into 2022/23_premier_league_data.
[2025-04-06T14:11:59.463+0100] {logging_mixin.py:190} INFO - Row inserted into 2022/23_premier_league_data.
[2025-04-06T14:11:59.468+0100] {logging_mixin.py:190} INFO - Row inserted into 2022/23_premier_league_data.
[2025-04-06T14:11:59.474+0100] {logging_mixin.py:190} INFO - Row inserted into 2022/23_premier_league_data.
[2025-04-06T14:11:59.480+0100] {logging_mixin.py:190} INFO - Row inserted into 2022/23_premier_league_data.
[2025-04-06T14:11:59.537+0100] {logging_mixin.py:190} INFO - Row inserted into 2022/23_premier_league_data.
[2025-04-06T14:11:59.541+0100] {logging_mixin.py:190} INFO - Row inserted into 2022/23_premier_league_data.
[2025-04-06T14:11:59.545+0100] {logging_mixin.py:190} INFO - Row inserted into 2022/23_premier_league_data.
[2025-04-06T14:11:59.549+0100] {logging_mixin.py:190} INFO - Row inserted into 2022/23_premier_league_data.
[2025-04-06T14:11:59.553+0100] {logging_mixin.py:190} INFO - Row inserted into 2022/23_premier_league_data.
[2025-04-06T14:11:59.557+0100] {logging_mixin.py:190} INFO - Row inserted into 2022/23_premier_league_data.
[2025-04-06T14:11:59.562+0100] {logging_mixin.py:190} INFO - Row inserted into 2022/23_premier_league_data.
[2025-04-06T14:11:59.566+0100] {logging_mixin.py:190} INFO - Row inserted into 2022/23_premier_league_data.
[2025-04-06T14:11:59.570+0100] {logging_mixin.py:190} INFO - Row inserted into 2022/23_premier_league_data.
[2025-04-06T14:11:59.574+0100] {logging_mixin.py:190} INFO - Row inserted into 2022/23_premier_league_data.
[2025-04-06T14:11:59.578+0100] {logging_mixin.py:190} INFO - Row inserted into 2022/23_premier_league_data.
[2025-04-06T14:11:59.582+0100] {logging_mixin.py:190} INFO - Row inserted into 2022/23_premier_league_data.
[2025-04-06T14:11:59.586+0100] {logging_mixin.py:190} INFO - Row inserted into 2022/23_premier_league_data.
[2025-04-06T14:11:59.590+0100] {logging_mixin.py:190} INFO - Row inserted into 2022/23_premier_league_data.
[2025-04-06T14:11:59.594+0100] {logging_mixin.py:190} INFO - Row inserted into 2022/23_premier_league_data.
[2025-04-06T14:11:59.597+0100] {logging_mixin.py:190} INFO - Row inserted into 2022/23_premier_league_data.
[2025-04-06T14:11:59.601+0100] {logging_mixin.py:190} INFO - Row inserted into 2022/23_premier_league_data.
[2025-04-06T14:11:59.605+0100] {logging_mixin.py:190} INFO - Row inserted into 2022/23_premier_league_data.
[2025-04-06T14:11:59.609+0100] {logging_mixin.py:190} INFO - Row inserted into 2022/23_premier_league_data.
[2025-04-06T14:11:59.613+0100] {logging_mixin.py:190} INFO - Row inserted into 2022/23_premier_league_data.
[2025-04-06T14:11:59.616+0100] {python.py:240} INFO - Done. Returned value was: None
[2025-04-06T14:11:59.621+0100] {taskinstance.py:341} INFO - ::group::Post task execution logs
[2025-04-06T14:11:59.621+0100] {taskinstance.py:353} INFO - Marking task as SUCCESS. dag_id=premier_league_data_pipeline, task_id=load_data_to_postgres_2022_23, run_id=manual__2025-04-06T12:42:48.438916+00:00, execution_date=20250406T124248, start_date=20250406T131159, end_date=20250406T131159
[2025-04-06T14:11:59.636+0100] {logging_mixin.py:190} INFO - Task instance in success state
[2025-04-06T14:11:59.637+0100] {logging_mixin.py:190} INFO -  Previous state of the Task instance: running
[2025-04-06T14:11:59.637+0100] {logging_mixin.py:190} INFO - Dag name:premier_league_data_pipeline queued_at:2025-04-06 12:57:41.209428+00:00
[2025-04-06T14:11:59.637+0100] {logging_mixin.py:190} INFO - Task hostname:dell-Latitude-5480 operator:PythonOperator
[2025-04-06T14:11:59.681+0100] {local_task_job_runner.py:266} INFO - Task exited with return code 0
[2025-04-06T14:11:59.694+0100] {taskinstance.py:3901} INFO - 0 downstream tasks scheduled from follow-on schedule check
[2025-04-06T14:11:59.695+0100] {local_task_job_runner.py:245} INFO - ::endgroup::
