[2025-04-06T15:51:05.786+0100] {local_task_job_runner.py:123} INFO - ::group::Pre task execution logs
[2025-04-06T15:51:05.798+0100] {taskinstance.py:2614} INFO - Dependencies all met for dep_context=non-requeueable deps ti=<TaskInstance: premier_league_data_pipeline.download_data_2022_23 manual__2025-04-06T14:34:57.308181+00:00 [queued]>
[2025-04-06T15:51:05.806+0100] {taskinstance.py:2614} INFO - Dependencies all met for dep_context=requeueable deps ti=<TaskInstance: premier_league_data_pipeline.download_data_2022_23 manual__2025-04-06T14:34:57.308181+00:00 [queued]>
[2025-04-06T15:51:05.806+0100] {taskinstance.py:2867} INFO - Starting attempt 1 of 2
[2025-04-06T15:51:05.823+0100] {taskinstance.py:2890} INFO - Executing <Task(PythonOperator): download_data_2022_23> on 2025-04-06 14:34:57.308181+00:00
[2025-04-06T15:51:05.828+0100] {standard_task_runner.py:72} INFO - Started process 40832 to run task
[2025-04-06T15:51:05.831+0100] {standard_task_runner.py:104} INFO - Running: ['airflow', 'tasks', 'run', 'premier_league_data_pipeline', 'download_data_2022_23', 'manual__2025-04-06T14:34:57.308181+00:00', '--job-id', '29', '--raw', '--subdir', 'DAGS_FOLDER/premier_league_dag.py', '--cfg-path', '/tmp/tmp88g8osuq']
[2025-04-06T15:51:05.832+0100] {standard_task_runner.py:105} INFO - Job 29: Subtask download_data_2022_23
[2025-04-06T15:51:05.862+0100] {task_command.py:467} INFO - Running <TaskInstance: premier_league_data_pipeline.download_data_2022_23 manual__2025-04-06T14:34:57.308181+00:00 [running]> on host dell-Latitude-5480
[2025-04-06T15:51:05.916+0100] {taskinstance.py:3134} INFO - Exporting env vars: AIRFLOW_CTX_DAG_OWNER='Victory' AIRFLOW_CTX_DAG_ID='premier_league_data_pipeline' AIRFLOW_CTX_TASK_ID='download_data_2022_23' AIRFLOW_CTX_EXECUTION_DATE='2025-04-06T14:34:57.308181+00:00' AIRFLOW_CTX_TRY_NUMBER='1' AIRFLOW_CTX_DAG_RUN_ID='manual__2025-04-06T14:34:57.308181+00:00'
[2025-04-06T15:51:05.917+0100] {logging_mixin.py:190} INFO - Task instance is in running state
[2025-04-06T15:51:05.917+0100] {logging_mixin.py:190} INFO -  Previous state of the Task instance: queued
[2025-04-06T15:51:05.917+0100] {logging_mixin.py:190} INFO - Current task name:download_data_2022_23 state:running start_date:2025-04-06 14:51:05.798975+00:00
[2025-04-06T15:51:05.918+0100] {logging_mixin.py:190} INFO - Dag name:premier_league_data_pipeline and current dag run status:running
[2025-04-06T15:51:05.918+0100] {taskinstance.py:732} INFO - ::endgroup::
[2025-04-06T15:51:11.485+0100] {logging_mixin.py:190} INFO - Accepted cookies
[2025-04-06T15:51:14.922+0100] {logging_mixin.py:190} INFO - Opened game week dropdown
[2025-04-06T15:51:15.969+0100] {logging_mixin.py:190} INFO - Selected game week 1
[2025-04-06T15:51:25.697+0100] {logging_mixin.py:190} INFO - Selected game week 2
[2025-04-06T15:51:44.602+0100] {logging_mixin.py:190} INFO - Selected game week 3
[2025-04-06T15:51:53.746+0100] {logging_mixin.py:190} INFO - Selected game week 4
[2025-04-06T15:52:14.586+0100] {logging_mixin.py:190} INFO - Selected game week 5
[2025-04-06T15:52:33.543+0100] {logging_mixin.py:190} INFO - Selected game week 6
[2025-04-06T15:53:13.363+0100] {logging_mixin.py:190} INFO - Error selecting game week 7: Message: 
Stacktrace:
#0 0x55ccac922ffa <unknown>
#1 0x55ccac3e1970 <unknown>
#2 0x55ccac433385 <unknown>
#3 0x55ccac4335b1 <unknown>
#4 0x55ccac4823c4 <unknown>
#5 0x55ccac4592bd <unknown>
#6 0x55ccac47f70c <unknown>
#7 0x55ccac459063 <unknown>
#8 0x55ccac425328 <unknown>
#9 0x55ccac426491 <unknown>
#10 0x55ccac8ea42b <unknown>
#11 0x55ccac8ee2ec <unknown>
#12 0x55ccac8d1a22 <unknown>
#13 0x55ccac8eee64 <unknown>
#14 0x55ccac8b5bef <unknown>
#15 0x55ccac911558 <unknown>
#16 0x55ccac911736 <unknown>
#17 0x55ccac921e76 <unknown>
#18 0x7fb3d2a31ac3 <unknown>
[2025-04-06T15:53:19.151+0100] {logging_mixin.py:190} INFO - Selected game week 8
[2025-04-06T15:53:39.404+0100] {logging_mixin.py:190} INFO - Selected game week 9
[2025-04-06T15:53:57.974+0100] {logging_mixin.py:190} INFO - Selected game week 10
[2025-04-06T15:54:18.298+0100] {logging_mixin.py:190} INFO - Selected game week 11
[2025-04-06T15:54:34.400+0100] {logging_mixin.py:190} INFO - Selected game week 12
[2025-04-06T15:54:51.511+0100] {logging_mixin.py:190} INFO - Selected game week 13
[2025-04-06T15:55:07.331+0100] {logging_mixin.py:190} INFO - Selected game week 14
[2025-04-06T15:55:22.882+0100] {logging_mixin.py:190} INFO - Selected game week 15
[2025-04-06T15:55:38.542+0100] {logging_mixin.py:190} INFO - Selected game week 16
[2025-04-06T15:55:54.647+0100] {logging_mixin.py:190} INFO - Selected game week 17
[2025-04-06T15:56:12.008+0100] {logging_mixin.py:190} INFO - Selected game week 18
[2025-04-06T15:56:21.467+0100] {logging_mixin.py:190} INFO - Selected game week 19
[2025-04-06T15:56:36.638+0100] {logging_mixin.py:190} INFO - Selected game week 20
[2025-04-06T15:56:54.299+0100] {logging_mixin.py:190} INFO - Selected game week 21
[2025-04-06T15:57:03.528+0100] {logging_mixin.py:190} INFO - Selected game week 22
[2025-04-06T15:57:20.680+0100] {logging_mixin.py:190} INFO - Selected game week 23
[2025-04-06T15:57:36.818+0100] {logging_mixin.py:190} INFO - Selected game week 24
[2025-04-06T15:57:53.621+0100] {logging_mixin.py:190} INFO - Selected game week 25
[2025-04-06T15:58:10.751+0100] {logging_mixin.py:190} INFO - Selected game week 26
[2025-04-06T15:58:26.354+0100] {logging_mixin.py:190} INFO - Selected game week 27
[2025-04-06T15:58:43.353+0100] {logging_mixin.py:190} INFO - Selected game week 28
[2025-04-06T15:58:52.260+0100] {logging_mixin.py:190} INFO - Selected game week 29
[2025-04-06T15:59:09.132+0100] {logging_mixin.py:190} INFO - Selected game week 30
[2025-04-06T15:59:27.161+0100] {logging_mixin.py:190} INFO - Selected game week 31
[2025-04-06T15:59:44.374+0100] {logging_mixin.py:190} INFO - Selected game week 32
[2025-04-06T16:00:01.752+0100] {logging_mixin.py:190} INFO - Selected game week 33
[2025-04-06T16:00:18.790+0100] {logging_mixin.py:190} INFO - Selected game week 34
[2025-04-06T16:00:35.148+0100] {logging_mixin.py:190} INFO - Selected game week 35
[2025-04-06T16:00:52.329+0100] {logging_mixin.py:190} INFO - Selected game week 36
[2025-04-06T16:01:09.893+0100] {logging_mixin.py:190} INFO - Selected game week 37
[2025-04-06T16:01:28.222+0100] {logging_mixin.py:190} INFO - Selected game week 38
[2025-04-06T16:01:43.455+0100] {logging_mixin.py:190} INFO - Game Week 1 data saved: ../data/2022_23_GW1_data.csv
[2025-04-06T16:01:43.458+0100] {logging_mixin.py:190} INFO - Game Week 2 data saved: ../data/2022_23_GW2_data.csv
[2025-04-06T16:01:43.460+0100] {logging_mixin.py:190} INFO - Game Week 3 data saved: ../data/2022_23_GW3_data.csv
[2025-04-06T16:01:43.462+0100] {logging_mixin.py:190} INFO - Game Week 4 data saved: ../data/2022_23_GW4_data.csv
[2025-04-06T16:01:43.464+0100] {logging_mixin.py:190} INFO - Game Week 5 data saved: ../data/2022_23_GW5_data.csv
[2025-04-06T16:01:43.466+0100] {logging_mixin.py:190} INFO - Game Week 6 data saved: ../data/2022_23_GW6_data.csv
[2025-04-06T16:01:43.469+0100] {logging_mixin.py:190} INFO - Game Week 7 data saved: ../data/2022_23_GW7_data.csv
[2025-04-06T16:01:43.471+0100] {logging_mixin.py:190} INFO - Game Week 8 data saved: ../data/2022_23_GW8_data.csv
[2025-04-06T16:01:43.473+0100] {logging_mixin.py:190} INFO - Game Week 9 data saved: ../data/2022_23_GW9_data.csv
[2025-04-06T16:01:43.475+0100] {logging_mixin.py:190} INFO - Game Week 10 data saved: ../data/2022_23_GW10_data.csv
[2025-04-06T16:01:43.477+0100] {logging_mixin.py:190} INFO - Game Week 11 data saved: ../data/2022_23_GW11_data.csv
[2025-04-06T16:01:43.479+0100] {logging_mixin.py:190} INFO - Game Week 12 data saved: ../data/2022_23_GW12_data.csv
[2025-04-06T16:01:43.481+0100] {logging_mixin.py:190} INFO - Game Week 13 data saved: ../data/2022_23_GW13_data.csv
[2025-04-06T16:01:43.483+0100] {logging_mixin.py:190} INFO - Game Week 14 data saved: ../data/2022_23_GW14_data.csv
[2025-04-06T16:01:43.485+0100] {logging_mixin.py:190} INFO - Game Week 15 data saved: ../data/2022_23_GW15_data.csv
[2025-04-06T16:01:43.487+0100] {logging_mixin.py:190} INFO - Game Week 16 data saved: ../data/2022_23_GW16_data.csv
[2025-04-06T16:01:43.489+0100] {logging_mixin.py:190} INFO - Game Week 17 data saved: ../data/2022_23_GW17_data.csv
[2025-04-06T16:01:43.491+0100] {logging_mixin.py:190} INFO - Game Week 18 data saved: ../data/2022_23_GW18_data.csv
[2025-04-06T16:01:43.493+0100] {logging_mixin.py:190} INFO - Game Week 19 data saved: ../data/2022_23_GW19_data.csv
[2025-04-06T16:01:43.495+0100] {logging_mixin.py:190} INFO - Game Week 20 data saved: ../data/2022_23_GW20_data.csv
[2025-04-06T16:01:43.497+0100] {logging_mixin.py:190} INFO - Game Week 21 data saved: ../data/2022_23_GW21_data.csv
[2025-04-06T16:01:43.498+0100] {logging_mixin.py:190} INFO - Game Week 22 data saved: ../data/2022_23_GW22_data.csv
[2025-04-06T16:01:43.500+0100] {logging_mixin.py:190} INFO - Game Week 23 data saved: ../data/2022_23_GW23_data.csv
[2025-04-06T16:01:43.502+0100] {logging_mixin.py:190} INFO - Game Week 24 data saved: ../data/2022_23_GW24_data.csv
[2025-04-06T16:01:43.504+0100] {logging_mixin.py:190} INFO - Game Week 25 data saved: ../data/2022_23_GW25_data.csv
[2025-04-06T16:01:43.506+0100] {logging_mixin.py:190} INFO - Game Week 26 data saved: ../data/2022_23_GW26_data.csv
[2025-04-06T16:01:43.508+0100] {logging_mixin.py:190} INFO - Game Week 27 data saved: ../data/2022_23_GW27_data.csv
[2025-04-06T16:01:43.510+0100] {logging_mixin.py:190} INFO - Game Week 28 data saved: ../data/2022_23_GW28_data.csv
[2025-04-06T16:01:43.512+0100] {logging_mixin.py:190} INFO - Game Week 29 data saved: ../data/2022_23_GW29_data.csv
[2025-04-06T16:01:43.514+0100] {logging_mixin.py:190} INFO - Game Week 30 data saved: ../data/2022_23_GW30_data.csv
[2025-04-06T16:01:43.516+0100] {logging_mixin.py:190} INFO - Game Week 31 data saved: ../data/2022_23_GW31_data.csv
[2025-04-06T16:01:43.518+0100] {logging_mixin.py:190} INFO - Game Week 32 data saved: ../data/2022_23_GW32_data.csv
[2025-04-06T16:01:43.520+0100] {logging_mixin.py:190} INFO - Game Week 33 data saved: ../data/2022_23_GW33_data.csv
[2025-04-06T16:01:43.522+0100] {logging_mixin.py:190} INFO - Game Week 34 data saved: ../data/2022_23_GW34_data.csv
[2025-04-06T16:01:43.524+0100] {logging_mixin.py:190} INFO - Game Week 35 data saved: ../data/2022_23_GW35_data.csv
[2025-04-06T16:01:43.526+0100] {logging_mixin.py:190} INFO - Game Week 36 data saved: ../data/2022_23_GW36_data.csv
[2025-04-06T16:01:43.528+0100] {logging_mixin.py:190} INFO - Game Week 37 data saved: ../data/2022_23_GW37_data.csv
[2025-04-06T16:01:43.530+0100] {logging_mixin.py:190} INFO - Game Week 38 data saved: ../data/2022_23_GW38_data.csv
[2025-04-06T16:01:43.531+0100] {python.py:240} INFO - Done. Returned value was: None
[2025-04-06T16:01:43.536+0100] {taskinstance.py:341} INFO - ::group::Post task execution logs
[2025-04-06T16:01:43.537+0100] {taskinstance.py:353} INFO - Marking task as SUCCESS. dag_id=premier_league_data_pipeline, task_id=download_data_2022_23, run_id=manual__2025-04-06T14:34:57.308181+00:00, execution_date=20250406T143457, start_date=20250406T145105, end_date=20250406T150143
[2025-04-06T16:01:43.560+0100] {logging_mixin.py:190} INFO - Task instance in success state
[2025-04-06T16:01:43.560+0100] {logging_mixin.py:190} INFO -  Previous state of the Task instance: running
[2025-04-06T16:01:43.560+0100] {logging_mixin.py:190} INFO - Dag name:premier_league_data_pipeline queued_at:2025-04-06 14:34:57.327913+00:00
[2025-04-06T16:01:43.561+0100] {logging_mixin.py:190} INFO - Task hostname:dell-Latitude-5480 operator:PythonOperator
[2025-04-06T16:01:43.575+0100] {local_task_job_runner.py:266} INFO - Task exited with return code 0
[2025-04-06T16:01:43.606+0100] {taskinstance.py:3901} INFO - 1 downstream tasks scheduled from follow-on schedule check
[2025-04-06T16:01:43.609+0100] {local_task_job_runner.py:245} INFO - ::endgroup::
